
   Program  MARK  - Survival Rate Estimation with Capture-Recapture Data
   gfortran(Win64) Vers. 8.2 Mar 2017   11-Apr-2017 09:28:02    Page  001
 - - - - - - - - - - - - - - - - - - - - - - - - - - - - - - - - - - - - - -
 
   This version was compiled by GCC version 5.3.0 using the options: 
     -cpp -iprefix c:\tdm-gcc-64\gcc\bin\../lib/gcc/x86_64-w64-mingw32/5.3.0/ -D_MT
     -U_REENTRANT -D IEEE -m64 -mtune=generic -march=x86-64 -mthreads -O3
     -fimplicit-none -fbounds-check -ffpe-summary=invalid,zero,overflow,underflow
     -fno-unsafe-math-optimizations -frounding-math -fsignaling-nans -fopenmp.

   This problem will use 3 of 4 possible threads.


  INPUT --- proc title ;

     CPU Time in seconds for last procedure was 0.00


  INPUT --- proc chmatrix occasions= 42 groups= 3 etype= Live ICMeans 
  INPUT --- NoHist hist= 238 ;

  INPUT ---    time  interval 1 1 1 1 1 1 1 1 1 1 1 1 1 1 1 1 1 1 1 1 1 1 
  INPUT ---    1 1 1 1 1 1 1 1 1 1 1 1 1 1 1 1 1 1 1 ;

  INPUT ---    glabel(1)=ageHY.sexF;

  INPUT ---    glabel(2)=ageHY.sexM;

  INPUT ---    glabel(3)=ageHY.sexU;

   * *  WARNING  * *   At least a pair of the encounter histories are duplicates. 

      Number of unique encounter histories read was 194.

      Number of individual covariates read was 0.
      Time interval lengths are all equal to 1.

      Data type number is 1
      Data type is Live Recaptures (CJS)                                                                               

     CPU Time in seconds for last procedure was 0.06

  Program  MARK  - Survival Rate Estimation with Capture-Recapture Data
   gfortran(Win64) Vers. 8.2 Mar 2017   11-Apr-2017 09:28:03    Page  002
 - - - - - - - - - - - - - - - - - - - - - - - - - - - - - - - - - - - - - -
 


  INPUT --- proc estimate link=Logit NOLOOP varest=2ndPart    ;


  INPUT --- model={ Phi(~age)p(~time) };

  INPUT ---    group=1 Phi    rows=41 cols=41 Triang ;
  INPUT ---        1 1 2 3 3 3 3 3 3 3 3 3 3 3 3 3 3 3 3 3 3 3 3 3 3 3 3 3 3 
  INPUT ---       3 3 3 3 3 3 3 3 3 3 3 3 ;
  INPUT ---        1 1 2 3 3 3 3 3 3 3 3 3 3 3 3 3 3 3 3 3 3 3 3 3 3 3 3 3 3 
  INPUT ---       3 3 3 3 3 3 3 3 3 3 3 ;
  INPUT ---        1 1 2 3 3 3 3 3 3 3 3 3 3 3 3 3 3 3 3 3 3 3 3 3 3 3 3 3 3 
  INPUT ---       3 3 3 3 3 3 3 3 3 3 ;
  INPUT ---        1 1 2 3 3 3 3 3 3 3 3 3 3 3 3 3 3 3 3 3 3 3 3 3 3 3 3 3 3 
  INPUT ---       3 3 3 3 3 3 3 3 3 ;
  INPUT ---        1 1 2 3 3 3 3 3 3 3 3 3 3 3 3 3 3 3 3 3 3 3 3 3 3 3 3 3 3 
  INPUT ---       3 3 3 3 3 3 3 3 ;
  INPUT ---        1 1 2 3 3 3 3 3 3 3 3 3 3 3 3 3 3 3 3 3 3 3 3 3 3 3 3 3 3 
  INPUT ---       3 3 3 3 3 3 3 ;
  INPUT ---        1 1 2 3 3 3 3 3 3 3 3 3 3 3 3 3 3 3 3 3 3 3 3 3 3 3 3 3 3 
  INPUT ---       3 3 3 3 3 3 ;
  INPUT ---        1 1 2 3 3 3 3 3 3 3 3 3 3 3 3 3 3 3 3 3 3 3 3 3 3 3 3 3 3 
  INPUT ---       3 3 3 3 3 ;
  INPUT ---        1 1 2 3 3 3 3 3 3 3 3 3 3 3 3 3 3 3 3 3 3 3 3 3 3 3 3 3 3 
  INPUT ---       3 3 3 3 ;
  INPUT ---        1 1 2 3 3 3 3 3 3 3 3 3 3 3 3 3 3 3 3 3 3 3 3 3 3 3 3 3 3 
  INPUT ---       3 3 3 ;
  INPUT ---        1 1 2 3 3 3 3 3 3 3 3 3 3 3 3 3 3 3 3 3 3 3 3 3 3 3 3 3 3 
  INPUT ---       3 3 ;
  INPUT ---        1 1 2 3 3 3 3 3 3 3 3 3 3 3 3 3 3 3 3 3 3 3 3 3 3 3 3 3 3 
  INPUT ---       3 ;
  INPUT ---        1 1 2 3 3 3 3 3 3 3 3 3 3 3 3 3 3 3 3 3 3 3 3 3 3 3 3 3 3 ;
  INPUT ---        1 1 2 3 3 3 3 3 3 3 3 3 3 3 3 3 3 3 3 3 3 3 3 3 3 3 3 3 ;
  INPUT ---        1 1 2 3 3 3 3 3 3 3 3 3 3 3 3 3 3 3 3 3 3 3 3 3 3 3 3 ;
  INPUT ---        1 1 2 3 3 3 3 3 3 3 3 3 3 3 3 3 3 3 3 3 3 3 3 3 3 3 ;
  INPUT ---        1 1 2 3 3 3 3 3 3 3 3 3 3 3 3 3 3 3 3 3 3 3 3 3 3 ;
  INPUT ---        1 1 2 3 3 3 3 3 3 3 3 3 3 3 3 3 3 3 3 3 3 3 3 3 ;
  INPUT ---        1 1 2 3 3 3 3 3 3 3 3 3 3 3 3 3 3 3 3 3 3 3 3 ;
  INPUT ---        1 1 2 3 3 3 3 3 3 3 3 3 3 3 3 3 3 3 3 3 3 3 ;
  INPUT ---        1 1 2 3 3 3 3 3 3 3 3 3 3 3 3 3 3 3 3 3 3 ;
  INPUT ---        1 1 2 3 3 3 3 3 3 3 3 3 3 3 3 3 3 3 3 3 ;
  INPUT ---        1 1 2 3 3 3 3 3 3 3 3 3 3 3 3 3 3 3 3 ;
  INPUT ---        1 1 2 3 3 3 3 3 3 3 3 3 3 3 3 3 3 3 ;
  INPUT ---        1 1 2 3 3 3 3 3 3 3 3 3 3 3 3 3 3 ;
  INPUT ---        1 1 2 3 3 3 3 3 3 3 3 3 3 3 3 3 ;

  Program  MARK  - Survival Rate Estimation with Capture-Recapture Data
   gfortran(Win64) Vers. 8.2 Mar 2017   11-Apr-2017 09:28:03    Page  003
 - - - - - - - - - - - - - - - - - - - - - - - - - - - - - - - - - - - - - -
 
  INPUT ---        1 1 2 3 3 3 3 3 3 3 3 3 3 3 3 ;
  INPUT ---        1 1 2 3 3 3 3 3 3 3 3 3 3 3 ;
  INPUT ---        1 1 2 3 3 3 3 3 3 3 3 3 3 ;
  INPUT ---        1 1 2 3 3 3 3 3 3 3 3 3 ;
  INPUT ---        1 1 2 3 3 3 3 3 3 3 3 ;
  INPUT ---        1 1 2 3 3 3 3 3 3 3 ;
  INPUT ---        1 1 2 3 3 3 3 3 3 ;
  INPUT ---        1 1 2 3 3 3 3 3 ;
  INPUT ---        1 1 2 3 3 3 3 ;
  INPUT ---        1 1 2 3 3 3 ;
  INPUT ---        1 1 2 3 3 ;
  INPUT ---        1 1 2 3 ;
  INPUT ---        1 1 2 ;
  INPUT ---        1 1 ;
  INPUT ---        1 ;

  INPUT ---    group=2 Phi    rows=41 cols=41 Triang ;
  INPUT ---        1 1 2 3 3 3 3 3 3 3 3 3 3 3 3 3 3 3 3 3 3 3 3 3 3 3 3 3 3 
  INPUT ---       3 3 3 3 3 3 3 3 3 3 3 3 ;
  INPUT ---        1 1 2 3 3 3 3 3 3 3 3 3 3 3 3 3 3 3 3 3 3 3 3 3 3 3 3 3 3 
  INPUT ---       3 3 3 3 3 3 3 3 3 3 3 ;
  INPUT ---        1 1 2 3 3 3 3 3 3 3 3 3 3 3 3 3 3 3 3 3 3 3 3 3 3 3 3 3 3 
  INPUT ---       3 3 3 3 3 3 3 3 3 3 ;
  INPUT ---        1 1 2 3 3 3 3 3 3 3 3 3 3 3 3 3 3 3 3 3 3 3 3 3 3 3 3 3 3 
  INPUT ---       3 3 3 3 3 3 3 3 3 ;
  INPUT ---        1 1 2 3 3 3 3 3 3 3 3 3 3 3 3 3 3 3 3 3 3 3 3 3 3 3 3 3 3 
  INPUT ---       3 3 3 3 3 3 3 3 ;
  INPUT ---        1 1 2 3 3 3 3 3 3 3 3 3 3 3 3 3 3 3 3 3 3 3 3 3 3 3 3 3 3 
  INPUT ---       3 3 3 3 3 3 3 ;
  INPUT ---        1 1 2 3 3 3 3 3 3 3 3 3 3 3 3 3 3 3 3 3 3 3 3 3 3 3 3 3 3 
  INPUT ---       3 3 3 3 3 3 ;
  INPUT ---        1 1 2 3 3 3 3 3 3 3 3 3 3 3 3 3 3 3 3 3 3 3 3 3 3 3 3 3 3 
  INPUT ---       3 3 3 3 3 ;
  INPUT ---        1 1 2 3 3 3 3 3 3 3 3 3 3 3 3 3 3 3 3 3 3 3 3 3 3 3 3 3 3 
  INPUT ---       3 3 3 3 ;
  INPUT ---        1 1 2 3 3 3 3 3 3 3 3 3 3 3 3 3 3 3 3 3 3 3 3 3 3 3 3 3 3 
  INPUT ---       3 3 3 ;
  INPUT ---        1 1 2 3 3 3 3 3 3 3 3 3 3 3 3 3 3 3 3 3 3 3 3 3 3 3 3 3 3 
  INPUT ---       3 3 ;
  INPUT ---        1 1 2 3 3 3 3 3 3 3 3 3 3 3 3 3 3 3 3 3 3 3 3 3 3 3 3 3 3 
  INPUT ---       3 ;
  INPUT ---        1 1 2 3 3 3 3 3 3 3 3 3 3 3 3 3 3 3 3 3 3 3 3 3 3 3 3 3 3 ;
  INPUT ---        1 1 2 3 3 3 3 3 3 3 3 3 3 3 3 3 3 3 3 3 3 3 3 3 3 3 3 3 ;
  INPUT ---        1 1 2 3 3 3 3 3 3 3 3 3 3 3 3 3 3 3 3 3 3 3 3 3 3 3 3 ;
  INPUT ---        1 1 2 3 3 3 3 3 3 3 3 3 3 3 3 3 3 3 3 3 3 3 3 3 3 3 ;
  INPUT ---        1 1 2 3 3 3 3 3 3 3 3 3 3 3 3 3 3 3 3 3 3 3 3 3 3 ;

  Program  MARK  - Survival Rate Estimation with Capture-Recapture Data
   gfortran(Win64) Vers. 8.2 Mar 2017   11-Apr-2017 09:28:03    Page  004
 - - - - - - - - - - - - - - - - - - - - - - - - - - - - - - - - - - - - - -
 
  INPUT ---        1 1 2 3 3 3 3 3 3 3 3 3 3 3 3 3 3 3 3 3 3 3 3 3 ;
  INPUT ---        1 1 2 3 3 3 3 3 3 3 3 3 3 3 3 3 3 3 3 3 3 3 3 ;
  INPUT ---        1 1 2 3 3 3 3 3 3 3 3 3 3 3 3 3 3 3 3 3 3 3 ;
  INPUT ---        1 1 2 3 3 3 3 3 3 3 3 3 3 3 3 3 3 3 3 3 3 ;
  INPUT ---        1 1 2 3 3 3 3 3 3 3 3 3 3 3 3 3 3 3 3 3 ;
  INPUT ---        1 1 2 3 3 3 3 3 3 3 3 3 3 3 3 3 3 3 3 ;
  INPUT ---        1 1 2 3 3 3 3 3 3 3 3 3 3 3 3 3 3 3 ;
  INPUT ---        1 1 2 3 3 3 3 3 3 3 3 3 3 3 3 3 3 ;
  INPUT ---        1 1 2 3 3 3 3 3 3 3 3 3 3 3 3 3 ;
  INPUT ---        1 1 2 3 3 3 3 3 3 3 3 3 3 3 3 ;
  INPUT ---        1 1 2 3 3 3 3 3 3 3 3 3 3 3 ;
  INPUT ---        1 1 2 3 3 3 3 3 3 3 3 3 3 ;
  INPUT ---        1 1 2 3 3 3 3 3 3 3 3 3 ;
  INPUT ---        1 1 2 3 3 3 3 3 3 3 3 ;
  INPUT ---        1 1 2 3 3 3 3 3 3 3 ;
  INPUT ---        1 1 2 3 3 3 3 3 3 ;
  INPUT ---        1 1 2 3 3 3 3 3 ;
  INPUT ---        1 1 2 3 3 3 3 ;
  INPUT ---        1 1 2 3 3 3 ;
  INPUT ---        1 1 2 3 3 ;
  INPUT ---        1 1 2 3 ;
  INPUT ---        1 1 2 ;
  INPUT ---        1 1 ;
  INPUT ---        1 ;

  INPUT ---    group=3 Phi    rows=41 cols=41 Triang ;
  INPUT ---        1 1 2 3 3 3 3 3 3 3 3 3 3 3 3 3 3 3 3 3 3 3 3 3 3 3 3 3 3 
  INPUT ---       3 3 3 3 3 3 3 3 3 3 3 3 ;
  INPUT ---        1 1 2 3 3 3 3 3 3 3 3 3 3 3 3 3 3 3 3 3 3 3 3 3 3 3 3 3 3 
  INPUT ---       3 3 3 3 3 3 3 3 3 3 3 ;
  INPUT ---        1 1 2 3 3 3 3 3 3 3 3 3 3 3 3 3 3 3 3 3 3 3 3 3 3 3 3 3 3 
  INPUT ---       3 3 3 3 3 3 3 3 3 3 ;
  INPUT ---        1 1 2 3 3 3 3 3 3 3 3 3 3 3 3 3 3 3 3 3 3 3 3 3 3 3 3 3 3 
  INPUT ---       3 3 3 3 3 3 3 3 3 ;
  INPUT ---        1 1 2 3 3 3 3 3 3 3 3 3 3 3 3 3 3 3 3 3 3 3 3 3 3 3 3 3 3 
  INPUT ---       3 3 3 3 3 3 3 3 ;
  INPUT ---        1 1 2 3 3 3 3 3 3 3 3 3 3 3 3 3 3 3 3 3 3 3 3 3 3 3 3 3 3 
  INPUT ---       3 3 3 3 3 3 3 ;
  INPUT ---        1 1 2 3 3 3 3 3 3 3 3 3 3 3 3 3 3 3 3 3 3 3 3 3 3 3 3 3 3 
  INPUT ---       3 3 3 3 3 3 ;
  INPUT ---        1 1 2 3 3 3 3 3 3 3 3 3 3 3 3 3 3 3 3 3 3 3 3 3 3 3 3 3 3 
  INPUT ---       3 3 3 3 3 ;
  INPUT ---        1 1 2 3 3 3 3 3 3 3 3 3 3 3 3 3 3 3 3 3 3 3 3 3 3 3 3 3 3 
  INPUT ---       3 3 3 3 ;
  INPUT ---        1 1 2 3 3 3 3 3 3 3 3 3 3 3 3 3 3 3 3 3 3 3 3 3 3 3 3 3 3 
  INPUT ---       3 3 3 ;

  Program  MARK  - Survival Rate Estimation with Capture-Recapture Data
   gfortran(Win64) Vers. 8.2 Mar 2017   11-Apr-2017 09:28:03    Page  005
 - - - - - - - - - - - - - - - - - - - - - - - - - - - - - - - - - - - - - -
 
  INPUT ---        1 1 2 3 3 3 3 3 3 3 3 3 3 3 3 3 3 3 3 3 3 3 3 3 3 3 3 3 3 
  INPUT ---       3 3 ;
  INPUT ---        1 1 2 3 3 3 3 3 3 3 3 3 3 3 3 3 3 3 3 3 3 3 3 3 3 3 3 3 3 
  INPUT ---       3 ;
  INPUT ---        1 1 2 3 3 3 3 3 3 3 3 3 3 3 3 3 3 3 3 3 3 3 3 3 3 3 3 3 3 ;
  INPUT ---        1 1 2 3 3 3 3 3 3 3 3 3 3 3 3 3 3 3 3 3 3 3 3 3 3 3 3 3 ;
  INPUT ---        1 1 2 3 3 3 3 3 3 3 3 3 3 3 3 3 3 3 3 3 3 3 3 3 3 3 3 ;
  INPUT ---        1 1 2 3 3 3 3 3 3 3 3 3 3 3 3 3 3 3 3 3 3 3 3 3 3 3 ;
  INPUT ---        1 1 2 3 3 3 3 3 3 3 3 3 3 3 3 3 3 3 3 3 3 3 3 3 3 ;
  INPUT ---        1 1 2 3 3 3 3 3 3 3 3 3 3 3 3 3 3 3 3 3 3 3 3 3 ;
  INPUT ---        1 1 2 3 3 3 3 3 3 3 3 3 3 3 3 3 3 3 3 3 3 3 3 ;
  INPUT ---        1 1 2 3 3 3 3 3 3 3 3 3 3 3 3 3 3 3 3 3 3 3 ;
  INPUT ---        1 1 2 3 3 3 3 3 3 3 3 3 3 3 3 3 3 3 3 3 3 ;
  INPUT ---        1 1 2 3 3 3 3 3 3 3 3 3 3 3 3 3 3 3 3 3 ;
  INPUT ---        1 1 2 3 3 3 3 3 3 3 3 3 3 3 3 3 3 3 3 ;
  INPUT ---        1 1 2 3 3 3 3 3 3 3 3 3 3 3 3 3 3 3 ;
  INPUT ---        1 1 2 3 3 3 3 3 3 3 3 3 3 3 3 3 3 ;
  INPUT ---        1 1 2 3 3 3 3 3 3 3 3 3 3 3 3 3 ;
  INPUT ---        1 1 2 3 3 3 3 3 3 3 3 3 3 3 3 ;
  INPUT ---        1 1 2 3 3 3 3 3 3 3 3 3 3 3 ;
  INPUT ---        1 1 2 3 3 3 3 3 3 3 3 3 3 ;
  INPUT ---        1 1 2 3 3 3 3 3 3 3 3 3 ;
  INPUT ---        1 1 2 3 3 3 3 3 3 3 3 ;
  INPUT ---        1 1 2 3 3 3 3 3 3 3 ;
  INPUT ---        1 1 2 3 3 3 3 3 3 ;
  INPUT ---        1 1 2 3 3 3 3 3 ;
  INPUT ---        1 1 2 3 3 3 3 ;
  INPUT ---        1 1 2 3 3 3 ;
  INPUT ---        1 1 2 3 3 ;
  INPUT ---        1 1 2 3 ;
  INPUT ---        1 1 2 ;
  INPUT ---        1 1 ;
  INPUT ---        1 ;

  INPUT ---    group=1 p    rows=41 cols=41 Triang ;
  INPUT ---        4 5 6 7 8 9 10 11 12 13 14 15 16 17 18 19 20 21 22 23 24 
  INPUT ---       25 26 27 28 29 30 31 32 33 34 35 36 37 38 39 40 41 42 43 44 
  INPUT ---       ;
  INPUT ---        5 6 7 8 9 10 11 12 13 14 15 16 17 18 19 20 21 22 23 24 25 
  INPUT ---       26 27 28 29 30 31 32 33 34 35 36 37 38 39 40 41 42 43 44 ;
  INPUT ---        6 7 8 9 10 11 12 13 14 15 16 17 18 19 20 21 22 23 24 25 26 
  INPUT ---       27 28 29 30 31 32 33 34 35 36 37 38 39 40 41 42 43 44 ;
  INPUT ---        7 8 9 10 11 12 13 14 15 16 17 18 19 20 21 22 23 24 25 26 
  INPUT ---       27 28 29 30 31 32 33 34 35 36 37 38 39 40 41 42 43 44 ;
  INPUT ---        8 9 10 11 12 13 14 15 16 17 18 19 20 21 22 23 24 25 26 27 
  INPUT ---       28 29 30 31 32 33 34 35 36 37 38 39 40 41 42 43 44 ;

  Program  MARK  - Survival Rate Estimation with Capture-Recapture Data
   gfortran(Win64) Vers. 8.2 Mar 2017   11-Apr-2017 09:28:03    Page  006
 - - - - - - - - - - - - - - - - - - - - - - - - - - - - - - - - - - - - - -
 
  INPUT ---        9 10 11 12 13 14 15 16 17 18 19 20 21 22 23 24 25 26 27 28 
  INPUT ---       29 30 31 32 33 34 35 36 37 38 39 40 41 42 43 44 ;
  INPUT ---        10 11 12 13 14 15 16 17 18 19 20 21 22 23 24 25 26 27 28 
  INPUT ---       29 30 31 32 33 34 35 36 37 38 39 40 41 42 43 44 ;
  INPUT ---        11 12 13 14 15 16 17 18 19 20 21 22 23 24 25 26 27 28 29 
  INPUT ---       30 31 32 33 34 35 36 37 38 39 40 41 42 43 44 ;
  INPUT ---        12 13 14 15 16 17 18 19 20 21 22 23 24 25 26 27 28 29 30 
  INPUT ---       31 32 33 34 35 36 37 38 39 40 41 42 43 44 ;
  INPUT ---        13 14 15 16 17 18 19 20 21 22 23 24 25 26 27 28 29 30 31 
  INPUT ---       32 33 34 35 36 37 38 39 40 41 42 43 44 ;
  INPUT ---        14 15 16 17 18 19 20 21 22 23 24 25 26 27 28 29 30 31 32 
  INPUT ---       33 34 35 36 37 38 39 40 41 42 43 44 ;
  INPUT ---        15 16 17 18 19 20 21 22 23 24 25 26 27 28 29 30 31 32 33 
  INPUT ---       34 35 36 37 38 39 40 41 42 43 44 ;
  INPUT ---        16 17 18 19 20 21 22 23 24 25 26 27 28 29 30 31 32 33 34 
  INPUT ---       35 36 37 38 39 40 41 42 43 44 ;
  INPUT ---        17 18 19 20 21 22 23 24 25 26 27 28 29 30 31 32 33 34 35 
  INPUT ---       36 37 38 39 40 41 42 43 44 ;
  INPUT ---        18 19 20 21 22 23 24 25 26 27 28 29 30 31 32 33 34 35 36 
  INPUT ---       37 38 39 40 41 42 43 44 ;
  INPUT ---        19 20 21 22 23 24 25 26 27 28 29 30 31 32 33 34 35 36 37 
  INPUT ---       38 39 40 41 42 43 44 ;
  INPUT ---        20 21 22 23 24 25 26 27 28 29 30 31 32 33 34 35 36 37 38 
  INPUT ---       39 40 41 42 43 44 ;
  INPUT ---        21 22 23 24 25 26 27 28 29 30 31 32 33 34 35 36 37 38 39 
  INPUT ---       40 41 42 43 44 ;
  INPUT ---        22 23 24 25 26 27 28 29 30 31 32 33 34 35 36 37 38 39 40 
  INPUT ---       41 42 43 44 ;
  INPUT ---        23 24 25 26 27 28 29 30 31 32 33 34 35 36 37 38 39 40 41 
  INPUT ---       42 43 44 ;
  INPUT ---        24 25 26 27 28 29 30 31 32 33 34 35 36 37 38 39 40 41 42 
  INPUT ---       43 44 ;
  INPUT ---        25 26 27 28 29 30 31 32 33 34 35 36 37 38 39 40 41 42 43 
  INPUT ---       44 ;
  INPUT ---        26 27 28 29 30 31 32 33 34 35 36 37 38 39 40 41 42 43 44 ;
  INPUT ---        27 28 29 30 31 32 33 34 35 36 37 38 39 40 41 42 43 44 ;
  INPUT ---        28 29 30 31 32 33 34 35 36 37 38 39 40 41 42 43 44 ;
  INPUT ---        29 30 31 32 33 34 35 36 37 38 39 40 41 42 43 44 ;
  INPUT ---        30 31 32 33 34 35 36 37 38 39 40 41 42 43 44 ;
  INPUT ---        31 32 33 34 35 36 37 38 39 40 41 42 43 44 ;
  INPUT ---        32 33 34 35 36 37 38 39 40 41 42 43 44 ;
  INPUT ---        33 34 35 36 37 38 39 40 41 42 43 44 ;
  INPUT ---        34 35 36 37 38 39 40 41 42 43 44 ;
  INPUT ---        35 36 37 38 39 40 41 42 43 44 ;
  INPUT ---        36 37 38 39 40 41 42 43 44 ;
  INPUT ---        37 38 39 40 41 42 43 44 ;

  Program  MARK  - Survival Rate Estimation with Capture-Recapture Data
   gfortran(Win64) Vers. 8.2 Mar 2017   11-Apr-2017 09:28:03    Page  007
 - - - - - - - - - - - - - - - - - - - - - - - - - - - - - - - - - - - - - -
 
  INPUT ---        38 39 40 41 42 43 44 ;
  INPUT ---        39 40 41 42 43 44 ;
  INPUT ---        40 41 42 43 44 ;
  INPUT ---        41 42 43 44 ;
  INPUT ---        42 43 44 ;
  INPUT ---        43 44 ;
  INPUT ---        44 ;

  INPUT ---    group=2 p    rows=41 cols=41 Triang ;
  INPUT ---        4 5 6 7 8 9 10 11 12 13 14 15 16 17 18 19 20 21 22 23 24 
  INPUT ---       25 26 27 28 29 30 31 32 33 34 35 36 37 38 39 40 41 42 43 44 
  INPUT ---       ;
  INPUT ---        5 6 7 8 9 10 11 12 13 14 15 16 17 18 19 20 21 22 23 24 25 
  INPUT ---       26 27 28 29 30 31 32 33 34 35 36 37 38 39 40 41 42 43 44 ;
  INPUT ---        6 7 8 9 10 11 12 13 14 15 16 17 18 19 20 21 22 23 24 25 26 
  INPUT ---       27 28 29 30 31 32 33 34 35 36 37 38 39 40 41 42 43 44 ;
  INPUT ---        7 8 9 10 11 12 13 14 15 16 17 18 19 20 21 22 23 24 25 26 
  INPUT ---       27 28 29 30 31 32 33 34 35 36 37 38 39 40 41 42 43 44 ;
  INPUT ---        8 9 10 11 12 13 14 15 16 17 18 19 20 21 22 23 24 25 26 27 
  INPUT ---       28 29 30 31 32 33 34 35 36 37 38 39 40 41 42 43 44 ;
  INPUT ---        9 10 11 12 13 14 15 16 17 18 19 20 21 22 23 24 25 26 27 28 
  INPUT ---       29 30 31 32 33 34 35 36 37 38 39 40 41 42 43 44 ;
  INPUT ---        10 11 12 13 14 15 16 17 18 19 20 21 22 23 24 25 26 27 28 
  INPUT ---       29 30 31 32 33 34 35 36 37 38 39 40 41 42 43 44 ;
  INPUT ---        11 12 13 14 15 16 17 18 19 20 21 22 23 24 25 26 27 28 29 
  INPUT ---       30 31 32 33 34 35 36 37 38 39 40 41 42 43 44 ;
  INPUT ---        12 13 14 15 16 17 18 19 20 21 22 23 24 25 26 27 28 29 30 
  INPUT ---       31 32 33 34 35 36 37 38 39 40 41 42 43 44 ;
  INPUT ---        13 14 15 16 17 18 19 20 21 22 23 24 25 26 27 28 29 30 31 
  INPUT ---       32 33 34 35 36 37 38 39 40 41 42 43 44 ;
  INPUT ---        14 15 16 17 18 19 20 21 22 23 24 25 26 27 28 29 30 31 32 
  INPUT ---       33 34 35 36 37 38 39 40 41 42 43 44 ;
  INPUT ---        15 16 17 18 19 20 21 22 23 24 25 26 27 28 29 30 31 32 33 
  INPUT ---       34 35 36 37 38 39 40 41 42 43 44 ;
  INPUT ---        16 17 18 19 20 21 22 23 24 25 26 27 28 29 30 31 32 33 34 
  INPUT ---       35 36 37 38 39 40 41 42 43 44 ;
  INPUT ---        17 18 19 20 21 22 23 24 25 26 27 28 29 30 31 32 33 34 35 
  INPUT ---       36 37 38 39 40 41 42 43 44 ;
  INPUT ---        18 19 20 21 22 23 24 25 26 27 28 29 30 31 32 33 34 35 36 
  INPUT ---       37 38 39 40 41 42 43 44 ;
  INPUT ---        19 20 21 22 23 24 25 26 27 28 29 30 31 32 33 34 35 36 37 
  INPUT ---       38 39 40 41 42 43 44 ;
  INPUT ---        20 21 22 23 24 25 26 27 28 29 30 31 32 33 34 35 36 37 38 
  INPUT ---       39 40 41 42 43 44 ;
  INPUT ---        21 22 23 24 25 26 27 28 29 30 31 32 33 34 35 36 37 38 39 
  INPUT ---       40 41 42 43 44 ;

  Program  MARK  - Survival Rate Estimation with Capture-Recapture Data
   gfortran(Win64) Vers. 8.2 Mar 2017   11-Apr-2017 09:28:03    Page  008
 - - - - - - - - - - - - - - - - - - - - - - - - - - - - - - - - - - - - - -
 
  INPUT ---        22 23 24 25 26 27 28 29 30 31 32 33 34 35 36 37 38 39 40 
  INPUT ---       41 42 43 44 ;
  INPUT ---        23 24 25 26 27 28 29 30 31 32 33 34 35 36 37 38 39 40 41 
  INPUT ---       42 43 44 ;
  INPUT ---        24 25 26 27 28 29 30 31 32 33 34 35 36 37 38 39 40 41 42 
  INPUT ---       43 44 ;
  INPUT ---        25 26 27 28 29 30 31 32 33 34 35 36 37 38 39 40 41 42 43 
  INPUT ---       44 ;
  INPUT ---        26 27 28 29 30 31 32 33 34 35 36 37 38 39 40 41 42 43 44 ;
  INPUT ---        27 28 29 30 31 32 33 34 35 36 37 38 39 40 41 42 43 44 ;
  INPUT ---        28 29 30 31 32 33 34 35 36 37 38 39 40 41 42 43 44 ;
  INPUT ---        29 30 31 32 33 34 35 36 37 38 39 40 41 42 43 44 ;
  INPUT ---        30 31 32 33 34 35 36 37 38 39 40 41 42 43 44 ;
  INPUT ---        31 32 33 34 35 36 37 38 39 40 41 42 43 44 ;
  INPUT ---        32 33 34 35 36 37 38 39 40 41 42 43 44 ;
  INPUT ---        33 34 35 36 37 38 39 40 41 42 43 44 ;
  INPUT ---        34 35 36 37 38 39 40 41 42 43 44 ;
  INPUT ---        35 36 37 38 39 40 41 42 43 44 ;
  INPUT ---        36 37 38 39 40 41 42 43 44 ;
  INPUT ---        37 38 39 40 41 42 43 44 ;
  INPUT ---        38 39 40 41 42 43 44 ;
  INPUT ---        39 40 41 42 43 44 ;
  INPUT ---        40 41 42 43 44 ;
  INPUT ---        41 42 43 44 ;
  INPUT ---        42 43 44 ;
  INPUT ---        43 44 ;
  INPUT ---        44 ;

  INPUT ---    group=3 p    rows=41 cols=41 Triang ;
  INPUT ---        4 5 6 7 8 9 10 11 12 13 14 15 16 17 18 19 20 21 22 23 24 
  INPUT ---       25 26 27 28 29 30 31 32 33 34 35 36 37 38 39 40 41 42 43 44 
  INPUT ---       ;
  INPUT ---        5 6 7 8 9 10 11 12 13 14 15 16 17 18 19 20 21 22 23 24 25 
  INPUT ---       26 27 28 29 30 31 32 33 34 35 36 37 38 39 40 41 42 43 44 ;
  INPUT ---        6 7 8 9 10 11 12 13 14 15 16 17 18 19 20 21 22 23 24 25 26 
  INPUT ---       27 28 29 30 31 32 33 34 35 36 37 38 39 40 41 42 43 44 ;
  INPUT ---        7 8 9 10 11 12 13 14 15 16 17 18 19 20 21 22 23 24 25 26 
  INPUT ---       27 28 29 30 31 32 33 34 35 36 37 38 39 40 41 42 43 44 ;
  INPUT ---        8 9 10 11 12 13 14 15 16 17 18 19 20 21 22 23 24 25 26 27 
  INPUT ---       28 29 30 31 32 33 34 35 36 37 38 39 40 41 42 43 44 ;
  INPUT ---        9 10 11 12 13 14 15 16 17 18 19 20 21 22 23 24 25 26 27 28 
  INPUT ---       29 30 31 32 33 34 35 36 37 38 39 40 41 42 43 44 ;
  INPUT ---        10 11 12 13 14 15 16 17 18 19 20 21 22 23 24 25 26 27 28 
  INPUT ---       29 30 31 32 33 34 35 36 37 38 39 40 41 42 43 44 ;
  INPUT ---        11 12 13 14 15 16 17 18 19 20 21 22 23 24 25 26 27 28 29 
  INPUT ---       30 31 32 33 34 35 36 37 38 39 40 41 42 43 44 ;

  Program  MARK  - Survival Rate Estimation with Capture-Recapture Data
   gfortran(Win64) Vers. 8.2 Mar 2017   11-Apr-2017 09:28:03    Page  009
 - - - - - - - - - - - - - - - - - - - - - - - - - - - - - - - - - - - - - -
 
  INPUT ---        12 13 14 15 16 17 18 19 20 21 22 23 24 25 26 27 28 29 30 
  INPUT ---       31 32 33 34 35 36 37 38 39 40 41 42 43 44 ;
  INPUT ---        13 14 15 16 17 18 19 20 21 22 23 24 25 26 27 28 29 30 31 
  INPUT ---       32 33 34 35 36 37 38 39 40 41 42 43 44 ;
  INPUT ---        14 15 16 17 18 19 20 21 22 23 24 25 26 27 28 29 30 31 32 
  INPUT ---       33 34 35 36 37 38 39 40 41 42 43 44 ;
  INPUT ---        15 16 17 18 19 20 21 22 23 24 25 26 27 28 29 30 31 32 33 
  INPUT ---       34 35 36 37 38 39 40 41 42 43 44 ;
  INPUT ---        16 17 18 19 20 21 22 23 24 25 26 27 28 29 30 31 32 33 34 
  INPUT ---       35 36 37 38 39 40 41 42 43 44 ;
  INPUT ---        17 18 19 20 21 22 23 24 25 26 27 28 29 30 31 32 33 34 35 
  INPUT ---       36 37 38 39 40 41 42 43 44 ;
  INPUT ---        18 19 20 21 22 23 24 25 26 27 28 29 30 31 32 33 34 35 36 
  INPUT ---       37 38 39 40 41 42 43 44 ;
  INPUT ---        19 20 21 22 23 24 25 26 27 28 29 30 31 32 33 34 35 36 37 
  INPUT ---       38 39 40 41 42 43 44 ;
  INPUT ---        20 21 22 23 24 25 26 27 28 29 30 31 32 33 34 35 36 37 38 
  INPUT ---       39 40 41 42 43 44 ;
  INPUT ---        21 22 23 24 25 26 27 28 29 30 31 32 33 34 35 36 37 38 39 
  INPUT ---       40 41 42 43 44 ;
  INPUT ---        22 23 24 25 26 27 28 29 30 31 32 33 34 35 36 37 38 39 40 
  INPUT ---       41 42 43 44 ;
  INPUT ---        23 24 25 26 27 28 29 30 31 32 33 34 35 36 37 38 39 40 41 
  INPUT ---       42 43 44 ;
  INPUT ---        24 25 26 27 28 29 30 31 32 33 34 35 36 37 38 39 40 41 42 
  INPUT ---       43 44 ;
  INPUT ---        25 26 27 28 29 30 31 32 33 34 35 36 37 38 39 40 41 42 43 
  INPUT ---       44 ;
  INPUT ---        26 27 28 29 30 31 32 33 34 35 36 37 38 39 40 41 42 43 44 ;
  INPUT ---        27 28 29 30 31 32 33 34 35 36 37 38 39 40 41 42 43 44 ;
  INPUT ---        28 29 30 31 32 33 34 35 36 37 38 39 40 41 42 43 44 ;
  INPUT ---        29 30 31 32 33 34 35 36 37 38 39 40 41 42 43 44 ;
  INPUT ---        30 31 32 33 34 35 36 37 38 39 40 41 42 43 44 ;
  INPUT ---        31 32 33 34 35 36 37 38 39 40 41 42 43 44 ;
  INPUT ---        32 33 34 35 36 37 38 39 40 41 42 43 44 ;
  INPUT ---        33 34 35 36 37 38 39 40 41 42 43 44 ;
  INPUT ---        34 35 36 37 38 39 40 41 42 43 44 ;
  INPUT ---        35 36 37 38 39 40 41 42 43 44 ;
  INPUT ---        36 37 38 39 40 41 42 43 44 ;
  INPUT ---        37 38 39 40 41 42 43 44 ;
  INPUT ---        38 39 40 41 42 43 44 ;
  INPUT ---        39 40 41 42 43 44 ;
  INPUT ---        40 41 42 43 44 ;
  INPUT ---        41 42 43 44 ;
  INPUT ---        42 43 44 ;
  INPUT ---        43 44 ;

  Program  MARK  - Survival Rate Estimation with Capture-Recapture Data
   gfortran(Win64) Vers. 8.2 Mar 2017   11-Apr-2017 09:28:03    Page  010
 - - - - - - - - - - - - - - - - - - - - - - - - - - - - - - - - - - - - - -
 
  INPUT ---        44 ;

  INPUT ---    design matrix constraints=44 covariates=44;
  INPUT ---        1 0 0 0 0 0 0 0 0 0 0 0 0 0 0 0 0 0 0 0 0 0 0 0 0 0 0 0 0 
  INPUT ---       0 0 0 0 0 0 0 0 0 0 0 0 0 0 0;
  INPUT ---        1 1 0 0 0 0 0 0 0 0 0 0 0 0 0 0 0 0 0 0 0 0 0 0 0 0 0 0 0 
  INPUT ---       0 0 0 0 0 0 0 0 0 0 0 0 0 0 0;
  INPUT ---        1 0 1 0 0 0 0 0 0 0 0 0 0 0 0 0 0 0 0 0 0 0 0 0 0 0 0 0 0 
  INPUT ---       0 0 0 0 0 0 0 0 0 0 0 0 0 0 0;
  INPUT ---        0 0 0 1 0 0 0 0 0 0 0 0 0 0 0 0 0 0 0 0 0 0 0 0 0 0 0 0 0 
  INPUT ---       0 0 0 0 0 0 0 0 0 0 0 0 0 0 0;
  INPUT ---        0 0 0 1 1 0 0 0 0 0 0 0 0 0 0 0 0 0 0 0 0 0 0 0 0 0 0 0 0 
  INPUT ---       0 0 0 0 0 0 0 0 0 0 0 0 0 0 0;
  INPUT ---        0 0 0 1 0 1 0 0 0 0 0 0 0 0 0 0 0 0 0 0 0 0 0 0 0 0 0 0 0 
  INPUT ---       0 0 0 0 0 0 0 0 0 0 0 0 0 0 0;
  INPUT ---        0 0 0 1 0 0 1 0 0 0 0 0 0 0 0 0 0 0 0 0 0 0 0 0 0 0 0 0 0 
  INPUT ---       0 0 0 0 0 0 0 0 0 0 0 0 0 0 0;
  INPUT ---        0 0 0 1 0 0 0 1 0 0 0 0 0 0 0 0 0 0 0 0 0 0 0 0 0 0 0 0 0 
  INPUT ---       0 0 0 0 0 0 0 0 0 0 0 0 0 0 0;
  INPUT ---        0 0 0 1 0 0 0 0 1 0 0 0 0 0 0 0 0 0 0 0 0 0 0 0 0 0 0 0 0 
  INPUT ---       0 0 0 0 0 0 0 0 0 0 0 0 0 0 0;
  INPUT ---        0 0 0 1 0 0 0 0 0 1 0 0 0 0 0 0 0 0 0 0 0 0 0 0 0 0 0 0 0 
  INPUT ---       0 0 0 0 0 0 0 0 0 0 0 0 0 0 0;
  INPUT ---        0 0 0 1 0 0 0 0 0 0 1 0 0 0 0 0 0 0 0 0 0 0 0 0 0 0 0 0 0 
  INPUT ---       0 0 0 0 0 0 0 0 0 0 0 0 0 0 0;
  INPUT ---        0 0 0 1 0 0 0 0 0 0 0 1 0 0 0 0 0 0 0 0 0 0 0 0 0 0 0 0 0 
  INPUT ---       0 0 0 0 0 0 0 0 0 0 0 0 0 0 0;
  INPUT ---        0 0 0 1 0 0 0 0 0 0 0 0 1 0 0 0 0 0 0 0 0 0 0 0 0 0 0 0 0 
  INPUT ---       0 0 0 0 0 0 0 0 0 0 0 0 0 0 0;
  INPUT ---        0 0 0 1 0 0 0 0 0 0 0 0 0 1 0 0 0 0 0 0 0 0 0 0 0 0 0 0 0 
  INPUT ---       0 0 0 0 0 0 0 0 0 0 0 0 0 0 0;
  INPUT ---        0 0 0 1 0 0 0 0 0 0 0 0 0 0 1 0 0 0 0 0 0 0 0 0 0 0 0 0 0 
  INPUT ---       0 0 0 0 0 0 0 0 0 0 0 0 0 0 0;
  INPUT ---        0 0 0 1 0 0 0 0 0 0 0 0 0 0 0 1 0 0 0 0 0 0 0 0 0 0 0 0 0 
  INPUT ---       0 0 0 0 0 0 0 0 0 0 0 0 0 0 0;
  INPUT ---        0 0 0 1 0 0 0 0 0 0 0 0 0 0 0 0 1 0 0 0 0 0 0 0 0 0 0 0 0 
  INPUT ---       0 0 0 0 0 0 0 0 0 0 0 0 0 0 0;
  INPUT ---        0 0 0 1 0 0 0 0 0 0 0 0 0 0 0 0 0 1 0 0 0 0 0 0 0 0 0 0 0 
  INPUT ---       0 0 0 0 0 0 0 0 0 0 0 0 0 0 0;
  INPUT ---        0 0 0 1 0 0 0 0 0 0 0 0 0 0 0 0 0 0 1 0 0 0 0 0 0 0 0 0 0 
  INPUT ---       0 0 0 0 0 0 0 0 0 0 0 0 0 0 0;
  INPUT ---        0 0 0 1 0 0 0 0 0 0 0 0 0 0 0 0 0 0 0 1 0 0 0 0 0 0 0 0 0 
  INPUT ---       0 0 0 0 0 0 0 0 0 0 0 0 0 0 0;
  INPUT ---        0 0 0 1 0 0 0 0 0 0 0 0 0 0 0 0 0 0 0 0 1 0 0 0 0 0 0 0 0 
  INPUT ---       0 0 0 0 0 0 0 0 0 0 0 0 0 0 0;
  INPUT ---        0 0 0 1 0 0 0 0 0 0 0 0 0 0 0 0 0 0 0 0 0 1 0 0 0 0 0 0 0 

  Program  MARK  - Survival Rate Estimation with Capture-Recapture Data
   gfortran(Win64) Vers. 8.2 Mar 2017   11-Apr-2017 09:28:03    Page  011
 - - - - - - - - - - - - - - - - - - - - - - - - - - - - - - - - - - - - - -
 
  INPUT ---       0 0 0 0 0 0 0 0 0 0 0 0 0 0 0;
  INPUT ---        0 0 0 1 0 0 0 0 0 0 0 0 0 0 0 0 0 0 0 0 0 0 1 0 0 0 0 0 0 
  INPUT ---       0 0 0 0 0 0 0 0 0 0 0 0 0 0 0;
  INPUT ---        0 0 0 1 0 0 0 0 0 0 0 0 0 0 0 0 0 0 0 0 0 0 0 1 0 0 0 0 0 
  INPUT ---       0 0 0 0 0 0 0 0 0 0 0 0 0 0 0;
  INPUT ---        0 0 0 1 0 0 0 0 0 0 0 0 0 0 0 0 0 0 0 0 0 0 0 0 1 0 0 0 0 
  INPUT ---       0 0 0 0 0 0 0 0 0 0 0 0 0 0 0;
  INPUT ---        0 0 0 1 0 0 0 0 0 0 0 0 0 0 0 0 0 0 0 0 0 0 0 0 0 1 0 0 0 
  INPUT ---       0 0 0 0 0 0 0 0 0 0 0 0 0 0 0;
  INPUT ---        0 0 0 1 0 0 0 0 0 0 0 0 0 0 0 0 0 0 0 0 0 0 0 0 0 0 1 0 0 
  INPUT ---       0 0 0 0 0 0 0 0 0 0 0 0 0 0 0;
  INPUT ---        0 0 0 1 0 0 0 0 0 0 0 0 0 0 0 0 0 0 0 0 0 0 0 0 0 0 0 1 0 
  INPUT ---       0 0 0 0 0 0 0 0 0 0 0 0 0 0 0;
  INPUT ---        0 0 0 1 0 0 0 0 0 0 0 0 0 0 0 0 0 0 0 0 0 0 0 0 0 0 0 0 1 
  INPUT ---       0 0 0 0 0 0 0 0 0 0 0 0 0 0 0;
  INPUT ---        0 0 0 1 0 0 0 0 0 0 0 0 0 0 0 0 0 0 0 0 0 0 0 0 0 0 0 0 0 
  INPUT ---       1 0 0 0 0 0 0 0 0 0 0 0 0 0 0;
  INPUT ---        0 0 0 1 0 0 0 0 0 0 0 0 0 0 0 0 0 0 0 0 0 0 0 0 0 0 0 0 0 
  INPUT ---       0 1 0 0 0 0 0 0 0 0 0 0 0 0 0;
  INPUT ---        0 0 0 1 0 0 0 0 0 0 0 0 0 0 0 0 0 0 0 0 0 0 0 0 0 0 0 0 0 
  INPUT ---       0 0 1 0 0 0 0 0 0 0 0 0 0 0 0;
  INPUT ---        0 0 0 1 0 0 0 0 0 0 0 0 0 0 0 0 0 0 0 0 0 0 0 0 0 0 0 0 0 
  INPUT ---       0 0 0 1 0 0 0 0 0 0 0 0 0 0 0;
  INPUT ---        0 0 0 1 0 0 0 0 0 0 0 0 0 0 0 0 0 0 0 0 0 0 0 0 0 0 0 0 0 
  INPUT ---       0 0 0 0 1 0 0 0 0 0 0 0 0 0 0;
  INPUT ---        0 0 0 1 0 0 0 0 0 0 0 0 0 0 0 0 0 0 0 0 0 0 0 0 0 0 0 0 0 
  INPUT ---       0 0 0 0 0 1 0 0 0 0 0 0 0 0 0;
  INPUT ---        0 0 0 1 0 0 0 0 0 0 0 0 0 0 0 0 0 0 0 0 0 0 0 0 0 0 0 0 0 
  INPUT ---       0 0 0 0 0 0 1 0 0 0 0 0 0 0 0;
  INPUT ---        0 0 0 1 0 0 0 0 0 0 0 0 0 0 0 0 0 0 0 0 0 0 0 0 0 0 0 0 0 
  INPUT ---       0 0 0 0 0 0 0 1 0 0 0 0 0 0 0;
  INPUT ---        0 0 0 1 0 0 0 0 0 0 0 0 0 0 0 0 0 0 0 0 0 0 0 0 0 0 0 0 0 
  INPUT ---       0 0 0 0 0 0 0 0 1 0 0 0 0 0 0;
  INPUT ---        0 0 0 1 0 0 0 0 0 0 0 0 0 0 0 0 0 0 0 0 0 0 0 0 0 0 0 0 0 
  INPUT ---       0 0 0 0 0 0 0 0 0 1 0 0 0 0 0;
  INPUT ---        0 0 0 1 0 0 0 0 0 0 0 0 0 0 0 0 0 0 0 0 0 0 0 0 0 0 0 0 0 
  INPUT ---       0 0 0 0 0 0 0 0 0 0 1 0 0 0 0;
  INPUT ---        0 0 0 1 0 0 0 0 0 0 0 0 0 0 0 0 0 0 0 0 0 0 0 0 0 0 0 0 0 
  INPUT ---       0 0 0 0 0 0 0 0 0 0 0 1 0 0 0;
  INPUT ---        0 0 0 1 0 0 0 0 0 0 0 0 0 0 0 0 0 0 0 0 0 0 0 0 0 0 0 0 0 
  INPUT ---       0 0 0 0 0 0 0 0 0 0 0 0 1 0 0;
  INPUT ---        0 0 0 1 0 0 0 0 0 0 0 0 0 0 0 0 0 0 0 0 0 0 0 0 0 0 0 0 0 
  INPUT ---       0 0 0 0 0 0 0 0 0 0 0 0 0 1 0;
  INPUT ---        0 0 0 1 0 0 0 0 0 0 0 0 0 0 0 0 0 0 0 0 0 0 0 0 0 0 0 0 0 
  INPUT ---       0 0 0 0 0 0 0 0 0 0 0 0 0 0 1;
  INPUT ---       blabel(1)=Phi:(Intercept);

  Program  MARK  - Survival Rate Estimation with Capture-Recapture Data
   gfortran(Win64) Vers. 8.2 Mar 2017   11-Apr-2017 09:28:03    Page  012
 - - - - - - - - - - - - - - - - - - - - - - - - - - - - - - - - - - - - - -
 
  INPUT ---       blabel(2)=Phi:age(1,2];
  INPUT ---       blabel(3)=Phi:age(2,42];
  INPUT ---       blabel(4)=p:(Intercept);
  INPUT ---       blabel(5)=p:time1977;
  INPUT ---       blabel(6)=p:time1978;
  INPUT ---       blabel(7)=p:time1979;
  INPUT ---       blabel(8)=p:time1980;
  INPUT ---       blabel(9)=p:time1981;
  INPUT ---       blabel(10)=p:time1982;
  INPUT ---       blabel(11)=p:time1983;
  INPUT ---       blabel(12)=p:time1984;
  INPUT ---       blabel(13)=p:time1985;
  INPUT ---       blabel(14)=p:time1986;
  INPUT ---       blabel(15)=p:time1987;
  INPUT ---       blabel(16)=p:time1988;
  INPUT ---       blabel(17)=p:time1989;
  INPUT ---       blabel(18)=p:time1990;
  INPUT ---       blabel(19)=p:time1991;
  INPUT ---       blabel(20)=p:time1992;
  INPUT ---       blabel(21)=p:time1993;
  INPUT ---       blabel(22)=p:time1994;
  INPUT ---       blabel(23)=p:time1995;
  INPUT ---       blabel(24)=p:time1996;
  INPUT ---       blabel(25)=p:time1997;
  INPUT ---       blabel(26)=p:time1998;
  INPUT ---       blabel(27)=p:time1999;
  INPUT ---       blabel(28)=p:time2000;
  INPUT ---       blabel(29)=p:time2001;
  INPUT ---       blabel(30)=p:time2002;
  INPUT ---       blabel(31)=p:time2003;
  INPUT ---       blabel(32)=p:time2004;
  INPUT ---       blabel(33)=p:time2005;
  INPUT ---       blabel(34)=p:time2006;
  INPUT ---       blabel(35)=p:time2007;
  INPUT ---       blabel(36)=p:time2008;
  INPUT ---       blabel(37)=p:time2009;
  INPUT ---       blabel(38)=p:time2010;
  INPUT ---       blabel(39)=p:time2011;
  INPUT ---       blabel(40)=p:time2012;
  INPUT ---       blabel(41)=p:time2013;
  INPUT ---       blabel(42)=p:time2014;
  INPUT ---       blabel(43)=p:time2015;
  INPUT ---       blabel(44)=p:time2016;
  INPUT ---       rlabel(1)=Phi gHYF c1975 a0 t1975;
  INPUT ---       rlabel(2)=Phi gHYF c1975 a2 t1977;
  INPUT ---       rlabel(3)=Phi gHYF c1975 a3 t1978;

  Program  MARK  - Survival Rate Estimation with Capture-Recapture Data
   gfortran(Win64) Vers. 8.2 Mar 2017   11-Apr-2017 09:28:03    Page  013
 - - - - - - - - - - - - - - - - - - - - - - - - - - - - - - - - - - - - - -
 
  INPUT ---       rlabel(4)=p gHYF c1975 a1 t1976;
  INPUT ---       rlabel(5)=p gHYF c1975 a2 t1977;
  INPUT ---       rlabel(6)=p gHYF c1975 a3 t1978;
  INPUT ---       rlabel(7)=p gHYF c1975 a4 t1979;
  INPUT ---       rlabel(8)=p gHYF c1975 a5 t1980;
  INPUT ---       rlabel(9)=p gHYF c1975 a6 t1981;
  INPUT ---       rlabel(10)=p gHYF c1975 a7 t1982;
  INPUT ---       rlabel(11)=p gHYF c1975 a8 t1983;
  INPUT ---       rlabel(12)=p gHYF c1975 a9 t1984;
  INPUT ---       rlabel(13)=p gHYF c1975 a10 t1985;
  INPUT ---       rlabel(14)=p gHYF c1975 a11 t1986;
  INPUT ---       rlabel(15)=p gHYF c1975 a12 t1987;
  INPUT ---       rlabel(16)=p gHYF c1975 a13 t1988;
  INPUT ---       rlabel(17)=p gHYF c1975 a14 t1989;
  INPUT ---       rlabel(18)=p gHYF c1975 a15 t1990;
  INPUT ---       rlabel(19)=p gHYF c1975 a16 t1991;
  INPUT ---       rlabel(20)=p gHYF c1975 a17 t1992;
  INPUT ---       rlabel(21)=p gHYF c1975 a18 t1993;
  INPUT ---       rlabel(22)=p gHYF c1975 a19 t1994;
  INPUT ---       rlabel(23)=p gHYF c1975 a20 t1995;
  INPUT ---       rlabel(24)=p gHYF c1975 a21 t1996;
  INPUT ---       rlabel(25)=p gHYF c1975 a22 t1997;
  INPUT ---       rlabel(26)=p gHYF c1975 a23 t1998;
  INPUT ---       rlabel(27)=p gHYF c1975 a24 t1999;
  INPUT ---       rlabel(28)=p gHYF c1975 a25 t2000;
  INPUT ---       rlabel(29)=p gHYF c1975 a26 t2001;
  INPUT ---       rlabel(30)=p gHYF c1975 a27 t2002;
  INPUT ---       rlabel(31)=p gHYF c1975 a28 t2003;
  INPUT ---       rlabel(32)=p gHYF c1975 a29 t2004;
  INPUT ---       rlabel(33)=p gHYF c1975 a30 t2005;
  INPUT ---       rlabel(34)=p gHYF c1975 a31 t2006;
  INPUT ---       rlabel(35)=p gHYF c1975 a32 t2007;
  INPUT ---       rlabel(36)=p gHYF c1975 a33 t2008;
  INPUT ---       rlabel(37)=p gHYF c1975 a34 t2009;
  INPUT ---       rlabel(38)=p gHYF c1975 a35 t2010;
  INPUT ---       rlabel(39)=p gHYF c1975 a36 t2011;
  INPUT ---       rlabel(40)=p gHYF c1975 a37 t2012;
  INPUT ---       rlabel(41)=p gHYF c1975 a38 t2013;
  INPUT ---       rlabel(42)=p gHYF c1975 a39 t2014;
  INPUT ---       rlabel(43)=p gHYF c1975 a40 t2015;
  INPUT ---       rlabel(44)=p gHYF c1975 a41 t2016;

 Link Function Used is LOGIT        

 Variance Estimation Procedure Used is 2ndPart 
 -2logL(saturated) = 767.53420     

  Program  MARK  - Survival Rate Estimation with Capture-Recapture Data
   gfortran(Win64) Vers. 8.2 Mar 2017   11-Apr-2017 09:28:03    Page  014
 - - - - - - - - - - - - - - - - - - - - - - - - - - - - - - - - - - - - - -
 
 Effective Sample Size = 14603

 Number of function evaluations was 75 for 44 parameters.
 Time for numerical optimization was 2.45 seconds.
 -2logL { Phi(~age)p(~time) } = 4324.7419     
 Penalty { Phi(~age)p(~time) } = -0.0000000    
 Gradient { Phi(~age)p(~time) }:
  0.5955215E-02  0.000000     0.3601758E-02 0.9447924E-02-0.1932026E-03
  0.2610752E-02-0.2376842E-02 0.9467511E-03 0.1015525E-02 0.2472651E-02
 -0.1360132E-02 0.1969777E-02 0.1560881E-02 0.4300967E-03 0.1189141E-02
  0.2407886E-02 0.6923793E-03 0.2176967E-02-0.5003178E-02 0.3497731E-03
 -0.9767265E-03 0.1369005E-02 0.9803356E-03 0.3431275E-03 0.3388848E-02
 -0.4335972E-02 0.2188526E-02 0.3003634E-02 0.1370555E-02-0.1522097E-03
 -0.4657996E-03-0.5420113E-03 0.9232800E-03 0.4910132E-03-0.2066578E-02
 -0.2045395E-02-0.1751192E-02 0.1061631E-02-0.8624301E-03  0.000000    
 -0.3558999E-02-0.1715678E-02 0.1180081E-02 0.2795817E-02
 S Vector { Phi(~age)p(~time) }:
   835.1550      93.05577      25.00138      20.93962      16.23673    
   15.08900      13.27459      13.09237      12.36416      12.22571    
   12.08424      12.00465      11.90817      11.60405      11.24329    
   10.86519      10.31674      10.15328      9.782977      9.575966    
   8.936171      8.600184      8.026256      7.548899      7.208602    
   6.203830      5.881216      4.717386      4.411574      3.604110    
   3.349596      3.259927      2.839021      2.725896      2.620042    
   1.921721      1.834842      1.617794      1.004795     0.9485246    
  0.9285095     0.3286530E-05 0.2062812E-07 0.3421358E-08
 Time to compute number of parameters was 2.31 seconds.
   Threshold =  0.9000000E-06     Condition index =  0.4096675E-11     New Threshold =  0.2269472E-07
 New Guessimate of Estimated Parameters { Phi(~age)p(~time) } = 41          
 Conditioned S Vector { Phi(~age)p(~time) }:
   1.000000     0.1114234     0.2993622E-01 0.2507274E-01 0.1944157E-01
  0.1806731E-01 0.1589477E-01 0.1567657E-01 0.1480463E-01 0.1463885E-01
  0.1446946E-01 0.1437416E-01 0.1425864E-01 0.1389448E-01 0.1346252E-01
  0.1300979E-01 0.1235308E-01 0.1215736E-01 0.1171397E-01 0.1146609E-01
  0.1070001E-01 0.1029771E-01 0.9610499E-02 0.9038920E-02 0.8631454E-02
  0.7428358E-02 0.7042066E-02 0.5648516E-02 0.5282342E-02 0.4315499E-02
  0.4010748E-02 0.3903380E-02 0.3399394E-02 0.3263940E-02 0.3137192E-02
  0.2301035E-02 0.2197008E-02 0.1937119E-02 0.1203124E-02 0.1135747E-02
  0.1111781E-02 0.3935233E-08 0.2469974E-10 0.4096675E-11
 Number of Estimated Parameters { Phi(~age)p(~time) } = 41          
 DEVIANCE { Phi(~age)p(~time) } = 3557.2077                     
 DEVIANCE Degrees of Freedom { Phi(~age)p(~time) } = 86            
 c-hat { Phi(~age)p(~time) } = 41.362880                     
 AIC { Phi(~age)p(~time) } = 4406.7419                  
 AICc { Phi(~age)p(~time) } = 4406.9784                    
 BIC { Phi(~age)p(~time) } = 4717.8902                    
 Pearson Chisquare { Phi(~age)p(~time) } = 6155815.6                  


                    LOGIT Link Function Parameters of { Phi(~age)p(~time) }
                                                              95% Confidence Interval
 Parameter                    Beta         Standard Error      Lower           Upper
 -------------------------  --------------  --------------  --------------  --------------
    1:Phi:(Intercept)       -1.6115529      0.0900231       -1.7879981      -1.4351077    
    2:Phi:age(1,2]          25.596062       6961.7089       -13619.354      13670.546     
    3:Phi:age(2,42]         1.5251408       0.1792475       1.1738158       1.8764659     
    4:p:(Intercept)         -12.274802      88.894869       -186.50875      161.95914     

  Program  MARK  - Survival Rate Estimation with Capture-Recapture Data
   gfortran(Win64) Vers. 8.2 Mar 2017   11-Apr-2017 09:28:05    Page  015
 - - - - - - - - - - - - - - - - - - - - - - - - - - - - - - - - - - - - - -
 
    5:p:time1977            8.8856802       88.900849       -165.35999      183.13135     
    6:p:time1978            10.182517       88.896606       -164.05483      184.41987     
    7:p:time1979            9.7524197       88.897031       -164.48576      183.99060     
    8:p:time1980            9.2789358       88.898023       -164.96119      183.51906     
    9:p:time1981            8.6723824       88.900749       -165.57309      182.91785     
   10:p:time1982            9.7771755       88.896499       -164.45997      184.01432     
   11:p:time1983            10.434451       88.895522       -163.80077      184.66968     
   12:p:time1984            10.635461       88.895338       -163.59940      184.87033     
   13:p:time1985            10.711873       88.895358       -163.52303      184.94678     
   14:p:time1986            10.630456       88.895340       -163.60441      184.86533     
   15:p:time1987            10.548987       88.895458       -163.68611      184.78409     
   16:p:time1988            9.3871636       88.896146       -164.84929      183.62361     
   17:p:time1989            10.165419       88.895456       -164.06968      184.40052     
   18:p:time1990            9.9876320       88.895430       -164.24741      184.22268     
   19:p:time1991            10.434176       88.895232       -163.80048      184.66883     
   20:p:time1992            9.1409429       88.895646       -165.09453      183.37641     
   21:p:time1993            9.8015278       88.895346       -164.43335      184.03641     
   22:p:time1994            9.8288566       88.895381       -164.40609      184.06381     
   23:p:time1995            10.411178       88.895433       -163.82387      184.64623     
   24:p:time1996            10.132533       88.895343       -164.10234      184.36741     
   25:p:time1997            10.352421       88.895286       -163.88234      184.58719     
   26:p:time1998            10.096075       88.895196       -164.13851      184.33066     
   27:p:time1999            10.926975       88.895115       -163.30745      185.16140     
   28:p:time2000            10.233811       88.895375       -164.00113      184.46875     
   29:p:time2001            10.281130       88.895375       -163.95381      184.51607     
   30:p:time2002            10.353020       88.895314       -163.88180      184.58784     
   31:p:time2003            10.520016       88.895282       -163.71474      184.75477     
   32:p:time2004            10.242597       88.895493       -163.99257      184.47777     
   33:p:time2005            10.131282       88.895815       -164.10452      184.36708     
   34:p:time2006            10.669375       88.895574       -163.56595      184.90470     
   35:p:time2007            10.442524       88.895804       -163.79326      184.67830     
   36:p:time2008            9.3159932       88.896955       -164.92204      183.55403     
   37:p:time2009            10.114251       88.896644       -164.12317      184.35168     
   38:p:time2010            9.5373597       88.897071       -164.70090      183.77562     
   39:p:time2011            9.2293496       88.897978       -165.01069      183.46939     
   40:p:time2012            -46.049077      17.782415       -80.902610      -11.195543    
   41:p:time2013            9.1196979       88.900899       -165.12607      183.36546     
   42:p:time2014            10.185281       88.898526       -164.05583      184.42640     
   43:p:time2015            11.947846       88.896142       -162.28860      186.18429     
   44:p:time2016            10.938712       88.895603       -163.29667      185.17410     


                    Real Function Parameters of { Phi(~age)p(~time) }
                                                               95% Confidence Interval
  Parameter                  Estimate       Standard Error      Lower           Upper
 --------------------------  --------------  --------------  --------------  --------------

  Program  MARK  - Survival Rate Estimation with Capture-Recapture Data
   gfortran(Win64) Vers. 8.2 Mar 2017   11-Apr-2017 09:28:05    Page  016
 - - - - - - - - - - - - - - - - - - - - - - - - - - - - - - - - - - - - - -
 
     1:Phi gHYF c1975 a0 t1  0.1663731       0.0124856       0.1433183       0.1923041                           
     2:Phi gHYF c1975 a2 t1  1.0000000       0.2669165E-006  0.9999995       1.0000005                           
     3:Phi gHYF c1975 a3 t1  0.4784104       0.0351161       0.4104183       0.5472120                           
     4:p gHYF c1975 a1 t197  0.4667876E-005  0.4149483E-003  0.1000645E-080  1.0000000                           
     5:p gHYF c1975 a2 t197  0.0326372       0.0326238       0.0044322       0.2036191                           
     6:p gHYF c1975 a3 t197  0.1098490       0.0551284       0.0392671       0.2714537                           
     7:p gHYF c1975 a4 t197  0.0743039       0.0430214       0.0230156       0.2147602                           
     8:p gHYF c1975 a5 t198  0.0476130       0.0337243       0.0115034       0.1767982                           
     9:p gHYF c1975 a6 t198  0.0265344       0.0265443       0.0036238       0.1696306                           
    10:p gHYF c1975 a7 t198  0.0760248       0.0381510       0.0275953       0.1926123                           
    11:p gHYF c1975 a8 t198  0.1370099       0.0418177       0.0735393       0.2410101                           
    12:p gHYF c1975 a9 t198  0.1625549       0.0418563       0.0960432       0.2617878                           
    13:p gHYF c1975 a10 t19  0.1732268       0.0452925       0.1013085       0.2802772                           
    14:p gHYF c1975 a11 t19  0.1618746       0.0419193       0.0953546       0.2613910                           
    15:p gHYF c1975 a12 t19  0.1511236       0.0437526       0.0836094       0.2578175                           
    16:p gHYF c1975 a13 t19  0.0527681       0.0238519       0.0213956       0.1242990                           
    17:p gHYF c1975 a14 t19  0.1081882       0.0321726       0.0593595       0.1891080                           
    18:p gHYF c1975 a15 t19  0.0921911       0.0274510       0.0506879       0.1618823                           
    19:p gHYF c1975 a16 t19  0.1369773       0.0324495       0.0848162       0.2137256                           
    20:p gHYF c1975 a17 t19  0.0417320       0.0151091       0.0203447       0.0836822                           
    21:p gHYF c1975 a18 t19  0.0777531       0.0217641       0.0444400       0.1325740                           
    22:p gHYF c1975 a19 t19  0.0797356       0.0230233       0.0447483       0.1381229                           
    23:p gHYF c1975 a20 t19  0.1342813       0.0390010       0.0743860       0.2303995                           
    24:p gHYF c1975 a21 t19  0.1050559       0.0282743       0.0611286       0.1746767                           
    25:p gHYF c1975 a22 t19  0.1275964       0.0324828       0.0762569       0.2057992                           
    26:p gHYF c1975 a23 t19  0.1016772       0.0237671       0.0636414       0.1585951                           
    27:p gHYF c1975 a24 t19  0.2062259       0.0395614       0.1392528       0.2943928                           
    28:p gHYF c1975 a25 t20  0.1149659       0.0318027       0.0657668       0.1933528                           
    29:p gHYF c1975 a26 t20  0.1198689       0.0332102       0.0684558       0.2015413                           
    30:p gHYF c1975 a27 t20  0.1276630       0.0333041       0.0753045       0.2082283                           
    31:p gHYF c1975 a28 t20  0.1474446       0.0374736       0.0879379       0.2367657                           
    32:p gHYF c1975 a29 t20  0.1158629       0.0360052       0.0617393       0.2069675                           
    33:p gHYF c1975 a30 t20  0.1049384       0.0404035       0.0480333       0.2140973                           
    34:p gHYF c1975 a31 t20  0.1672245       0.0519263       0.0881644       0.2942985                           
    35:p gHYF c1975 a32 t20  0.1379671       0.0497484       0.0658578       0.2665054                           
    36:p gHYF c1975 a33 t20  0.0493218       0.0287127       0.0153825       0.1469662                           
    37:p gHYF c1975 a34 t20  0.1033494       0.0523475       0.0366947       0.2585796                           
    38:p gHYF c1975 a35 t20  0.0607998       0.0353480       0.0188776       0.1788492                           
    39:p gHYF c1975 a36 t20  0.0454142       0.0322575       0.0109450       0.1698007                           
    40:p gHYF c1975 a37 t20  0.4680169E-025  0.4418672E-023  -.8613795E-023  0.8707399E-023                      
    41:p gHYF c1975 a38 t20  0.0408906       0.0410357       0.0054541       0.2489367                           
    42:p gHYF c1975 a39 t20  0.1101195       0.0787067       0.0249951       0.3739572                           
    43:p gHYF c1975 a40 t20  0.4189814       0.1215292       0.2132515       0.6573538                           
    44:p gHYF c1975 a41 t20  0.2081539       0.0643386       0.1089840       0.3610021                           

 Attempted ordering of parameters by estimatibility:
   1  4  3 27 26 19 25 31 30 24 21 14 12 28 13 22 29 18 23 17 15 32 11 34 20
  44 35 33 16 43 10 37  6 36 38  7 39  8 42  9 41  5  2 40
 Beta number 40 is a singular value.

     CPU Time in seconds for last procedure was 4.83

  Program  MARK  - Survival Rate Estimation with Capture-Recapture Data
   gfortran(Win64) Vers. 8.2 Mar 2017   11-Apr-2017 09:28:05    Page  017
 - - - - - - - - - - - - - - - - - - - - - - - - - - - - - - - - - - - - - -
 


  INPUT --- proc stop;

     CPU Time in minutes for this job was 0.08

     Time Start = 09:28:02.935   Time End = 09:28:05.977

     Wall Clock Time in minutes for this job was 0.05


          E X E C U T I O N   S U C C E S S F U L 
