
   Program  MARK  - Survival Rate Estimation with Capture-Recapture Data
   gfortran(Win64) Vers. 8.2 Mar 2017   10-Apr-2017 10:04:21    Page  001
 - - - - - - - - - - - - - - - - - - - - - - - - - - - - - - - - - - - - - -
 
   This version was compiled by GCC version 5.3.0 using the options: 
     -cpp -iprefix c:\tdm-gcc-64\gcc\bin\../lib/gcc/x86_64-w64-mingw32/5.3.0/ -D_MT
     -U_REENTRANT -D IEEE -m64 -mtune=generic -march=x86-64 -mthreads -O3
     -fimplicit-none -fbounds-check -ffpe-summary=invalid,zero,overflow,underflow
     -fno-unsafe-math-optimizations -frounding-math -fsignaling-nans -fopenmp.

   This problem will use 3 of 4 possible threads.


  INPUT --- proc title ;

     CPU Time in seconds for last procedure was 0.00


  INPUT --- proc chmatrix occasions= 42 groups= 2 etype= Live ICMeans 
  INPUT --- NoHist hist= 351 ;

  INPUT ---    time  interval 1 1 1 1 1 1 1 1 1 1 1 1 1 1 1 1 1 1 1 1 1 1 
  INPUT ---    1 1 1 1 1 1 1 1 1 1 1 1 1 1 1 1 1 1 1 ;

  INPUT ---    glabel(1)=age1;

  INPUT ---    glabel(2)=age2;

   * *  WARNING  * *   At least a pair of the encounter histories are duplicates. 

      Number of unique encounter histories read was 242.

      Number of individual covariates read was 0.
      Time interval lengths are all equal to 1.

      Data type number is 1
      Data type is Live Recaptures (CJS)                                                                               

     CPU Time in seconds for last procedure was 0.05

  Program  MARK  - Survival Rate Estimation with Capture-Recapture Data
   gfortran(Win64) Vers. 8.2 Mar 2017   10-Apr-2017 10:04:21    Page  002
 - - - - - - - - - - - - - - - - - - - - - - - - - - - - - - - - - - - - - -
 


  INPUT --- proc estimate link=Logit NOLOOP varest=2ndPart    ;


  INPUT --- model={ Phi(~1)p(~time) };

  INPUT ---    group=1 Phi    rows=41 cols=41 Triang ;
  INPUT ---        1 1 1 1 1 1 1 1 1 1 1 1 1 1 1 1 1 1 1 1 1 1 1 1 1 1 1 1 1 
  INPUT ---       1 1 1 1 1 1 1 1 1 1 1 1 ;
  INPUT ---        1 1 1 1 1 1 1 1 1 1 1 1 1 1 1 1 1 1 1 1 1 1 1 1 1 1 1 1 1 
  INPUT ---       1 1 1 1 1 1 1 1 1 1 1 ;
  INPUT ---        1 1 1 1 1 1 1 1 1 1 1 1 1 1 1 1 1 1 1 1 1 1 1 1 1 1 1 1 1 
  INPUT ---       1 1 1 1 1 1 1 1 1 1 ;
  INPUT ---        1 1 1 1 1 1 1 1 1 1 1 1 1 1 1 1 1 1 1 1 1 1 1 1 1 1 1 1 1 
  INPUT ---       1 1 1 1 1 1 1 1 1 ;
  INPUT ---        1 1 1 1 1 1 1 1 1 1 1 1 1 1 1 1 1 1 1 1 1 1 1 1 1 1 1 1 1 
  INPUT ---       1 1 1 1 1 1 1 1 ;
  INPUT ---        1 1 1 1 1 1 1 1 1 1 1 1 1 1 1 1 1 1 1 1 1 1 1 1 1 1 1 1 1 
  INPUT ---       1 1 1 1 1 1 1 ;
  INPUT ---        1 1 1 1 1 1 1 1 1 1 1 1 1 1 1 1 1 1 1 1 1 1 1 1 1 1 1 1 1 
  INPUT ---       1 1 1 1 1 1 ;
  INPUT ---        1 1 1 1 1 1 1 1 1 1 1 1 1 1 1 1 1 1 1 1 1 1 1 1 1 1 1 1 1 
  INPUT ---       1 1 1 1 1 ;
  INPUT ---        1 1 1 1 1 1 1 1 1 1 1 1 1 1 1 1 1 1 1 1 1 1 1 1 1 1 1 1 1 
  INPUT ---       1 1 1 1 ;
  INPUT ---        1 1 1 1 1 1 1 1 1 1 1 1 1 1 1 1 1 1 1 1 1 1 1 1 1 1 1 1 1 
  INPUT ---       1 1 1 ;
  INPUT ---        1 1 1 1 1 1 1 1 1 1 1 1 1 1 1 1 1 1 1 1 1 1 1 1 1 1 1 1 1 
  INPUT ---       1 1 ;
  INPUT ---        1 1 1 1 1 1 1 1 1 1 1 1 1 1 1 1 1 1 1 1 1 1 1 1 1 1 1 1 1 
  INPUT ---       1 ;
  INPUT ---        1 1 1 1 1 1 1 1 1 1 1 1 1 1 1 1 1 1 1 1 1 1 1 1 1 1 1 1 1 ;
  INPUT ---        1 1 1 1 1 1 1 1 1 1 1 1 1 1 1 1 1 1 1 1 1 1 1 1 1 1 1 1 ;
  INPUT ---        1 1 1 1 1 1 1 1 1 1 1 1 1 1 1 1 1 1 1 1 1 1 1 1 1 1 1 ;
  INPUT ---        1 1 1 1 1 1 1 1 1 1 1 1 1 1 1 1 1 1 1 1 1 1 1 1 1 1 ;
  INPUT ---        1 1 1 1 1 1 1 1 1 1 1 1 1 1 1 1 1 1 1 1 1 1 1 1 1 ;
  INPUT ---        1 1 1 1 1 1 1 1 1 1 1 1 1 1 1 1 1 1 1 1 1 1 1 1 ;
  INPUT ---        1 1 1 1 1 1 1 1 1 1 1 1 1 1 1 1 1 1 1 1 1 1 1 ;
  INPUT ---        1 1 1 1 1 1 1 1 1 1 1 1 1 1 1 1 1 1 1 1 1 1 ;
  INPUT ---        1 1 1 1 1 1 1 1 1 1 1 1 1 1 1 1 1 1 1 1 1 ;
  INPUT ---        1 1 1 1 1 1 1 1 1 1 1 1 1 1 1 1 1 1 1 1 ;
  INPUT ---        1 1 1 1 1 1 1 1 1 1 1 1 1 1 1 1 1 1 1 ;
  INPUT ---        1 1 1 1 1 1 1 1 1 1 1 1 1 1 1 1 1 1 ;
  INPUT ---        1 1 1 1 1 1 1 1 1 1 1 1 1 1 1 1 1 ;
  INPUT ---        1 1 1 1 1 1 1 1 1 1 1 1 1 1 1 1 ;

  Program  MARK  - Survival Rate Estimation with Capture-Recapture Data
   gfortran(Win64) Vers. 8.2 Mar 2017   10-Apr-2017 10:04:21    Page  003
 - - - - - - - - - - - - - - - - - - - - - - - - - - - - - - - - - - - - - -
 
  INPUT ---        1 1 1 1 1 1 1 1 1 1 1 1 1 1 1 ;
  INPUT ---        1 1 1 1 1 1 1 1 1 1 1 1 1 1 ;
  INPUT ---        1 1 1 1 1 1 1 1 1 1 1 1 1 ;
  INPUT ---        1 1 1 1 1 1 1 1 1 1 1 1 ;
  INPUT ---        1 1 1 1 1 1 1 1 1 1 1 ;
  INPUT ---        1 1 1 1 1 1 1 1 1 1 ;
  INPUT ---        1 1 1 1 1 1 1 1 1 ;
  INPUT ---        1 1 1 1 1 1 1 1 ;
  INPUT ---        1 1 1 1 1 1 1 ;
  INPUT ---        1 1 1 1 1 1 ;
  INPUT ---        1 1 1 1 1 ;
  INPUT ---        1 1 1 1 ;
  INPUT ---        1 1 1 ;
  INPUT ---        1 1 ;
  INPUT ---        1 ;

  INPUT ---    group=2 Phi    rows=41 cols=41 Triang ;
  INPUT ---        1 1 1 1 1 1 1 1 1 1 1 1 1 1 1 1 1 1 1 1 1 1 1 1 1 1 1 1 1 
  INPUT ---       1 1 1 1 1 1 1 1 1 1 1 1 ;
  INPUT ---        1 1 1 1 1 1 1 1 1 1 1 1 1 1 1 1 1 1 1 1 1 1 1 1 1 1 1 1 1 
  INPUT ---       1 1 1 1 1 1 1 1 1 1 1 ;
  INPUT ---        1 1 1 1 1 1 1 1 1 1 1 1 1 1 1 1 1 1 1 1 1 1 1 1 1 1 1 1 1 
  INPUT ---       1 1 1 1 1 1 1 1 1 1 ;
  INPUT ---        1 1 1 1 1 1 1 1 1 1 1 1 1 1 1 1 1 1 1 1 1 1 1 1 1 1 1 1 1 
  INPUT ---       1 1 1 1 1 1 1 1 1 ;
  INPUT ---        1 1 1 1 1 1 1 1 1 1 1 1 1 1 1 1 1 1 1 1 1 1 1 1 1 1 1 1 1 
  INPUT ---       1 1 1 1 1 1 1 1 ;
  INPUT ---        1 1 1 1 1 1 1 1 1 1 1 1 1 1 1 1 1 1 1 1 1 1 1 1 1 1 1 1 1 
  INPUT ---       1 1 1 1 1 1 1 ;
  INPUT ---        1 1 1 1 1 1 1 1 1 1 1 1 1 1 1 1 1 1 1 1 1 1 1 1 1 1 1 1 1 
  INPUT ---       1 1 1 1 1 1 ;
  INPUT ---        1 1 1 1 1 1 1 1 1 1 1 1 1 1 1 1 1 1 1 1 1 1 1 1 1 1 1 1 1 
  INPUT ---       1 1 1 1 1 ;
  INPUT ---        1 1 1 1 1 1 1 1 1 1 1 1 1 1 1 1 1 1 1 1 1 1 1 1 1 1 1 1 1 
  INPUT ---       1 1 1 1 ;
  INPUT ---        1 1 1 1 1 1 1 1 1 1 1 1 1 1 1 1 1 1 1 1 1 1 1 1 1 1 1 1 1 
  INPUT ---       1 1 1 ;
  INPUT ---        1 1 1 1 1 1 1 1 1 1 1 1 1 1 1 1 1 1 1 1 1 1 1 1 1 1 1 1 1 
  INPUT ---       1 1 ;
  INPUT ---        1 1 1 1 1 1 1 1 1 1 1 1 1 1 1 1 1 1 1 1 1 1 1 1 1 1 1 1 1 
  INPUT ---       1 ;
  INPUT ---        1 1 1 1 1 1 1 1 1 1 1 1 1 1 1 1 1 1 1 1 1 1 1 1 1 1 1 1 1 ;
  INPUT ---        1 1 1 1 1 1 1 1 1 1 1 1 1 1 1 1 1 1 1 1 1 1 1 1 1 1 1 1 ;
  INPUT ---        1 1 1 1 1 1 1 1 1 1 1 1 1 1 1 1 1 1 1 1 1 1 1 1 1 1 1 ;
  INPUT ---        1 1 1 1 1 1 1 1 1 1 1 1 1 1 1 1 1 1 1 1 1 1 1 1 1 1 ;
  INPUT ---        1 1 1 1 1 1 1 1 1 1 1 1 1 1 1 1 1 1 1 1 1 1 1 1 1 ;

  Program  MARK  - Survival Rate Estimation with Capture-Recapture Data
   gfortran(Win64) Vers. 8.2 Mar 2017   10-Apr-2017 10:04:21    Page  004
 - - - - - - - - - - - - - - - - - - - - - - - - - - - - - - - - - - - - - -
 
  INPUT ---        1 1 1 1 1 1 1 1 1 1 1 1 1 1 1 1 1 1 1 1 1 1 1 1 ;
  INPUT ---        1 1 1 1 1 1 1 1 1 1 1 1 1 1 1 1 1 1 1 1 1 1 1 ;
  INPUT ---        1 1 1 1 1 1 1 1 1 1 1 1 1 1 1 1 1 1 1 1 1 1 ;
  INPUT ---        1 1 1 1 1 1 1 1 1 1 1 1 1 1 1 1 1 1 1 1 1 ;
  INPUT ---        1 1 1 1 1 1 1 1 1 1 1 1 1 1 1 1 1 1 1 1 ;
  INPUT ---        1 1 1 1 1 1 1 1 1 1 1 1 1 1 1 1 1 1 1 ;
  INPUT ---        1 1 1 1 1 1 1 1 1 1 1 1 1 1 1 1 1 1 ;
  INPUT ---        1 1 1 1 1 1 1 1 1 1 1 1 1 1 1 1 1 ;
  INPUT ---        1 1 1 1 1 1 1 1 1 1 1 1 1 1 1 1 ;
  INPUT ---        1 1 1 1 1 1 1 1 1 1 1 1 1 1 1 ;
  INPUT ---        1 1 1 1 1 1 1 1 1 1 1 1 1 1 ;
  INPUT ---        1 1 1 1 1 1 1 1 1 1 1 1 1 ;
  INPUT ---        1 1 1 1 1 1 1 1 1 1 1 1 ;
  INPUT ---        1 1 1 1 1 1 1 1 1 1 1 ;
  INPUT ---        1 1 1 1 1 1 1 1 1 1 ;
  INPUT ---        1 1 1 1 1 1 1 1 1 ;
  INPUT ---        1 1 1 1 1 1 1 1 ;
  INPUT ---        1 1 1 1 1 1 1 ;
  INPUT ---        1 1 1 1 1 1 ;
  INPUT ---        1 1 1 1 1 ;
  INPUT ---        1 1 1 1 ;
  INPUT ---        1 1 1 ;
  INPUT ---        1 1 ;
  INPUT ---        1 ;

  INPUT ---    group=1 p    rows=41 cols=41 Triang ;
  INPUT ---        2 3 4 5 6 7 8 9 10 11 12 13 14 15 16 17 18 19 20 21 22 23 
  INPUT ---       24 25 26 27 28 29 30 31 32 33 34 35 36 37 38 39 40 41 42 ;
  INPUT ---        3 4 5 6 7 8 9 10 11 12 13 14 15 16 17 18 19 20 21 22 23 24 
  INPUT ---       25 26 27 28 29 30 31 32 33 34 35 36 37 38 39 40 41 42 ;
  INPUT ---        4 5 6 7 8 9 10 11 12 13 14 15 16 17 18 19 20 21 22 23 24 
  INPUT ---       25 26 27 28 29 30 31 32 33 34 35 36 37 38 39 40 41 42 ;
  INPUT ---        5 6 7 8 9 10 11 12 13 14 15 16 17 18 19 20 21 22 23 24 25 
  INPUT ---       26 27 28 29 30 31 32 33 34 35 36 37 38 39 40 41 42 ;
  INPUT ---        6 7 8 9 10 11 12 13 14 15 16 17 18 19 20 21 22 23 24 25 26 
  INPUT ---       27 28 29 30 31 32 33 34 35 36 37 38 39 40 41 42 ;
  INPUT ---        7 8 9 10 11 12 13 14 15 16 17 18 19 20 21 22 23 24 25 26 
  INPUT ---       27 28 29 30 31 32 33 34 35 36 37 38 39 40 41 42 ;
  INPUT ---        8 9 10 11 12 13 14 15 16 17 18 19 20 21 22 23 24 25 26 27 
  INPUT ---       28 29 30 31 32 33 34 35 36 37 38 39 40 41 42 ;
  INPUT ---        9 10 11 12 13 14 15 16 17 18 19 20 21 22 23 24 25 26 27 28 
  INPUT ---       29 30 31 32 33 34 35 36 37 38 39 40 41 42 ;
  INPUT ---        10 11 12 13 14 15 16 17 18 19 20 21 22 23 24 25 26 27 28 
  INPUT ---       29 30 31 32 33 34 35 36 37 38 39 40 41 42 ;
  INPUT ---        11 12 13 14 15 16 17 18 19 20 21 22 23 24 25 26 27 28 29 
  INPUT ---       30 31 32 33 34 35 36 37 38 39 40 41 42 ;

  Program  MARK  - Survival Rate Estimation with Capture-Recapture Data
   gfortran(Win64) Vers. 8.2 Mar 2017   10-Apr-2017 10:04:21    Page  005
 - - - - - - - - - - - - - - - - - - - - - - - - - - - - - - - - - - - - - -
 
  INPUT ---        12 13 14 15 16 17 18 19 20 21 22 23 24 25 26 27 28 29 30 
  INPUT ---       31 32 33 34 35 36 37 38 39 40 41 42 ;
  INPUT ---        13 14 15 16 17 18 19 20 21 22 23 24 25 26 27 28 29 30 31 
  INPUT ---       32 33 34 35 36 37 38 39 40 41 42 ;
  INPUT ---        14 15 16 17 18 19 20 21 22 23 24 25 26 27 28 29 30 31 32 
  INPUT ---       33 34 35 36 37 38 39 40 41 42 ;
  INPUT ---        15 16 17 18 19 20 21 22 23 24 25 26 27 28 29 30 31 32 33 
  INPUT ---       34 35 36 37 38 39 40 41 42 ;
  INPUT ---        16 17 18 19 20 21 22 23 24 25 26 27 28 29 30 31 32 33 34 
  INPUT ---       35 36 37 38 39 40 41 42 ;
  INPUT ---        17 18 19 20 21 22 23 24 25 26 27 28 29 30 31 32 33 34 35 
  INPUT ---       36 37 38 39 40 41 42 ;
  INPUT ---        18 19 20 21 22 23 24 25 26 27 28 29 30 31 32 33 34 35 36 
  INPUT ---       37 38 39 40 41 42 ;
  INPUT ---        19 20 21 22 23 24 25 26 27 28 29 30 31 32 33 34 35 36 37 
  INPUT ---       38 39 40 41 42 ;
  INPUT ---        20 21 22 23 24 25 26 27 28 29 30 31 32 33 34 35 36 37 38 
  INPUT ---       39 40 41 42 ;
  INPUT ---        21 22 23 24 25 26 27 28 29 30 31 32 33 34 35 36 37 38 39 
  INPUT ---       40 41 42 ;
  INPUT ---        22 23 24 25 26 27 28 29 30 31 32 33 34 35 36 37 38 39 40 
  INPUT ---       41 42 ;
  INPUT ---        23 24 25 26 27 28 29 30 31 32 33 34 35 36 37 38 39 40 41 
  INPUT ---       42 ;
  INPUT ---        24 25 26 27 28 29 30 31 32 33 34 35 36 37 38 39 40 41 42 ;
  INPUT ---        25 26 27 28 29 30 31 32 33 34 35 36 37 38 39 40 41 42 ;
  INPUT ---        26 27 28 29 30 31 32 33 34 35 36 37 38 39 40 41 42 ;
  INPUT ---        27 28 29 30 31 32 33 34 35 36 37 38 39 40 41 42 ;
  INPUT ---        28 29 30 31 32 33 34 35 36 37 38 39 40 41 42 ;
  INPUT ---        29 30 31 32 33 34 35 36 37 38 39 40 41 42 ;
  INPUT ---        30 31 32 33 34 35 36 37 38 39 40 41 42 ;
  INPUT ---        31 32 33 34 35 36 37 38 39 40 41 42 ;
  INPUT ---        32 33 34 35 36 37 38 39 40 41 42 ;
  INPUT ---        33 34 35 36 37 38 39 40 41 42 ;
  INPUT ---        34 35 36 37 38 39 40 41 42 ;
  INPUT ---        35 36 37 38 39 40 41 42 ;
  INPUT ---        36 37 38 39 40 41 42 ;
  INPUT ---        37 38 39 40 41 42 ;
  INPUT ---        38 39 40 41 42 ;
  INPUT ---        39 40 41 42 ;
  INPUT ---        40 41 42 ;
  INPUT ---        41 42 ;
  INPUT ---        42 ;

  INPUT ---    group=2 p    rows=41 cols=41 Triang ;
  INPUT ---        2 3 4 5 6 7 8 9 10 11 12 13 14 15 16 17 18 19 20 21 22 23 

  Program  MARK  - Survival Rate Estimation with Capture-Recapture Data
   gfortran(Win64) Vers. 8.2 Mar 2017   10-Apr-2017 10:04:21    Page  006
 - - - - - - - - - - - - - - - - - - - - - - - - - - - - - - - - - - - - - -
 
  INPUT ---       24 25 26 27 28 29 30 31 32 33 34 35 36 37 38 39 40 41 42 ;
  INPUT ---        3 4 5 6 7 8 9 10 11 12 13 14 15 16 17 18 19 20 21 22 23 24 
  INPUT ---       25 26 27 28 29 30 31 32 33 34 35 36 37 38 39 40 41 42 ;
  INPUT ---        4 5 6 7 8 9 10 11 12 13 14 15 16 17 18 19 20 21 22 23 24 
  INPUT ---       25 26 27 28 29 30 31 32 33 34 35 36 37 38 39 40 41 42 ;
  INPUT ---        5 6 7 8 9 10 11 12 13 14 15 16 17 18 19 20 21 22 23 24 25 
  INPUT ---       26 27 28 29 30 31 32 33 34 35 36 37 38 39 40 41 42 ;
  INPUT ---        6 7 8 9 10 11 12 13 14 15 16 17 18 19 20 21 22 23 24 25 26 
  INPUT ---       27 28 29 30 31 32 33 34 35 36 37 38 39 40 41 42 ;
  INPUT ---        7 8 9 10 11 12 13 14 15 16 17 18 19 20 21 22 23 24 25 26 
  INPUT ---       27 28 29 30 31 32 33 34 35 36 37 38 39 40 41 42 ;
  INPUT ---        8 9 10 11 12 13 14 15 16 17 18 19 20 21 22 23 24 25 26 27 
  INPUT ---       28 29 30 31 32 33 34 35 36 37 38 39 40 41 42 ;
  INPUT ---        9 10 11 12 13 14 15 16 17 18 19 20 21 22 23 24 25 26 27 28 
  INPUT ---       29 30 31 32 33 34 35 36 37 38 39 40 41 42 ;
  INPUT ---        10 11 12 13 14 15 16 17 18 19 20 21 22 23 24 25 26 27 28 
  INPUT ---       29 30 31 32 33 34 35 36 37 38 39 40 41 42 ;
  INPUT ---        11 12 13 14 15 16 17 18 19 20 21 22 23 24 25 26 27 28 29 
  INPUT ---       30 31 32 33 34 35 36 37 38 39 40 41 42 ;
  INPUT ---        12 13 14 15 16 17 18 19 20 21 22 23 24 25 26 27 28 29 30 
  INPUT ---       31 32 33 34 35 36 37 38 39 40 41 42 ;
  INPUT ---        13 14 15 16 17 18 19 20 21 22 23 24 25 26 27 28 29 30 31 
  INPUT ---       32 33 34 35 36 37 38 39 40 41 42 ;
  INPUT ---        14 15 16 17 18 19 20 21 22 23 24 25 26 27 28 29 30 31 32 
  INPUT ---       33 34 35 36 37 38 39 40 41 42 ;
  INPUT ---        15 16 17 18 19 20 21 22 23 24 25 26 27 28 29 30 31 32 33 
  INPUT ---       34 35 36 37 38 39 40 41 42 ;
  INPUT ---        16 17 18 19 20 21 22 23 24 25 26 27 28 29 30 31 32 33 34 
  INPUT ---       35 36 37 38 39 40 41 42 ;
  INPUT ---        17 18 19 20 21 22 23 24 25 26 27 28 29 30 31 32 33 34 35 
  INPUT ---       36 37 38 39 40 41 42 ;
  INPUT ---        18 19 20 21 22 23 24 25 26 27 28 29 30 31 32 33 34 35 36 
  INPUT ---       37 38 39 40 41 42 ;
  INPUT ---        19 20 21 22 23 24 25 26 27 28 29 30 31 32 33 34 35 36 37 
  INPUT ---       38 39 40 41 42 ;
  INPUT ---        20 21 22 23 24 25 26 27 28 29 30 31 32 33 34 35 36 37 38 
  INPUT ---       39 40 41 42 ;
  INPUT ---        21 22 23 24 25 26 27 28 29 30 31 32 33 34 35 36 37 38 39 
  INPUT ---       40 41 42 ;
  INPUT ---        22 23 24 25 26 27 28 29 30 31 32 33 34 35 36 37 38 39 40 
  INPUT ---       41 42 ;
  INPUT ---        23 24 25 26 27 28 29 30 31 32 33 34 35 36 37 38 39 40 41 
  INPUT ---       42 ;
  INPUT ---        24 25 26 27 28 29 30 31 32 33 34 35 36 37 38 39 40 41 42 ;
  INPUT ---        25 26 27 28 29 30 31 32 33 34 35 36 37 38 39 40 41 42 ;
  INPUT ---        26 27 28 29 30 31 32 33 34 35 36 37 38 39 40 41 42 ;

  Program  MARK  - Survival Rate Estimation with Capture-Recapture Data
   gfortran(Win64) Vers. 8.2 Mar 2017   10-Apr-2017 10:04:21    Page  007
 - - - - - - - - - - - - - - - - - - - - - - - - - - - - - - - - - - - - - -
 
  INPUT ---        27 28 29 30 31 32 33 34 35 36 37 38 39 40 41 42 ;
  INPUT ---        28 29 30 31 32 33 34 35 36 37 38 39 40 41 42 ;
  INPUT ---        29 30 31 32 33 34 35 36 37 38 39 40 41 42 ;
  INPUT ---        30 31 32 33 34 35 36 37 38 39 40 41 42 ;
  INPUT ---        31 32 33 34 35 36 37 38 39 40 41 42 ;
  INPUT ---        32 33 34 35 36 37 38 39 40 41 42 ;
  INPUT ---        33 34 35 36 37 38 39 40 41 42 ;
  INPUT ---        34 35 36 37 38 39 40 41 42 ;
  INPUT ---        35 36 37 38 39 40 41 42 ;
  INPUT ---        36 37 38 39 40 41 42 ;
  INPUT ---        37 38 39 40 41 42 ;
  INPUT ---        38 39 40 41 42 ;
  INPUT ---        39 40 41 42 ;
  INPUT ---        40 41 42 ;
  INPUT ---        41 42 ;
  INPUT ---        42 ;

  INPUT ---    design matrix constraints=42 covariates=42;
  INPUT ---        1 0 0 0 0 0 0 0 0 0 0 0 0 0 0 0 0 0 0 0 0 0 0 0 0 0 0 0 0 
  INPUT ---       0 0 0 0 0 0 0 0 0 0 0 0 0;
  INPUT ---        0 1 0 0 0 0 0 0 0 0 0 0 0 0 0 0 0 0 0 0 0 0 0 0 0 0 0 0 0 
  INPUT ---       0 0 0 0 0 0 0 0 0 0 0 0 0;
  INPUT ---        0 1 1 0 0 0 0 0 0 0 0 0 0 0 0 0 0 0 0 0 0 0 0 0 0 0 0 0 0 
  INPUT ---       0 0 0 0 0 0 0 0 0 0 0 0 0;
  INPUT ---        0 1 0 1 0 0 0 0 0 0 0 0 0 0 0 0 0 0 0 0 0 0 0 0 0 0 0 0 0 
  INPUT ---       0 0 0 0 0 0 0 0 0 0 0 0 0;
  INPUT ---        0 1 0 0 1 0 0 0 0 0 0 0 0 0 0 0 0 0 0 0 0 0 0 0 0 0 0 0 0 
  INPUT ---       0 0 0 0 0 0 0 0 0 0 0 0 0;
  INPUT ---        0 1 0 0 0 1 0 0 0 0 0 0 0 0 0 0 0 0 0 0 0 0 0 0 0 0 0 0 0 
  INPUT ---       0 0 0 0 0 0 0 0 0 0 0 0 0;
  INPUT ---        0 1 0 0 0 0 1 0 0 0 0 0 0 0 0 0 0 0 0 0 0 0 0 0 0 0 0 0 0 
  INPUT ---       0 0 0 0 0 0 0 0 0 0 0 0 0;
  INPUT ---        0 1 0 0 0 0 0 1 0 0 0 0 0 0 0 0 0 0 0 0 0 0 0 0 0 0 0 0 0 
  INPUT ---       0 0 0 0 0 0 0 0 0 0 0 0 0;
  INPUT ---        0 1 0 0 0 0 0 0 1 0 0 0 0 0 0 0 0 0 0 0 0 0 0 0 0 0 0 0 0 
  INPUT ---       0 0 0 0 0 0 0 0 0 0 0 0 0;
  INPUT ---        0 1 0 0 0 0 0 0 0 1 0 0 0 0 0 0 0 0 0 0 0 0 0 0 0 0 0 0 0 
  INPUT ---       0 0 0 0 0 0 0 0 0 0 0 0 0;
  INPUT ---        0 1 0 0 0 0 0 0 0 0 1 0 0 0 0 0 0 0 0 0 0 0 0 0 0 0 0 0 0 
  INPUT ---       0 0 0 0 0 0 0 0 0 0 0 0 0;
  INPUT ---        0 1 0 0 0 0 0 0 0 0 0 1 0 0 0 0 0 0 0 0 0 0 0 0 0 0 0 0 0 
  INPUT ---       0 0 0 0 0 0 0 0 0 0 0 0 0;
  INPUT ---        0 1 0 0 0 0 0 0 0 0 0 0 1 0 0 0 0 0 0 0 0 0 0 0 0 0 0 0 0 
  INPUT ---       0 0 0 0 0 0 0 0 0 0 0 0 0;
  INPUT ---        0 1 0 0 0 0 0 0 0 0 0 0 0 1 0 0 0 0 0 0 0 0 0 0 0 0 0 0 0 
  INPUT ---       0 0 0 0 0 0 0 0 0 0 0 0 0;

  Program  MARK  - Survival Rate Estimation with Capture-Recapture Data
   gfortran(Win64) Vers. 8.2 Mar 2017   10-Apr-2017 10:04:21    Page  008
 - - - - - - - - - - - - - - - - - - - - - - - - - - - - - - - - - - - - - -
 
  INPUT ---        0 1 0 0 0 0 0 0 0 0 0 0 0 0 1 0 0 0 0 0 0 0 0 0 0 0 0 0 0 
  INPUT ---       0 0 0 0 0 0 0 0 0 0 0 0 0;
  INPUT ---        0 1 0 0 0 0 0 0 0 0 0 0 0 0 0 1 0 0 0 0 0 0 0 0 0 0 0 0 0 
  INPUT ---       0 0 0 0 0 0 0 0 0 0 0 0 0;
  INPUT ---        0 1 0 0 0 0 0 0 0 0 0 0 0 0 0 0 1 0 0 0 0 0 0 0 0 0 0 0 0 
  INPUT ---       0 0 0 0 0 0 0 0 0 0 0 0 0;
  INPUT ---        0 1 0 0 0 0 0 0 0 0 0 0 0 0 0 0 0 1 0 0 0 0 0 0 0 0 0 0 0 
  INPUT ---       0 0 0 0 0 0 0 0 0 0 0 0 0;
  INPUT ---        0 1 0 0 0 0 0 0 0 0 0 0 0 0 0 0 0 0 1 0 0 0 0 0 0 0 0 0 0 
  INPUT ---       0 0 0 0 0 0 0 0 0 0 0 0 0;
  INPUT ---        0 1 0 0 0 0 0 0 0 0 0 0 0 0 0 0 0 0 0 1 0 0 0 0 0 0 0 0 0 
  INPUT ---       0 0 0 0 0 0 0 0 0 0 0 0 0;
  INPUT ---        0 1 0 0 0 0 0 0 0 0 0 0 0 0 0 0 0 0 0 0 1 0 0 0 0 0 0 0 0 
  INPUT ---       0 0 0 0 0 0 0 0 0 0 0 0 0;
  INPUT ---        0 1 0 0 0 0 0 0 0 0 0 0 0 0 0 0 0 0 0 0 0 1 0 0 0 0 0 0 0 
  INPUT ---       0 0 0 0 0 0 0 0 0 0 0 0 0;
  INPUT ---        0 1 0 0 0 0 0 0 0 0 0 0 0 0 0 0 0 0 0 0 0 0 1 0 0 0 0 0 0 
  INPUT ---       0 0 0 0 0 0 0 0 0 0 0 0 0;
  INPUT ---        0 1 0 0 0 0 0 0 0 0 0 0 0 0 0 0 0 0 0 0 0 0 0 1 0 0 0 0 0 
  INPUT ---       0 0 0 0 0 0 0 0 0 0 0 0 0;
  INPUT ---        0 1 0 0 0 0 0 0 0 0 0 0 0 0 0 0 0 0 0 0 0 0 0 0 1 0 0 0 0 
  INPUT ---       0 0 0 0 0 0 0 0 0 0 0 0 0;
  INPUT ---        0 1 0 0 0 0 0 0 0 0 0 0 0 0 0 0 0 0 0 0 0 0 0 0 0 1 0 0 0 
  INPUT ---       0 0 0 0 0 0 0 0 0 0 0 0 0;
  INPUT ---        0 1 0 0 0 0 0 0 0 0 0 0 0 0 0 0 0 0 0 0 0 0 0 0 0 0 1 0 0 
  INPUT ---       0 0 0 0 0 0 0 0 0 0 0 0 0;
  INPUT ---        0 1 0 0 0 0 0 0 0 0 0 0 0 0 0 0 0 0 0 0 0 0 0 0 0 0 0 1 0 
  INPUT ---       0 0 0 0 0 0 0 0 0 0 0 0 0;
  INPUT ---        0 1 0 0 0 0 0 0 0 0 0 0 0 0 0 0 0 0 0 0 0 0 0 0 0 0 0 0 1 
  INPUT ---       0 0 0 0 0 0 0 0 0 0 0 0 0;
  INPUT ---        0 1 0 0 0 0 0 0 0 0 0 0 0 0 0 0 0 0 0 0 0 0 0 0 0 0 0 0 0 
  INPUT ---       1 0 0 0 0 0 0 0 0 0 0 0 0;
  INPUT ---        0 1 0 0 0 0 0 0 0 0 0 0 0 0 0 0 0 0 0 0 0 0 0 0 0 0 0 0 0 
  INPUT ---       0 1 0 0 0 0 0 0 0 0 0 0 0;
  INPUT ---        0 1 0 0 0 0 0 0 0 0 0 0 0 0 0 0 0 0 0 0 0 0 0 0 0 0 0 0 0 
  INPUT ---       0 0 1 0 0 0 0 0 0 0 0 0 0;
  INPUT ---        0 1 0 0 0 0 0 0 0 0 0 0 0 0 0 0 0 0 0 0 0 0 0 0 0 0 0 0 0 
  INPUT ---       0 0 0 1 0 0 0 0 0 0 0 0 0;
  INPUT ---        0 1 0 0 0 0 0 0 0 0 0 0 0 0 0 0 0 0 0 0 0 0 0 0 0 0 0 0 0 
  INPUT ---       0 0 0 0 1 0 0 0 0 0 0 0 0;
  INPUT ---        0 1 0 0 0 0 0 0 0 0 0 0 0 0 0 0 0 0 0 0 0 0 0 0 0 0 0 0 0 
  INPUT ---       0 0 0 0 0 1 0 0 0 0 0 0 0;
  INPUT ---        0 1 0 0 0 0 0 0 0 0 0 0 0 0 0 0 0 0 0 0 0 0 0 0 0 0 0 0 0 
  INPUT ---       0 0 0 0 0 0 1 0 0 0 0 0 0;
  INPUT ---        0 1 0 0 0 0 0 0 0 0 0 0 0 0 0 0 0 0 0 0 0 0 0 0 0 0 0 0 0 
  INPUT ---       0 0 0 0 0 0 0 1 0 0 0 0 0;

  Program  MARK  - Survival Rate Estimation with Capture-Recapture Data
   gfortran(Win64) Vers. 8.2 Mar 2017   10-Apr-2017 10:04:21    Page  009
 - - - - - - - - - - - - - - - - - - - - - - - - - - - - - - - - - - - - - -
 
  INPUT ---        0 1 0 0 0 0 0 0 0 0 0 0 0 0 0 0 0 0 0 0 0 0 0 0 0 0 0 0 0 
  INPUT ---       0 0 0 0 0 0 0 0 1 0 0 0 0;
  INPUT ---        0 1 0 0 0 0 0 0 0 0 0 0 0 0 0 0 0 0 0 0 0 0 0 0 0 0 0 0 0 
  INPUT ---       0 0 0 0 0 0 0 0 0 1 0 0 0;
  INPUT ---        0 1 0 0 0 0 0 0 0 0 0 0 0 0 0 0 0 0 0 0 0 0 0 0 0 0 0 0 0 
  INPUT ---       0 0 0 0 0 0 0 0 0 0 1 0 0;
  INPUT ---        0 1 0 0 0 0 0 0 0 0 0 0 0 0 0 0 0 0 0 0 0 0 0 0 0 0 0 0 0 
  INPUT ---       0 0 0 0 0 0 0 0 0 0 0 1 0;
  INPUT ---        0 1 0 0 0 0 0 0 0 0 0 0 0 0 0 0 0 0 0 0 0 0 0 0 0 0 0 0 0 
  INPUT ---       0 0 0 0 0 0 0 0 0 0 0 0 1;
  INPUT ---       blabel(1)=Phi:(Intercept);
  INPUT ---       blabel(2)=p:(Intercept);
  INPUT ---       blabel(3)=p:time1977;
  INPUT ---       blabel(4)=p:time1978;
  INPUT ---       blabel(5)=p:time1979;
  INPUT ---       blabel(6)=p:time1980;
  INPUT ---       blabel(7)=p:time1981;
  INPUT ---       blabel(8)=p:time1982;
  INPUT ---       blabel(9)=p:time1983;
  INPUT ---       blabel(10)=p:time1984;
  INPUT ---       blabel(11)=p:time1985;
  INPUT ---       blabel(12)=p:time1986;
  INPUT ---       blabel(13)=p:time1987;
  INPUT ---       blabel(14)=p:time1988;
  INPUT ---       blabel(15)=p:time1989;
  INPUT ---       blabel(16)=p:time1990;
  INPUT ---       blabel(17)=p:time1991;
  INPUT ---       blabel(18)=p:time1992;
  INPUT ---       blabel(19)=p:time1993;
  INPUT ---       blabel(20)=p:time1994;
  INPUT ---       blabel(21)=p:time1995;
  INPUT ---       blabel(22)=p:time1996;
  INPUT ---       blabel(23)=p:time1997;
  INPUT ---       blabel(24)=p:time1998;
  INPUT ---       blabel(25)=p:time1999;
  INPUT ---       blabel(26)=p:time2000;
  INPUT ---       blabel(27)=p:time2001;
  INPUT ---       blabel(28)=p:time2002;
  INPUT ---       blabel(29)=p:time2003;
  INPUT ---       blabel(30)=p:time2004;
  INPUT ---       blabel(31)=p:time2005;
  INPUT ---       blabel(32)=p:time2006;
  INPUT ---       blabel(33)=p:time2007;
  INPUT ---       blabel(34)=p:time2008;
  INPUT ---       blabel(35)=p:time2009;
  INPUT ---       blabel(36)=p:time2010;

  Program  MARK  - Survival Rate Estimation with Capture-Recapture Data
   gfortran(Win64) Vers. 8.2 Mar 2017   10-Apr-2017 10:04:21    Page  010
 - - - - - - - - - - - - - - - - - - - - - - - - - - - - - - - - - - - - - -
 
  INPUT ---       blabel(37)=p:time2011;
  INPUT ---       blabel(38)=p:time2012;
  INPUT ---       blabel(39)=p:time2013;
  INPUT ---       blabel(40)=p:time2014;
  INPUT ---       blabel(41)=p:time2015;
  INPUT ---       blabel(42)=p:time2016;
  INPUT ---       rlabel(1)=Phi g1 c1975 a1 t1975;
  INPUT ---       rlabel(2)=p g1 c1975 a2 t1976;
  INPUT ---       rlabel(3)=p g1 c1975 a3 t1977;
  INPUT ---       rlabel(4)=p g1 c1975 a4 t1978;
  INPUT ---       rlabel(5)=p g1 c1975 a5 t1979;
  INPUT ---       rlabel(6)=p g1 c1975 a6 t1980;
  INPUT ---       rlabel(7)=p g1 c1975 a7 t1981;
  INPUT ---       rlabel(8)=p g1 c1975 a8 t1982;
  INPUT ---       rlabel(9)=p g1 c1975 a9 t1983;
  INPUT ---       rlabel(10)=p g1 c1975 a10 t1984;
  INPUT ---       rlabel(11)=p g1 c1975 a11 t1985;
  INPUT ---       rlabel(12)=p g1 c1975 a12 t1986;
  INPUT ---       rlabel(13)=p g1 c1975 a13 t1987;
  INPUT ---       rlabel(14)=p g1 c1975 a14 t1988;
  INPUT ---       rlabel(15)=p g1 c1975 a15 t1989;
  INPUT ---       rlabel(16)=p g1 c1975 a16 t1990;
  INPUT ---       rlabel(17)=p g1 c1975 a17 t1991;
  INPUT ---       rlabel(18)=p g1 c1975 a18 t1992;
  INPUT ---       rlabel(19)=p g1 c1975 a19 t1993;
  INPUT ---       rlabel(20)=p g1 c1975 a20 t1994;
  INPUT ---       rlabel(21)=p g1 c1975 a21 t1995;
  INPUT ---       rlabel(22)=p g1 c1975 a22 t1996;
  INPUT ---       rlabel(23)=p g1 c1975 a23 t1997;
  INPUT ---       rlabel(24)=p g1 c1975 a24 t1998;
  INPUT ---       rlabel(25)=p g1 c1975 a25 t1999;
  INPUT ---       rlabel(26)=p g1 c1975 a26 t2000;
  INPUT ---       rlabel(27)=p g1 c1975 a27 t2001;
  INPUT ---       rlabel(28)=p g1 c1975 a28 t2002;
  INPUT ---       rlabel(29)=p g1 c1975 a29 t2003;
  INPUT ---       rlabel(30)=p g1 c1975 a30 t2004;
  INPUT ---       rlabel(31)=p g1 c1975 a31 t2005;
  INPUT ---       rlabel(32)=p g1 c1975 a32 t2006;
  INPUT ---       rlabel(33)=p g1 c1975 a33 t2007;
  INPUT ---       rlabel(34)=p g1 c1975 a34 t2008;
  INPUT ---       rlabel(35)=p g1 c1975 a35 t2009;
  INPUT ---       rlabel(36)=p g1 c1975 a36 t2010;
  INPUT ---       rlabel(37)=p g1 c1975 a37 t2011;
  INPUT ---       rlabel(38)=p g1 c1975 a38 t2012;
  INPUT ---       rlabel(39)=p g1 c1975 a39 t2013;
  INPUT ---       rlabel(40)=p g1 c1975 a40 t2014;

  Program  MARK  - Survival Rate Estimation with Capture-Recapture Data
   gfortran(Win64) Vers. 8.2 Mar 2017   10-Apr-2017 10:04:21    Page  011
 - - - - - - - - - - - - - - - - - - - - - - - - - - - - - - - - - - - - - -
 
  INPUT ---       rlabel(41)=p g1 c1975 a41 t2015;
  INPUT ---       rlabel(42)=p g1 c1975 a42 t2016;

 Link Function Used is LOGIT        

 Variance Estimation Procedure Used is 2ndPart 
 -2logL(saturated) = 5027.8626     
 Effective Sample Size = 4722

 Number of function evaluations was 83 for 42 parameters.
 Time for numerical optimization was 2.03 seconds.
 -2logL { Phi(~1)p(~time) } = 6066.7208     
 Penalty { Phi(~1)p(~time) } = -0.0000000    
 Gradient { Phi(~1)p(~time) }:
 -0.6320263E-03 0.2671886E-03 0.2596358E-04 0.4694327E-04  0.000000    
   0.000000    -0.5184497E-04  0.000000      0.000000      0.000000    
   0.000000    -0.7086466E-04  0.000000      0.000000    -0.4129302E-04
 -0.1077287E-03-0.1165087E-03  0.000000    -0.5060055E-04-0.5283598E-04
 -0.1807715E-03-0.1328416E-03 0.6830363E-04 0.5105046E-04 0.6758998E-04
  0.8603805E-04 0.1341744E-03 0.6631633E-04 0.1807122E-03  0.000000    
 -0.3902031E-04  0.000000      0.000000      0.000000    -0.6788324E-04
   0.000000      0.000000    -0.1372339E-03-0.1338453E-03  0.000000    
   0.000000      0.000000    
 S Vector { Phi(~1)p(~time) }:
   1026.689      149.4111      19.62217      19.02218      17.84133    
   17.05042      16.24578      15.30087      14.89484      14.10691    
   11.97300      10.39268      9.067166      8.088831      7.506750    
   7.018140      6.759812      6.429441      5.802865      5.439265    
   4.655672      4.118326      3.929148      3.727419      3.540133    
   3.274959      3.053180      2.868157      2.764255      2.579786    
   2.402814      2.275689      2.019725      1.873591      1.716854    
   1.143056     0.9293745     0.1901419E-01 0.6535354E-02 0.3907412E-02
  0.1547002E-06 0.1098500E-06
 Time to compute number of parameters was 1.73 seconds.
   Threshold =  0.8600000E-06     Condition index =  0.1069944E-09     New Threshold =  0.7119092E-06
 New Guessimate of Estimated Parameters { Phi(~1)p(~time) } = 40          
 Conditioned S Vector { Phi(~1)p(~time) }:
   1.000000     0.1455272     0.1911209E-01 0.1852770E-01 0.1737754E-01
  0.1660720E-01 0.1582347E-01 0.1490312E-01 0.1450765E-01 0.1374021E-01
  0.1166177E-01 0.1012252E-01 0.8831467E-02 0.7878563E-02 0.7311613E-02
  0.6835705E-02 0.6584092E-02 0.6262308E-02 0.5652020E-02 0.5297872E-02
  0.4534648E-02 0.4011271E-02 0.3827011E-02 0.3630525E-02 0.3448107E-02
  0.3189827E-02 0.2973813E-02 0.2793599E-02 0.2692399E-02 0.2512725E-02
  0.2340354E-02 0.2216533E-02 0.1967222E-02 0.1824887E-02 0.1672225E-02
  0.1113342E-02 0.9052156E-03 0.1851992E-04 0.6365468E-05 0.3805840E-05
  0.1506788E-09 0.1069944E-09
 Number of Estimated Parameters { Phi(~1)p(~time) } = 40          
 DEVIANCE { Phi(~1)p(~time) } = 1038.8582                     
 DEVIANCE Degrees of Freedom { Phi(~1)p(~time) } = 229            
 c-hat { Phi(~1)p(~time) } = 4.5364988                     
 AIC { Phi(~1)p(~time) } = 6146.7208                  
 AICc { Phi(~1)p(~time) } = 6147.4215                    
 BIC { Phi(~1)p(~time) } = 6405.1203                    
 Pearson Chisquare { Phi(~1)p(~time) } = 22446.109                  

  Program  MARK  - Survival Rate Estimation with Capture-Recapture Data
   gfortran(Win64) Vers. 8.2 Mar 2017   10-Apr-2017 10:04:23    Page  012
 - - - - - - - - - - - - - - - - - - - - - - - - - - - - - - - - - - - - - -
 


                     LOGIT Link Function Parameters of { Phi(~1)p(~time) }
                                                              95% Confidence Interval
 Parameter                    Beta         Standard Error      Lower           Upper
 -------------------------  --------------  --------------  --------------  --------------
    1:Phi:(Intercept)       -0.5829155      0.0399157       -0.6611502      -0.5046807    
    2:p:(Intercept)         0.3615769       1.1987357       -1.9879451      2.7110989     
    3:p:time1977            2.5029632       15.997157       -28.851464      33.857391     
    4:p:time1978            -0.9374337      1.5885529       -4.0509975      2.1761301     
    5:p:time1979            0.2226631       1.3710692       -2.4646325      2.9099587     
    6:p:time1980            0.1996908       1.4151522       -2.5740075      2.9733892     
    7:p:time1981            -0.7542583      1.3732464       -3.4458214      1.9373048     
    8:p:time1982            -0.0183927      1.3394571       -2.6437286      2.6069432     
    9:p:time1983            0.7791726       1.3052649       -1.7791466      3.3374919     
   10:p:time1984            0.5543628       1.2592242       -1.9137168      3.0224423     
   11:p:time1985            0.8051342       1.2695556       -1.6831949      3.2934632     
   12:p:time1986            -0.2834249      1.2346558       -2.7033502      2.1365005     
   13:p:time1987            -0.4181566      1.2284050       -2.8258305      1.9895173     
   14:p:time1988            -0.8933174      1.2242867       -3.2929193      1.5062845     
   15:p:time1989            -1.2025386      1.2246527       -3.6028579      1.1977808     
   16:p:time1990            -0.6884907      1.2225674       -3.0847229      1.7077415     
   17:p:time1991            -0.5612478      1.2231748       -2.9586704      1.8361747     
   18:p:time1992            -1.4841977      1.2279339       -3.8909481      0.9225527     
   19:p:time1993            -0.7974007      1.2234002       -3.1952652      1.6004637     
   20:p:time1994            -0.7213547      1.2226285       -3.1177066      1.6749971     
   21:p:time1995            0.0062371       1.2505023       -2.4447475      2.4572216     
   22:p:time1996            0.3692923       1.2652488       -2.1105954      2.8491801     
   23:p:time1997            1.6630933       1.4029907       -1.0867686      4.4129552     
   24:p:time1998            0.7815603       1.2570663       -1.6822897      3.2454103     
   25:p:time1999            -0.3456057      1.2285125       -2.7534903      2.0622789     
   26:p:time2000            -0.0570842      1.2399116       -2.4873110      2.3731425     
   27:p:time2001            0.3556901       1.2521464       -2.0985169      2.8098970     
   28:p:time2002            1.7428982       1.3309675       -0.8657981      4.3515945     
   29:p:time2003            0.0065670       1.2617701       -2.4665024      2.4796364     
   30:p:time2004            0.2157276       1.2736170       -2.2805618      2.7120171     
   31:p:time2005            3.6616477       12.332427       -20.509910      27.833205     
   32:p:time2006            0.2198225       1.3153103       -2.3581857      2.7978307     
   33:p:time2007            0.1087000       1.3054197       -2.4499227      2.6673227     
   34:p:time2008            0.1348177       1.2912416       -2.3960159      2.6656513     
   35:p:time2009            1.6795854       1.5269195       -1.3131768      4.6723476     
   36:p:time2010            19.999217       0.0000000       19.999217       19.999217     
   37:p:time2011            0.0404313       1.3129079       -2.5328682      2.6137309     
   38:p:time2012            -0.3254663      1.3486343       -2.9687895      2.3178570     
   39:p:time2013            -0.3590241      1.3960726       -3.0953265      2.3772783     
   40:p:time2014            -1.5724220      1.3530973       -4.2244929      1.0796488     

  Program  MARK  - Survival Rate Estimation with Capture-Recapture Data
   gfortran(Win64) Vers. 8.2 Mar 2017   10-Apr-2017 10:04:23    Page  013
 - - - - - - - - - - - - - - - - - - - - - - - - - - - - - - - - - - - - - -
 
   41:p:time2015            0.1060156       1.3216662       -2.4844502      2.6964814     
   42:p:time2016            20.179542       0.0000000       20.179542       20.179542     


                     Real Function Parameters of { Phi(~1)p(~time) }
                                                               95% Confidence Interval
  Parameter                  Estimate       Standard Error      Lower           Upper
 --------------------------  --------------  --------------  --------------  --------------
     1:Phi g1 c1975 a1 t197  0.3582620       0.0091770       0.3404813       0.3764413                           
     2:p g1 c1975 a2 t1976   0.5894221       0.2900985       0.1204744       0.9376784                           
     3:p g1 c1975 a3 t1977   0.9460654       0.8193187       0.3767540E-012  1.0000000                           
     4:p g1 c1975 a4 t1978   0.3598865       0.2419528       0.0669558       0.8149810                           
     5:p g1 c1975 a5 t1979   0.6420424       0.1534345       0.3264489       0.8690711                           
     6:p g1 c1975 a6 t1980   0.6367458       0.1742302       0.2859516       0.8846952                           
     7:p g1 c1975 a7 t1981   0.4030720       0.1613425       0.1535534       0.7153754                           
     8:p g1 c1975 a8 t1982   0.5849638       0.1452572       0.3037521       0.8199284                           
     9:p g1 c1975 a9 t1983   0.7578172       0.0949522       0.5316362       0.8961151                           
    10:p g1 c1975 a10 t1984  0.7142141       0.0789009       0.5394900       0.8420538                           
    11:p g1 c1975 a11 t1985  0.7625500       0.0759043       0.5854217       0.8795686                           
    12:p g1 c1975 a12 t1986  0.5195281       0.0742389       0.3764203       0.6595016                           
    13:p g1 c1975 a13 t1987  0.4858588       0.0675174       0.3574751       0.6161363                           
    14:p g1 c1975 a14 t1988  0.3701110       0.0584408       0.2644291       0.4898996                           
    15:p g1 c1975 a15 t1989  0.3013323       0.0531642       0.2081837       0.4143492                           
    16:p g1 c1975 a16 t1990  0.4189917       0.0589904       0.3096266       0.5369420                           
    17:p g1 c1975 a17 t1991  0.4502475       0.0607590       0.3360860       0.5699001                           
    18:p g1 c1975 a18 t1992  0.2455255       0.0495690       0.1615018       0.3547682                           
    19:p g1 c1975 a19 t1993  0.3927365       0.0587552       0.2852256       0.5117576                           
    20:p g1 c1975 a20 t1994  0.4110133       0.0586914       0.3025952       0.5288216                           
    21:p g1 c1975 a21 t1995  0.5909306       0.0865262       0.4173273       0.7444795                           
    22:p g1 c1975 a22 t1996  0.6749960       0.0891476       0.4836027       0.8216185                           
    23:p g1 c1975 a23 t1997  0.8833631       0.0753208       0.6437866       0.9694541                           
    24:p g1 c1975 a24 t1998  0.7582552       0.0698165       0.5978746       0.8687164                           
    25:p g1 c1975 a25 t1999  0.5039927       0.0676688       0.3741190       0.6333298                           
    26:p g1 c1975 a26 t2000  0.5755404       0.0777963       0.4207545       0.7168038                           
    27:p g1 c1975 a27 t2001  0.6720049       0.0799661       0.5015453       0.8066445                           
    28:p g1 c1975 a28 t2002  0.8913374       0.0560769       0.7250556       0.9622856                           
    29:p g1 c1975 a29 t2003  0.5910104       0.0954201       0.3999713       0.7580233                           
    30:p g1 c1975 a30 t2004  0.6404469       0.0992543       0.4335195       0.8056698                           
    31:p g1 c1975 a31 t2005  0.9824194       0.2120115       0.1987818E-008  1.0000000                           
    32:p g1 c1975 a32 t2006  0.6413893       0.1247412       0.3818813       0.8381286                           
    33:p g1 c1975 a33 t2007  0.6154493       0.1225823       0.3670505       0.8153936                           
    34:p g1 c1975 a34 t2008  0.6216117       0.1130651       0.3903664       0.8082318                           
    35:p g1 c1975 a35 t2009  0.8850516       0.0962744       0.5464581       0.9800809                           
    36:p g1 c1975 a36 t2010  1.0000000       0.0000000       1.0000000       1.0000000                           
    37:p g1 c1975 a37 t2011  0.5991701       0.1288108       0.3431647       0.8104965                           
    38:p g1 c1975 a38 t2012  0.5090267       0.1546859       0.2355880       0.7771689                           

  Program  MARK  - Survival Rate Estimation with Capture-Recapture Data
   gfortran(Win64) Vers. 8.2 Mar 2017   10-Apr-2017 10:04:23    Page  014
 - - - - - - - - - - - - - - - - - - - - - - - - - - - - - - - - - - - - - -
 
    39:p g1 c1975 a39 t2013  0.5006382       0.1791526       0.1974980       0.8033100                           
    40:p g1 c1975 a40 t2014  0.2295515       0.1111123       0.0800085       0.5051350                           
    41:p g1 c1975 a41 t2015  0.6148138       0.1319755       0.3487154       0.8263355                           
    42:p g1 c1975 a42 t2016  1.0000000       0.0000000       1.0000000       1.0000000                           

 Attempted ordering of parameters by estimatibility:
   1  2 16 20 17 19 14 15 25 13 18 12 26 21 27 24 10 29 22 11 30 34 33  9 37
  32 41 28  8 38 40  5  7 39 23  6 35  4 31  3 36 42
 Beta number 42 is a singular value.

     CPU Time in seconds for last procedure was 3.80


  INPUT --- proc stop;

     CPU Time in minutes for this job was 0.06

     Time Start = 10:04:21.907   Time End = 10:04:23.891

     Wall Clock Time in minutes for this job was 0.03


          E X E C U T I O N   S U C C E S S F U L 
