
   Program  MARK  - Survival Rate Estimation with Capture-Recapture Data
   gfortran(Win64) Vers. 8.2 Mar 2017   10-Apr-2017 16:08:13    Page  001
 - - - - - - - - - - - - - - - - - - - - - - - - - - - - - - - - - - - - - -
 
   This version was compiled by GCC version 5.3.0 using the options: 
     -cpp -iprefix c:\tdm-gcc-64\gcc\bin\../lib/gcc/x86_64-w64-mingw32/5.3.0/ -D_MT
     -U_REENTRANT -D IEEE -m64 -mtune=generic -march=x86-64 -mthreads -O3
     -fimplicit-none -fbounds-check -ffpe-summary=invalid,zero,overflow,underflow
     -fno-unsafe-math-optimizations -frounding-math -fsignaling-nans -fopenmp.

   This problem will use 3 of 4 possible threads.


  INPUT --- proc title ;

     CPU Time in seconds for last procedure was 0.00


  INPUT --- proc chmatrix occasions= 42 groups= 2 etype= Live ICMeans 
  INPUT --- NoHist hist= 351 ;

  INPUT ---    time  interval 1 1 1 1 1 1 1 1 1 1 1 1 1 1 1 1 1 1 1 1 1 1 
  INPUT ---    1 1 1 1 1 1 1 1 1 1 1 1 1 1 1 1 1 1 1 ;

  INPUT ---    glabel(1)=age1;

  INPUT ---    glabel(2)=age2;

   * *  WARNING  * *   At least a pair of the encounter histories are duplicates. 

      Number of unique encounter histories read was 242.

      Number of individual covariates read was 0.
      Time interval lengths are all equal to 1.

      Data type number is 1
      Data type is Live Recaptures (CJS)                                                                               

     CPU Time in seconds for last procedure was 0.06

  Program  MARK  - Survival Rate Estimation with Capture-Recapture Data
   gfortran(Win64) Vers. 8.2 Mar 2017   10-Apr-2017 16:08:13    Page  002
 - - - - - - - - - - - - - - - - - - - - - - - - - - - - - - - - - - - - - -
 


  INPUT --- proc estimate link=Logit NOLOOP varest=2ndPart    ;


  INPUT --- model={ Phi(~Age)p(~1) };

  INPUT ---    group=1 Phi    rows=41 cols=41 Triang ;
  INPUT ---        1 2 3 4 5 6 7 8 9 10 11 12 13 14 15 16 17 18 19 20 21 22 
  INPUT ---       23 24 25 26 27 28 29 30 31 32 33 34 35 36 37 38 39 40 41 ;
  INPUT ---        1 2 3 4 5 6 7 8 9 10 11 12 13 14 15 16 17 18 19 20 21 22 
  INPUT ---       23 24 25 26 27 28 29 30 31 32 33 34 35 36 37 38 39 40 ;
  INPUT ---        1 2 3 4 5 6 7 8 9 10 11 12 13 14 15 16 17 18 19 20 21 22 
  INPUT ---       23 24 25 26 27 28 29 30 31 32 33 34 35 36 37 38 39 ;
  INPUT ---        1 2 3 4 5 6 7 8 9 10 11 12 13 14 15 16 17 18 19 20 21 22 
  INPUT ---       23 24 25 26 27 28 29 30 31 32 33 34 35 36 37 38 ;
  INPUT ---        1 2 3 4 5 6 7 8 9 10 11 12 13 14 15 16 17 18 19 20 21 22 
  INPUT ---       23 24 25 26 27 28 29 30 31 32 33 34 35 36 37 ;
  INPUT ---        1 2 3 4 5 6 7 8 9 10 11 12 13 14 15 16 17 18 19 20 21 22 
  INPUT ---       23 24 25 26 27 28 29 30 31 32 33 34 35 36 ;
  INPUT ---        1 2 3 4 5 6 7 8 9 10 11 12 13 14 15 16 17 18 19 20 21 22 
  INPUT ---       23 24 25 26 27 28 29 30 31 32 33 34 35 ;
  INPUT ---        1 2 3 4 5 6 7 8 9 10 11 12 13 14 15 16 17 18 19 20 21 22 
  INPUT ---       23 24 25 26 27 28 29 30 31 32 33 34 ;
  INPUT ---        1 2 3 4 5 6 7 8 9 10 11 12 13 14 15 16 17 18 19 20 21 22 
  INPUT ---       23 24 25 26 27 28 29 30 31 32 33 ;
  INPUT ---        1 2 3 4 5 6 7 8 9 10 11 12 13 14 15 16 17 18 19 20 21 22 
  INPUT ---       23 24 25 26 27 28 29 30 31 32 ;
  INPUT ---        1 2 3 4 5 6 7 8 9 10 11 12 13 14 15 16 17 18 19 20 21 22 
  INPUT ---       23 24 25 26 27 28 29 30 31 ;
  INPUT ---        1 2 3 4 5 6 7 8 9 10 11 12 13 14 15 16 17 18 19 20 21 22 
  INPUT ---       23 24 25 26 27 28 29 30 ;
  INPUT ---        1 2 3 4 5 6 7 8 9 10 11 12 13 14 15 16 17 18 19 20 21 22 
  INPUT ---       23 24 25 26 27 28 29 ;
  INPUT ---        1 2 3 4 5 6 7 8 9 10 11 12 13 14 15 16 17 18 19 20 21 22 
  INPUT ---       23 24 25 26 27 28 ;
  INPUT ---        1 2 3 4 5 6 7 8 9 10 11 12 13 14 15 16 17 18 19 20 21 22 
  INPUT ---       23 24 25 26 27 ;
  INPUT ---        1 2 3 4 5 6 7 8 9 10 11 12 13 14 15 16 17 18 19 20 21 22 
  INPUT ---       23 24 25 26 ;
  INPUT ---        1 2 3 4 5 6 7 8 9 10 11 12 13 14 15 16 17 18 19 20 21 22 
  INPUT ---       23 24 25 ;
  INPUT ---        1 2 3 4 5 6 7 8 9 10 11 12 13 14 15 16 17 18 19 20 21 22 
  INPUT ---       23 24 ;
  INPUT ---        1 2 3 4 5 6 7 8 9 10 11 12 13 14 15 16 17 18 19 20 21 22 
  INPUT ---       23 ;

  Program  MARK  - Survival Rate Estimation with Capture-Recapture Data
   gfortran(Win64) Vers. 8.2 Mar 2017   10-Apr-2017 16:08:13    Page  003
 - - - - - - - - - - - - - - - - - - - - - - - - - - - - - - - - - - - - - -
 
  INPUT ---        1 2 3 4 5 6 7 8 9 10 11 12 13 14 15 16 17 18 19 20 21 22 ;
  INPUT ---        1 2 3 4 5 6 7 8 9 10 11 12 13 14 15 16 17 18 19 20 21 ;
  INPUT ---        1 2 3 4 5 6 7 8 9 10 11 12 13 14 15 16 17 18 19 20 ;
  INPUT ---        1 2 3 4 5 6 7 8 9 10 11 12 13 14 15 16 17 18 19 ;
  INPUT ---        1 2 3 4 5 6 7 8 9 10 11 12 13 14 15 16 17 18 ;
  INPUT ---        1 2 3 4 5 6 7 8 9 10 11 12 13 14 15 16 17 ;
  INPUT ---        1 2 3 4 5 6 7 8 9 10 11 12 13 14 15 16 ;
  INPUT ---        1 2 3 4 5 6 7 8 9 10 11 12 13 14 15 ;
  INPUT ---        1 2 3 4 5 6 7 8 9 10 11 12 13 14 ;
  INPUT ---        1 2 3 4 5 6 7 8 9 10 11 12 13 ;
  INPUT ---        1 2 3 4 5 6 7 8 9 10 11 12 ;
  INPUT ---        1 2 3 4 5 6 7 8 9 10 11 ;
  INPUT ---        1 2 3 4 5 6 7 8 9 10 ;
  INPUT ---        1 2 3 4 5 6 7 8 9 ;
  INPUT ---        1 2 3 4 5 6 7 8 ;
  INPUT ---        1 2 3 4 5 6 7 ;
  INPUT ---        1 2 3 4 5 6 ;
  INPUT ---        1 2 3 4 5 ;
  INPUT ---        1 2 3 4 ;
  INPUT ---        1 2 3 ;
  INPUT ---        1 2 ;
  INPUT ---        1 ;

  INPUT ---    group=2 Phi    rows=41 cols=41 Triang ;
  INPUT ---        2 3 4 5 6 7 8 9 10 11 12 13 14 15 16 17 18 19 20 21 22 23 
  INPUT ---       24 25 26 27 28 29 30 31 32 33 34 35 36 37 38 39 40 41 42 ;
  INPUT ---        2 3 4 5 6 7 8 9 10 11 12 13 14 15 16 17 18 19 20 21 22 23 
  INPUT ---       24 25 26 27 28 29 30 31 32 33 34 35 36 37 38 39 40 41 ;
  INPUT ---        2 3 4 5 6 7 8 9 10 11 12 13 14 15 16 17 18 19 20 21 22 23 
  INPUT ---       24 25 26 27 28 29 30 31 32 33 34 35 36 37 38 39 40 ;
  INPUT ---        2 3 4 5 6 7 8 9 10 11 12 13 14 15 16 17 18 19 20 21 22 23 
  INPUT ---       24 25 26 27 28 29 30 31 32 33 34 35 36 37 38 39 ;
  INPUT ---        2 3 4 5 6 7 8 9 10 11 12 13 14 15 16 17 18 19 20 21 22 23 
  INPUT ---       24 25 26 27 28 29 30 31 32 33 34 35 36 37 38 ;
  INPUT ---        2 3 4 5 6 7 8 9 10 11 12 13 14 15 16 17 18 19 20 21 22 23 
  INPUT ---       24 25 26 27 28 29 30 31 32 33 34 35 36 37 ;
  INPUT ---        2 3 4 5 6 7 8 9 10 11 12 13 14 15 16 17 18 19 20 21 22 23 
  INPUT ---       24 25 26 27 28 29 30 31 32 33 34 35 36 ;
  INPUT ---        2 3 4 5 6 7 8 9 10 11 12 13 14 15 16 17 18 19 20 21 22 23 
  INPUT ---       24 25 26 27 28 29 30 31 32 33 34 35 ;
  INPUT ---        2 3 4 5 6 7 8 9 10 11 12 13 14 15 16 17 18 19 20 21 22 23 
  INPUT ---       24 25 26 27 28 29 30 31 32 33 34 ;
  INPUT ---        2 3 4 5 6 7 8 9 10 11 12 13 14 15 16 17 18 19 20 21 22 23 
  INPUT ---       24 25 26 27 28 29 30 31 32 33 ;
  INPUT ---        2 3 4 5 6 7 8 9 10 11 12 13 14 15 16 17 18 19 20 21 22 23 
  INPUT ---       24 25 26 27 28 29 30 31 32 ;

  Program  MARK  - Survival Rate Estimation with Capture-Recapture Data
   gfortran(Win64) Vers. 8.2 Mar 2017   10-Apr-2017 16:08:13    Page  004
 - - - - - - - - - - - - - - - - - - - - - - - - - - - - - - - - - - - - - -
 
  INPUT ---        2 3 4 5 6 7 8 9 10 11 12 13 14 15 16 17 18 19 20 21 22 23 
  INPUT ---       24 25 26 27 28 29 30 31 ;
  INPUT ---        2 3 4 5 6 7 8 9 10 11 12 13 14 15 16 17 18 19 20 21 22 23 
  INPUT ---       24 25 26 27 28 29 30 ;
  INPUT ---        2 3 4 5 6 7 8 9 10 11 12 13 14 15 16 17 18 19 20 21 22 23 
  INPUT ---       24 25 26 27 28 29 ;
  INPUT ---        2 3 4 5 6 7 8 9 10 11 12 13 14 15 16 17 18 19 20 21 22 23 
  INPUT ---       24 25 26 27 28 ;
  INPUT ---        2 3 4 5 6 7 8 9 10 11 12 13 14 15 16 17 18 19 20 21 22 23 
  INPUT ---       24 25 26 27 ;
  INPUT ---        2 3 4 5 6 7 8 9 10 11 12 13 14 15 16 17 18 19 20 21 22 23 
  INPUT ---       24 25 26 ;
  INPUT ---        2 3 4 5 6 7 8 9 10 11 12 13 14 15 16 17 18 19 20 21 22 23 
  INPUT ---       24 25 ;
  INPUT ---        2 3 4 5 6 7 8 9 10 11 12 13 14 15 16 17 18 19 20 21 22 23 
  INPUT ---       24 ;
  INPUT ---        2 3 4 5 6 7 8 9 10 11 12 13 14 15 16 17 18 19 20 21 22 23 ;
  INPUT ---        2 3 4 5 6 7 8 9 10 11 12 13 14 15 16 17 18 19 20 21 22 ;
  INPUT ---        2 3 4 5 6 7 8 9 10 11 12 13 14 15 16 17 18 19 20 21 ;
  INPUT ---        2 3 4 5 6 7 8 9 10 11 12 13 14 15 16 17 18 19 20 ;
  INPUT ---        2 3 4 5 6 7 8 9 10 11 12 13 14 15 16 17 18 19 ;
  INPUT ---        2 3 4 5 6 7 8 9 10 11 12 13 14 15 16 17 18 ;
  INPUT ---        2 3 4 5 6 7 8 9 10 11 12 13 14 15 16 17 ;
  INPUT ---        2 3 4 5 6 7 8 9 10 11 12 13 14 15 16 ;
  INPUT ---        2 3 4 5 6 7 8 9 10 11 12 13 14 15 ;
  INPUT ---        2 3 4 5 6 7 8 9 10 11 12 13 14 ;
  INPUT ---        2 3 4 5 6 7 8 9 10 11 12 13 ;
  INPUT ---        2 3 4 5 6 7 8 9 10 11 12 ;
  INPUT ---        2 3 4 5 6 7 8 9 10 11 ;
  INPUT ---        2 3 4 5 6 7 8 9 10 ;
  INPUT ---        2 3 4 5 6 7 8 9 ;
  INPUT ---        2 3 4 5 6 7 8 ;
  INPUT ---        2 3 4 5 6 7 ;
  INPUT ---        2 3 4 5 6 ;
  INPUT ---        2 3 4 5 ;
  INPUT ---        2 3 4 ;
  INPUT ---        2 3 ;
  INPUT ---        2 ;

  INPUT ---    group=1 p    rows=41 cols=41 Triang ;
  INPUT ---        43 43 43 43 43 43 43 43 43 43 43 43 43 43 43 43 43 43 43 
  INPUT ---       43 43 43 43 43 43 43 43 43 43 43 43 43 43 43 43 43 43 43 43 
  INPUT ---       43 43 ;
  INPUT ---        43 43 43 43 43 43 43 43 43 43 43 43 43 43 43 43 43 43 43 
  INPUT ---       43 43 43 43 43 43 43 43 43 43 43 43 43 43 43 43 43 43 43 43 
  INPUT ---       43 ;

  Program  MARK  - Survival Rate Estimation with Capture-Recapture Data
   gfortran(Win64) Vers. 8.2 Mar 2017   10-Apr-2017 16:08:13    Page  005
 - - - - - - - - - - - - - - - - - - - - - - - - - - - - - - - - - - - - - -
 
  INPUT ---        43 43 43 43 43 43 43 43 43 43 43 43 43 43 43 43 43 43 43 
  INPUT ---       43 43 43 43 43 43 43 43 43 43 43 43 43 43 43 43 43 43 43 43 
  INPUT ---       ;
  INPUT ---        43 43 43 43 43 43 43 43 43 43 43 43 43 43 43 43 43 43 43 
  INPUT ---       43 43 43 43 43 43 43 43 43 43 43 43 43 43 43 43 43 43 43 ;
  INPUT ---        43 43 43 43 43 43 43 43 43 43 43 43 43 43 43 43 43 43 43 
  INPUT ---       43 43 43 43 43 43 43 43 43 43 43 43 43 43 43 43 43 43 ;
  INPUT ---        43 43 43 43 43 43 43 43 43 43 43 43 43 43 43 43 43 43 43 
  INPUT ---       43 43 43 43 43 43 43 43 43 43 43 43 43 43 43 43 43 ;
  INPUT ---        43 43 43 43 43 43 43 43 43 43 43 43 43 43 43 43 43 43 43 
  INPUT ---       43 43 43 43 43 43 43 43 43 43 43 43 43 43 43 43 ;
  INPUT ---        43 43 43 43 43 43 43 43 43 43 43 43 43 43 43 43 43 43 43 
  INPUT ---       43 43 43 43 43 43 43 43 43 43 43 43 43 43 43 ;
  INPUT ---        43 43 43 43 43 43 43 43 43 43 43 43 43 43 43 43 43 43 43 
  INPUT ---       43 43 43 43 43 43 43 43 43 43 43 43 43 43 ;
  INPUT ---        43 43 43 43 43 43 43 43 43 43 43 43 43 43 43 43 43 43 43 
  INPUT ---       43 43 43 43 43 43 43 43 43 43 43 43 43 ;
  INPUT ---        43 43 43 43 43 43 43 43 43 43 43 43 43 43 43 43 43 43 43 
  INPUT ---       43 43 43 43 43 43 43 43 43 43 43 43 ;
  INPUT ---        43 43 43 43 43 43 43 43 43 43 43 43 43 43 43 43 43 43 43 
  INPUT ---       43 43 43 43 43 43 43 43 43 43 43 ;
  INPUT ---        43 43 43 43 43 43 43 43 43 43 43 43 43 43 43 43 43 43 43 
  INPUT ---       43 43 43 43 43 43 43 43 43 43 ;
  INPUT ---        43 43 43 43 43 43 43 43 43 43 43 43 43 43 43 43 43 43 43 
  INPUT ---       43 43 43 43 43 43 43 43 43 ;
  INPUT ---        43 43 43 43 43 43 43 43 43 43 43 43 43 43 43 43 43 43 43 
  INPUT ---       43 43 43 43 43 43 43 43 ;
  INPUT ---        43 43 43 43 43 43 43 43 43 43 43 43 43 43 43 43 43 43 43 
  INPUT ---       43 43 43 43 43 43 43 ;
  INPUT ---        43 43 43 43 43 43 43 43 43 43 43 43 43 43 43 43 43 43 43 
  INPUT ---       43 43 43 43 43 43 ;
  INPUT ---        43 43 43 43 43 43 43 43 43 43 43 43 43 43 43 43 43 43 43 
  INPUT ---       43 43 43 43 43 ;
  INPUT ---        43 43 43 43 43 43 43 43 43 43 43 43 43 43 43 43 43 43 43 
  INPUT ---       43 43 43 43 ;
  INPUT ---        43 43 43 43 43 43 43 43 43 43 43 43 43 43 43 43 43 43 43 
  INPUT ---       43 43 43 ;
  INPUT ---        43 43 43 43 43 43 43 43 43 43 43 43 43 43 43 43 43 43 43 
  INPUT ---       43 43 ;
  INPUT ---        43 43 43 43 43 43 43 43 43 43 43 43 43 43 43 43 43 43 43 
  INPUT ---       43 ;
  INPUT ---        43 43 43 43 43 43 43 43 43 43 43 43 43 43 43 43 43 43 43 ;
  INPUT ---        43 43 43 43 43 43 43 43 43 43 43 43 43 43 43 43 43 43 ;
  INPUT ---        43 43 43 43 43 43 43 43 43 43 43 43 43 43 43 43 43 ;
  INPUT ---        43 43 43 43 43 43 43 43 43 43 43 43 43 43 43 43 ;
  INPUT ---        43 43 43 43 43 43 43 43 43 43 43 43 43 43 43 ;

  Program  MARK  - Survival Rate Estimation with Capture-Recapture Data
   gfortran(Win64) Vers. 8.2 Mar 2017   10-Apr-2017 16:08:13    Page  006
 - - - - - - - - - - - - - - - - - - - - - - - - - - - - - - - - - - - - - -
 
  INPUT ---        43 43 43 43 43 43 43 43 43 43 43 43 43 43 ;
  INPUT ---        43 43 43 43 43 43 43 43 43 43 43 43 43 ;
  INPUT ---        43 43 43 43 43 43 43 43 43 43 43 43 ;
  INPUT ---        43 43 43 43 43 43 43 43 43 43 43 ;
  INPUT ---        43 43 43 43 43 43 43 43 43 43 ;
  INPUT ---        43 43 43 43 43 43 43 43 43 ;
  INPUT ---        43 43 43 43 43 43 43 43 ;
  INPUT ---        43 43 43 43 43 43 43 ;
  INPUT ---        43 43 43 43 43 43 ;
  INPUT ---        43 43 43 43 43 ;
  INPUT ---        43 43 43 43 ;
  INPUT ---        43 43 43 ;
  INPUT ---        43 43 ;
  INPUT ---        43 ;

  INPUT ---    group=2 p    rows=41 cols=41 Triang ;
  INPUT ---        43 43 43 43 43 43 43 43 43 43 43 43 43 43 43 43 43 43 43 
  INPUT ---       43 43 43 43 43 43 43 43 43 43 43 43 43 43 43 43 43 43 43 43 
  INPUT ---       43 43 ;
  INPUT ---        43 43 43 43 43 43 43 43 43 43 43 43 43 43 43 43 43 43 43 
  INPUT ---       43 43 43 43 43 43 43 43 43 43 43 43 43 43 43 43 43 43 43 43 
  INPUT ---       43 ;
  INPUT ---        43 43 43 43 43 43 43 43 43 43 43 43 43 43 43 43 43 43 43 
  INPUT ---       43 43 43 43 43 43 43 43 43 43 43 43 43 43 43 43 43 43 43 43 
  INPUT ---       ;
  INPUT ---        43 43 43 43 43 43 43 43 43 43 43 43 43 43 43 43 43 43 43 
  INPUT ---       43 43 43 43 43 43 43 43 43 43 43 43 43 43 43 43 43 43 43 ;
  INPUT ---        43 43 43 43 43 43 43 43 43 43 43 43 43 43 43 43 43 43 43 
  INPUT ---       43 43 43 43 43 43 43 43 43 43 43 43 43 43 43 43 43 43 ;
  INPUT ---        43 43 43 43 43 43 43 43 43 43 43 43 43 43 43 43 43 43 43 
  INPUT ---       43 43 43 43 43 43 43 43 43 43 43 43 43 43 43 43 43 ;
  INPUT ---        43 43 43 43 43 43 43 43 43 43 43 43 43 43 43 43 43 43 43 
  INPUT ---       43 43 43 43 43 43 43 43 43 43 43 43 43 43 43 43 ;
  INPUT ---        43 43 43 43 43 43 43 43 43 43 43 43 43 43 43 43 43 43 43 
  INPUT ---       43 43 43 43 43 43 43 43 43 43 43 43 43 43 43 ;
  INPUT ---        43 43 43 43 43 43 43 43 43 43 43 43 43 43 43 43 43 43 43 
  INPUT ---       43 43 43 43 43 43 43 43 43 43 43 43 43 43 ;
  INPUT ---        43 43 43 43 43 43 43 43 43 43 43 43 43 43 43 43 43 43 43 
  INPUT ---       43 43 43 43 43 43 43 43 43 43 43 43 43 ;
  INPUT ---        43 43 43 43 43 43 43 43 43 43 43 43 43 43 43 43 43 43 43 
  INPUT ---       43 43 43 43 43 43 43 43 43 43 43 43 ;
  INPUT ---        43 43 43 43 43 43 43 43 43 43 43 43 43 43 43 43 43 43 43 
  INPUT ---       43 43 43 43 43 43 43 43 43 43 43 ;
  INPUT ---        43 43 43 43 43 43 43 43 43 43 43 43 43 43 43 43 43 43 43 
  INPUT ---       43 43 43 43 43 43 43 43 43 43 ;
  INPUT ---        43 43 43 43 43 43 43 43 43 43 43 43 43 43 43 43 43 43 43 

  Program  MARK  - Survival Rate Estimation with Capture-Recapture Data
   gfortran(Win64) Vers. 8.2 Mar 2017   10-Apr-2017 16:08:13    Page  007
 - - - - - - - - - - - - - - - - - - - - - - - - - - - - - - - - - - - - - -
 
  INPUT ---       43 43 43 43 43 43 43 43 43 ;
  INPUT ---        43 43 43 43 43 43 43 43 43 43 43 43 43 43 43 43 43 43 43 
  INPUT ---       43 43 43 43 43 43 43 43 ;
  INPUT ---        43 43 43 43 43 43 43 43 43 43 43 43 43 43 43 43 43 43 43 
  INPUT ---       43 43 43 43 43 43 43 ;
  INPUT ---        43 43 43 43 43 43 43 43 43 43 43 43 43 43 43 43 43 43 43 
  INPUT ---       43 43 43 43 43 43 ;
  INPUT ---        43 43 43 43 43 43 43 43 43 43 43 43 43 43 43 43 43 43 43 
  INPUT ---       43 43 43 43 43 ;
  INPUT ---        43 43 43 43 43 43 43 43 43 43 43 43 43 43 43 43 43 43 43 
  INPUT ---       43 43 43 43 ;
  INPUT ---        43 43 43 43 43 43 43 43 43 43 43 43 43 43 43 43 43 43 43 
  INPUT ---       43 43 43 ;
  INPUT ---        43 43 43 43 43 43 43 43 43 43 43 43 43 43 43 43 43 43 43 
  INPUT ---       43 43 ;
  INPUT ---        43 43 43 43 43 43 43 43 43 43 43 43 43 43 43 43 43 43 43 
  INPUT ---       43 ;
  INPUT ---        43 43 43 43 43 43 43 43 43 43 43 43 43 43 43 43 43 43 43 ;
  INPUT ---        43 43 43 43 43 43 43 43 43 43 43 43 43 43 43 43 43 43 ;
  INPUT ---        43 43 43 43 43 43 43 43 43 43 43 43 43 43 43 43 43 ;
  INPUT ---        43 43 43 43 43 43 43 43 43 43 43 43 43 43 43 43 ;
  INPUT ---        43 43 43 43 43 43 43 43 43 43 43 43 43 43 43 ;
  INPUT ---        43 43 43 43 43 43 43 43 43 43 43 43 43 43 ;
  INPUT ---        43 43 43 43 43 43 43 43 43 43 43 43 43 ;
  INPUT ---        43 43 43 43 43 43 43 43 43 43 43 43 ;
  INPUT ---        43 43 43 43 43 43 43 43 43 43 43 ;
  INPUT ---        43 43 43 43 43 43 43 43 43 43 ;
  INPUT ---        43 43 43 43 43 43 43 43 43 ;
  INPUT ---        43 43 43 43 43 43 43 43 ;
  INPUT ---        43 43 43 43 43 43 43 ;
  INPUT ---        43 43 43 43 43 43 ;
  INPUT ---        43 43 43 43 43 ;
  INPUT ---        43 43 43 43 ;
  INPUT ---        43 43 43 ;
  INPUT ---        43 43 ;
  INPUT ---        43 ;

  INPUT ---    design matrix constraints=43 covariates=3;
  INPUT ---        1 1 0;
  INPUT ---        1 2 0;
  INPUT ---        1 3 0;
  INPUT ---        1 4 0;
  INPUT ---        1 5 0;
  INPUT ---        1 6 0;
  INPUT ---        1 7 0;
  INPUT ---        1 8 0;

  Program  MARK  - Survival Rate Estimation with Capture-Recapture Data
   gfortran(Win64) Vers. 8.2 Mar 2017   10-Apr-2017 16:08:13    Page  008
 - - - - - - - - - - - - - - - - - - - - - - - - - - - - - - - - - - - - - -
 
  INPUT ---        1 9 0;
  INPUT ---        1 10 0;
  INPUT ---        1 11 0;
  INPUT ---        1 12 0;
  INPUT ---        1 13 0;
  INPUT ---        1 14 0;
  INPUT ---        1 15 0;
  INPUT ---        1 16 0;
  INPUT ---        1 17 0;
  INPUT ---        1 18 0;
  INPUT ---        1 19 0;
  INPUT ---        1 20 0;
  INPUT ---        1 21 0;
  INPUT ---        1 22 0;
  INPUT ---        1 23 0;
  INPUT ---        1 24 0;
  INPUT ---        1 25 0;
  INPUT ---        1 26 0;
  INPUT ---        1 27 0;
  INPUT ---        1 28 0;
  INPUT ---        1 29 0;
  INPUT ---        1 30 0;
  INPUT ---        1 31 0;
  INPUT ---        1 32 0;
  INPUT ---        1 33 0;
  INPUT ---        1 34 0;
  INPUT ---        1 35 0;
  INPUT ---        1 36 0;
  INPUT ---        1 37 0;
  INPUT ---        1 38 0;
  INPUT ---        1 39 0;
  INPUT ---        1 40 0;
  INPUT ---        1 41 0;
  INPUT ---        1 42 0;
  INPUT ---        0 0 1;
  INPUT ---       blabel(1)=Phi:(Intercept);
  INPUT ---       blabel(2)=Phi:Age;
  INPUT ---       blabel(3)=p:(Intercept);
  INPUT ---       rlabel(1)=Phi g1 c1975 a1 t1975;
  INPUT ---       rlabel(2)=Phi g1 c1975 a2 t1976;
  INPUT ---       rlabel(3)=Phi g1 c1975 a3 t1977;
  INPUT ---       rlabel(4)=Phi g1 c1975 a4 t1978;
  INPUT ---       rlabel(5)=Phi g1 c1975 a5 t1979;
  INPUT ---       rlabel(6)=Phi g1 c1975 a6 t1980;
  INPUT ---       rlabel(7)=Phi g1 c1975 a7 t1981;
  INPUT ---       rlabel(8)=Phi g1 c1975 a8 t1982;

  Program  MARK  - Survival Rate Estimation with Capture-Recapture Data
   gfortran(Win64) Vers. 8.2 Mar 2017   10-Apr-2017 16:08:13    Page  009
 - - - - - - - - - - - - - - - - - - - - - - - - - - - - - - - - - - - - - -
 
  INPUT ---       rlabel(9)=Phi g1 c1975 a9 t1983;
  INPUT ---       rlabel(10)=Phi g1 c1975 a10 t1984;
  INPUT ---       rlabel(11)=Phi g1 c1975 a11 t1985;
  INPUT ---       rlabel(12)=Phi g1 c1975 a12 t1986;
  INPUT ---       rlabel(13)=Phi g1 c1975 a13 t1987;
  INPUT ---       rlabel(14)=Phi g1 c1975 a14 t1988;
  INPUT ---       rlabel(15)=Phi g1 c1975 a15 t1989;
  INPUT ---       rlabel(16)=Phi g1 c1975 a16 t1990;
  INPUT ---       rlabel(17)=Phi g1 c1975 a17 t1991;
  INPUT ---       rlabel(18)=Phi g1 c1975 a18 t1992;
  INPUT ---       rlabel(19)=Phi g1 c1975 a19 t1993;
  INPUT ---       rlabel(20)=Phi g1 c1975 a20 t1994;
  INPUT ---       rlabel(21)=Phi g1 c1975 a21 t1995;
  INPUT ---       rlabel(22)=Phi g1 c1975 a22 t1996;
  INPUT ---       rlabel(23)=Phi g1 c1975 a23 t1997;
  INPUT ---       rlabel(24)=Phi g1 c1975 a24 t1998;
  INPUT ---       rlabel(25)=Phi g1 c1975 a25 t1999;
  INPUT ---       rlabel(26)=Phi g1 c1975 a26 t2000;
  INPUT ---       rlabel(27)=Phi g1 c1975 a27 t2001;
  INPUT ---       rlabel(28)=Phi g1 c1975 a28 t2002;
  INPUT ---       rlabel(29)=Phi g1 c1975 a29 t2003;
  INPUT ---       rlabel(30)=Phi g1 c1975 a30 t2004;
  INPUT ---       rlabel(31)=Phi g1 c1975 a31 t2005;
  INPUT ---       rlabel(32)=Phi g1 c1975 a32 t2006;
  INPUT ---       rlabel(33)=Phi g1 c1975 a33 t2007;
  INPUT ---       rlabel(34)=Phi g1 c1975 a34 t2008;
  INPUT ---       rlabel(35)=Phi g1 c1975 a35 t2009;
  INPUT ---       rlabel(36)=Phi g1 c1975 a36 t2010;
  INPUT ---       rlabel(37)=Phi g1 c1975 a37 t2011;
  INPUT ---       rlabel(38)=Phi g1 c1975 a38 t2012;
  INPUT ---       rlabel(39)=Phi g1 c1975 a39 t2013;
  INPUT ---       rlabel(40)=Phi g1 c1975 a40 t2014;
  INPUT ---       rlabel(41)=Phi g1 c1975 a41 t2015;
  INPUT ---       rlabel(42)=Phi g2 c1975 a42 t2015;
  INPUT ---       rlabel(43)=p g1 c1975 a2 t1976;

 Link Function Used is LOGIT        

 Variance Estimation Procedure Used is 2ndPart 
 -2logL(saturated) = 5027.8626     
 Effective Sample Size = 4722

 Number of function evaluations was 12 for 3 parameters.
 Time for numerical optimization was 0.05 seconds.

  Program  MARK  - Survival Rate Estimation with Capture-Recapture Data
   gfortran(Win64) Vers. 8.2 Mar 2017   10-Apr-2017 16:08:13    Page  010
 - - - - - - - - - - - - - - - - - - - - - - - - - - - - - - - - - - - - - -
 
 -2logL { Phi(~Age)p(~1) } = 6169.6303     
 Penalty { Phi(~Age)p(~1) } = -0.0000000    
 Gradient { Phi(~Age)p(~1) }:
 -0.7887203E-04-0.7597664E-05 0.2170277E-03
 S Vector { Phi(~Age)p(~1) }:
   1003.461      139.2023     0.7484152    
 Time to compute number of parameters was 0.01 seconds.
   Threshold =  0.8000000E-07     Condition index =  0.7458337E-03     New Threshold =   1.296293    
 New Guessimate of Estimated Parameters { Phi(~Age)p(~1) } = 1          
 Conditioned S Vector { Phi(~Age)p(~1) }:
   1.000000     0.1387222     0.7458337E-03
 Number of Estimated Parameters { Phi(~Age)p(~1) } = 3          
 DEVIANCE { Phi(~Age)p(~1) } = 1141.7677                     
 DEVIANCE Degrees of Freedom { Phi(~Age)p(~1) } = 266            
 c-hat { Phi(~Age)p(~1) } = 4.2923598                     
 AIC { Phi(~Age)p(~1) } = 6175.6303                  
 AICc { Phi(~Age)p(~1) } = 6175.6353                    
 BIC { Phi(~Age)p(~1) } = 6195.0102                    
 Pearson Chisquare { Phi(~Age)p(~1) } = 27941.102                  


                      LOGIT Link Function Parameters of { Phi(~Age)p(~1) }
                                                              95% Confidence Interval
 Parameter                    Beta         Standard Error      Lower           Upper
 -------------------------  --------------  --------------  --------------  --------------
    1:Phi:(Intercept)       -1.3062539      0.0785026       -1.4601189      -1.1523889    
    2:Phi:Age               0.2612074       0.0274636       0.2073787       0.3150362     
    3:p:(Intercept)         0.6762734       0.0876023       0.5045729       0.8479740     


                      Real Function Parameters of { Phi(~Age)p(~1) }
                                                               95% Confidence Interval
  Parameter                  Estimate       Standard Error      Lower           Upper
 --------------------------  --------------  --------------  --------------  --------------
     1:Phi g1 c1975 a1 t197  0.2601774       0.0106919       0.2397742       0.2816736                           
     2:Phi g1 c1975 a2 t197  0.3134931       0.0083816       0.2973035       0.3301500                           
     3:Phi g1 c1975 a3 t197  0.3722371       0.0089181       0.3549311       0.3898769                           
     4:Phi g1 c1975 a4 t197  0.4350136       0.0132464       0.4092514       0.4611317                           
     5:Phi g1 c1975 a5 t197  0.4999458       0.0191403       0.4625014       0.5373908                           
     6:Phi g1 c1975 a6 t198  0.5648798       0.0249776       0.5154483       0.6130541                           
     7:Phi g1 c1975 a7 t198  0.6276616       0.0298378       0.5675732       0.6840484                           
     8:Phi g1 c1975 a8 t198  0.6864136       0.0331953       0.6180169       0.7475658                           
     9:Phi g1 c1975 a9 t198  0.7397391       0.0348539       0.6659188       0.8020954                           
    10:Phi g1 c1975 a10 t19  0.7868129       0.0348933       0.7105583       0.8472953                           
    11:Phi g1 c1975 a11 t19  0.8273595       0.0335834       0.7514190       0.8836914                           
    12:Phi g1 c1975 a12 t19  0.8615514       0.0312864       0.7882055       0.9123225                           
    13:Phi g1 c1975 a13 t19  0.8898728       0.0283728       0.8208302       0.9344352                           
    14:Phi g1 c1975 a14 t19  0.9129859       0.0251666       0.8493796       0.9512725                           
    15:Phi g1 c1975 a15 t19  0.9316208       0.0219197       0.8740710       0.9639548                           
    16:Phi g1 c1975 a16 t19  0.9464988       0.0188079       0.8952096       0.9734298                           
    17:Phi g1 c1975 a17 t19  0.9582845       0.0159404       0.9131494       0.9804653                           
    18:Phi g1 c1975 a18 t19  0.9675630       0.0133736       0.9282621       0.9856657                           
    19:Phi g1 c1975 a19 t19  0.9748319       0.0111261       0.9409138       0.9894968                           
    20:Phi g1 c1975 a20 t19  0.9805047       0.0091919       0.9514500       0.9923121                           
    21:Phi g1 c1975 a21 t19  0.9849187       0.0075496       0.9601863       0.9943772                           
    22:Phi g1 c1975 a22 t19  0.9883451       0.0061702       0.9674039       0.9958899                           

  Program  MARK  - Survival Rate Estimation with Capture-Recapture Data
   gfortran(Win64) Vers. 8.2 Mar 2017   10-Apr-2017 16:08:13    Page  011
 - - - - - - - - - - - - - - - - - - - - - - - - - - - - - - - - - - - - - -
 
    23:Phi g1 c1975 a23 t19  0.9910002       0.0050218       0.9733490       0.9969969                           
    24:Phi g1 c1975 a24 t19  0.9930547       0.0040725       0.9782340       0.9978065                           
    25:Phi g1 c1975 a25 t19  0.9946427       0.0032924       0.9822398       0.9983981                           
    26:Phi g1 c1975 a26 t20  0.9958692       0.0026546       0.9855191       0.9988304                           
    27:Phi g1 c1975 a27 t20  0.9968157       0.0021353       0.9882002       0.9991461                           
    28:Phi g1 c1975 a28 t20  0.9975459       0.0017140       0.9903896       0.9993767                           
    29:Phi g1 c1975 a29 t20  0.9981090       0.0013732       0.9921760       0.9995450                           
    30:Phi g1 c1975 a30 t20  0.9985431       0.0010984       0.9936324       0.9996679                           
    31:Phi g1 c1975 a31 t20  0.9988776       0.8772209E-003  0.9948191       0.9997576                           
    32:Phi g1 c1975 a32 t20  0.9991354       0.6996153E-003  0.9957856       0.9998231                           
    33:Phi g1 c1975 a33 t20  0.9993340       0.5572632E-003  0.9965723       0.9998709                           
    34:Phi g1 c1975 a34 t20  0.9994870       0.4433595E-003  0.9972126       0.9999058                           
    35:Phi g1 c1975 a35 t20  0.9996049       0.3523583E-003  0.9977336       0.9999312                           
    36:Phi g1 c1975 a36 t20  0.9996957       0.2797557E-003  0.9981574       0.9999498                           
    37:Phi g1 c1975 a37 t20  0.9997656       0.2219060E-003  0.9985020       0.9999634                           
    38:Phi g1 c1975 a38 t20  0.9998195       0.1758656E-003  0.9987823       0.9999733                           
    39:Phi g1 c1975 a39 t20  0.9998610       0.1392637E-003  0.9990101       0.9999805                           
    40:Phi g1 c1975 a40 t20  0.9998929       0.1101948E-003  0.9991954       0.9999858                           
    41:Phi g1 c1975 a41 t20  0.9999176       0.8713030E-004  0.9993460       0.9999896                           
    42:Phi g2 c1975 a42 t20  0.9999365       0.6884618E-004  0.9994685       0.9999924                           
    43:p g1 c1975 a2 t1976   0.6629065       0.0195757       0.6235334       0.7001420                           

     CPU Time in seconds for last procedure was 0.08

  Program  MARK  - Survival Rate Estimation with Capture-Recapture Data
   gfortran(Win64) Vers. 8.2 Mar 2017   10-Apr-2017 16:08:13    Page  012
 - - - - - - - - - - - - - - - - - - - - - - - - - - - - - - - - - - - - - -
 


  INPUT --- proc stop;

     CPU Time in minutes for this job was 0.00

     Time Start = 16:08:13.610   Time End = 16:08:13.727

     Wall Clock Time in minutes for this job was 0.00


          E X E C U T I O N   S U C C E S S F U L 
