
   Program  MARK  - Survival Rate Estimation with Capture-Recapture Data
   gfortran(Win64) Vers. 8.2 Mar 2017   10-Apr-2017 20:05:40    Page  001
 - - - - - - - - - - - - - - - - - - - - - - - - - - - - - - - - - - - - - -
 
   This version was compiled by GCC version 5.3.0 using the options: 
     -cpp -iprefix c:\tdm-gcc-64\gcc\bin\../lib/gcc/x86_64-w64-mingw32/5.3.0/ -D_MT
     -U_REENTRANT -D IEEE -m64 -mtune=generic -march=x86-64 -mthreads -O3
     -fimplicit-none -fbounds-check -ffpe-summary=invalid,zero,overflow,underflow
     -fno-unsafe-math-optimizations -frounding-math -fsignaling-nans -fopenmp.

   This problem will use 3 of 4 possible threads.


  INPUT --- proc title ;

     CPU Time in seconds for last procedure was 0.00


  INPUT --- proc chmatrix occasions= 42 groups= 2 etype= Live ICMeans 
  INPUT --- NoHist hist= 351 ;

  INPUT ---    time  interval 1 1 1 1 1 1 1 1 1 1 1 1 1 1 1 1 1 1 1 1 1 1 
  INPUT ---    1 1 1 1 1 1 1 1 1 1 1 1 1 1 1 1 1 1 1 ;

  INPUT ---    glabel(1)=age1;

  INPUT ---    glabel(2)=age2;

   * *  WARNING  * *   At least a pair of the encounter histories are duplicates. 

      Number of unique encounter histories read was 242.

      Number of individual covariates read was 0.
      Time interval lengths are all equal to 1.

      Data type number is 1
      Data type is Live Recaptures (CJS)                                                                               

     CPU Time in seconds for last procedure was 0.05

  Program  MARK  - Survival Rate Estimation with Capture-Recapture Data
   gfortran(Win64) Vers. 8.2 Mar 2017   10-Apr-2017 20:05:40    Page  002
 - - - - - - - - - - - - - - - - - - - - - - - - - - - - - - - - - - - - - -
 


  INPUT --- proc estimate link=Logit NOLOOP varest=2ndPart    ;


  INPUT --- model={ Phi(~Age)p(~time) };

  INPUT ---    group=1 Phi    rows=41 cols=41 Triang ;
  INPUT ---        1 2 3 4 5 6 7 8 9 10 11 12 13 14 15 16 17 18 19 20 21 22 
  INPUT ---       23 24 25 26 27 28 29 30 31 32 33 34 35 36 37 38 39 40 41 ;
  INPUT ---        1 2 3 4 5 6 7 8 9 10 11 12 13 14 15 16 17 18 19 20 21 22 
  INPUT ---       23 24 25 26 27 28 29 30 31 32 33 34 35 36 37 38 39 40 ;
  INPUT ---        1 2 3 4 5 6 7 8 9 10 11 12 13 14 15 16 17 18 19 20 21 22 
  INPUT ---       23 24 25 26 27 28 29 30 31 32 33 34 35 36 37 38 39 ;
  INPUT ---        1 2 3 4 5 6 7 8 9 10 11 12 13 14 15 16 17 18 19 20 21 22 
  INPUT ---       23 24 25 26 27 28 29 30 31 32 33 34 35 36 37 38 ;
  INPUT ---        1 2 3 4 5 6 7 8 9 10 11 12 13 14 15 16 17 18 19 20 21 22 
  INPUT ---       23 24 25 26 27 28 29 30 31 32 33 34 35 36 37 ;
  INPUT ---        1 2 3 4 5 6 7 8 9 10 11 12 13 14 15 16 17 18 19 20 21 22 
  INPUT ---       23 24 25 26 27 28 29 30 31 32 33 34 35 36 ;
  INPUT ---        1 2 3 4 5 6 7 8 9 10 11 12 13 14 15 16 17 18 19 20 21 22 
  INPUT ---       23 24 25 26 27 28 29 30 31 32 33 34 35 ;
  INPUT ---        1 2 3 4 5 6 7 8 9 10 11 12 13 14 15 16 17 18 19 20 21 22 
  INPUT ---       23 24 25 26 27 28 29 30 31 32 33 34 ;
  INPUT ---        1 2 3 4 5 6 7 8 9 10 11 12 13 14 15 16 17 18 19 20 21 22 
  INPUT ---       23 24 25 26 27 28 29 30 31 32 33 ;
  INPUT ---        1 2 3 4 5 6 7 8 9 10 11 12 13 14 15 16 17 18 19 20 21 22 
  INPUT ---       23 24 25 26 27 28 29 30 31 32 ;
  INPUT ---        1 2 3 4 5 6 7 8 9 10 11 12 13 14 15 16 17 18 19 20 21 22 
  INPUT ---       23 24 25 26 27 28 29 30 31 ;
  INPUT ---        1 2 3 4 5 6 7 8 9 10 11 12 13 14 15 16 17 18 19 20 21 22 
  INPUT ---       23 24 25 26 27 28 29 30 ;
  INPUT ---        1 2 3 4 5 6 7 8 9 10 11 12 13 14 15 16 17 18 19 20 21 22 
  INPUT ---       23 24 25 26 27 28 29 ;
  INPUT ---        1 2 3 4 5 6 7 8 9 10 11 12 13 14 15 16 17 18 19 20 21 22 
  INPUT ---       23 24 25 26 27 28 ;
  INPUT ---        1 2 3 4 5 6 7 8 9 10 11 12 13 14 15 16 17 18 19 20 21 22 
  INPUT ---       23 24 25 26 27 ;
  INPUT ---        1 2 3 4 5 6 7 8 9 10 11 12 13 14 15 16 17 18 19 20 21 22 
  INPUT ---       23 24 25 26 ;
  INPUT ---        1 2 3 4 5 6 7 8 9 10 11 12 13 14 15 16 17 18 19 20 21 22 
  INPUT ---       23 24 25 ;
  INPUT ---        1 2 3 4 5 6 7 8 9 10 11 12 13 14 15 16 17 18 19 20 21 22 
  INPUT ---       23 24 ;
  INPUT ---        1 2 3 4 5 6 7 8 9 10 11 12 13 14 15 16 17 18 19 20 21 22 
  INPUT ---       23 ;

  Program  MARK  - Survival Rate Estimation with Capture-Recapture Data
   gfortran(Win64) Vers. 8.2 Mar 2017   10-Apr-2017 20:05:40    Page  003
 - - - - - - - - - - - - - - - - - - - - - - - - - - - - - - - - - - - - - -
 
  INPUT ---        1 2 3 4 5 6 7 8 9 10 11 12 13 14 15 16 17 18 19 20 21 22 ;
  INPUT ---        1 2 3 4 5 6 7 8 9 10 11 12 13 14 15 16 17 18 19 20 21 ;
  INPUT ---        1 2 3 4 5 6 7 8 9 10 11 12 13 14 15 16 17 18 19 20 ;
  INPUT ---        1 2 3 4 5 6 7 8 9 10 11 12 13 14 15 16 17 18 19 ;
  INPUT ---        1 2 3 4 5 6 7 8 9 10 11 12 13 14 15 16 17 18 ;
  INPUT ---        1 2 3 4 5 6 7 8 9 10 11 12 13 14 15 16 17 ;
  INPUT ---        1 2 3 4 5 6 7 8 9 10 11 12 13 14 15 16 ;
  INPUT ---        1 2 3 4 5 6 7 8 9 10 11 12 13 14 15 ;
  INPUT ---        1 2 3 4 5 6 7 8 9 10 11 12 13 14 ;
  INPUT ---        1 2 3 4 5 6 7 8 9 10 11 12 13 ;
  INPUT ---        1 2 3 4 5 6 7 8 9 10 11 12 ;
  INPUT ---        1 2 3 4 5 6 7 8 9 10 11 ;
  INPUT ---        1 2 3 4 5 6 7 8 9 10 ;
  INPUT ---        1 2 3 4 5 6 7 8 9 ;
  INPUT ---        1 2 3 4 5 6 7 8 ;
  INPUT ---        1 2 3 4 5 6 7 ;
  INPUT ---        1 2 3 4 5 6 ;
  INPUT ---        1 2 3 4 5 ;
  INPUT ---        1 2 3 4 ;
  INPUT ---        1 2 3 ;
  INPUT ---        1 2 ;
  INPUT ---        1 ;

  INPUT ---    group=2 Phi    rows=41 cols=41 Triang ;
  INPUT ---        2 3 4 5 6 7 8 9 10 11 12 13 14 15 16 17 18 19 20 21 22 23 
  INPUT ---       24 25 26 27 28 29 30 31 32 33 34 35 36 37 38 39 40 41 42 ;
  INPUT ---        2 3 4 5 6 7 8 9 10 11 12 13 14 15 16 17 18 19 20 21 22 23 
  INPUT ---       24 25 26 27 28 29 30 31 32 33 34 35 36 37 38 39 40 41 ;
  INPUT ---        2 3 4 5 6 7 8 9 10 11 12 13 14 15 16 17 18 19 20 21 22 23 
  INPUT ---       24 25 26 27 28 29 30 31 32 33 34 35 36 37 38 39 40 ;
  INPUT ---        2 3 4 5 6 7 8 9 10 11 12 13 14 15 16 17 18 19 20 21 22 23 
  INPUT ---       24 25 26 27 28 29 30 31 32 33 34 35 36 37 38 39 ;
  INPUT ---        2 3 4 5 6 7 8 9 10 11 12 13 14 15 16 17 18 19 20 21 22 23 
  INPUT ---       24 25 26 27 28 29 30 31 32 33 34 35 36 37 38 ;
  INPUT ---        2 3 4 5 6 7 8 9 10 11 12 13 14 15 16 17 18 19 20 21 22 23 
  INPUT ---       24 25 26 27 28 29 30 31 32 33 34 35 36 37 ;
  INPUT ---        2 3 4 5 6 7 8 9 10 11 12 13 14 15 16 17 18 19 20 21 22 23 
  INPUT ---       24 25 26 27 28 29 30 31 32 33 34 35 36 ;
  INPUT ---        2 3 4 5 6 7 8 9 10 11 12 13 14 15 16 17 18 19 20 21 22 23 
  INPUT ---       24 25 26 27 28 29 30 31 32 33 34 35 ;
  INPUT ---        2 3 4 5 6 7 8 9 10 11 12 13 14 15 16 17 18 19 20 21 22 23 
  INPUT ---       24 25 26 27 28 29 30 31 32 33 34 ;
  INPUT ---        2 3 4 5 6 7 8 9 10 11 12 13 14 15 16 17 18 19 20 21 22 23 
  INPUT ---       24 25 26 27 28 29 30 31 32 33 ;
  INPUT ---        2 3 4 5 6 7 8 9 10 11 12 13 14 15 16 17 18 19 20 21 22 23 
  INPUT ---       24 25 26 27 28 29 30 31 32 ;

  Program  MARK  - Survival Rate Estimation with Capture-Recapture Data
   gfortran(Win64) Vers. 8.2 Mar 2017   10-Apr-2017 20:05:40    Page  004
 - - - - - - - - - - - - - - - - - - - - - - - - - - - - - - - - - - - - - -
 
  INPUT ---        2 3 4 5 6 7 8 9 10 11 12 13 14 15 16 17 18 19 20 21 22 23 
  INPUT ---       24 25 26 27 28 29 30 31 ;
  INPUT ---        2 3 4 5 6 7 8 9 10 11 12 13 14 15 16 17 18 19 20 21 22 23 
  INPUT ---       24 25 26 27 28 29 30 ;
  INPUT ---        2 3 4 5 6 7 8 9 10 11 12 13 14 15 16 17 18 19 20 21 22 23 
  INPUT ---       24 25 26 27 28 29 ;
  INPUT ---        2 3 4 5 6 7 8 9 10 11 12 13 14 15 16 17 18 19 20 21 22 23 
  INPUT ---       24 25 26 27 28 ;
  INPUT ---        2 3 4 5 6 7 8 9 10 11 12 13 14 15 16 17 18 19 20 21 22 23 
  INPUT ---       24 25 26 27 ;
  INPUT ---        2 3 4 5 6 7 8 9 10 11 12 13 14 15 16 17 18 19 20 21 22 23 
  INPUT ---       24 25 26 ;
  INPUT ---        2 3 4 5 6 7 8 9 10 11 12 13 14 15 16 17 18 19 20 21 22 23 
  INPUT ---       24 25 ;
  INPUT ---        2 3 4 5 6 7 8 9 10 11 12 13 14 15 16 17 18 19 20 21 22 23 
  INPUT ---       24 ;
  INPUT ---        2 3 4 5 6 7 8 9 10 11 12 13 14 15 16 17 18 19 20 21 22 23 ;
  INPUT ---        2 3 4 5 6 7 8 9 10 11 12 13 14 15 16 17 18 19 20 21 22 ;
  INPUT ---        2 3 4 5 6 7 8 9 10 11 12 13 14 15 16 17 18 19 20 21 ;
  INPUT ---        2 3 4 5 6 7 8 9 10 11 12 13 14 15 16 17 18 19 20 ;
  INPUT ---        2 3 4 5 6 7 8 9 10 11 12 13 14 15 16 17 18 19 ;
  INPUT ---        2 3 4 5 6 7 8 9 10 11 12 13 14 15 16 17 18 ;
  INPUT ---        2 3 4 5 6 7 8 9 10 11 12 13 14 15 16 17 ;
  INPUT ---        2 3 4 5 6 7 8 9 10 11 12 13 14 15 16 ;
  INPUT ---        2 3 4 5 6 7 8 9 10 11 12 13 14 15 ;
  INPUT ---        2 3 4 5 6 7 8 9 10 11 12 13 14 ;
  INPUT ---        2 3 4 5 6 7 8 9 10 11 12 13 ;
  INPUT ---        2 3 4 5 6 7 8 9 10 11 12 ;
  INPUT ---        2 3 4 5 6 7 8 9 10 11 ;
  INPUT ---        2 3 4 5 6 7 8 9 10 ;
  INPUT ---        2 3 4 5 6 7 8 9 ;
  INPUT ---        2 3 4 5 6 7 8 ;
  INPUT ---        2 3 4 5 6 7 ;
  INPUT ---        2 3 4 5 6 ;
  INPUT ---        2 3 4 5 ;
  INPUT ---        2 3 4 ;
  INPUT ---        2 3 ;
  INPUT ---        2 ;

  INPUT ---    group=1 p    rows=41 cols=41 Triang ;
  INPUT ---        43 44 45 46 47 48 49 50 51 52 53 54 55 56 57 58 59 60 61 
  INPUT ---       62 63 64 65 66 67 68 69 70 71 72 73 74 75 76 77 78 79 80 81 
  INPUT ---       82 83 ;
  INPUT ---        44 45 46 47 48 49 50 51 52 53 54 55 56 57 58 59 60 61 62 
  INPUT ---       63 64 65 66 67 68 69 70 71 72 73 74 75 76 77 78 79 80 81 82 
  INPUT ---       83 ;

  Program  MARK  - Survival Rate Estimation with Capture-Recapture Data
   gfortran(Win64) Vers. 8.2 Mar 2017   10-Apr-2017 20:05:40    Page  005
 - - - - - - - - - - - - - - - - - - - - - - - - - - - - - - - - - - - - - -
 
  INPUT ---        45 46 47 48 49 50 51 52 53 54 55 56 57 58 59 60 61 62 63 
  INPUT ---       64 65 66 67 68 69 70 71 72 73 74 75 76 77 78 79 80 81 82 83 
  INPUT ---       ;
  INPUT ---        46 47 48 49 50 51 52 53 54 55 56 57 58 59 60 61 62 63 64 
  INPUT ---       65 66 67 68 69 70 71 72 73 74 75 76 77 78 79 80 81 82 83 ;
  INPUT ---        47 48 49 50 51 52 53 54 55 56 57 58 59 60 61 62 63 64 65 
  INPUT ---       66 67 68 69 70 71 72 73 74 75 76 77 78 79 80 81 82 83 ;
  INPUT ---        48 49 50 51 52 53 54 55 56 57 58 59 60 61 62 63 64 65 66 
  INPUT ---       67 68 69 70 71 72 73 74 75 76 77 78 79 80 81 82 83 ;
  INPUT ---        49 50 51 52 53 54 55 56 57 58 59 60 61 62 63 64 65 66 67 
  INPUT ---       68 69 70 71 72 73 74 75 76 77 78 79 80 81 82 83 ;
  INPUT ---        50 51 52 53 54 55 56 57 58 59 60 61 62 63 64 65 66 67 68 
  INPUT ---       69 70 71 72 73 74 75 76 77 78 79 80 81 82 83 ;
  INPUT ---        51 52 53 54 55 56 57 58 59 60 61 62 63 64 65 66 67 68 69 
  INPUT ---       70 71 72 73 74 75 76 77 78 79 80 81 82 83 ;
  INPUT ---        52 53 54 55 56 57 58 59 60 61 62 63 64 65 66 67 68 69 70 
  INPUT ---       71 72 73 74 75 76 77 78 79 80 81 82 83 ;
  INPUT ---        53 54 55 56 57 58 59 60 61 62 63 64 65 66 67 68 69 70 71 
  INPUT ---       72 73 74 75 76 77 78 79 80 81 82 83 ;
  INPUT ---        54 55 56 57 58 59 60 61 62 63 64 65 66 67 68 69 70 71 72 
  INPUT ---       73 74 75 76 77 78 79 80 81 82 83 ;
  INPUT ---        55 56 57 58 59 60 61 62 63 64 65 66 67 68 69 70 71 72 73 
  INPUT ---       74 75 76 77 78 79 80 81 82 83 ;
  INPUT ---        56 57 58 59 60 61 62 63 64 65 66 67 68 69 70 71 72 73 74 
  INPUT ---       75 76 77 78 79 80 81 82 83 ;
  INPUT ---        57 58 59 60 61 62 63 64 65 66 67 68 69 70 71 72 73 74 75 
  INPUT ---       76 77 78 79 80 81 82 83 ;
  INPUT ---        58 59 60 61 62 63 64 65 66 67 68 69 70 71 72 73 74 75 76 
  INPUT ---       77 78 79 80 81 82 83 ;
  INPUT ---        59 60 61 62 63 64 65 66 67 68 69 70 71 72 73 74 75 76 77 
  INPUT ---       78 79 80 81 82 83 ;
  INPUT ---        60 61 62 63 64 65 66 67 68 69 70 71 72 73 74 75 76 77 78 
  INPUT ---       79 80 81 82 83 ;
  INPUT ---        61 62 63 64 65 66 67 68 69 70 71 72 73 74 75 76 77 78 79 
  INPUT ---       80 81 82 83 ;
  INPUT ---        62 63 64 65 66 67 68 69 70 71 72 73 74 75 76 77 78 79 80 
  INPUT ---       81 82 83 ;
  INPUT ---        63 64 65 66 67 68 69 70 71 72 73 74 75 76 77 78 79 80 81 
  INPUT ---       82 83 ;
  INPUT ---        64 65 66 67 68 69 70 71 72 73 74 75 76 77 78 79 80 81 82 
  INPUT ---       83 ;
  INPUT ---        65 66 67 68 69 70 71 72 73 74 75 76 77 78 79 80 81 82 83 ;
  INPUT ---        66 67 68 69 70 71 72 73 74 75 76 77 78 79 80 81 82 83 ;
  INPUT ---        67 68 69 70 71 72 73 74 75 76 77 78 79 80 81 82 83 ;
  INPUT ---        68 69 70 71 72 73 74 75 76 77 78 79 80 81 82 83 ;
  INPUT ---        69 70 71 72 73 74 75 76 77 78 79 80 81 82 83 ;

  Program  MARK  - Survival Rate Estimation with Capture-Recapture Data
   gfortran(Win64) Vers. 8.2 Mar 2017   10-Apr-2017 20:05:40    Page  006
 - - - - - - - - - - - - - - - - - - - - - - - - - - - - - - - - - - - - - -
 
  INPUT ---        70 71 72 73 74 75 76 77 78 79 80 81 82 83 ;
  INPUT ---        71 72 73 74 75 76 77 78 79 80 81 82 83 ;
  INPUT ---        72 73 74 75 76 77 78 79 80 81 82 83 ;
  INPUT ---        73 74 75 76 77 78 79 80 81 82 83 ;
  INPUT ---        74 75 76 77 78 79 80 81 82 83 ;
  INPUT ---        75 76 77 78 79 80 81 82 83 ;
  INPUT ---        76 77 78 79 80 81 82 83 ;
  INPUT ---        77 78 79 80 81 82 83 ;
  INPUT ---        78 79 80 81 82 83 ;
  INPUT ---        79 80 81 82 83 ;
  INPUT ---        80 81 82 83 ;
  INPUT ---        81 82 83 ;
  INPUT ---        82 83 ;
  INPUT ---        83 ;

  INPUT ---    group=2 p    rows=41 cols=41 Triang ;
  INPUT ---        43 44 45 46 47 48 49 50 51 52 53 54 55 56 57 58 59 60 61 
  INPUT ---       62 63 64 65 66 67 68 69 70 71 72 73 74 75 76 77 78 79 80 81 
  INPUT ---       82 83 ;
  INPUT ---        44 45 46 47 48 49 50 51 52 53 54 55 56 57 58 59 60 61 62 
  INPUT ---       63 64 65 66 67 68 69 70 71 72 73 74 75 76 77 78 79 80 81 82 
  INPUT ---       83 ;
  INPUT ---        45 46 47 48 49 50 51 52 53 54 55 56 57 58 59 60 61 62 63 
  INPUT ---       64 65 66 67 68 69 70 71 72 73 74 75 76 77 78 79 80 81 82 83 
  INPUT ---       ;
  INPUT ---        46 47 48 49 50 51 52 53 54 55 56 57 58 59 60 61 62 63 64 
  INPUT ---       65 66 67 68 69 70 71 72 73 74 75 76 77 78 79 80 81 82 83 ;
  INPUT ---        47 48 49 50 51 52 53 54 55 56 57 58 59 60 61 62 63 64 65 
  INPUT ---       66 67 68 69 70 71 72 73 74 75 76 77 78 79 80 81 82 83 ;
  INPUT ---        48 49 50 51 52 53 54 55 56 57 58 59 60 61 62 63 64 65 66 
  INPUT ---       67 68 69 70 71 72 73 74 75 76 77 78 79 80 81 82 83 ;
  INPUT ---        49 50 51 52 53 54 55 56 57 58 59 60 61 62 63 64 65 66 67 
  INPUT ---       68 69 70 71 72 73 74 75 76 77 78 79 80 81 82 83 ;
  INPUT ---        50 51 52 53 54 55 56 57 58 59 60 61 62 63 64 65 66 67 68 
  INPUT ---       69 70 71 72 73 74 75 76 77 78 79 80 81 82 83 ;
  INPUT ---        51 52 53 54 55 56 57 58 59 60 61 62 63 64 65 66 67 68 69 
  INPUT ---       70 71 72 73 74 75 76 77 78 79 80 81 82 83 ;
  INPUT ---        52 53 54 55 56 57 58 59 60 61 62 63 64 65 66 67 68 69 70 
  INPUT ---       71 72 73 74 75 76 77 78 79 80 81 82 83 ;
  INPUT ---        53 54 55 56 57 58 59 60 61 62 63 64 65 66 67 68 69 70 71 
  INPUT ---       72 73 74 75 76 77 78 79 80 81 82 83 ;
  INPUT ---        54 55 56 57 58 59 60 61 62 63 64 65 66 67 68 69 70 71 72 
  INPUT ---       73 74 75 76 77 78 79 80 81 82 83 ;
  INPUT ---        55 56 57 58 59 60 61 62 63 64 65 66 67 68 69 70 71 72 73 
  INPUT ---       74 75 76 77 78 79 80 81 82 83 ;
  INPUT ---        56 57 58 59 60 61 62 63 64 65 66 67 68 69 70 71 72 73 74 

  Program  MARK  - Survival Rate Estimation with Capture-Recapture Data
   gfortran(Win64) Vers. 8.2 Mar 2017   10-Apr-2017 20:05:40    Page  007
 - - - - - - - - - - - - - - - - - - - - - - - - - - - - - - - - - - - - - -
 
  INPUT ---       75 76 77 78 79 80 81 82 83 ;
  INPUT ---        57 58 59 60 61 62 63 64 65 66 67 68 69 70 71 72 73 74 75 
  INPUT ---       76 77 78 79 80 81 82 83 ;
  INPUT ---        58 59 60 61 62 63 64 65 66 67 68 69 70 71 72 73 74 75 76 
  INPUT ---       77 78 79 80 81 82 83 ;
  INPUT ---        59 60 61 62 63 64 65 66 67 68 69 70 71 72 73 74 75 76 77 
  INPUT ---       78 79 80 81 82 83 ;
  INPUT ---        60 61 62 63 64 65 66 67 68 69 70 71 72 73 74 75 76 77 78 
  INPUT ---       79 80 81 82 83 ;
  INPUT ---        61 62 63 64 65 66 67 68 69 70 71 72 73 74 75 76 77 78 79 
  INPUT ---       80 81 82 83 ;
  INPUT ---        62 63 64 65 66 67 68 69 70 71 72 73 74 75 76 77 78 79 80 
  INPUT ---       81 82 83 ;
  INPUT ---        63 64 65 66 67 68 69 70 71 72 73 74 75 76 77 78 79 80 81 
  INPUT ---       82 83 ;
  INPUT ---        64 65 66 67 68 69 70 71 72 73 74 75 76 77 78 79 80 81 82 
  INPUT ---       83 ;
  INPUT ---        65 66 67 68 69 70 71 72 73 74 75 76 77 78 79 80 81 82 83 ;
  INPUT ---        66 67 68 69 70 71 72 73 74 75 76 77 78 79 80 81 82 83 ;
  INPUT ---        67 68 69 70 71 72 73 74 75 76 77 78 79 80 81 82 83 ;
  INPUT ---        68 69 70 71 72 73 74 75 76 77 78 79 80 81 82 83 ;
  INPUT ---        69 70 71 72 73 74 75 76 77 78 79 80 81 82 83 ;
  INPUT ---        70 71 72 73 74 75 76 77 78 79 80 81 82 83 ;
  INPUT ---        71 72 73 74 75 76 77 78 79 80 81 82 83 ;
  INPUT ---        72 73 74 75 76 77 78 79 80 81 82 83 ;
  INPUT ---        73 74 75 76 77 78 79 80 81 82 83 ;
  INPUT ---        74 75 76 77 78 79 80 81 82 83 ;
  INPUT ---        75 76 77 78 79 80 81 82 83 ;
  INPUT ---        76 77 78 79 80 81 82 83 ;
  INPUT ---        77 78 79 80 81 82 83 ;
  INPUT ---        78 79 80 81 82 83 ;
  INPUT ---        79 80 81 82 83 ;
  INPUT ---        80 81 82 83 ;
  INPUT ---        81 82 83 ;
  INPUT ---        82 83 ;
  INPUT ---        83 ;

  INPUT ---    design matrix constraints=83 covariates=43;
  INPUT ---        1 1 0 0 0 0 0 0 0 0 0 0 0 0 0 0 0 0 0 0 0 0 0 0 0 0 0 0 0 
  INPUT ---       0 0 0 0 0 0 0 0 0 0 0 0 0 0;
  INPUT ---        1 2 0 0 0 0 0 0 0 0 0 0 0 0 0 0 0 0 0 0 0 0 0 0 0 0 0 0 0 
  INPUT ---       0 0 0 0 0 0 0 0 0 0 0 0 0 0;
  INPUT ---        1 3 0 0 0 0 0 0 0 0 0 0 0 0 0 0 0 0 0 0 0 0 0 0 0 0 0 0 0 
  INPUT ---       0 0 0 0 0 0 0 0 0 0 0 0 0 0;
  INPUT ---        1 4 0 0 0 0 0 0 0 0 0 0 0 0 0 0 0 0 0 0 0 0 0 0 0 0 0 0 0 
  INPUT ---       0 0 0 0 0 0 0 0 0 0 0 0 0 0;

  Program  MARK  - Survival Rate Estimation with Capture-Recapture Data
   gfortran(Win64) Vers. 8.2 Mar 2017   10-Apr-2017 20:05:40    Page  008
 - - - - - - - - - - - - - - - - - - - - - - - - - - - - - - - - - - - - - -
 
  INPUT ---        1 5 0 0 0 0 0 0 0 0 0 0 0 0 0 0 0 0 0 0 0 0 0 0 0 0 0 0 0 
  INPUT ---       0 0 0 0 0 0 0 0 0 0 0 0 0 0;
  INPUT ---        1 6 0 0 0 0 0 0 0 0 0 0 0 0 0 0 0 0 0 0 0 0 0 0 0 0 0 0 0 
  INPUT ---       0 0 0 0 0 0 0 0 0 0 0 0 0 0;
  INPUT ---        1 7 0 0 0 0 0 0 0 0 0 0 0 0 0 0 0 0 0 0 0 0 0 0 0 0 0 0 0 
  INPUT ---       0 0 0 0 0 0 0 0 0 0 0 0 0 0;
  INPUT ---        1 8 0 0 0 0 0 0 0 0 0 0 0 0 0 0 0 0 0 0 0 0 0 0 0 0 0 0 0 
  INPUT ---       0 0 0 0 0 0 0 0 0 0 0 0 0 0;
  INPUT ---        1 9 0 0 0 0 0 0 0 0 0 0 0 0 0 0 0 0 0 0 0 0 0 0 0 0 0 0 0 
  INPUT ---       0 0 0 0 0 0 0 0 0 0 0 0 0 0;
  INPUT ---        1 10 0 0 0 0 0 0 0 0 0 0 0 0 0 0 0 0 0 0 0 0 0 0 0 0 0 0 0 
  INPUT ---       0 0 0 0 0 0 0 0 0 0 0 0 0 0;
  INPUT ---        1 11 0 0 0 0 0 0 0 0 0 0 0 0 0 0 0 0 0 0 0 0 0 0 0 0 0 0 0 
  INPUT ---       0 0 0 0 0 0 0 0 0 0 0 0 0 0;
  INPUT ---        1 12 0 0 0 0 0 0 0 0 0 0 0 0 0 0 0 0 0 0 0 0 0 0 0 0 0 0 0 
  INPUT ---       0 0 0 0 0 0 0 0 0 0 0 0 0 0;
  INPUT ---        1 13 0 0 0 0 0 0 0 0 0 0 0 0 0 0 0 0 0 0 0 0 0 0 0 0 0 0 0 
  INPUT ---       0 0 0 0 0 0 0 0 0 0 0 0 0 0;
  INPUT ---        1 14 0 0 0 0 0 0 0 0 0 0 0 0 0 0 0 0 0 0 0 0 0 0 0 0 0 0 0 
  INPUT ---       0 0 0 0 0 0 0 0 0 0 0 0 0 0;
  INPUT ---        1 15 0 0 0 0 0 0 0 0 0 0 0 0 0 0 0 0 0 0 0 0 0 0 0 0 0 0 0 
  INPUT ---       0 0 0 0 0 0 0 0 0 0 0 0 0 0;
  INPUT ---        1 16 0 0 0 0 0 0 0 0 0 0 0 0 0 0 0 0 0 0 0 0 0 0 0 0 0 0 0 
  INPUT ---       0 0 0 0 0 0 0 0 0 0 0 0 0 0;
  INPUT ---        1 17 0 0 0 0 0 0 0 0 0 0 0 0 0 0 0 0 0 0 0 0 0 0 0 0 0 0 0 
  INPUT ---       0 0 0 0 0 0 0 0 0 0 0 0 0 0;
  INPUT ---        1 18 0 0 0 0 0 0 0 0 0 0 0 0 0 0 0 0 0 0 0 0 0 0 0 0 0 0 0 
  INPUT ---       0 0 0 0 0 0 0 0 0 0 0 0 0 0;
  INPUT ---        1 19 0 0 0 0 0 0 0 0 0 0 0 0 0 0 0 0 0 0 0 0 0 0 0 0 0 0 0 
  INPUT ---       0 0 0 0 0 0 0 0 0 0 0 0 0 0;
  INPUT ---        1 20 0 0 0 0 0 0 0 0 0 0 0 0 0 0 0 0 0 0 0 0 0 0 0 0 0 0 0 
  INPUT ---       0 0 0 0 0 0 0 0 0 0 0 0 0 0;
  INPUT ---        1 21 0 0 0 0 0 0 0 0 0 0 0 0 0 0 0 0 0 0 0 0 0 0 0 0 0 0 0 
  INPUT ---       0 0 0 0 0 0 0 0 0 0 0 0 0 0;
  INPUT ---        1 22 0 0 0 0 0 0 0 0 0 0 0 0 0 0 0 0 0 0 0 0 0 0 0 0 0 0 0 
  INPUT ---       0 0 0 0 0 0 0 0 0 0 0 0 0 0;
  INPUT ---        1 23 0 0 0 0 0 0 0 0 0 0 0 0 0 0 0 0 0 0 0 0 0 0 0 0 0 0 0 
  INPUT ---       0 0 0 0 0 0 0 0 0 0 0 0 0 0;
  INPUT ---        1 24 0 0 0 0 0 0 0 0 0 0 0 0 0 0 0 0 0 0 0 0 0 0 0 0 0 0 0 
  INPUT ---       0 0 0 0 0 0 0 0 0 0 0 0 0 0;
  INPUT ---        1 25 0 0 0 0 0 0 0 0 0 0 0 0 0 0 0 0 0 0 0 0 0 0 0 0 0 0 0 
  INPUT ---       0 0 0 0 0 0 0 0 0 0 0 0 0 0;
  INPUT ---        1 26 0 0 0 0 0 0 0 0 0 0 0 0 0 0 0 0 0 0 0 0 0 0 0 0 0 0 0 
  INPUT ---       0 0 0 0 0 0 0 0 0 0 0 0 0 0;
  INPUT ---        1 27 0 0 0 0 0 0 0 0 0 0 0 0 0 0 0 0 0 0 0 0 0 0 0 0 0 0 0 
  INPUT ---       0 0 0 0 0 0 0 0 0 0 0 0 0 0;

  Program  MARK  - Survival Rate Estimation with Capture-Recapture Data
   gfortran(Win64) Vers. 8.2 Mar 2017   10-Apr-2017 20:05:40    Page  009
 - - - - - - - - - - - - - - - - - - - - - - - - - - - - - - - - - - - - - -
 
  INPUT ---        1 28 0 0 0 0 0 0 0 0 0 0 0 0 0 0 0 0 0 0 0 0 0 0 0 0 0 0 0 
  INPUT ---       0 0 0 0 0 0 0 0 0 0 0 0 0 0;
  INPUT ---        1 29 0 0 0 0 0 0 0 0 0 0 0 0 0 0 0 0 0 0 0 0 0 0 0 0 0 0 0 
  INPUT ---       0 0 0 0 0 0 0 0 0 0 0 0 0 0;
  INPUT ---        1 30 0 0 0 0 0 0 0 0 0 0 0 0 0 0 0 0 0 0 0 0 0 0 0 0 0 0 0 
  INPUT ---       0 0 0 0 0 0 0 0 0 0 0 0 0 0;
  INPUT ---        1 31 0 0 0 0 0 0 0 0 0 0 0 0 0 0 0 0 0 0 0 0 0 0 0 0 0 0 0 
  INPUT ---       0 0 0 0 0 0 0 0 0 0 0 0 0 0;
  INPUT ---        1 32 0 0 0 0 0 0 0 0 0 0 0 0 0 0 0 0 0 0 0 0 0 0 0 0 0 0 0 
  INPUT ---       0 0 0 0 0 0 0 0 0 0 0 0 0 0;
  INPUT ---        1 33 0 0 0 0 0 0 0 0 0 0 0 0 0 0 0 0 0 0 0 0 0 0 0 0 0 0 0 
  INPUT ---       0 0 0 0 0 0 0 0 0 0 0 0 0 0;
  INPUT ---        1 34 0 0 0 0 0 0 0 0 0 0 0 0 0 0 0 0 0 0 0 0 0 0 0 0 0 0 0 
  INPUT ---       0 0 0 0 0 0 0 0 0 0 0 0 0 0;
  INPUT ---        1 35 0 0 0 0 0 0 0 0 0 0 0 0 0 0 0 0 0 0 0 0 0 0 0 0 0 0 0 
  INPUT ---       0 0 0 0 0 0 0 0 0 0 0 0 0 0;
  INPUT ---        1 36 0 0 0 0 0 0 0 0 0 0 0 0 0 0 0 0 0 0 0 0 0 0 0 0 0 0 0 
  INPUT ---       0 0 0 0 0 0 0 0 0 0 0 0 0 0;
  INPUT ---        1 37 0 0 0 0 0 0 0 0 0 0 0 0 0 0 0 0 0 0 0 0 0 0 0 0 0 0 0 
  INPUT ---       0 0 0 0 0 0 0 0 0 0 0 0 0 0;
  INPUT ---        1 38 0 0 0 0 0 0 0 0 0 0 0 0 0 0 0 0 0 0 0 0 0 0 0 0 0 0 0 
  INPUT ---       0 0 0 0 0 0 0 0 0 0 0 0 0 0;
  INPUT ---        1 39 0 0 0 0 0 0 0 0 0 0 0 0 0 0 0 0 0 0 0 0 0 0 0 0 0 0 0 
  INPUT ---       0 0 0 0 0 0 0 0 0 0 0 0 0 0;
  INPUT ---        1 40 0 0 0 0 0 0 0 0 0 0 0 0 0 0 0 0 0 0 0 0 0 0 0 0 0 0 0 
  INPUT ---       0 0 0 0 0 0 0 0 0 0 0 0 0 0;
  INPUT ---        1 41 0 0 0 0 0 0 0 0 0 0 0 0 0 0 0 0 0 0 0 0 0 0 0 0 0 0 0 
  INPUT ---       0 0 0 0 0 0 0 0 0 0 0 0 0 0;
  INPUT ---        1 42 0 0 0 0 0 0 0 0 0 0 0 0 0 0 0 0 0 0 0 0 0 0 0 0 0 0 0 
  INPUT ---       0 0 0 0 0 0 0 0 0 0 0 0 0 0;
  INPUT ---        0 0 1 0 0 0 0 0 0 0 0 0 0 0 0 0 0 0 0 0 0 0 0 0 0 0 0 0 0 
  INPUT ---       0 0 0 0 0 0 0 0 0 0 0 0 0 0;
  INPUT ---        0 0 1 1 0 0 0 0 0 0 0 0 0 0 0 0 0 0 0 0 0 0 0 0 0 0 0 0 0 
  INPUT ---       0 0 0 0 0 0 0 0 0 0 0 0 0 0;
  INPUT ---        0 0 1 0 1 0 0 0 0 0 0 0 0 0 0 0 0 0 0 0 0 0 0 0 0 0 0 0 0 
  INPUT ---       0 0 0 0 0 0 0 0 0 0 0 0 0 0;
  INPUT ---        0 0 1 0 0 1 0 0 0 0 0 0 0 0 0 0 0 0 0 0 0 0 0 0 0 0 0 0 0 
  INPUT ---       0 0 0 0 0 0 0 0 0 0 0 0 0 0;
  INPUT ---        0 0 1 0 0 0 1 0 0 0 0 0 0 0 0 0 0 0 0 0 0 0 0 0 0 0 0 0 0 
  INPUT ---       0 0 0 0 0 0 0 0 0 0 0 0 0 0;
  INPUT ---        0 0 1 0 0 0 0 1 0 0 0 0 0 0 0 0 0 0 0 0 0 0 0 0 0 0 0 0 0 
  INPUT ---       0 0 0 0 0 0 0 0 0 0 0 0 0 0;
  INPUT ---        0 0 1 0 0 0 0 0 1 0 0 0 0 0 0 0 0 0 0 0 0 0 0 0 0 0 0 0 0 
  INPUT ---       0 0 0 0 0 0 0 0 0 0 0 0 0 0;
  INPUT ---        0 0 1 0 0 0 0 0 0 1 0 0 0 0 0 0 0 0 0 0 0 0 0 0 0 0 0 0 0 
  INPUT ---       0 0 0 0 0 0 0 0 0 0 0 0 0 0;

  Program  MARK  - Survival Rate Estimation with Capture-Recapture Data
   gfortran(Win64) Vers. 8.2 Mar 2017   10-Apr-2017 20:05:40    Page  010
 - - - - - - - - - - - - - - - - - - - - - - - - - - - - - - - - - - - - - -
 
  INPUT ---        0 0 1 0 0 0 0 0 0 0 1 0 0 0 0 0 0 0 0 0 0 0 0 0 0 0 0 0 0 
  INPUT ---       0 0 0 0 0 0 0 0 0 0 0 0 0 0;
  INPUT ---        0 0 1 0 0 0 0 0 0 0 0 1 0 0 0 0 0 0 0 0 0 0 0 0 0 0 0 0 0 
  INPUT ---       0 0 0 0 0 0 0 0 0 0 0 0 0 0;
  INPUT ---        0 0 1 0 0 0 0 0 0 0 0 0 1 0 0 0 0 0 0 0 0 0 0 0 0 0 0 0 0 
  INPUT ---       0 0 0 0 0 0 0 0 0 0 0 0 0 0;
  INPUT ---        0 0 1 0 0 0 0 0 0 0 0 0 0 1 0 0 0 0 0 0 0 0 0 0 0 0 0 0 0 
  INPUT ---       0 0 0 0 0 0 0 0 0 0 0 0 0 0;
  INPUT ---        0 0 1 0 0 0 0 0 0 0 0 0 0 0 1 0 0 0 0 0 0 0 0 0 0 0 0 0 0 
  INPUT ---       0 0 0 0 0 0 0 0 0 0 0 0 0 0;
  INPUT ---        0 0 1 0 0 0 0 0 0 0 0 0 0 0 0 1 0 0 0 0 0 0 0 0 0 0 0 0 0 
  INPUT ---       0 0 0 0 0 0 0 0 0 0 0 0 0 0;
  INPUT ---        0 0 1 0 0 0 0 0 0 0 0 0 0 0 0 0 1 0 0 0 0 0 0 0 0 0 0 0 0 
  INPUT ---       0 0 0 0 0 0 0 0 0 0 0 0 0 0;
  INPUT ---        0 0 1 0 0 0 0 0 0 0 0 0 0 0 0 0 0 1 0 0 0 0 0 0 0 0 0 0 0 
  INPUT ---       0 0 0 0 0 0 0 0 0 0 0 0 0 0;
  INPUT ---        0 0 1 0 0 0 0 0 0 0 0 0 0 0 0 0 0 0 1 0 0 0 0 0 0 0 0 0 0 
  INPUT ---       0 0 0 0 0 0 0 0 0 0 0 0 0 0;
  INPUT ---        0 0 1 0 0 0 0 0 0 0 0 0 0 0 0 0 0 0 0 1 0 0 0 0 0 0 0 0 0 
  INPUT ---       0 0 0 0 0 0 0 0 0 0 0 0 0 0;
  INPUT ---        0 0 1 0 0 0 0 0 0 0 0 0 0 0 0 0 0 0 0 0 1 0 0 0 0 0 0 0 0 
  INPUT ---       0 0 0 0 0 0 0 0 0 0 0 0 0 0;
  INPUT ---        0 0 1 0 0 0 0 0 0 0 0 0 0 0 0 0 0 0 0 0 0 1 0 0 0 0 0 0 0 
  INPUT ---       0 0 0 0 0 0 0 0 0 0 0 0 0 0;
  INPUT ---        0 0 1 0 0 0 0 0 0 0 0 0 0 0 0 0 0 0 0 0 0 0 1 0 0 0 0 0 0 
  INPUT ---       0 0 0 0 0 0 0 0 0 0 0 0 0 0;
  INPUT ---        0 0 1 0 0 0 0 0 0 0 0 0 0 0 0 0 0 0 0 0 0 0 0 1 0 0 0 0 0 
  INPUT ---       0 0 0 0 0 0 0 0 0 0 0 0 0 0;
  INPUT ---        0 0 1 0 0 0 0 0 0 0 0 0 0 0 0 0 0 0 0 0 0 0 0 0 1 0 0 0 0 
  INPUT ---       0 0 0 0 0 0 0 0 0 0 0 0 0 0;
  INPUT ---        0 0 1 0 0 0 0 0 0 0 0 0 0 0 0 0 0 0 0 0 0 0 0 0 0 1 0 0 0 
  INPUT ---       0 0 0 0 0 0 0 0 0 0 0 0 0 0;
  INPUT ---        0 0 1 0 0 0 0 0 0 0 0 0 0 0 0 0 0 0 0 0 0 0 0 0 0 0 1 0 0 
  INPUT ---       0 0 0 0 0 0 0 0 0 0 0 0 0 0;
  INPUT ---        0 0 1 0 0 0 0 0 0 0 0 0 0 0 0 0 0 0 0 0 0 0 0 0 0 0 0 1 0 
  INPUT ---       0 0 0 0 0 0 0 0 0 0 0 0 0 0;
  INPUT ---        0 0 1 0 0 0 0 0 0 0 0 0 0 0 0 0 0 0 0 0 0 0 0 0 0 0 0 0 1 
  INPUT ---       0 0 0 0 0 0 0 0 0 0 0 0 0 0;
  INPUT ---        0 0 1 0 0 0 0 0 0 0 0 0 0 0 0 0 0 0 0 0 0 0 0 0 0 0 0 0 0 
  INPUT ---       1 0 0 0 0 0 0 0 0 0 0 0 0 0;
  INPUT ---        0 0 1 0 0 0 0 0 0 0 0 0 0 0 0 0 0 0 0 0 0 0 0 0 0 0 0 0 0 
  INPUT ---       0 1 0 0 0 0 0 0 0 0 0 0 0 0;
  INPUT ---        0 0 1 0 0 0 0 0 0 0 0 0 0 0 0 0 0 0 0 0 0 0 0 0 0 0 0 0 0 
  INPUT ---       0 0 1 0 0 0 0 0 0 0 0 0 0 0;
  INPUT ---        0 0 1 0 0 0 0 0 0 0 0 0 0 0 0 0 0 0 0 0 0 0 0 0 0 0 0 0 0 
  INPUT ---       0 0 0 1 0 0 0 0 0 0 0 0 0 0;

  Program  MARK  - Survival Rate Estimation with Capture-Recapture Data
   gfortran(Win64) Vers. 8.2 Mar 2017   10-Apr-2017 20:05:40    Page  011
 - - - - - - - - - - - - - - - - - - - - - - - - - - - - - - - - - - - - - -
 
  INPUT ---        0 0 1 0 0 0 0 0 0 0 0 0 0 0 0 0 0 0 0 0 0 0 0 0 0 0 0 0 0 
  INPUT ---       0 0 0 0 1 0 0 0 0 0 0 0 0 0;
  INPUT ---        0 0 1 0 0 0 0 0 0 0 0 0 0 0 0 0 0 0 0 0 0 0 0 0 0 0 0 0 0 
  INPUT ---       0 0 0 0 0 1 0 0 0 0 0 0 0 0;
  INPUT ---        0 0 1 0 0 0 0 0 0 0 0 0 0 0 0 0 0 0 0 0 0 0 0 0 0 0 0 0 0 
  INPUT ---       0 0 0 0 0 0 1 0 0 0 0 0 0 0;
  INPUT ---        0 0 1 0 0 0 0 0 0 0 0 0 0 0 0 0 0 0 0 0 0 0 0 0 0 0 0 0 0 
  INPUT ---       0 0 0 0 0 0 0 1 0 0 0 0 0 0;
  INPUT ---        0 0 1 0 0 0 0 0 0 0 0 0 0 0 0 0 0 0 0 0 0 0 0 0 0 0 0 0 0 
  INPUT ---       0 0 0 0 0 0 0 0 1 0 0 0 0 0;
  INPUT ---        0 0 1 0 0 0 0 0 0 0 0 0 0 0 0 0 0 0 0 0 0 0 0 0 0 0 0 0 0 
  INPUT ---       0 0 0 0 0 0 0 0 0 1 0 0 0 0;
  INPUT ---        0 0 1 0 0 0 0 0 0 0 0 0 0 0 0 0 0 0 0 0 0 0 0 0 0 0 0 0 0 
  INPUT ---       0 0 0 0 0 0 0 0 0 0 1 0 0 0;
  INPUT ---        0 0 1 0 0 0 0 0 0 0 0 0 0 0 0 0 0 0 0 0 0 0 0 0 0 0 0 0 0 
  INPUT ---       0 0 0 0 0 0 0 0 0 0 0 1 0 0;
  INPUT ---        0 0 1 0 0 0 0 0 0 0 0 0 0 0 0 0 0 0 0 0 0 0 0 0 0 0 0 0 0 
  INPUT ---       0 0 0 0 0 0 0 0 0 0 0 0 1 0;
  INPUT ---        0 0 1 0 0 0 0 0 0 0 0 0 0 0 0 0 0 0 0 0 0 0 0 0 0 0 0 0 0 
  INPUT ---       0 0 0 0 0 0 0 0 0 0 0 0 0 1;
  INPUT ---       blabel(1)=Phi:(Intercept);
  INPUT ---       blabel(2)=Phi:Age;
  INPUT ---       blabel(3)=p:(Intercept);
  INPUT ---       blabel(4)=p:time1977;
  INPUT ---       blabel(5)=p:time1978;
  INPUT ---       blabel(6)=p:time1979;
  INPUT ---       blabel(7)=p:time1980;
  INPUT ---       blabel(8)=p:time1981;
  INPUT ---       blabel(9)=p:time1982;
  INPUT ---       blabel(10)=p:time1983;
  INPUT ---       blabel(11)=p:time1984;
  INPUT ---       blabel(12)=p:time1985;
  INPUT ---       blabel(13)=p:time1986;
  INPUT ---       blabel(14)=p:time1987;
  INPUT ---       blabel(15)=p:time1988;
  INPUT ---       blabel(16)=p:time1989;
  INPUT ---       blabel(17)=p:time1990;
  INPUT ---       blabel(18)=p:time1991;
  INPUT ---       blabel(19)=p:time1992;
  INPUT ---       blabel(20)=p:time1993;
  INPUT ---       blabel(21)=p:time1994;
  INPUT ---       blabel(22)=p:time1995;
  INPUT ---       blabel(23)=p:time1996;
  INPUT ---       blabel(24)=p:time1997;
  INPUT ---       blabel(25)=p:time1998;
  INPUT ---       blabel(26)=p:time1999;

  Program  MARK  - Survival Rate Estimation with Capture-Recapture Data
   gfortran(Win64) Vers. 8.2 Mar 2017   10-Apr-2017 20:05:40    Page  012
 - - - - - - - - - - - - - - - - - - - - - - - - - - - - - - - - - - - - - -
 
  INPUT ---       blabel(27)=p:time2000;
  INPUT ---       blabel(28)=p:time2001;
  INPUT ---       blabel(29)=p:time2002;
  INPUT ---       blabel(30)=p:time2003;
  INPUT ---       blabel(31)=p:time2004;
  INPUT ---       blabel(32)=p:time2005;
  INPUT ---       blabel(33)=p:time2006;
  INPUT ---       blabel(34)=p:time2007;
  INPUT ---       blabel(35)=p:time2008;
  INPUT ---       blabel(36)=p:time2009;
  INPUT ---       blabel(37)=p:time2010;
  INPUT ---       blabel(38)=p:time2011;
  INPUT ---       blabel(39)=p:time2012;
  INPUT ---       blabel(40)=p:time2013;
  INPUT ---       blabel(41)=p:time2014;
  INPUT ---       blabel(42)=p:time2015;
  INPUT ---       blabel(43)=p:time2016;
  INPUT ---       rlabel(1)=Phi g1 c1975 a1 t1975;
  INPUT ---       rlabel(2)=Phi g1 c1975 a2 t1976;
  INPUT ---       rlabel(3)=Phi g1 c1975 a3 t1977;
  INPUT ---       rlabel(4)=Phi g1 c1975 a4 t1978;
  INPUT ---       rlabel(5)=Phi g1 c1975 a5 t1979;
  INPUT ---       rlabel(6)=Phi g1 c1975 a6 t1980;
  INPUT ---       rlabel(7)=Phi g1 c1975 a7 t1981;
  INPUT ---       rlabel(8)=Phi g1 c1975 a8 t1982;
  INPUT ---       rlabel(9)=Phi g1 c1975 a9 t1983;
  INPUT ---       rlabel(10)=Phi g1 c1975 a10 t1984;
  INPUT ---       rlabel(11)=Phi g1 c1975 a11 t1985;
  INPUT ---       rlabel(12)=Phi g1 c1975 a12 t1986;
  INPUT ---       rlabel(13)=Phi g1 c1975 a13 t1987;
  INPUT ---       rlabel(14)=Phi g1 c1975 a14 t1988;
  INPUT ---       rlabel(15)=Phi g1 c1975 a15 t1989;
  INPUT ---       rlabel(16)=Phi g1 c1975 a16 t1990;
  INPUT ---       rlabel(17)=Phi g1 c1975 a17 t1991;
  INPUT ---       rlabel(18)=Phi g1 c1975 a18 t1992;
  INPUT ---       rlabel(19)=Phi g1 c1975 a19 t1993;
  INPUT ---       rlabel(20)=Phi g1 c1975 a20 t1994;
  INPUT ---       rlabel(21)=Phi g1 c1975 a21 t1995;
  INPUT ---       rlabel(22)=Phi g1 c1975 a22 t1996;
  INPUT ---       rlabel(23)=Phi g1 c1975 a23 t1997;
  INPUT ---       rlabel(24)=Phi g1 c1975 a24 t1998;
  INPUT ---       rlabel(25)=Phi g1 c1975 a25 t1999;
  INPUT ---       rlabel(26)=Phi g1 c1975 a26 t2000;
  INPUT ---       rlabel(27)=Phi g1 c1975 a27 t2001;
  INPUT ---       rlabel(28)=Phi g1 c1975 a28 t2002;
  INPUT ---       rlabel(29)=Phi g1 c1975 a29 t2003;

  Program  MARK  - Survival Rate Estimation with Capture-Recapture Data
   gfortran(Win64) Vers. 8.2 Mar 2017   10-Apr-2017 20:05:40    Page  013
 - - - - - - - - - - - - - - - - - - - - - - - - - - - - - - - - - - - - - -
 
  INPUT ---       rlabel(30)=Phi g1 c1975 a30 t2004;
  INPUT ---       rlabel(31)=Phi g1 c1975 a31 t2005;
  INPUT ---       rlabel(32)=Phi g1 c1975 a32 t2006;
  INPUT ---       rlabel(33)=Phi g1 c1975 a33 t2007;
  INPUT ---       rlabel(34)=Phi g1 c1975 a34 t2008;
  INPUT ---       rlabel(35)=Phi g1 c1975 a35 t2009;
  INPUT ---       rlabel(36)=Phi g1 c1975 a36 t2010;
  INPUT ---       rlabel(37)=Phi g1 c1975 a37 t2011;
  INPUT ---       rlabel(38)=Phi g1 c1975 a38 t2012;
  INPUT ---       rlabel(39)=Phi g1 c1975 a39 t2013;
  INPUT ---       rlabel(40)=Phi g1 c1975 a40 t2014;
  INPUT ---       rlabel(41)=Phi g1 c1975 a41 t2015;
  INPUT ---       rlabel(42)=Phi g2 c1975 a42 t2015;
  INPUT ---       rlabel(43)=p g1 c1975 a2 t1976;
  INPUT ---       rlabel(44)=p g1 c1975 a3 t1977;
  INPUT ---       rlabel(45)=p g1 c1975 a4 t1978;
  INPUT ---       rlabel(46)=p g1 c1975 a5 t1979;
  INPUT ---       rlabel(47)=p g1 c1975 a6 t1980;
  INPUT ---       rlabel(48)=p g1 c1975 a7 t1981;
  INPUT ---       rlabel(49)=p g1 c1975 a8 t1982;
  INPUT ---       rlabel(50)=p g1 c1975 a9 t1983;
  INPUT ---       rlabel(51)=p g1 c1975 a10 t1984;
  INPUT ---       rlabel(52)=p g1 c1975 a11 t1985;
  INPUT ---       rlabel(53)=p g1 c1975 a12 t1986;
  INPUT ---       rlabel(54)=p g1 c1975 a13 t1987;
  INPUT ---       rlabel(55)=p g1 c1975 a14 t1988;
  INPUT ---       rlabel(56)=p g1 c1975 a15 t1989;
  INPUT ---       rlabel(57)=p g1 c1975 a16 t1990;
  INPUT ---       rlabel(58)=p g1 c1975 a17 t1991;
  INPUT ---       rlabel(59)=p g1 c1975 a18 t1992;
  INPUT ---       rlabel(60)=p g1 c1975 a19 t1993;
  INPUT ---       rlabel(61)=p g1 c1975 a20 t1994;
  INPUT ---       rlabel(62)=p g1 c1975 a21 t1995;
  INPUT ---       rlabel(63)=p g1 c1975 a22 t1996;
  INPUT ---       rlabel(64)=p g1 c1975 a23 t1997;
  INPUT ---       rlabel(65)=p g1 c1975 a24 t1998;
  INPUT ---       rlabel(66)=p g1 c1975 a25 t1999;
  INPUT ---       rlabel(67)=p g1 c1975 a26 t2000;
  INPUT ---       rlabel(68)=p g1 c1975 a27 t2001;
  INPUT ---       rlabel(69)=p g1 c1975 a28 t2002;
  INPUT ---       rlabel(70)=p g1 c1975 a29 t2003;
  INPUT ---       rlabel(71)=p g1 c1975 a30 t2004;
  INPUT ---       rlabel(72)=p g1 c1975 a31 t2005;
  INPUT ---       rlabel(73)=p g1 c1975 a32 t2006;
  INPUT ---       rlabel(74)=p g1 c1975 a33 t2007;
  INPUT ---       rlabel(75)=p g1 c1975 a34 t2008;

  Program  MARK  - Survival Rate Estimation with Capture-Recapture Data
   gfortran(Win64) Vers. 8.2 Mar 2017   10-Apr-2017 20:05:40    Page  014
 - - - - - - - - - - - - - - - - - - - - - - - - - - - - - - - - - - - - - -
 
  INPUT ---       rlabel(76)=p g1 c1975 a35 t2009;
  INPUT ---       rlabel(77)=p g1 c1975 a36 t2010;
  INPUT ---       rlabel(78)=p g1 c1975 a37 t2011;
  INPUT ---       rlabel(79)=p g1 c1975 a38 t2012;
  INPUT ---       rlabel(80)=p g1 c1975 a39 t2013;
  INPUT ---       rlabel(81)=p g1 c1975 a40 t2014;
  INPUT ---       rlabel(82)=p g1 c1975 a41 t2015;
  INPUT ---       rlabel(83)=p g1 c1975 a42 t2016;

 Link Function Used is LOGIT        

 Variance Estimation Procedure Used is 2ndPart 
 -2logL(saturated) = 5027.8626     
 Effective Sample Size = 4722

 Number of function evaluations was 91 for 43 parameters.
 Time for numerical optimization was 2.34 seconds.
 -2logL { Phi(~Age)p(~time) } = 5995.6401     
 Penalty { Phi(~Age)p(~time) } = -0.0000000    
 Gradient { Phi(~Age)p(~time) }:
  0.2908790E-03 0.1689761E-04 0.1253503E-03  0.000000     0.1506139E-03
  0.6738735E-04  0.000000     0.5326287E-04  0.000000     0.1845712E-03
   0.000000      0.000000     0.3436258E-03 0.4414202E-03 0.5210645E-04
  0.4469081E-04 0.1177261E-03-0.1283990E-03 0.3747761E-04 0.1665841E-03
  0.1169290E-03-0.2271088E-03-0.1754224E-03-0.2768602E-04 0.8114137E-04
 -0.1477061E-03-0.1737618E-03 0.1334827E-03-0.6609210E-04  0.000000    
 -0.7411203E-04  0.000000     0.1322158E-03  0.000000     0.1435269E-03
   0.000000      0.000000      0.000000      0.000000     0.3053408E-03
  0.3723903E-04  0.000000      0.000000    
 S Vector { Phi(~Age)p(~time) }:
   1012.920      152.0318      17.02337      16.26655      15.53419    
   14.84122      14.12894      13.16868      12.86452      11.92241    
   9.704217      8.909817      7.737326      6.865451      6.321117    
   6.104029      5.843096      5.071884      4.981004      4.478874    
   4.051193      3.478319      3.268427      3.156042      3.056232    
   2.943883      2.788481      2.491904      2.384977      2.254250    
   2.140386      2.038534      1.529881      1.379942      1.206638    
   1.050326     0.7885504     0.7515651     0.1843580E-01 0.2007076E-05
  0.3257183E-06 0.2644461E-06 0.1756543E-06
 Time to compute number of parameters was 1.70 seconds.
   Threshold =  0.8800000E-06     Condition index =  0.1734137E-09     New Threshold =  0.1151842E-05

  Program  MARK  - Survival Rate Estimation with Capture-Recapture Data
   gfortran(Win64) Vers. 8.2 Mar 2017   10-Apr-2017 20:05:43    Page  015
 - - - - - - - - - - - - - - - - - - - - - - - - - - - - - - - - - - - - - -
 
 New Guessimate of Estimated Parameters { Phi(~Age)p(~time) } = 39          
 Conditioned S Vector { Phi(~Age)p(~time) }:
   1.000000     0.1500925     0.1680622E-01 0.1605906E-01 0.1533604E-01
  0.1465191E-01 0.1394871E-01 0.1300071E-01 0.1270042E-01 0.1177033E-01
  0.9580433E-02 0.8796166E-02 0.7638632E-02 0.6777878E-02 0.6240488E-02
  0.6026169E-02 0.5768563E-02 0.5007189E-02 0.4917468E-02 0.4421743E-02
  0.3999517E-02 0.3433951E-02 0.3226736E-02 0.3115785E-02 0.3017247E-02
  0.2906332E-02 0.2752912E-02 0.2460118E-02 0.2354555E-02 0.2225496E-02
  0.2113084E-02 0.2012531E-02 0.1510366E-02 0.1362340E-02 0.1191247E-02
  0.1036929E-02 0.7784919E-03 0.7419784E-03 0.1820064E-04 0.1981474E-08
  0.3215635E-09 0.2610729E-09 0.1734137E-09
 Number of Estimated Parameters { Phi(~Age)p(~time) } = 39          
 DEVIANCE { Phi(~Age)p(~time) } = 967.77755                     
 DEVIANCE Degrees of Freedom { Phi(~Age)p(~time) } = 230            
 c-hat { Phi(~Age)p(~time) } = 4.2077285                     
 AIC { Phi(~Age)p(~time) } = 6073.6401                  
 AICc { Phi(~Age)p(~time) } = 6074.3065                    
 BIC { Phi(~Age)p(~time) } = 6325.5796                    
 Pearson Chisquare { Phi(~Age)p(~time) } = 13348.354                  


                    LOGIT Link Function Parameters of { Phi(~Age)p(~time) }
                                                              95% Confidence Interval
 Parameter                    Beta         Standard Error      Lower           Upper
 -------------------------  --------------  --------------  --------------  --------------
    1:Phi:(Intercept)       -1.1886984      0.0795872       -1.3446892      -1.0327075    
    2:Phi:Age               0.2324945       0.0273204       0.1789466       0.2860424     
    3:p:(Intercept)         0.4511250       1.2063403       -1.9133020      2.8155520     
    4:p:time1977            10.413938       705.85927       -1373.0702      1393.8981     
    5:p:time1978            -0.8115748      1.6581597       -4.0615679      2.4384183     
    6:p:time1979            0.3496519       1.3993114       -2.3929985      3.0923024     
    7:p:time1980            0.3858572       1.4701320       -2.4956017      3.2673160     
    8:p:time1981            -0.7075585      1.3918559       -3.4355960      2.0204791     
    9:p:time1982            0.1034263       1.3673696       -2.5766182      2.7834708     
   10:p:time1983            0.9710432       1.3294084       -1.6345973      3.5766838     
   11:p:time1984            0.6926925       1.2735146       -1.8033961      3.1887812     
   12:p:time1985            0.9636844       1.2852684       -1.5554417      3.4828104     
   13:p:time1986            -0.0587037      1.2535557       -2.5156729      2.3982655     
   14:p:time1987            -0.2362299      1.2423608       -2.6712571      2.1987973     
   15:p:time1988            -0.7454550      1.2358188       -3.1676599      1.6767499     
   16:p:time1989            -1.0350820      1.2364631       -3.4585497      1.3883858     
   17:p:time1990            -0.5451031      1.2338631       -2.9634748      1.8732686     
   18:p:time1991            -0.4166694      1.2350045       -2.8372782      2.0039394     
   19:p:time1992            -1.4267682      1.2369074       -3.8511068      0.9975705     
   20:p:time1993            -0.6379017      1.2354739       -3.0594305      1.7836271     
   21:p:time1994            -0.5556355      1.2342394       -2.9747447      1.8634737     
   22:p:time1995            0.2013997       1.2687785       -2.2854062      2.6882056     
   23:p:time1996            0.5553794       1.2858535       -1.9648936      3.0756523     
   24:p:time1997            2.2850319       1.5188496       -0.6919133      5.2619772     
   25:p:time1998            1.2417534       1.2998323       -1.3059180      3.7894247     
   26:p:time1999            -0.2314922      1.2399272       -2.6617496      2.1987653     
   27:p:time2000            0.0468293       1.2523073       -2.4076931      2.5013516     
   28:p:time2001            0.3627159       1.2614012       -2.1096305      2.8350622     
   29:p:time2002            1.7522040       1.3404273       -0.8750336      4.3794416     
   30:p:time2003            0.0720783       1.2754144       -2.4277339      2.5718906     

  Program  MARK  - Survival Rate Estimation with Capture-Recapture Data
   gfortran(Win64) Vers. 8.2 Mar 2017   10-Apr-2017 20:05:43    Page  016
 - - - - - - - - - - - - - - - - - - - - - - - - - - - - - - - - - - - - - -
 
   31:p:time2004            0.2271891       1.2822720       -2.2860641      2.7404423     
   32:p:time2005            15.210662       1895.2116       -3699.4042      3729.8256     
   33:p:time2006            0.3757727       1.3424118       -2.2553545      3.0068999     
   34:p:time2007            0.2589629       1.3342075       -2.3560839      2.8740097     
   35:p:time2008            0.2673506       1.3094008       -2.2990750      2.8337762     
   36:p:time2009            1.8386747       1.5566916       -1.2124408      4.8897902     
   37:p:time2010            19.112543       2337.0438       -4561.4934      4599.7185     
   38:p:time2011            0.1660379       1.3406775       -2.4616901      2.7937660     
   39:p:time2012            -0.1877250      1.3859986       -2.9042822      2.5288323     
   40:p:time2013            -0.1914487      1.4600155       -3.0530791      2.6701816     
   41:p:time2014            -1.4423156      1.3757293       -4.1387450      1.2541138     
   42:p:time2015            0.2154010       1.3416604       -2.4142533      2.8450554     
   43:p:time2016            20.986327       1868.4288       -3641.1341      3683.1068     


                    Real Function Parameters of { Phi(~Age)p(~time) }
                                                               95% Confidence Interval
  Parameter                  Estimate       Standard Error      Lower           Upper
 --------------------------  --------------  --------------  --------------  --------------
     1:Phi g1 c1975 a1 t197  0.2776389       0.0113569       0.2559373       0.3004376                           
     2:Phi g1 c1975 a2 t197  0.3265767       0.0087195       0.3097221       0.3438915                           
     3:Phi g1 c1975 a3 t197  0.3796074       0.0089059       0.3623141       0.3972121                           
     4:Phi g1 c1975 a4 t197  0.4356783       0.0129656       0.4104560       0.4612380                           
     5:Phi g1 c1975 a5 t197  0.4934440       0.0187463       0.4568025       0.5301560                           
     6:Phi g1 c1975 a6 t198  0.5513852       0.0246880       0.5026623       0.5991413                           
     7:Phi g1 c1975 a7 t198  0.6079643       0.0299504       0.5479692       0.6648666                           
     8:Phi g1 c1975 a8 t198  0.6617848       0.0340279       0.5922518       0.7249668                           
     9:Phi g1 c1975 a9 t198  0.7117200       0.0366612       0.6349550       0.7779865                           
    10:Phi g1 c1975 a10 t19  0.7569899       0.0378053       0.6755603       0.8233268                           
    11:Phi g1 c1975 a11 t19  0.7971768       0.0375849       0.7136397       0.8610880                           
    12:Phi g1 c1975 a12 t19  0.8321911       0.0362360       0.7488818       0.8918534                           
    13:Phi g1 c1975 a13 t19  0.8622055       0.0340451       0.7810981       0.9164746                           
    14:Phi g1 c1975 a14 t19  0.8875768       0.0313002       0.8102161       0.9358983                           
    15:Phi g1 c1975 a15 t19  0.9087709       0.0282571       0.8362641       0.9510492                           
    16:Phi g1 c1975 a16 t19  0.9263013       0.0251230       0.8593518       0.9627633                           
    17:Phi g1 c1975 a17 t19  0.9406829       0.0220519       0.8796483       0.9717585                           
    18:Phi g1 c1975 a18 t19  0.9524023       0.0191492       0.8973629       0.9786296                           
    19:Phi g1 c1975 a19 t19  0.9619001       0.0164788       0.9127267       0.9838571                           
    20:Phi g1 c1975 a20 t19  0.9695632       0.0140730       0.9259790       0.9878221                           
    21:Phi g1 c1975 a21 t19  0.9757239       0.0119412       0.9373560       0.9908225                           
    22:Phi g1 c1975 a22 t19  0.9806625       0.0100769       0.9470835       0.9930889                           
    23:Phi g1 c1975 a23 t19  0.9846122       0.0084640       0.9553719       0.9947986                           
    24:Phi g1 c1975 a24 t19  0.9877653       0.0070807       0.9624132       0.9960871                           
    25:Phi g1 c1975 a25 t19  0.9902787       0.0059030       0.9683800       0.9970573                           
    26:Phi g1 c1975 a26 t20  0.9922798       0.0049063       0.9734255       0.9977876                           
    27:Phi g1 c1975 a27 t20  0.9938715       0.0040671       0.9776844       0.9983369                           

  Program  MARK  - Survival Rate Estimation with Capture-Recapture Data
   gfortran(Win64) Vers. 8.2 Mar 2017   10-Apr-2017 20:05:43    Page  017
 - - - - - - - - - - - - - - - - - - - - - - - - - - - - - - - - - - - - - -
 
    28:Phi g1 c1975 a28 t20  0.9951366       0.0033637       0.9812737       0.9987500                           
    29:Phi g1 c1975 a29 t20  0.9961416       0.0027761       0.9842949       0.9990606                           
    30:Phi g1 c1975 a30 t20  0.9969396       0.0022870       0.9868351       0.9992941                           
    31:Phi g1 c1975 a31 t20  0.9975729       0.0018810       0.9889690       0.9994696                           
    32:Phi g1 c1975 a32 t20  0.9980754       0.0015447       0.9907603       0.9996015                           
    33:Phi g1 c1975 a33 t20  0.9984741       0.0012668       0.9922629       0.9997006                           
    34:Phi g1 c1975 a34 t20  0.9987902       0.0010376       0.9935227       0.9997750                           
    35:Phi g1 c1975 a35 t20  0.9990410       0.8489521E-003  0.9945785       0.9998310                           
    36:Phi g1 c1975 a36 t20  0.9992398       0.6938459E-003  0.9954630       0.9998730                           
    37:Phi g1 c1975 a37 t20  0.9993974       0.5665256E-003  0.9962037       0.9999046                           
    38:Phi g1 c1975 a38 t20  0.9995223       0.4621492E-003  0.9968239       0.9999283                           
    39:Phi g1 c1975 a39 t20  0.9996214       0.3766841E-003  0.9973430       0.9999462                           
    40:Phi g1 c1975 a40 t20  0.9996999       0.3067806E-003  0.9977774       0.9999595                           
    41:Phi g1 c1975 a41 t20  0.9997621       0.2496635E-003  0.9981410       0.9999696                           
    42:Phi g2 c1975 a42 t20  0.9998115       0.2030381E-003  0.9984452       0.9999772                           
    43:p g1 c1975 a2 t1976   0.6109067       0.2867467       0.1286103       0.9435105                           
    44:p g1 c1975 a3 t1977   0.9999809       0.0134916       0.5158219E-299  1.0000000                           
    45:p g1 c1975 a4 t1978   0.4108507       0.2754699       0.0697169       0.8664752                           
    46:p g1 c1975 a5 t1979   0.6901406       0.1517527       0.3566107       0.8994980                           
    47:p g1 c1975 a6 t1980   0.6978292       0.1773240       0.3076212       0.9230998                           
    48:p g1 c1975 a7 t1981   0.4362406       0.1708571       0.1654677       0.7512384                           
    49:p g1 c1975 a8 t1982   0.6351909       0.1493164       0.3299480       0.8602686                           
    50:p g1 c1975 a9 t1983   0.8056781       0.0875771       0.5807329       0.9254323                           
    51:p g1 c1975 a10 t1984  0.7583798       0.0749396       0.5847336       0.8749441                           
    52:p g1 c1975 a11 t1985  0.8045234       0.0698782       0.6327231       0.9076859                           
    53:p g1 c1975 a12 t1986  0.5968654       0.0824177       0.4307159       0.7434110                           
    54:p g1 c1975 a13 t1987  0.5535180       0.0738374       0.4083721       0.6900791                           
    55:p g1 c1975 a14 t1988  0.4269441       0.0660635       0.3050071       0.5584580                           
    56:p g1 c1975 a15 t1989  0.3580226       0.0627788       0.2461395       0.4878511                           
    57:p g1 c1975 a16 t1990  0.4765227       0.0651071       0.3530760       0.6029063                           
    58:p g1 c1975 a17 t1991  0.5086131       0.0665801       0.3804386       0.6356651                           
    59:p g1 c1975 a18 t1992  0.2737571       0.0545607       0.1804166       0.3922751                           
    60:p g1 c1975 a19 t1993  0.4534411       0.0665533       0.3289101       0.5840849                           
    61:p g1 c1975 a20 t1994  0.4738961       0.0655001       0.3499100       0.6011871                           
    62:p g1 c1975 a21 t1995  0.6575792       0.0888338       0.4698525       0.8062438                           
    63:p g1 c1975 a22 t1996  0.7323355       0.0874849       0.5328888       0.8677562                           
    64:p g1 c1975 a23 t1997  0.9391268       0.0528202       0.7161028       0.9895133                           
    65:p g1 c1975 a24 t1998  0.8446023       0.0637732       0.6771110       0.9337164                           
    66:p g1 c1975 a25 t1999  0.5546885       0.0711374       0.4146349       0.6865638                           
    67:p g1 c1975 a26 t2000  0.6219785       0.0793519       0.4592076       0.7612312                           
    68:p g1 c1975 a27 t2001  0.6929274       0.0785834       0.5224785       0.8231312                           
    69:p g1 c1975 a28 t2002  0.9005481       0.0523696       0.7421644       0.9660855                           
    70:p g1 c1975 a29 t2003  0.6278965       0.0969152       0.4280510       0.7918667                           
    71:p g1 c1975 a30 t2004  0.6633623       0.0971860       0.4564406       0.8221977                           
    72:p g1 c1975 a31 t2005  0.9999998       0.2991084E-003  0.6247273E-297  1.0000000                           
    73:p g1 c1975 a32 t2006  0.6956986       0.1248519       0.4184797       0.8789807                           

  Program  MARK  - Survival Rate Estimation with Capture-Recapture Data
   gfortran(Win64) Vers. 8.2 Mar 2017   10-Apr-2017 20:05:43    Page  018
 - - - - - - - - - - - - - - - - - - - - - - - - - - - - - - - - - - - - - -
 
    74:p g1 c1975 a33 t2007  0.6704206       0.1261174       0.3992387       0.8616204                           
    75:p g1 c1975 a34 t2008  0.6722712       0.1123418       0.4302277       0.8478547                           
    76:p g1 c1975 a35 t2009  0.9080287       0.0822001       0.5891863       0.9854999                           
    77:p g1 c1975 a36 t2010  1.0000000       0.7452034E-005  0.9999854       1.0000146                           
    78:p g1 c1975 a37 t2011  0.6495730       0.1333257       0.3703202       0.8538559                           
    79:p g1 c1975 a38 t2012  0.5654719       0.1678735       0.2543228       0.8323659                           
    80:p g1 c1975 a39 t2013  0.5645567       0.2023692       0.2052506       0.8668221                           
    81:p g1 c1975 a40 t2014  0.2706770       0.1306887       0.0920601       0.5759954                           
    82:p g1 c1975 a41 t2015  0.6607248       0.1317764       0.3809175       0.8604110                           
    83:p g1 c1975 a42 t2016  1.0000000       0.9147647E-006  0.9999982       1.0000018                           

 Attempted ordering of parameters by estimatibility:
   1  3 17 21 18 15 20 16 19 26 14 27 13 28 22 11 30 31 23 12 25 35 10 34 38
  42 29 33  9 41 39  8  6 40  7 24  2 36  5  4 32 43 37
 Beta number 37 is a singular value.

     CPU Time in seconds for last procedure was 4.08


  INPUT --- proc stop;

   * *  WARNING  * *   Numerical underflow occurred during final processing of this model. 
     IEEE flag status at final processing of this model:
     overflow       F
     divide by zero F
     invalid        F
     underflow      T
     inexact        T


     CPU Time in minutes for this job was 0.07

     Time Start = 20:05:40.900   Time End = 20:05:43.188

     Wall Clock Time in minutes for this job was 0.04


          E X E C U T I O N   S U C C E S S F U L 
