
   Program  MARK  - Survival Rate Estimation with Capture-Recapture Data
   gfortran(Win64) Vers. 8.2 Mar 2017    7-Apr-2017 17:37:44    Page  001
 - - - - - - - - - - - - - - - - - - - - - - - - - - - - - - - - - - - - - -
 
   This version was compiled by GCC version 5.3.0 using the options: 
     -cpp -iprefix c:\tdm-gcc-64\gcc\bin\../lib/gcc/x86_64-w64-mingw32/5.3.0/ -D_MT
     -U_REENTRANT -D IEEE -m64 -mtune=generic -march=x86-64 -mthreads -O3
     -fimplicit-none -fbounds-check -ffpe-summary=invalid,zero,overflow,underflow
     -fno-unsafe-math-optimizations -frounding-math -fsignaling-nans -fopenmp.

   This problem will use 3 of 4 possible threads.


  INPUT --- proc title ;

     CPU Time in seconds for last procedure was 0.00


  INPUT --- proc chmatrix occasions= 42 groups= 1 etype= Live ICMeans 
  INPUT --- NoHist hist= 242 ;

  INPUT ---    time  interval 1 1 1 1 1 1 1 1 1 1 1 1 1 1 1 1 1 1 1 1 1 1 
  INPUT ---    1 1 1 1 1 1 1 1 1 1 1 1 1 1 1 1 1 1 1 ;

  INPUT ---    glabel(1)=Group 1;

      Number of unique encounter histories read was 242.

      Number of individual covariates read was 0.
      Time interval lengths are all equal to 1.

      Data type number is 1
      Data type is Live Recaptures (CJS)                                                                               

     CPU Time in seconds for last procedure was 0.02

  Program  MARK  - Survival Rate Estimation with Capture-Recapture Data
   gfortran(Win64) Vers. 8.2 Mar 2017    7-Apr-2017 17:37:44    Page  002
 - - - - - - - - - - - - - - - - - - - - - - - - - - - - - - - - - - - - - -
 


  INPUT --- proc estimate link=Logit NOLOOP varest=2ndPart    ;


  INPUT --- model={ Phi(~1)p(~time) };

  INPUT ---    group=1 Phi    rows=41 cols=41 Triang ;
  INPUT ---        1 1 1 1 1 1 1 1 1 1 1 1 1 1 1 1 1 1 1 1 1 1 1 1 1 1 1 1 1 
  INPUT ---       1 1 1 1 1 1 1 1 1 1 1 1 ;
  INPUT ---        1 1 1 1 1 1 1 1 1 1 1 1 1 1 1 1 1 1 1 1 1 1 1 1 1 1 1 1 1 
  INPUT ---       1 1 1 1 1 1 1 1 1 1 1 ;
  INPUT ---        1 1 1 1 1 1 1 1 1 1 1 1 1 1 1 1 1 1 1 1 1 1 1 1 1 1 1 1 1 
  INPUT ---       1 1 1 1 1 1 1 1 1 1 ;
  INPUT ---        1 1 1 1 1 1 1 1 1 1 1 1 1 1 1 1 1 1 1 1 1 1 1 1 1 1 1 1 1 
  INPUT ---       1 1 1 1 1 1 1 1 1 ;
  INPUT ---        1 1 1 1 1 1 1 1 1 1 1 1 1 1 1 1 1 1 1 1 1 1 1 1 1 1 1 1 1 
  INPUT ---       1 1 1 1 1 1 1 1 ;
  INPUT ---        1 1 1 1 1 1 1 1 1 1 1 1 1 1 1 1 1 1 1 1 1 1 1 1 1 1 1 1 1 
  INPUT ---       1 1 1 1 1 1 1 ;
  INPUT ---        1 1 1 1 1 1 1 1 1 1 1 1 1 1 1 1 1 1 1 1 1 1 1 1 1 1 1 1 1 
  INPUT ---       1 1 1 1 1 1 ;
  INPUT ---        1 1 1 1 1 1 1 1 1 1 1 1 1 1 1 1 1 1 1 1 1 1 1 1 1 1 1 1 1 
  INPUT ---       1 1 1 1 1 ;
  INPUT ---        1 1 1 1 1 1 1 1 1 1 1 1 1 1 1 1 1 1 1 1 1 1 1 1 1 1 1 1 1 
  INPUT ---       1 1 1 1 ;
  INPUT ---        1 1 1 1 1 1 1 1 1 1 1 1 1 1 1 1 1 1 1 1 1 1 1 1 1 1 1 1 1 
  INPUT ---       1 1 1 ;
  INPUT ---        1 1 1 1 1 1 1 1 1 1 1 1 1 1 1 1 1 1 1 1 1 1 1 1 1 1 1 1 1 
  INPUT ---       1 1 ;
  INPUT ---        1 1 1 1 1 1 1 1 1 1 1 1 1 1 1 1 1 1 1 1 1 1 1 1 1 1 1 1 1 
  INPUT ---       1 ;
  INPUT ---        1 1 1 1 1 1 1 1 1 1 1 1 1 1 1 1 1 1 1 1 1 1 1 1 1 1 1 1 1 ;
  INPUT ---        1 1 1 1 1 1 1 1 1 1 1 1 1 1 1 1 1 1 1 1 1 1 1 1 1 1 1 1 ;
  INPUT ---        1 1 1 1 1 1 1 1 1 1 1 1 1 1 1 1 1 1 1 1 1 1 1 1 1 1 1 ;
  INPUT ---        1 1 1 1 1 1 1 1 1 1 1 1 1 1 1 1 1 1 1 1 1 1 1 1 1 1 ;
  INPUT ---        1 1 1 1 1 1 1 1 1 1 1 1 1 1 1 1 1 1 1 1 1 1 1 1 1 ;
  INPUT ---        1 1 1 1 1 1 1 1 1 1 1 1 1 1 1 1 1 1 1 1 1 1 1 1 ;
  INPUT ---        1 1 1 1 1 1 1 1 1 1 1 1 1 1 1 1 1 1 1 1 1 1 1 ;
  INPUT ---        1 1 1 1 1 1 1 1 1 1 1 1 1 1 1 1 1 1 1 1 1 1 ;
  INPUT ---        1 1 1 1 1 1 1 1 1 1 1 1 1 1 1 1 1 1 1 1 1 ;
  INPUT ---        1 1 1 1 1 1 1 1 1 1 1 1 1 1 1 1 1 1 1 1 ;
  INPUT ---        1 1 1 1 1 1 1 1 1 1 1 1 1 1 1 1 1 1 1 ;
  INPUT ---        1 1 1 1 1 1 1 1 1 1 1 1 1 1 1 1 1 1 ;
  INPUT ---        1 1 1 1 1 1 1 1 1 1 1 1 1 1 1 1 1 ;
  INPUT ---        1 1 1 1 1 1 1 1 1 1 1 1 1 1 1 1 ;

  Program  MARK  - Survival Rate Estimation with Capture-Recapture Data
   gfortran(Win64) Vers. 8.2 Mar 2017    7-Apr-2017 17:37:44    Page  003
 - - - - - - - - - - - - - - - - - - - - - - - - - - - - - - - - - - - - - -
 
  INPUT ---        1 1 1 1 1 1 1 1 1 1 1 1 1 1 1 ;
  INPUT ---        1 1 1 1 1 1 1 1 1 1 1 1 1 1 ;
  INPUT ---        1 1 1 1 1 1 1 1 1 1 1 1 1 ;
  INPUT ---        1 1 1 1 1 1 1 1 1 1 1 1 ;
  INPUT ---        1 1 1 1 1 1 1 1 1 1 1 ;
  INPUT ---        1 1 1 1 1 1 1 1 1 1 ;
  INPUT ---        1 1 1 1 1 1 1 1 1 ;
  INPUT ---        1 1 1 1 1 1 1 1 ;
  INPUT ---        1 1 1 1 1 1 1 ;
  INPUT ---        1 1 1 1 1 1 ;
  INPUT ---        1 1 1 1 1 ;
  INPUT ---        1 1 1 1 ;
  INPUT ---        1 1 1 ;
  INPUT ---        1 1 ;
  INPUT ---        1 ;

  INPUT ---    group=1 p    rows=41 cols=41 Triang ;
  INPUT ---        2 3 4 5 6 7 8 9 10 11 12 13 14 15 16 17 18 19 20 21 22 23 
  INPUT ---       24 25 26 27 28 29 30 31 32 33 34 35 36 37 38 39 40 41 42 ;
  INPUT ---        3 4 5 6 7 8 9 10 11 12 13 14 15 16 17 18 19 20 21 22 23 24 
  INPUT ---       25 26 27 28 29 30 31 32 33 34 35 36 37 38 39 40 41 42 ;
  INPUT ---        4 5 6 7 8 9 10 11 12 13 14 15 16 17 18 19 20 21 22 23 24 
  INPUT ---       25 26 27 28 29 30 31 32 33 34 35 36 37 38 39 40 41 42 ;
  INPUT ---        5 6 7 8 9 10 11 12 13 14 15 16 17 18 19 20 21 22 23 24 25 
  INPUT ---       26 27 28 29 30 31 32 33 34 35 36 37 38 39 40 41 42 ;
  INPUT ---        6 7 8 9 10 11 12 13 14 15 16 17 18 19 20 21 22 23 24 25 26 
  INPUT ---       27 28 29 30 31 32 33 34 35 36 37 38 39 40 41 42 ;
  INPUT ---        7 8 9 10 11 12 13 14 15 16 17 18 19 20 21 22 23 24 25 26 
  INPUT ---       27 28 29 30 31 32 33 34 35 36 37 38 39 40 41 42 ;
  INPUT ---        8 9 10 11 12 13 14 15 16 17 18 19 20 21 22 23 24 25 26 27 
  INPUT ---       28 29 30 31 32 33 34 35 36 37 38 39 40 41 42 ;
  INPUT ---        9 10 11 12 13 14 15 16 17 18 19 20 21 22 23 24 25 26 27 28 
  INPUT ---       29 30 31 32 33 34 35 36 37 38 39 40 41 42 ;
  INPUT ---        10 11 12 13 14 15 16 17 18 19 20 21 22 23 24 25 26 27 28 
  INPUT ---       29 30 31 32 33 34 35 36 37 38 39 40 41 42 ;
  INPUT ---        11 12 13 14 15 16 17 18 19 20 21 22 23 24 25 26 27 28 29 
  INPUT ---       30 31 32 33 34 35 36 37 38 39 40 41 42 ;
  INPUT ---        12 13 14 15 16 17 18 19 20 21 22 23 24 25 26 27 28 29 30 
  INPUT ---       31 32 33 34 35 36 37 38 39 40 41 42 ;
  INPUT ---        13 14 15 16 17 18 19 20 21 22 23 24 25 26 27 28 29 30 31 
  INPUT ---       32 33 34 35 36 37 38 39 40 41 42 ;
  INPUT ---        14 15 16 17 18 19 20 21 22 23 24 25 26 27 28 29 30 31 32 
  INPUT ---       33 34 35 36 37 38 39 40 41 42 ;
  INPUT ---        15 16 17 18 19 20 21 22 23 24 25 26 27 28 29 30 31 32 33 
  INPUT ---       34 35 36 37 38 39 40 41 42 ;
  INPUT ---        16 17 18 19 20 21 22 23 24 25 26 27 28 29 30 31 32 33 34 

  Program  MARK  - Survival Rate Estimation with Capture-Recapture Data
   gfortran(Win64) Vers. 8.2 Mar 2017    7-Apr-2017 17:37:44    Page  004
 - - - - - - - - - - - - - - - - - - - - - - - - - - - - - - - - - - - - - -
 
  INPUT ---       35 36 37 38 39 40 41 42 ;
  INPUT ---        17 18 19 20 21 22 23 24 25 26 27 28 29 30 31 32 33 34 35 
  INPUT ---       36 37 38 39 40 41 42 ;
  INPUT ---        18 19 20 21 22 23 24 25 26 27 28 29 30 31 32 33 34 35 36 
  INPUT ---       37 38 39 40 41 42 ;
  INPUT ---        19 20 21 22 23 24 25 26 27 28 29 30 31 32 33 34 35 36 37 
  INPUT ---       38 39 40 41 42 ;
  INPUT ---        20 21 22 23 24 25 26 27 28 29 30 31 32 33 34 35 36 37 38 
  INPUT ---       39 40 41 42 ;
  INPUT ---        21 22 23 24 25 26 27 28 29 30 31 32 33 34 35 36 37 38 39 
  INPUT ---       40 41 42 ;
  INPUT ---        22 23 24 25 26 27 28 29 30 31 32 33 34 35 36 37 38 39 40 
  INPUT ---       41 42 ;
  INPUT ---        23 24 25 26 27 28 29 30 31 32 33 34 35 36 37 38 39 40 41 
  INPUT ---       42 ;
  INPUT ---        24 25 26 27 28 29 30 31 32 33 34 35 36 37 38 39 40 41 42 ;
  INPUT ---        25 26 27 28 29 30 31 32 33 34 35 36 37 38 39 40 41 42 ;
  INPUT ---        26 27 28 29 30 31 32 33 34 35 36 37 38 39 40 41 42 ;
  INPUT ---        27 28 29 30 31 32 33 34 35 36 37 38 39 40 41 42 ;
  INPUT ---        28 29 30 31 32 33 34 35 36 37 38 39 40 41 42 ;
  INPUT ---        29 30 31 32 33 34 35 36 37 38 39 40 41 42 ;
  INPUT ---        30 31 32 33 34 35 36 37 38 39 40 41 42 ;
  INPUT ---        31 32 33 34 35 36 37 38 39 40 41 42 ;
  INPUT ---        32 33 34 35 36 37 38 39 40 41 42 ;
  INPUT ---        33 34 35 36 37 38 39 40 41 42 ;
  INPUT ---        34 35 36 37 38 39 40 41 42 ;
  INPUT ---        35 36 37 38 39 40 41 42 ;
  INPUT ---        36 37 38 39 40 41 42 ;
  INPUT ---        37 38 39 40 41 42 ;
  INPUT ---        38 39 40 41 42 ;
  INPUT ---        39 40 41 42 ;
  INPUT ---        40 41 42 ;
  INPUT ---        41 42 ;
  INPUT ---        42 ;

  INPUT ---    design matrix constraints=42 covariates=42;
  INPUT ---        1 0 0 0 0 0 0 0 0 0 0 0 0 0 0 0 0 0 0 0 0 0 0 0 0 0 0 0 0 
  INPUT ---       0 0 0 0 0 0 0 0 0 0 0 0 0;
  INPUT ---        0 1 0 0 0 0 0 0 0 0 0 0 0 0 0 0 0 0 0 0 0 0 0 0 0 0 0 0 0 
  INPUT ---       0 0 0 0 0 0 0 0 0 0 0 0 0;
  INPUT ---        0 1 1 0 0 0 0 0 0 0 0 0 0 0 0 0 0 0 0 0 0 0 0 0 0 0 0 0 0 
  INPUT ---       0 0 0 0 0 0 0 0 0 0 0 0 0;
  INPUT ---        0 1 0 1 0 0 0 0 0 0 0 0 0 0 0 0 0 0 0 0 0 0 0 0 0 0 0 0 0 
  INPUT ---       0 0 0 0 0 0 0 0 0 0 0 0 0;
  INPUT ---        0 1 0 0 1 0 0 0 0 0 0 0 0 0 0 0 0 0 0 0 0 0 0 0 0 0 0 0 0 
  INPUT ---       0 0 0 0 0 0 0 0 0 0 0 0 0;

  Program  MARK  - Survival Rate Estimation with Capture-Recapture Data
   gfortran(Win64) Vers. 8.2 Mar 2017    7-Apr-2017 17:37:44    Page  005
 - - - - - - - - - - - - - - - - - - - - - - - - - - - - - - - - - - - - - -
 
  INPUT ---        0 1 0 0 0 1 0 0 0 0 0 0 0 0 0 0 0 0 0 0 0 0 0 0 0 0 0 0 0 
  INPUT ---       0 0 0 0 0 0 0 0 0 0 0 0 0;
  INPUT ---        0 1 0 0 0 0 1 0 0 0 0 0 0 0 0 0 0 0 0 0 0 0 0 0 0 0 0 0 0 
  INPUT ---       0 0 0 0 0 0 0 0 0 0 0 0 0;
  INPUT ---        0 1 0 0 0 0 0 1 0 0 0 0 0 0 0 0 0 0 0 0 0 0 0 0 0 0 0 0 0 
  INPUT ---       0 0 0 0 0 0 0 0 0 0 0 0 0;
  INPUT ---        0 1 0 0 0 0 0 0 1 0 0 0 0 0 0 0 0 0 0 0 0 0 0 0 0 0 0 0 0 
  INPUT ---       0 0 0 0 0 0 0 0 0 0 0 0 0;
  INPUT ---        0 1 0 0 0 0 0 0 0 1 0 0 0 0 0 0 0 0 0 0 0 0 0 0 0 0 0 0 0 
  INPUT ---       0 0 0 0 0 0 0 0 0 0 0 0 0;
  INPUT ---        0 1 0 0 0 0 0 0 0 0 1 0 0 0 0 0 0 0 0 0 0 0 0 0 0 0 0 0 0 
  INPUT ---       0 0 0 0 0 0 0 0 0 0 0 0 0;
  INPUT ---        0 1 0 0 0 0 0 0 0 0 0 1 0 0 0 0 0 0 0 0 0 0 0 0 0 0 0 0 0 
  INPUT ---       0 0 0 0 0 0 0 0 0 0 0 0 0;
  INPUT ---        0 1 0 0 0 0 0 0 0 0 0 0 1 0 0 0 0 0 0 0 0 0 0 0 0 0 0 0 0 
  INPUT ---       0 0 0 0 0 0 0 0 0 0 0 0 0;
  INPUT ---        0 1 0 0 0 0 0 0 0 0 0 0 0 1 0 0 0 0 0 0 0 0 0 0 0 0 0 0 0 
  INPUT ---       0 0 0 0 0 0 0 0 0 0 0 0 0;
  INPUT ---        0 1 0 0 0 0 0 0 0 0 0 0 0 0 1 0 0 0 0 0 0 0 0 0 0 0 0 0 0 
  INPUT ---       0 0 0 0 0 0 0 0 0 0 0 0 0;
  INPUT ---        0 1 0 0 0 0 0 0 0 0 0 0 0 0 0 1 0 0 0 0 0 0 0 0 0 0 0 0 0 
  INPUT ---       0 0 0 0 0 0 0 0 0 0 0 0 0;
  INPUT ---        0 1 0 0 0 0 0 0 0 0 0 0 0 0 0 0 1 0 0 0 0 0 0 0 0 0 0 0 0 
  INPUT ---       0 0 0 0 0 0 0 0 0 0 0 0 0;
  INPUT ---        0 1 0 0 0 0 0 0 0 0 0 0 0 0 0 0 0 1 0 0 0 0 0 0 0 0 0 0 0 
  INPUT ---       0 0 0 0 0 0 0 0 0 0 0 0 0;
  INPUT ---        0 1 0 0 0 0 0 0 0 0 0 0 0 0 0 0 0 0 1 0 0 0 0 0 0 0 0 0 0 
  INPUT ---       0 0 0 0 0 0 0 0 0 0 0 0 0;
  INPUT ---        0 1 0 0 0 0 0 0 0 0 0 0 0 0 0 0 0 0 0 1 0 0 0 0 0 0 0 0 0 
  INPUT ---       0 0 0 0 0 0 0 0 0 0 0 0 0;
  INPUT ---        0 1 0 0 0 0 0 0 0 0 0 0 0 0 0 0 0 0 0 0 1 0 0 0 0 0 0 0 0 
  INPUT ---       0 0 0 0 0 0 0 0 0 0 0 0 0;
  INPUT ---        0 1 0 0 0 0 0 0 0 0 0 0 0 0 0 0 0 0 0 0 0 1 0 0 0 0 0 0 0 
  INPUT ---       0 0 0 0 0 0 0 0 0 0 0 0 0;
  INPUT ---        0 1 0 0 0 0 0 0 0 0 0 0 0 0 0 0 0 0 0 0 0 0 1 0 0 0 0 0 0 
  INPUT ---       0 0 0 0 0 0 0 0 0 0 0 0 0;
  INPUT ---        0 1 0 0 0 0 0 0 0 0 0 0 0 0 0 0 0 0 0 0 0 0 0 1 0 0 0 0 0 
  INPUT ---       0 0 0 0 0 0 0 0 0 0 0 0 0;
  INPUT ---        0 1 0 0 0 0 0 0 0 0 0 0 0 0 0 0 0 0 0 0 0 0 0 0 1 0 0 0 0 
  INPUT ---       0 0 0 0 0 0 0 0 0 0 0 0 0;
  INPUT ---        0 1 0 0 0 0 0 0 0 0 0 0 0 0 0 0 0 0 0 0 0 0 0 0 0 1 0 0 0 
  INPUT ---       0 0 0 0 0 0 0 0 0 0 0 0 0;
  INPUT ---        0 1 0 0 0 0 0 0 0 0 0 0 0 0 0 0 0 0 0 0 0 0 0 0 0 0 1 0 0 
  INPUT ---       0 0 0 0 0 0 0 0 0 0 0 0 0;
  INPUT ---        0 1 0 0 0 0 0 0 0 0 0 0 0 0 0 0 0 0 0 0 0 0 0 0 0 0 0 1 0 
  INPUT ---       0 0 0 0 0 0 0 0 0 0 0 0 0;

  Program  MARK  - Survival Rate Estimation with Capture-Recapture Data
   gfortran(Win64) Vers. 8.2 Mar 2017    7-Apr-2017 17:37:44    Page  006
 - - - - - - - - - - - - - - - - - - - - - - - - - - - - - - - - - - - - - -
 
  INPUT ---        0 1 0 0 0 0 0 0 0 0 0 0 0 0 0 0 0 0 0 0 0 0 0 0 0 0 0 0 1 
  INPUT ---       0 0 0 0 0 0 0 0 0 0 0 0 0;
  INPUT ---        0 1 0 0 0 0 0 0 0 0 0 0 0 0 0 0 0 0 0 0 0 0 0 0 0 0 0 0 0 
  INPUT ---       1 0 0 0 0 0 0 0 0 0 0 0 0;
  INPUT ---        0 1 0 0 0 0 0 0 0 0 0 0 0 0 0 0 0 0 0 0 0 0 0 0 0 0 0 0 0 
  INPUT ---       0 1 0 0 0 0 0 0 0 0 0 0 0;
  INPUT ---        0 1 0 0 0 0 0 0 0 0 0 0 0 0 0 0 0 0 0 0 0 0 0 0 0 0 0 0 0 
  INPUT ---       0 0 1 0 0 0 0 0 0 0 0 0 0;
  INPUT ---        0 1 0 0 0 0 0 0 0 0 0 0 0 0 0 0 0 0 0 0 0 0 0 0 0 0 0 0 0 
  INPUT ---       0 0 0 1 0 0 0 0 0 0 0 0 0;
  INPUT ---        0 1 0 0 0 0 0 0 0 0 0 0 0 0 0 0 0 0 0 0 0 0 0 0 0 0 0 0 0 
  INPUT ---       0 0 0 0 1 0 0 0 0 0 0 0 0;
  INPUT ---        0 1 0 0 0 0 0 0 0 0 0 0 0 0 0 0 0 0 0 0 0 0 0 0 0 0 0 0 0 
  INPUT ---       0 0 0 0 0 1 0 0 0 0 0 0 0;
  INPUT ---        0 1 0 0 0 0 0 0 0 0 0 0 0 0 0 0 0 0 0 0 0 0 0 0 0 0 0 0 0 
  INPUT ---       0 0 0 0 0 0 1 0 0 0 0 0 0;
  INPUT ---        0 1 0 0 0 0 0 0 0 0 0 0 0 0 0 0 0 0 0 0 0 0 0 0 0 0 0 0 0 
  INPUT ---       0 0 0 0 0 0 0 1 0 0 0 0 0;
  INPUT ---        0 1 0 0 0 0 0 0 0 0 0 0 0 0 0 0 0 0 0 0 0 0 0 0 0 0 0 0 0 
  INPUT ---       0 0 0 0 0 0 0 0 1 0 0 0 0;
  INPUT ---        0 1 0 0 0 0 0 0 0 0 0 0 0 0 0 0 0 0 0 0 0 0 0 0 0 0 0 0 0 
  INPUT ---       0 0 0 0 0 0 0 0 0 1 0 0 0;
  INPUT ---        0 1 0 0 0 0 0 0 0 0 0 0 0 0 0 0 0 0 0 0 0 0 0 0 0 0 0 0 0 
  INPUT ---       0 0 0 0 0 0 0 0 0 0 1 0 0;
  INPUT ---        0 1 0 0 0 0 0 0 0 0 0 0 0 0 0 0 0 0 0 0 0 0 0 0 0 0 0 0 0 
  INPUT ---       0 0 0 0 0 0 0 0 0 0 0 1 0;
  INPUT ---        0 1 0 0 0 0 0 0 0 0 0 0 0 0 0 0 0 0 0 0 0 0 0 0 0 0 0 0 0 
  INPUT ---       0 0 0 0 0 0 0 0 0 0 0 0 1;
  INPUT ---       blabel(1)=Phi:(Intercept);
  INPUT ---       blabel(2)=p:(Intercept);
  INPUT ---       blabel(3)=p:time1977;
  INPUT ---       blabel(4)=p:time1978;
  INPUT ---       blabel(5)=p:time1979;
  INPUT ---       blabel(6)=p:time1980;
  INPUT ---       blabel(7)=p:time1981;
  INPUT ---       blabel(8)=p:time1982;
  INPUT ---       blabel(9)=p:time1983;
  INPUT ---       blabel(10)=p:time1984;
  INPUT ---       blabel(11)=p:time1985;
  INPUT ---       blabel(12)=p:time1986;
  INPUT ---       blabel(13)=p:time1987;
  INPUT ---       blabel(14)=p:time1988;
  INPUT ---       blabel(15)=p:time1989;
  INPUT ---       blabel(16)=p:time1990;
  INPUT ---       blabel(17)=p:time1991;
  INPUT ---       blabel(18)=p:time1992;

  Program  MARK  - Survival Rate Estimation with Capture-Recapture Data
   gfortran(Win64) Vers. 8.2 Mar 2017    7-Apr-2017 17:37:44    Page  007
 - - - - - - - - - - - - - - - - - - - - - - - - - - - - - - - - - - - - - -
 
  INPUT ---       blabel(19)=p:time1993;
  INPUT ---       blabel(20)=p:time1994;
  INPUT ---       blabel(21)=p:time1995;
  INPUT ---       blabel(22)=p:time1996;
  INPUT ---       blabel(23)=p:time1997;
  INPUT ---       blabel(24)=p:time1998;
  INPUT ---       blabel(25)=p:time1999;
  INPUT ---       blabel(26)=p:time2000;
  INPUT ---       blabel(27)=p:time2001;
  INPUT ---       blabel(28)=p:time2002;
  INPUT ---       blabel(29)=p:time2003;
  INPUT ---       blabel(30)=p:time2004;
  INPUT ---       blabel(31)=p:time2005;
  INPUT ---       blabel(32)=p:time2006;
  INPUT ---       blabel(33)=p:time2007;
  INPUT ---       blabel(34)=p:time2008;
  INPUT ---       blabel(35)=p:time2009;
  INPUT ---       blabel(36)=p:time2010;
  INPUT ---       blabel(37)=p:time2011;
  INPUT ---       blabel(38)=p:time2012;
  INPUT ---       blabel(39)=p:time2013;
  INPUT ---       blabel(40)=p:time2014;
  INPUT ---       blabel(41)=p:time2015;
  INPUT ---       blabel(42)=p:time2016;
  INPUT ---       rlabel(1)=Phi g1 c1975 a0 t1975;
  INPUT ---       rlabel(2)=p g1 c1975 a1 t1976;
  INPUT ---       rlabel(3)=p g1 c1975 a2 t1977;
  INPUT ---       rlabel(4)=p g1 c1975 a3 t1978;
  INPUT ---       rlabel(5)=p g1 c1975 a4 t1979;
  INPUT ---       rlabel(6)=p g1 c1975 a5 t1980;
  INPUT ---       rlabel(7)=p g1 c1975 a6 t1981;
  INPUT ---       rlabel(8)=p g1 c1975 a7 t1982;
  INPUT ---       rlabel(9)=p g1 c1975 a8 t1983;
  INPUT ---       rlabel(10)=p g1 c1975 a9 t1984;
  INPUT ---       rlabel(11)=p g1 c1975 a10 t1985;
  INPUT ---       rlabel(12)=p g1 c1975 a11 t1986;
  INPUT ---       rlabel(13)=p g1 c1975 a12 t1987;
  INPUT ---       rlabel(14)=p g1 c1975 a13 t1988;
  INPUT ---       rlabel(15)=p g1 c1975 a14 t1989;
  INPUT ---       rlabel(16)=p g1 c1975 a15 t1990;
  INPUT ---       rlabel(17)=p g1 c1975 a16 t1991;
  INPUT ---       rlabel(18)=p g1 c1975 a17 t1992;
  INPUT ---       rlabel(19)=p g1 c1975 a18 t1993;
  INPUT ---       rlabel(20)=p g1 c1975 a19 t1994;
  INPUT ---       rlabel(21)=p g1 c1975 a20 t1995;
  INPUT ---       rlabel(22)=p g1 c1975 a21 t1996;

  Program  MARK  - Survival Rate Estimation with Capture-Recapture Data
   gfortran(Win64) Vers. 8.2 Mar 2017    7-Apr-2017 17:37:44    Page  008
 - - - - - - - - - - - - - - - - - - - - - - - - - - - - - - - - - - - - - -
 
  INPUT ---       rlabel(23)=p g1 c1975 a22 t1997;
  INPUT ---       rlabel(24)=p g1 c1975 a23 t1998;
  INPUT ---       rlabel(25)=p g1 c1975 a24 t1999;
  INPUT ---       rlabel(26)=p g1 c1975 a25 t2000;
  INPUT ---       rlabel(27)=p g1 c1975 a26 t2001;
  INPUT ---       rlabel(28)=p g1 c1975 a27 t2002;
  INPUT ---       rlabel(29)=p g1 c1975 a28 t2003;
  INPUT ---       rlabel(30)=p g1 c1975 a29 t2004;
  INPUT ---       rlabel(31)=p g1 c1975 a30 t2005;
  INPUT ---       rlabel(32)=p g1 c1975 a31 t2006;
  INPUT ---       rlabel(33)=p g1 c1975 a32 t2007;
  INPUT ---       rlabel(34)=p g1 c1975 a33 t2008;
  INPUT ---       rlabel(35)=p g1 c1975 a34 t2009;
  INPUT ---       rlabel(36)=p g1 c1975 a35 t2010;
  INPUT ---       rlabel(37)=p g1 c1975 a36 t2011;
  INPUT ---       rlabel(38)=p g1 c1975 a37 t2012;
  INPUT ---       rlabel(39)=p g1 c1975 a38 t2013;
  INPUT ---       rlabel(40)=p g1 c1975 a39 t2014;
  INPUT ---       rlabel(41)=p g1 c1975 a40 t2015;
  INPUT ---       rlabel(42)=p g1 c1975 a41 t2016;

 Link Function Used is LOGIT        

 Variance Estimation Procedure Used is 2ndPart 
 -2logL(saturated) = 5326.2843     
 Effective Sample Size = 4722

 Number of function evaluations was 79 for 42 parameters.
 Time for numerical optimization was 1.45 seconds.
 -2logL { Phi(~1)p(~time) } = 6066.7208     
 Penalty { Phi(~1)p(~time) } = -0.0000000    
 Gradient { Phi(~1)p(~time) }:
  0.1149140E-03-0.3339843E-03-0.5207184E-04 0.4694184E-04 0.7438703E-04
   0.000000      0.000000     0.1786160E-03 0.1022378E-03-0.1170260E-03
 -0.2519231E-03-0.7086446E-04 0.1282643E-03 0.4803698E-04 0.1238789E-03
  0.1615933E-03 0.1165086E-03 0.3661114E-04-0.1518009E-03 0.1585076E-03
 -0.2711605E-03  0.000000    -0.3073787E-03 0.1531525E-03-0.2027673E-03
 -0.8603693E-04 0.6708791E-04 0.6631655E-04-0.4518043E-03-0.7481216E-04
 -0.1950906E-04  0.000000    -0.8203427E-04-0.1602930E-03  0.000000    
 -0.3407792E-05-0.8741686E-04-0.6861752E-04-0.6692235E-04-0.3535542E-04
   0.000000    -0.3408665E-05

  Program  MARK  - Survival Rate Estimation with Capture-Recapture Data
   gfortran(Win64) Vers. 8.2 Mar 2017    7-Apr-2017 17:37:45    Page  009
 - - - - - - - - - - - - - - - - - - - - - - - - - - - - - - - - - - - - - -
 
 S Vector { Phi(~1)p(~time) }:
   1026.690      149.4109      19.62218      19.02227      17.84134    
   17.05044      16.24586      15.30092      14.89501      14.10697    
   11.97309      10.39286      9.067333      8.089018      7.506870    
   7.018248      6.760066      6.429518      5.803006      5.439411    
   4.655865      4.118417      3.929298      3.727630      3.540260    
   3.275010      3.053242      2.868241      2.764351      2.579814    
   2.402923      2.275797      2.019917      1.873821      1.716948    
   1.143055     0.9294523     0.1909881E-01 0.6534487E-02 0.4022615E-02
  0.9888498E-07 0.1288309E-07
 Time to compute number of parameters was 1.20 seconds.
   Threshold =  0.8600000E-06     Condition index =  0.1254819E-10     New Threshold =  0.8349199E-07
 New Guessimate of Estimated Parameters { Phi(~1)p(~time) } = 40          
 Conditioned S Vector { Phi(~1)p(~time) }:
   1.000000     0.1455268     0.1911209E-01 0.1852777E-01 0.1737754E-01
  0.1660720E-01 0.1582353E-01 0.1490316E-01 0.1450780E-01 0.1374024E-01
  0.1166184E-01 0.1012269E-01 0.8831619E-02 0.7878736E-02 0.7311722E-02
  0.6835802E-02 0.6584332E-02 0.6262376E-02 0.5652151E-02 0.5298008E-02
  0.4534831E-02 0.4011355E-02 0.3827153E-02 0.3630727E-02 0.3448228E-02
  0.3189873E-02 0.2973870E-02 0.2793679E-02 0.2692489E-02 0.2512749E-02
  0.2340457E-02 0.2216635E-02 0.1967407E-02 0.1825109E-02 0.1672314E-02
  0.1113340E-02 0.9052903E-03 0.1860232E-04 0.6364617E-05 0.3918044E-05
  0.9631437E-10 0.1254819E-10
 Number of Estimated Parameters { Phi(~1)p(~time) } = 40          
 DEVIANCE { Phi(~1)p(~time) } = 740.43647                     
 DEVIANCE Degrees of Freedom { Phi(~1)p(~time) } = 161            
 c-hat { Phi(~1)p(~time) } = 4.5989843                     
 AIC { Phi(~1)p(~time) } = 6146.7208                  
 AICc { Phi(~1)p(~time) } = 6147.4215                    
 BIC { Phi(~1)p(~time) } = 6405.1203                    
 Pearson Chisquare { Phi(~1)p(~time) } = 10569.958                  


                     LOGIT Link Function Parameters of { Phi(~1)p(~time) }
                                                              95% Confidence Interval
 Parameter                    Beta         Standard Error      Lower           Upper
 -------------------------  --------------  --------------  --------------  --------------
    1:Phi:(Intercept)       -0.5829134      0.0399153       -0.6611474      -0.5046794    
    2:p:(Intercept)         0.3615828       1.1963331       -1.9832301      2.7063957     
    3:p:time1977            2.4932308       15.766453       -28.409017      33.395479     
    4:p:time1978            -0.9374925      1.5867172       -4.0474582      2.1724732     
    5:p:time1979            0.2226522       1.3689196       -2.4604302      2.9057346     
    6:p:time1980            0.1996801       1.4130851       -2.5699668      2.9693270     
    7:p:time1981            -0.7542676      1.3710888       -3.4416017      1.9330665     
    8:p:time1982            -0.0183797      1.3372376       -2.6393654      2.6026061     
    9:p:time1983            0.7791745       1.3030291       -1.7747625      3.3331116     
   10:p:time1984            0.5543468       1.2569198       -1.9092161      3.0179098     
   11:p:time1985            0.8051042       1.2672574       -1.6787204      3.2889287     
   12:p:time1986            -0.2834286      1.2323020       -2.6987406      2.1318833     
   13:p:time1987            -0.4181572      1.2260365       -2.8211888      1.9848744     
   14:p:time1988            -0.8933218      1.2219272       -3.2882992      1.5016555     
   15:p:time1989            -1.2025415      1.2222947       -3.5982391      1.1931561     
   16:p:time1990            -0.6884887      1.2201978       -3.0800765      1.7030992     
   17:p:time1991            -0.5612490      1.2208119       -2.9540403      1.8315423     
   18:p:time1992            -1.4842019      1.2255829       -3.8863445      0.9179406     
   19:p:time1993            -0.7974103      1.2210354       -3.1906397      1.5958192     
   20:p:time1994            -0.7213580      1.2202546       -3.1130572      1.6703411     

  Program  MARK  - Survival Rate Estimation with Capture-Recapture Data
   gfortran(Win64) Vers. 8.2 Mar 2017    7-Apr-2017 17:37:45    Page  010
 - - - - - - - - - - - - - - - - - - - - - - - - - - - - - - - - - - - - - -
 
   21:p:time1995            0.0062248       1.2481536       -2.4401563      2.4526059     
   22:p:time1996            0.3692898       1.2629241       -2.1060414      2.8446210     
   23:p:time1997            1.6629866       1.4008257       -1.0826319      4.4086050     
   24:p:time1998            0.7815469       1.2547609       -1.6777844      3.2408783     
   25:p:time1999            -0.3456230      1.2261528       -2.7488827      2.0576366     
   26:p:time2000            -0.0570981      1.2375724       -2.4827400      2.3685439     
   27:p:time2001            0.3556760       1.2498527       -2.0940353      2.8053872     
   28:p:time2002            1.7428890       1.3287994       -0.8615580      4.3473359     
   29:p:time2003            0.0065141       1.2594621       -2.4620317      2.4750598     
   30:p:time2004            0.2157044       1.2713433       -2.2761285      2.7075373     
   31:p:time2005            3.6619097       12.334066       -20.512860      27.836679     
   32:p:time2006            0.2197922       1.3130711       -2.3538271      2.7934116     
   33:p:time2007            0.1086766       1.3031873       -2.4455706      2.6629238     
   34:p:time2008            0.1347905       1.2889998       -2.3916491      2.6612302     
   35:p:time2009            1.6796035       1.5249984       -1.3093934      4.6686005     
   36:p:time2010            25.688681       8672.3327       -16972.084      17023.461     
   37:p:time2011            0.0404111       1.3106257       -2.5284154      2.6092376     
   38:p:time2012            -0.3254555      1.3464619       -2.9645209      2.3136098     
   39:p:time2013            -0.3590299      1.3939522       -3.0911763      2.3731164     
   40:p:time2014            -1.5724336      1.3509562       -4.2203078      1.0754407     
   41:p:time2015            0.1060100       1.3194595       -2.4801307      2.6921506     
   42:p:time2016            25.681845       3538.9982       -6910.7547      6962.1184     


                     Real Function Parameters of { Phi(~1)p(~time) }
                                                               95% Confidence Interval
  Parameter                  Estimate       Standard Error      Lower           Upper
 --------------------------  --------------  --------------  --------------  --------------
     1:Phi g1 c1975 a0 t197  0.3582625       0.0091769       0.3404819       0.3764416                           
     2:p g1 c1975 a1 t1976   0.5894235       0.2895167       0.1209749       0.9374030                           
     3:p g1 c1975 a2 t1977   0.9455670       0.8144980       0.5882753E-012  1.0000000                           
     4:p g1 c1975 a3 t1978   0.3598743       0.2419314       0.0669620       0.8149502                           
     5:p g1 c1975 a4 t1979   0.6420413       0.1534304       0.3264558       0.8690664                           
     6:p g1 c1975 a5 t1980   0.6367447       0.1742265       0.2859575       0.8846912                           
     7:p g1 c1975 a6 t1981   0.4030712       0.1613390       0.1535566       0.7153690                           
     8:p g1 c1975 a7 t1982   0.5849684       0.1452539       0.3037610       0.8199277                           
     9:p g1 c1975 a8 t1983   0.7578187       0.0949515       0.5316389       0.8961155                           
    10:p g1 c1975 a9 t1984   0.7142120       0.0789006       0.5394889       0.8420517                           
    11:p g1 c1975 a10 t1985  0.7625457       0.0759041       0.5854189       0.8795648                           
    12:p g1 c1975 a11 t1986  0.5195286       0.0742386       0.3764215       0.6595015                           
    13:p g1 c1975 a12 t1987  0.4858602       0.0675172       0.3574767       0.6161372                           
    14:p g1 c1975 a13 t1988  0.3701114       0.0584408       0.2644294       0.4898999                           
    15:p g1 c1975 a14 t1989  0.3013329       0.0531642       0.2081842       0.4143499                           
    16:p g1 c1975 a15 t1990  0.4189937       0.0589904       0.3096284       0.5369440                           
    17:p g1 c1975 a16 t1991  0.4502486       0.0607590       0.3360872       0.5699012                           
    18:p g1 c1975 a17 t1992  0.2455258       0.0495690       0.1615021       0.3547684                           

  Program  MARK  - Survival Rate Estimation with Capture-Recapture Data
   gfortran(Win64) Vers. 8.2 Mar 2017    7-Apr-2017 17:37:45    Page  011
 - - - - - - - - - - - - - - - - - - - - - - - - - - - - - - - - - - - - - -
 
    19:p g1 c1975 a18 t1993  0.3927357       0.0587549       0.2852252       0.5117563                           
    20:p g1 c1975 a19 t1994  0.4110140       0.0586913       0.3025961       0.5288219                           
    21:p g1 c1975 a20 t1995  0.5909291       0.0865248       0.4173286       0.7444761                           
    22:p g1 c1975 a21 t1996  0.6749967       0.0891470       0.4836047       0.8216182                           
    23:p g1 c1975 a22 t1997  0.8833527       0.0753195       0.6437946       0.9694471                           
    24:p g1 c1975 a23 t1998  0.7582538       0.0698163       0.5978739       0.8687151                           
    25:p g1 c1975 a24 t1999  0.5039899       0.0676684       0.3741172       0.6333264                           
    26:p g1 c1975 a25 t2000  0.5755385       0.0777956       0.4207541       0.7168009                           
    27:p g1 c1975 a26 t2001  0.6720031       0.0799658       0.5015444       0.8066425                           
    28:p g1 c1975 a27 t2002  0.8913371       0.0560768       0.7250558       0.9622854                           
    29:p g1 c1975 a28 t2003  0.5909990       0.0954189       0.3999640       0.7580116                           
    30:p g1 c1975 a29 t2004  0.6404430       0.0992537       0.4335176       0.8056656                           
    31:p g1 c1975 a30 t2005  0.9824241       0.2119908       0.1980657E-008  1.0000000                           
    32:p g1 c1975 a31 t2006  0.6413837       0.1247388       0.3818820       0.8381216                           
    33:p g1 c1975 a32 t2007  0.6154452       0.1225812       0.3670494       0.8153890                           
    34:p g1 c1975 a33 t2008  0.6216067       0.1130634       0.3903659       0.8082256                           
    35:p g1 c1975 a34 t2009  0.8850540       0.0962728       0.5464632       0.9800814                           
    36:p g1 c1975 a35 t2010  1.0000000       0.4213493E-007  0.9999999       1.0000001                           
    37:p g1 c1975 a36 t2011  0.5991666       0.1288056       0.3431718       0.8104873                           
    38:p g1 c1975 a37 t2012  0.5090308       0.1546839       0.2355937       0.7771692                           
    39:p g1 c1975 a38 t2013  0.5006382       0.1791488       0.1975028       0.8033052                           
    40:p g1 c1975 a39 t2014  0.2295506       0.1111117       0.0800083       0.5051329                           
    41:p g1 c1975 a40 t2015  0.6148138       0.1319752       0.3487161       0.8263352                           
    42:p g1 c1975 a41 t2016  1.0000000       0.1731228E-007  1.0000000       1.0000000                           

 Attempted ordering of parameters by estimatibility:
   1  2 16 20 17 19 14 15 25 13 18 12 26 21 27 24 10 29 22 11 30 34 33  9 37
  32 41 28  8 38 40  5  7 39 23  6 35  4 31  3 42 36
 Beta number 36 is a singular value.

     CPU Time in seconds for last procedure was 2.70

  Program  MARK  - Survival Rate Estimation with Capture-Recapture Data
   gfortran(Win64) Vers. 8.2 Mar 2017    7-Apr-2017 17:37:45    Page  012
 - - - - - - - - - - - - - - - - - - - - - - - - - - - - - - - - - - - - - -
 


  INPUT --- proc stop;

     CPU Time in minutes for this job was 0.05

     Time Start = 17:37:44.108   Time End = 17:37:45.493

     Wall Clock Time in minutes for this job was 0.02


          E X E C U T I O N   S U C C E S S F U L 
