
   Program  MARK  - Survival Rate Estimation with Capture-Recapture Data
   gfortran(Win64) Vers. 8.2 Mar 2017   10-Apr-2017 10:06:50    Page  001
 - - - - - - - - - - - - - - - - - - - - - - - - - - - - - - - - - - - - - -
 
   This version was compiled by GCC version 5.3.0 using the options: 
     -cpp -iprefix c:\tdm-gcc-64\gcc\bin\../lib/gcc/x86_64-w64-mingw32/5.3.0/ -D_MT
     -U_REENTRANT -D IEEE -m64 -mtune=generic -march=x86-64 -mthreads -O3
     -fimplicit-none -fbounds-check -ffpe-summary=invalid,zero,overflow,underflow
     -fno-unsafe-math-optimizations -frounding-math -fsignaling-nans -fopenmp.

   This problem will use 3 of 4 possible threads.


  INPUT --- proc title ;

     CPU Time in seconds for last procedure was 0.00


  INPUT --- proc chmatrix occasions= 42 groups= 2 etype= Live ICMeans 
  INPUT --- NoHist hist= 351 ;

  INPUT ---    time  interval 1 1 1 1 1 1 1 1 1 1 1 1 1 1 1 1 1 1 1 1 1 1 
  INPUT ---    1 1 1 1 1 1 1 1 1 1 1 1 1 1 1 1 1 1 1 ;

  INPUT ---    glabel(1)=age1;

  INPUT ---    glabel(2)=age2;

   * *  WARNING  * *   At least a pair of the encounter histories are duplicates. 

      Number of unique encounter histories read was 242.

      Number of individual covariates read was 0.
      Time interval lengths are all equal to 1.

      Data type number is 1
      Data type is Live Recaptures (CJS)                                                                               

     CPU Time in seconds for last procedure was 0.05

  Program  MARK  - Survival Rate Estimation with Capture-Recapture Data
   gfortran(Win64) Vers. 8.2 Mar 2017   10-Apr-2017 10:06:50    Page  002
 - - - - - - - - - - - - - - - - - - - - - - - - - - - - - - - - - - - - - -
 


  INPUT --- proc estimate link=Logit NOLOOP varest=2ndPart    ;


  INPUT --- model={ Phi(~Time)p(~time) };

  INPUT ---    group=1 Phi    rows=41 cols=41 Triang ;
  INPUT ---        1 2 3 4 5 6 7 8 9 10 11 12 13 14 15 16 17 18 19 20 21 22 
  INPUT ---       23 24 25 26 27 28 29 30 31 32 33 34 35 36 37 38 39 40 41 ;
  INPUT ---        2 3 4 5 6 7 8 9 10 11 12 13 14 15 16 17 18 19 20 21 22 23 
  INPUT ---       24 25 26 27 28 29 30 31 32 33 34 35 36 37 38 39 40 41 ;
  INPUT ---        3 4 5 6 7 8 9 10 11 12 13 14 15 16 17 18 19 20 21 22 23 24 
  INPUT ---       25 26 27 28 29 30 31 32 33 34 35 36 37 38 39 40 41 ;
  INPUT ---        4 5 6 7 8 9 10 11 12 13 14 15 16 17 18 19 20 21 22 23 24 
  INPUT ---       25 26 27 28 29 30 31 32 33 34 35 36 37 38 39 40 41 ;
  INPUT ---        5 6 7 8 9 10 11 12 13 14 15 16 17 18 19 20 21 22 23 24 25 
  INPUT ---       26 27 28 29 30 31 32 33 34 35 36 37 38 39 40 41 ;
  INPUT ---        6 7 8 9 10 11 12 13 14 15 16 17 18 19 20 21 22 23 24 25 26 
  INPUT ---       27 28 29 30 31 32 33 34 35 36 37 38 39 40 41 ;
  INPUT ---        7 8 9 10 11 12 13 14 15 16 17 18 19 20 21 22 23 24 25 26 
  INPUT ---       27 28 29 30 31 32 33 34 35 36 37 38 39 40 41 ;
  INPUT ---        8 9 10 11 12 13 14 15 16 17 18 19 20 21 22 23 24 25 26 27 
  INPUT ---       28 29 30 31 32 33 34 35 36 37 38 39 40 41 ;
  INPUT ---        9 10 11 12 13 14 15 16 17 18 19 20 21 22 23 24 25 26 27 28 
  INPUT ---       29 30 31 32 33 34 35 36 37 38 39 40 41 ;
  INPUT ---        10 11 12 13 14 15 16 17 18 19 20 21 22 23 24 25 26 27 28 
  INPUT ---       29 30 31 32 33 34 35 36 37 38 39 40 41 ;
  INPUT ---        11 12 13 14 15 16 17 18 19 20 21 22 23 24 25 26 27 28 29 
  INPUT ---       30 31 32 33 34 35 36 37 38 39 40 41 ;
  INPUT ---        12 13 14 15 16 17 18 19 20 21 22 23 24 25 26 27 28 29 30 
  INPUT ---       31 32 33 34 35 36 37 38 39 40 41 ;
  INPUT ---        13 14 15 16 17 18 19 20 21 22 23 24 25 26 27 28 29 30 31 
  INPUT ---       32 33 34 35 36 37 38 39 40 41 ;
  INPUT ---        14 15 16 17 18 19 20 21 22 23 24 25 26 27 28 29 30 31 32 
  INPUT ---       33 34 35 36 37 38 39 40 41 ;
  INPUT ---        15 16 17 18 19 20 21 22 23 24 25 26 27 28 29 30 31 32 33 
  INPUT ---       34 35 36 37 38 39 40 41 ;
  INPUT ---        16 17 18 19 20 21 22 23 24 25 26 27 28 29 30 31 32 33 34 
  INPUT ---       35 36 37 38 39 40 41 ;
  INPUT ---        17 18 19 20 21 22 23 24 25 26 27 28 29 30 31 32 33 34 35 
  INPUT ---       36 37 38 39 40 41 ;
  INPUT ---        18 19 20 21 22 23 24 25 26 27 28 29 30 31 32 33 34 35 36 
  INPUT ---       37 38 39 40 41 ;
  INPUT ---        19 20 21 22 23 24 25 26 27 28 29 30 31 32 33 34 35 36 37 
  INPUT ---       38 39 40 41 ;

  Program  MARK  - Survival Rate Estimation with Capture-Recapture Data
   gfortran(Win64) Vers. 8.2 Mar 2017   10-Apr-2017 10:06:50    Page  003
 - - - - - - - - - - - - - - - - - - - - - - - - - - - - - - - - - - - - - -
 
  INPUT ---        20 21 22 23 24 25 26 27 28 29 30 31 32 33 34 35 36 37 38 
  INPUT ---       39 40 41 ;
  INPUT ---        21 22 23 24 25 26 27 28 29 30 31 32 33 34 35 36 37 38 39 
  INPUT ---       40 41 ;
  INPUT ---        22 23 24 25 26 27 28 29 30 31 32 33 34 35 36 37 38 39 40 
  INPUT ---       41 ;
  INPUT ---        23 24 25 26 27 28 29 30 31 32 33 34 35 36 37 38 39 40 41 ;
  INPUT ---        24 25 26 27 28 29 30 31 32 33 34 35 36 37 38 39 40 41 ;
  INPUT ---        25 26 27 28 29 30 31 32 33 34 35 36 37 38 39 40 41 ;
  INPUT ---        26 27 28 29 30 31 32 33 34 35 36 37 38 39 40 41 ;
  INPUT ---        27 28 29 30 31 32 33 34 35 36 37 38 39 40 41 ;
  INPUT ---        28 29 30 31 32 33 34 35 36 37 38 39 40 41 ;
  INPUT ---        29 30 31 32 33 34 35 36 37 38 39 40 41 ;
  INPUT ---        30 31 32 33 34 35 36 37 38 39 40 41 ;
  INPUT ---        31 32 33 34 35 36 37 38 39 40 41 ;
  INPUT ---        32 33 34 35 36 37 38 39 40 41 ;
  INPUT ---        33 34 35 36 37 38 39 40 41 ;
  INPUT ---        34 35 36 37 38 39 40 41 ;
  INPUT ---        35 36 37 38 39 40 41 ;
  INPUT ---        36 37 38 39 40 41 ;
  INPUT ---        37 38 39 40 41 ;
  INPUT ---        38 39 40 41 ;
  INPUT ---        39 40 41 ;
  INPUT ---        40 41 ;
  INPUT ---        41 ;

  INPUT ---    group=2 Phi    rows=41 cols=41 Triang ;
  INPUT ---        1 2 3 4 5 6 7 8 9 10 11 12 13 14 15 16 17 18 19 20 21 22 
  INPUT ---       23 24 25 26 27 28 29 30 31 32 33 34 35 36 37 38 39 40 41 ;
  INPUT ---        2 3 4 5 6 7 8 9 10 11 12 13 14 15 16 17 18 19 20 21 22 23 
  INPUT ---       24 25 26 27 28 29 30 31 32 33 34 35 36 37 38 39 40 41 ;
  INPUT ---        3 4 5 6 7 8 9 10 11 12 13 14 15 16 17 18 19 20 21 22 23 24 
  INPUT ---       25 26 27 28 29 30 31 32 33 34 35 36 37 38 39 40 41 ;
  INPUT ---        4 5 6 7 8 9 10 11 12 13 14 15 16 17 18 19 20 21 22 23 24 
  INPUT ---       25 26 27 28 29 30 31 32 33 34 35 36 37 38 39 40 41 ;
  INPUT ---        5 6 7 8 9 10 11 12 13 14 15 16 17 18 19 20 21 22 23 24 25 
  INPUT ---       26 27 28 29 30 31 32 33 34 35 36 37 38 39 40 41 ;
  INPUT ---        6 7 8 9 10 11 12 13 14 15 16 17 18 19 20 21 22 23 24 25 26 
  INPUT ---       27 28 29 30 31 32 33 34 35 36 37 38 39 40 41 ;
  INPUT ---        7 8 9 10 11 12 13 14 15 16 17 18 19 20 21 22 23 24 25 26 
  INPUT ---       27 28 29 30 31 32 33 34 35 36 37 38 39 40 41 ;
  INPUT ---        8 9 10 11 12 13 14 15 16 17 18 19 20 21 22 23 24 25 26 27 
  INPUT ---       28 29 30 31 32 33 34 35 36 37 38 39 40 41 ;
  INPUT ---        9 10 11 12 13 14 15 16 17 18 19 20 21 22 23 24 25 26 27 28 
  INPUT ---       29 30 31 32 33 34 35 36 37 38 39 40 41 ;
  INPUT ---        10 11 12 13 14 15 16 17 18 19 20 21 22 23 24 25 26 27 28 

  Program  MARK  - Survival Rate Estimation with Capture-Recapture Data
   gfortran(Win64) Vers. 8.2 Mar 2017   10-Apr-2017 10:06:50    Page  004
 - - - - - - - - - - - - - - - - - - - - - - - - - - - - - - - - - - - - - -
 
  INPUT ---       29 30 31 32 33 34 35 36 37 38 39 40 41 ;
  INPUT ---        11 12 13 14 15 16 17 18 19 20 21 22 23 24 25 26 27 28 29 
  INPUT ---       30 31 32 33 34 35 36 37 38 39 40 41 ;
  INPUT ---        12 13 14 15 16 17 18 19 20 21 22 23 24 25 26 27 28 29 30 
  INPUT ---       31 32 33 34 35 36 37 38 39 40 41 ;
  INPUT ---        13 14 15 16 17 18 19 20 21 22 23 24 25 26 27 28 29 30 31 
  INPUT ---       32 33 34 35 36 37 38 39 40 41 ;
  INPUT ---        14 15 16 17 18 19 20 21 22 23 24 25 26 27 28 29 30 31 32 
  INPUT ---       33 34 35 36 37 38 39 40 41 ;
  INPUT ---        15 16 17 18 19 20 21 22 23 24 25 26 27 28 29 30 31 32 33 
  INPUT ---       34 35 36 37 38 39 40 41 ;
  INPUT ---        16 17 18 19 20 21 22 23 24 25 26 27 28 29 30 31 32 33 34 
  INPUT ---       35 36 37 38 39 40 41 ;
  INPUT ---        17 18 19 20 21 22 23 24 25 26 27 28 29 30 31 32 33 34 35 
  INPUT ---       36 37 38 39 40 41 ;
  INPUT ---        18 19 20 21 22 23 24 25 26 27 28 29 30 31 32 33 34 35 36 
  INPUT ---       37 38 39 40 41 ;
  INPUT ---        19 20 21 22 23 24 25 26 27 28 29 30 31 32 33 34 35 36 37 
  INPUT ---       38 39 40 41 ;
  INPUT ---        20 21 22 23 24 25 26 27 28 29 30 31 32 33 34 35 36 37 38 
  INPUT ---       39 40 41 ;
  INPUT ---        21 22 23 24 25 26 27 28 29 30 31 32 33 34 35 36 37 38 39 
  INPUT ---       40 41 ;
  INPUT ---        22 23 24 25 26 27 28 29 30 31 32 33 34 35 36 37 38 39 40 
  INPUT ---       41 ;
  INPUT ---        23 24 25 26 27 28 29 30 31 32 33 34 35 36 37 38 39 40 41 ;
  INPUT ---        24 25 26 27 28 29 30 31 32 33 34 35 36 37 38 39 40 41 ;
  INPUT ---        25 26 27 28 29 30 31 32 33 34 35 36 37 38 39 40 41 ;
  INPUT ---        26 27 28 29 30 31 32 33 34 35 36 37 38 39 40 41 ;
  INPUT ---        27 28 29 30 31 32 33 34 35 36 37 38 39 40 41 ;
  INPUT ---        28 29 30 31 32 33 34 35 36 37 38 39 40 41 ;
  INPUT ---        29 30 31 32 33 34 35 36 37 38 39 40 41 ;
  INPUT ---        30 31 32 33 34 35 36 37 38 39 40 41 ;
  INPUT ---        31 32 33 34 35 36 37 38 39 40 41 ;
  INPUT ---        32 33 34 35 36 37 38 39 40 41 ;
  INPUT ---        33 34 35 36 37 38 39 40 41 ;
  INPUT ---        34 35 36 37 38 39 40 41 ;
  INPUT ---        35 36 37 38 39 40 41 ;
  INPUT ---        36 37 38 39 40 41 ;
  INPUT ---        37 38 39 40 41 ;
  INPUT ---        38 39 40 41 ;
  INPUT ---        39 40 41 ;
  INPUT ---        40 41 ;
  INPUT ---        41 ;

  INPUT ---    group=1 p    rows=41 cols=41 Triang ;

  Program  MARK  - Survival Rate Estimation with Capture-Recapture Data
   gfortran(Win64) Vers. 8.2 Mar 2017   10-Apr-2017 10:06:50    Page  005
 - - - - - - - - - - - - - - - - - - - - - - - - - - - - - - - - - - - - - -
 
  INPUT ---        42 43 44 45 46 47 48 49 50 51 52 53 54 55 56 57 58 59 60 
  INPUT ---       61 62 63 64 65 66 67 68 69 70 71 72 73 74 75 76 77 78 79 80 
  INPUT ---       81 82 ;
  INPUT ---        43 44 45 46 47 48 49 50 51 52 53 54 55 56 57 58 59 60 61 
  INPUT ---       62 63 64 65 66 67 68 69 70 71 72 73 74 75 76 77 78 79 80 81 
  INPUT ---       82 ;
  INPUT ---        44 45 46 47 48 49 50 51 52 53 54 55 56 57 58 59 60 61 62 
  INPUT ---       63 64 65 66 67 68 69 70 71 72 73 74 75 76 77 78 79 80 81 82 
  INPUT ---       ;
  INPUT ---        45 46 47 48 49 50 51 52 53 54 55 56 57 58 59 60 61 62 63 
  INPUT ---       64 65 66 67 68 69 70 71 72 73 74 75 76 77 78 79 80 81 82 ;
  INPUT ---        46 47 48 49 50 51 52 53 54 55 56 57 58 59 60 61 62 63 64 
  INPUT ---       65 66 67 68 69 70 71 72 73 74 75 76 77 78 79 80 81 82 ;
  INPUT ---        47 48 49 50 51 52 53 54 55 56 57 58 59 60 61 62 63 64 65 
  INPUT ---       66 67 68 69 70 71 72 73 74 75 76 77 78 79 80 81 82 ;
  INPUT ---        48 49 50 51 52 53 54 55 56 57 58 59 60 61 62 63 64 65 66 
  INPUT ---       67 68 69 70 71 72 73 74 75 76 77 78 79 80 81 82 ;
  INPUT ---        49 50 51 52 53 54 55 56 57 58 59 60 61 62 63 64 65 66 67 
  INPUT ---       68 69 70 71 72 73 74 75 76 77 78 79 80 81 82 ;
  INPUT ---        50 51 52 53 54 55 56 57 58 59 60 61 62 63 64 65 66 67 68 
  INPUT ---       69 70 71 72 73 74 75 76 77 78 79 80 81 82 ;
  INPUT ---        51 52 53 54 55 56 57 58 59 60 61 62 63 64 65 66 67 68 69 
  INPUT ---       70 71 72 73 74 75 76 77 78 79 80 81 82 ;
  INPUT ---        52 53 54 55 56 57 58 59 60 61 62 63 64 65 66 67 68 69 70 
  INPUT ---       71 72 73 74 75 76 77 78 79 80 81 82 ;
  INPUT ---        53 54 55 56 57 58 59 60 61 62 63 64 65 66 67 68 69 70 71 
  INPUT ---       72 73 74 75 76 77 78 79 80 81 82 ;
  INPUT ---        54 55 56 57 58 59 60 61 62 63 64 65 66 67 68 69 70 71 72 
  INPUT ---       73 74 75 76 77 78 79 80 81 82 ;
  INPUT ---        55 56 57 58 59 60 61 62 63 64 65 66 67 68 69 70 71 72 73 
  INPUT ---       74 75 76 77 78 79 80 81 82 ;
  INPUT ---        56 57 58 59 60 61 62 63 64 65 66 67 68 69 70 71 72 73 74 
  INPUT ---       75 76 77 78 79 80 81 82 ;
  INPUT ---        57 58 59 60 61 62 63 64 65 66 67 68 69 70 71 72 73 74 75 
  INPUT ---       76 77 78 79 80 81 82 ;
  INPUT ---        58 59 60 61 62 63 64 65 66 67 68 69 70 71 72 73 74 75 76 
  INPUT ---       77 78 79 80 81 82 ;
  INPUT ---        59 60 61 62 63 64 65 66 67 68 69 70 71 72 73 74 75 76 77 
  INPUT ---       78 79 80 81 82 ;
  INPUT ---        60 61 62 63 64 65 66 67 68 69 70 71 72 73 74 75 76 77 78 
  INPUT ---       79 80 81 82 ;
  INPUT ---        61 62 63 64 65 66 67 68 69 70 71 72 73 74 75 76 77 78 79 
  INPUT ---       80 81 82 ;
  INPUT ---        62 63 64 65 66 67 68 69 70 71 72 73 74 75 76 77 78 79 80 
  INPUT ---       81 82 ;
  INPUT ---        63 64 65 66 67 68 69 70 71 72 73 74 75 76 77 78 79 80 81 

  Program  MARK  - Survival Rate Estimation with Capture-Recapture Data
   gfortran(Win64) Vers. 8.2 Mar 2017   10-Apr-2017 10:06:50    Page  006
 - - - - - - - - - - - - - - - - - - - - - - - - - - - - - - - - - - - - - -
 
  INPUT ---       82 ;
  INPUT ---        64 65 66 67 68 69 70 71 72 73 74 75 76 77 78 79 80 81 82 ;
  INPUT ---        65 66 67 68 69 70 71 72 73 74 75 76 77 78 79 80 81 82 ;
  INPUT ---        66 67 68 69 70 71 72 73 74 75 76 77 78 79 80 81 82 ;
  INPUT ---        67 68 69 70 71 72 73 74 75 76 77 78 79 80 81 82 ;
  INPUT ---        68 69 70 71 72 73 74 75 76 77 78 79 80 81 82 ;
  INPUT ---        69 70 71 72 73 74 75 76 77 78 79 80 81 82 ;
  INPUT ---        70 71 72 73 74 75 76 77 78 79 80 81 82 ;
  INPUT ---        71 72 73 74 75 76 77 78 79 80 81 82 ;
  INPUT ---        72 73 74 75 76 77 78 79 80 81 82 ;
  INPUT ---        73 74 75 76 77 78 79 80 81 82 ;
  INPUT ---        74 75 76 77 78 79 80 81 82 ;
  INPUT ---        75 76 77 78 79 80 81 82 ;
  INPUT ---        76 77 78 79 80 81 82 ;
  INPUT ---        77 78 79 80 81 82 ;
  INPUT ---        78 79 80 81 82 ;
  INPUT ---        79 80 81 82 ;
  INPUT ---        80 81 82 ;
  INPUT ---        81 82 ;
  INPUT ---        82 ;

  INPUT ---    group=2 p    rows=41 cols=41 Triang ;
  INPUT ---        42 43 44 45 46 47 48 49 50 51 52 53 54 55 56 57 58 59 60 
  INPUT ---       61 62 63 64 65 66 67 68 69 70 71 72 73 74 75 76 77 78 79 80 
  INPUT ---       81 82 ;
  INPUT ---        43 44 45 46 47 48 49 50 51 52 53 54 55 56 57 58 59 60 61 
  INPUT ---       62 63 64 65 66 67 68 69 70 71 72 73 74 75 76 77 78 79 80 81 
  INPUT ---       82 ;
  INPUT ---        44 45 46 47 48 49 50 51 52 53 54 55 56 57 58 59 60 61 62 
  INPUT ---       63 64 65 66 67 68 69 70 71 72 73 74 75 76 77 78 79 80 81 82 
  INPUT ---       ;
  INPUT ---        45 46 47 48 49 50 51 52 53 54 55 56 57 58 59 60 61 62 63 
  INPUT ---       64 65 66 67 68 69 70 71 72 73 74 75 76 77 78 79 80 81 82 ;
  INPUT ---        46 47 48 49 50 51 52 53 54 55 56 57 58 59 60 61 62 63 64 
  INPUT ---       65 66 67 68 69 70 71 72 73 74 75 76 77 78 79 80 81 82 ;
  INPUT ---        47 48 49 50 51 52 53 54 55 56 57 58 59 60 61 62 63 64 65 
  INPUT ---       66 67 68 69 70 71 72 73 74 75 76 77 78 79 80 81 82 ;
  INPUT ---        48 49 50 51 52 53 54 55 56 57 58 59 60 61 62 63 64 65 66 
  INPUT ---       67 68 69 70 71 72 73 74 75 76 77 78 79 80 81 82 ;
  INPUT ---        49 50 51 52 53 54 55 56 57 58 59 60 61 62 63 64 65 66 67 
  INPUT ---       68 69 70 71 72 73 74 75 76 77 78 79 80 81 82 ;
  INPUT ---        50 51 52 53 54 55 56 57 58 59 60 61 62 63 64 65 66 67 68 
  INPUT ---       69 70 71 72 73 74 75 76 77 78 79 80 81 82 ;
  INPUT ---        51 52 53 54 55 56 57 58 59 60 61 62 63 64 65 66 67 68 69 
  INPUT ---       70 71 72 73 74 75 76 77 78 79 80 81 82 ;
  INPUT ---        52 53 54 55 56 57 58 59 60 61 62 63 64 65 66 67 68 69 70 

  Program  MARK  - Survival Rate Estimation with Capture-Recapture Data
   gfortran(Win64) Vers. 8.2 Mar 2017   10-Apr-2017 10:06:50    Page  007
 - - - - - - - - - - - - - - - - - - - - - - - - - - - - - - - - - - - - - -
 
  INPUT ---       71 72 73 74 75 76 77 78 79 80 81 82 ;
  INPUT ---        53 54 55 56 57 58 59 60 61 62 63 64 65 66 67 68 69 70 71 
  INPUT ---       72 73 74 75 76 77 78 79 80 81 82 ;
  INPUT ---        54 55 56 57 58 59 60 61 62 63 64 65 66 67 68 69 70 71 72 
  INPUT ---       73 74 75 76 77 78 79 80 81 82 ;
  INPUT ---        55 56 57 58 59 60 61 62 63 64 65 66 67 68 69 70 71 72 73 
  INPUT ---       74 75 76 77 78 79 80 81 82 ;
  INPUT ---        56 57 58 59 60 61 62 63 64 65 66 67 68 69 70 71 72 73 74 
  INPUT ---       75 76 77 78 79 80 81 82 ;
  INPUT ---        57 58 59 60 61 62 63 64 65 66 67 68 69 70 71 72 73 74 75 
  INPUT ---       76 77 78 79 80 81 82 ;
  INPUT ---        58 59 60 61 62 63 64 65 66 67 68 69 70 71 72 73 74 75 76 
  INPUT ---       77 78 79 80 81 82 ;
  INPUT ---        59 60 61 62 63 64 65 66 67 68 69 70 71 72 73 74 75 76 77 
  INPUT ---       78 79 80 81 82 ;
  INPUT ---        60 61 62 63 64 65 66 67 68 69 70 71 72 73 74 75 76 77 78 
  INPUT ---       79 80 81 82 ;
  INPUT ---        61 62 63 64 65 66 67 68 69 70 71 72 73 74 75 76 77 78 79 
  INPUT ---       80 81 82 ;
  INPUT ---        62 63 64 65 66 67 68 69 70 71 72 73 74 75 76 77 78 79 80 
  INPUT ---       81 82 ;
  INPUT ---        63 64 65 66 67 68 69 70 71 72 73 74 75 76 77 78 79 80 81 
  INPUT ---       82 ;
  INPUT ---        64 65 66 67 68 69 70 71 72 73 74 75 76 77 78 79 80 81 82 ;
  INPUT ---        65 66 67 68 69 70 71 72 73 74 75 76 77 78 79 80 81 82 ;
  INPUT ---        66 67 68 69 70 71 72 73 74 75 76 77 78 79 80 81 82 ;
  INPUT ---        67 68 69 70 71 72 73 74 75 76 77 78 79 80 81 82 ;
  INPUT ---        68 69 70 71 72 73 74 75 76 77 78 79 80 81 82 ;
  INPUT ---        69 70 71 72 73 74 75 76 77 78 79 80 81 82 ;
  INPUT ---        70 71 72 73 74 75 76 77 78 79 80 81 82 ;
  INPUT ---        71 72 73 74 75 76 77 78 79 80 81 82 ;
  INPUT ---        72 73 74 75 76 77 78 79 80 81 82 ;
  INPUT ---        73 74 75 76 77 78 79 80 81 82 ;
  INPUT ---        74 75 76 77 78 79 80 81 82 ;
  INPUT ---        75 76 77 78 79 80 81 82 ;
  INPUT ---        76 77 78 79 80 81 82 ;
  INPUT ---        77 78 79 80 81 82 ;
  INPUT ---        78 79 80 81 82 ;
  INPUT ---        79 80 81 82 ;
  INPUT ---        80 81 82 ;
  INPUT ---        81 82 ;
  INPUT ---        82 ;

  INPUT ---    design matrix constraints=82 covariates=43;
  INPUT ---        1 0 0 0 0 0 0 0 0 0 0 0 0 0 0 0 0 0 0 0 0 0 0 0 0 0 0 0 0 
  INPUT ---       0 0 0 0 0 0 0 0 0 0 0 0 0 0;

  Program  MARK  - Survival Rate Estimation with Capture-Recapture Data
   gfortran(Win64) Vers. 8.2 Mar 2017   10-Apr-2017 10:06:50    Page  008
 - - - - - - - - - - - - - - - - - - - - - - - - - - - - - - - - - - - - - -
 
  INPUT ---        1 1 0 0 0 0 0 0 0 0 0 0 0 0 0 0 0 0 0 0 0 0 0 0 0 0 0 0 0 
  INPUT ---       0 0 0 0 0 0 0 0 0 0 0 0 0 0;
  INPUT ---        1 2 0 0 0 0 0 0 0 0 0 0 0 0 0 0 0 0 0 0 0 0 0 0 0 0 0 0 0 
  INPUT ---       0 0 0 0 0 0 0 0 0 0 0 0 0 0;
  INPUT ---        1 3 0 0 0 0 0 0 0 0 0 0 0 0 0 0 0 0 0 0 0 0 0 0 0 0 0 0 0 
  INPUT ---       0 0 0 0 0 0 0 0 0 0 0 0 0 0;
  INPUT ---        1 4 0 0 0 0 0 0 0 0 0 0 0 0 0 0 0 0 0 0 0 0 0 0 0 0 0 0 0 
  INPUT ---       0 0 0 0 0 0 0 0 0 0 0 0 0 0;
  INPUT ---        1 5 0 0 0 0 0 0 0 0 0 0 0 0 0 0 0 0 0 0 0 0 0 0 0 0 0 0 0 
  INPUT ---       0 0 0 0 0 0 0 0 0 0 0 0 0 0;
  INPUT ---        1 6 0 0 0 0 0 0 0 0 0 0 0 0 0 0 0 0 0 0 0 0 0 0 0 0 0 0 0 
  INPUT ---       0 0 0 0 0 0 0 0 0 0 0 0 0 0;
  INPUT ---        1 7 0 0 0 0 0 0 0 0 0 0 0 0 0 0 0 0 0 0 0 0 0 0 0 0 0 0 0 
  INPUT ---       0 0 0 0 0 0 0 0 0 0 0 0 0 0;
  INPUT ---        1 8 0 0 0 0 0 0 0 0 0 0 0 0 0 0 0 0 0 0 0 0 0 0 0 0 0 0 0 
  INPUT ---       0 0 0 0 0 0 0 0 0 0 0 0 0 0;
  INPUT ---        1 9 0 0 0 0 0 0 0 0 0 0 0 0 0 0 0 0 0 0 0 0 0 0 0 0 0 0 0 
  INPUT ---       0 0 0 0 0 0 0 0 0 0 0 0 0 0;
  INPUT ---        1 10 0 0 0 0 0 0 0 0 0 0 0 0 0 0 0 0 0 0 0 0 0 0 0 0 0 0 0 
  INPUT ---       0 0 0 0 0 0 0 0 0 0 0 0 0 0;
  INPUT ---        1 11 0 0 0 0 0 0 0 0 0 0 0 0 0 0 0 0 0 0 0 0 0 0 0 0 0 0 0 
  INPUT ---       0 0 0 0 0 0 0 0 0 0 0 0 0 0;
  INPUT ---        1 12 0 0 0 0 0 0 0 0 0 0 0 0 0 0 0 0 0 0 0 0 0 0 0 0 0 0 0 
  INPUT ---       0 0 0 0 0 0 0 0 0 0 0 0 0 0;
  INPUT ---        1 13 0 0 0 0 0 0 0 0 0 0 0 0 0 0 0 0 0 0 0 0 0 0 0 0 0 0 0 
  INPUT ---       0 0 0 0 0 0 0 0 0 0 0 0 0 0;
  INPUT ---        1 14 0 0 0 0 0 0 0 0 0 0 0 0 0 0 0 0 0 0 0 0 0 0 0 0 0 0 0 
  INPUT ---       0 0 0 0 0 0 0 0 0 0 0 0 0 0;
  INPUT ---        1 15 0 0 0 0 0 0 0 0 0 0 0 0 0 0 0 0 0 0 0 0 0 0 0 0 0 0 0 
  INPUT ---       0 0 0 0 0 0 0 0 0 0 0 0 0 0;
  INPUT ---        1 16 0 0 0 0 0 0 0 0 0 0 0 0 0 0 0 0 0 0 0 0 0 0 0 0 0 0 0 
  INPUT ---       0 0 0 0 0 0 0 0 0 0 0 0 0 0;
  INPUT ---        1 17 0 0 0 0 0 0 0 0 0 0 0 0 0 0 0 0 0 0 0 0 0 0 0 0 0 0 0 
  INPUT ---       0 0 0 0 0 0 0 0 0 0 0 0 0 0;
  INPUT ---        1 18 0 0 0 0 0 0 0 0 0 0 0 0 0 0 0 0 0 0 0 0 0 0 0 0 0 0 0 
  INPUT ---       0 0 0 0 0 0 0 0 0 0 0 0 0 0;
  INPUT ---        1 19 0 0 0 0 0 0 0 0 0 0 0 0 0 0 0 0 0 0 0 0 0 0 0 0 0 0 0 
  INPUT ---       0 0 0 0 0 0 0 0 0 0 0 0 0 0;
  INPUT ---        1 20 0 0 0 0 0 0 0 0 0 0 0 0 0 0 0 0 0 0 0 0 0 0 0 0 0 0 0 
  INPUT ---       0 0 0 0 0 0 0 0 0 0 0 0 0 0;
  INPUT ---        1 21 0 0 0 0 0 0 0 0 0 0 0 0 0 0 0 0 0 0 0 0 0 0 0 0 0 0 0 
  INPUT ---       0 0 0 0 0 0 0 0 0 0 0 0 0 0;
  INPUT ---        1 22 0 0 0 0 0 0 0 0 0 0 0 0 0 0 0 0 0 0 0 0 0 0 0 0 0 0 0 
  INPUT ---       0 0 0 0 0 0 0 0 0 0 0 0 0 0;
  INPUT ---        1 23 0 0 0 0 0 0 0 0 0 0 0 0 0 0 0 0 0 0 0 0 0 0 0 0 0 0 0 
  INPUT ---       0 0 0 0 0 0 0 0 0 0 0 0 0 0;

  Program  MARK  - Survival Rate Estimation with Capture-Recapture Data
   gfortran(Win64) Vers. 8.2 Mar 2017   10-Apr-2017 10:06:50    Page  009
 - - - - - - - - - - - - - - - - - - - - - - - - - - - - - - - - - - - - - -
 
  INPUT ---        1 24 0 0 0 0 0 0 0 0 0 0 0 0 0 0 0 0 0 0 0 0 0 0 0 0 0 0 0 
  INPUT ---       0 0 0 0 0 0 0 0 0 0 0 0 0 0;
  INPUT ---        1 25 0 0 0 0 0 0 0 0 0 0 0 0 0 0 0 0 0 0 0 0 0 0 0 0 0 0 0 
  INPUT ---       0 0 0 0 0 0 0 0 0 0 0 0 0 0;
  INPUT ---        1 26 0 0 0 0 0 0 0 0 0 0 0 0 0 0 0 0 0 0 0 0 0 0 0 0 0 0 0 
  INPUT ---       0 0 0 0 0 0 0 0 0 0 0 0 0 0;
  INPUT ---        1 27 0 0 0 0 0 0 0 0 0 0 0 0 0 0 0 0 0 0 0 0 0 0 0 0 0 0 0 
  INPUT ---       0 0 0 0 0 0 0 0 0 0 0 0 0 0;
  INPUT ---        1 28 0 0 0 0 0 0 0 0 0 0 0 0 0 0 0 0 0 0 0 0 0 0 0 0 0 0 0 
  INPUT ---       0 0 0 0 0 0 0 0 0 0 0 0 0 0;
  INPUT ---        1 29 0 0 0 0 0 0 0 0 0 0 0 0 0 0 0 0 0 0 0 0 0 0 0 0 0 0 0 
  INPUT ---       0 0 0 0 0 0 0 0 0 0 0 0 0 0;
  INPUT ---        1 30 0 0 0 0 0 0 0 0 0 0 0 0 0 0 0 0 0 0 0 0 0 0 0 0 0 0 0 
  INPUT ---       0 0 0 0 0 0 0 0 0 0 0 0 0 0;
  INPUT ---        1 31 0 0 0 0 0 0 0 0 0 0 0 0 0 0 0 0 0 0 0 0 0 0 0 0 0 0 0 
  INPUT ---       0 0 0 0 0 0 0 0 0 0 0 0 0 0;
  INPUT ---        1 32 0 0 0 0 0 0 0 0 0 0 0 0 0 0 0 0 0 0 0 0 0 0 0 0 0 0 0 
  INPUT ---       0 0 0 0 0 0 0 0 0 0 0 0 0 0;
  INPUT ---        1 33 0 0 0 0 0 0 0 0 0 0 0 0 0 0 0 0 0 0 0 0 0 0 0 0 0 0 0 
  INPUT ---       0 0 0 0 0 0 0 0 0 0 0 0 0 0;
  INPUT ---        1 34 0 0 0 0 0 0 0 0 0 0 0 0 0 0 0 0 0 0 0 0 0 0 0 0 0 0 0 
  INPUT ---       0 0 0 0 0 0 0 0 0 0 0 0 0 0;
  INPUT ---        1 35 0 0 0 0 0 0 0 0 0 0 0 0 0 0 0 0 0 0 0 0 0 0 0 0 0 0 0 
  INPUT ---       0 0 0 0 0 0 0 0 0 0 0 0 0 0;
  INPUT ---        1 36 0 0 0 0 0 0 0 0 0 0 0 0 0 0 0 0 0 0 0 0 0 0 0 0 0 0 0 
  INPUT ---       0 0 0 0 0 0 0 0 0 0 0 0 0 0;
  INPUT ---        1 37 0 0 0 0 0 0 0 0 0 0 0 0 0 0 0 0 0 0 0 0 0 0 0 0 0 0 0 
  INPUT ---       0 0 0 0 0 0 0 0 0 0 0 0 0 0;
  INPUT ---        1 38 0 0 0 0 0 0 0 0 0 0 0 0 0 0 0 0 0 0 0 0 0 0 0 0 0 0 0 
  INPUT ---       0 0 0 0 0 0 0 0 0 0 0 0 0 0;
  INPUT ---        1 39 0 0 0 0 0 0 0 0 0 0 0 0 0 0 0 0 0 0 0 0 0 0 0 0 0 0 0 
  INPUT ---       0 0 0 0 0 0 0 0 0 0 0 0 0 0;
  INPUT ---        1 40 0 0 0 0 0 0 0 0 0 0 0 0 0 0 0 0 0 0 0 0 0 0 0 0 0 0 0 
  INPUT ---       0 0 0 0 0 0 0 0 0 0 0 0 0 0;
  INPUT ---        0 0 1 0 0 0 0 0 0 0 0 0 0 0 0 0 0 0 0 0 0 0 0 0 0 0 0 0 0 
  INPUT ---       0 0 0 0 0 0 0 0 0 0 0 0 0 0;
  INPUT ---        0 0 1 1 0 0 0 0 0 0 0 0 0 0 0 0 0 0 0 0 0 0 0 0 0 0 0 0 0 
  INPUT ---       0 0 0 0 0 0 0 0 0 0 0 0 0 0;
  INPUT ---        0 0 1 0 1 0 0 0 0 0 0 0 0 0 0 0 0 0 0 0 0 0 0 0 0 0 0 0 0 
  INPUT ---       0 0 0 0 0 0 0 0 0 0 0 0 0 0;
  INPUT ---        0 0 1 0 0 1 0 0 0 0 0 0 0 0 0 0 0 0 0 0 0 0 0 0 0 0 0 0 0 
  INPUT ---       0 0 0 0 0 0 0 0 0 0 0 0 0 0;
  INPUT ---        0 0 1 0 0 0 1 0 0 0 0 0 0 0 0 0 0 0 0 0 0 0 0 0 0 0 0 0 0 
  INPUT ---       0 0 0 0 0 0 0 0 0 0 0 0 0 0;
  INPUT ---        0 0 1 0 0 0 0 1 0 0 0 0 0 0 0 0 0 0 0 0 0 0 0 0 0 0 0 0 0 
  INPUT ---       0 0 0 0 0 0 0 0 0 0 0 0 0 0;

  Program  MARK  - Survival Rate Estimation with Capture-Recapture Data
   gfortran(Win64) Vers. 8.2 Mar 2017   10-Apr-2017 10:06:50    Page  010
 - - - - - - - - - - - - - - - - - - - - - - - - - - - - - - - - - - - - - -
 
  INPUT ---        0 0 1 0 0 0 0 0 1 0 0 0 0 0 0 0 0 0 0 0 0 0 0 0 0 0 0 0 0 
  INPUT ---       0 0 0 0 0 0 0 0 0 0 0 0 0 0;
  INPUT ---        0 0 1 0 0 0 0 0 0 1 0 0 0 0 0 0 0 0 0 0 0 0 0 0 0 0 0 0 0 
  INPUT ---       0 0 0 0 0 0 0 0 0 0 0 0 0 0;
  INPUT ---        0 0 1 0 0 0 0 0 0 0 1 0 0 0 0 0 0 0 0 0 0 0 0 0 0 0 0 0 0 
  INPUT ---       0 0 0 0 0 0 0 0 0 0 0 0 0 0;
  INPUT ---        0 0 1 0 0 0 0 0 0 0 0 1 0 0 0 0 0 0 0 0 0 0 0 0 0 0 0 0 0 
  INPUT ---       0 0 0 0 0 0 0 0 0 0 0 0 0 0;
  INPUT ---        0 0 1 0 0 0 0 0 0 0 0 0 1 0 0 0 0 0 0 0 0 0 0 0 0 0 0 0 0 
  INPUT ---       0 0 0 0 0 0 0 0 0 0 0 0 0 0;
  INPUT ---        0 0 1 0 0 0 0 0 0 0 0 0 0 1 0 0 0 0 0 0 0 0 0 0 0 0 0 0 0 
  INPUT ---       0 0 0 0 0 0 0 0 0 0 0 0 0 0;
  INPUT ---        0 0 1 0 0 0 0 0 0 0 0 0 0 0 1 0 0 0 0 0 0 0 0 0 0 0 0 0 0 
  INPUT ---       0 0 0 0 0 0 0 0 0 0 0 0 0 0;
  INPUT ---        0 0 1 0 0 0 0 0 0 0 0 0 0 0 0 1 0 0 0 0 0 0 0 0 0 0 0 0 0 
  INPUT ---       0 0 0 0 0 0 0 0 0 0 0 0 0 0;
  INPUT ---        0 0 1 0 0 0 0 0 0 0 0 0 0 0 0 0 1 0 0 0 0 0 0 0 0 0 0 0 0 
  INPUT ---       0 0 0 0 0 0 0 0 0 0 0 0 0 0;
  INPUT ---        0 0 1 0 0 0 0 0 0 0 0 0 0 0 0 0 0 1 0 0 0 0 0 0 0 0 0 0 0 
  INPUT ---       0 0 0 0 0 0 0 0 0 0 0 0 0 0;
  INPUT ---        0 0 1 0 0 0 0 0 0 0 0 0 0 0 0 0 0 0 1 0 0 0 0 0 0 0 0 0 0 
  INPUT ---       0 0 0 0 0 0 0 0 0 0 0 0 0 0;
  INPUT ---        0 0 1 0 0 0 0 0 0 0 0 0 0 0 0 0 0 0 0 1 0 0 0 0 0 0 0 0 0 
  INPUT ---       0 0 0 0 0 0 0 0 0 0 0 0 0 0;
  INPUT ---        0 0 1 0 0 0 0 0 0 0 0 0 0 0 0 0 0 0 0 0 1 0 0 0 0 0 0 0 0 
  INPUT ---       0 0 0 0 0 0 0 0 0 0 0 0 0 0;
  INPUT ---        0 0 1 0 0 0 0 0 0 0 0 0 0 0 0 0 0 0 0 0 0 1 0 0 0 0 0 0 0 
  INPUT ---       0 0 0 0 0 0 0 0 0 0 0 0 0 0;
  INPUT ---        0 0 1 0 0 0 0 0 0 0 0 0 0 0 0 0 0 0 0 0 0 0 1 0 0 0 0 0 0 
  INPUT ---       0 0 0 0 0 0 0 0 0 0 0 0 0 0;
  INPUT ---        0 0 1 0 0 0 0 0 0 0 0 0 0 0 0 0 0 0 0 0 0 0 0 1 0 0 0 0 0 
  INPUT ---       0 0 0 0 0 0 0 0 0 0 0 0 0 0;
  INPUT ---        0 0 1 0 0 0 0 0 0 0 0 0 0 0 0 0 0 0 0 0 0 0 0 0 1 0 0 0 0 
  INPUT ---       0 0 0 0 0 0 0 0 0 0 0 0 0 0;
  INPUT ---        0 0 1 0 0 0 0 0 0 0 0 0 0 0 0 0 0 0 0 0 0 0 0 0 0 1 0 0 0 
  INPUT ---       0 0 0 0 0 0 0 0 0 0 0 0 0 0;
  INPUT ---        0 0 1 0 0 0 0 0 0 0 0 0 0 0 0 0 0 0 0 0 0 0 0 0 0 0 1 0 0 
  INPUT ---       0 0 0 0 0 0 0 0 0 0 0 0 0 0;
  INPUT ---        0 0 1 0 0 0 0 0 0 0 0 0 0 0 0 0 0 0 0 0 0 0 0 0 0 0 0 1 0 
  INPUT ---       0 0 0 0 0 0 0 0 0 0 0 0 0 0;
  INPUT ---        0 0 1 0 0 0 0 0 0 0 0 0 0 0 0 0 0 0 0 0 0 0 0 0 0 0 0 0 1 
  INPUT ---       0 0 0 0 0 0 0 0 0 0 0 0 0 0;
  INPUT ---        0 0 1 0 0 0 0 0 0 0 0 0 0 0 0 0 0 0 0 0 0 0 0 0 0 0 0 0 0 
  INPUT ---       1 0 0 0 0 0 0 0 0 0 0 0 0 0;
  INPUT ---        0 0 1 0 0 0 0 0 0 0 0 0 0 0 0 0 0 0 0 0 0 0 0 0 0 0 0 0 0 
  INPUT ---       0 1 0 0 0 0 0 0 0 0 0 0 0 0;

  Program  MARK  - Survival Rate Estimation with Capture-Recapture Data
   gfortran(Win64) Vers. 8.2 Mar 2017   10-Apr-2017 10:06:50    Page  011
 - - - - - - - - - - - - - - - - - - - - - - - - - - - - - - - - - - - - - -
 
  INPUT ---        0 0 1 0 0 0 0 0 0 0 0 0 0 0 0 0 0 0 0 0 0 0 0 0 0 0 0 0 0 
  INPUT ---       0 0 1 0 0 0 0 0 0 0 0 0 0 0;
  INPUT ---        0 0 1 0 0 0 0 0 0 0 0 0 0 0 0 0 0 0 0 0 0 0 0 0 0 0 0 0 0 
  INPUT ---       0 0 0 1 0 0 0 0 0 0 0 0 0 0;
  INPUT ---        0 0 1 0 0 0 0 0 0 0 0 0 0 0 0 0 0 0 0 0 0 0 0 0 0 0 0 0 0 
  INPUT ---       0 0 0 0 1 0 0 0 0 0 0 0 0 0;
  INPUT ---        0 0 1 0 0 0 0 0 0 0 0 0 0 0 0 0 0 0 0 0 0 0 0 0 0 0 0 0 0 
  INPUT ---       0 0 0 0 0 1 0 0 0 0 0 0 0 0;
  INPUT ---        0 0 1 0 0 0 0 0 0 0 0 0 0 0 0 0 0 0 0 0 0 0 0 0 0 0 0 0 0 
  INPUT ---       0 0 0 0 0 0 1 0 0 0 0 0 0 0;
  INPUT ---        0 0 1 0 0 0 0 0 0 0 0 0 0 0 0 0 0 0 0 0 0 0 0 0 0 0 0 0 0 
  INPUT ---       0 0 0 0 0 0 0 1 0 0 0 0 0 0;
  INPUT ---        0 0 1 0 0 0 0 0 0 0 0 0 0 0 0 0 0 0 0 0 0 0 0 0 0 0 0 0 0 
  INPUT ---       0 0 0 0 0 0 0 0 1 0 0 0 0 0;
  INPUT ---        0 0 1 0 0 0 0 0 0 0 0 0 0 0 0 0 0 0 0 0 0 0 0 0 0 0 0 0 0 
  INPUT ---       0 0 0 0 0 0 0 0 0 1 0 0 0 0;
  INPUT ---        0 0 1 0 0 0 0 0 0 0 0 0 0 0 0 0 0 0 0 0 0 0 0 0 0 0 0 0 0 
  INPUT ---       0 0 0 0 0 0 0 0 0 0 1 0 0 0;
  INPUT ---        0 0 1 0 0 0 0 0 0 0 0 0 0 0 0 0 0 0 0 0 0 0 0 0 0 0 0 0 0 
  INPUT ---       0 0 0 0 0 0 0 0 0 0 0 1 0 0;
  INPUT ---        0 0 1 0 0 0 0 0 0 0 0 0 0 0 0 0 0 0 0 0 0 0 0 0 0 0 0 0 0 
  INPUT ---       0 0 0 0 0 0 0 0 0 0 0 0 1 0;
  INPUT ---        0 0 1 0 0 0 0 0 0 0 0 0 0 0 0 0 0 0 0 0 0 0 0 0 0 0 0 0 0 
  INPUT ---       0 0 0 0 0 0 0 0 0 0 0 0 0 1;
  INPUT ---       blabel(1)=Phi:(Intercept);
  INPUT ---       blabel(2)=Phi:Time;
  INPUT ---       blabel(3)=p:(Intercept);
  INPUT ---       blabel(4)=p:time1977;
  INPUT ---       blabel(5)=p:time1978;
  INPUT ---       blabel(6)=p:time1979;
  INPUT ---       blabel(7)=p:time1980;
  INPUT ---       blabel(8)=p:time1981;
  INPUT ---       blabel(9)=p:time1982;
  INPUT ---       blabel(10)=p:time1983;
  INPUT ---       blabel(11)=p:time1984;
  INPUT ---       blabel(12)=p:time1985;
  INPUT ---       blabel(13)=p:time1986;
  INPUT ---       blabel(14)=p:time1987;
  INPUT ---       blabel(15)=p:time1988;
  INPUT ---       blabel(16)=p:time1989;
  INPUT ---       blabel(17)=p:time1990;
  INPUT ---       blabel(18)=p:time1991;
  INPUT ---       blabel(19)=p:time1992;
  INPUT ---       blabel(20)=p:time1993;
  INPUT ---       blabel(21)=p:time1994;
  INPUT ---       blabel(22)=p:time1995;

  Program  MARK  - Survival Rate Estimation with Capture-Recapture Data
   gfortran(Win64) Vers. 8.2 Mar 2017   10-Apr-2017 10:06:50    Page  012
 - - - - - - - - - - - - - - - - - - - - - - - - - - - - - - - - - - - - - -
 
  INPUT ---       blabel(23)=p:time1996;
  INPUT ---       blabel(24)=p:time1997;
  INPUT ---       blabel(25)=p:time1998;
  INPUT ---       blabel(26)=p:time1999;
  INPUT ---       blabel(27)=p:time2000;
  INPUT ---       blabel(28)=p:time2001;
  INPUT ---       blabel(29)=p:time2002;
  INPUT ---       blabel(30)=p:time2003;
  INPUT ---       blabel(31)=p:time2004;
  INPUT ---       blabel(32)=p:time2005;
  INPUT ---       blabel(33)=p:time2006;
  INPUT ---       blabel(34)=p:time2007;
  INPUT ---       blabel(35)=p:time2008;
  INPUT ---       blabel(36)=p:time2009;
  INPUT ---       blabel(37)=p:time2010;
  INPUT ---       blabel(38)=p:time2011;
  INPUT ---       blabel(39)=p:time2012;
  INPUT ---       blabel(40)=p:time2013;
  INPUT ---       blabel(41)=p:time2014;
  INPUT ---       blabel(42)=p:time2015;
  INPUT ---       blabel(43)=p:time2016;
  INPUT ---       rlabel(1)=Phi g1 c1975 a1 t1975;
  INPUT ---       rlabel(2)=Phi g1 c1975 a2 t1976;
  INPUT ---       rlabel(3)=Phi g1 c1975 a3 t1977;
  INPUT ---       rlabel(4)=Phi g1 c1975 a4 t1978;
  INPUT ---       rlabel(5)=Phi g1 c1975 a5 t1979;
  INPUT ---       rlabel(6)=Phi g1 c1975 a6 t1980;
  INPUT ---       rlabel(7)=Phi g1 c1975 a7 t1981;
  INPUT ---       rlabel(8)=Phi g1 c1975 a8 t1982;
  INPUT ---       rlabel(9)=Phi g1 c1975 a9 t1983;
  INPUT ---       rlabel(10)=Phi g1 c1975 a10 t1984;
  INPUT ---       rlabel(11)=Phi g1 c1975 a11 t1985;
  INPUT ---       rlabel(12)=Phi g1 c1975 a12 t1986;
  INPUT ---       rlabel(13)=Phi g1 c1975 a13 t1987;
  INPUT ---       rlabel(14)=Phi g1 c1975 a14 t1988;
  INPUT ---       rlabel(15)=Phi g1 c1975 a15 t1989;
  INPUT ---       rlabel(16)=Phi g1 c1975 a16 t1990;
  INPUT ---       rlabel(17)=Phi g1 c1975 a17 t1991;
  INPUT ---       rlabel(18)=Phi g1 c1975 a18 t1992;
  INPUT ---       rlabel(19)=Phi g1 c1975 a19 t1993;
  INPUT ---       rlabel(20)=Phi g1 c1975 a20 t1994;
  INPUT ---       rlabel(21)=Phi g1 c1975 a21 t1995;
  INPUT ---       rlabel(22)=Phi g1 c1975 a22 t1996;
  INPUT ---       rlabel(23)=Phi g1 c1975 a23 t1997;
  INPUT ---       rlabel(24)=Phi g1 c1975 a24 t1998;
  INPUT ---       rlabel(25)=Phi g1 c1975 a25 t1999;

  Program  MARK  - Survival Rate Estimation with Capture-Recapture Data
   gfortran(Win64) Vers. 8.2 Mar 2017   10-Apr-2017 10:06:50    Page  013
 - - - - - - - - - - - - - - - - - - - - - - - - - - - - - - - - - - - - - -
 
  INPUT ---       rlabel(26)=Phi g1 c1975 a26 t2000;
  INPUT ---       rlabel(27)=Phi g1 c1975 a27 t2001;
  INPUT ---       rlabel(28)=Phi g1 c1975 a28 t2002;
  INPUT ---       rlabel(29)=Phi g1 c1975 a29 t2003;
  INPUT ---       rlabel(30)=Phi g1 c1975 a30 t2004;
  INPUT ---       rlabel(31)=Phi g1 c1975 a31 t2005;
  INPUT ---       rlabel(32)=Phi g1 c1975 a32 t2006;
  INPUT ---       rlabel(33)=Phi g1 c1975 a33 t2007;
  INPUT ---       rlabel(34)=Phi g1 c1975 a34 t2008;
  INPUT ---       rlabel(35)=Phi g1 c1975 a35 t2009;
  INPUT ---       rlabel(36)=Phi g1 c1975 a36 t2010;
  INPUT ---       rlabel(37)=Phi g1 c1975 a37 t2011;
  INPUT ---       rlabel(38)=Phi g1 c1975 a38 t2012;
  INPUT ---       rlabel(39)=Phi g1 c1975 a39 t2013;
  INPUT ---       rlabel(40)=Phi g1 c1975 a40 t2014;
  INPUT ---       rlabel(41)=Phi g1 c1975 a41 t2015;
  INPUT ---       rlabel(42)=p g1 c1975 a2 t1976;
  INPUT ---       rlabel(43)=p g1 c1975 a3 t1977;
  INPUT ---       rlabel(44)=p g1 c1975 a4 t1978;
  INPUT ---       rlabel(45)=p g1 c1975 a5 t1979;
  INPUT ---       rlabel(46)=p g1 c1975 a6 t1980;
  INPUT ---       rlabel(47)=p g1 c1975 a7 t1981;
  INPUT ---       rlabel(48)=p g1 c1975 a8 t1982;
  INPUT ---       rlabel(49)=p g1 c1975 a9 t1983;
  INPUT ---       rlabel(50)=p g1 c1975 a10 t1984;
  INPUT ---       rlabel(51)=p g1 c1975 a11 t1985;
  INPUT ---       rlabel(52)=p g1 c1975 a12 t1986;
  INPUT ---       rlabel(53)=p g1 c1975 a13 t1987;
  INPUT ---       rlabel(54)=p g1 c1975 a14 t1988;
  INPUT ---       rlabel(55)=p g1 c1975 a15 t1989;
  INPUT ---       rlabel(56)=p g1 c1975 a16 t1990;
  INPUT ---       rlabel(57)=p g1 c1975 a17 t1991;
  INPUT ---       rlabel(58)=p g1 c1975 a18 t1992;
  INPUT ---       rlabel(59)=p g1 c1975 a19 t1993;
  INPUT ---       rlabel(60)=p g1 c1975 a20 t1994;
  INPUT ---       rlabel(61)=p g1 c1975 a21 t1995;
  INPUT ---       rlabel(62)=p g1 c1975 a22 t1996;
  INPUT ---       rlabel(63)=p g1 c1975 a23 t1997;
  INPUT ---       rlabel(64)=p g1 c1975 a24 t1998;
  INPUT ---       rlabel(65)=p g1 c1975 a25 t1999;
  INPUT ---       rlabel(66)=p g1 c1975 a26 t2000;
  INPUT ---       rlabel(67)=p g1 c1975 a27 t2001;
  INPUT ---       rlabel(68)=p g1 c1975 a28 t2002;
  INPUT ---       rlabel(69)=p g1 c1975 a29 t2003;
  INPUT ---       rlabel(70)=p g1 c1975 a30 t2004;
  INPUT ---       rlabel(71)=p g1 c1975 a31 t2005;

  Program  MARK  - Survival Rate Estimation with Capture-Recapture Data
   gfortran(Win64) Vers. 8.2 Mar 2017   10-Apr-2017 10:06:50    Page  014
 - - - - - - - - - - - - - - - - - - - - - - - - - - - - - - - - - - - - - -
 
  INPUT ---       rlabel(72)=p g1 c1975 a32 t2006;
  INPUT ---       rlabel(73)=p g1 c1975 a33 t2007;
  INPUT ---       rlabel(74)=p g1 c1975 a34 t2008;
  INPUT ---       rlabel(75)=p g1 c1975 a35 t2009;
  INPUT ---       rlabel(76)=p g1 c1975 a36 t2010;
  INPUT ---       rlabel(77)=p g1 c1975 a37 t2011;
  INPUT ---       rlabel(78)=p g1 c1975 a38 t2012;
  INPUT ---       rlabel(79)=p g1 c1975 a39 t2013;
  INPUT ---       rlabel(80)=p g1 c1975 a40 t2014;
  INPUT ---       rlabel(81)=p g1 c1975 a41 t2015;
  INPUT ---       rlabel(82)=p g1 c1975 a42 t2016;

 Link Function Used is LOGIT        

 Variance Estimation Procedure Used is 2ndPart 
 -2logL(saturated) = 5027.8626     
 Effective Sample Size = 4722

 Number of function evaluations was 77 for 43 parameters.
 Time for numerical optimization was 2.00 seconds.
 -2logL { Phi(~Time)p(~time) } = 6065.6983     
 Penalty { Phi(~Time)p(~time) } = -0.0000000    
 Gradient { Phi(~Time)p(~time) }:
 -0.1086207E-03  0.000000    -0.1312728E-03  0.000000     0.4843772E-04
   0.000000      0.000000      0.000000      0.000000      0.000000    
  0.5757928E-04  0.000000     0.7292337E-04 0.6554251E-04  0.000000    
  0.4159818E-04 0.5431618E-04 0.1172706E-03  0.000000     0.5051296E-04
   0.000000    -0.9092970E-04-0.6711837E-04 0.3442463E-04 0.1039597E-03
  0.1320028E-03 0.8318766E-04 0.2066928E-03  0.000000      0.000000    
 -0.7792509E-04 0.2456224E-04 0.1592787E-03 0.8836381E-04  0.000000    
   0.000000      0.000000      0.000000     0.1258205E-03  0.000000    
   0.000000    -0.8927716E-04  0.000000    
 S Vector { Phi(~Time)p(~time) }:
   1262.107      158.4405      34.56902      19.17206      18.80222    
   17.41771      16.62568      16.05463      14.92419      14.81980    
   13.66268      11.55957      10.22804      8.667715      7.863376    
   7.555609      6.874013      6.772108      6.400056      5.726576    
   5.318254      4.787494      4.156592      4.022289      3.849076    
   3.422540      3.398110      3.094289      2.960261      2.725811    
   2.641237      2.339029      2.190700      2.031261      1.891671    
   1.552426      1.163960     0.8692809     0.4216137E-01 0.1787071E-01
  0.2235765E-05 0.1096043E-06 0.4681569E-07
 Time to compute number of parameters was 1.73 seconds.
   Threshold =  0.8800000E-06     Condition index =  0.3709327E-10     New Threshold =  0.3069910E-06

  Program  MARK  - Survival Rate Estimation with Capture-Recapture Data
   gfortran(Win64) Vers. 8.2 Mar 2017   10-Apr-2017 10:06:52    Page  015
 - - - - - - - - - - - - - - - - - - - - - - - - - - - - - - - - - - - - - -
 
 New Guessimate of Estimated Parameters { Phi(~Time)p(~time) } = 40          
 Conditioned S Vector { Phi(~Time)p(~time) }:
   1.000000     0.1255365     0.2738992E-01 0.1519051E-01 0.1489748E-01
  0.1380050E-01 0.1317295E-01 0.1272049E-01 0.1182482E-01 0.1174211E-01
  0.1082529E-01 0.9158941E-02 0.8103935E-02 0.6867652E-02 0.6230354E-02
  0.5986503E-02 0.5446456E-02 0.5365715E-02 0.5070928E-02 0.4537313E-02
  0.4213789E-02 0.3793254E-02 0.3293375E-02 0.3186962E-02 0.3049722E-02
  0.2711766E-02 0.2692409E-02 0.2451684E-02 0.2345491E-02 0.2159730E-02
  0.2092720E-02 0.1853272E-02 0.1735748E-02 0.1609420E-02 0.1498819E-02
  0.1230027E-02 0.9222352E-03 0.6887535E-03 0.3340553E-04 0.1415942E-04
  0.1771454E-08 0.8684227E-10 0.3709327E-10
 Number of Estimated Parameters { Phi(~Time)p(~time) } = 40          
 DEVIANCE { Phi(~Time)p(~time) } = 1037.8358                     
 DEVIANCE Degrees of Freedom { Phi(~Time)p(~time) } = 229            
 c-hat { Phi(~Time)p(~time) } = 4.5320339                     
 AIC { Phi(~Time)p(~time) } = 6145.6983                  
 AICc { Phi(~Time)p(~time) } = 6146.3990                    
 BIC { Phi(~Time)p(~time) } = 6404.0978                    
 Pearson Chisquare { Phi(~Time)p(~time) } = 24031.187                  


                    LOGIT Link Function Parameters of { Phi(~Time)p(~time) }
                                                              95% Confidence Interval
 Parameter                    Beta         Standard Error      Lower           Upper
 -------------------------  --------------  --------------  --------------  --------------
    1:Phi:(Intercept)       -0.6746255      0.0985806       -0.8678434      -0.4814075    
    2:Phi:Time              0.0044237       0.0043526       -0.0041075      0.0129548     
    3:p:(Intercept)         0.3856558       1.1951445       -1.9568275      2.7281391     
    4:p:time1977            8.3870823       668.78565       -1302.4328      1319.2070     
    5:p:time1978            -0.8776579      1.6119116       -4.0370047      2.2816890     
    6:p:time1979            0.2687533       1.3762486       -2.4286941      2.9662007     
    7:p:time1980            0.2764395       1.4317044       -2.5297011      3.0825802     
    8:p:time1981            -0.7157771      1.3761191       -3.4129706      1.9814165     
    9:p:time1982            0.0236798       1.3432988       -2.6091859      2.6565455     
   10:p:time1983            0.8212314       1.3070350       -1.7405573      3.3830201     
   11:p:time1984            0.5795520       1.2577271       -1.8855932      3.0446972     
   12:p:time1985            0.8388683       1.2688620       -1.6481013      3.3258379     
   13:p:time1986            -0.2471923      1.2338114       -2.6654627      2.1710780     
   14:p:time1987            -0.3876409      1.2266085       -2.7917937      2.0165118     
   15:p:time1988            -0.8739494      1.2216731       -3.2684287      1.5205300     
   16:p:time1989            -1.1863811      1.2218992       -3.5813036      1.2085414     
   17:p:time1990            -0.6744454      1.2197520       -3.0651593      1.7162686     
   18:p:time1991            -0.5511043      1.2203169       -2.9429254      1.8407169     
   19:p:time1992            -1.4879466      1.2245852       -3.8881336      0.9122404     
   20:p:time1993            -0.8005176      1.2201947       -3.1920992      1.5910640     
   21:p:time1994            -0.7294311      1.2193091       -3.1192769      1.6604146     
   22:p:time1995            0.2174480E-003  1.2476882       -2.4452514      2.4456863     
   23:p:time1996            0.3550608       1.2623178       -2.1190822      2.8292038     
   24:p:time1997            1.6419884       1.4005797       -1.1031479      4.3871246     
   25:p:time1998            0.7497055       1.2534569       -1.7070701      3.2064812     
   26:p:time1999            -0.3779934      1.2250836       -2.7791573      2.0231704     
   27:p:time2000            -0.0933048      1.2364355       -2.5167184      2.3301088     
   28:p:time2001            0.3200676       1.2487255       -2.1274343      2.7675695     
   29:p:time2002            1.7026269       1.3276920       -0.8996494      4.3049032     
   30:p:time2003            -0.0391466      1.2580362       -2.5048975      2.4266043     

  Program  MARK  - Survival Rate Estimation with Capture-Recapture Data
   gfortran(Win64) Vers. 8.2 Mar 2017   10-Apr-2017 10:06:52    Page  016
 - - - - - - - - - - - - - - - - - - - - - - - - - - - - - - - - - - - - - -
 
   31:p:time2004            0.1671398       1.2701591       -2.3223721      2.6566517     
   32:p:time2005            2.7028169       5.1455435       -7.3824485      12.788082     
   33:p:time2006            0.1420170       1.3089419       -2.4235092      2.7075432     
   34:p:time2007            0.0292615       1.2994255       -2.5176126      2.5761356     
   35:p:time2008            0.0707923       1.2871444       -2.4520106      2.5935953     
   36:p:time2009            1.5942660       1.5187468       -1.3824778      4.5710097     
   37:p:time2010            17.610164       3944.3517       -7713.3193      7748.5397     
   38:p:time2011            -0.0516359      1.3060810       -2.6115547      2.5082829     
   39:p:time2012            -0.4457014      1.3391607       -3.0704565      2.1790537     
   40:p:time2013            -0.5025601      1.3796201       -3.2066156      2.2014953     
   41:p:time2014            -1.6630222      1.3485774       -4.3062339      0.9801896     
   42:p:time2015            0.0187316       1.3165905       -2.5617857      2.5992490     
   43:p:time2016            18.486511       3863.4413       -7553.8587      7590.8317     


                    Real Function Parameters of { Phi(~Time)p(~time) }
                                                               95% Confidence Interval
  Parameter                  Estimate       Standard Error      Lower           Upper
 --------------------------  --------------  --------------  --------------  --------------
     1:Phi g1 c1975 a1 t197  0.3374619       0.0220408       0.2957032       0.3819198                           
     2:Phi g1 c1975 a2 t197  0.3384517       0.0211841       0.2982502       0.3811289                           
     3:Phi g1 c1975 a3 t197  0.3394428       0.0203327       0.3007952       0.3803549                           
     4:Phi g1 c1975 a4 t197  0.3404354       0.0194877       0.3033359       0.3796000                           
     5:Phi g1 c1975 a5 t197  0.3414294       0.0186504       0.3058696       0.3788669                           
     6:Phi g1 c1975 a6 t198  0.3424248       0.0178224       0.3083931       0.3781585                           
     7:Phi g1 c1975 a7 t198  0.3434216       0.0170055       0.3109027       0.3774785                           
     8:Phi g1 c1975 a8 t198  0.3444197       0.0162019       0.3133941       0.3768311                           
     9:Phi g1 c1975 a9 t198  0.3454192       0.0154142       0.3158618       0.3762215                           
    10:Phi g1 c1975 a10 t19  0.3464201       0.0146457       0.3182998       0.3756558                           
    11:Phi g1 c1975 a11 t19  0.3474224       0.0139000       0.3207005       0.3751413                           
    12:Phi g1 c1975 a12 t19  0.3484260       0.0131817       0.3230549       0.3746868                           
    13:Phi g1 c1975 a13 t19  0.3494310       0.0124961       0.3253525       0.3743028                           
    14:Phi g1 c1975 a14 t19  0.3504373       0.0118497       0.3275806       0.3740017                           
    15:Phi g1 c1975 a15 t19  0.3514449       0.0112498       0.3297244       0.3737982                           
    16:Phi g1 c1975 a16 t19  0.3524538       0.0107050       0.3317672       0.3737090                           
    17:Phi g1 c1975 a17 t19  0.3534641       0.0102250       0.3336898       0.3737529                           
    18:Phi g1 c1975 a18 t19  0.3544757       0.0098201       0.3354721       0.3739500                           
    19:Phi g1 c1975 a19 t19  0.3554886       0.0095006       0.3370935       0.3743206                           
    20:Phi g1 c1975 a20 t19  0.3565028       0.0092763       0.3385350       0.3748837                           
    21:Phi g1 c1975 a21 t19  0.3575182       0.0091550       0.3397810       0.3756546                           
    22:Phi g1 c1975 a22 t19  0.3585350       0.0091415       0.3408218       0.3766428                           
    23:Phi g1 c1975 a23 t19  0.3595530       0.0092373       0.3416548       0.3778508                           
    24:Phi g1 c1975 a24 t19  0.3605723       0.0094398       0.3422848       0.3792734                           
    25:Phi g1 c1975 a25 t19  0.3615929       0.0097430       0.3427234       0.3808992                           
    26:Phi g1 c1975 a26 t20  0.3626147       0.0101387       0.3429868       0.3827115                           
    27:Phi g1 c1975 a27 t20  0.3636377       0.0106172       0.3430937       0.3846914                           

  Program  MARK  - Survival Rate Estimation with Capture-Recapture Data
   gfortran(Win64) Vers. 8.2 Mar 2017   10-Apr-2017 10:06:52    Page  017
 - - - - - - - - - - - - - - - - - - - - - - - - - - - - - - - - - - - - - -
 
    28:Phi g1 c1975 a28 t20  0.3646620       0.0111685       0.3430639       0.3868192                           
    29:Phi g1 c1975 a29 t20  0.3656875       0.0117831       0.3429160       0.3890758                           
    30:Phi g1 c1975 a30 t20  0.3667142       0.0124520       0.3426672       0.3914438                           
    31:Phi g1 c1975 a31 t20  0.3677421       0.0131676       0.3423327       0.3939080                           
    32:Phi g1 c1975 a32 t20  0.3687713       0.0139232       0.3419256       0.3964549                           
    33:Phi g1 c1975 a33 t20  0.3698016       0.0147130       0.3414570       0.3990733                           
    34:Phi g1 c1975 a34 t20  0.3708331       0.0155323       0.3409362       0.4017536                           
    35:Phi g1 c1975 a35 t20  0.3718658       0.0163770       0.3403711       0.4044878                           
    36:Phi g1 c1975 a36 t20  0.3728997       0.0172438       0.3397682       0.4072690                           
    37:Phi g1 c1975 a37 t20  0.3739347       0.0181298       0.3391330       0.4100917                           
    38:Phi g1 c1975 a38 t20  0.3749709       0.0190328       0.3384700       0.4129509                           
    39:Phi g1 c1975 a39 t20  0.3760083       0.0199507       0.3377832       0.4158427                           
    40:Phi g1 c1975 a40 t20  0.3770467       0.0208819       0.3370757       0.4187635                           
    41:Phi g1 c1975 a41 t20  0.3780864       0.0218249       0.3363503       0.4217104                           
    42:p g1 c1975 a2 t1976   0.5952365       0.2879462       0.1238108       0.9386668                           
    43:p g1 c1975 a3 t1977   0.9998451       0.1035640       0.6365235E-300  1.0000000                           
    44:p g1 c1975 a4 t1978   0.3794221       0.2550636       0.0681681       0.8363301                           
    45:p g1 c1975 a5 t1979   0.6580034       0.1540451       0.3346371       0.8803875                           
    46:p g1 c1975 a6 t1980   0.6597309       0.1775566       0.2914894       0.9013533                           
    47:p g1 c1975 a7 t1981   0.4182111       0.1664328       0.1583137       0.7331349                           
    48:p g1 c1975 a8 t1982   0.6009286       0.1476111       0.3106477       0.8342101                           
    49:p g1 c1975 a9 t1983   0.7697477       0.0942430       0.5410779       0.9045722                           
    50:p g1 c1975 a10 t1984  0.7241633       0.0787912       0.5478757       0.8504741                           
    51:p g1 c1975 a11 t1985  0.7728587       0.0753233       0.5947258       0.8875056                           
    52:p g1 c1975 a12 t1986  0.5345607       0.0773480       0.3844136       0.6786955                           
    53:p g1 c1975 a13 t1987  0.4995037       0.0701434       0.3654214       0.6336574                           
    54:p g1 c1975 a14 t1988  0.3802957       0.0606230       0.2704233       0.5039721                           
    55:p g1 c1975 a15 t1989  0.3098704       0.0552082       0.2130356       0.4268471                           
    56:p g1 c1975 a16 t1990  0.4283002       0.0606621       0.3155356       0.5490384                           
    57:p g1 c1975 a17 t1991  0.4587320       0.0621481       0.3416316       0.5805751                           
    58:p g1 c1975 a18 t1992  0.2493109       0.0503621       0.1638696       0.3601143                           
    59:p g1 c1975 a19 t1993  0.3977469       0.0595707       0.2885819       0.5181316                           
    60:p g1 c1975 a20 t1994  0.4148927       0.0592247       0.3053497       0.5335496                           
    61:p g1 c1975 a21 t1995  0.5952889       0.0868568       0.4204933       0.7488513                           
    62:p g1 c1975 a22 t1996  0.6771525       0.0891519       0.4853615       0.8234653                           
    63:p g1 c1975 a23 t1997  0.8836691       0.0752272       0.6441275       0.9695859                           
    64:p g1 c1975 a24 t1998  0.7568270       0.0698029       0.5967570       0.8674677                           
    65:p g1 c1975 a25 t1999  0.5019156       0.0675062       0.3724795       0.6310954                           
    66:p g1 c1975 a26 t2000  0.5725716       0.0776941       0.4182701       0.7139367                           
    67:p g1 c1975 a27 t2001  0.6694555       0.0801310       0.4989934       0.8046278                           
    68:p g1 c1975 a28 t2002  0.8897591       0.0567125       0.7221293       0.9616360                           
    69:p g1 c1975 a29 t2003  0.5857708       0.0952294       0.3958647       0.7531984                           
    70:p g1 c1975 a30 t2004  0.6347840       0.0996101       0.4281648       0.8013788                           
    71:p g1 c1975 a31 t2005  0.9564147       0.2085984       0.0012056       0.9999975                           
    72:p g1 c1975 a32 t2006  0.6289402       0.1244148       0.3735007       0.8281502                           
    73:p g1 c1975 a33 t2007  0.6022664       0.1219621       0.3582397       0.8042147                           

  Program  MARK  - Survival Rate Estimation with Capture-Recapture Data
   gfortran(Win64) Vers. 8.2 Mar 2017   10-Apr-2017 10:06:52    Page  018
 - - - - - - - - - - - - - - - - - - - - - - - - - - - - - - - - - - - - - -
 
    74:p g1 c1975 a34 t2008  0.6121712       0.1132823       0.3825465       0.8008555                           
    75:p g1 c1975 a35 t2009  0.8786728       0.0998296       0.5360681       0.9784442                           
    76:p g1 c1975 a36 t2010  1.0000000       0.6032421E-004  0.6446855E-296  1.0000000                           
    77:p g1 c1975 a37 t2011  0.5827372       0.1277271       0.3327992       0.7963429                           
    78:p g1 c1975 a38 t2012  0.4849931       0.1504496       0.2243257       0.7540894                           
    79:p g1 c1975 a39 t2013  0.4708072       0.1712099       0.1878896       0.7738139                           
    80:p g1 c1975 a40 t2014  0.2179989       0.1062807       0.0759071       0.4861461                           
    81:p g1 c1975 a41 t2015  0.5997413       0.1322425       0.3372975       0.8151964                           
    82:p g1 c1975 a42 t2016  1.0000000       0.2459773E-004  0.9999518       1.0000482                           

 Attempted ordering of parameters by estimatibility:
   1  3  2 21 17 18 20 15 16 26 19 14 13 27 22 28 25 30 11 23 31 12 35 34 38
  33 10 42 39 29  9 41  6  8 40 24  7 36  5 32  4 43 37
 Beta number 37 is a singular value.

     CPU Time in seconds for last procedure was 3.77


  INPUT --- proc stop;

   * *  WARNING  * *   Numerical underflow occurred during final processing of this model. 
     IEEE flag status at final processing of this model:
     overflow       F
     divide by zero F
     invalid        F
     underflow      T
     inexact        T


     CPU Time in minutes for this job was 0.06

     Time Start = 10:06:50.796   Time End = 10:06:52.719

     Wall Clock Time in minutes for this job was 0.03


          E X E C U T I O N   S U C C E S S F U L 
