
   Program  MARK  - Survival Rate Estimation with Capture-Recapture Data
   gfortran(Win64) Vers. 8.2 Mar 2017   11-Apr-2017 09:29:39    Page  001
 - - - - - - - - - - - - - - - - - - - - - - - - - - - - - - - - - - - - - -
 
   This version was compiled by GCC version 5.3.0 using the options: 
     -cpp -iprefix c:\tdm-gcc-64\gcc\bin\../lib/gcc/x86_64-w64-mingw32/5.3.0/ -D_MT
     -U_REENTRANT -D IEEE -m64 -mtune=generic -march=x86-64 -mthreads -O3
     -fimplicit-none -fbounds-check -ffpe-summary=invalid,zero,overflow,underflow
     -fno-unsafe-math-optimizations -frounding-math -fsignaling-nans -fopenmp.

   This problem will use 3 of 4 possible threads.


  INPUT --- proc title ;

     CPU Time in seconds for last procedure was 0.00


  INPUT --- proc chmatrix occasions= 42 groups= 3 etype= Live ICMeans 
  INPUT --- NoHist hist= 238 ;

  INPUT ---    time  interval 1 1 1 1 1 1 1 1 1 1 1 1 1 1 1 1 1 1 1 1 1 1 
  INPUT ---    1 1 1 1 1 1 1 1 1 1 1 1 1 1 1 1 1 1 1 ;

  INPUT ---    glabel(1)=ageHY.sexF;

  INPUT ---    glabel(2)=ageHY.sexM;

  INPUT ---    glabel(3)=ageHY.sexU;

   * *  WARNING  * *   At least a pair of the encounter histories are duplicates. 

      Number of unique encounter histories read was 194.

      Number of individual covariates read was 0.
      Time interval lengths are all equal to 1.

      Data type number is 1
      Data type is Live Recaptures (CJS)                                                                               

     CPU Time in seconds for last procedure was 0.06

  Program  MARK  - Survival Rate Estimation with Capture-Recapture Data
   gfortran(Win64) Vers. 8.2 Mar 2017   11-Apr-2017 09:29:39    Page  002
 - - - - - - - - - - - - - - - - - - - - - - - - - - - - - - - - - - - - - -
 


  INPUT --- proc estimate link=Logit NOLOOP varest=2ndPart    ;


  INPUT --- model={ Phi(~Time + age)p(~1) };

  INPUT ---    group=1 Phi    rows=41 cols=41 Triang ;
  INPUT ---        1 2 3 4 5 6 7 8 9 10 11 12 13 14 15 16 17 18 19 20 21 22 
  INPUT ---       23 24 25 26 27 28 29 30 31 32 33 34 35 36 37 38 39 40 41 ;
  INPUT ---        2 42 43 5 6 7 8 9 10 11 12 13 14 15 16 17 18 19 20 21 22 
  INPUT ---       23 24 25 26 27 28 29 30 31 32 33 34 35 36 37 38 39 40 41 ;
  INPUT ---        42 44 45 6 7 8 9 10 11 12 13 14 15 16 17 18 19 20 21 22 23 
  INPUT ---       24 25 26 27 28 29 30 31 32 33 34 35 36 37 38 39 40 41 ;
  INPUT ---        44 46 47 7 8 9 10 11 12 13 14 15 16 17 18 19 20 21 22 23 
  INPUT ---       24 25 26 27 28 29 30 31 32 33 34 35 36 37 38 39 40 41 ;
  INPUT ---        46 48 49 8 9 10 11 12 13 14 15 16 17 18 19 20 21 22 23 24 
  INPUT ---       25 26 27 28 29 30 31 32 33 34 35 36 37 38 39 40 41 ;
  INPUT ---        48 50 51 9 10 11 12 13 14 15 16 17 18 19 20 21 22 23 24 25 
  INPUT ---       26 27 28 29 30 31 32 33 34 35 36 37 38 39 40 41 ;
  INPUT ---        50 52 53 10 11 12 13 14 15 16 17 18 19 20 21 22 23 24 25 
  INPUT ---       26 27 28 29 30 31 32 33 34 35 36 37 38 39 40 41 ;
  INPUT ---        52 54 55 11 12 13 14 15 16 17 18 19 20 21 22 23 24 25 26 
  INPUT ---       27 28 29 30 31 32 33 34 35 36 37 38 39 40 41 ;
  INPUT ---        54 56 57 12 13 14 15 16 17 18 19 20 21 22 23 24 25 26 27 
  INPUT ---       28 29 30 31 32 33 34 35 36 37 38 39 40 41 ;
  INPUT ---        56 58 59 13 14 15 16 17 18 19 20 21 22 23 24 25 26 27 28 
  INPUT ---       29 30 31 32 33 34 35 36 37 38 39 40 41 ;
  INPUT ---        58 60 61 14 15 16 17 18 19 20 21 22 23 24 25 26 27 28 29 
  INPUT ---       30 31 32 33 34 35 36 37 38 39 40 41 ;
  INPUT ---        60 62 63 15 16 17 18 19 20 21 22 23 24 25 26 27 28 29 30 
  INPUT ---       31 32 33 34 35 36 37 38 39 40 41 ;
  INPUT ---        62 64 65 16 17 18 19 20 21 22 23 24 25 26 27 28 29 30 31 
  INPUT ---       32 33 34 35 36 37 38 39 40 41 ;
  INPUT ---        64 66 67 17 18 19 20 21 22 23 24 25 26 27 28 29 30 31 32 
  INPUT ---       33 34 35 36 37 38 39 40 41 ;
  INPUT ---        66 68 69 18 19 20 21 22 23 24 25 26 27 28 29 30 31 32 33 
  INPUT ---       34 35 36 37 38 39 40 41 ;
  INPUT ---        68 70 71 19 20 21 22 23 24 25 26 27 28 29 30 31 32 33 34 
  INPUT ---       35 36 37 38 39 40 41 ;
  INPUT ---        70 72 73 20 21 22 23 24 25 26 27 28 29 30 31 32 33 34 35 
  INPUT ---       36 37 38 39 40 41 ;
  INPUT ---        72 74 75 21 22 23 24 25 26 27 28 29 30 31 32 33 34 35 36 
  INPUT ---       37 38 39 40 41 ;
  INPUT ---        74 76 77 22 23 24 25 26 27 28 29 30 31 32 33 34 35 36 37 
  INPUT ---       38 39 40 41 ;

  Program  MARK  - Survival Rate Estimation with Capture-Recapture Data
   gfortran(Win64) Vers. 8.2 Mar 2017   11-Apr-2017 09:29:39    Page  003
 - - - - - - - - - - - - - - - - - - - - - - - - - - - - - - - - - - - - - -
 
  INPUT ---        76 78 79 23 24 25 26 27 28 29 30 31 32 33 34 35 36 37 38 
  INPUT ---       39 40 41 ;
  INPUT ---        78 80 81 24 25 26 27 28 29 30 31 32 33 34 35 36 37 38 39 
  INPUT ---       40 41 ;
  INPUT ---        80 82 83 25 26 27 28 29 30 31 32 33 34 35 36 37 38 39 40 
  INPUT ---       41 ;
  INPUT ---        82 84 85 26 27 28 29 30 31 32 33 34 35 36 37 38 39 40 41 ;
  INPUT ---        84 86 87 27 28 29 30 31 32 33 34 35 36 37 38 39 40 41 ;
  INPUT ---        86 88 89 28 29 30 31 32 33 34 35 36 37 38 39 40 41 ;
  INPUT ---        88 90 91 29 30 31 32 33 34 35 36 37 38 39 40 41 ;
  INPUT ---        90 92 93 30 31 32 33 34 35 36 37 38 39 40 41 ;
  INPUT ---        92 94 95 31 32 33 34 35 36 37 38 39 40 41 ;
  INPUT ---        94 96 97 32 33 34 35 36 37 38 39 40 41 ;
  INPUT ---        96 98 99 33 34 35 36 37 38 39 40 41 ;
  INPUT ---        98 100 101 34 35 36 37 38 39 40 41 ;
  INPUT ---        100 102 103 35 36 37 38 39 40 41 ;
  INPUT ---        102 104 105 36 37 38 39 40 41 ;
  INPUT ---        104 106 107 37 38 39 40 41 ;
  INPUT ---        106 108 109 38 39 40 41 ;
  INPUT ---        108 110 111 39 40 41 ;
  INPUT ---        110 112 113 40 41 ;
  INPUT ---        112 114 115 41 ;
  INPUT ---        114 116 117 ;
  INPUT ---        116 118 ;
  INPUT ---        118 ;

  INPUT ---    group=2 Phi    rows=41 cols=41 Triang ;
  INPUT ---        1 2 3 4 5 6 7 8 9 10 11 12 13 14 15 16 17 18 19 20 21 22 
  INPUT ---       23 24 25 26 27 28 29 30 31 32 33 34 35 36 37 38 39 40 41 ;
  INPUT ---        2 42 43 5 6 7 8 9 10 11 12 13 14 15 16 17 18 19 20 21 22 
  INPUT ---       23 24 25 26 27 28 29 30 31 32 33 34 35 36 37 38 39 40 41 ;
  INPUT ---        42 44 45 6 7 8 9 10 11 12 13 14 15 16 17 18 19 20 21 22 23 
  INPUT ---       24 25 26 27 28 29 30 31 32 33 34 35 36 37 38 39 40 41 ;
  INPUT ---        44 46 47 7 8 9 10 11 12 13 14 15 16 17 18 19 20 21 22 23 
  INPUT ---       24 25 26 27 28 29 30 31 32 33 34 35 36 37 38 39 40 41 ;
  INPUT ---        46 48 49 8 9 10 11 12 13 14 15 16 17 18 19 20 21 22 23 24 
  INPUT ---       25 26 27 28 29 30 31 32 33 34 35 36 37 38 39 40 41 ;
  INPUT ---        48 50 51 9 10 11 12 13 14 15 16 17 18 19 20 21 22 23 24 25 
  INPUT ---       26 27 28 29 30 31 32 33 34 35 36 37 38 39 40 41 ;
  INPUT ---        50 52 53 10 11 12 13 14 15 16 17 18 19 20 21 22 23 24 25 
  INPUT ---       26 27 28 29 30 31 32 33 34 35 36 37 38 39 40 41 ;
  INPUT ---        52 54 55 11 12 13 14 15 16 17 18 19 20 21 22 23 24 25 26 
  INPUT ---       27 28 29 30 31 32 33 34 35 36 37 38 39 40 41 ;
  INPUT ---        54 56 57 12 13 14 15 16 17 18 19 20 21 22 23 24 25 26 27 
  INPUT ---       28 29 30 31 32 33 34 35 36 37 38 39 40 41 ;
  INPUT ---        56 58 59 13 14 15 16 17 18 19 20 21 22 23 24 25 26 27 28 

  Program  MARK  - Survival Rate Estimation with Capture-Recapture Data
   gfortran(Win64) Vers. 8.2 Mar 2017   11-Apr-2017 09:29:39    Page  004
 - - - - - - - - - - - - - - - - - - - - - - - - - - - - - - - - - - - - - -
 
  INPUT ---       29 30 31 32 33 34 35 36 37 38 39 40 41 ;
  INPUT ---        58 60 61 14 15 16 17 18 19 20 21 22 23 24 25 26 27 28 29 
  INPUT ---       30 31 32 33 34 35 36 37 38 39 40 41 ;
  INPUT ---        60 62 63 15 16 17 18 19 20 21 22 23 24 25 26 27 28 29 30 
  INPUT ---       31 32 33 34 35 36 37 38 39 40 41 ;
  INPUT ---        62 64 65 16 17 18 19 20 21 22 23 24 25 26 27 28 29 30 31 
  INPUT ---       32 33 34 35 36 37 38 39 40 41 ;
  INPUT ---        64 66 67 17 18 19 20 21 22 23 24 25 26 27 28 29 30 31 32 
  INPUT ---       33 34 35 36 37 38 39 40 41 ;
  INPUT ---        66 68 69 18 19 20 21 22 23 24 25 26 27 28 29 30 31 32 33 
  INPUT ---       34 35 36 37 38 39 40 41 ;
  INPUT ---        68 70 71 19 20 21 22 23 24 25 26 27 28 29 30 31 32 33 34 
  INPUT ---       35 36 37 38 39 40 41 ;
  INPUT ---        70 72 73 20 21 22 23 24 25 26 27 28 29 30 31 32 33 34 35 
  INPUT ---       36 37 38 39 40 41 ;
  INPUT ---        72 74 75 21 22 23 24 25 26 27 28 29 30 31 32 33 34 35 36 
  INPUT ---       37 38 39 40 41 ;
  INPUT ---        74 76 77 22 23 24 25 26 27 28 29 30 31 32 33 34 35 36 37 
  INPUT ---       38 39 40 41 ;
  INPUT ---        76 78 79 23 24 25 26 27 28 29 30 31 32 33 34 35 36 37 38 
  INPUT ---       39 40 41 ;
  INPUT ---        78 80 81 24 25 26 27 28 29 30 31 32 33 34 35 36 37 38 39 
  INPUT ---       40 41 ;
  INPUT ---        80 82 83 25 26 27 28 29 30 31 32 33 34 35 36 37 38 39 40 
  INPUT ---       41 ;
  INPUT ---        82 84 85 26 27 28 29 30 31 32 33 34 35 36 37 38 39 40 41 ;
  INPUT ---        84 86 87 27 28 29 30 31 32 33 34 35 36 37 38 39 40 41 ;
  INPUT ---        86 88 89 28 29 30 31 32 33 34 35 36 37 38 39 40 41 ;
  INPUT ---        88 90 91 29 30 31 32 33 34 35 36 37 38 39 40 41 ;
  INPUT ---        90 92 93 30 31 32 33 34 35 36 37 38 39 40 41 ;
  INPUT ---        92 94 95 31 32 33 34 35 36 37 38 39 40 41 ;
  INPUT ---        94 96 97 32 33 34 35 36 37 38 39 40 41 ;
  INPUT ---        96 98 99 33 34 35 36 37 38 39 40 41 ;
  INPUT ---        98 100 101 34 35 36 37 38 39 40 41 ;
  INPUT ---        100 102 103 35 36 37 38 39 40 41 ;
  INPUT ---        102 104 105 36 37 38 39 40 41 ;
  INPUT ---        104 106 107 37 38 39 40 41 ;
  INPUT ---        106 108 109 38 39 40 41 ;
  INPUT ---        108 110 111 39 40 41 ;
  INPUT ---        110 112 113 40 41 ;
  INPUT ---        112 114 115 41 ;
  INPUT ---        114 116 117 ;
  INPUT ---        116 118 ;
  INPUT ---        118 ;

  INPUT ---    group=3 Phi    rows=41 cols=41 Triang ;

  Program  MARK  - Survival Rate Estimation with Capture-Recapture Data
   gfortran(Win64) Vers. 8.2 Mar 2017   11-Apr-2017 09:29:39    Page  005
 - - - - - - - - - - - - - - - - - - - - - - - - - - - - - - - - - - - - - -
 
  INPUT ---        1 2 3 4 5 6 7 8 9 10 11 12 13 14 15 16 17 18 19 20 21 22 
  INPUT ---       23 24 25 26 27 28 29 30 31 32 33 34 35 36 37 38 39 40 41 ;
  INPUT ---        2 42 43 5 6 7 8 9 10 11 12 13 14 15 16 17 18 19 20 21 22 
  INPUT ---       23 24 25 26 27 28 29 30 31 32 33 34 35 36 37 38 39 40 41 ;
  INPUT ---        42 44 45 6 7 8 9 10 11 12 13 14 15 16 17 18 19 20 21 22 23 
  INPUT ---       24 25 26 27 28 29 30 31 32 33 34 35 36 37 38 39 40 41 ;
  INPUT ---        44 46 47 7 8 9 10 11 12 13 14 15 16 17 18 19 20 21 22 23 
  INPUT ---       24 25 26 27 28 29 30 31 32 33 34 35 36 37 38 39 40 41 ;
  INPUT ---        46 48 49 8 9 10 11 12 13 14 15 16 17 18 19 20 21 22 23 24 
  INPUT ---       25 26 27 28 29 30 31 32 33 34 35 36 37 38 39 40 41 ;
  INPUT ---        48 50 51 9 10 11 12 13 14 15 16 17 18 19 20 21 22 23 24 25 
  INPUT ---       26 27 28 29 30 31 32 33 34 35 36 37 38 39 40 41 ;
  INPUT ---        50 52 53 10 11 12 13 14 15 16 17 18 19 20 21 22 23 24 25 
  INPUT ---       26 27 28 29 30 31 32 33 34 35 36 37 38 39 40 41 ;
  INPUT ---        52 54 55 11 12 13 14 15 16 17 18 19 20 21 22 23 24 25 26 
  INPUT ---       27 28 29 30 31 32 33 34 35 36 37 38 39 40 41 ;
  INPUT ---        54 56 57 12 13 14 15 16 17 18 19 20 21 22 23 24 25 26 27 
  INPUT ---       28 29 30 31 32 33 34 35 36 37 38 39 40 41 ;
  INPUT ---        56 58 59 13 14 15 16 17 18 19 20 21 22 23 24 25 26 27 28 
  INPUT ---       29 30 31 32 33 34 35 36 37 38 39 40 41 ;
  INPUT ---        58 60 61 14 15 16 17 18 19 20 21 22 23 24 25 26 27 28 29 
  INPUT ---       30 31 32 33 34 35 36 37 38 39 40 41 ;
  INPUT ---        60 62 63 15 16 17 18 19 20 21 22 23 24 25 26 27 28 29 30 
  INPUT ---       31 32 33 34 35 36 37 38 39 40 41 ;
  INPUT ---        62 64 65 16 17 18 19 20 21 22 23 24 25 26 27 28 29 30 31 
  INPUT ---       32 33 34 35 36 37 38 39 40 41 ;
  INPUT ---        64 66 67 17 18 19 20 21 22 23 24 25 26 27 28 29 30 31 32 
  INPUT ---       33 34 35 36 37 38 39 40 41 ;
  INPUT ---        66 68 69 18 19 20 21 22 23 24 25 26 27 28 29 30 31 32 33 
  INPUT ---       34 35 36 37 38 39 40 41 ;
  INPUT ---        68 70 71 19 20 21 22 23 24 25 26 27 28 29 30 31 32 33 34 
  INPUT ---       35 36 37 38 39 40 41 ;
  INPUT ---        70 72 73 20 21 22 23 24 25 26 27 28 29 30 31 32 33 34 35 
  INPUT ---       36 37 38 39 40 41 ;
  INPUT ---        72 74 75 21 22 23 24 25 26 27 28 29 30 31 32 33 34 35 36 
  INPUT ---       37 38 39 40 41 ;
  INPUT ---        74 76 77 22 23 24 25 26 27 28 29 30 31 32 33 34 35 36 37 
  INPUT ---       38 39 40 41 ;
  INPUT ---        76 78 79 23 24 25 26 27 28 29 30 31 32 33 34 35 36 37 38 
  INPUT ---       39 40 41 ;
  INPUT ---        78 80 81 24 25 26 27 28 29 30 31 32 33 34 35 36 37 38 39 
  INPUT ---       40 41 ;
  INPUT ---        80 82 83 25 26 27 28 29 30 31 32 33 34 35 36 37 38 39 40 
  INPUT ---       41 ;
  INPUT ---        82 84 85 26 27 28 29 30 31 32 33 34 35 36 37 38 39 40 41 ;
  INPUT ---        84 86 87 27 28 29 30 31 32 33 34 35 36 37 38 39 40 41 ;

  Program  MARK  - Survival Rate Estimation with Capture-Recapture Data
   gfortran(Win64) Vers. 8.2 Mar 2017   11-Apr-2017 09:29:39    Page  006
 - - - - - - - - - - - - - - - - - - - - - - - - - - - - - - - - - - - - - -
 
  INPUT ---        86 88 89 28 29 30 31 32 33 34 35 36 37 38 39 40 41 ;
  INPUT ---        88 90 91 29 30 31 32 33 34 35 36 37 38 39 40 41 ;
  INPUT ---        90 92 93 30 31 32 33 34 35 36 37 38 39 40 41 ;
  INPUT ---        92 94 95 31 32 33 34 35 36 37 38 39 40 41 ;
  INPUT ---        94 96 97 32 33 34 35 36 37 38 39 40 41 ;
  INPUT ---        96 98 99 33 34 35 36 37 38 39 40 41 ;
  INPUT ---        98 100 101 34 35 36 37 38 39 40 41 ;
  INPUT ---        100 102 103 35 36 37 38 39 40 41 ;
  INPUT ---        102 104 105 36 37 38 39 40 41 ;
  INPUT ---        104 106 107 37 38 39 40 41 ;
  INPUT ---        106 108 109 38 39 40 41 ;
  INPUT ---        108 110 111 39 40 41 ;
  INPUT ---        110 112 113 40 41 ;
  INPUT ---        112 114 115 41 ;
  INPUT ---        114 116 117 ;
  INPUT ---        116 118 ;
  INPUT ---        118 ;

  INPUT ---    group=1 p    rows=41 cols=41 Triang ;
  INPUT ---        119 119 119 119 119 119 119 119 119 119 119 119 119 119 
  INPUT ---       119 119 119 119 119 119 119 119 119 119 119 119 119 119 119 
  INPUT ---       119 119 119 119 119 119 119 119 119 119 119 119 ;
  INPUT ---        119 119 119 119 119 119 119 119 119 119 119 119 119 119 
  INPUT ---       119 119 119 119 119 119 119 119 119 119 119 119 119 119 119 
  INPUT ---       119 119 119 119 119 119 119 119 119 119 119 ;
  INPUT ---        119 119 119 119 119 119 119 119 119 119 119 119 119 119 
  INPUT ---       119 119 119 119 119 119 119 119 119 119 119 119 119 119 119 
  INPUT ---       119 119 119 119 119 119 119 119 119 119 ;
  INPUT ---        119 119 119 119 119 119 119 119 119 119 119 119 119 119 
  INPUT ---       119 119 119 119 119 119 119 119 119 119 119 119 119 119 119 
  INPUT ---       119 119 119 119 119 119 119 119 119 ;
  INPUT ---        119 119 119 119 119 119 119 119 119 119 119 119 119 119 
  INPUT ---       119 119 119 119 119 119 119 119 119 119 119 119 119 119 119 
  INPUT ---       119 119 119 119 119 119 119 119 ;
  INPUT ---        119 119 119 119 119 119 119 119 119 119 119 119 119 119 
  INPUT ---       119 119 119 119 119 119 119 119 119 119 119 119 119 119 119 
  INPUT ---       119 119 119 119 119 119 119 ;
  INPUT ---        119 119 119 119 119 119 119 119 119 119 119 119 119 119 
  INPUT ---       119 119 119 119 119 119 119 119 119 119 119 119 119 119 119 
  INPUT ---       119 119 119 119 119 119 ;
  INPUT ---        119 119 119 119 119 119 119 119 119 119 119 119 119 119 
  INPUT ---       119 119 119 119 119 119 119 119 119 119 119 119 119 119 119 
  INPUT ---       119 119 119 119 119 ;
  INPUT ---        119 119 119 119 119 119 119 119 119 119 119 119 119 119 
  INPUT ---       119 119 119 119 119 119 119 119 119 119 119 119 119 119 119 
  INPUT ---       119 119 119 119 ;

  Program  MARK  - Survival Rate Estimation with Capture-Recapture Data
   gfortran(Win64) Vers. 8.2 Mar 2017   11-Apr-2017 09:29:39    Page  007
 - - - - - - - - - - - - - - - - - - - - - - - - - - - - - - - - - - - - - -
 
  INPUT ---        119 119 119 119 119 119 119 119 119 119 119 119 119 119 
  INPUT ---       119 119 119 119 119 119 119 119 119 119 119 119 119 119 119 
  INPUT ---       119 119 119 ;
  INPUT ---        119 119 119 119 119 119 119 119 119 119 119 119 119 119 
  INPUT ---       119 119 119 119 119 119 119 119 119 119 119 119 119 119 119 
  INPUT ---       119 119 ;
  INPUT ---        119 119 119 119 119 119 119 119 119 119 119 119 119 119 
  INPUT ---       119 119 119 119 119 119 119 119 119 119 119 119 119 119 119 
  INPUT ---       119 ;
  INPUT ---        119 119 119 119 119 119 119 119 119 119 119 119 119 119 
  INPUT ---       119 119 119 119 119 119 119 119 119 119 119 119 119 119 119 
  INPUT ---       ;
  INPUT ---        119 119 119 119 119 119 119 119 119 119 119 119 119 119 
  INPUT ---       119 119 119 119 119 119 119 119 119 119 119 119 119 119 ;
  INPUT ---        119 119 119 119 119 119 119 119 119 119 119 119 119 119 
  INPUT ---       119 119 119 119 119 119 119 119 119 119 119 119 119 ;
  INPUT ---        119 119 119 119 119 119 119 119 119 119 119 119 119 119 
  INPUT ---       119 119 119 119 119 119 119 119 119 119 119 119 ;
  INPUT ---        119 119 119 119 119 119 119 119 119 119 119 119 119 119 
  INPUT ---       119 119 119 119 119 119 119 119 119 119 119 ;
  INPUT ---        119 119 119 119 119 119 119 119 119 119 119 119 119 119 
  INPUT ---       119 119 119 119 119 119 119 119 119 119 ;
  INPUT ---        119 119 119 119 119 119 119 119 119 119 119 119 119 119 
  INPUT ---       119 119 119 119 119 119 119 119 119 ;
  INPUT ---        119 119 119 119 119 119 119 119 119 119 119 119 119 119 
  INPUT ---       119 119 119 119 119 119 119 119 ;
  INPUT ---        119 119 119 119 119 119 119 119 119 119 119 119 119 119 
  INPUT ---       119 119 119 119 119 119 119 ;
  INPUT ---        119 119 119 119 119 119 119 119 119 119 119 119 119 119 
  INPUT ---       119 119 119 119 119 119 ;
  INPUT ---        119 119 119 119 119 119 119 119 119 119 119 119 119 119 
  INPUT ---       119 119 119 119 119 ;
  INPUT ---        119 119 119 119 119 119 119 119 119 119 119 119 119 119 
  INPUT ---       119 119 119 119 ;
  INPUT ---        119 119 119 119 119 119 119 119 119 119 119 119 119 119 
  INPUT ---       119 119 119 ;
  INPUT ---        119 119 119 119 119 119 119 119 119 119 119 119 119 119 
  INPUT ---       119 119 ;
  INPUT ---        119 119 119 119 119 119 119 119 119 119 119 119 119 119 
  INPUT ---       119 ;
  INPUT ---        119 119 119 119 119 119 119 119 119 119 119 119 119 119 ;
  INPUT ---        119 119 119 119 119 119 119 119 119 119 119 119 119 ;
  INPUT ---        119 119 119 119 119 119 119 119 119 119 119 119 ;
  INPUT ---        119 119 119 119 119 119 119 119 119 119 119 ;
  INPUT ---        119 119 119 119 119 119 119 119 119 119 ;
  INPUT ---        119 119 119 119 119 119 119 119 119 ;

  Program  MARK  - Survival Rate Estimation with Capture-Recapture Data
   gfortran(Win64) Vers. 8.2 Mar 2017   11-Apr-2017 09:29:39    Page  008
 - - - - - - - - - - - - - - - - - - - - - - - - - - - - - - - - - - - - - -
 
  INPUT ---        119 119 119 119 119 119 119 119 ;
  INPUT ---        119 119 119 119 119 119 119 ;
  INPUT ---        119 119 119 119 119 119 ;
  INPUT ---        119 119 119 119 119 ;
  INPUT ---        119 119 119 119 ;
  INPUT ---        119 119 119 ;
  INPUT ---        119 119 ;
  INPUT ---        119 ;

  INPUT ---    group=2 p    rows=41 cols=41 Triang ;
  INPUT ---        119 119 119 119 119 119 119 119 119 119 119 119 119 119 
  INPUT ---       119 119 119 119 119 119 119 119 119 119 119 119 119 119 119 
  INPUT ---       119 119 119 119 119 119 119 119 119 119 119 119 ;
  INPUT ---        119 119 119 119 119 119 119 119 119 119 119 119 119 119 
  INPUT ---       119 119 119 119 119 119 119 119 119 119 119 119 119 119 119 
  INPUT ---       119 119 119 119 119 119 119 119 119 119 119 ;
  INPUT ---        119 119 119 119 119 119 119 119 119 119 119 119 119 119 
  INPUT ---       119 119 119 119 119 119 119 119 119 119 119 119 119 119 119 
  INPUT ---       119 119 119 119 119 119 119 119 119 119 ;
  INPUT ---        119 119 119 119 119 119 119 119 119 119 119 119 119 119 
  INPUT ---       119 119 119 119 119 119 119 119 119 119 119 119 119 119 119 
  INPUT ---       119 119 119 119 119 119 119 119 119 ;
  INPUT ---        119 119 119 119 119 119 119 119 119 119 119 119 119 119 
  INPUT ---       119 119 119 119 119 119 119 119 119 119 119 119 119 119 119 
  INPUT ---       119 119 119 119 119 119 119 119 ;
  INPUT ---        119 119 119 119 119 119 119 119 119 119 119 119 119 119 
  INPUT ---       119 119 119 119 119 119 119 119 119 119 119 119 119 119 119 
  INPUT ---       119 119 119 119 119 119 119 ;
  INPUT ---        119 119 119 119 119 119 119 119 119 119 119 119 119 119 
  INPUT ---       119 119 119 119 119 119 119 119 119 119 119 119 119 119 119 
  INPUT ---       119 119 119 119 119 119 ;
  INPUT ---        119 119 119 119 119 119 119 119 119 119 119 119 119 119 
  INPUT ---       119 119 119 119 119 119 119 119 119 119 119 119 119 119 119 
  INPUT ---       119 119 119 119 119 ;
  INPUT ---        119 119 119 119 119 119 119 119 119 119 119 119 119 119 
  INPUT ---       119 119 119 119 119 119 119 119 119 119 119 119 119 119 119 
  INPUT ---       119 119 119 119 ;
  INPUT ---        119 119 119 119 119 119 119 119 119 119 119 119 119 119 
  INPUT ---       119 119 119 119 119 119 119 119 119 119 119 119 119 119 119 
  INPUT ---       119 119 119 ;
  INPUT ---        119 119 119 119 119 119 119 119 119 119 119 119 119 119 
  INPUT ---       119 119 119 119 119 119 119 119 119 119 119 119 119 119 119 
  INPUT ---       119 119 ;
  INPUT ---        119 119 119 119 119 119 119 119 119 119 119 119 119 119 
  INPUT ---       119 119 119 119 119 119 119 119 119 119 119 119 119 119 119 
  INPUT ---       119 ;

  Program  MARK  - Survival Rate Estimation with Capture-Recapture Data
   gfortran(Win64) Vers. 8.2 Mar 2017   11-Apr-2017 09:29:39    Page  009
 - - - - - - - - - - - - - - - - - - - - - - - - - - - - - - - - - - - - - -
 
  INPUT ---        119 119 119 119 119 119 119 119 119 119 119 119 119 119 
  INPUT ---       119 119 119 119 119 119 119 119 119 119 119 119 119 119 119 
  INPUT ---       ;
  INPUT ---        119 119 119 119 119 119 119 119 119 119 119 119 119 119 
  INPUT ---       119 119 119 119 119 119 119 119 119 119 119 119 119 119 ;
  INPUT ---        119 119 119 119 119 119 119 119 119 119 119 119 119 119 
  INPUT ---       119 119 119 119 119 119 119 119 119 119 119 119 119 ;
  INPUT ---        119 119 119 119 119 119 119 119 119 119 119 119 119 119 
  INPUT ---       119 119 119 119 119 119 119 119 119 119 119 119 ;
  INPUT ---        119 119 119 119 119 119 119 119 119 119 119 119 119 119 
  INPUT ---       119 119 119 119 119 119 119 119 119 119 119 ;
  INPUT ---        119 119 119 119 119 119 119 119 119 119 119 119 119 119 
  INPUT ---       119 119 119 119 119 119 119 119 119 119 ;
  INPUT ---        119 119 119 119 119 119 119 119 119 119 119 119 119 119 
  INPUT ---       119 119 119 119 119 119 119 119 119 ;
  INPUT ---        119 119 119 119 119 119 119 119 119 119 119 119 119 119 
  INPUT ---       119 119 119 119 119 119 119 119 ;
  INPUT ---        119 119 119 119 119 119 119 119 119 119 119 119 119 119 
  INPUT ---       119 119 119 119 119 119 119 ;
  INPUT ---        119 119 119 119 119 119 119 119 119 119 119 119 119 119 
  INPUT ---       119 119 119 119 119 119 ;
  INPUT ---        119 119 119 119 119 119 119 119 119 119 119 119 119 119 
  INPUT ---       119 119 119 119 119 ;
  INPUT ---        119 119 119 119 119 119 119 119 119 119 119 119 119 119 
  INPUT ---       119 119 119 119 ;
  INPUT ---        119 119 119 119 119 119 119 119 119 119 119 119 119 119 
  INPUT ---       119 119 119 ;
  INPUT ---        119 119 119 119 119 119 119 119 119 119 119 119 119 119 
  INPUT ---       119 119 ;
  INPUT ---        119 119 119 119 119 119 119 119 119 119 119 119 119 119 
  INPUT ---       119 ;
  INPUT ---        119 119 119 119 119 119 119 119 119 119 119 119 119 119 ;
  INPUT ---        119 119 119 119 119 119 119 119 119 119 119 119 119 ;
  INPUT ---        119 119 119 119 119 119 119 119 119 119 119 119 ;
  INPUT ---        119 119 119 119 119 119 119 119 119 119 119 ;
  INPUT ---        119 119 119 119 119 119 119 119 119 119 ;
  INPUT ---        119 119 119 119 119 119 119 119 119 ;
  INPUT ---        119 119 119 119 119 119 119 119 ;
  INPUT ---        119 119 119 119 119 119 119 ;
  INPUT ---        119 119 119 119 119 119 ;
  INPUT ---        119 119 119 119 119 ;
  INPUT ---        119 119 119 119 ;
  INPUT ---        119 119 119 ;
  INPUT ---        119 119 ;
  INPUT ---        119 ;


  Program  MARK  - Survival Rate Estimation with Capture-Recapture Data
   gfortran(Win64) Vers. 8.2 Mar 2017   11-Apr-2017 09:29:39    Page  010
 - - - - - - - - - - - - - - - - - - - - - - - - - - - - - - - - - - - - - -
 
  INPUT ---    group=3 p    rows=41 cols=41 Triang ;
  INPUT ---        119 119 119 119 119 119 119 119 119 119 119 119 119 119 
  INPUT ---       119 119 119 119 119 119 119 119 119 119 119 119 119 119 119 
  INPUT ---       119 119 119 119 119 119 119 119 119 119 119 119 ;
  INPUT ---        119 119 119 119 119 119 119 119 119 119 119 119 119 119 
  INPUT ---       119 119 119 119 119 119 119 119 119 119 119 119 119 119 119 
  INPUT ---       119 119 119 119 119 119 119 119 119 119 119 ;
  INPUT ---        119 119 119 119 119 119 119 119 119 119 119 119 119 119 
  INPUT ---       119 119 119 119 119 119 119 119 119 119 119 119 119 119 119 
  INPUT ---       119 119 119 119 119 119 119 119 119 119 ;
  INPUT ---        119 119 119 119 119 119 119 119 119 119 119 119 119 119 
  INPUT ---       119 119 119 119 119 119 119 119 119 119 119 119 119 119 119 
  INPUT ---       119 119 119 119 119 119 119 119 119 ;
  INPUT ---        119 119 119 119 119 119 119 119 119 119 119 119 119 119 
  INPUT ---       119 119 119 119 119 119 119 119 119 119 119 119 119 119 119 
  INPUT ---       119 119 119 119 119 119 119 119 ;
  INPUT ---        119 119 119 119 119 119 119 119 119 119 119 119 119 119 
  INPUT ---       119 119 119 119 119 119 119 119 119 119 119 119 119 119 119 
  INPUT ---       119 119 119 119 119 119 119 ;
  INPUT ---        119 119 119 119 119 119 119 119 119 119 119 119 119 119 
  INPUT ---       119 119 119 119 119 119 119 119 119 119 119 119 119 119 119 
  INPUT ---       119 119 119 119 119 119 ;
  INPUT ---        119 119 119 119 119 119 119 119 119 119 119 119 119 119 
  INPUT ---       119 119 119 119 119 119 119 119 119 119 119 119 119 119 119 
  INPUT ---       119 119 119 119 119 ;
  INPUT ---        119 119 119 119 119 119 119 119 119 119 119 119 119 119 
  INPUT ---       119 119 119 119 119 119 119 119 119 119 119 119 119 119 119 
  INPUT ---       119 119 119 119 ;
  INPUT ---        119 119 119 119 119 119 119 119 119 119 119 119 119 119 
  INPUT ---       119 119 119 119 119 119 119 119 119 119 119 119 119 119 119 
  INPUT ---       119 119 119 ;
  INPUT ---        119 119 119 119 119 119 119 119 119 119 119 119 119 119 
  INPUT ---       119 119 119 119 119 119 119 119 119 119 119 119 119 119 119 
  INPUT ---       119 119 ;
  INPUT ---        119 119 119 119 119 119 119 119 119 119 119 119 119 119 
  INPUT ---       119 119 119 119 119 119 119 119 119 119 119 119 119 119 119 
  INPUT ---       119 ;
  INPUT ---        119 119 119 119 119 119 119 119 119 119 119 119 119 119 
  INPUT ---       119 119 119 119 119 119 119 119 119 119 119 119 119 119 119 
  INPUT ---       ;
  INPUT ---        119 119 119 119 119 119 119 119 119 119 119 119 119 119 
  INPUT ---       119 119 119 119 119 119 119 119 119 119 119 119 119 119 ;
  INPUT ---        119 119 119 119 119 119 119 119 119 119 119 119 119 119 
  INPUT ---       119 119 119 119 119 119 119 119 119 119 119 119 119 ;
  INPUT ---        119 119 119 119 119 119 119 119 119 119 119 119 119 119 
  INPUT ---       119 119 119 119 119 119 119 119 119 119 119 119 ;

  Program  MARK  - Survival Rate Estimation with Capture-Recapture Data
   gfortran(Win64) Vers. 8.2 Mar 2017   11-Apr-2017 09:29:39    Page  011
 - - - - - - - - - - - - - - - - - - - - - - - - - - - - - - - - - - - - - -
 
  INPUT ---        119 119 119 119 119 119 119 119 119 119 119 119 119 119 
  INPUT ---       119 119 119 119 119 119 119 119 119 119 119 ;
  INPUT ---        119 119 119 119 119 119 119 119 119 119 119 119 119 119 
  INPUT ---       119 119 119 119 119 119 119 119 119 119 ;
  INPUT ---        119 119 119 119 119 119 119 119 119 119 119 119 119 119 
  INPUT ---       119 119 119 119 119 119 119 119 119 ;
  INPUT ---        119 119 119 119 119 119 119 119 119 119 119 119 119 119 
  INPUT ---       119 119 119 119 119 119 119 119 ;
  INPUT ---        119 119 119 119 119 119 119 119 119 119 119 119 119 119 
  INPUT ---       119 119 119 119 119 119 119 ;
  INPUT ---        119 119 119 119 119 119 119 119 119 119 119 119 119 119 
  INPUT ---       119 119 119 119 119 119 ;
  INPUT ---        119 119 119 119 119 119 119 119 119 119 119 119 119 119 
  INPUT ---       119 119 119 119 119 ;
  INPUT ---        119 119 119 119 119 119 119 119 119 119 119 119 119 119 
  INPUT ---       119 119 119 119 ;
  INPUT ---        119 119 119 119 119 119 119 119 119 119 119 119 119 119 
  INPUT ---       119 119 119 ;
  INPUT ---        119 119 119 119 119 119 119 119 119 119 119 119 119 119 
  INPUT ---       119 119 ;
  INPUT ---        119 119 119 119 119 119 119 119 119 119 119 119 119 119 
  INPUT ---       119 ;
  INPUT ---        119 119 119 119 119 119 119 119 119 119 119 119 119 119 ;
  INPUT ---        119 119 119 119 119 119 119 119 119 119 119 119 119 ;
  INPUT ---        119 119 119 119 119 119 119 119 119 119 119 119 ;
  INPUT ---        119 119 119 119 119 119 119 119 119 119 119 ;
  INPUT ---        119 119 119 119 119 119 119 119 119 119 ;
  INPUT ---        119 119 119 119 119 119 119 119 119 ;
  INPUT ---        119 119 119 119 119 119 119 119 ;
  INPUT ---        119 119 119 119 119 119 119 ;
  INPUT ---        119 119 119 119 119 119 ;
  INPUT ---        119 119 119 119 119 ;
  INPUT ---        119 119 119 119 ;
  INPUT ---        119 119 119 ;
  INPUT ---        119 119 ;
  INPUT ---        119 ;

  INPUT ---    design matrix constraints=119 covariates=5;
  INPUT ---        1 0 0 0 0;
  INPUT ---        1 1 0 0 0;
  INPUT ---        1 2 1 0 0;
  INPUT ---        1 3 0 1 0;
  INPUT ---        1 4 0 1 0;
  INPUT ---        1 5 0 1 0;
  INPUT ---        1 6 0 1 0;
  INPUT ---        1 7 0 1 0;

  Program  MARK  - Survival Rate Estimation with Capture-Recapture Data
   gfortran(Win64) Vers. 8.2 Mar 2017   11-Apr-2017 09:29:39    Page  012
 - - - - - - - - - - - - - - - - - - - - - - - - - - - - - - - - - - - - - -
 
  INPUT ---        1 8 0 1 0;
  INPUT ---        1 9 0 1 0;
  INPUT ---        1 10 0 1 0;
  INPUT ---        1 11 0 1 0;
  INPUT ---        1 12 0 1 0;
  INPUT ---        1 13 0 1 0;
  INPUT ---        1 14 0 1 0;
  INPUT ---        1 15 0 1 0;
  INPUT ---        1 16 0 1 0;
  INPUT ---        1 17 0 1 0;
  INPUT ---        1 18 0 1 0;
  INPUT ---        1 19 0 1 0;
  INPUT ---        1 20 0 1 0;
  INPUT ---        1 21 0 1 0;
  INPUT ---        1 22 0 1 0;
  INPUT ---        1 23 0 1 0;
  INPUT ---        1 24 0 1 0;
  INPUT ---        1 25 0 1 0;
  INPUT ---        1 26 0 1 0;
  INPUT ---        1 27 0 1 0;
  INPUT ---        1 28 0 1 0;
  INPUT ---        1 29 0 1 0;
  INPUT ---        1 30 0 1 0;
  INPUT ---        1 31 0 1 0;
  INPUT ---        1 32 0 1 0;
  INPUT ---        1 33 0 1 0;
  INPUT ---        1 34 0 1 0;
  INPUT ---        1 35 0 1 0;
  INPUT ---        1 36 0 1 0;
  INPUT ---        1 37 0 1 0;
  INPUT ---        1 38 0 1 0;
  INPUT ---        1 39 0 1 0;
  INPUT ---        1 40 0 1 0;
  INPUT ---        1 2 0 0 0;
  INPUT ---        1 3 1 0 0;
  INPUT ---        1 3 0 0 0;
  INPUT ---        1 4 1 0 0;
  INPUT ---        1 4 0 0 0;
  INPUT ---        1 5 1 0 0;
  INPUT ---        1 5 0 0 0;
  INPUT ---        1 6 1 0 0;
  INPUT ---        1 6 0 0 0;
  INPUT ---        1 7 1 0 0;
  INPUT ---        1 7 0 0 0;
  INPUT ---        1 8 1 0 0;
  INPUT ---        1 8 0 0 0;

  Program  MARK  - Survival Rate Estimation with Capture-Recapture Data
   gfortran(Win64) Vers. 8.2 Mar 2017   11-Apr-2017 09:29:39    Page  013
 - - - - - - - - - - - - - - - - - - - - - - - - - - - - - - - - - - - - - -
 
  INPUT ---        1 9 1 0 0;
  INPUT ---        1 9 0 0 0;
  INPUT ---        1 10 1 0 0;
  INPUT ---        1 10 0 0 0;
  INPUT ---        1 11 1 0 0;
  INPUT ---        1 11 0 0 0;
  INPUT ---        1 12 1 0 0;
  INPUT ---        1 12 0 0 0;
  INPUT ---        1 13 1 0 0;
  INPUT ---        1 13 0 0 0;
  INPUT ---        1 14 1 0 0;
  INPUT ---        1 14 0 0 0;
  INPUT ---        1 15 1 0 0;
  INPUT ---        1 15 0 0 0;
  INPUT ---        1 16 1 0 0;
  INPUT ---        1 16 0 0 0;
  INPUT ---        1 17 1 0 0;
  INPUT ---        1 17 0 0 0;
  INPUT ---        1 18 1 0 0;
  INPUT ---        1 18 0 0 0;
  INPUT ---        1 19 1 0 0;
  INPUT ---        1 19 0 0 0;
  INPUT ---        1 20 1 0 0;
  INPUT ---        1 20 0 0 0;
  INPUT ---        1 21 1 0 0;
  INPUT ---        1 21 0 0 0;
  INPUT ---        1 22 1 0 0;
  INPUT ---        1 22 0 0 0;
  INPUT ---        1 23 1 0 0;
  INPUT ---        1 23 0 0 0;
  INPUT ---        1 24 1 0 0;
  INPUT ---        1 24 0 0 0;
  INPUT ---        1 25 1 0 0;
  INPUT ---        1 25 0 0 0;
  INPUT ---        1 26 1 0 0;
  INPUT ---        1 26 0 0 0;
  INPUT ---        1 27 1 0 0;
  INPUT ---        1 27 0 0 0;
  INPUT ---        1 28 1 0 0;
  INPUT ---        1 28 0 0 0;
  INPUT ---        1 29 1 0 0;
  INPUT ---        1 29 0 0 0;
  INPUT ---        1 30 1 0 0;
  INPUT ---        1 30 0 0 0;
  INPUT ---        1 31 1 0 0;
  INPUT ---        1 31 0 0 0;

  Program  MARK  - Survival Rate Estimation with Capture-Recapture Data
   gfortran(Win64) Vers. 8.2 Mar 2017   11-Apr-2017 09:29:39    Page  014
 - - - - - - - - - - - - - - - - - - - - - - - - - - - - - - - - - - - - - -
 
  INPUT ---        1 32 1 0 0;
  INPUT ---        1 32 0 0 0;
  INPUT ---        1 33 1 0 0;
  INPUT ---        1 33 0 0 0;
  INPUT ---        1 34 1 0 0;
  INPUT ---        1 34 0 0 0;
  INPUT ---        1 35 1 0 0;
  INPUT ---        1 35 0 0 0;
  INPUT ---        1 36 1 0 0;
  INPUT ---        1 36 0 0 0;
  INPUT ---        1 37 1 0 0;
  INPUT ---        1 37 0 0 0;
  INPUT ---        1 38 1 0 0;
  INPUT ---        1 38 0 0 0;
  INPUT ---        1 39 1 0 0;
  INPUT ---        1 39 0 0 0;
  INPUT ---        1 40 1 0 0;
  INPUT ---        1 40 0 0 0;
  INPUT ---        0 0 0 0 1;
  INPUT ---       blabel(1)=Phi:(Intercept);
  INPUT ---       blabel(2)=Phi:Time;
  INPUT ---       blabel(3)=Phi:age(1,2];
  INPUT ---       blabel(4)=Phi:age(2,42];
  INPUT ---       blabel(5)=p:(Intercept);
  INPUT ---       rlabel(1)=Phi gHYF c1975 a0 t1975;
  INPUT ---       rlabel(2)=Phi gHYF c1975 a1 t1976;
  INPUT ---       rlabel(3)=Phi gHYF c1975 a2 t1977;
  INPUT ---       rlabel(4)=Phi gHYF c1975 a3 t1978;
  INPUT ---       rlabel(5)=Phi gHYF c1975 a4 t1979;
  INPUT ---       rlabel(6)=Phi gHYF c1975 a5 t1980;
  INPUT ---       rlabel(7)=Phi gHYF c1975 a6 t1981;
  INPUT ---       rlabel(8)=Phi gHYF c1975 a7 t1982;
  INPUT ---       rlabel(9)=Phi gHYF c1975 a8 t1983;
  INPUT ---       rlabel(10)=Phi gHYF c1975 a9 t1984;
  INPUT ---       rlabel(11)=Phi gHYF c1975 a10 t1985;
  INPUT ---       rlabel(12)=Phi gHYF c1975 a11 t1986;
  INPUT ---       rlabel(13)=Phi gHYF c1975 a12 t1987;
  INPUT ---       rlabel(14)=Phi gHYF c1975 a13 t1988;
  INPUT ---       rlabel(15)=Phi gHYF c1975 a14 t1989;
  INPUT ---       rlabel(16)=Phi gHYF c1975 a15 t1990;
  INPUT ---       rlabel(17)=Phi gHYF c1975 a16 t1991;
  INPUT ---       rlabel(18)=Phi gHYF c1975 a17 t1992;
  INPUT ---       rlabel(19)=Phi gHYF c1975 a18 t1993;
  INPUT ---       rlabel(20)=Phi gHYF c1975 a19 t1994;
  INPUT ---       rlabel(21)=Phi gHYF c1975 a20 t1995;
  INPUT ---       rlabel(22)=Phi gHYF c1975 a21 t1996;

  Program  MARK  - Survival Rate Estimation with Capture-Recapture Data
   gfortran(Win64) Vers. 8.2 Mar 2017   11-Apr-2017 09:29:39    Page  015
 - - - - - - - - - - - - - - - - - - - - - - - - - - - - - - - - - - - - - -
 
  INPUT ---       rlabel(23)=Phi gHYF c1975 a22 t1997;
  INPUT ---       rlabel(24)=Phi gHYF c1975 a23 t1998;
  INPUT ---       rlabel(25)=Phi gHYF c1975 a24 t1999;
  INPUT ---       rlabel(26)=Phi gHYF c1975 a25 t2000;
  INPUT ---       rlabel(27)=Phi gHYF c1975 a26 t2001;
  INPUT ---       rlabel(28)=Phi gHYF c1975 a27 t2002;
  INPUT ---       rlabel(29)=Phi gHYF c1975 a28 t2003;
  INPUT ---       rlabel(30)=Phi gHYF c1975 a29 t2004;
  INPUT ---       rlabel(31)=Phi gHYF c1975 a30 t2005;
  INPUT ---       rlabel(32)=Phi gHYF c1975 a31 t2006;
  INPUT ---       rlabel(33)=Phi gHYF c1975 a32 t2007;
  INPUT ---       rlabel(34)=Phi gHYF c1975 a33 t2008;
  INPUT ---       rlabel(35)=Phi gHYF c1975 a34 t2009;
  INPUT ---       rlabel(36)=Phi gHYF c1975 a35 t2010;
  INPUT ---       rlabel(37)=Phi gHYF c1975 a36 t2011;
  INPUT ---       rlabel(38)=Phi gHYF c1975 a37 t2012;
  INPUT ---       rlabel(39)=Phi gHYF c1975 a38 t2013;
  INPUT ---       rlabel(40)=Phi gHYF c1975 a39 t2014;
  INPUT ---       rlabel(41)=Phi gHYF c1975 a40 t2015;
  INPUT ---       rlabel(42)=Phi gHYF c1976 a1 t1977;
  INPUT ---       rlabel(43)=Phi gHYF c1976 a2 t1978;
  INPUT ---       rlabel(44)=Phi gHYF c1977 a1 t1978;
  INPUT ---       rlabel(45)=Phi gHYF c1977 a2 t1979;
  INPUT ---       rlabel(46)=Phi gHYF c1978 a1 t1979;
  INPUT ---       rlabel(47)=Phi gHYF c1978 a2 t1980;
  INPUT ---       rlabel(48)=Phi gHYF c1979 a1 t1980;
  INPUT ---       rlabel(49)=Phi gHYF c1979 a2 t1981;
  INPUT ---       rlabel(50)=Phi gHYF c1980 a1 t1981;
  INPUT ---       rlabel(51)=Phi gHYF c1980 a2 t1982;
  INPUT ---       rlabel(52)=Phi gHYF c1981 a1 t1982;
  INPUT ---       rlabel(53)=Phi gHYF c1981 a2 t1983;
  INPUT ---       rlabel(54)=Phi gHYF c1982 a1 t1983;
  INPUT ---       rlabel(55)=Phi gHYF c1982 a2 t1984;
  INPUT ---       rlabel(56)=Phi gHYF c1983 a1 t1984;
  INPUT ---       rlabel(57)=Phi gHYF c1983 a2 t1985;
  INPUT ---       rlabel(58)=Phi gHYF c1984 a1 t1985;
  INPUT ---       rlabel(59)=Phi gHYF c1984 a2 t1986;
  INPUT ---       rlabel(60)=Phi gHYF c1985 a1 t1986;
  INPUT ---       rlabel(61)=Phi gHYF c1985 a2 t1987;
  INPUT ---       rlabel(62)=Phi gHYF c1986 a1 t1987;
  INPUT ---       rlabel(63)=Phi gHYF c1986 a2 t1988;
  INPUT ---       rlabel(64)=Phi gHYF c1987 a1 t1988;
  INPUT ---       rlabel(65)=Phi gHYF c1987 a2 t1989;
  INPUT ---       rlabel(66)=Phi gHYF c1988 a1 t1989;
  INPUT ---       rlabel(67)=Phi gHYF c1988 a2 t1990;
  INPUT ---       rlabel(68)=Phi gHYF c1989 a1 t1990;

  Program  MARK  - Survival Rate Estimation with Capture-Recapture Data
   gfortran(Win64) Vers. 8.2 Mar 2017   11-Apr-2017 09:29:39    Page  016
 - - - - - - - - - - - - - - - - - - - - - - - - - - - - - - - - - - - - - -
 
  INPUT ---       rlabel(69)=Phi gHYF c1989 a2 t1991;
  INPUT ---       rlabel(70)=Phi gHYF c1990 a1 t1991;
  INPUT ---       rlabel(71)=Phi gHYF c1990 a2 t1992;
  INPUT ---       rlabel(72)=Phi gHYF c1991 a1 t1992;
  INPUT ---       rlabel(73)=Phi gHYF c1991 a2 t1993;
  INPUT ---       rlabel(74)=Phi gHYF c1992 a1 t1993;
  INPUT ---       rlabel(75)=Phi gHYF c1992 a2 t1994;
  INPUT ---       rlabel(76)=Phi gHYF c1993 a1 t1994;
  INPUT ---       rlabel(77)=Phi gHYF c1993 a2 t1995;
  INPUT ---       rlabel(78)=Phi gHYF c1994 a1 t1995;
  INPUT ---       rlabel(79)=Phi gHYF c1994 a2 t1996;
  INPUT ---       rlabel(80)=Phi gHYF c1995 a1 t1996;
  INPUT ---       rlabel(81)=Phi gHYF c1995 a2 t1997;
  INPUT ---       rlabel(82)=Phi gHYF c1996 a1 t1997;
  INPUT ---       rlabel(83)=Phi gHYF c1996 a2 t1998;
  INPUT ---       rlabel(84)=Phi gHYF c1997 a1 t1998;
  INPUT ---       rlabel(85)=Phi gHYF c1997 a2 t1999;
  INPUT ---       rlabel(86)=Phi gHYF c1998 a1 t1999;
  INPUT ---       rlabel(87)=Phi gHYF c1998 a2 t2000;
  INPUT ---       rlabel(88)=Phi gHYF c1999 a1 t2000;
  INPUT ---       rlabel(89)=Phi gHYF c1999 a2 t2001;
  INPUT ---       rlabel(90)=Phi gHYF c2000 a1 t2001;
  INPUT ---       rlabel(91)=Phi gHYF c2000 a2 t2002;
  INPUT ---       rlabel(92)=Phi gHYF c2001 a1 t2002;
  INPUT ---       rlabel(93)=Phi gHYF c2001 a2 t2003;
  INPUT ---       rlabel(94)=Phi gHYF c2002 a1 t2003;
  INPUT ---       rlabel(95)=Phi gHYF c2002 a2 t2004;
  INPUT ---       rlabel(96)=Phi gHYF c2003 a1 t2004;
  INPUT ---       rlabel(97)=Phi gHYF c2003 a2 t2005;
  INPUT ---       rlabel(98)=Phi gHYF c2004 a1 t2005;
  INPUT ---       rlabel(99)=Phi gHYF c2004 a2 t2006;
  INPUT ---       rlabel(100)=Phi gHYF c2005 a1 t2006;
  INPUT ---       rlabel(101)=Phi gHYF c2005 a2 t2007;
  INPUT ---       rlabel(102)=Phi gHYF c2006 a1 t2007;
  INPUT ---       rlabel(103)=Phi gHYF c2006 a2 t2008;
  INPUT ---       rlabel(104)=Phi gHYF c2007 a1 t2008;
  INPUT ---       rlabel(105)=Phi gHYF c2007 a2 t2009;
  INPUT ---       rlabel(106)=Phi gHYF c2008 a1 t2009;
  INPUT ---       rlabel(107)=Phi gHYF c2008 a2 t2010;
  INPUT ---       rlabel(108)=Phi gHYF c2009 a1 t2010;
  INPUT ---       rlabel(109)=Phi gHYF c2009 a2 t2011;
  INPUT ---       rlabel(110)=Phi gHYF c2010 a1 t2011;
  INPUT ---       rlabel(111)=Phi gHYF c2010 a2 t2012;
  INPUT ---       rlabel(112)=Phi gHYF c2011 a1 t2012;
  INPUT ---       rlabel(113)=Phi gHYF c2011 a2 t2013;
  INPUT ---       rlabel(114)=Phi gHYF c2012 a1 t2013;

  Program  MARK  - Survival Rate Estimation with Capture-Recapture Data
   gfortran(Win64) Vers. 8.2 Mar 2017   11-Apr-2017 09:29:39    Page  017
 - - - - - - - - - - - - - - - - - - - - - - - - - - - - - - - - - - - - - -
 
  INPUT ---       rlabel(115)=Phi gHYF c2012 a2 t2014;
  INPUT ---       rlabel(116)=Phi gHYF c2013 a1 t2014;
  INPUT ---       rlabel(117)=Phi gHYF c2013 a2 t2015;
  INPUT ---       rlabel(118)=Phi gHYF c2014 a1 t2015;
  INPUT ---       rlabel(119)=p gHYF c1975 a1 t1976;

 Link Function Used is LOGIT        

 Variance Estimation Procedure Used is 2ndPart 
 -2logL(saturated) = 767.53420     
 Effective Sample Size = 14603

 Number of function evaluations was 24 for 5 parameters.
 Time for numerical optimization was 0.14 seconds.
 -2logL { Phi(~Time + age)p(~1) } = 4414.1682     
 Penalty { Phi(~Time + age)p(~1) } = -0.0000000    
 Gradient { Phi(~Time + age)p(~1) }:
 -0.6922989E-04  0.000000      0.000000      0.000000    -0.2963944E-04
 S Vector { Phi(~Time + age)p(~1) }:
   981.0136      96.93583      26.74619      20.78612     0.3814893E-06
 Time to compute number of parameters was 0.05 seconds.
   Threshold =  0.1200000E-06     Condition index =  0.3888725E-09     New Threshold =  0.8530359E-06
 New Guessimate of Estimated Parameters { Phi(~Time + age)p(~1) } = 4          
 Conditioned S Vector { Phi(~Time + age)p(~1) }:
   1.000000     0.9881190E-01 0.2726383E-01 0.2118841E-01 0.3888725E-09
 Number of Estimated Parameters { Phi(~Time + age)p(~1) } = 4          
 DEVIANCE { Phi(~Time + age)p(~1) } = 3646.6340                     
 DEVIANCE Degrees of Freedom { Phi(~Time + age)p(~1) } = 123            
 c-hat { Phi(~Time + age)p(~1) } = 29.647431                     
 AIC { Phi(~Time + age)p(~1) } = 4422.1682                  
 AICc { Phi(~Time + age)p(~1) } = 4422.1709                    
 BIC { Phi(~Time + age)p(~1) } = 4452.5241                    
 Pearson Chisquare { Phi(~Time + age)p(~1) } = 12685041.                  


                  LOGIT Link Function Parameters of { Phi(~Time + age)p(~1) }
                                                              95% Confidence Interval
 Parameter                    Beta         Standard Error      Lower           Upper
 -------------------------  --------------  --------------  --------------  --------------
    1:Phi:(Intercept)       -1.6274627      0.1274753       -1.8773142      -1.3776112    
    2:Phi:Time              0.0012129       0.0047045       -0.0080079      0.0104336     
    3:Phi:age(1,2]          19.667479       1619.0447       -3153.6602      3192.9952     
    4:Phi:age(2,42]         1.5314939       0.1797021       1.1792778       1.8837100     
    5:p:(Intercept)         -2.0685284      0.1134852       -2.2909595      -1.8460973    


                  Real Function Parameters of { Phi(~Time + age)p(~1) }
                                                               95% Confidence Interval
  Parameter                  Estimate       Standard Error      Lower           Upper
 --------------------------  --------------  --------------  --------------  --------------
     1:Phi gHYF c1975 a0 t1  0.1641782       0.0174926       0.1326977       0.2013929                           
     2:Phi gHYF c1975 a1 t1  0.1643447       0.0170560       0.1335803       0.2005543                           
     3:Phi gHYF c1975 a2 t1  1.0000000       0.2363338E-004  0.6754539E-296  1.0000000                           
     4:Phi gHYF c1975 a3 t1  0.4769338       0.0409990       0.3978460       0.5571955                           

  Program  MARK  - Survival Rate Estimation with Capture-Recapture Data
   gfortran(Win64) Vers. 8.2 Mar 2017   11-Apr-2017 09:29:39    Page  018
 - - - - - - - - - - - - - - - - - - - - - - - - - - - - - - - - - - - - - -
 
     5:Phi gHYF c1975 a4 t1  0.4772364       0.0404050       0.3992598       0.5563386                           
     6:Phi gHYF c1975 a5 t1  0.4775390       0.0398365       0.4006268       0.5555313                           
     7:Phi gHYF c1975 a6 t1  0.4778416       0.0392947       0.4019448       0.5547756                           
     8:Phi gHYF c1975 a7 t1  0.4781443       0.0387807       0.4032114       0.5540738                           
     9:Phi gHYF c1975 a8 t1  0.4784469       0.0382957       0.4044244       0.5534282                           
    10:Phi gHYF c1975 a9 t1  0.4787496       0.0378408       0.4055815       0.5528409                           
    11:Phi gHYF c1975 a10 t  0.4790522       0.0374171       0.4066803       0.5523143                           
    12:Phi gHYF c1975 a11 t  0.4793549       0.0370257       0.4077187       0.5518504                           
    13:Phi gHYF c1975 a12 t  0.4796576       0.0366676       0.4086945       0.5514512                           
    14:Phi gHYF c1975 a13 t  0.4799604       0.0363438       0.4096058       0.5511188                           
    15:Phi gHYF c1975 a14 t  0.4802631       0.0360553       0.4104506       0.5508550                           
    16:Phi gHYF c1975 a15 t  0.4805658       0.0358029       0.4112271       0.5506614                           
    17:Phi gHYF c1975 a16 t  0.4808686       0.0355874       0.4119337       0.5505396                           
    18:Phi gHYF c1975 a17 t  0.4811714       0.0354095       0.4125691       0.5504910                           
    19:Phi gHYF c1975 a18 t  0.4814742       0.0352698       0.4131320       0.5505166                           
    20:Phi gHYF c1975 a19 t  0.4817770       0.0351687       0.4136216       0.5506173                           
    21:Phi gHYF c1975 a20 t  0.4820798       0.0351067       0.4140369       0.5507938                           
    22:Phi gHYF c1975 a21 t  0.4823826       0.0350838       0.4143776       0.5510466                           
    23:Phi gHYF c1975 a22 t  0.4826855       0.0351002       0.4146436       0.5513756                           
    24:Phi gHYF c1975 a23 t  0.4829883       0.0351559       0.4148347       0.5517808                           
    25:Phi gHYF c1975 a24 t  0.4832912       0.0352506       0.4149514       0.5522618                           
    26:Phi gHYF c1975 a25 t  0.4835941       0.0353841       0.4149941       0.5528180                           
    27:Phi gHYF c1975 a26 t  0.4838970       0.0355559       0.4149638       0.5534484                           
    28:Phi gHYF c1975 a27 t  0.4841999       0.0357656       0.4148615       0.5541520                           
    29:Phi gHYF c1975 a28 t  0.4845028       0.0360123       0.4146884       0.5549273                           
    30:Phi gHYF c1975 a29 t  0.4848057       0.0362955       0.4144461       0.5557729                           
    31:Phi gHYF c1975 a30 t  0.4851087       0.0366142       0.4141360       0.5566871                           
    32:Phi gHYF c1975 a31 t  0.4854116       0.0369676       0.4137601       0.5576679                           
    33:Phi gHYF c1975 a32 t  0.4857146       0.0373546       0.4133202       0.5587134                           
    34:Phi gHYF c1975 a33 t  0.4860176       0.0377743       0.4128184       0.5598215                           
    35:Phi gHYF c1975 a34 t  0.4863206       0.0382255       0.4122568       0.5609900                           
    36:Phi gHYF c1975 a35 t  0.4866236       0.0387072       0.4116375       0.5622166                           
    37:Phi gHYF c1975 a36 t  0.4869266       0.0392182       0.4109627       0.5634992                           
    38:Phi gHYF c1975 a37 t  0.4872296       0.0397575       0.4102347       0.5648352                           
    39:Phi gHYF c1975 a38 t  0.4875326       0.0403239       0.4094558       0.5662226                           
    40:Phi gHYF c1975 a39 t  0.4878356       0.0409162       0.4086280       0.5676589                           
    41:Phi gHYF c1975 a40 t  0.4881387       0.0415334       0.4077537       0.5691419                           
    42:Phi gHYF c1976 a1 t1  0.1645114       0.0166315       0.1344465       0.1997478                           
    43:Phi gHYF c1976 a2 t1  1.0000000       0.2360473E-004  0.6762736E-296  1.0000000                           
    44:Phi gHYF c1977 a1 t1  0.1646782       0.0162203       0.1352942       0.1989753                           
    45:Phi gHYF c1977 a2 t1  1.0000000       0.2357612E-004  0.6770943E-296  1.0000000                           
    46:Phi gHYF c1978 a1 t1  0.1648451       0.0158235       0.1361211       0.1982393                           
    47:Phi gHYF c1978 a2 t1  1.0000000       0.2354754E-004  0.6779161E-296  1.0000000                           
    48:Phi gHYF c1979 a1 t1  0.1650121       0.0154423       0.1369249       0.1975421                           
    49:Phi gHYF c1979 a2 t1  1.0000000       0.2351900E-004  0.6787388E-296  1.0000000                           
    50:Phi gHYF c1980 a1 t1  0.1651793       0.0150781       0.1377029       0.1968863                           

  Program  MARK  - Survival Rate Estimation with Capture-Recapture Data
   gfortran(Win64) Vers. 8.2 Mar 2017   11-Apr-2017 09:29:39    Page  019
 - - - - - - - - - - - - - - - - - - - - - - - - - - - - - - - - - - - - - -
 
    51:Phi gHYF c1980 a2 t1  1.0000000       0.2349049E-004  0.6795625E-296  1.0000000                           
    52:Phi gHYF c1981 a1 t1  0.1653466       0.0147323       0.1384525       0.1962747                           
    53:Phi gHYF c1981 a2 t1  1.0000000       0.2346202E-004  0.6803872E-296  1.0000000                           
    54:Phi gHYF c1982 a1 t1  0.1655141       0.0144063       0.1391708       0.1957101                           
    55:Phi gHYF c1982 a2 t1  1.0000000       0.2343358E-004  0.6812129E-296  1.0000000                           
    56:Phi gHYF c1983 a1 t1  0.1656816       0.0141016       0.1398548       0.1951955                           
    57:Phi gHYF c1983 a2 t1  1.0000000       0.2340517E-004  0.6820397E-296  1.0000000                           
    58:Phi gHYF c1984 a1 t1  0.1658494       0.0138199       0.1405017       0.1947339                           
    59:Phi gHYF c1984 a2 t1  1.0000000       0.2337680E-004  0.6828674E-296  1.0000000                           
    60:Phi gHYF c1985 a1 t1  0.1660172       0.0135626       0.1411082       0.1943285                           
    61:Phi gHYF c1985 a2 t1  1.0000000       0.2334847E-004  0.6836961E-296  1.0000000                           
    62:Phi gHYF c1986 a1 t1  0.1661852       0.0133314       0.1416713       0.1939823                           
    63:Phi gHYF c1986 a2 t1  1.0000000       0.2332017E-004  0.6845258E-296  1.0000000                           
    64:Phi gHYF c1987 a1 t1  0.1663534       0.0131278       0.1421880       0.1936983                           
    65:Phi gHYF c1987 a2 t1  1.0000000       0.2329190E-004  0.6853566E-296  1.0000000                           
    66:Phi gHYF c1988 a1 t1  0.1665216       0.0129533       0.1426556       0.1934794                           
    67:Phi gHYF c1988 a2 t1  1.0000000       0.2326367E-004  0.6861883E-296  1.0000000                           
    68:Phi gHYF c1989 a1 t1  0.1666900       0.0128091       0.1430713       0.1933282                           
    69:Phi gHYF c1989 a2 t1  1.0000000       0.2323547E-004  0.6870211E-296  1.0000000                           
    70:Phi gHYF c1990 a1 t1  0.1668586       0.0126965       0.1434329       0.1932470                           
    71:Phi gHYF c1990 a2 t1  1.0000000       0.2320730E-004  0.6878549E-296  1.0000000                           
    72:Phi gHYF c1991 a1 t1  0.1670272       0.0126166       0.1437383       0.1932380                           
    73:Phi gHYF c1991 a2 t1  1.0000000       0.2317917E-004  0.6886896E-296  1.0000000                           
    74:Phi gHYF c1992 a1 t1  0.1671961       0.0125700       0.1439861       0.1933025                           
    75:Phi gHYF c1992 a2 t1  1.0000000       0.2315108E-004  0.6895254E-296  1.0000000                           
    76:Phi gHYF c1993 a1 t1  0.1673650       0.0125573       0.1441752       0.1934416                           
    77:Phi gHYF c1993 a2 t1  1.0000000       0.2312302E-004  0.6903622E-296  1.0000000                           
    78:Phi gHYF c1994 a1 t1  0.1675341       0.0125789       0.1443052       0.1936560                           
    79:Phi gHYF c1994 a2 t1  1.0000000       0.2309499E-004  0.6912001E-296  1.0000000                           
    80:Phi gHYF c1995 a1 t1  0.1677033       0.0126346       0.1443759       0.1939455                           
    81:Phi gHYF c1995 a2 t1  1.0000000       0.2306699E-004  0.6920389E-296  1.0000000                           
    82:Phi gHYF c1996 a1 t1  0.1678727       0.0127242       0.1443880       0.1943096                           
    83:Phi gHYF c1996 a2 t1  1.0000000       0.2303903E-004  0.6928788E-296  1.0000000                           
    84:Phi gHYF c1997 a1 t1  0.1680422       0.0128472       0.1443426       0.1947473                           
    85:Phi gHYF c1997 a2 t1  1.0000000       0.2301111E-004  0.6937196E-296  1.0000000                           
    86:Phi gHYF c1998 a1 t1  0.1682118       0.0130028       0.1442413       0.1952569                           
    87:Phi gHYF c1998 a2 t2  1.0000000       0.2298321E-004  0.6945615E-296  1.0000000                           
    88:Phi gHYF c1999 a1 t2  0.1683816       0.0131899       0.1440858       0.1958367                           
    89:Phi gHYF c1999 a2 t2  1.0000000       0.2295536E-004  0.6954045E-296  1.0000000                           
    90:Phi gHYF c2000 a1 t2  0.1685515       0.0134074       0.1438786       0.1964843                           
    91:Phi gHYF c2000 a2 t2  1.0000000       0.2292753E-004  0.6962484E-296  1.0000000                           
    92:Phi gHYF c2001 a1 t2  0.1687215       0.0136541       0.1436222       0.1971971                           
    93:Phi gHYF c2001 a2 t2  1.0000000       0.2289974E-004  0.6970934E-296  1.0000000                           
    94:Phi gHYF c2002 a1 t2  0.1688917       0.0139284       0.1433193       0.1979725                           
    95:Phi gHYF c2002 a2 t2  1.0000000       0.2287198E-004  0.6979394E-296  1.0000000                           
    96:Phi gHYF c2003 a1 t2  0.1690620       0.0142290       0.1429728       0.1988076                           

  Program  MARK  - Survival Rate Estimation with Capture-Recapture Data
   gfortran(Win64) Vers. 8.2 Mar 2017   11-Apr-2017 09:29:39    Page  020
 - - - - - - - - - - - - - - - - - - - - - - - - - - - - - - - - - - - - - -
 
    97:Phi gHYF c2003 a2 t2  1.0000000       0.2284426E-004  0.6987864E-296  1.0000000                           
    98:Phi gHYF c2004 a1 t2  0.1692325       0.0145544       0.1425855       0.1996995                           
    99:Phi gHYF c2004 a2 t2  1.0000000       0.2281657E-004  0.6996344E-296  1.0000000                           
   100:Phi gHYF c2005 a1 t2  0.1694030       0.0149031       0.1421603       0.2006453                           
   101:Phi gHYF c2005 a2 t2  1.0000000       0.2278891E-004  0.7004835E-296  1.0000000                           
   102:Phi gHYF c2006 a1 t2  0.1695738       0.0152737       0.1417002       0.2016422                           
   103:Phi gHYF c2006 a2 t2  1.0000000       0.2276129E-004  0.7013336E-296  1.0000000                           
   104:Phi gHYF c2007 a1 t2  0.1697446       0.0156647       0.1412078       0.2026874                           
   105:Phi gHYF c2007 a2 t2  1.0000000       0.2273370E-004  0.7021847E-296  1.0000000                           
   106:Phi gHYF c2008 a1 t2  0.1699156       0.0160747       0.1406858       0.2037782                           
   107:Phi gHYF c2008 a2 t2  1.0000000       0.2270614E-004  0.7030369E-296  1.0000000                           
   108:Phi gHYF c2009 a1 t2  0.1700868       0.0165026       0.1401368       0.2049122                           
   109:Phi gHYF c2009 a2 t2  1.0000000       0.2267862E-004  0.7038901E-296  1.0000000                           
   110:Phi gHYF c2010 a1 t2  0.1702580       0.0169470       0.1395631       0.2060870                           
   111:Phi gHYF c2010 a2 t2  1.0000000       0.2265113E-004  0.7047444E-296  1.0000000                           
   112:Phi gHYF c2011 a1 t2  0.1704294       0.0174068       0.1389669       0.2073003                           
   113:Phi gHYF c2011 a2 t2  1.0000000       0.2262367E-004  0.7055996E-296  1.0000000                           
   114:Phi gHYF c2012 a1 t2  0.1706010       0.0178809       0.1383503       0.2085500                           
   115:Phi gHYF c2012 a2 t2  1.0000000       0.2259625E-004  0.7064560E-296  1.0000000                           
   116:Phi gHYF c2013 a1 t2  0.1707727       0.0183684       0.1377153       0.2098341                           
   117:Phi gHYF c2013 a2 t2  1.0000000       0.2256886E-004  0.7073133E-296  1.0000000                           
   118:Phi gHYF c2014 a1 t2  0.1709445       0.0188684       0.1370637       0.2111510                           
   119:p gHYF c1975 a1 t197  0.1121935       0.0113038       0.0918745       0.1363318                           

 Attempted ordering of parameters by estimatibility:
  1 5 4 2 3
 Beta number 3 is a singular value.

     CPU Time in seconds for last procedure was 0.31

  Program  MARK  - Survival Rate Estimation with Capture-Recapture Data
   gfortran(Win64) Vers. 8.2 Mar 2017   11-Apr-2017 09:29:39    Page  021
 - - - - - - - - - - - - - - - - - - - - - - - - - - - - - - - - - - - - - -
 


  INPUT --- proc stop;

   * *  WARNING  * *   Numerical underflow occurred during final processing of this model. 
     IEEE flag status at final processing of this model:
     overflow       F
     divide by zero F
     invalid        F
     underflow      T
     inexact        T


     CPU Time in minutes for this job was 0.01

     Time Start = 09:29:39.356   Time End = 09:29:39.721

     Wall Clock Time in minutes for this job was 0.01


          E X E C U T I O N   S U C C E S S F U L 
