
   Program  MARK  - Survival Rate Estimation with Capture-Recapture Data
   gfortran(Win64) Vers. 8.2 Mar 2017   10-Apr-2017 20:02:33    Page  001
 - - - - - - - - - - - - - - - - - - - - - - - - - - - - - - - - - - - - - -
 
   This version was compiled by GCC version 5.3.0 using the options: 
     -cpp -iprefix c:\tdm-gcc-64\gcc\bin\../lib/gcc/x86_64-w64-mingw32/5.3.0/ -D_MT
     -U_REENTRANT -D IEEE -m64 -mtune=generic -march=x86-64 -mthreads -O3
     -fimplicit-none -fbounds-check -ffpe-summary=invalid,zero,overflow,underflow
     -fno-unsafe-math-optimizations -frounding-math -fsignaling-nans -fopenmp.

   This problem will use 3 of 4 possible threads.


  INPUT --- proc title ;

     CPU Time in seconds for last procedure was 0.00


  INPUT --- proc chmatrix occasions= 42 groups= 2 etype= Live ICMeans 
  INPUT --- NoHist hist= 351 ;

  INPUT ---    time  interval 1 1 1 1 1 1 1 1 1 1 1 1 1 1 1 1 1 1 1 1 1 1 
  INPUT ---    1 1 1 1 1 1 1 1 1 1 1 1 1 1 1 1 1 1 1 ;

  INPUT ---    glabel(1)=age1;

  INPUT ---    glabel(2)=age2;

   * *  WARNING  * *   At least a pair of the encounter histories are duplicates. 

      Number of unique encounter histories read was 242.

      Number of individual covariates read was 0.
      Time interval lengths are all equal to 1.

      Data type number is 1
      Data type is Live Recaptures (CJS)                                                                               

     CPU Time in seconds for last procedure was 0.09

  Program  MARK  - Survival Rate Estimation with Capture-Recapture Data
   gfortran(Win64) Vers. 8.2 Mar 2017   10-Apr-2017 20:02:33    Page  002
 - - - - - - - - - - - - - - - - - - - - - - - - - - - - - - - - - - - - - -
 


  INPUT --- proc estimate link=Logit NOLOOP varest=2ndPart    ;


  INPUT --- model={ Phi(~Time)p(~1) };

  INPUT ---    group=1 Phi    rows=41 cols=41 Triang ;
  INPUT ---        1 2 3 4 5 6 7 8 9 10 11 12 13 14 15 16 17 18 19 20 21 22 
  INPUT ---       23 24 25 26 27 28 29 30 31 32 33 34 35 36 37 38 39 40 41 ;
  INPUT ---        2 3 4 5 6 7 8 9 10 11 12 13 14 15 16 17 18 19 20 21 22 23 
  INPUT ---       24 25 26 27 28 29 30 31 32 33 34 35 36 37 38 39 40 41 ;
  INPUT ---        3 4 5 6 7 8 9 10 11 12 13 14 15 16 17 18 19 20 21 22 23 24 
  INPUT ---       25 26 27 28 29 30 31 32 33 34 35 36 37 38 39 40 41 ;
  INPUT ---        4 5 6 7 8 9 10 11 12 13 14 15 16 17 18 19 20 21 22 23 24 
  INPUT ---       25 26 27 28 29 30 31 32 33 34 35 36 37 38 39 40 41 ;
  INPUT ---        5 6 7 8 9 10 11 12 13 14 15 16 17 18 19 20 21 22 23 24 25 
  INPUT ---       26 27 28 29 30 31 32 33 34 35 36 37 38 39 40 41 ;
  INPUT ---        6 7 8 9 10 11 12 13 14 15 16 17 18 19 20 21 22 23 24 25 26 
  INPUT ---       27 28 29 30 31 32 33 34 35 36 37 38 39 40 41 ;
  INPUT ---        7 8 9 10 11 12 13 14 15 16 17 18 19 20 21 22 23 24 25 26 
  INPUT ---       27 28 29 30 31 32 33 34 35 36 37 38 39 40 41 ;
  INPUT ---        8 9 10 11 12 13 14 15 16 17 18 19 20 21 22 23 24 25 26 27 
  INPUT ---       28 29 30 31 32 33 34 35 36 37 38 39 40 41 ;
  INPUT ---        9 10 11 12 13 14 15 16 17 18 19 20 21 22 23 24 25 26 27 28 
  INPUT ---       29 30 31 32 33 34 35 36 37 38 39 40 41 ;
  INPUT ---        10 11 12 13 14 15 16 17 18 19 20 21 22 23 24 25 26 27 28 
  INPUT ---       29 30 31 32 33 34 35 36 37 38 39 40 41 ;
  INPUT ---        11 12 13 14 15 16 17 18 19 20 21 22 23 24 25 26 27 28 29 
  INPUT ---       30 31 32 33 34 35 36 37 38 39 40 41 ;
  INPUT ---        12 13 14 15 16 17 18 19 20 21 22 23 24 25 26 27 28 29 30 
  INPUT ---       31 32 33 34 35 36 37 38 39 40 41 ;
  INPUT ---        13 14 15 16 17 18 19 20 21 22 23 24 25 26 27 28 29 30 31 
  INPUT ---       32 33 34 35 36 37 38 39 40 41 ;
  INPUT ---        14 15 16 17 18 19 20 21 22 23 24 25 26 27 28 29 30 31 32 
  INPUT ---       33 34 35 36 37 38 39 40 41 ;
  INPUT ---        15 16 17 18 19 20 21 22 23 24 25 26 27 28 29 30 31 32 33 
  INPUT ---       34 35 36 37 38 39 40 41 ;
  INPUT ---        16 17 18 19 20 21 22 23 24 25 26 27 28 29 30 31 32 33 34 
  INPUT ---       35 36 37 38 39 40 41 ;
  INPUT ---        17 18 19 20 21 22 23 24 25 26 27 28 29 30 31 32 33 34 35 
  INPUT ---       36 37 38 39 40 41 ;
  INPUT ---        18 19 20 21 22 23 24 25 26 27 28 29 30 31 32 33 34 35 36 
  INPUT ---       37 38 39 40 41 ;
  INPUT ---        19 20 21 22 23 24 25 26 27 28 29 30 31 32 33 34 35 36 37 
  INPUT ---       38 39 40 41 ;

  Program  MARK  - Survival Rate Estimation with Capture-Recapture Data
   gfortran(Win64) Vers. 8.2 Mar 2017   10-Apr-2017 20:02:33    Page  003
 - - - - - - - - - - - - - - - - - - - - - - - - - - - - - - - - - - - - - -
 
  INPUT ---        20 21 22 23 24 25 26 27 28 29 30 31 32 33 34 35 36 37 38 
  INPUT ---       39 40 41 ;
  INPUT ---        21 22 23 24 25 26 27 28 29 30 31 32 33 34 35 36 37 38 39 
  INPUT ---       40 41 ;
  INPUT ---        22 23 24 25 26 27 28 29 30 31 32 33 34 35 36 37 38 39 40 
  INPUT ---       41 ;
  INPUT ---        23 24 25 26 27 28 29 30 31 32 33 34 35 36 37 38 39 40 41 ;
  INPUT ---        24 25 26 27 28 29 30 31 32 33 34 35 36 37 38 39 40 41 ;
  INPUT ---        25 26 27 28 29 30 31 32 33 34 35 36 37 38 39 40 41 ;
  INPUT ---        26 27 28 29 30 31 32 33 34 35 36 37 38 39 40 41 ;
  INPUT ---        27 28 29 30 31 32 33 34 35 36 37 38 39 40 41 ;
  INPUT ---        28 29 30 31 32 33 34 35 36 37 38 39 40 41 ;
  INPUT ---        29 30 31 32 33 34 35 36 37 38 39 40 41 ;
  INPUT ---        30 31 32 33 34 35 36 37 38 39 40 41 ;
  INPUT ---        31 32 33 34 35 36 37 38 39 40 41 ;
  INPUT ---        32 33 34 35 36 37 38 39 40 41 ;
  INPUT ---        33 34 35 36 37 38 39 40 41 ;
  INPUT ---        34 35 36 37 38 39 40 41 ;
  INPUT ---        35 36 37 38 39 40 41 ;
  INPUT ---        36 37 38 39 40 41 ;
  INPUT ---        37 38 39 40 41 ;
  INPUT ---        38 39 40 41 ;
  INPUT ---        39 40 41 ;
  INPUT ---        40 41 ;
  INPUT ---        41 ;

  INPUT ---    group=2 Phi    rows=41 cols=41 Triang ;
  INPUT ---        1 2 3 4 5 6 7 8 9 10 11 12 13 14 15 16 17 18 19 20 21 22 
  INPUT ---       23 24 25 26 27 28 29 30 31 32 33 34 35 36 37 38 39 40 41 ;
  INPUT ---        2 3 4 5 6 7 8 9 10 11 12 13 14 15 16 17 18 19 20 21 22 23 
  INPUT ---       24 25 26 27 28 29 30 31 32 33 34 35 36 37 38 39 40 41 ;
  INPUT ---        3 4 5 6 7 8 9 10 11 12 13 14 15 16 17 18 19 20 21 22 23 24 
  INPUT ---       25 26 27 28 29 30 31 32 33 34 35 36 37 38 39 40 41 ;
  INPUT ---        4 5 6 7 8 9 10 11 12 13 14 15 16 17 18 19 20 21 22 23 24 
  INPUT ---       25 26 27 28 29 30 31 32 33 34 35 36 37 38 39 40 41 ;
  INPUT ---        5 6 7 8 9 10 11 12 13 14 15 16 17 18 19 20 21 22 23 24 25 
  INPUT ---       26 27 28 29 30 31 32 33 34 35 36 37 38 39 40 41 ;
  INPUT ---        6 7 8 9 10 11 12 13 14 15 16 17 18 19 20 21 22 23 24 25 26 
  INPUT ---       27 28 29 30 31 32 33 34 35 36 37 38 39 40 41 ;
  INPUT ---        7 8 9 10 11 12 13 14 15 16 17 18 19 20 21 22 23 24 25 26 
  INPUT ---       27 28 29 30 31 32 33 34 35 36 37 38 39 40 41 ;
  INPUT ---        8 9 10 11 12 13 14 15 16 17 18 19 20 21 22 23 24 25 26 27 
  INPUT ---       28 29 30 31 32 33 34 35 36 37 38 39 40 41 ;
  INPUT ---        9 10 11 12 13 14 15 16 17 18 19 20 21 22 23 24 25 26 27 28 
  INPUT ---       29 30 31 32 33 34 35 36 37 38 39 40 41 ;
  INPUT ---        10 11 12 13 14 15 16 17 18 19 20 21 22 23 24 25 26 27 28 

  Program  MARK  - Survival Rate Estimation with Capture-Recapture Data
   gfortran(Win64) Vers. 8.2 Mar 2017   10-Apr-2017 20:02:33    Page  004
 - - - - - - - - - - - - - - - - - - - - - - - - - - - - - - - - - - - - - -
 
  INPUT ---       29 30 31 32 33 34 35 36 37 38 39 40 41 ;
  INPUT ---        11 12 13 14 15 16 17 18 19 20 21 22 23 24 25 26 27 28 29 
  INPUT ---       30 31 32 33 34 35 36 37 38 39 40 41 ;
  INPUT ---        12 13 14 15 16 17 18 19 20 21 22 23 24 25 26 27 28 29 30 
  INPUT ---       31 32 33 34 35 36 37 38 39 40 41 ;
  INPUT ---        13 14 15 16 17 18 19 20 21 22 23 24 25 26 27 28 29 30 31 
  INPUT ---       32 33 34 35 36 37 38 39 40 41 ;
  INPUT ---        14 15 16 17 18 19 20 21 22 23 24 25 26 27 28 29 30 31 32 
  INPUT ---       33 34 35 36 37 38 39 40 41 ;
  INPUT ---        15 16 17 18 19 20 21 22 23 24 25 26 27 28 29 30 31 32 33 
  INPUT ---       34 35 36 37 38 39 40 41 ;
  INPUT ---        16 17 18 19 20 21 22 23 24 25 26 27 28 29 30 31 32 33 34 
  INPUT ---       35 36 37 38 39 40 41 ;
  INPUT ---        17 18 19 20 21 22 23 24 25 26 27 28 29 30 31 32 33 34 35 
  INPUT ---       36 37 38 39 40 41 ;
  INPUT ---        18 19 20 21 22 23 24 25 26 27 28 29 30 31 32 33 34 35 36 
  INPUT ---       37 38 39 40 41 ;
  INPUT ---        19 20 21 22 23 24 25 26 27 28 29 30 31 32 33 34 35 36 37 
  INPUT ---       38 39 40 41 ;
  INPUT ---        20 21 22 23 24 25 26 27 28 29 30 31 32 33 34 35 36 37 38 
  INPUT ---       39 40 41 ;
  INPUT ---        21 22 23 24 25 26 27 28 29 30 31 32 33 34 35 36 37 38 39 
  INPUT ---       40 41 ;
  INPUT ---        22 23 24 25 26 27 28 29 30 31 32 33 34 35 36 37 38 39 40 
  INPUT ---       41 ;
  INPUT ---        23 24 25 26 27 28 29 30 31 32 33 34 35 36 37 38 39 40 41 ;
  INPUT ---        24 25 26 27 28 29 30 31 32 33 34 35 36 37 38 39 40 41 ;
  INPUT ---        25 26 27 28 29 30 31 32 33 34 35 36 37 38 39 40 41 ;
  INPUT ---        26 27 28 29 30 31 32 33 34 35 36 37 38 39 40 41 ;
  INPUT ---        27 28 29 30 31 32 33 34 35 36 37 38 39 40 41 ;
  INPUT ---        28 29 30 31 32 33 34 35 36 37 38 39 40 41 ;
  INPUT ---        29 30 31 32 33 34 35 36 37 38 39 40 41 ;
  INPUT ---        30 31 32 33 34 35 36 37 38 39 40 41 ;
  INPUT ---        31 32 33 34 35 36 37 38 39 40 41 ;
  INPUT ---        32 33 34 35 36 37 38 39 40 41 ;
  INPUT ---        33 34 35 36 37 38 39 40 41 ;
  INPUT ---        34 35 36 37 38 39 40 41 ;
  INPUT ---        35 36 37 38 39 40 41 ;
  INPUT ---        36 37 38 39 40 41 ;
  INPUT ---        37 38 39 40 41 ;
  INPUT ---        38 39 40 41 ;
  INPUT ---        39 40 41 ;
  INPUT ---        40 41 ;
  INPUT ---        41 ;

  INPUT ---    group=1 p    rows=41 cols=41 Triang ;

  Program  MARK  - Survival Rate Estimation with Capture-Recapture Data
   gfortran(Win64) Vers. 8.2 Mar 2017   10-Apr-2017 20:02:33    Page  005
 - - - - - - - - - - - - - - - - - - - - - - - - - - - - - - - - - - - - - -
 
  INPUT ---        42 42 42 42 42 42 42 42 42 42 42 42 42 42 42 42 42 42 42 
  INPUT ---       42 42 42 42 42 42 42 42 42 42 42 42 42 42 42 42 42 42 42 42 
  INPUT ---       42 42 ;
  INPUT ---        42 42 42 42 42 42 42 42 42 42 42 42 42 42 42 42 42 42 42 
  INPUT ---       42 42 42 42 42 42 42 42 42 42 42 42 42 42 42 42 42 42 42 42 
  INPUT ---       42 ;
  INPUT ---        42 42 42 42 42 42 42 42 42 42 42 42 42 42 42 42 42 42 42 
  INPUT ---       42 42 42 42 42 42 42 42 42 42 42 42 42 42 42 42 42 42 42 42 
  INPUT ---       ;
  INPUT ---        42 42 42 42 42 42 42 42 42 42 42 42 42 42 42 42 42 42 42 
  INPUT ---       42 42 42 42 42 42 42 42 42 42 42 42 42 42 42 42 42 42 42 ;
  INPUT ---        42 42 42 42 42 42 42 42 42 42 42 42 42 42 42 42 42 42 42 
  INPUT ---       42 42 42 42 42 42 42 42 42 42 42 42 42 42 42 42 42 42 ;
  INPUT ---        42 42 42 42 42 42 42 42 42 42 42 42 42 42 42 42 42 42 42 
  INPUT ---       42 42 42 42 42 42 42 42 42 42 42 42 42 42 42 42 42 ;
  INPUT ---        42 42 42 42 42 42 42 42 42 42 42 42 42 42 42 42 42 42 42 
  INPUT ---       42 42 42 42 42 42 42 42 42 42 42 42 42 42 42 42 ;
  INPUT ---        42 42 42 42 42 42 42 42 42 42 42 42 42 42 42 42 42 42 42 
  INPUT ---       42 42 42 42 42 42 42 42 42 42 42 42 42 42 42 ;
  INPUT ---        42 42 42 42 42 42 42 42 42 42 42 42 42 42 42 42 42 42 42 
  INPUT ---       42 42 42 42 42 42 42 42 42 42 42 42 42 42 ;
  INPUT ---        42 42 42 42 42 42 42 42 42 42 42 42 42 42 42 42 42 42 42 
  INPUT ---       42 42 42 42 42 42 42 42 42 42 42 42 42 ;
  INPUT ---        42 42 42 42 42 42 42 42 42 42 42 42 42 42 42 42 42 42 42 
  INPUT ---       42 42 42 42 42 42 42 42 42 42 42 42 ;
  INPUT ---        42 42 42 42 42 42 42 42 42 42 42 42 42 42 42 42 42 42 42 
  INPUT ---       42 42 42 42 42 42 42 42 42 42 42 ;
  INPUT ---        42 42 42 42 42 42 42 42 42 42 42 42 42 42 42 42 42 42 42 
  INPUT ---       42 42 42 42 42 42 42 42 42 42 ;
  INPUT ---        42 42 42 42 42 42 42 42 42 42 42 42 42 42 42 42 42 42 42 
  INPUT ---       42 42 42 42 42 42 42 42 42 ;
  INPUT ---        42 42 42 42 42 42 42 42 42 42 42 42 42 42 42 42 42 42 42 
  INPUT ---       42 42 42 42 42 42 42 42 ;
  INPUT ---        42 42 42 42 42 42 42 42 42 42 42 42 42 42 42 42 42 42 42 
  INPUT ---       42 42 42 42 42 42 42 ;
  INPUT ---        42 42 42 42 42 42 42 42 42 42 42 42 42 42 42 42 42 42 42 
  INPUT ---       42 42 42 42 42 42 ;
  INPUT ---        42 42 42 42 42 42 42 42 42 42 42 42 42 42 42 42 42 42 42 
  INPUT ---       42 42 42 42 42 ;
  INPUT ---        42 42 42 42 42 42 42 42 42 42 42 42 42 42 42 42 42 42 42 
  INPUT ---       42 42 42 42 ;
  INPUT ---        42 42 42 42 42 42 42 42 42 42 42 42 42 42 42 42 42 42 42 
  INPUT ---       42 42 42 ;
  INPUT ---        42 42 42 42 42 42 42 42 42 42 42 42 42 42 42 42 42 42 42 
  INPUT ---       42 42 ;
  INPUT ---        42 42 42 42 42 42 42 42 42 42 42 42 42 42 42 42 42 42 42 

  Program  MARK  - Survival Rate Estimation with Capture-Recapture Data
   gfortran(Win64) Vers. 8.2 Mar 2017   10-Apr-2017 20:02:33    Page  006
 - - - - - - - - - - - - - - - - - - - - - - - - - - - - - - - - - - - - - -
 
  INPUT ---       42 ;
  INPUT ---        42 42 42 42 42 42 42 42 42 42 42 42 42 42 42 42 42 42 42 ;
  INPUT ---        42 42 42 42 42 42 42 42 42 42 42 42 42 42 42 42 42 42 ;
  INPUT ---        42 42 42 42 42 42 42 42 42 42 42 42 42 42 42 42 42 ;
  INPUT ---        42 42 42 42 42 42 42 42 42 42 42 42 42 42 42 42 ;
  INPUT ---        42 42 42 42 42 42 42 42 42 42 42 42 42 42 42 ;
  INPUT ---        42 42 42 42 42 42 42 42 42 42 42 42 42 42 ;
  INPUT ---        42 42 42 42 42 42 42 42 42 42 42 42 42 ;
  INPUT ---        42 42 42 42 42 42 42 42 42 42 42 42 ;
  INPUT ---        42 42 42 42 42 42 42 42 42 42 42 ;
  INPUT ---        42 42 42 42 42 42 42 42 42 42 ;
  INPUT ---        42 42 42 42 42 42 42 42 42 ;
  INPUT ---        42 42 42 42 42 42 42 42 ;
  INPUT ---        42 42 42 42 42 42 42 ;
  INPUT ---        42 42 42 42 42 42 ;
  INPUT ---        42 42 42 42 42 ;
  INPUT ---        42 42 42 42 ;
  INPUT ---        42 42 42 ;
  INPUT ---        42 42 ;
  INPUT ---        42 ;

  INPUT ---    group=2 p    rows=41 cols=41 Triang ;
  INPUT ---        42 42 42 42 42 42 42 42 42 42 42 42 42 42 42 42 42 42 42 
  INPUT ---       42 42 42 42 42 42 42 42 42 42 42 42 42 42 42 42 42 42 42 42 
  INPUT ---       42 42 ;
  INPUT ---        42 42 42 42 42 42 42 42 42 42 42 42 42 42 42 42 42 42 42 
  INPUT ---       42 42 42 42 42 42 42 42 42 42 42 42 42 42 42 42 42 42 42 42 
  INPUT ---       42 ;
  INPUT ---        42 42 42 42 42 42 42 42 42 42 42 42 42 42 42 42 42 42 42 
  INPUT ---       42 42 42 42 42 42 42 42 42 42 42 42 42 42 42 42 42 42 42 42 
  INPUT ---       ;
  INPUT ---        42 42 42 42 42 42 42 42 42 42 42 42 42 42 42 42 42 42 42 
  INPUT ---       42 42 42 42 42 42 42 42 42 42 42 42 42 42 42 42 42 42 42 ;
  INPUT ---        42 42 42 42 42 42 42 42 42 42 42 42 42 42 42 42 42 42 42 
  INPUT ---       42 42 42 42 42 42 42 42 42 42 42 42 42 42 42 42 42 42 ;
  INPUT ---        42 42 42 42 42 42 42 42 42 42 42 42 42 42 42 42 42 42 42 
  INPUT ---       42 42 42 42 42 42 42 42 42 42 42 42 42 42 42 42 42 ;
  INPUT ---        42 42 42 42 42 42 42 42 42 42 42 42 42 42 42 42 42 42 42 
  INPUT ---       42 42 42 42 42 42 42 42 42 42 42 42 42 42 42 42 ;
  INPUT ---        42 42 42 42 42 42 42 42 42 42 42 42 42 42 42 42 42 42 42 
  INPUT ---       42 42 42 42 42 42 42 42 42 42 42 42 42 42 42 ;
  INPUT ---        42 42 42 42 42 42 42 42 42 42 42 42 42 42 42 42 42 42 42 
  INPUT ---       42 42 42 42 42 42 42 42 42 42 42 42 42 42 ;
  INPUT ---        42 42 42 42 42 42 42 42 42 42 42 42 42 42 42 42 42 42 42 
  INPUT ---       42 42 42 42 42 42 42 42 42 42 42 42 42 ;
  INPUT ---        42 42 42 42 42 42 42 42 42 42 42 42 42 42 42 42 42 42 42 

  Program  MARK  - Survival Rate Estimation with Capture-Recapture Data
   gfortran(Win64) Vers. 8.2 Mar 2017   10-Apr-2017 20:02:33    Page  007
 - - - - - - - - - - - - - - - - - - - - - - - - - - - - - - - - - - - - - -
 
  INPUT ---       42 42 42 42 42 42 42 42 42 42 42 42 ;
  INPUT ---        42 42 42 42 42 42 42 42 42 42 42 42 42 42 42 42 42 42 42 
  INPUT ---       42 42 42 42 42 42 42 42 42 42 42 ;
  INPUT ---        42 42 42 42 42 42 42 42 42 42 42 42 42 42 42 42 42 42 42 
  INPUT ---       42 42 42 42 42 42 42 42 42 42 ;
  INPUT ---        42 42 42 42 42 42 42 42 42 42 42 42 42 42 42 42 42 42 42 
  INPUT ---       42 42 42 42 42 42 42 42 42 ;
  INPUT ---        42 42 42 42 42 42 42 42 42 42 42 42 42 42 42 42 42 42 42 
  INPUT ---       42 42 42 42 42 42 42 42 ;
  INPUT ---        42 42 42 42 42 42 42 42 42 42 42 42 42 42 42 42 42 42 42 
  INPUT ---       42 42 42 42 42 42 42 ;
  INPUT ---        42 42 42 42 42 42 42 42 42 42 42 42 42 42 42 42 42 42 42 
  INPUT ---       42 42 42 42 42 42 ;
  INPUT ---        42 42 42 42 42 42 42 42 42 42 42 42 42 42 42 42 42 42 42 
  INPUT ---       42 42 42 42 42 ;
  INPUT ---        42 42 42 42 42 42 42 42 42 42 42 42 42 42 42 42 42 42 42 
  INPUT ---       42 42 42 42 ;
  INPUT ---        42 42 42 42 42 42 42 42 42 42 42 42 42 42 42 42 42 42 42 
  INPUT ---       42 42 42 ;
  INPUT ---        42 42 42 42 42 42 42 42 42 42 42 42 42 42 42 42 42 42 42 
  INPUT ---       42 42 ;
  INPUT ---        42 42 42 42 42 42 42 42 42 42 42 42 42 42 42 42 42 42 42 
  INPUT ---       42 ;
  INPUT ---        42 42 42 42 42 42 42 42 42 42 42 42 42 42 42 42 42 42 42 ;
  INPUT ---        42 42 42 42 42 42 42 42 42 42 42 42 42 42 42 42 42 42 ;
  INPUT ---        42 42 42 42 42 42 42 42 42 42 42 42 42 42 42 42 42 ;
  INPUT ---        42 42 42 42 42 42 42 42 42 42 42 42 42 42 42 42 ;
  INPUT ---        42 42 42 42 42 42 42 42 42 42 42 42 42 42 42 ;
  INPUT ---        42 42 42 42 42 42 42 42 42 42 42 42 42 42 ;
  INPUT ---        42 42 42 42 42 42 42 42 42 42 42 42 42 ;
  INPUT ---        42 42 42 42 42 42 42 42 42 42 42 42 ;
  INPUT ---        42 42 42 42 42 42 42 42 42 42 42 ;
  INPUT ---        42 42 42 42 42 42 42 42 42 42 ;
  INPUT ---        42 42 42 42 42 42 42 42 42 ;
  INPUT ---        42 42 42 42 42 42 42 42 ;
  INPUT ---        42 42 42 42 42 42 42 ;
  INPUT ---        42 42 42 42 42 42 ;
  INPUT ---        42 42 42 42 42 ;
  INPUT ---        42 42 42 42 ;
  INPUT ---        42 42 42 ;
  INPUT ---        42 42 ;
  INPUT ---        42 ;

  INPUT ---    design matrix constraints=42 covariates=3;
  INPUT ---        1 0 0;
  INPUT ---        1 1 0;

  Program  MARK  - Survival Rate Estimation with Capture-Recapture Data
   gfortran(Win64) Vers. 8.2 Mar 2017   10-Apr-2017 20:02:33    Page  008
 - - - - - - - - - - - - - - - - - - - - - - - - - - - - - - - - - - - - - -
 
  INPUT ---        1 2 0;
  INPUT ---        1 3 0;
  INPUT ---        1 4 0;
  INPUT ---        1 5 0;
  INPUT ---        1 6 0;
  INPUT ---        1 7 0;
  INPUT ---        1 8 0;
  INPUT ---        1 9 0;
  INPUT ---        1 10 0;
  INPUT ---        1 11 0;
  INPUT ---        1 12 0;
  INPUT ---        1 13 0;
  INPUT ---        1 14 0;
  INPUT ---        1 15 0;
  INPUT ---        1 16 0;
  INPUT ---        1 17 0;
  INPUT ---        1 18 0;
  INPUT ---        1 19 0;
  INPUT ---        1 20 0;
  INPUT ---        1 21 0;
  INPUT ---        1 22 0;
  INPUT ---        1 23 0;
  INPUT ---        1 24 0;
  INPUT ---        1 25 0;
  INPUT ---        1 26 0;
  INPUT ---        1 27 0;
  INPUT ---        1 28 0;
  INPUT ---        1 29 0;
  INPUT ---        1 30 0;
  INPUT ---        1 31 0;
  INPUT ---        1 32 0;
  INPUT ---        1 33 0;
  INPUT ---        1 34 0;
  INPUT ---        1 35 0;
  INPUT ---        1 36 0;
  INPUT ---        1 37 0;
  INPUT ---        1 38 0;
  INPUT ---        1 39 0;
  INPUT ---        1 40 0;
  INPUT ---        0 0 1;
  INPUT ---       blabel(1)=Phi:(Intercept);
  INPUT ---       blabel(2)=Phi:Time;
  INPUT ---       blabel(3)=p:(Intercept);
  INPUT ---       rlabel(1)=Phi g1 c1975 a1 t1975;
  INPUT ---       rlabel(2)=Phi g1 c1975 a2 t1976;
  INPUT ---       rlabel(3)=Phi g1 c1975 a3 t1977;

  Program  MARK  - Survival Rate Estimation with Capture-Recapture Data
   gfortran(Win64) Vers. 8.2 Mar 2017   10-Apr-2017 20:02:33    Page  009
 - - - - - - - - - - - - - - - - - - - - - - - - - - - - - - - - - - - - - -
 
  INPUT ---       rlabel(4)=Phi g1 c1975 a4 t1978;
  INPUT ---       rlabel(5)=Phi g1 c1975 a5 t1979;
  INPUT ---       rlabel(6)=Phi g1 c1975 a6 t1980;
  INPUT ---       rlabel(7)=Phi g1 c1975 a7 t1981;
  INPUT ---       rlabel(8)=Phi g1 c1975 a8 t1982;
  INPUT ---       rlabel(9)=Phi g1 c1975 a9 t1983;
  INPUT ---       rlabel(10)=Phi g1 c1975 a10 t1984;
  INPUT ---       rlabel(11)=Phi g1 c1975 a11 t1985;
  INPUT ---       rlabel(12)=Phi g1 c1975 a12 t1986;
  INPUT ---       rlabel(13)=Phi g1 c1975 a13 t1987;
  INPUT ---       rlabel(14)=Phi g1 c1975 a14 t1988;
  INPUT ---       rlabel(15)=Phi g1 c1975 a15 t1989;
  INPUT ---       rlabel(16)=Phi g1 c1975 a16 t1990;
  INPUT ---       rlabel(17)=Phi g1 c1975 a17 t1991;
  INPUT ---       rlabel(18)=Phi g1 c1975 a18 t1992;
  INPUT ---       rlabel(19)=Phi g1 c1975 a19 t1993;
  INPUT ---       rlabel(20)=Phi g1 c1975 a20 t1994;
  INPUT ---       rlabel(21)=Phi g1 c1975 a21 t1995;
  INPUT ---       rlabel(22)=Phi g1 c1975 a22 t1996;
  INPUT ---       rlabel(23)=Phi g1 c1975 a23 t1997;
  INPUT ---       rlabel(24)=Phi g1 c1975 a24 t1998;
  INPUT ---       rlabel(25)=Phi g1 c1975 a25 t1999;
  INPUT ---       rlabel(26)=Phi g1 c1975 a26 t2000;
  INPUT ---       rlabel(27)=Phi g1 c1975 a27 t2001;
  INPUT ---       rlabel(28)=Phi g1 c1975 a28 t2002;
  INPUT ---       rlabel(29)=Phi g1 c1975 a29 t2003;
  INPUT ---       rlabel(30)=Phi g1 c1975 a30 t2004;
  INPUT ---       rlabel(31)=Phi g1 c1975 a31 t2005;
  INPUT ---       rlabel(32)=Phi g1 c1975 a32 t2006;
  INPUT ---       rlabel(33)=Phi g1 c1975 a33 t2007;
  INPUT ---       rlabel(34)=Phi g1 c1975 a34 t2008;
  INPUT ---       rlabel(35)=Phi g1 c1975 a35 t2009;
  INPUT ---       rlabel(36)=Phi g1 c1975 a36 t2010;
  INPUT ---       rlabel(37)=Phi g1 c1975 a37 t2011;
  INPUT ---       rlabel(38)=Phi g1 c1975 a38 t2012;
  INPUT ---       rlabel(39)=Phi g1 c1975 a39 t2013;
  INPUT ---       rlabel(40)=Phi g1 c1975 a40 t2014;
  INPUT ---       rlabel(41)=Phi g1 c1975 a41 t2015;
  INPUT ---       rlabel(42)=p g1 c1975 a2 t1976;

 Link Function Used is LOGIT        

 Variance Estimation Procedure Used is 2ndPart 
 -2logL(saturated) = 5027.8626     
 Effective Sample Size = 4722

 Number of function evaluations was 13 for 3 parameters.

  Program  MARK  - Survival Rate Estimation with Capture-Recapture Data
   gfortran(Win64) Vers. 8.2 Mar 2017   10-Apr-2017 20:02:33    Page  010
 - - - - - - - - - - - - - - - - - - - - - - - - - - - - - - - - - - - - - -
 
 Time for numerical optimization was 0.05 seconds.
 -2logL { Phi(~Time)p(~1) } = 6245.1779     
 Penalty { Phi(~Time)p(~1) } = -0.0000000    
 Gradient { Phi(~Time)p(~1) }:
  0.9479495E-04 0.1157443E-03 0.6420288E-04
 S Vector { Phi(~Time)p(~1) }:
   1263.059      134.2223      34.01829    
 Time to compute number of parameters was 0.02 seconds.
   Threshold =  0.8000000E-07     Condition index =  0.2693326E-01     New Threshold =   58.92141    
 New Guessimate of Estimated Parameters { Phi(~Time)p(~1) } = 1          
 Conditioned S Vector { Phi(~Time)p(~1) }:
   1.000000     0.1062677     0.2693326E-01
 Number of Estimated Parameters { Phi(~Time)p(~1) } = 3          
 DEVIANCE { Phi(~Time)p(~1) } = 1217.3153                     
 DEVIANCE Degrees of Freedom { Phi(~Time)p(~1) } = 266            
 c-hat { Phi(~Time)p(~1) } = 4.5763734                     
 AIC { Phi(~Time)p(~1) } = 6251.1779                  
 AICc { Phi(~Time)p(~1) } = 6251.1830                    
 BIC { Phi(~Time)p(~1) } = 6270.5579                    
 Pearson Chisquare { Phi(~Time)p(~1) } = 99319.015                  


                     LOGIT Link Function Parameters of { Phi(~Time)p(~1) }
                                                              95% Confidence Interval
 Parameter                    Beta         Standard Error      Lower           Upper
 -------------------------  --------------  --------------  --------------  --------------
    1:Phi:(Intercept)       -0.9188673      0.0857196       -1.0868778      -0.7508568    
    2:Phi:Time              0.0142890       0.0038082       0.0068248       0.0217531     
    3:p:(Intercept)         0.4165950       0.0841776       0.2516069       0.5815831     


                     Real Function Parameters of { Phi(~Time)p(~1) }
                                                               95% Confidence Interval
  Parameter                  Estimate       Standard Error      Lower           Upper
 --------------------------  --------------  --------------  --------------  --------------
     1:Phi g1 c1975 a1 t197  0.2851887       0.0174745       0.2522067       0.3206346                           
     2:Phi g1 c1975 a2 t197  0.2881106       0.0168937       0.2561612       0.3223180                           
     3:Phi g1 c1975 a3 t197  0.2910501       0.0163122       0.2601407       0.3240237                           
     4:Phi g1 c1975 a4 t197  0.2940073       0.0157315       0.2641422       0.3257542                           
     5:Phi g1 c1975 a5 t197  0.2969819       0.0151531       0.2681627       0.3275123                           
     6:Phi g1 c1975 a6 t198  0.2999738       0.0145788       0.2721982       0.3293013                           
     7:Phi g1 c1975 a7 t198  0.3029829       0.0140107       0.2762446       0.3311253                           
     8:Phi g1 c1975 a8 t198  0.3060090       0.0134513       0.2802967       0.3329887                           
     9:Phi g1 c1975 a9 t198  0.3090519       0.0129034       0.2843486       0.3348969                           
    10:Phi g1 c1975 a10 t19  0.3121114       0.0123705       0.2883937       0.3368563                           
    11:Phi g1 c1975 a11 t19  0.3151874       0.0118564       0.2924239       0.3388743                           
    12:Phi g1 c1975 a12 t19  0.3182797       0.0113656       0.2964300       0.3409595                           
    13:Phi g1 c1975 a13 t19  0.3213881       0.0109033       0.3004017       0.3431216                           
    14:Phi g1 c1975 a14 t19  0.3245124       0.0104755       0.3043270       0.3453720                           
    15:Phi g1 c1975 a15 t19  0.3276525       0.0100887       0.3081928       0.3477232                           
    16:Phi g1 c1975 a16 t19  0.3308080       0.0097499       0.3119848       0.3501888                           
    17:Phi g1 c1975 a17 t19  0.3339788       0.0094667       0.3156880       0.3527830                           
    18:Phi g1 c1975 a18 t19  0.3371647       0.0092463       0.3192877       0.3555199                           
    19:Phi g1 c1975 a19 t19  0.3403655       0.0090958       0.3227700       0.3584125                           
    20:Phi g1 c1975 a20 t19  0.3435808       0.0090208       0.3261232       0.3614718                           

  Program  MARK  - Survival Rate Estimation with Capture-Recapture Data
   gfortran(Win64) Vers. 8.2 Mar 2017   10-Apr-2017 20:02:33    Page  011
 - - - - - - - - - - - - - - - - - - - - - - - - - - - - - - - - - - - - - -
 
    21:Phi g1 c1975 a21 t19  0.3468106       0.0090254       0.3293388       0.3647053                           
    22:Phi g1 c1975 a22 t19  0.3500546       0.0091116       0.3324126       0.3681167                           
    23:Phi g1 c1975 a23 t19  0.3533125       0.0092793       0.3353444       0.3717050                           
    24:Phi g1 c1975 a24 t19  0.3565841       0.0095261       0.3381385       0.3754651                           
    25:Phi g1 c1975 a25 t19  0.3598691       0.0098478       0.3408024       0.3793885                           
    26:Phi g1 c1975 a26 t20  0.3631673       0.0102391       0.3433464       0.3834643                           
    27:Phi g1 c1975 a27 t20  0.3664784       0.0106940       0.3457817       0.3876798                           
    28:Phi g1 c1975 a28 t20  0.3698022       0.0112061       0.3481204       0.3920223                           
    29:Phi g1 c1975 a29 t20  0.3731384       0.0117692       0.3503739       0.3964792                           
    30:Phi g1 c1975 a30 t20  0.3764867       0.0123777       0.3525532       0.4010385                           
    31:Phi g1 c1975 a31 t20  0.3798468       0.0130262       0.3546681       0.4056893                           
    32:Phi g1 c1975 a32 t20  0.3832185       0.0137099       0.3567273       0.4104218                           
    33:Phi g1 c1975 a33 t20  0.3866014       0.0144248       0.3587386       0.4152271                           
    34:Phi g1 c1975 a34 t20  0.3899954       0.0151671       0.3607085       0.4200975                           
    35:Phi g1 c1975 a35 t20  0.3934000       0.0159337       0.3626428       0.4250262                           
    36:Phi g1 c1975 a36 t20  0.3968150       0.0167219       0.3645464       0.4300070                           
    37:Phi g1 c1975 a37 t20  0.4002401       0.0175292       0.3664235       0.4350347                           
    38:Phi g1 c1975 a38 t20  0.4036750       0.0183534       0.3682776       0.4401043                           
    39:Phi g1 c1975 a39 t20  0.4071193       0.0191928       0.3701119       0.4452116                           
    40:Phi g1 c1975 a40 t20  0.4105728       0.0200458       0.3719289       0.4503528                           
    41:Phi g1 c1975 a41 t20  0.4140351       0.0209109       0.3737310       0.4555243                           
    42:p g1 c1975 a2 t1976   0.6026682       0.0201571       0.5625720       0.6414316                           

     CPU Time in seconds for last procedure was 0.14

  Program  MARK  - Survival Rate Estimation with Capture-Recapture Data
   gfortran(Win64) Vers. 8.2 Mar 2017   10-Apr-2017 20:02:33    Page  012
 - - - - - - - - - - - - - - - - - - - - - - - - - - - - - - - - - - - - - -
 


  INPUT --- proc stop;

     CPU Time in minutes for this job was 0.00

     Time Start = 20:02:33.385   Time End = 20:02:33.622

     Wall Clock Time in minutes for this job was 0.00


          E X E C U T I O N   S U C C E S S F U L 
