
   Program  MARK  - Survival Rate Estimation with Capture-Recapture Data
   gfortran(Win64) Vers. 8.2 Mar 2017    7-Apr-2017 17:38:05    Page  001
 - - - - - - - - - - - - - - - - - - - - - - - - - - - - - - - - - - - - - -
 
   This version was compiled by GCC version 5.3.0 using the options: 
     -cpp -iprefix c:\tdm-gcc-64\gcc\bin\../lib/gcc/x86_64-w64-mingw32/5.3.0/ -D_MT
     -U_REENTRANT -D IEEE -m64 -mtune=generic -march=x86-64 -mthreads -O3
     -fimplicit-none -fbounds-check -ffpe-summary=invalid,zero,overflow,underflow
     -fno-unsafe-math-optimizations -frounding-math -fsignaling-nans -fopenmp.

   This problem will use 3 of 4 possible threads.


  INPUT --- proc title ;

     CPU Time in seconds for last procedure was 0.00


  INPUT --- proc chmatrix occasions= 42 groups= 1 etype= Live ICMeans 
  INPUT --- NoHist hist= 242 ;

  INPUT ---    time  interval 1 1 1 1 1 1 1 1 1 1 1 1 1 1 1 1 1 1 1 1 1 1 
  INPUT ---    1 1 1 1 1 1 1 1 1 1 1 1 1 1 1 1 1 1 1 ;

  INPUT ---    glabel(1)=Group 1;

      Number of unique encounter histories read was 242.

      Number of individual covariates read was 0.
      Time interval lengths are all equal to 1.

      Data type number is 1
      Data type is Live Recaptures (CJS)                                                                               

     CPU Time in seconds for last procedure was 0.03

  Program  MARK  - Survival Rate Estimation with Capture-Recapture Data
   gfortran(Win64) Vers. 8.2 Mar 2017    7-Apr-2017 17:38:05    Page  002
 - - - - - - - - - - - - - - - - - - - - - - - - - - - - - - - - - - - - - -
 


  INPUT --- proc estimate link=Logit NOLOOP varest=2ndPart    ;


  INPUT --- model={ Phi(~Time)p(~time) };

  INPUT ---    group=1 Phi    rows=41 cols=41 Triang ;
  INPUT ---        1 2 3 4 5 6 7 8 9 10 11 12 13 14 15 16 17 18 19 20 21 22 
  INPUT ---       23 24 25 26 27 28 29 30 31 32 33 34 35 36 37 38 39 40 41 ;
  INPUT ---        2 3 4 5 6 7 8 9 10 11 12 13 14 15 16 17 18 19 20 21 22 23 
  INPUT ---       24 25 26 27 28 29 30 31 32 33 34 35 36 37 38 39 40 41 ;
  INPUT ---        3 4 5 6 7 8 9 10 11 12 13 14 15 16 17 18 19 20 21 22 23 24 
  INPUT ---       25 26 27 28 29 30 31 32 33 34 35 36 37 38 39 40 41 ;
  INPUT ---        4 5 6 7 8 9 10 11 12 13 14 15 16 17 18 19 20 21 22 23 24 
  INPUT ---       25 26 27 28 29 30 31 32 33 34 35 36 37 38 39 40 41 ;
  INPUT ---        5 6 7 8 9 10 11 12 13 14 15 16 17 18 19 20 21 22 23 24 25 
  INPUT ---       26 27 28 29 30 31 32 33 34 35 36 37 38 39 40 41 ;
  INPUT ---        6 7 8 9 10 11 12 13 14 15 16 17 18 19 20 21 22 23 24 25 26 
  INPUT ---       27 28 29 30 31 32 33 34 35 36 37 38 39 40 41 ;
  INPUT ---        7 8 9 10 11 12 13 14 15 16 17 18 19 20 21 22 23 24 25 26 
  INPUT ---       27 28 29 30 31 32 33 34 35 36 37 38 39 40 41 ;
  INPUT ---        8 9 10 11 12 13 14 15 16 17 18 19 20 21 22 23 24 25 26 27 
  INPUT ---       28 29 30 31 32 33 34 35 36 37 38 39 40 41 ;
  INPUT ---        9 10 11 12 13 14 15 16 17 18 19 20 21 22 23 24 25 26 27 28 
  INPUT ---       29 30 31 32 33 34 35 36 37 38 39 40 41 ;
  INPUT ---        10 11 12 13 14 15 16 17 18 19 20 21 22 23 24 25 26 27 28 
  INPUT ---       29 30 31 32 33 34 35 36 37 38 39 40 41 ;
  INPUT ---        11 12 13 14 15 16 17 18 19 20 21 22 23 24 25 26 27 28 29 
  INPUT ---       30 31 32 33 34 35 36 37 38 39 40 41 ;
  INPUT ---        12 13 14 15 16 17 18 19 20 21 22 23 24 25 26 27 28 29 30 
  INPUT ---       31 32 33 34 35 36 37 38 39 40 41 ;
  INPUT ---        13 14 15 16 17 18 19 20 21 22 23 24 25 26 27 28 29 30 31 
  INPUT ---       32 33 34 35 36 37 38 39 40 41 ;
  INPUT ---        14 15 16 17 18 19 20 21 22 23 24 25 26 27 28 29 30 31 32 
  INPUT ---       33 34 35 36 37 38 39 40 41 ;
  INPUT ---        15 16 17 18 19 20 21 22 23 24 25 26 27 28 29 30 31 32 33 
  INPUT ---       34 35 36 37 38 39 40 41 ;
  INPUT ---        16 17 18 19 20 21 22 23 24 25 26 27 28 29 30 31 32 33 34 
  INPUT ---       35 36 37 38 39 40 41 ;
  INPUT ---        17 18 19 20 21 22 23 24 25 26 27 28 29 30 31 32 33 34 35 
  INPUT ---       36 37 38 39 40 41 ;
  INPUT ---        18 19 20 21 22 23 24 25 26 27 28 29 30 31 32 33 34 35 36 
  INPUT ---       37 38 39 40 41 ;
  INPUT ---        19 20 21 22 23 24 25 26 27 28 29 30 31 32 33 34 35 36 37 
  INPUT ---       38 39 40 41 ;

  Program  MARK  - Survival Rate Estimation with Capture-Recapture Data
   gfortran(Win64) Vers. 8.2 Mar 2017    7-Apr-2017 17:38:05    Page  003
 - - - - - - - - - - - - - - - - - - - - - - - - - - - - - - - - - - - - - -
 
  INPUT ---        20 21 22 23 24 25 26 27 28 29 30 31 32 33 34 35 36 37 38 
  INPUT ---       39 40 41 ;
  INPUT ---        21 22 23 24 25 26 27 28 29 30 31 32 33 34 35 36 37 38 39 
  INPUT ---       40 41 ;
  INPUT ---        22 23 24 25 26 27 28 29 30 31 32 33 34 35 36 37 38 39 40 
  INPUT ---       41 ;
  INPUT ---        23 24 25 26 27 28 29 30 31 32 33 34 35 36 37 38 39 40 41 ;
  INPUT ---        24 25 26 27 28 29 30 31 32 33 34 35 36 37 38 39 40 41 ;
  INPUT ---        25 26 27 28 29 30 31 32 33 34 35 36 37 38 39 40 41 ;
  INPUT ---        26 27 28 29 30 31 32 33 34 35 36 37 38 39 40 41 ;
  INPUT ---        27 28 29 30 31 32 33 34 35 36 37 38 39 40 41 ;
  INPUT ---        28 29 30 31 32 33 34 35 36 37 38 39 40 41 ;
  INPUT ---        29 30 31 32 33 34 35 36 37 38 39 40 41 ;
  INPUT ---        30 31 32 33 34 35 36 37 38 39 40 41 ;
  INPUT ---        31 32 33 34 35 36 37 38 39 40 41 ;
  INPUT ---        32 33 34 35 36 37 38 39 40 41 ;
  INPUT ---        33 34 35 36 37 38 39 40 41 ;
  INPUT ---        34 35 36 37 38 39 40 41 ;
  INPUT ---        35 36 37 38 39 40 41 ;
  INPUT ---        36 37 38 39 40 41 ;
  INPUT ---        37 38 39 40 41 ;
  INPUT ---        38 39 40 41 ;
  INPUT ---        39 40 41 ;
  INPUT ---        40 41 ;
  INPUT ---        41 ;

  INPUT ---    group=1 p    rows=41 cols=41 Triang ;
  INPUT ---        42 43 44 45 46 47 48 49 50 51 52 53 54 55 56 57 58 59 60 
  INPUT ---       61 62 63 64 65 66 67 68 69 70 71 72 73 74 75 76 77 78 79 80 
  INPUT ---       81 82 ;
  INPUT ---        43 44 45 46 47 48 49 50 51 52 53 54 55 56 57 58 59 60 61 
  INPUT ---       62 63 64 65 66 67 68 69 70 71 72 73 74 75 76 77 78 79 80 81 
  INPUT ---       82 ;
  INPUT ---        44 45 46 47 48 49 50 51 52 53 54 55 56 57 58 59 60 61 62 
  INPUT ---       63 64 65 66 67 68 69 70 71 72 73 74 75 76 77 78 79 80 81 82 
  INPUT ---       ;
  INPUT ---        45 46 47 48 49 50 51 52 53 54 55 56 57 58 59 60 61 62 63 
  INPUT ---       64 65 66 67 68 69 70 71 72 73 74 75 76 77 78 79 80 81 82 ;
  INPUT ---        46 47 48 49 50 51 52 53 54 55 56 57 58 59 60 61 62 63 64 
  INPUT ---       65 66 67 68 69 70 71 72 73 74 75 76 77 78 79 80 81 82 ;
  INPUT ---        47 48 49 50 51 52 53 54 55 56 57 58 59 60 61 62 63 64 65 
  INPUT ---       66 67 68 69 70 71 72 73 74 75 76 77 78 79 80 81 82 ;
  INPUT ---        48 49 50 51 52 53 54 55 56 57 58 59 60 61 62 63 64 65 66 
  INPUT ---       67 68 69 70 71 72 73 74 75 76 77 78 79 80 81 82 ;
  INPUT ---        49 50 51 52 53 54 55 56 57 58 59 60 61 62 63 64 65 66 67 
  INPUT ---       68 69 70 71 72 73 74 75 76 77 78 79 80 81 82 ;

  Program  MARK  - Survival Rate Estimation with Capture-Recapture Data
   gfortran(Win64) Vers. 8.2 Mar 2017    7-Apr-2017 17:38:05    Page  004
 - - - - - - - - - - - - - - - - - - - - - - - - - - - - - - - - - - - - - -
 
  INPUT ---        50 51 52 53 54 55 56 57 58 59 60 61 62 63 64 65 66 67 68 
  INPUT ---       69 70 71 72 73 74 75 76 77 78 79 80 81 82 ;
  INPUT ---        51 52 53 54 55 56 57 58 59 60 61 62 63 64 65 66 67 68 69 
  INPUT ---       70 71 72 73 74 75 76 77 78 79 80 81 82 ;
  INPUT ---        52 53 54 55 56 57 58 59 60 61 62 63 64 65 66 67 68 69 70 
  INPUT ---       71 72 73 74 75 76 77 78 79 80 81 82 ;
  INPUT ---        53 54 55 56 57 58 59 60 61 62 63 64 65 66 67 68 69 70 71 
  INPUT ---       72 73 74 75 76 77 78 79 80 81 82 ;
  INPUT ---        54 55 56 57 58 59 60 61 62 63 64 65 66 67 68 69 70 71 72 
  INPUT ---       73 74 75 76 77 78 79 80 81 82 ;
  INPUT ---        55 56 57 58 59 60 61 62 63 64 65 66 67 68 69 70 71 72 73 
  INPUT ---       74 75 76 77 78 79 80 81 82 ;
  INPUT ---        56 57 58 59 60 61 62 63 64 65 66 67 68 69 70 71 72 73 74 
  INPUT ---       75 76 77 78 79 80 81 82 ;
  INPUT ---        57 58 59 60 61 62 63 64 65 66 67 68 69 70 71 72 73 74 75 
  INPUT ---       76 77 78 79 80 81 82 ;
  INPUT ---        58 59 60 61 62 63 64 65 66 67 68 69 70 71 72 73 74 75 76 
  INPUT ---       77 78 79 80 81 82 ;
  INPUT ---        59 60 61 62 63 64 65 66 67 68 69 70 71 72 73 74 75 76 77 
  INPUT ---       78 79 80 81 82 ;
  INPUT ---        60 61 62 63 64 65 66 67 68 69 70 71 72 73 74 75 76 77 78 
  INPUT ---       79 80 81 82 ;
  INPUT ---        61 62 63 64 65 66 67 68 69 70 71 72 73 74 75 76 77 78 79 
  INPUT ---       80 81 82 ;
  INPUT ---        62 63 64 65 66 67 68 69 70 71 72 73 74 75 76 77 78 79 80 
  INPUT ---       81 82 ;
  INPUT ---        63 64 65 66 67 68 69 70 71 72 73 74 75 76 77 78 79 80 81 
  INPUT ---       82 ;
  INPUT ---        64 65 66 67 68 69 70 71 72 73 74 75 76 77 78 79 80 81 82 ;
  INPUT ---        65 66 67 68 69 70 71 72 73 74 75 76 77 78 79 80 81 82 ;
  INPUT ---        66 67 68 69 70 71 72 73 74 75 76 77 78 79 80 81 82 ;
  INPUT ---        67 68 69 70 71 72 73 74 75 76 77 78 79 80 81 82 ;
  INPUT ---        68 69 70 71 72 73 74 75 76 77 78 79 80 81 82 ;
  INPUT ---        69 70 71 72 73 74 75 76 77 78 79 80 81 82 ;
  INPUT ---        70 71 72 73 74 75 76 77 78 79 80 81 82 ;
  INPUT ---        71 72 73 74 75 76 77 78 79 80 81 82 ;
  INPUT ---        72 73 74 75 76 77 78 79 80 81 82 ;
  INPUT ---        73 74 75 76 77 78 79 80 81 82 ;
  INPUT ---        74 75 76 77 78 79 80 81 82 ;
  INPUT ---        75 76 77 78 79 80 81 82 ;
  INPUT ---        76 77 78 79 80 81 82 ;
  INPUT ---        77 78 79 80 81 82 ;
  INPUT ---        78 79 80 81 82 ;
  INPUT ---        79 80 81 82 ;
  INPUT ---        80 81 82 ;
  INPUT ---        81 82 ;

  Program  MARK  - Survival Rate Estimation with Capture-Recapture Data
   gfortran(Win64) Vers. 8.2 Mar 2017    7-Apr-2017 17:38:05    Page  005
 - - - - - - - - - - - - - - - - - - - - - - - - - - - - - - - - - - - - - -
 
  INPUT ---        82 ;

  INPUT ---    design matrix constraints=82 covariates=43;
  INPUT ---        1 0 0 0 0 0 0 0 0 0 0 0 0 0 0 0 0 0 0 0 0 0 0 0 0 0 0 0 0 
  INPUT ---       0 0 0 0 0 0 0 0 0 0 0 0 0 0;
  INPUT ---        1 1 0 0 0 0 0 0 0 0 0 0 0 0 0 0 0 0 0 0 0 0 0 0 0 0 0 0 0 
  INPUT ---       0 0 0 0 0 0 0 0 0 0 0 0 0 0;
  INPUT ---        1 2 0 0 0 0 0 0 0 0 0 0 0 0 0 0 0 0 0 0 0 0 0 0 0 0 0 0 0 
  INPUT ---       0 0 0 0 0 0 0 0 0 0 0 0 0 0;
  INPUT ---        1 3 0 0 0 0 0 0 0 0 0 0 0 0 0 0 0 0 0 0 0 0 0 0 0 0 0 0 0 
  INPUT ---       0 0 0 0 0 0 0 0 0 0 0 0 0 0;
  INPUT ---        1 4 0 0 0 0 0 0 0 0 0 0 0 0 0 0 0 0 0 0 0 0 0 0 0 0 0 0 0 
  INPUT ---       0 0 0 0 0 0 0 0 0 0 0 0 0 0;
  INPUT ---        1 5 0 0 0 0 0 0 0 0 0 0 0 0 0 0 0 0 0 0 0 0 0 0 0 0 0 0 0 
  INPUT ---       0 0 0 0 0 0 0 0 0 0 0 0 0 0;
  INPUT ---        1 6 0 0 0 0 0 0 0 0 0 0 0 0 0 0 0 0 0 0 0 0 0 0 0 0 0 0 0 
  INPUT ---       0 0 0 0 0 0 0 0 0 0 0 0 0 0;
  INPUT ---        1 7 0 0 0 0 0 0 0 0 0 0 0 0 0 0 0 0 0 0 0 0 0 0 0 0 0 0 0 
  INPUT ---       0 0 0 0 0 0 0 0 0 0 0 0 0 0;
  INPUT ---        1 8 0 0 0 0 0 0 0 0 0 0 0 0 0 0 0 0 0 0 0 0 0 0 0 0 0 0 0 
  INPUT ---       0 0 0 0 0 0 0 0 0 0 0 0 0 0;
  INPUT ---        1 9 0 0 0 0 0 0 0 0 0 0 0 0 0 0 0 0 0 0 0 0 0 0 0 0 0 0 0 
  INPUT ---       0 0 0 0 0 0 0 0 0 0 0 0 0 0;
  INPUT ---        1 10 0 0 0 0 0 0 0 0 0 0 0 0 0 0 0 0 0 0 0 0 0 0 0 0 0 0 0 
  INPUT ---       0 0 0 0 0 0 0 0 0 0 0 0 0 0;
  INPUT ---        1 11 0 0 0 0 0 0 0 0 0 0 0 0 0 0 0 0 0 0 0 0 0 0 0 0 0 0 0 
  INPUT ---       0 0 0 0 0 0 0 0 0 0 0 0 0 0;
  INPUT ---        1 12 0 0 0 0 0 0 0 0 0 0 0 0 0 0 0 0 0 0 0 0 0 0 0 0 0 0 0 
  INPUT ---       0 0 0 0 0 0 0 0 0 0 0 0 0 0;
  INPUT ---        1 13 0 0 0 0 0 0 0 0 0 0 0 0 0 0 0 0 0 0 0 0 0 0 0 0 0 0 0 
  INPUT ---       0 0 0 0 0 0 0 0 0 0 0 0 0 0;
  INPUT ---        1 14 0 0 0 0 0 0 0 0 0 0 0 0 0 0 0 0 0 0 0 0 0 0 0 0 0 0 0 
  INPUT ---       0 0 0 0 0 0 0 0 0 0 0 0 0 0;
  INPUT ---        1 15 0 0 0 0 0 0 0 0 0 0 0 0 0 0 0 0 0 0 0 0 0 0 0 0 0 0 0 
  INPUT ---       0 0 0 0 0 0 0 0 0 0 0 0 0 0;
  INPUT ---        1 16 0 0 0 0 0 0 0 0 0 0 0 0 0 0 0 0 0 0 0 0 0 0 0 0 0 0 0 
  INPUT ---       0 0 0 0 0 0 0 0 0 0 0 0 0 0;
  INPUT ---        1 17 0 0 0 0 0 0 0 0 0 0 0 0 0 0 0 0 0 0 0 0 0 0 0 0 0 0 0 
  INPUT ---       0 0 0 0 0 0 0 0 0 0 0 0 0 0;
  INPUT ---        1 18 0 0 0 0 0 0 0 0 0 0 0 0 0 0 0 0 0 0 0 0 0 0 0 0 0 0 0 
  INPUT ---       0 0 0 0 0 0 0 0 0 0 0 0 0 0;
  INPUT ---        1 19 0 0 0 0 0 0 0 0 0 0 0 0 0 0 0 0 0 0 0 0 0 0 0 0 0 0 0 
  INPUT ---       0 0 0 0 0 0 0 0 0 0 0 0 0 0;
  INPUT ---        1 20 0 0 0 0 0 0 0 0 0 0 0 0 0 0 0 0 0 0 0 0 0 0 0 0 0 0 0 
  INPUT ---       0 0 0 0 0 0 0 0 0 0 0 0 0 0;
  INPUT ---        1 21 0 0 0 0 0 0 0 0 0 0 0 0 0 0 0 0 0 0 0 0 0 0 0 0 0 0 0 

  Program  MARK  - Survival Rate Estimation with Capture-Recapture Data
   gfortran(Win64) Vers. 8.2 Mar 2017    7-Apr-2017 17:38:05    Page  006
 - - - - - - - - - - - - - - - - - - - - - - - - - - - - - - - - - - - - - -
 
  INPUT ---       0 0 0 0 0 0 0 0 0 0 0 0 0 0;
  INPUT ---        1 22 0 0 0 0 0 0 0 0 0 0 0 0 0 0 0 0 0 0 0 0 0 0 0 0 0 0 0 
  INPUT ---       0 0 0 0 0 0 0 0 0 0 0 0 0 0;
  INPUT ---        1 23 0 0 0 0 0 0 0 0 0 0 0 0 0 0 0 0 0 0 0 0 0 0 0 0 0 0 0 
  INPUT ---       0 0 0 0 0 0 0 0 0 0 0 0 0 0;
  INPUT ---        1 24 0 0 0 0 0 0 0 0 0 0 0 0 0 0 0 0 0 0 0 0 0 0 0 0 0 0 0 
  INPUT ---       0 0 0 0 0 0 0 0 0 0 0 0 0 0;
  INPUT ---        1 25 0 0 0 0 0 0 0 0 0 0 0 0 0 0 0 0 0 0 0 0 0 0 0 0 0 0 0 
  INPUT ---       0 0 0 0 0 0 0 0 0 0 0 0 0 0;
  INPUT ---        1 26 0 0 0 0 0 0 0 0 0 0 0 0 0 0 0 0 0 0 0 0 0 0 0 0 0 0 0 
  INPUT ---       0 0 0 0 0 0 0 0 0 0 0 0 0 0;
  INPUT ---        1 27 0 0 0 0 0 0 0 0 0 0 0 0 0 0 0 0 0 0 0 0 0 0 0 0 0 0 0 
  INPUT ---       0 0 0 0 0 0 0 0 0 0 0 0 0 0;
  INPUT ---        1 28 0 0 0 0 0 0 0 0 0 0 0 0 0 0 0 0 0 0 0 0 0 0 0 0 0 0 0 
  INPUT ---       0 0 0 0 0 0 0 0 0 0 0 0 0 0;
  INPUT ---        1 29 0 0 0 0 0 0 0 0 0 0 0 0 0 0 0 0 0 0 0 0 0 0 0 0 0 0 0 
  INPUT ---       0 0 0 0 0 0 0 0 0 0 0 0 0 0;
  INPUT ---        1 30 0 0 0 0 0 0 0 0 0 0 0 0 0 0 0 0 0 0 0 0 0 0 0 0 0 0 0 
  INPUT ---       0 0 0 0 0 0 0 0 0 0 0 0 0 0;
  INPUT ---        1 31 0 0 0 0 0 0 0 0 0 0 0 0 0 0 0 0 0 0 0 0 0 0 0 0 0 0 0 
  INPUT ---       0 0 0 0 0 0 0 0 0 0 0 0 0 0;
  INPUT ---        1 32 0 0 0 0 0 0 0 0 0 0 0 0 0 0 0 0 0 0 0 0 0 0 0 0 0 0 0 
  INPUT ---       0 0 0 0 0 0 0 0 0 0 0 0 0 0;
  INPUT ---        1 33 0 0 0 0 0 0 0 0 0 0 0 0 0 0 0 0 0 0 0 0 0 0 0 0 0 0 0 
  INPUT ---       0 0 0 0 0 0 0 0 0 0 0 0 0 0;
  INPUT ---        1 34 0 0 0 0 0 0 0 0 0 0 0 0 0 0 0 0 0 0 0 0 0 0 0 0 0 0 0 
  INPUT ---       0 0 0 0 0 0 0 0 0 0 0 0 0 0;
  INPUT ---        1 35 0 0 0 0 0 0 0 0 0 0 0 0 0 0 0 0 0 0 0 0 0 0 0 0 0 0 0 
  INPUT ---       0 0 0 0 0 0 0 0 0 0 0 0 0 0;
  INPUT ---        1 36 0 0 0 0 0 0 0 0 0 0 0 0 0 0 0 0 0 0 0 0 0 0 0 0 0 0 0 
  INPUT ---       0 0 0 0 0 0 0 0 0 0 0 0 0 0;
  INPUT ---        1 37 0 0 0 0 0 0 0 0 0 0 0 0 0 0 0 0 0 0 0 0 0 0 0 0 0 0 0 
  INPUT ---       0 0 0 0 0 0 0 0 0 0 0 0 0 0;
  INPUT ---        1 38 0 0 0 0 0 0 0 0 0 0 0 0 0 0 0 0 0 0 0 0 0 0 0 0 0 0 0 
  INPUT ---       0 0 0 0 0 0 0 0 0 0 0 0 0 0;
  INPUT ---        1 39 0 0 0 0 0 0 0 0 0 0 0 0 0 0 0 0 0 0 0 0 0 0 0 0 0 0 0 
  INPUT ---       0 0 0 0 0 0 0 0 0 0 0 0 0 0;
  INPUT ---        1 40 0 0 0 0 0 0 0 0 0 0 0 0 0 0 0 0 0 0 0 0 0 0 0 0 0 0 0 
  INPUT ---       0 0 0 0 0 0 0 0 0 0 0 0 0 0;
  INPUT ---        0 0 1 0 0 0 0 0 0 0 0 0 0 0 0 0 0 0 0 0 0 0 0 0 0 0 0 0 0 
  INPUT ---       0 0 0 0 0 0 0 0 0 0 0 0 0 0;
  INPUT ---        0 0 1 1 0 0 0 0 0 0 0 0 0 0 0 0 0 0 0 0 0 0 0 0 0 0 0 0 0 
  INPUT ---       0 0 0 0 0 0 0 0 0 0 0 0 0 0;
  INPUT ---        0 0 1 0 1 0 0 0 0 0 0 0 0 0 0 0 0 0 0 0 0 0 0 0 0 0 0 0 0 
  INPUT ---       0 0 0 0 0 0 0 0 0 0 0 0 0 0;
  INPUT ---        0 0 1 0 0 1 0 0 0 0 0 0 0 0 0 0 0 0 0 0 0 0 0 0 0 0 0 0 0 

  Program  MARK  - Survival Rate Estimation with Capture-Recapture Data
   gfortran(Win64) Vers. 8.2 Mar 2017    7-Apr-2017 17:38:05    Page  007
 - - - - - - - - - - - - - - - - - - - - - - - - - - - - - - - - - - - - - -
 
  INPUT ---       0 0 0 0 0 0 0 0 0 0 0 0 0 0;
  INPUT ---        0 0 1 0 0 0 1 0 0 0 0 0 0 0 0 0 0 0 0 0 0 0 0 0 0 0 0 0 0 
  INPUT ---       0 0 0 0 0 0 0 0 0 0 0 0 0 0;
  INPUT ---        0 0 1 0 0 0 0 1 0 0 0 0 0 0 0 0 0 0 0 0 0 0 0 0 0 0 0 0 0 
  INPUT ---       0 0 0 0 0 0 0 0 0 0 0 0 0 0;
  INPUT ---        0 0 1 0 0 0 0 0 1 0 0 0 0 0 0 0 0 0 0 0 0 0 0 0 0 0 0 0 0 
  INPUT ---       0 0 0 0 0 0 0 0 0 0 0 0 0 0;
  INPUT ---        0 0 1 0 0 0 0 0 0 1 0 0 0 0 0 0 0 0 0 0 0 0 0 0 0 0 0 0 0 
  INPUT ---       0 0 0 0 0 0 0 0 0 0 0 0 0 0;
  INPUT ---        0 0 1 0 0 0 0 0 0 0 1 0 0 0 0 0 0 0 0 0 0 0 0 0 0 0 0 0 0 
  INPUT ---       0 0 0 0 0 0 0 0 0 0 0 0 0 0;
  INPUT ---        0 0 1 0 0 0 0 0 0 0 0 1 0 0 0 0 0 0 0 0 0 0 0 0 0 0 0 0 0 
  INPUT ---       0 0 0 0 0 0 0 0 0 0 0 0 0 0;
  INPUT ---        0 0 1 0 0 0 0 0 0 0 0 0 1 0 0 0 0 0 0 0 0 0 0 0 0 0 0 0 0 
  INPUT ---       0 0 0 0 0 0 0 0 0 0 0 0 0 0;
  INPUT ---        0 0 1 0 0 0 0 0 0 0 0 0 0 1 0 0 0 0 0 0 0 0 0 0 0 0 0 0 0 
  INPUT ---       0 0 0 0 0 0 0 0 0 0 0 0 0 0;
  INPUT ---        0 0 1 0 0 0 0 0 0 0 0 0 0 0 1 0 0 0 0 0 0 0 0 0 0 0 0 0 0 
  INPUT ---       0 0 0 0 0 0 0 0 0 0 0 0 0 0;
  INPUT ---        0 0 1 0 0 0 0 0 0 0 0 0 0 0 0 1 0 0 0 0 0 0 0 0 0 0 0 0 0 
  INPUT ---       0 0 0 0 0 0 0 0 0 0 0 0 0 0;
  INPUT ---        0 0 1 0 0 0 0 0 0 0 0 0 0 0 0 0 1 0 0 0 0 0 0 0 0 0 0 0 0 
  INPUT ---       0 0 0 0 0 0 0 0 0 0 0 0 0 0;
  INPUT ---        0 0 1 0 0 0 0 0 0 0 0 0 0 0 0 0 0 1 0 0 0 0 0 0 0 0 0 0 0 
  INPUT ---       0 0 0 0 0 0 0 0 0 0 0 0 0 0;
  INPUT ---        0 0 1 0 0 0 0 0 0 0 0 0 0 0 0 0 0 0 1 0 0 0 0 0 0 0 0 0 0 
  INPUT ---       0 0 0 0 0 0 0 0 0 0 0 0 0 0;
  INPUT ---        0 0 1 0 0 0 0 0 0 0 0 0 0 0 0 0 0 0 0 1 0 0 0 0 0 0 0 0 0 
  INPUT ---       0 0 0 0 0 0 0 0 0 0 0 0 0 0;
  INPUT ---        0 0 1 0 0 0 0 0 0 0 0 0 0 0 0 0 0 0 0 0 1 0 0 0 0 0 0 0 0 
  INPUT ---       0 0 0 0 0 0 0 0 0 0 0 0 0 0;
  INPUT ---        0 0 1 0 0 0 0 0 0 0 0 0 0 0 0 0 0 0 0 0 0 1 0 0 0 0 0 0 0 
  INPUT ---       0 0 0 0 0 0 0 0 0 0 0 0 0 0;
  INPUT ---        0 0 1 0 0 0 0 0 0 0 0 0 0 0 0 0 0 0 0 0 0 0 1 0 0 0 0 0 0 
  INPUT ---       0 0 0 0 0 0 0 0 0 0 0 0 0 0;
  INPUT ---        0 0 1 0 0 0 0 0 0 0 0 0 0 0 0 0 0 0 0 0 0 0 0 1 0 0 0 0 0 
  INPUT ---       0 0 0 0 0 0 0 0 0 0 0 0 0 0;
  INPUT ---        0 0 1 0 0 0 0 0 0 0 0 0 0 0 0 0 0 0 0 0 0 0 0 0 1 0 0 0 0 
  INPUT ---       0 0 0 0 0 0 0 0 0 0 0 0 0 0;
  INPUT ---        0 0 1 0 0 0 0 0 0 0 0 0 0 0 0 0 0 0 0 0 0 0 0 0 0 1 0 0 0 
  INPUT ---       0 0 0 0 0 0 0 0 0 0 0 0 0 0;
  INPUT ---        0 0 1 0 0 0 0 0 0 0 0 0 0 0 0 0 0 0 0 0 0 0 0 0 0 0 1 0 0 
  INPUT ---       0 0 0 0 0 0 0 0 0 0 0 0 0 0;
  INPUT ---        0 0 1 0 0 0 0 0 0 0 0 0 0 0 0 0 0 0 0 0 0 0 0 0 0 0 0 1 0 
  INPUT ---       0 0 0 0 0 0 0 0 0 0 0 0 0 0;
  INPUT ---        0 0 1 0 0 0 0 0 0 0 0 0 0 0 0 0 0 0 0 0 0 0 0 0 0 0 0 0 1 

  Program  MARK  - Survival Rate Estimation with Capture-Recapture Data
   gfortran(Win64) Vers. 8.2 Mar 2017    7-Apr-2017 17:38:05    Page  008
 - - - - - - - - - - - - - - - - - - - - - - - - - - - - - - - - - - - - - -
 
  INPUT ---       0 0 0 0 0 0 0 0 0 0 0 0 0 0;
  INPUT ---        0 0 1 0 0 0 0 0 0 0 0 0 0 0 0 0 0 0 0 0 0 0 0 0 0 0 0 0 0 
  INPUT ---       1 0 0 0 0 0 0 0 0 0 0 0 0 0;
  INPUT ---        0 0 1 0 0 0 0 0 0 0 0 0 0 0 0 0 0 0 0 0 0 0 0 0 0 0 0 0 0 
  INPUT ---       0 1 0 0 0 0 0 0 0 0 0 0 0 0;
  INPUT ---        0 0 1 0 0 0 0 0 0 0 0 0 0 0 0 0 0 0 0 0 0 0 0 0 0 0 0 0 0 
  INPUT ---       0 0 1 0 0 0 0 0 0 0 0 0 0 0;
  INPUT ---        0 0 1 0 0 0 0 0 0 0 0 0 0 0 0 0 0 0 0 0 0 0 0 0 0 0 0 0 0 
  INPUT ---       0 0 0 1 0 0 0 0 0 0 0 0 0 0;
  INPUT ---        0 0 1 0 0 0 0 0 0 0 0 0 0 0 0 0 0 0 0 0 0 0 0 0 0 0 0 0 0 
  INPUT ---       0 0 0 0 1 0 0 0 0 0 0 0 0 0;
  INPUT ---        0 0 1 0 0 0 0 0 0 0 0 0 0 0 0 0 0 0 0 0 0 0 0 0 0 0 0 0 0 
  INPUT ---       0 0 0 0 0 1 0 0 0 0 0 0 0 0;
  INPUT ---        0 0 1 0 0 0 0 0 0 0 0 0 0 0 0 0 0 0 0 0 0 0 0 0 0 0 0 0 0 
  INPUT ---       0 0 0 0 0 0 1 0 0 0 0 0 0 0;
  INPUT ---        0 0 1 0 0 0 0 0 0 0 0 0 0 0 0 0 0 0 0 0 0 0 0 0 0 0 0 0 0 
  INPUT ---       0 0 0 0 0 0 0 1 0 0 0 0 0 0;
  INPUT ---        0 0 1 0 0 0 0 0 0 0 0 0 0 0 0 0 0 0 0 0 0 0 0 0 0 0 0 0 0 
  INPUT ---       0 0 0 0 0 0 0 0 1 0 0 0 0 0;
  INPUT ---        0 0 1 0 0 0 0 0 0 0 0 0 0 0 0 0 0 0 0 0 0 0 0 0 0 0 0 0 0 
  INPUT ---       0 0 0 0 0 0 0 0 0 1 0 0 0 0;
  INPUT ---        0 0 1 0 0 0 0 0 0 0 0 0 0 0 0 0 0 0 0 0 0 0 0 0 0 0 0 0 0 
  INPUT ---       0 0 0 0 0 0 0 0 0 0 1 0 0 0;
  INPUT ---        0 0 1 0 0 0 0 0 0 0 0 0 0 0 0 0 0 0 0 0 0 0 0 0 0 0 0 0 0 
  INPUT ---       0 0 0 0 0 0 0 0 0 0 0 1 0 0;
  INPUT ---        0 0 1 0 0 0 0 0 0 0 0 0 0 0 0 0 0 0 0 0 0 0 0 0 0 0 0 0 0 
  INPUT ---       0 0 0 0 0 0 0 0 0 0 0 0 1 0;
  INPUT ---        0 0 1 0 0 0 0 0 0 0 0 0 0 0 0 0 0 0 0 0 0 0 0 0 0 0 0 0 0 
  INPUT ---       0 0 0 0 0 0 0 0 0 0 0 0 0 1;
  INPUT ---       blabel(1)=Phi:(Intercept);
  INPUT ---       blabel(2)=Phi:Time;
  INPUT ---       blabel(3)=p:(Intercept);
  INPUT ---       blabel(4)=p:time1977;
  INPUT ---       blabel(5)=p:time1978;
  INPUT ---       blabel(6)=p:time1979;
  INPUT ---       blabel(7)=p:time1980;
  INPUT ---       blabel(8)=p:time1981;
  INPUT ---       blabel(9)=p:time1982;
  INPUT ---       blabel(10)=p:time1983;
  INPUT ---       blabel(11)=p:time1984;
  INPUT ---       blabel(12)=p:time1985;
  INPUT ---       blabel(13)=p:time1986;
  INPUT ---       blabel(14)=p:time1987;
  INPUT ---       blabel(15)=p:time1988;
  INPUT ---       blabel(16)=p:time1989;
  INPUT ---       blabel(17)=p:time1990;

  Program  MARK  - Survival Rate Estimation with Capture-Recapture Data
   gfortran(Win64) Vers. 8.2 Mar 2017    7-Apr-2017 17:38:05    Page  009
 - - - - - - - - - - - - - - - - - - - - - - - - - - - - - - - - - - - - - -
 
  INPUT ---       blabel(18)=p:time1991;
  INPUT ---       blabel(19)=p:time1992;
  INPUT ---       blabel(20)=p:time1993;
  INPUT ---       blabel(21)=p:time1994;
  INPUT ---       blabel(22)=p:time1995;
  INPUT ---       blabel(23)=p:time1996;
  INPUT ---       blabel(24)=p:time1997;
  INPUT ---       blabel(25)=p:time1998;
  INPUT ---       blabel(26)=p:time1999;
  INPUT ---       blabel(27)=p:time2000;
  INPUT ---       blabel(28)=p:time2001;
  INPUT ---       blabel(29)=p:time2002;
  INPUT ---       blabel(30)=p:time2003;
  INPUT ---       blabel(31)=p:time2004;
  INPUT ---       blabel(32)=p:time2005;
  INPUT ---       blabel(33)=p:time2006;
  INPUT ---       blabel(34)=p:time2007;
  INPUT ---       blabel(35)=p:time2008;
  INPUT ---       blabel(36)=p:time2009;
  INPUT ---       blabel(37)=p:time2010;
  INPUT ---       blabel(38)=p:time2011;
  INPUT ---       blabel(39)=p:time2012;
  INPUT ---       blabel(40)=p:time2013;
  INPUT ---       blabel(41)=p:time2014;
  INPUT ---       blabel(42)=p:time2015;
  INPUT ---       blabel(43)=p:time2016;
  INPUT ---       rlabel(1)=Phi g1 c1975 a0 t1975;
  INPUT ---       rlabel(2)=Phi g1 c1975 a1 t1976;
  INPUT ---       rlabel(3)=Phi g1 c1975 a2 t1977;
  INPUT ---       rlabel(4)=Phi g1 c1975 a3 t1978;
  INPUT ---       rlabel(5)=Phi g1 c1975 a4 t1979;
  INPUT ---       rlabel(6)=Phi g1 c1975 a5 t1980;
  INPUT ---       rlabel(7)=Phi g1 c1975 a6 t1981;
  INPUT ---       rlabel(8)=Phi g1 c1975 a7 t1982;
  INPUT ---       rlabel(9)=Phi g1 c1975 a8 t1983;
  INPUT ---       rlabel(10)=Phi g1 c1975 a9 t1984;
  INPUT ---       rlabel(11)=Phi g1 c1975 a10 t1985;
  INPUT ---       rlabel(12)=Phi g1 c1975 a11 t1986;
  INPUT ---       rlabel(13)=Phi g1 c1975 a12 t1987;
  INPUT ---       rlabel(14)=Phi g1 c1975 a13 t1988;
  INPUT ---       rlabel(15)=Phi g1 c1975 a14 t1989;
  INPUT ---       rlabel(16)=Phi g1 c1975 a15 t1990;
  INPUT ---       rlabel(17)=Phi g1 c1975 a16 t1991;
  INPUT ---       rlabel(18)=Phi g1 c1975 a17 t1992;
  INPUT ---       rlabel(19)=Phi g1 c1975 a18 t1993;
  INPUT ---       rlabel(20)=Phi g1 c1975 a19 t1994;

  Program  MARK  - Survival Rate Estimation with Capture-Recapture Data
   gfortran(Win64) Vers. 8.2 Mar 2017    7-Apr-2017 17:38:05    Page  010
 - - - - - - - - - - - - - - - - - - - - - - - - - - - - - - - - - - - - - -
 
  INPUT ---       rlabel(21)=Phi g1 c1975 a20 t1995;
  INPUT ---       rlabel(22)=Phi g1 c1975 a21 t1996;
  INPUT ---       rlabel(23)=Phi g1 c1975 a22 t1997;
  INPUT ---       rlabel(24)=Phi g1 c1975 a23 t1998;
  INPUT ---       rlabel(25)=Phi g1 c1975 a24 t1999;
  INPUT ---       rlabel(26)=Phi g1 c1975 a25 t2000;
  INPUT ---       rlabel(27)=Phi g1 c1975 a26 t2001;
  INPUT ---       rlabel(28)=Phi g1 c1975 a27 t2002;
  INPUT ---       rlabel(29)=Phi g1 c1975 a28 t2003;
  INPUT ---       rlabel(30)=Phi g1 c1975 a29 t2004;
  INPUT ---       rlabel(31)=Phi g1 c1975 a30 t2005;
  INPUT ---       rlabel(32)=Phi g1 c1975 a31 t2006;
  INPUT ---       rlabel(33)=Phi g1 c1975 a32 t2007;
  INPUT ---       rlabel(34)=Phi g1 c1975 a33 t2008;
  INPUT ---       rlabel(35)=Phi g1 c1975 a34 t2009;
  INPUT ---       rlabel(36)=Phi g1 c1975 a35 t2010;
  INPUT ---       rlabel(37)=Phi g1 c1975 a36 t2011;
  INPUT ---       rlabel(38)=Phi g1 c1975 a37 t2012;
  INPUT ---       rlabel(39)=Phi g1 c1975 a38 t2013;
  INPUT ---       rlabel(40)=Phi g1 c1975 a39 t2014;
  INPUT ---       rlabel(41)=Phi g1 c1975 a40 t2015;
  INPUT ---       rlabel(42)=p g1 c1975 a1 t1976;
  INPUT ---       rlabel(43)=p g1 c1975 a2 t1977;
  INPUT ---       rlabel(44)=p g1 c1975 a3 t1978;
  INPUT ---       rlabel(45)=p g1 c1975 a4 t1979;
  INPUT ---       rlabel(46)=p g1 c1975 a5 t1980;
  INPUT ---       rlabel(47)=p g1 c1975 a6 t1981;
  INPUT ---       rlabel(48)=p g1 c1975 a7 t1982;
  INPUT ---       rlabel(49)=p g1 c1975 a8 t1983;
  INPUT ---       rlabel(50)=p g1 c1975 a9 t1984;
  INPUT ---       rlabel(51)=p g1 c1975 a10 t1985;
  INPUT ---       rlabel(52)=p g1 c1975 a11 t1986;
  INPUT ---       rlabel(53)=p g1 c1975 a12 t1987;
  INPUT ---       rlabel(54)=p g1 c1975 a13 t1988;
  INPUT ---       rlabel(55)=p g1 c1975 a14 t1989;
  INPUT ---       rlabel(56)=p g1 c1975 a15 t1990;
  INPUT ---       rlabel(57)=p g1 c1975 a16 t1991;
  INPUT ---       rlabel(58)=p g1 c1975 a17 t1992;
  INPUT ---       rlabel(59)=p g1 c1975 a18 t1993;
  INPUT ---       rlabel(60)=p g1 c1975 a19 t1994;
  INPUT ---       rlabel(61)=p g1 c1975 a20 t1995;
  INPUT ---       rlabel(62)=p g1 c1975 a21 t1996;
  INPUT ---       rlabel(63)=p g1 c1975 a22 t1997;
  INPUT ---       rlabel(64)=p g1 c1975 a23 t1998;
  INPUT ---       rlabel(65)=p g1 c1975 a24 t1999;
  INPUT ---       rlabel(66)=p g1 c1975 a25 t2000;

  Program  MARK  - Survival Rate Estimation with Capture-Recapture Data
   gfortran(Win64) Vers. 8.2 Mar 2017    7-Apr-2017 17:38:05    Page  011
 - - - - - - - - - - - - - - - - - - - - - - - - - - - - - - - - - - - - - -
 
  INPUT ---       rlabel(67)=p g1 c1975 a26 t2001;
  INPUT ---       rlabel(68)=p g1 c1975 a27 t2002;
  INPUT ---       rlabel(69)=p g1 c1975 a28 t2003;
  INPUT ---       rlabel(70)=p g1 c1975 a29 t2004;
  INPUT ---       rlabel(71)=p g1 c1975 a30 t2005;
  INPUT ---       rlabel(72)=p g1 c1975 a31 t2006;
  INPUT ---       rlabel(73)=p g1 c1975 a32 t2007;
  INPUT ---       rlabel(74)=p g1 c1975 a33 t2008;
  INPUT ---       rlabel(75)=p g1 c1975 a34 t2009;
  INPUT ---       rlabel(76)=p g1 c1975 a35 t2010;
  INPUT ---       rlabel(77)=p g1 c1975 a36 t2011;
  INPUT ---       rlabel(78)=p g1 c1975 a37 t2012;
  INPUT ---       rlabel(79)=p g1 c1975 a38 t2013;
  INPUT ---       rlabel(80)=p g1 c1975 a39 t2014;
  INPUT ---       rlabel(81)=p g1 c1975 a40 t2015;
  INPUT ---       rlabel(82)=p g1 c1975 a41 t2016;

 Link Function Used is LOGIT        

 Variance Estimation Procedure Used is 2ndPart 
 -2logL(saturated) = 5326.2843     
 Effective Sample Size = 4722

 Number of function evaluations was 81 for 43 parameters.
 Time for numerical optimization was 1.31 seconds.
 -2logL { Phi(~Time)p(~time) } = 6065.6983     
 Penalty { Phi(~Time)p(~time) } = -0.0000000    
 Gradient { Phi(~Time)p(~time) }:
 -0.1629308E-03-0.3091023E-03 0.3938279E-03  0.000000     0.9687837E-04
  0.1433615E-03  0.000000     0.5300927E-04  0.000000    -0.4993758E-04
   0.000000      0.000000      0.000000      0.000000      0.000000    
   0.000000     0.5431740E-04 0.1172735E-03 0.7311311E-04 0.2020561E-03
   0.000000     0.3637011E-03 0.2684613E-03 0.6884791E-04 0.1039579E-03
  0.1980096E-03  0.000000      0.000000    -0.6730385E-04 0.1750496E-03
   0.000000      0.000000      0.000000      0.000000     0.1698683E-03
  0.7011425E-04  0.000000      0.000000      0.000000    -0.1210592E-03
  0.1366133E-03  0.000000     0.4653808E-05

  Program  MARK  - Survival Rate Estimation with Capture-Recapture Data
   gfortran(Win64) Vers. 8.2 Mar 2017    7-Apr-2017 17:38:06    Page  012
 - - - - - - - - - - - - - - - - - - - - - - - - - - - - - - - - - - - - - -
 
 S Vector { Phi(~Time)p(~time) }:
   1262.107      158.4404      34.56899      19.17195      18.80215    
   17.41765      16.62561      16.05455      14.92409      14.81973    
   13.66258      11.55946      10.22786      8.667550      7.863231    
   7.555598      6.874101      6.772120      6.399894      5.726420    
   5.318214      4.787401      4.156492      4.022232      3.849049    
   3.422463      3.398157      3.094271      2.960292      2.725828    
   2.641251      2.339040      2.190691      2.031276      1.891628    
   1.552418      1.163919     0.8692844     0.4213434E-01 0.1783696E-01
  0.2891605E-05 0.3911173E-06 0.3373461E-06
 Time to compute number of parameters was 1.17 seconds.
   Threshold =  0.8800000E-06     Condition index =  0.2672880E-09     New Threshold =  0.2212127E-05
 New Guessimate of Estimated Parameters { Phi(~Time)p(~time) } = 40          
 Conditioned S Vector { Phi(~Time)p(~time) }:
   1.000000     0.1255364     0.2738990E-01 0.1519043E-01 0.1489743E-01
  0.1380045E-01 0.1317290E-01 0.1272044E-01 0.1182474E-01 0.1174205E-01
  0.1082522E-01 0.9158854E-02 0.8103798E-02 0.6867523E-02 0.6230240E-02
  0.5986495E-02 0.5446527E-02 0.5365725E-02 0.5070801E-02 0.4537190E-02
  0.4213758E-02 0.3793181E-02 0.3293296E-02 0.3186918E-02 0.3049701E-02
  0.2711706E-02 0.2692447E-02 0.2451671E-02 0.2345515E-02 0.2159744E-02
  0.2092731E-02 0.1853282E-02 0.1735741E-02 0.1609432E-02 0.1498785E-02
  0.1230021E-02 0.9222027E-03 0.6887564E-03 0.3338412E-04 0.1413268E-04
  0.2291093E-08 0.3098923E-09 0.2672880E-09
 Number of Estimated Parameters { Phi(~Time)p(~time) } = 40          
 DEVIANCE { Phi(~Time)p(~time) } = 739.41402                     
 DEVIANCE Degrees of Freedom { Phi(~Time)p(~time) } = 161            
 c-hat { Phi(~Time)p(~time) } = 4.5926337                     
 AIC { Phi(~Time)p(~time) } = 6145.6983                  
 AICc { Phi(~Time)p(~time) } = 6146.3990                    
 BIC { Phi(~Time)p(~time) } = 6404.0978                    
 Pearson Chisquare { Phi(~Time)p(~time) } = 11347.401                  


                    LOGIT Link Function Parameters of { Phi(~Time)p(~time) }
                                                              95% Confidence Interval
 Parameter                    Beta         Standard Error      Lower           Upper
 -------------------------  --------------  --------------  --------------  --------------
    1:Phi:(Intercept)       -0.6746277      0.0985795       -0.8678435      -0.4814119    
    2:Phi:Time              0.0044237       0.0043526       -0.0041073      0.0129548     
    3:p:(Intercept)         0.3856225       1.1961352       -1.9588025      2.7300475     
    4:p:time1977            8.4394108       588.07203       -1144.1818      1161.0606     
    5:p:time1978            -0.8776011      1.6126638       -4.0384221      2.2832199     
    6:p:time1979            0.2688135       1.3771526       -2.4304056      2.9680325     
    7:p:time1980            0.2764768       1.4325641       -2.5313489      3.0843026     
    8:p:time1981            -0.7157276      1.3769770       -3.4146026      1.9831474     
    9:p:time1982            0.0237169       1.3441686       -2.6108536      2.6582875     
   10:p:time1983            0.8212631       1.3079555       -1.7423298      3.3848560     
   11:p:time1984            0.5795868       1.2586774       -1.8874210      3.0465946     
   12:p:time1985            0.8389063       1.2698055       -1.6499126      3.3277251     
   13:p:time1986            -0.2471528      1.2347766       -2.6673149      2.1730094     
   14:p:time1987            -0.3876030      1.2275883       -2.7936762      2.0184701     
   15:p:time1988            -0.8739126      1.2226519       -3.2703103      1.5224851     
   16:p:time1989            -1.1863459      1.2228772       -3.5831853      1.2104935     
   17:p:time1990            -0.6744077      1.2207335       -3.0670454      1.7182301     
   18:p:time1991            -0.5510658      1.2212880       -2.9447903      1.8426586     
   19:p:time1992            -1.4879113      1.2255616       -3.8900120      0.9141894     
   20:p:time1993            -0.8004793      1.2211719       -3.1939764      1.5930177     

  Program  MARK  - Survival Rate Estimation with Capture-Recapture Data
   gfortran(Win64) Vers. 8.2 Mar 2017    7-Apr-2017 17:38:06    Page  013
 - - - - - - - - - - - - - - - - - - - - - - - - - - - - - - - - - - - - - -
 
   21:p:time1994            -0.7293938      1.2202938       -3.1211697      1.6623821     
   22:p:time1995            0.2661254E-003  1.2486615       -2.4471105      2.4476427     
   23:p:time1996            0.3551223       1.2632679       -2.1208829      2.8311275     
   24:p:time1997            1.6420399       1.4014523       -1.1048067      4.3888866     
   25:p:time1998            0.7497371       1.2544356       -1.7089567      3.2084308     
   26:p:time1999            -0.3779555      1.2260754       -2.7810634      2.0251525     
   27:p:time2000            -0.0932745      1.2374248       -2.5186271      2.3320781     
   28:p:time2001            0.3200942       1.2496946       -2.1293072      2.7694957     
   29:p:time2002            1.7026527       1.3285461       -0.9012977      4.3066031     
   30:p:time2003            -0.0391282      1.2589328       -2.5066365      2.4283802     
   31:p:time2004            0.1671784       1.2711124       -2.3242020      2.6585588     
   32:p:time2005            2.7028984       5.1476033       -7.3864044      12.792201     
   33:p:time2006            0.1420501       1.3099296       -2.4254119      2.7095121     
   34:p:time2007            0.0292781       1.3003851       -2.5194767      2.5780330     
   35:p:time2008            0.0708236       1.2881065       -2.4538653      2.5955124     
   36:p:time2009            1.5943219       1.5195126       -1.3839229      4.5725666     
   37:p:time2010            17.676290       1598.9927       -3116.3494      3151.7019     
   38:p:time2011            -0.0516150      1.3069572       -2.6132511      2.5100210     
   39:p:time2012            -0.4456937      1.3400412       -3.0721745      2.1807870     
   40:p:time2013            -0.5025616      1.3804592       -3.2082617      2.2031386     
   41:p:time2014            -1.6629764      1.3494567       -4.3079116      0.9819589     
   42:p:time2015            0.0187637       1.3174591       -2.5634562      2.6009836     
   43:p:time2016            18.543020       1721.7184       -3356.0251      3393.1112     


                    Real Function Parameters of { Phi(~Time)p(~time) }
                                                               95% Confidence Interval
  Parameter                  Estimate       Standard Error      Lower           Upper
 --------------------------  --------------  --------------  --------------  --------------
     1:Phi g1 c1975 a0 t197  0.3374614       0.0220405       0.2957032       0.3819188                           
     2:Phi g1 c1975 a1 t197  0.3384512       0.0211839       0.2982502       0.3811278                           
     3:Phi g1 c1975 a2 t197  0.3394424       0.0203325       0.3007952       0.3803539                           
     4:Phi g1 c1975 a3 t197  0.3404350       0.0194875       0.3033359       0.3795991                           
     5:Phi g1 c1975 a4 t197  0.3414290       0.0186502       0.3058696       0.3788660                           
     6:Phi g1 c1975 a5 t198  0.3424244       0.0178222       0.3083931       0.3781577                           
     7:Phi g1 c1975 a6 t198  0.3434212       0.0170052       0.3109027       0.3774777                           
     8:Phi g1 c1975 a7 t198  0.3444193       0.0162017       0.3133940       0.3768303                           
     9:Phi g1 c1975 a8 t198  0.3454189       0.0154140       0.3158618       0.3762208                           
    10:Phi g1 c1975 a9 t198  0.3464198       0.0146455       0.3182998       0.3756551                           
    11:Phi g1 c1975 a10 t19  0.3474220       0.0138998       0.3207004       0.3751406                           
    12:Phi g1 c1975 a11 t19  0.3484257       0.0131815       0.3230549       0.3746861                           
    13:Phi g1 c1975 a12 t19  0.3494306       0.0124960       0.3253524       0.3743022                           
    14:Phi g1 c1975 a13 t19  0.3504370       0.0118495       0.3275805       0.3740012                           
    15:Phi g1 c1975 a14 t19  0.3514446       0.0112497       0.3297243       0.3737977                           
    16:Phi g1 c1975 a15 t19  0.3524536       0.0107049       0.3317671       0.3737086                           
    17:Phi g1 c1975 a16 t19  0.3534639       0.0102250       0.3336897       0.3737525                           

  Program  MARK  - Survival Rate Estimation with Capture-Recapture Data
   gfortran(Win64) Vers. 8.2 Mar 2017    7-Apr-2017 17:38:06    Page  014
 - - - - - - - - - - - - - - - - - - - - - - - - - - - - - - - - - - - - - -
 
    18:Phi g1 c1975 a17 t19  0.3544755       0.0098200       0.3354720       0.3739497                           
    19:Phi g1 c1975 a18 t19  0.3554884       0.0095006       0.3370934       0.3743204                           
    20:Phi g1 c1975 a19 t19  0.3565026       0.0092763       0.3385348       0.3748835                           
    21:Phi g1 c1975 a20 t19  0.3575181       0.0091550       0.3397807       0.3756545                           
    22:Phi g1 c1975 a21 t19  0.3585348       0.0091416       0.3408215       0.3766427                           
    23:Phi g1 c1975 a22 t19  0.3595529       0.0092374       0.3416545       0.3778508                           
    24:Phi g1 c1975 a23 t19  0.3605722       0.0094398       0.3422845       0.3792735                           
    25:Phi g1 c1975 a24 t19  0.3615927       0.0097431       0.3427231       0.3808992                           
    26:Phi g1 c1975 a25 t20  0.3626146       0.0101388       0.3429864       0.3827116                           
    27:Phi g1 c1975 a26 t20  0.3636376       0.0106173       0.3430934       0.3846916                           
    28:Phi g1 c1975 a27 t20  0.3646619       0.0111687       0.3430636       0.3868194                           
    29:Phi g1 c1975 a28 t20  0.3656874       0.0117832       0.3429157       0.3890760                           
    30:Phi g1 c1975 a29 t20  0.3667142       0.0124522       0.3426669       0.3914441                           
    31:Phi g1 c1975 a30 t20  0.3677421       0.0131678       0.3423324       0.3939082                           
    32:Phi g1 c1975 a31 t20  0.3687713       0.0139233       0.3419253       0.3964552                           
    33:Phi g1 c1975 a32 t20  0.3698016       0.0147131       0.3414567       0.3990736                           
    34:Phi g1 c1975 a33 t20  0.3708332       0.0155324       0.3409360       0.4017539                           
    35:Phi g1 c1975 a34 t20  0.3718659       0.0163771       0.3403709       0.4044881                           
    36:Phi g1 c1975 a35 t20  0.3728998       0.0172439       0.3397680       0.4072694                           
    37:Phi g1 c1975 a36 t20  0.3739348       0.0181300       0.3391328       0.4100920                           
    38:Phi g1 c1975 a37 t20  0.3749710       0.0190329       0.3384699       0.4129513                           
    39:Phi g1 c1975 a38 t20  0.3760084       0.0199508       0.3377831       0.4158431                           
    40:Phi g1 c1975 a39 t20  0.3770469       0.0208820       0.3370756       0.4187639                           
    41:Phi g1 c1975 a40 t20  0.3780865       0.0218250       0.3363502       0.4217108                           
    42:p g1 c1975 a1 t1976   0.5952285       0.2881867       0.1235967       0.9387766                           
    43:p g1 c1975 a2 t1977   0.9998530       0.0864265       0.6706964E-300  1.0000000                           
    44:p g1 c1975 a3 t1978   0.3794276       0.2550622       0.0681711       0.8363301                           
    45:p g1 c1975 a4 t1979   0.6580094       0.1540446       0.3346413       0.8803911                           
    46:p g1 c1975 a5 t1980   0.6597318       0.1775569       0.2914894       0.9013540                           
    47:p g1 c1975 a6 t1981   0.4182150       0.1664332       0.1583159       0.7331379                           
    48:p g1 c1975 a7 t1982   0.6009295       0.1476104       0.3106495       0.8342100                           
    49:p g1 c1975 a8 t1983   0.7697474       0.0942434       0.5410768       0.9045723                           
    50:p g1 c1975 a9 t1984   0.7241636       0.0787913       0.5478756       0.8504745                           
    51:p g1 c1975 a10 t1985  0.7728595       0.0753234       0.5947262       0.8875064                           
    52:p g1 c1975 a11 t1986  0.5345622       0.0773485       0.3844142       0.6786976                           
    53:p g1 c1975 a12 t1987  0.4995049       0.0701436       0.3654220       0.6336590                           
    54:p g1 c1975 a13 t1988  0.3802965       0.0606232       0.2704238       0.5039732                           
    55:p g1 c1975 a14 t1989  0.3098708       0.0552083       0.2130358       0.4268476                           
    56:p g1 c1975 a15 t1990  0.4283013       0.0606624       0.3155361       0.5490400                           
    57:p g1 c1975 a16 t1991  0.4587333       0.0621482       0.3416326       0.5805765                           
    58:p g1 c1975 a17 t1992  0.2493113       0.0503623       0.1638698       0.3601149                           
    59:p g1 c1975 a18 t1993  0.3977481       0.0595709       0.2885827       0.5181330                           
    60:p g1 c1975 a19 t1994  0.4148937       0.0592249       0.3053503       0.5335509                           
    61:p g1 c1975 a20 t1995  0.5952926       0.0868579       0.4204944       0.7488562                           
    62:p g1 c1975 a21 t1996  0.6771587       0.0891532       0.4853637       0.8234722                           
    63:p g1 c1975 a22 t1997  0.8836710       0.0752276       0.6441252       0.9695873                           

  Program  MARK  - Survival Rate Estimation with Capture-Recapture Data
   gfortran(Win64) Vers. 8.2 Mar 2017    7-Apr-2017 17:38:06    Page  015
 - - - - - - - - - - - - - - - - - - - - - - - - - - - - - - - - - - - - - -
 
    64:p g1 c1975 a23 t1998  0.7568266       0.0698033       0.5967555       0.8674680                           
    65:p g1 c1975 a24 t1999  0.5019168       0.0675066       0.3724800       0.6310971                           
    66:p g1 c1975 a25 t2000  0.5725709       0.0776949       0.4182679       0.7139372                           
    67:p g1 c1975 a26 t2001  0.6694540       0.0801311       0.4989920       0.8046265                           
    68:p g1 c1975 a27 t2002  0.8897584       0.0567125       0.7221291       0.9616355                           
    69:p g1 c1975 a28 t2003  0.5857672       0.0952282       0.3958640       0.7531935                           
    70:p g1 c1975 a29 t2004  0.6347852       0.0996113       0.4281632       0.8013815                           
    71:p g1 c1975 a30 t2005  0.9564168       0.2086587       0.0012018       0.9999975                           
    72:p g1 c1975 a31 t2006  0.6289401       0.1244204       0.3734896       0.8281568                           
    73:p g1 c1975 a32 t2007  0.6022624       0.1219639       0.3582332       0.8042138                           
    74:p g1 c1975 a33 t2008  0.6121707       0.1132837       0.3825435       0.8008569                           
    75:p g1 c1975 a34 t2009  0.8786752       0.0998295       0.5360665       0.9784453                           
    76:p g1 c1975 a35 t2010  1.0000000       0.2289060E-004  0.6887338E-296  1.0000000                           
    77:p g1 c1975 a36 t2011  0.5827341       0.1277264       0.3327980       0.7963396                           
    78:p g1 c1975 a37 t2012  0.4849867       0.1504484       0.2243227       0.7540830                           
    79:p g1 c1975 a38 t2013  0.4707985       0.1712071       0.1878873       0.7738043                           
    80:p g1 c1975 a39 t2014  0.2180010       0.1062812       0.0759081       0.4861487                           
    81:p g1 c1975 a40 t2015  0.5997410       0.1322407       0.3373006       0.8151940                           
    82:p g1 c1975 a41 t2016  1.0000000       0.1035991E-004  0.9999797       1.0000203                           

 Attempted ordering of parameters by estimatibility:
   1  3  2 21 17 18 20 15 16 26 19 14 13 27 22 28 25 30 11 23 31 12 35 34 38
  33 10 42 39 29  9 41  6  8 40 24  7 36  5 32  4 37 43
 Beta number 43 is a singular value.

     CPU Time in seconds for last procedure was 2.52

  Program  MARK  - Survival Rate Estimation with Capture-Recapture Data
   gfortran(Win64) Vers. 8.2 Mar 2017    7-Apr-2017 17:38:06    Page  016
 - - - - - - - - - - - - - - - - - - - - - - - - - - - - - - - - - - - - - -
 


  INPUT --- proc stop;

   * *  WARNING  * *   Numerical underflow occurred during final processing of this model. 
     IEEE flag status at final processing of this model:
     overflow       F
     divide by zero F
     invalid        F
     underflow      T
     inexact        T


     CPU Time in minutes for this job was 0.04

     Time Start = 17:38:05.456   Time End = 17:38:06.923

     Wall Clock Time in minutes for this job was 0.02


          E X E C U T I O N   S U C C E S S F U L 
