
   Program  MARK  - Survival Rate Estimation with Capture-Recapture Data
   gfortran(Win64) Vers. 8.2 Mar 2017   11-Apr-2017 09:07:59    Page  001
 - - - - - - - - - - - - - - - - - - - - - - - - - - - - - - - - - - - - - -
 
   This version was compiled by GCC version 5.3.0 using the options: 
     -cpp -iprefix c:\tdm-gcc-64\gcc\bin\../lib/gcc/x86_64-w64-mingw32/5.3.0/ -D_MT
     -U_REENTRANT -D IEEE -m64 -mtune=generic -march=x86-64 -mthreads -O3
     -fimplicit-none -fbounds-check -ffpe-summary=invalid,zero,overflow,underflow
     -fno-unsafe-math-optimizations -frounding-math -fsignaling-nans -fopenmp.

   This problem will use 3 of 4 possible threads.


  INPUT --- proc title ;

     CPU Time in seconds for last procedure was 0.00


  INPUT --- proc chmatrix occasions= 42 groups= 3 etype= Live ICMeans 
  INPUT --- NoHist hist= 238 ;

  INPUT ---    time  interval 1 1 1 1 1 1 1 1 1 1 1 1 1 1 1 1 1 1 1 1 1 1 
  INPUT ---    1 1 1 1 1 1 1 1 1 1 1 1 1 1 1 1 1 1 1 ;

  INPUT ---    glabel(1)=ageHY.sexF;

  INPUT ---    glabel(2)=ageHY.sexM;

  INPUT ---    glabel(3)=ageHY.sexU;

   * *  WARNING  * *   At least a pair of the encounter histories are duplicates. 

      Number of unique encounter histories read was 194.

      Number of individual covariates read was 0.
      Time interval lengths are all equal to 1.

      Data type number is 1
      Data type is Live Recaptures (CJS)                                                                               

     CPU Time in seconds for last procedure was 0.02

  Program  MARK  - Survival Rate Estimation with Capture-Recapture Data
   gfortran(Win64) Vers. 8.2 Mar 2017   11-Apr-2017 09:07:59    Page  002
 - - - - - - - - - - - - - - - - - - - - - - - - - - - - - - - - - - - - - -
 


  INPUT --- proc estimate link=Logit NOLOOP varest=2ndPart    ;


  INPUT --- model={ Phi(~Time)p(~time) };

  INPUT ---    group=1 Phi    rows=41 cols=41 Triang ;
  INPUT ---        1 2 3 4 5 6 7 8 9 10 11 12 13 14 15 16 17 18 19 20 21 22 
  INPUT ---       23 24 25 26 27 28 29 30 31 32 33 34 35 36 37 38 39 40 41 ;
  INPUT ---        2 3 4 5 6 7 8 9 10 11 12 13 14 15 16 17 18 19 20 21 22 23 
  INPUT ---       24 25 26 27 28 29 30 31 32 33 34 35 36 37 38 39 40 41 ;
  INPUT ---        3 4 5 6 7 8 9 10 11 12 13 14 15 16 17 18 19 20 21 22 23 24 
  INPUT ---       25 26 27 28 29 30 31 32 33 34 35 36 37 38 39 40 41 ;
  INPUT ---        4 5 6 7 8 9 10 11 12 13 14 15 16 17 18 19 20 21 22 23 24 
  INPUT ---       25 26 27 28 29 30 31 32 33 34 35 36 37 38 39 40 41 ;
  INPUT ---        5 6 7 8 9 10 11 12 13 14 15 16 17 18 19 20 21 22 23 24 25 
  INPUT ---       26 27 28 29 30 31 32 33 34 35 36 37 38 39 40 41 ;
  INPUT ---        6 7 8 9 10 11 12 13 14 15 16 17 18 19 20 21 22 23 24 25 26 
  INPUT ---       27 28 29 30 31 32 33 34 35 36 37 38 39 40 41 ;
  INPUT ---        7 8 9 10 11 12 13 14 15 16 17 18 19 20 21 22 23 24 25 26 
  INPUT ---       27 28 29 30 31 32 33 34 35 36 37 38 39 40 41 ;
  INPUT ---        8 9 10 11 12 13 14 15 16 17 18 19 20 21 22 23 24 25 26 27 
  INPUT ---       28 29 30 31 32 33 34 35 36 37 38 39 40 41 ;
  INPUT ---        9 10 11 12 13 14 15 16 17 18 19 20 21 22 23 24 25 26 27 28 
  INPUT ---       29 30 31 32 33 34 35 36 37 38 39 40 41 ;
  INPUT ---        10 11 12 13 14 15 16 17 18 19 20 21 22 23 24 25 26 27 28 
  INPUT ---       29 30 31 32 33 34 35 36 37 38 39 40 41 ;
  INPUT ---        11 12 13 14 15 16 17 18 19 20 21 22 23 24 25 26 27 28 29 
  INPUT ---       30 31 32 33 34 35 36 37 38 39 40 41 ;
  INPUT ---        12 13 14 15 16 17 18 19 20 21 22 23 24 25 26 27 28 29 30 
  INPUT ---       31 32 33 34 35 36 37 38 39 40 41 ;
  INPUT ---        13 14 15 16 17 18 19 20 21 22 23 24 25 26 27 28 29 30 31 
  INPUT ---       32 33 34 35 36 37 38 39 40 41 ;
  INPUT ---        14 15 16 17 18 19 20 21 22 23 24 25 26 27 28 29 30 31 32 
  INPUT ---       33 34 35 36 37 38 39 40 41 ;
  INPUT ---        15 16 17 18 19 20 21 22 23 24 25 26 27 28 29 30 31 32 33 
  INPUT ---       34 35 36 37 38 39 40 41 ;
  INPUT ---        16 17 18 19 20 21 22 23 24 25 26 27 28 29 30 31 32 33 34 
  INPUT ---       35 36 37 38 39 40 41 ;
  INPUT ---        17 18 19 20 21 22 23 24 25 26 27 28 29 30 31 32 33 34 35 
  INPUT ---       36 37 38 39 40 41 ;
  INPUT ---        18 19 20 21 22 23 24 25 26 27 28 29 30 31 32 33 34 35 36 
  INPUT ---       37 38 39 40 41 ;
  INPUT ---        19 20 21 22 23 24 25 26 27 28 29 30 31 32 33 34 35 36 37 
  INPUT ---       38 39 40 41 ;

  Program  MARK  - Survival Rate Estimation with Capture-Recapture Data
   gfortran(Win64) Vers. 8.2 Mar 2017   11-Apr-2017 09:07:59    Page  003
 - - - - - - - - - - - - - - - - - - - - - - - - - - - - - - - - - - - - - -
 
  INPUT ---        20 21 22 23 24 25 26 27 28 29 30 31 32 33 34 35 36 37 38 
  INPUT ---       39 40 41 ;
  INPUT ---        21 22 23 24 25 26 27 28 29 30 31 32 33 34 35 36 37 38 39 
  INPUT ---       40 41 ;
  INPUT ---        22 23 24 25 26 27 28 29 30 31 32 33 34 35 36 37 38 39 40 
  INPUT ---       41 ;
  INPUT ---        23 24 25 26 27 28 29 30 31 32 33 34 35 36 37 38 39 40 41 ;
  INPUT ---        24 25 26 27 28 29 30 31 32 33 34 35 36 37 38 39 40 41 ;
  INPUT ---        25 26 27 28 29 30 31 32 33 34 35 36 37 38 39 40 41 ;
  INPUT ---        26 27 28 29 30 31 32 33 34 35 36 37 38 39 40 41 ;
  INPUT ---        27 28 29 30 31 32 33 34 35 36 37 38 39 40 41 ;
  INPUT ---        28 29 30 31 32 33 34 35 36 37 38 39 40 41 ;
  INPUT ---        29 30 31 32 33 34 35 36 37 38 39 40 41 ;
  INPUT ---        30 31 32 33 34 35 36 37 38 39 40 41 ;
  INPUT ---        31 32 33 34 35 36 37 38 39 40 41 ;
  INPUT ---        32 33 34 35 36 37 38 39 40 41 ;
  INPUT ---        33 34 35 36 37 38 39 40 41 ;
  INPUT ---        34 35 36 37 38 39 40 41 ;
  INPUT ---        35 36 37 38 39 40 41 ;
  INPUT ---        36 37 38 39 40 41 ;
  INPUT ---        37 38 39 40 41 ;
  INPUT ---        38 39 40 41 ;
  INPUT ---        39 40 41 ;
  INPUT ---        40 41 ;
  INPUT ---        41 ;

  INPUT ---    group=2 Phi    rows=41 cols=41 Triang ;
  INPUT ---        1 2 3 4 5 6 7 8 9 10 11 12 13 14 15 16 17 18 19 20 21 22 
  INPUT ---       23 24 25 26 27 28 29 30 31 32 33 34 35 36 37 38 39 40 41 ;
  INPUT ---        2 3 4 5 6 7 8 9 10 11 12 13 14 15 16 17 18 19 20 21 22 23 
  INPUT ---       24 25 26 27 28 29 30 31 32 33 34 35 36 37 38 39 40 41 ;
  INPUT ---        3 4 5 6 7 8 9 10 11 12 13 14 15 16 17 18 19 20 21 22 23 24 
  INPUT ---       25 26 27 28 29 30 31 32 33 34 35 36 37 38 39 40 41 ;
  INPUT ---        4 5 6 7 8 9 10 11 12 13 14 15 16 17 18 19 20 21 22 23 24 
  INPUT ---       25 26 27 28 29 30 31 32 33 34 35 36 37 38 39 40 41 ;
  INPUT ---        5 6 7 8 9 10 11 12 13 14 15 16 17 18 19 20 21 22 23 24 25 
  INPUT ---       26 27 28 29 30 31 32 33 34 35 36 37 38 39 40 41 ;
  INPUT ---        6 7 8 9 10 11 12 13 14 15 16 17 18 19 20 21 22 23 24 25 26 
  INPUT ---       27 28 29 30 31 32 33 34 35 36 37 38 39 40 41 ;
  INPUT ---        7 8 9 10 11 12 13 14 15 16 17 18 19 20 21 22 23 24 25 26 
  INPUT ---       27 28 29 30 31 32 33 34 35 36 37 38 39 40 41 ;
  INPUT ---        8 9 10 11 12 13 14 15 16 17 18 19 20 21 22 23 24 25 26 27 
  INPUT ---       28 29 30 31 32 33 34 35 36 37 38 39 40 41 ;
  INPUT ---        9 10 11 12 13 14 15 16 17 18 19 20 21 22 23 24 25 26 27 28 
  INPUT ---       29 30 31 32 33 34 35 36 37 38 39 40 41 ;
  INPUT ---        10 11 12 13 14 15 16 17 18 19 20 21 22 23 24 25 26 27 28 

  Program  MARK  - Survival Rate Estimation with Capture-Recapture Data
   gfortran(Win64) Vers. 8.2 Mar 2017   11-Apr-2017 09:07:59    Page  004
 - - - - - - - - - - - - - - - - - - - - - - - - - - - - - - - - - - - - - -
 
  INPUT ---       29 30 31 32 33 34 35 36 37 38 39 40 41 ;
  INPUT ---        11 12 13 14 15 16 17 18 19 20 21 22 23 24 25 26 27 28 29 
  INPUT ---       30 31 32 33 34 35 36 37 38 39 40 41 ;
  INPUT ---        12 13 14 15 16 17 18 19 20 21 22 23 24 25 26 27 28 29 30 
  INPUT ---       31 32 33 34 35 36 37 38 39 40 41 ;
  INPUT ---        13 14 15 16 17 18 19 20 21 22 23 24 25 26 27 28 29 30 31 
  INPUT ---       32 33 34 35 36 37 38 39 40 41 ;
  INPUT ---        14 15 16 17 18 19 20 21 22 23 24 25 26 27 28 29 30 31 32 
  INPUT ---       33 34 35 36 37 38 39 40 41 ;
  INPUT ---        15 16 17 18 19 20 21 22 23 24 25 26 27 28 29 30 31 32 33 
  INPUT ---       34 35 36 37 38 39 40 41 ;
  INPUT ---        16 17 18 19 20 21 22 23 24 25 26 27 28 29 30 31 32 33 34 
  INPUT ---       35 36 37 38 39 40 41 ;
  INPUT ---        17 18 19 20 21 22 23 24 25 26 27 28 29 30 31 32 33 34 35 
  INPUT ---       36 37 38 39 40 41 ;
  INPUT ---        18 19 20 21 22 23 24 25 26 27 28 29 30 31 32 33 34 35 36 
  INPUT ---       37 38 39 40 41 ;
  INPUT ---        19 20 21 22 23 24 25 26 27 28 29 30 31 32 33 34 35 36 37 
  INPUT ---       38 39 40 41 ;
  INPUT ---        20 21 22 23 24 25 26 27 28 29 30 31 32 33 34 35 36 37 38 
  INPUT ---       39 40 41 ;
  INPUT ---        21 22 23 24 25 26 27 28 29 30 31 32 33 34 35 36 37 38 39 
  INPUT ---       40 41 ;
  INPUT ---        22 23 24 25 26 27 28 29 30 31 32 33 34 35 36 37 38 39 40 
  INPUT ---       41 ;
  INPUT ---        23 24 25 26 27 28 29 30 31 32 33 34 35 36 37 38 39 40 41 ;
  INPUT ---        24 25 26 27 28 29 30 31 32 33 34 35 36 37 38 39 40 41 ;
  INPUT ---        25 26 27 28 29 30 31 32 33 34 35 36 37 38 39 40 41 ;
  INPUT ---        26 27 28 29 30 31 32 33 34 35 36 37 38 39 40 41 ;
  INPUT ---        27 28 29 30 31 32 33 34 35 36 37 38 39 40 41 ;
  INPUT ---        28 29 30 31 32 33 34 35 36 37 38 39 40 41 ;
  INPUT ---        29 30 31 32 33 34 35 36 37 38 39 40 41 ;
  INPUT ---        30 31 32 33 34 35 36 37 38 39 40 41 ;
  INPUT ---        31 32 33 34 35 36 37 38 39 40 41 ;
  INPUT ---        32 33 34 35 36 37 38 39 40 41 ;
  INPUT ---        33 34 35 36 37 38 39 40 41 ;
  INPUT ---        34 35 36 37 38 39 40 41 ;
  INPUT ---        35 36 37 38 39 40 41 ;
  INPUT ---        36 37 38 39 40 41 ;
  INPUT ---        37 38 39 40 41 ;
  INPUT ---        38 39 40 41 ;
  INPUT ---        39 40 41 ;
  INPUT ---        40 41 ;
  INPUT ---        41 ;

  INPUT ---    group=3 Phi    rows=41 cols=41 Triang ;

  Program  MARK  - Survival Rate Estimation with Capture-Recapture Data
   gfortran(Win64) Vers. 8.2 Mar 2017   11-Apr-2017 09:07:59    Page  005
 - - - - - - - - - - - - - - - - - - - - - - - - - - - - - - - - - - - - - -
 
  INPUT ---        1 2 3 4 5 6 7 8 9 10 11 12 13 14 15 16 17 18 19 20 21 22 
  INPUT ---       23 24 25 26 27 28 29 30 31 32 33 34 35 36 37 38 39 40 41 ;
  INPUT ---        2 3 4 5 6 7 8 9 10 11 12 13 14 15 16 17 18 19 20 21 22 23 
  INPUT ---       24 25 26 27 28 29 30 31 32 33 34 35 36 37 38 39 40 41 ;
  INPUT ---        3 4 5 6 7 8 9 10 11 12 13 14 15 16 17 18 19 20 21 22 23 24 
  INPUT ---       25 26 27 28 29 30 31 32 33 34 35 36 37 38 39 40 41 ;
  INPUT ---        4 5 6 7 8 9 10 11 12 13 14 15 16 17 18 19 20 21 22 23 24 
  INPUT ---       25 26 27 28 29 30 31 32 33 34 35 36 37 38 39 40 41 ;
  INPUT ---        5 6 7 8 9 10 11 12 13 14 15 16 17 18 19 20 21 22 23 24 25 
  INPUT ---       26 27 28 29 30 31 32 33 34 35 36 37 38 39 40 41 ;
  INPUT ---        6 7 8 9 10 11 12 13 14 15 16 17 18 19 20 21 22 23 24 25 26 
  INPUT ---       27 28 29 30 31 32 33 34 35 36 37 38 39 40 41 ;
  INPUT ---        7 8 9 10 11 12 13 14 15 16 17 18 19 20 21 22 23 24 25 26 
  INPUT ---       27 28 29 30 31 32 33 34 35 36 37 38 39 40 41 ;
  INPUT ---        8 9 10 11 12 13 14 15 16 17 18 19 20 21 22 23 24 25 26 27 
  INPUT ---       28 29 30 31 32 33 34 35 36 37 38 39 40 41 ;
  INPUT ---        9 10 11 12 13 14 15 16 17 18 19 20 21 22 23 24 25 26 27 28 
  INPUT ---       29 30 31 32 33 34 35 36 37 38 39 40 41 ;
  INPUT ---        10 11 12 13 14 15 16 17 18 19 20 21 22 23 24 25 26 27 28 
  INPUT ---       29 30 31 32 33 34 35 36 37 38 39 40 41 ;
  INPUT ---        11 12 13 14 15 16 17 18 19 20 21 22 23 24 25 26 27 28 29 
  INPUT ---       30 31 32 33 34 35 36 37 38 39 40 41 ;
  INPUT ---        12 13 14 15 16 17 18 19 20 21 22 23 24 25 26 27 28 29 30 
  INPUT ---       31 32 33 34 35 36 37 38 39 40 41 ;
  INPUT ---        13 14 15 16 17 18 19 20 21 22 23 24 25 26 27 28 29 30 31 
  INPUT ---       32 33 34 35 36 37 38 39 40 41 ;
  INPUT ---        14 15 16 17 18 19 20 21 22 23 24 25 26 27 28 29 30 31 32 
  INPUT ---       33 34 35 36 37 38 39 40 41 ;
  INPUT ---        15 16 17 18 19 20 21 22 23 24 25 26 27 28 29 30 31 32 33 
  INPUT ---       34 35 36 37 38 39 40 41 ;
  INPUT ---        16 17 18 19 20 21 22 23 24 25 26 27 28 29 30 31 32 33 34 
  INPUT ---       35 36 37 38 39 40 41 ;
  INPUT ---        17 18 19 20 21 22 23 24 25 26 27 28 29 30 31 32 33 34 35 
  INPUT ---       36 37 38 39 40 41 ;
  INPUT ---        18 19 20 21 22 23 24 25 26 27 28 29 30 31 32 33 34 35 36 
  INPUT ---       37 38 39 40 41 ;
  INPUT ---        19 20 21 22 23 24 25 26 27 28 29 30 31 32 33 34 35 36 37 
  INPUT ---       38 39 40 41 ;
  INPUT ---        20 21 22 23 24 25 26 27 28 29 30 31 32 33 34 35 36 37 38 
  INPUT ---       39 40 41 ;
  INPUT ---        21 22 23 24 25 26 27 28 29 30 31 32 33 34 35 36 37 38 39 
  INPUT ---       40 41 ;
  INPUT ---        22 23 24 25 26 27 28 29 30 31 32 33 34 35 36 37 38 39 40 
  INPUT ---       41 ;
  INPUT ---        23 24 25 26 27 28 29 30 31 32 33 34 35 36 37 38 39 40 41 ;
  INPUT ---        24 25 26 27 28 29 30 31 32 33 34 35 36 37 38 39 40 41 ;

  Program  MARK  - Survival Rate Estimation with Capture-Recapture Data
   gfortran(Win64) Vers. 8.2 Mar 2017   11-Apr-2017 09:07:59    Page  006
 - - - - - - - - - - - - - - - - - - - - - - - - - - - - - - - - - - - - - -
 
  INPUT ---        25 26 27 28 29 30 31 32 33 34 35 36 37 38 39 40 41 ;
  INPUT ---        26 27 28 29 30 31 32 33 34 35 36 37 38 39 40 41 ;
  INPUT ---        27 28 29 30 31 32 33 34 35 36 37 38 39 40 41 ;
  INPUT ---        28 29 30 31 32 33 34 35 36 37 38 39 40 41 ;
  INPUT ---        29 30 31 32 33 34 35 36 37 38 39 40 41 ;
  INPUT ---        30 31 32 33 34 35 36 37 38 39 40 41 ;
  INPUT ---        31 32 33 34 35 36 37 38 39 40 41 ;
  INPUT ---        32 33 34 35 36 37 38 39 40 41 ;
  INPUT ---        33 34 35 36 37 38 39 40 41 ;
  INPUT ---        34 35 36 37 38 39 40 41 ;
  INPUT ---        35 36 37 38 39 40 41 ;
  INPUT ---        36 37 38 39 40 41 ;
  INPUT ---        37 38 39 40 41 ;
  INPUT ---        38 39 40 41 ;
  INPUT ---        39 40 41 ;
  INPUT ---        40 41 ;
  INPUT ---        41 ;

  INPUT ---    group=1 p    rows=41 cols=41 Triang ;
  INPUT ---        42 43 44 45 46 47 48 49 50 51 52 53 54 55 56 57 58 59 60 
  INPUT ---       61 62 63 64 65 66 67 68 69 70 71 72 73 74 75 76 77 78 79 80 
  INPUT ---       81 82 ;
  INPUT ---        43 44 45 46 47 48 49 50 51 52 53 54 55 56 57 58 59 60 61 
  INPUT ---       62 63 64 65 66 67 68 69 70 71 72 73 74 75 76 77 78 79 80 81 
  INPUT ---       82 ;
  INPUT ---        44 45 46 47 48 49 50 51 52 53 54 55 56 57 58 59 60 61 62 
  INPUT ---       63 64 65 66 67 68 69 70 71 72 73 74 75 76 77 78 79 80 81 82 
  INPUT ---       ;
  INPUT ---        45 46 47 48 49 50 51 52 53 54 55 56 57 58 59 60 61 62 63 
  INPUT ---       64 65 66 67 68 69 70 71 72 73 74 75 76 77 78 79 80 81 82 ;
  INPUT ---        46 47 48 49 50 51 52 53 54 55 56 57 58 59 60 61 62 63 64 
  INPUT ---       65 66 67 68 69 70 71 72 73 74 75 76 77 78 79 80 81 82 ;
  INPUT ---        47 48 49 50 51 52 53 54 55 56 57 58 59 60 61 62 63 64 65 
  INPUT ---       66 67 68 69 70 71 72 73 74 75 76 77 78 79 80 81 82 ;
  INPUT ---        48 49 50 51 52 53 54 55 56 57 58 59 60 61 62 63 64 65 66 
  INPUT ---       67 68 69 70 71 72 73 74 75 76 77 78 79 80 81 82 ;
  INPUT ---        49 50 51 52 53 54 55 56 57 58 59 60 61 62 63 64 65 66 67 
  INPUT ---       68 69 70 71 72 73 74 75 76 77 78 79 80 81 82 ;
  INPUT ---        50 51 52 53 54 55 56 57 58 59 60 61 62 63 64 65 66 67 68 
  INPUT ---       69 70 71 72 73 74 75 76 77 78 79 80 81 82 ;
  INPUT ---        51 52 53 54 55 56 57 58 59 60 61 62 63 64 65 66 67 68 69 
  INPUT ---       70 71 72 73 74 75 76 77 78 79 80 81 82 ;
  INPUT ---        52 53 54 55 56 57 58 59 60 61 62 63 64 65 66 67 68 69 70 
  INPUT ---       71 72 73 74 75 76 77 78 79 80 81 82 ;
  INPUT ---        53 54 55 56 57 58 59 60 61 62 63 64 65 66 67 68 69 70 71 
  INPUT ---       72 73 74 75 76 77 78 79 80 81 82 ;

  Program  MARK  - Survival Rate Estimation with Capture-Recapture Data
   gfortran(Win64) Vers. 8.2 Mar 2017   11-Apr-2017 09:07:59    Page  007
 - - - - - - - - - - - - - - - - - - - - - - - - - - - - - - - - - - - - - -
 
  INPUT ---        54 55 56 57 58 59 60 61 62 63 64 65 66 67 68 69 70 71 72 
  INPUT ---       73 74 75 76 77 78 79 80 81 82 ;
  INPUT ---        55 56 57 58 59 60 61 62 63 64 65 66 67 68 69 70 71 72 73 
  INPUT ---       74 75 76 77 78 79 80 81 82 ;
  INPUT ---        56 57 58 59 60 61 62 63 64 65 66 67 68 69 70 71 72 73 74 
  INPUT ---       75 76 77 78 79 80 81 82 ;
  INPUT ---        57 58 59 60 61 62 63 64 65 66 67 68 69 70 71 72 73 74 75 
  INPUT ---       76 77 78 79 80 81 82 ;
  INPUT ---        58 59 60 61 62 63 64 65 66 67 68 69 70 71 72 73 74 75 76 
  INPUT ---       77 78 79 80 81 82 ;
  INPUT ---        59 60 61 62 63 64 65 66 67 68 69 70 71 72 73 74 75 76 77 
  INPUT ---       78 79 80 81 82 ;
  INPUT ---        60 61 62 63 64 65 66 67 68 69 70 71 72 73 74 75 76 77 78 
  INPUT ---       79 80 81 82 ;
  INPUT ---        61 62 63 64 65 66 67 68 69 70 71 72 73 74 75 76 77 78 79 
  INPUT ---       80 81 82 ;
  INPUT ---        62 63 64 65 66 67 68 69 70 71 72 73 74 75 76 77 78 79 80 
  INPUT ---       81 82 ;
  INPUT ---        63 64 65 66 67 68 69 70 71 72 73 74 75 76 77 78 79 80 81 
  INPUT ---       82 ;
  INPUT ---        64 65 66 67 68 69 70 71 72 73 74 75 76 77 78 79 80 81 82 ;
  INPUT ---        65 66 67 68 69 70 71 72 73 74 75 76 77 78 79 80 81 82 ;
  INPUT ---        66 67 68 69 70 71 72 73 74 75 76 77 78 79 80 81 82 ;
  INPUT ---        67 68 69 70 71 72 73 74 75 76 77 78 79 80 81 82 ;
  INPUT ---        68 69 70 71 72 73 74 75 76 77 78 79 80 81 82 ;
  INPUT ---        69 70 71 72 73 74 75 76 77 78 79 80 81 82 ;
  INPUT ---        70 71 72 73 74 75 76 77 78 79 80 81 82 ;
  INPUT ---        71 72 73 74 75 76 77 78 79 80 81 82 ;
  INPUT ---        72 73 74 75 76 77 78 79 80 81 82 ;
  INPUT ---        73 74 75 76 77 78 79 80 81 82 ;
  INPUT ---        74 75 76 77 78 79 80 81 82 ;
  INPUT ---        75 76 77 78 79 80 81 82 ;
  INPUT ---        76 77 78 79 80 81 82 ;
  INPUT ---        77 78 79 80 81 82 ;
  INPUT ---        78 79 80 81 82 ;
  INPUT ---        79 80 81 82 ;
  INPUT ---        80 81 82 ;
  INPUT ---        81 82 ;
  INPUT ---        82 ;

  INPUT ---    group=2 p    rows=41 cols=41 Triang ;
  INPUT ---        42 43 44 45 46 47 48 49 50 51 52 53 54 55 56 57 58 59 60 
  INPUT ---       61 62 63 64 65 66 67 68 69 70 71 72 73 74 75 76 77 78 79 80 
  INPUT ---       81 82 ;
  INPUT ---        43 44 45 46 47 48 49 50 51 52 53 54 55 56 57 58 59 60 61 
  INPUT ---       62 63 64 65 66 67 68 69 70 71 72 73 74 75 76 77 78 79 80 81 

  Program  MARK  - Survival Rate Estimation with Capture-Recapture Data
   gfortran(Win64) Vers. 8.2 Mar 2017   11-Apr-2017 09:07:59    Page  008
 - - - - - - - - - - - - - - - - - - - - - - - - - - - - - - - - - - - - - -
 
  INPUT ---       82 ;
  INPUT ---        44 45 46 47 48 49 50 51 52 53 54 55 56 57 58 59 60 61 62 
  INPUT ---       63 64 65 66 67 68 69 70 71 72 73 74 75 76 77 78 79 80 81 82 
  INPUT ---       ;
  INPUT ---        45 46 47 48 49 50 51 52 53 54 55 56 57 58 59 60 61 62 63 
  INPUT ---       64 65 66 67 68 69 70 71 72 73 74 75 76 77 78 79 80 81 82 ;
  INPUT ---        46 47 48 49 50 51 52 53 54 55 56 57 58 59 60 61 62 63 64 
  INPUT ---       65 66 67 68 69 70 71 72 73 74 75 76 77 78 79 80 81 82 ;
  INPUT ---        47 48 49 50 51 52 53 54 55 56 57 58 59 60 61 62 63 64 65 
  INPUT ---       66 67 68 69 70 71 72 73 74 75 76 77 78 79 80 81 82 ;
  INPUT ---        48 49 50 51 52 53 54 55 56 57 58 59 60 61 62 63 64 65 66 
  INPUT ---       67 68 69 70 71 72 73 74 75 76 77 78 79 80 81 82 ;
  INPUT ---        49 50 51 52 53 54 55 56 57 58 59 60 61 62 63 64 65 66 67 
  INPUT ---       68 69 70 71 72 73 74 75 76 77 78 79 80 81 82 ;
  INPUT ---        50 51 52 53 54 55 56 57 58 59 60 61 62 63 64 65 66 67 68 
  INPUT ---       69 70 71 72 73 74 75 76 77 78 79 80 81 82 ;
  INPUT ---        51 52 53 54 55 56 57 58 59 60 61 62 63 64 65 66 67 68 69 
  INPUT ---       70 71 72 73 74 75 76 77 78 79 80 81 82 ;
  INPUT ---        52 53 54 55 56 57 58 59 60 61 62 63 64 65 66 67 68 69 70 
  INPUT ---       71 72 73 74 75 76 77 78 79 80 81 82 ;
  INPUT ---        53 54 55 56 57 58 59 60 61 62 63 64 65 66 67 68 69 70 71 
  INPUT ---       72 73 74 75 76 77 78 79 80 81 82 ;
  INPUT ---        54 55 56 57 58 59 60 61 62 63 64 65 66 67 68 69 70 71 72 
  INPUT ---       73 74 75 76 77 78 79 80 81 82 ;
  INPUT ---        55 56 57 58 59 60 61 62 63 64 65 66 67 68 69 70 71 72 73 
  INPUT ---       74 75 76 77 78 79 80 81 82 ;
  INPUT ---        56 57 58 59 60 61 62 63 64 65 66 67 68 69 70 71 72 73 74 
  INPUT ---       75 76 77 78 79 80 81 82 ;
  INPUT ---        57 58 59 60 61 62 63 64 65 66 67 68 69 70 71 72 73 74 75 
  INPUT ---       76 77 78 79 80 81 82 ;
  INPUT ---        58 59 60 61 62 63 64 65 66 67 68 69 70 71 72 73 74 75 76 
  INPUT ---       77 78 79 80 81 82 ;
  INPUT ---        59 60 61 62 63 64 65 66 67 68 69 70 71 72 73 74 75 76 77 
  INPUT ---       78 79 80 81 82 ;
  INPUT ---        60 61 62 63 64 65 66 67 68 69 70 71 72 73 74 75 76 77 78 
  INPUT ---       79 80 81 82 ;
  INPUT ---        61 62 63 64 65 66 67 68 69 70 71 72 73 74 75 76 77 78 79 
  INPUT ---       80 81 82 ;
  INPUT ---        62 63 64 65 66 67 68 69 70 71 72 73 74 75 76 77 78 79 80 
  INPUT ---       81 82 ;
  INPUT ---        63 64 65 66 67 68 69 70 71 72 73 74 75 76 77 78 79 80 81 
  INPUT ---       82 ;
  INPUT ---        64 65 66 67 68 69 70 71 72 73 74 75 76 77 78 79 80 81 82 ;
  INPUT ---        65 66 67 68 69 70 71 72 73 74 75 76 77 78 79 80 81 82 ;
  INPUT ---        66 67 68 69 70 71 72 73 74 75 76 77 78 79 80 81 82 ;
  INPUT ---        67 68 69 70 71 72 73 74 75 76 77 78 79 80 81 82 ;

  Program  MARK  - Survival Rate Estimation with Capture-Recapture Data
   gfortran(Win64) Vers. 8.2 Mar 2017   11-Apr-2017 09:07:59    Page  009
 - - - - - - - - - - - - - - - - - - - - - - - - - - - - - - - - - - - - - -
 
  INPUT ---        68 69 70 71 72 73 74 75 76 77 78 79 80 81 82 ;
  INPUT ---        69 70 71 72 73 74 75 76 77 78 79 80 81 82 ;
  INPUT ---        70 71 72 73 74 75 76 77 78 79 80 81 82 ;
  INPUT ---        71 72 73 74 75 76 77 78 79 80 81 82 ;
  INPUT ---        72 73 74 75 76 77 78 79 80 81 82 ;
  INPUT ---        73 74 75 76 77 78 79 80 81 82 ;
  INPUT ---        74 75 76 77 78 79 80 81 82 ;
  INPUT ---        75 76 77 78 79 80 81 82 ;
  INPUT ---        76 77 78 79 80 81 82 ;
  INPUT ---        77 78 79 80 81 82 ;
  INPUT ---        78 79 80 81 82 ;
  INPUT ---        79 80 81 82 ;
  INPUT ---        80 81 82 ;
  INPUT ---        81 82 ;
  INPUT ---        82 ;

  INPUT ---    group=3 p    rows=41 cols=41 Triang ;
  INPUT ---        42 43 44 45 46 47 48 49 50 51 52 53 54 55 56 57 58 59 60 
  INPUT ---       61 62 63 64 65 66 67 68 69 70 71 72 73 74 75 76 77 78 79 80 
  INPUT ---       81 82 ;
  INPUT ---        43 44 45 46 47 48 49 50 51 52 53 54 55 56 57 58 59 60 61 
  INPUT ---       62 63 64 65 66 67 68 69 70 71 72 73 74 75 76 77 78 79 80 81 
  INPUT ---       82 ;
  INPUT ---        44 45 46 47 48 49 50 51 52 53 54 55 56 57 58 59 60 61 62 
  INPUT ---       63 64 65 66 67 68 69 70 71 72 73 74 75 76 77 78 79 80 81 82 
  INPUT ---       ;
  INPUT ---        45 46 47 48 49 50 51 52 53 54 55 56 57 58 59 60 61 62 63 
  INPUT ---       64 65 66 67 68 69 70 71 72 73 74 75 76 77 78 79 80 81 82 ;
  INPUT ---        46 47 48 49 50 51 52 53 54 55 56 57 58 59 60 61 62 63 64 
  INPUT ---       65 66 67 68 69 70 71 72 73 74 75 76 77 78 79 80 81 82 ;
  INPUT ---        47 48 49 50 51 52 53 54 55 56 57 58 59 60 61 62 63 64 65 
  INPUT ---       66 67 68 69 70 71 72 73 74 75 76 77 78 79 80 81 82 ;
  INPUT ---        48 49 50 51 52 53 54 55 56 57 58 59 60 61 62 63 64 65 66 
  INPUT ---       67 68 69 70 71 72 73 74 75 76 77 78 79 80 81 82 ;
  INPUT ---        49 50 51 52 53 54 55 56 57 58 59 60 61 62 63 64 65 66 67 
  INPUT ---       68 69 70 71 72 73 74 75 76 77 78 79 80 81 82 ;
  INPUT ---        50 51 52 53 54 55 56 57 58 59 60 61 62 63 64 65 66 67 68 
  INPUT ---       69 70 71 72 73 74 75 76 77 78 79 80 81 82 ;
  INPUT ---        51 52 53 54 55 56 57 58 59 60 61 62 63 64 65 66 67 68 69 
  INPUT ---       70 71 72 73 74 75 76 77 78 79 80 81 82 ;
  INPUT ---        52 53 54 55 56 57 58 59 60 61 62 63 64 65 66 67 68 69 70 
  INPUT ---       71 72 73 74 75 76 77 78 79 80 81 82 ;
  INPUT ---        53 54 55 56 57 58 59 60 61 62 63 64 65 66 67 68 69 70 71 
  INPUT ---       72 73 74 75 76 77 78 79 80 81 82 ;
  INPUT ---        54 55 56 57 58 59 60 61 62 63 64 65 66 67 68 69 70 71 72 
  INPUT ---       73 74 75 76 77 78 79 80 81 82 ;

  Program  MARK  - Survival Rate Estimation with Capture-Recapture Data
   gfortran(Win64) Vers. 8.2 Mar 2017   11-Apr-2017 09:07:59    Page  010
 - - - - - - - - - - - - - - - - - - - - - - - - - - - - - - - - - - - - - -
 
  INPUT ---        55 56 57 58 59 60 61 62 63 64 65 66 67 68 69 70 71 72 73 
  INPUT ---       74 75 76 77 78 79 80 81 82 ;
  INPUT ---        56 57 58 59 60 61 62 63 64 65 66 67 68 69 70 71 72 73 74 
  INPUT ---       75 76 77 78 79 80 81 82 ;
  INPUT ---        57 58 59 60 61 62 63 64 65 66 67 68 69 70 71 72 73 74 75 
  INPUT ---       76 77 78 79 80 81 82 ;
  INPUT ---        58 59 60 61 62 63 64 65 66 67 68 69 70 71 72 73 74 75 76 
  INPUT ---       77 78 79 80 81 82 ;
  INPUT ---        59 60 61 62 63 64 65 66 67 68 69 70 71 72 73 74 75 76 77 
  INPUT ---       78 79 80 81 82 ;
  INPUT ---        60 61 62 63 64 65 66 67 68 69 70 71 72 73 74 75 76 77 78 
  INPUT ---       79 80 81 82 ;
  INPUT ---        61 62 63 64 65 66 67 68 69 70 71 72 73 74 75 76 77 78 79 
  INPUT ---       80 81 82 ;
  INPUT ---        62 63 64 65 66 67 68 69 70 71 72 73 74 75 76 77 78 79 80 
  INPUT ---       81 82 ;
  INPUT ---        63 64 65 66 67 68 69 70 71 72 73 74 75 76 77 78 79 80 81 
  INPUT ---       82 ;
  INPUT ---        64 65 66 67 68 69 70 71 72 73 74 75 76 77 78 79 80 81 82 ;
  INPUT ---        65 66 67 68 69 70 71 72 73 74 75 76 77 78 79 80 81 82 ;
  INPUT ---        66 67 68 69 70 71 72 73 74 75 76 77 78 79 80 81 82 ;
  INPUT ---        67 68 69 70 71 72 73 74 75 76 77 78 79 80 81 82 ;
  INPUT ---        68 69 70 71 72 73 74 75 76 77 78 79 80 81 82 ;
  INPUT ---        69 70 71 72 73 74 75 76 77 78 79 80 81 82 ;
  INPUT ---        70 71 72 73 74 75 76 77 78 79 80 81 82 ;
  INPUT ---        71 72 73 74 75 76 77 78 79 80 81 82 ;
  INPUT ---        72 73 74 75 76 77 78 79 80 81 82 ;
  INPUT ---        73 74 75 76 77 78 79 80 81 82 ;
  INPUT ---        74 75 76 77 78 79 80 81 82 ;
  INPUT ---        75 76 77 78 79 80 81 82 ;
  INPUT ---        76 77 78 79 80 81 82 ;
  INPUT ---        77 78 79 80 81 82 ;
  INPUT ---        78 79 80 81 82 ;
  INPUT ---        79 80 81 82 ;
  INPUT ---        80 81 82 ;
  INPUT ---        81 82 ;
  INPUT ---        82 ;

  INPUT ---    design matrix constraints=82 covariates=43;
  INPUT ---        1 0 0 0 0 0 0 0 0 0 0 0 0 0 0 0 0 0 0 0 0 0 0 0 0 0 0 0 0 
  INPUT ---       0 0 0 0 0 0 0 0 0 0 0 0 0 0;
  INPUT ---        1 1 0 0 0 0 0 0 0 0 0 0 0 0 0 0 0 0 0 0 0 0 0 0 0 0 0 0 0 
  INPUT ---       0 0 0 0 0 0 0 0 0 0 0 0 0 0;
  INPUT ---        1 2 0 0 0 0 0 0 0 0 0 0 0 0 0 0 0 0 0 0 0 0 0 0 0 0 0 0 0 
  INPUT ---       0 0 0 0 0 0 0 0 0 0 0 0 0 0;
  INPUT ---        1 3 0 0 0 0 0 0 0 0 0 0 0 0 0 0 0 0 0 0 0 0 0 0 0 0 0 0 0 

  Program  MARK  - Survival Rate Estimation with Capture-Recapture Data
   gfortran(Win64) Vers. 8.2 Mar 2017   11-Apr-2017 09:07:59    Page  011
 - - - - - - - - - - - - - - - - - - - - - - - - - - - - - - - - - - - - - -
 
  INPUT ---       0 0 0 0 0 0 0 0 0 0 0 0 0 0;
  INPUT ---        1 4 0 0 0 0 0 0 0 0 0 0 0 0 0 0 0 0 0 0 0 0 0 0 0 0 0 0 0 
  INPUT ---       0 0 0 0 0 0 0 0 0 0 0 0 0 0;
  INPUT ---        1 5 0 0 0 0 0 0 0 0 0 0 0 0 0 0 0 0 0 0 0 0 0 0 0 0 0 0 0 
  INPUT ---       0 0 0 0 0 0 0 0 0 0 0 0 0 0;
  INPUT ---        1 6 0 0 0 0 0 0 0 0 0 0 0 0 0 0 0 0 0 0 0 0 0 0 0 0 0 0 0 
  INPUT ---       0 0 0 0 0 0 0 0 0 0 0 0 0 0;
  INPUT ---        1 7 0 0 0 0 0 0 0 0 0 0 0 0 0 0 0 0 0 0 0 0 0 0 0 0 0 0 0 
  INPUT ---       0 0 0 0 0 0 0 0 0 0 0 0 0 0;
  INPUT ---        1 8 0 0 0 0 0 0 0 0 0 0 0 0 0 0 0 0 0 0 0 0 0 0 0 0 0 0 0 
  INPUT ---       0 0 0 0 0 0 0 0 0 0 0 0 0 0;
  INPUT ---        1 9 0 0 0 0 0 0 0 0 0 0 0 0 0 0 0 0 0 0 0 0 0 0 0 0 0 0 0 
  INPUT ---       0 0 0 0 0 0 0 0 0 0 0 0 0 0;
  INPUT ---        1 10 0 0 0 0 0 0 0 0 0 0 0 0 0 0 0 0 0 0 0 0 0 0 0 0 0 0 0 
  INPUT ---       0 0 0 0 0 0 0 0 0 0 0 0 0 0;
  INPUT ---        1 11 0 0 0 0 0 0 0 0 0 0 0 0 0 0 0 0 0 0 0 0 0 0 0 0 0 0 0 
  INPUT ---       0 0 0 0 0 0 0 0 0 0 0 0 0 0;
  INPUT ---        1 12 0 0 0 0 0 0 0 0 0 0 0 0 0 0 0 0 0 0 0 0 0 0 0 0 0 0 0 
  INPUT ---       0 0 0 0 0 0 0 0 0 0 0 0 0 0;
  INPUT ---        1 13 0 0 0 0 0 0 0 0 0 0 0 0 0 0 0 0 0 0 0 0 0 0 0 0 0 0 0 
  INPUT ---       0 0 0 0 0 0 0 0 0 0 0 0 0 0;
  INPUT ---        1 14 0 0 0 0 0 0 0 0 0 0 0 0 0 0 0 0 0 0 0 0 0 0 0 0 0 0 0 
  INPUT ---       0 0 0 0 0 0 0 0 0 0 0 0 0 0;
  INPUT ---        1 15 0 0 0 0 0 0 0 0 0 0 0 0 0 0 0 0 0 0 0 0 0 0 0 0 0 0 0 
  INPUT ---       0 0 0 0 0 0 0 0 0 0 0 0 0 0;
  INPUT ---        1 16 0 0 0 0 0 0 0 0 0 0 0 0 0 0 0 0 0 0 0 0 0 0 0 0 0 0 0 
  INPUT ---       0 0 0 0 0 0 0 0 0 0 0 0 0 0;
  INPUT ---        1 17 0 0 0 0 0 0 0 0 0 0 0 0 0 0 0 0 0 0 0 0 0 0 0 0 0 0 0 
  INPUT ---       0 0 0 0 0 0 0 0 0 0 0 0 0 0;
  INPUT ---        1 18 0 0 0 0 0 0 0 0 0 0 0 0 0 0 0 0 0 0 0 0 0 0 0 0 0 0 0 
  INPUT ---       0 0 0 0 0 0 0 0 0 0 0 0 0 0;
  INPUT ---        1 19 0 0 0 0 0 0 0 0 0 0 0 0 0 0 0 0 0 0 0 0 0 0 0 0 0 0 0 
  INPUT ---       0 0 0 0 0 0 0 0 0 0 0 0 0 0;
  INPUT ---        1 20 0 0 0 0 0 0 0 0 0 0 0 0 0 0 0 0 0 0 0 0 0 0 0 0 0 0 0 
  INPUT ---       0 0 0 0 0 0 0 0 0 0 0 0 0 0;
  INPUT ---        1 21 0 0 0 0 0 0 0 0 0 0 0 0 0 0 0 0 0 0 0 0 0 0 0 0 0 0 0 
  INPUT ---       0 0 0 0 0 0 0 0 0 0 0 0 0 0;
  INPUT ---        1 22 0 0 0 0 0 0 0 0 0 0 0 0 0 0 0 0 0 0 0 0 0 0 0 0 0 0 0 
  INPUT ---       0 0 0 0 0 0 0 0 0 0 0 0 0 0;
  INPUT ---        1 23 0 0 0 0 0 0 0 0 0 0 0 0 0 0 0 0 0 0 0 0 0 0 0 0 0 0 0 
  INPUT ---       0 0 0 0 0 0 0 0 0 0 0 0 0 0;
  INPUT ---        1 24 0 0 0 0 0 0 0 0 0 0 0 0 0 0 0 0 0 0 0 0 0 0 0 0 0 0 0 
  INPUT ---       0 0 0 0 0 0 0 0 0 0 0 0 0 0;
  INPUT ---        1 25 0 0 0 0 0 0 0 0 0 0 0 0 0 0 0 0 0 0 0 0 0 0 0 0 0 0 0 
  INPUT ---       0 0 0 0 0 0 0 0 0 0 0 0 0 0;
  INPUT ---        1 26 0 0 0 0 0 0 0 0 0 0 0 0 0 0 0 0 0 0 0 0 0 0 0 0 0 0 0 

  Program  MARK  - Survival Rate Estimation with Capture-Recapture Data
   gfortran(Win64) Vers. 8.2 Mar 2017   11-Apr-2017 09:07:59    Page  012
 - - - - - - - - - - - - - - - - - - - - - - - - - - - - - - - - - - - - - -
 
  INPUT ---       0 0 0 0 0 0 0 0 0 0 0 0 0 0;
  INPUT ---        1 27 0 0 0 0 0 0 0 0 0 0 0 0 0 0 0 0 0 0 0 0 0 0 0 0 0 0 0 
  INPUT ---       0 0 0 0 0 0 0 0 0 0 0 0 0 0;
  INPUT ---        1 28 0 0 0 0 0 0 0 0 0 0 0 0 0 0 0 0 0 0 0 0 0 0 0 0 0 0 0 
  INPUT ---       0 0 0 0 0 0 0 0 0 0 0 0 0 0;
  INPUT ---        1 29 0 0 0 0 0 0 0 0 0 0 0 0 0 0 0 0 0 0 0 0 0 0 0 0 0 0 0 
  INPUT ---       0 0 0 0 0 0 0 0 0 0 0 0 0 0;
  INPUT ---        1 30 0 0 0 0 0 0 0 0 0 0 0 0 0 0 0 0 0 0 0 0 0 0 0 0 0 0 0 
  INPUT ---       0 0 0 0 0 0 0 0 0 0 0 0 0 0;
  INPUT ---        1 31 0 0 0 0 0 0 0 0 0 0 0 0 0 0 0 0 0 0 0 0 0 0 0 0 0 0 0 
  INPUT ---       0 0 0 0 0 0 0 0 0 0 0 0 0 0;
  INPUT ---        1 32 0 0 0 0 0 0 0 0 0 0 0 0 0 0 0 0 0 0 0 0 0 0 0 0 0 0 0 
  INPUT ---       0 0 0 0 0 0 0 0 0 0 0 0 0 0;
  INPUT ---        1 33 0 0 0 0 0 0 0 0 0 0 0 0 0 0 0 0 0 0 0 0 0 0 0 0 0 0 0 
  INPUT ---       0 0 0 0 0 0 0 0 0 0 0 0 0 0;
  INPUT ---        1 34 0 0 0 0 0 0 0 0 0 0 0 0 0 0 0 0 0 0 0 0 0 0 0 0 0 0 0 
  INPUT ---       0 0 0 0 0 0 0 0 0 0 0 0 0 0;
  INPUT ---        1 35 0 0 0 0 0 0 0 0 0 0 0 0 0 0 0 0 0 0 0 0 0 0 0 0 0 0 0 
  INPUT ---       0 0 0 0 0 0 0 0 0 0 0 0 0 0;
  INPUT ---        1 36 0 0 0 0 0 0 0 0 0 0 0 0 0 0 0 0 0 0 0 0 0 0 0 0 0 0 0 
  INPUT ---       0 0 0 0 0 0 0 0 0 0 0 0 0 0;
  INPUT ---        1 37 0 0 0 0 0 0 0 0 0 0 0 0 0 0 0 0 0 0 0 0 0 0 0 0 0 0 0 
  INPUT ---       0 0 0 0 0 0 0 0 0 0 0 0 0 0;
  INPUT ---        1 38 0 0 0 0 0 0 0 0 0 0 0 0 0 0 0 0 0 0 0 0 0 0 0 0 0 0 0 
  INPUT ---       0 0 0 0 0 0 0 0 0 0 0 0 0 0;
  INPUT ---        1 39 0 0 0 0 0 0 0 0 0 0 0 0 0 0 0 0 0 0 0 0 0 0 0 0 0 0 0 
  INPUT ---       0 0 0 0 0 0 0 0 0 0 0 0 0 0;
  INPUT ---        1 40 0 0 0 0 0 0 0 0 0 0 0 0 0 0 0 0 0 0 0 0 0 0 0 0 0 0 0 
  INPUT ---       0 0 0 0 0 0 0 0 0 0 0 0 0 0;
  INPUT ---        0 0 1 0 0 0 0 0 0 0 0 0 0 0 0 0 0 0 0 0 0 0 0 0 0 0 0 0 0 
  INPUT ---       0 0 0 0 0 0 0 0 0 0 0 0 0 0;
  INPUT ---        0 0 1 1 0 0 0 0 0 0 0 0 0 0 0 0 0 0 0 0 0 0 0 0 0 0 0 0 0 
  INPUT ---       0 0 0 0 0 0 0 0 0 0 0 0 0 0;
  INPUT ---        0 0 1 0 1 0 0 0 0 0 0 0 0 0 0 0 0 0 0 0 0 0 0 0 0 0 0 0 0 
  INPUT ---       0 0 0 0 0 0 0 0 0 0 0 0 0 0;
  INPUT ---        0 0 1 0 0 1 0 0 0 0 0 0 0 0 0 0 0 0 0 0 0 0 0 0 0 0 0 0 0 
  INPUT ---       0 0 0 0 0 0 0 0 0 0 0 0 0 0;
  INPUT ---        0 0 1 0 0 0 1 0 0 0 0 0 0 0 0 0 0 0 0 0 0 0 0 0 0 0 0 0 0 
  INPUT ---       0 0 0 0 0 0 0 0 0 0 0 0 0 0;
  INPUT ---        0 0 1 0 0 0 0 1 0 0 0 0 0 0 0 0 0 0 0 0 0 0 0 0 0 0 0 0 0 
  INPUT ---       0 0 0 0 0 0 0 0 0 0 0 0 0 0;
  INPUT ---        0 0 1 0 0 0 0 0 1 0 0 0 0 0 0 0 0 0 0 0 0 0 0 0 0 0 0 0 0 
  INPUT ---       0 0 0 0 0 0 0 0 0 0 0 0 0 0;
  INPUT ---        0 0 1 0 0 0 0 0 0 1 0 0 0 0 0 0 0 0 0 0 0 0 0 0 0 0 0 0 0 
  INPUT ---       0 0 0 0 0 0 0 0 0 0 0 0 0 0;
  INPUT ---        0 0 1 0 0 0 0 0 0 0 1 0 0 0 0 0 0 0 0 0 0 0 0 0 0 0 0 0 0 

  Program  MARK  - Survival Rate Estimation with Capture-Recapture Data
   gfortran(Win64) Vers. 8.2 Mar 2017   11-Apr-2017 09:07:59    Page  013
 - - - - - - - - - - - - - - - - - - - - - - - - - - - - - - - - - - - - - -
 
  INPUT ---       0 0 0 0 0 0 0 0 0 0 0 0 0 0;
  INPUT ---        0 0 1 0 0 0 0 0 0 0 0 1 0 0 0 0 0 0 0 0 0 0 0 0 0 0 0 0 0 
  INPUT ---       0 0 0 0 0 0 0 0 0 0 0 0 0 0;
  INPUT ---        0 0 1 0 0 0 0 0 0 0 0 0 1 0 0 0 0 0 0 0 0 0 0 0 0 0 0 0 0 
  INPUT ---       0 0 0 0 0 0 0 0 0 0 0 0 0 0;
  INPUT ---        0 0 1 0 0 0 0 0 0 0 0 0 0 1 0 0 0 0 0 0 0 0 0 0 0 0 0 0 0 
  INPUT ---       0 0 0 0 0 0 0 0 0 0 0 0 0 0;
  INPUT ---        0 0 1 0 0 0 0 0 0 0 0 0 0 0 1 0 0 0 0 0 0 0 0 0 0 0 0 0 0 
  INPUT ---       0 0 0 0 0 0 0 0 0 0 0 0 0 0;
  INPUT ---        0 0 1 0 0 0 0 0 0 0 0 0 0 0 0 1 0 0 0 0 0 0 0 0 0 0 0 0 0 
  INPUT ---       0 0 0 0 0 0 0 0 0 0 0 0 0 0;
  INPUT ---        0 0 1 0 0 0 0 0 0 0 0 0 0 0 0 0 1 0 0 0 0 0 0 0 0 0 0 0 0 
  INPUT ---       0 0 0 0 0 0 0 0 0 0 0 0 0 0;
  INPUT ---        0 0 1 0 0 0 0 0 0 0 0 0 0 0 0 0 0 1 0 0 0 0 0 0 0 0 0 0 0 
  INPUT ---       0 0 0 0 0 0 0 0 0 0 0 0 0 0;
  INPUT ---        0 0 1 0 0 0 0 0 0 0 0 0 0 0 0 0 0 0 1 0 0 0 0 0 0 0 0 0 0 
  INPUT ---       0 0 0 0 0 0 0 0 0 0 0 0 0 0;
  INPUT ---        0 0 1 0 0 0 0 0 0 0 0 0 0 0 0 0 0 0 0 1 0 0 0 0 0 0 0 0 0 
  INPUT ---       0 0 0 0 0 0 0 0 0 0 0 0 0 0;
  INPUT ---        0 0 1 0 0 0 0 0 0 0 0 0 0 0 0 0 0 0 0 0 1 0 0 0 0 0 0 0 0 
  INPUT ---       0 0 0 0 0 0 0 0 0 0 0 0 0 0;
  INPUT ---        0 0 1 0 0 0 0 0 0 0 0 0 0 0 0 0 0 0 0 0 0 1 0 0 0 0 0 0 0 
  INPUT ---       0 0 0 0 0 0 0 0 0 0 0 0 0 0;
  INPUT ---        0 0 1 0 0 0 0 0 0 0 0 0 0 0 0 0 0 0 0 0 0 0 1 0 0 0 0 0 0 
  INPUT ---       0 0 0 0 0 0 0 0 0 0 0 0 0 0;
  INPUT ---        0 0 1 0 0 0 0 0 0 0 0 0 0 0 0 0 0 0 0 0 0 0 0 1 0 0 0 0 0 
  INPUT ---       0 0 0 0 0 0 0 0 0 0 0 0 0 0;
  INPUT ---        0 0 1 0 0 0 0 0 0 0 0 0 0 0 0 0 0 0 0 0 0 0 0 0 1 0 0 0 0 
  INPUT ---       0 0 0 0 0 0 0 0 0 0 0 0 0 0;
  INPUT ---        0 0 1 0 0 0 0 0 0 0 0 0 0 0 0 0 0 0 0 0 0 0 0 0 0 1 0 0 0 
  INPUT ---       0 0 0 0 0 0 0 0 0 0 0 0 0 0;
  INPUT ---        0 0 1 0 0 0 0 0 0 0 0 0 0 0 0 0 0 0 0 0 0 0 0 0 0 0 1 0 0 
  INPUT ---       0 0 0 0 0 0 0 0 0 0 0 0 0 0;
  INPUT ---        0 0 1 0 0 0 0 0 0 0 0 0 0 0 0 0 0 0 0 0 0 0 0 0 0 0 0 1 0 
  INPUT ---       0 0 0 0 0 0 0 0 0 0 0 0 0 0;
  INPUT ---        0 0 1 0 0 0 0 0 0 0 0 0 0 0 0 0 0 0 0 0 0 0 0 0 0 0 0 0 1 
  INPUT ---       0 0 0 0 0 0 0 0 0 0 0 0 0 0;
  INPUT ---        0 0 1 0 0 0 0 0 0 0 0 0 0 0 0 0 0 0 0 0 0 0 0 0 0 0 0 0 0 
  INPUT ---       1 0 0 0 0 0 0 0 0 0 0 0 0 0;
  INPUT ---        0 0 1 0 0 0 0 0 0 0 0 0 0 0 0 0 0 0 0 0 0 0 0 0 0 0 0 0 0 
  INPUT ---       0 1 0 0 0 0 0 0 0 0 0 0 0 0;
  INPUT ---        0 0 1 0 0 0 0 0 0 0 0 0 0 0 0 0 0 0 0 0 0 0 0 0 0 0 0 0 0 
  INPUT ---       0 0 1 0 0 0 0 0 0 0 0 0 0 0;
  INPUT ---        0 0 1 0 0 0 0 0 0 0 0 0 0 0 0 0 0 0 0 0 0 0 0 0 0 0 0 0 0 
  INPUT ---       0 0 0 1 0 0 0 0 0 0 0 0 0 0;
  INPUT ---        0 0 1 0 0 0 0 0 0 0 0 0 0 0 0 0 0 0 0 0 0 0 0 0 0 0 0 0 0 

  Program  MARK  - Survival Rate Estimation with Capture-Recapture Data
   gfortran(Win64) Vers. 8.2 Mar 2017   11-Apr-2017 09:07:59    Page  014
 - - - - - - - - - - - - - - - - - - - - - - - - - - - - - - - - - - - - - -
 
  INPUT ---       0 0 0 0 1 0 0 0 0 0 0 0 0 0;
  INPUT ---        0 0 1 0 0 0 0 0 0 0 0 0 0 0 0 0 0 0 0 0 0 0 0 0 0 0 0 0 0 
  INPUT ---       0 0 0 0 0 1 0 0 0 0 0 0 0 0;
  INPUT ---        0 0 1 0 0 0 0 0 0 0 0 0 0 0 0 0 0 0 0 0 0 0 0 0 0 0 0 0 0 
  INPUT ---       0 0 0 0 0 0 1 0 0 0 0 0 0 0;
  INPUT ---        0 0 1 0 0 0 0 0 0 0 0 0 0 0 0 0 0 0 0 0 0 0 0 0 0 0 0 0 0 
  INPUT ---       0 0 0 0 0 0 0 1 0 0 0 0 0 0;
  INPUT ---        0 0 1 0 0 0 0 0 0 0 0 0 0 0 0 0 0 0 0 0 0 0 0 0 0 0 0 0 0 
  INPUT ---       0 0 0 0 0 0 0 0 1 0 0 0 0 0;
  INPUT ---        0 0 1 0 0 0 0 0 0 0 0 0 0 0 0 0 0 0 0 0 0 0 0 0 0 0 0 0 0 
  INPUT ---       0 0 0 0 0 0 0 0 0 1 0 0 0 0;
  INPUT ---        0 0 1 0 0 0 0 0 0 0 0 0 0 0 0 0 0 0 0 0 0 0 0 0 0 0 0 0 0 
  INPUT ---       0 0 0 0 0 0 0 0 0 0 1 0 0 0;
  INPUT ---        0 0 1 0 0 0 0 0 0 0 0 0 0 0 0 0 0 0 0 0 0 0 0 0 0 0 0 0 0 
  INPUT ---       0 0 0 0 0 0 0 0 0 0 0 1 0 0;
  INPUT ---        0 0 1 0 0 0 0 0 0 0 0 0 0 0 0 0 0 0 0 0 0 0 0 0 0 0 0 0 0 
  INPUT ---       0 0 0 0 0 0 0 0 0 0 0 0 1 0;
  INPUT ---        0 0 1 0 0 0 0 0 0 0 0 0 0 0 0 0 0 0 0 0 0 0 0 0 0 0 0 0 0 
  INPUT ---       0 0 0 0 0 0 0 0 0 0 0 0 0 1;
  INPUT ---       blabel(1)=Phi:(Intercept);
  INPUT ---       blabel(2)=Phi:Time;
  INPUT ---       blabel(3)=p:(Intercept);
  INPUT ---       blabel(4)=p:time1977;
  INPUT ---       blabel(5)=p:time1978;
  INPUT ---       blabel(6)=p:time1979;
  INPUT ---       blabel(7)=p:time1980;
  INPUT ---       blabel(8)=p:time1981;
  INPUT ---       blabel(9)=p:time1982;
  INPUT ---       blabel(10)=p:time1983;
  INPUT ---       blabel(11)=p:time1984;
  INPUT ---       blabel(12)=p:time1985;
  INPUT ---       blabel(13)=p:time1986;
  INPUT ---       blabel(14)=p:time1987;
  INPUT ---       blabel(15)=p:time1988;
  INPUT ---       blabel(16)=p:time1989;
  INPUT ---       blabel(17)=p:time1990;
  INPUT ---       blabel(18)=p:time1991;
  INPUT ---       blabel(19)=p:time1992;
  INPUT ---       blabel(20)=p:time1993;
  INPUT ---       blabel(21)=p:time1994;
  INPUT ---       blabel(22)=p:time1995;
  INPUT ---       blabel(23)=p:time1996;
  INPUT ---       blabel(24)=p:time1997;
  INPUT ---       blabel(25)=p:time1998;
  INPUT ---       blabel(26)=p:time1999;
  INPUT ---       blabel(27)=p:time2000;

  Program  MARK  - Survival Rate Estimation with Capture-Recapture Data
   gfortran(Win64) Vers. 8.2 Mar 2017   11-Apr-2017 09:07:59    Page  015
 - - - - - - - - - - - - - - - - - - - - - - - - - - - - - - - - - - - - - -
 
  INPUT ---       blabel(28)=p:time2001;
  INPUT ---       blabel(29)=p:time2002;
  INPUT ---       blabel(30)=p:time2003;
  INPUT ---       blabel(31)=p:time2004;
  INPUT ---       blabel(32)=p:time2005;
  INPUT ---       blabel(33)=p:time2006;
  INPUT ---       blabel(34)=p:time2007;
  INPUT ---       blabel(35)=p:time2008;
  INPUT ---       blabel(36)=p:time2009;
  INPUT ---       blabel(37)=p:time2010;
  INPUT ---       blabel(38)=p:time2011;
  INPUT ---       blabel(39)=p:time2012;
  INPUT ---       blabel(40)=p:time2013;
  INPUT ---       blabel(41)=p:time2014;
  INPUT ---       blabel(42)=p:time2015;
  INPUT ---       blabel(43)=p:time2016;
  INPUT ---       rlabel(1)=Phi gHYF c1975 a0 t1975;
  INPUT ---       rlabel(2)=Phi gHYF c1975 a1 t1976;
  INPUT ---       rlabel(3)=Phi gHYF c1975 a2 t1977;
  INPUT ---       rlabel(4)=Phi gHYF c1975 a3 t1978;
  INPUT ---       rlabel(5)=Phi gHYF c1975 a4 t1979;
  INPUT ---       rlabel(6)=Phi gHYF c1975 a5 t1980;
  INPUT ---       rlabel(7)=Phi gHYF c1975 a6 t1981;
  INPUT ---       rlabel(8)=Phi gHYF c1975 a7 t1982;
  INPUT ---       rlabel(9)=Phi gHYF c1975 a8 t1983;
  INPUT ---       rlabel(10)=Phi gHYF c1975 a9 t1984;
  INPUT ---       rlabel(11)=Phi gHYF c1975 a10 t1985;
  INPUT ---       rlabel(12)=Phi gHYF c1975 a11 t1986;
  INPUT ---       rlabel(13)=Phi gHYF c1975 a12 t1987;
  INPUT ---       rlabel(14)=Phi gHYF c1975 a13 t1988;
  INPUT ---       rlabel(15)=Phi gHYF c1975 a14 t1989;
  INPUT ---       rlabel(16)=Phi gHYF c1975 a15 t1990;
  INPUT ---       rlabel(17)=Phi gHYF c1975 a16 t1991;
  INPUT ---       rlabel(18)=Phi gHYF c1975 a17 t1992;
  INPUT ---       rlabel(19)=Phi gHYF c1975 a18 t1993;
  INPUT ---       rlabel(20)=Phi gHYF c1975 a19 t1994;
  INPUT ---       rlabel(21)=Phi gHYF c1975 a20 t1995;
  INPUT ---       rlabel(22)=Phi gHYF c1975 a21 t1996;
  INPUT ---       rlabel(23)=Phi gHYF c1975 a22 t1997;
  INPUT ---       rlabel(24)=Phi gHYF c1975 a23 t1998;
  INPUT ---       rlabel(25)=Phi gHYF c1975 a24 t1999;
  INPUT ---       rlabel(26)=Phi gHYF c1975 a25 t2000;
  INPUT ---       rlabel(27)=Phi gHYF c1975 a26 t2001;
  INPUT ---       rlabel(28)=Phi gHYF c1975 a27 t2002;
  INPUT ---       rlabel(29)=Phi gHYF c1975 a28 t2003;
  INPUT ---       rlabel(30)=Phi gHYF c1975 a29 t2004;

  Program  MARK  - Survival Rate Estimation with Capture-Recapture Data
   gfortran(Win64) Vers. 8.2 Mar 2017   11-Apr-2017 09:07:59    Page  016
 - - - - - - - - - - - - - - - - - - - - - - - - - - - - - - - - - - - - - -
 
  INPUT ---       rlabel(31)=Phi gHYF c1975 a30 t2005;
  INPUT ---       rlabel(32)=Phi gHYF c1975 a31 t2006;
  INPUT ---       rlabel(33)=Phi gHYF c1975 a32 t2007;
  INPUT ---       rlabel(34)=Phi gHYF c1975 a33 t2008;
  INPUT ---       rlabel(35)=Phi gHYF c1975 a34 t2009;
  INPUT ---       rlabel(36)=Phi gHYF c1975 a35 t2010;
  INPUT ---       rlabel(37)=Phi gHYF c1975 a36 t2011;
  INPUT ---       rlabel(38)=Phi gHYF c1975 a37 t2012;
  INPUT ---       rlabel(39)=Phi gHYF c1975 a38 t2013;
  INPUT ---       rlabel(40)=Phi gHYF c1975 a39 t2014;
  INPUT ---       rlabel(41)=Phi gHYF c1975 a40 t2015;
  INPUT ---       rlabel(42)=p gHYF c1975 a1 t1976;
  INPUT ---       rlabel(43)=p gHYF c1975 a2 t1977;
  INPUT ---       rlabel(44)=p gHYF c1975 a3 t1978;
  INPUT ---       rlabel(45)=p gHYF c1975 a4 t1979;
  INPUT ---       rlabel(46)=p gHYF c1975 a5 t1980;
  INPUT ---       rlabel(47)=p gHYF c1975 a6 t1981;
  INPUT ---       rlabel(48)=p gHYF c1975 a7 t1982;
  INPUT ---       rlabel(49)=p gHYF c1975 a8 t1983;
  INPUT ---       rlabel(50)=p gHYF c1975 a9 t1984;
  INPUT ---       rlabel(51)=p gHYF c1975 a10 t1985;
  INPUT ---       rlabel(52)=p gHYF c1975 a11 t1986;
  INPUT ---       rlabel(53)=p gHYF c1975 a12 t1987;
  INPUT ---       rlabel(54)=p gHYF c1975 a13 t1988;
  INPUT ---       rlabel(55)=p gHYF c1975 a14 t1989;
  INPUT ---       rlabel(56)=p gHYF c1975 a15 t1990;
  INPUT ---       rlabel(57)=p gHYF c1975 a16 t1991;
  INPUT ---       rlabel(58)=p gHYF c1975 a17 t1992;
  INPUT ---       rlabel(59)=p gHYF c1975 a18 t1993;
  INPUT ---       rlabel(60)=p gHYF c1975 a19 t1994;
  INPUT ---       rlabel(61)=p gHYF c1975 a20 t1995;
  INPUT ---       rlabel(62)=p gHYF c1975 a21 t1996;
  INPUT ---       rlabel(63)=p gHYF c1975 a22 t1997;
  INPUT ---       rlabel(64)=p gHYF c1975 a23 t1998;
  INPUT ---       rlabel(65)=p gHYF c1975 a24 t1999;
  INPUT ---       rlabel(66)=p gHYF c1975 a25 t2000;
  INPUT ---       rlabel(67)=p gHYF c1975 a26 t2001;
  INPUT ---       rlabel(68)=p gHYF c1975 a27 t2002;
  INPUT ---       rlabel(69)=p gHYF c1975 a28 t2003;
  INPUT ---       rlabel(70)=p gHYF c1975 a29 t2004;
  INPUT ---       rlabel(71)=p gHYF c1975 a30 t2005;
  INPUT ---       rlabel(72)=p gHYF c1975 a31 t2006;
  INPUT ---       rlabel(73)=p gHYF c1975 a32 t2007;
  INPUT ---       rlabel(74)=p gHYF c1975 a33 t2008;
  INPUT ---       rlabel(75)=p gHYF c1975 a34 t2009;
  INPUT ---       rlabel(76)=p gHYF c1975 a35 t2010;

  Program  MARK  - Survival Rate Estimation with Capture-Recapture Data
   gfortran(Win64) Vers. 8.2 Mar 2017   11-Apr-2017 09:07:59    Page  017
 - - - - - - - - - - - - - - - - - - - - - - - - - - - - - - - - - - - - - -
 
  INPUT ---       rlabel(77)=p gHYF c1975 a36 t2011;
  INPUT ---       rlabel(78)=p gHYF c1975 a37 t2012;
  INPUT ---       rlabel(79)=p gHYF c1975 a38 t2013;
  INPUT ---       rlabel(80)=p gHYF c1975 a39 t2014;
  INPUT ---       rlabel(81)=p gHYF c1975 a40 t2015;
  INPUT ---       rlabel(82)=p gHYF c1975 a41 t2016;

 Link Function Used is LOGIT        

 Variance Estimation Procedure Used is 2ndPart 
 -2logL(saturated) = 767.53420     
 Effective Sample Size = 14603

 Number of function evaluations was 104 for 43 parameters.
 Time for numerical optimization was 2.30 seconds.
 -2logL { Phi(~Time)p(~time) } = 4447.4171     
 Penalty { Phi(~Time)p(~time) } = -0.0000000    
 Gradient { Phi(~Time)p(~time) }:
 -0.2465676E-03-0.5899332E-03-0.3324503E-02-0.9152160E-04-0.4101663E-04
  0.5007096E-03 0.8839990E-04 0.1594336E-03-0.2346732E-03  0.000000    
  0.2739653E-03 0.1643969E-03-0.1562662E-03-0.5054706E-03-0.1638964E-03
 -0.4830847E-03 0.4003298E-03-0.5753573E-03-0.4395636E-04-0.6482555E-03
 -0.7752233E-03 0.5503684E-04 0.2383199E-03-0.2127922E-03-0.7417314E-03
  0.6020428E-04-0.5974201E-03 0.9668675E-03 0.1376111E-02 0.2152680E-03
 -0.4541091E-03 0.4559491E-03-0.6981163E-03-0.4131126E-03-0.6730508E-04
 -0.3149590E-03-0.5075493E-03 0.3721182E-03 0.5366725E-04 0.1279848E-03
 -0.5742772E-03-0.1229330E-03-0.2348098E-03
 S Vector { Phi(~Time)p(~time) }:
   952.4362      82.06171      27.66614      24.72405      18.26021    
   17.78117      15.47476      15.05875      14.86628      14.67467    
   14.08712      13.61675      13.39287      12.92801      12.86251    
   12.33480      11.92872      11.58683      11.40509      11.26784    
   10.35143      9.859803      9.286600      8.395892      7.971219    
   7.165270      6.533568      5.327334      4.466947      3.962039    
   3.814679      3.246043      3.040330      2.860547      2.305487    
   2.034524      1.865765      1.370985      1.033917     0.9845667    
  0.8285484     0.1334767E-04 0.1321157E-05
 Time to compute number of parameters was 1.28 seconds.
   Threshold =  0.8800000E-06     Condition index =  0.1387134E-08     New Threshold =  0.8663403E-05

  Program  MARK  - Survival Rate Estimation with Capture-Recapture Data
   gfortran(Win64) Vers. 8.2 Mar 2017   11-Apr-2017 09:08:01    Page  018
 - - - - - - - - - - - - - - - - - - - - - - - - - - - - - - - - - - - - - -
 
 New Guessimate of Estimated Parameters { Phi(~Time)p(~time) } = 41          
 Conditioned S Vector { Phi(~Time)p(~time) }:
   1.000000     0.8615979E-01 0.2904776E-01 0.2595874E-01 0.1917211E-01
  0.1866914E-01 0.1624755E-01 0.1581077E-01 0.1560869E-01 0.1540751E-01
  0.1479062E-01 0.1429675E-01 0.1406169E-01 0.1357362E-01 0.1350486E-01
  0.1295079E-01 0.1252443E-01 0.1216546E-01 0.1197465E-01 0.1183055E-01
  0.1086837E-01 0.1035219E-01 0.9750364E-02 0.8815176E-02 0.8369295E-02
  0.7523097E-02 0.6859848E-02 0.5593377E-02 0.4690022E-02 0.4159900E-02
  0.4005181E-02 0.3408147E-02 0.3192161E-02 0.3003400E-02 0.2420621E-02
  0.2136126E-02 0.1958940E-02 0.1439451E-02 0.1085550E-02 0.1033735E-02
  0.8699254E-03 0.1401424E-07 0.1387134E-08
 Number of Estimated Parameters { Phi(~Time)p(~time) } = 41          
 DEVIANCE { Phi(~Time)p(~time) } = 3679.8829                     
 DEVIANCE Degrees of Freedom { Phi(~Time)p(~time) } = 86            
 c-hat { Phi(~Time)p(~time) } = 42.789336                     
 AIC { Phi(~Time)p(~time) } = 4529.4171                  
 AICc { Phi(~Time)p(~time) } = 4529.6536                    
 BIC { Phi(~Time)p(~time) } = 4840.5654                    
 Pearson Chisquare { Phi(~Time)p(~time) } = 0.2765180E+009             


                    LOGIT Link Function Parameters of { Phi(~Time)p(~time) }
                                                              95% Confidence Interval
 Parameter                    Beta         Standard Error      Lower           Upper
 -------------------------  --------------  --------------  --------------  --------------
    1:Phi:(Intercept)       -0.1065865      0.1975284       -0.4937421      0.2805691     
    2:Phi:Time              -0.0173965      0.0095624       -0.0361388      0.0013458     
    3:p:(Intercept)         -13.499376      0.0000000       -13.499376      -13.499376    
    4:p:time1977            8.9374870       0.0000000       8.9374870       8.9374870     
    5:p:time1978            10.086901       0.0000000       10.086901       10.086901     
    6:p:time1979            9.7168281       0.0000000       9.7168281       9.7168281     
    7:p:time1980            9.2884133       0.0000000       9.2884133       9.2884133     
    8:p:time1981            8.6977132       0.0000000       8.6977132       8.6977132     
    9:p:time1982            9.8516222       0.0000000       9.8516222       9.8516222     
   10:p:time1983            10.488198       0.0000000       10.488198       10.488198     
   11:p:time1984            10.619104       0.0000000       10.619104       10.619104     
   12:p:time1985            10.617854       0.0000000       10.617854       10.617854     
   13:p:time1986            10.640324       0.0000000       10.640324       10.640324     
   14:p:time1987            10.515537       0.0000000       10.515537       10.515537     
   15:p:time1988            9.5434864       0.0000000       9.5434864       9.5434864     
   16:p:time1989            10.296090       0.0000000       10.296090       10.296090     
   17:p:time1990            10.132133       0.0000000       10.132133       10.132133     
   18:p:time1991            10.539459       0.0000000       10.539459       10.539459     
   19:p:time1992            9.3454274       0.0000000       9.3454274       9.3454274     
   20:p:time1993            9.9433072       0.0000000       9.9433072       9.9433072     
   21:p:time1994            10.028113       0.0000000       10.028113       10.028113     
   22:p:time1995            10.567638       0.0000000       10.567638       10.567638     
   23:p:time1996            10.448831       0.0000000       10.448831       10.448831     
   24:p:time1997            10.540066       0.0000000       10.540066       10.540066     
   25:p:time1998            10.403455       0.0000000       10.403455       10.403455     
   26:p:time1999            11.085449       0.0000000       11.085449       11.085449     
   27:p:time2000            10.570015       0.0000000       10.570015       10.570015     
   28:p:time2001            10.664199       0.0000000       10.664199       10.664199     
   29:p:time2002            10.698226       0.0000000       10.698226       10.698226     
   30:p:time2003            10.829839       0.0000000       10.829839       10.829839     

  Program  MARK  - Survival Rate Estimation with Capture-Recapture Data
   gfortran(Win64) Vers. 8.2 Mar 2017   11-Apr-2017 09:08:01    Page  019
 - - - - - - - - - - - - - - - - - - - - - - - - - - - - - - - - - - - - - -
 
   31:p:time2004            10.616304       0.0000000       10.616304       10.616304     
   32:p:time2005            10.569425       0.0000000       10.569425       10.569425     
   33:p:time2006            11.115891       0.0000000       11.115891       11.115891     
   34:p:time2007            10.888456       0.0000000       10.888456       10.888456     
   35:p:time2008            9.8104135       0.0000000       9.8104135       9.8104135     
   36:p:time2009            10.550642       0.0000000       10.550642       10.550642     
   37:p:time2010            10.109990       0.0000000       10.109990       10.109990     
   38:p:time2011            9.7540473       0.0000000       9.7540473       9.7540473     
   39:p:time2012            -2.3893845      257.40654       -506.90622      502.12745     
   40:p:time2013            9.6594084       0.0000000       9.6594084       9.6594084     
   41:p:time2014            10.719533       0.0000000       10.719533       10.719533     
   42:p:time2015            12.316928       0.0000000       12.316928       12.316928     
   43:p:time2016            11.394640       0.0000000       11.394640       11.394640     


                    Real Function Parameters of { Phi(~Time)p(~time) }
                                                               95% Confidence Interval
  Parameter                  Estimate       Standard Error      Lower           Upper
 --------------------------  --------------  --------------  --------------  --------------
     1:Phi gHYF c1975 a0 t1  0.4733786       0.0492421       0.3790124       0.5696858                           
     2:Phi gHYF c1975 a1 t1  0.4690439       0.0470212       0.3789405       0.5612119                           
     3:Phi gHYF c1975 a2 t1  0.4647139       0.0448192       0.3788291       0.5527436                           
     4:Phi gHYF c1975 a3 t1  0.4603892       0.0426403       0.3786723       0.5442924                           
     5:Phi gHYF c1975 a4 t1  0.4560704       0.0404891       0.3784631       0.5358712                           
     6:Phi gHYF c1975 a5 t1  0.4517583       0.0383712       0.3781929       0.5274941                           
     7:Phi gHYF c1975 a6 t1  0.4474534       0.0362927       0.3778514       0.5191774                           
     8:Phi gHYF c1975 a7 t1  0.4431563       0.0342613       0.3774261       0.5109391                           
     9:Phi gHYF c1975 a8 t1  0.4388677       0.0322856       0.3769019       0.5028004                           
    10:Phi gHYF c1975 a9 t1  0.4345883       0.0303762       0.3762604       0.4947855                           
    11:Phi gHYF c1975 a10 t  0.4303186       0.0285456       0.3754792       0.4869226                           
    12:Phi gHYF c1975 a11 t  0.4260592       0.0268086       0.3745311       0.4792446                           
    13:Phi gHYF c1975 a12 t  0.4218107       0.0251831       0.3733834       0.4717900                           
    14:Phi gHYF c1975 a13 t  0.4175738       0.0236896       0.3719977       0.4646028                           
    15:Phi gHYF c1975 a14 t  0.4133491       0.0223520       0.3703295       0.4577332                           
    16:Phi gHYF c1975 a15 t  0.4091370       0.0211964       0.3683296       0.4512359                           
    17:Phi gHYF c1975 a16 t  0.4049383       0.0202501       0.3659466       0.4451675                           
    18:Phi gHYF c1975 a17 t  0.4007534       0.0195390       0.3631320       0.4395821                           
    19:Phi gHYF c1975 a18 t  0.3965829       0.0190843       0.3598463       0.4345243                           
    20:Phi gHYF c1975 a19 t  0.3924274       0.0188990       0.3560662       0.4300222                           
    21:Phi gHYF c1975 a20 t  0.3882875       0.0189851       0.3517901       0.4260824                           
    22:Phi gHYF c1975 a21 t  0.3841635       0.0193328       0.3470394       0.4226882                           
    23:Phi gHYF c1975 a22 t  0.3800562       0.0199220       0.3418558       0.4198026                           
    24:Phi gHYF c1975 a23 t  0.3759660       0.0207259       0.3362943       0.4173747                           
    25:Phi gHYF c1975 a24 t  0.3718934       0.0217142       0.3304165       0.4153473                           
    26:Phi gHYF c1975 a25 t  0.3678389       0.0228566       0.3242836       0.4136630                           
    27:Phi gHYF c1975 a26 t  0.3638030       0.0241252       0.3179528       0.4122685                           

  Program  MARK  - Survival Rate Estimation with Capture-Recapture Data
   gfortran(Win64) Vers. 8.2 Mar 2017   11-Apr-2017 09:08:01    Page  020
 - - - - - - - - - - - - - - - - - - - - - - - - - - - - - - - - - - - - - -
 
    28:Phi gHYF c1975 a27 t  0.3597862       0.0254950       0.3114749       0.4111166                           
    29:Phi gHYF c1975 a28 t  0.3557890       0.0269447       0.3048935       0.4101672                           
    30:Phi gHYF c1975 a29 t  0.3518117       0.0284564       0.2982453       0.4093864                           
    31:Phi gHYF c1975 a30 t  0.3478549       0.0300153       0.2915613       0.4087465                           
    32:Phi gHYF c1975 a31 t  0.3439190       0.0316088       0.2848669       0.4082247                           
    33:Phi gHYF c1975 a32 t  0.3400044       0.0332270       0.2781833       0.4078022                           
    34:Phi gHYF c1975 a33 t  0.3361115       0.0348613       0.2715282       0.4074639                           
    35:Phi gHYF c1975 a34 t  0.3322408       0.0365049       0.2649163       0.4071971                           
    36:Phi gHYF c1975 a35 t  0.3283926       0.0381517       0.2583596       0.4069915                           
    37:Phi gHYF c1975 a36 t  0.3245673       0.0397969       0.2518686       0.4068386                           
    38:Phi gHYF c1975 a37 t  0.3207653       0.0414365       0.2454517       0.4067312                           
    39:Phi gHYF c1975 a38 t  0.3169869       0.0430668       0.2391162       0.4066633                           
    40:Phi gHYF c1975 a39 t  0.3132325       0.0446848       0.2328682       0.4066301                           
    41:Phi gHYF c1975 a40 t  0.3095024       0.0462880       0.2267127       0.4066272                           
    42:p gHYF c1975 a1 t197  0.1371813E-005  0.0000000       0.1371813E-005  0.1371813E-005                      
    43:p gHYF c1975 a2 t197  0.0103344       0.0103845       0.0014253       0.0709747                           
    44:p gHYF c1975 a3 t197  0.0319079       0.0164545       0.0114694       0.0856131                           
    45:p gHYF c1975 a4 t197  0.0222579       0.0132233       0.0068715       0.0696799                           
    46:p gHYF c1975 a5 t198  0.0146153       0.0105469       0.0035180       0.0586581                           
    47:p gHYF c1975 a6 t198  0.0081491       0.0082397       0.0011128       0.0571303                           
    48:p gHYF c1975 a7 t198  0.0253882       0.0130782       0.0091600       0.0683830                           
    49:p gHYF c1975 a8 t198  0.0469235       0.0150064       0.0248713       0.0867881                           
    50:p gHYF c1975 a9 t198  0.0531375       0.0144087       0.0310213       0.0895635                           
    51:p gHYF c1975 a10 t19  0.0530746       0.0145536       0.0307958       0.0899745                           
    52:p gHYF c1975 a11 t19  0.0542153       0.0148503       0.0314715       0.0918371                           
    53:p gHYF c1975 a12 t19  0.0481614       0.0143925       0.0266177       0.0856084                           
    54:p gHYF c1975 a13 t19  0.0187821       0.0086128       0.0076007       0.0456556                           
    55:p gHYF c1975 a14 t19  0.0390423       0.0117832       0.0214812       0.0699336                           
    56:p gHYF c1975 a15 t19  0.0333350       0.0099902       0.0184351       0.0595472                           
    57:p gHYF c1975 a16 t19  0.0492699       0.0116530       0.0308433       0.0778211                           
    58:p gHYF c1975 a17 t19  0.0154595       0.0055724       0.0076034       0.0311778                           
    59:p gHYF c1975 a18 t19  0.0277583       0.0076991       0.0160602       0.0475653                           
    60:p gHYF c1975 a19 t19  0.0301411       0.0086852       0.0170636       0.0527035                           
    61:p gHYF c1975 a20 t19  0.0506068       0.0148341       0.0282807       0.0889449                           
    62:p gHYF c1975 a21 t19  0.0451940       0.0120948       0.0265994       0.0757752                           
    63:p gHYF c1975 a22 t19  0.0492984       0.0124562       0.0298803       0.0802911                           
    64:p gHYF c1975 a23 t19  0.0432758       0.0101004       0.0272767       0.0680033                           
    65:p gHYF c1975 a24 t19  0.0821168       0.0159575       0.0557833       0.1193109                           
    66:p gHYF c1975 a25 t20  0.0507211       0.0144056       0.0288667       0.0876282                           
    67:p gHYF c1975 a26 t20  0.0554526       0.0157040       0.0315896       0.0955631                           
    68:p gHYF c1975 a27 t20  0.0572621       0.0152403       0.0337485       0.0955385                           
    69:p gHYF c1975 a28 t20  0.0647950       0.0170442       0.0383892       0.1073365                           
    70:p gHYF c1975 a29 t20  0.0529967       0.0171405       0.0278559       0.0985283                           
    71:p gHYF c1975 a30 t20  0.0506927       0.0203320       0.0227973       0.1089173                           
    72:p gHYF c1975 a31 t20  0.0844408       0.0276034       0.0438016       0.1566096                           
    73:p gHYF c1975 a32 t20  0.0684390       0.0258895       0.0320827       0.1400340                           

  Program  MARK  - Survival Rate Estimation with Capture-Recapture Data
   gfortran(Win64) Vers. 8.2 Mar 2017   11-Apr-2017 09:08:01    Page  021
 - - - - - - - - - - - - - - - - - - - - - - - - - - - - - - - - - - - - - -
 
    74:p gHYF c1975 a33 t20  0.0243883       0.0144594       0.0075393       0.0760082                           
    75:p gHYF c1975 a34 t20  0.0497964       0.0262311       0.0173731       0.1344512                           
    76:p gHYF c1975 a35 t20  0.0326288       0.0194480       0.0099812       0.1014016                           
    77:p gHYF c1975 a36 t20  0.0230825       0.0167332       0.0054876       0.0918803                           
    78:p gHYF c1975 a37 t20  0.1257764E-006  0.3427341E-004  0.1403812E-238  1.0000000                           
    79:p gHYF c1975 a38 t20  0.0210420       0.0214716       0.0027788       0.1422209                           
    80:p gHYF c1975 a39 t20  0.0584232       0.0432206       0.0131280       0.2244541                           
    81:p gHYF c1975 a40 t20  0.2346123       0.0788696       0.1147302       0.4202891                           
    82:p gHYF c1975 a41 t20  0.1086374       0.0376605       0.0538089       0.2071048                           

 Attempted ordering of parameters by estimatibility:
   1  3 26  2 25 18 24 30 29 11 13 23 12 20 27 28 21 22 14 17 16 31 33 10 43
  19 34 32 42 15  9 36  5 35 37  6 38  7 41  4 40 39  8
 Beta number 8 is a singular value.

     CPU Time in seconds for last procedure was 3.64


  INPUT --- proc stop;

     CPU Time in minutes for this job was 0.06

     Time Start = 09:07:59.431   Time End = 09:08:01.443

     Wall Clock Time in minutes for this job was 0.03


          E X E C U T I O N   S U C C E S S F U L 
