
   Program  MARK  - Survival Rate Estimation with Capture-Recapture Data
   gfortran(Win64) Vers. 8.2 Mar 2017   11-Apr-2017 09:29:29    Page  001
 - - - - - - - - - - - - - - - - - - - - - - - - - - - - - - - - - - - - - -
 
   This version was compiled by GCC version 5.3.0 using the options: 
     -cpp -iprefix c:\tdm-gcc-64\gcc\bin\../lib/gcc/x86_64-w64-mingw32/5.3.0/ -D_MT
     -U_REENTRANT -D IEEE -m64 -mtune=generic -march=x86-64 -mthreads -O3
     -fimplicit-none -fbounds-check -ffpe-summary=invalid,zero,overflow,underflow
     -fno-unsafe-math-optimizations -frounding-math -fsignaling-nans -fopenmp.

   This problem will use 3 of 4 possible threads.


  INPUT --- proc title ;

     CPU Time in seconds for last procedure was 0.00


  INPUT --- proc chmatrix occasions= 42 groups= 3 etype= Live ICMeans 
  INPUT --- NoHist hist= 238 ;

  INPUT ---    time  interval 1 1 1 1 1 1 1 1 1 1 1 1 1 1 1 1 1 1 1 1 1 1 
  INPUT ---    1 1 1 1 1 1 1 1 1 1 1 1 1 1 1 1 1 1 1 ;

  INPUT ---    glabel(1)=ageHY.sexF;

  INPUT ---    glabel(2)=ageHY.sexM;

  INPUT ---    glabel(3)=ageHY.sexU;

   * *  WARNING  * *   At least a pair of the encounter histories are duplicates. 

      Number of unique encounter histories read was 194.

      Number of individual covariates read was 0.
      Time interval lengths are all equal to 1.

      Data type number is 1
      Data type is Live Recaptures (CJS)                                                                               

     CPU Time in seconds for last procedure was 0.05

  Program  MARK  - Survival Rate Estimation with Capture-Recapture Data
   gfortran(Win64) Vers. 8.2 Mar 2017   11-Apr-2017 09:29:29    Page  002
 - - - - - - - - - - - - - - - - - - - - - - - - - - - - - - - - - - - - - -
 


  INPUT --- proc estimate link=Logit NOLOOP varest=2ndPart    ;


  INPUT --- model={ Phi(~age)p(~1) };

  INPUT ---    group=1 Phi    rows=41 cols=41 Triang ;
  INPUT ---        1 1 2 3 3 3 3 3 3 3 3 3 3 3 3 3 3 3 3 3 3 3 3 3 3 3 3 3 3 
  INPUT ---       3 3 3 3 3 3 3 3 3 3 3 3 ;
  INPUT ---        1 1 2 3 3 3 3 3 3 3 3 3 3 3 3 3 3 3 3 3 3 3 3 3 3 3 3 3 3 
  INPUT ---       3 3 3 3 3 3 3 3 3 3 3 ;
  INPUT ---        1 1 2 3 3 3 3 3 3 3 3 3 3 3 3 3 3 3 3 3 3 3 3 3 3 3 3 3 3 
  INPUT ---       3 3 3 3 3 3 3 3 3 3 ;
  INPUT ---        1 1 2 3 3 3 3 3 3 3 3 3 3 3 3 3 3 3 3 3 3 3 3 3 3 3 3 3 3 
  INPUT ---       3 3 3 3 3 3 3 3 3 ;
  INPUT ---        1 1 2 3 3 3 3 3 3 3 3 3 3 3 3 3 3 3 3 3 3 3 3 3 3 3 3 3 3 
  INPUT ---       3 3 3 3 3 3 3 3 ;
  INPUT ---        1 1 2 3 3 3 3 3 3 3 3 3 3 3 3 3 3 3 3 3 3 3 3 3 3 3 3 3 3 
  INPUT ---       3 3 3 3 3 3 3 ;
  INPUT ---        1 1 2 3 3 3 3 3 3 3 3 3 3 3 3 3 3 3 3 3 3 3 3 3 3 3 3 3 3 
  INPUT ---       3 3 3 3 3 3 ;
  INPUT ---        1 1 2 3 3 3 3 3 3 3 3 3 3 3 3 3 3 3 3 3 3 3 3 3 3 3 3 3 3 
  INPUT ---       3 3 3 3 3 ;
  INPUT ---        1 1 2 3 3 3 3 3 3 3 3 3 3 3 3 3 3 3 3 3 3 3 3 3 3 3 3 3 3 
  INPUT ---       3 3 3 3 ;
  INPUT ---        1 1 2 3 3 3 3 3 3 3 3 3 3 3 3 3 3 3 3 3 3 3 3 3 3 3 3 3 3 
  INPUT ---       3 3 3 ;
  INPUT ---        1 1 2 3 3 3 3 3 3 3 3 3 3 3 3 3 3 3 3 3 3 3 3 3 3 3 3 3 3 
  INPUT ---       3 3 ;
  INPUT ---        1 1 2 3 3 3 3 3 3 3 3 3 3 3 3 3 3 3 3 3 3 3 3 3 3 3 3 3 3 
  INPUT ---       3 ;
  INPUT ---        1 1 2 3 3 3 3 3 3 3 3 3 3 3 3 3 3 3 3 3 3 3 3 3 3 3 3 3 3 ;
  INPUT ---        1 1 2 3 3 3 3 3 3 3 3 3 3 3 3 3 3 3 3 3 3 3 3 3 3 3 3 3 ;
  INPUT ---        1 1 2 3 3 3 3 3 3 3 3 3 3 3 3 3 3 3 3 3 3 3 3 3 3 3 3 ;
  INPUT ---        1 1 2 3 3 3 3 3 3 3 3 3 3 3 3 3 3 3 3 3 3 3 3 3 3 3 ;
  INPUT ---        1 1 2 3 3 3 3 3 3 3 3 3 3 3 3 3 3 3 3 3 3 3 3 3 3 ;
  INPUT ---        1 1 2 3 3 3 3 3 3 3 3 3 3 3 3 3 3 3 3 3 3 3 3 3 ;
  INPUT ---        1 1 2 3 3 3 3 3 3 3 3 3 3 3 3 3 3 3 3 3 3 3 3 ;
  INPUT ---        1 1 2 3 3 3 3 3 3 3 3 3 3 3 3 3 3 3 3 3 3 3 ;
  INPUT ---        1 1 2 3 3 3 3 3 3 3 3 3 3 3 3 3 3 3 3 3 3 ;
  INPUT ---        1 1 2 3 3 3 3 3 3 3 3 3 3 3 3 3 3 3 3 3 ;
  INPUT ---        1 1 2 3 3 3 3 3 3 3 3 3 3 3 3 3 3 3 3 ;
  INPUT ---        1 1 2 3 3 3 3 3 3 3 3 3 3 3 3 3 3 3 ;
  INPUT ---        1 1 2 3 3 3 3 3 3 3 3 3 3 3 3 3 3 ;
  INPUT ---        1 1 2 3 3 3 3 3 3 3 3 3 3 3 3 3 ;

  Program  MARK  - Survival Rate Estimation with Capture-Recapture Data
   gfortran(Win64) Vers. 8.2 Mar 2017   11-Apr-2017 09:29:29    Page  003
 - - - - - - - - - - - - - - - - - - - - - - - - - - - - - - - - - - - - - -
 
  INPUT ---        1 1 2 3 3 3 3 3 3 3 3 3 3 3 3 ;
  INPUT ---        1 1 2 3 3 3 3 3 3 3 3 3 3 3 ;
  INPUT ---        1 1 2 3 3 3 3 3 3 3 3 3 3 ;
  INPUT ---        1 1 2 3 3 3 3 3 3 3 3 3 ;
  INPUT ---        1 1 2 3 3 3 3 3 3 3 3 ;
  INPUT ---        1 1 2 3 3 3 3 3 3 3 ;
  INPUT ---        1 1 2 3 3 3 3 3 3 ;
  INPUT ---        1 1 2 3 3 3 3 3 ;
  INPUT ---        1 1 2 3 3 3 3 ;
  INPUT ---        1 1 2 3 3 3 ;
  INPUT ---        1 1 2 3 3 ;
  INPUT ---        1 1 2 3 ;
  INPUT ---        1 1 2 ;
  INPUT ---        1 1 ;
  INPUT ---        1 ;

  INPUT ---    group=2 Phi    rows=41 cols=41 Triang ;
  INPUT ---        1 1 2 3 3 3 3 3 3 3 3 3 3 3 3 3 3 3 3 3 3 3 3 3 3 3 3 3 3 
  INPUT ---       3 3 3 3 3 3 3 3 3 3 3 3 ;
  INPUT ---        1 1 2 3 3 3 3 3 3 3 3 3 3 3 3 3 3 3 3 3 3 3 3 3 3 3 3 3 3 
  INPUT ---       3 3 3 3 3 3 3 3 3 3 3 ;
  INPUT ---        1 1 2 3 3 3 3 3 3 3 3 3 3 3 3 3 3 3 3 3 3 3 3 3 3 3 3 3 3 
  INPUT ---       3 3 3 3 3 3 3 3 3 3 ;
  INPUT ---        1 1 2 3 3 3 3 3 3 3 3 3 3 3 3 3 3 3 3 3 3 3 3 3 3 3 3 3 3 
  INPUT ---       3 3 3 3 3 3 3 3 3 ;
  INPUT ---        1 1 2 3 3 3 3 3 3 3 3 3 3 3 3 3 3 3 3 3 3 3 3 3 3 3 3 3 3 
  INPUT ---       3 3 3 3 3 3 3 3 ;
  INPUT ---        1 1 2 3 3 3 3 3 3 3 3 3 3 3 3 3 3 3 3 3 3 3 3 3 3 3 3 3 3 
  INPUT ---       3 3 3 3 3 3 3 ;
  INPUT ---        1 1 2 3 3 3 3 3 3 3 3 3 3 3 3 3 3 3 3 3 3 3 3 3 3 3 3 3 3 
  INPUT ---       3 3 3 3 3 3 ;
  INPUT ---        1 1 2 3 3 3 3 3 3 3 3 3 3 3 3 3 3 3 3 3 3 3 3 3 3 3 3 3 3 
  INPUT ---       3 3 3 3 3 ;
  INPUT ---        1 1 2 3 3 3 3 3 3 3 3 3 3 3 3 3 3 3 3 3 3 3 3 3 3 3 3 3 3 
  INPUT ---       3 3 3 3 ;
  INPUT ---        1 1 2 3 3 3 3 3 3 3 3 3 3 3 3 3 3 3 3 3 3 3 3 3 3 3 3 3 3 
  INPUT ---       3 3 3 ;
  INPUT ---        1 1 2 3 3 3 3 3 3 3 3 3 3 3 3 3 3 3 3 3 3 3 3 3 3 3 3 3 3 
  INPUT ---       3 3 ;
  INPUT ---        1 1 2 3 3 3 3 3 3 3 3 3 3 3 3 3 3 3 3 3 3 3 3 3 3 3 3 3 3 
  INPUT ---       3 ;
  INPUT ---        1 1 2 3 3 3 3 3 3 3 3 3 3 3 3 3 3 3 3 3 3 3 3 3 3 3 3 3 3 ;
  INPUT ---        1 1 2 3 3 3 3 3 3 3 3 3 3 3 3 3 3 3 3 3 3 3 3 3 3 3 3 3 ;
  INPUT ---        1 1 2 3 3 3 3 3 3 3 3 3 3 3 3 3 3 3 3 3 3 3 3 3 3 3 3 ;
  INPUT ---        1 1 2 3 3 3 3 3 3 3 3 3 3 3 3 3 3 3 3 3 3 3 3 3 3 3 ;
  INPUT ---        1 1 2 3 3 3 3 3 3 3 3 3 3 3 3 3 3 3 3 3 3 3 3 3 3 ;

  Program  MARK  - Survival Rate Estimation with Capture-Recapture Data
   gfortran(Win64) Vers. 8.2 Mar 2017   11-Apr-2017 09:29:29    Page  004
 - - - - - - - - - - - - - - - - - - - - - - - - - - - - - - - - - - - - - -
 
  INPUT ---        1 1 2 3 3 3 3 3 3 3 3 3 3 3 3 3 3 3 3 3 3 3 3 3 ;
  INPUT ---        1 1 2 3 3 3 3 3 3 3 3 3 3 3 3 3 3 3 3 3 3 3 3 ;
  INPUT ---        1 1 2 3 3 3 3 3 3 3 3 3 3 3 3 3 3 3 3 3 3 3 ;
  INPUT ---        1 1 2 3 3 3 3 3 3 3 3 3 3 3 3 3 3 3 3 3 3 ;
  INPUT ---        1 1 2 3 3 3 3 3 3 3 3 3 3 3 3 3 3 3 3 3 ;
  INPUT ---        1 1 2 3 3 3 3 3 3 3 3 3 3 3 3 3 3 3 3 ;
  INPUT ---        1 1 2 3 3 3 3 3 3 3 3 3 3 3 3 3 3 3 ;
  INPUT ---        1 1 2 3 3 3 3 3 3 3 3 3 3 3 3 3 3 ;
  INPUT ---        1 1 2 3 3 3 3 3 3 3 3 3 3 3 3 3 ;
  INPUT ---        1 1 2 3 3 3 3 3 3 3 3 3 3 3 3 ;
  INPUT ---        1 1 2 3 3 3 3 3 3 3 3 3 3 3 ;
  INPUT ---        1 1 2 3 3 3 3 3 3 3 3 3 3 ;
  INPUT ---        1 1 2 3 3 3 3 3 3 3 3 3 ;
  INPUT ---        1 1 2 3 3 3 3 3 3 3 3 ;
  INPUT ---        1 1 2 3 3 3 3 3 3 3 ;
  INPUT ---        1 1 2 3 3 3 3 3 3 ;
  INPUT ---        1 1 2 3 3 3 3 3 ;
  INPUT ---        1 1 2 3 3 3 3 ;
  INPUT ---        1 1 2 3 3 3 ;
  INPUT ---        1 1 2 3 3 ;
  INPUT ---        1 1 2 3 ;
  INPUT ---        1 1 2 ;
  INPUT ---        1 1 ;
  INPUT ---        1 ;

  INPUT ---    group=3 Phi    rows=41 cols=41 Triang ;
  INPUT ---        1 1 2 3 3 3 3 3 3 3 3 3 3 3 3 3 3 3 3 3 3 3 3 3 3 3 3 3 3 
  INPUT ---       3 3 3 3 3 3 3 3 3 3 3 3 ;
  INPUT ---        1 1 2 3 3 3 3 3 3 3 3 3 3 3 3 3 3 3 3 3 3 3 3 3 3 3 3 3 3 
  INPUT ---       3 3 3 3 3 3 3 3 3 3 3 ;
  INPUT ---        1 1 2 3 3 3 3 3 3 3 3 3 3 3 3 3 3 3 3 3 3 3 3 3 3 3 3 3 3 
  INPUT ---       3 3 3 3 3 3 3 3 3 3 ;
  INPUT ---        1 1 2 3 3 3 3 3 3 3 3 3 3 3 3 3 3 3 3 3 3 3 3 3 3 3 3 3 3 
  INPUT ---       3 3 3 3 3 3 3 3 3 ;
  INPUT ---        1 1 2 3 3 3 3 3 3 3 3 3 3 3 3 3 3 3 3 3 3 3 3 3 3 3 3 3 3 
  INPUT ---       3 3 3 3 3 3 3 3 ;
  INPUT ---        1 1 2 3 3 3 3 3 3 3 3 3 3 3 3 3 3 3 3 3 3 3 3 3 3 3 3 3 3 
  INPUT ---       3 3 3 3 3 3 3 ;
  INPUT ---        1 1 2 3 3 3 3 3 3 3 3 3 3 3 3 3 3 3 3 3 3 3 3 3 3 3 3 3 3 
  INPUT ---       3 3 3 3 3 3 ;
  INPUT ---        1 1 2 3 3 3 3 3 3 3 3 3 3 3 3 3 3 3 3 3 3 3 3 3 3 3 3 3 3 
  INPUT ---       3 3 3 3 3 ;
  INPUT ---        1 1 2 3 3 3 3 3 3 3 3 3 3 3 3 3 3 3 3 3 3 3 3 3 3 3 3 3 3 
  INPUT ---       3 3 3 3 ;
  INPUT ---        1 1 2 3 3 3 3 3 3 3 3 3 3 3 3 3 3 3 3 3 3 3 3 3 3 3 3 3 3 
  INPUT ---       3 3 3 ;

  Program  MARK  - Survival Rate Estimation with Capture-Recapture Data
   gfortran(Win64) Vers. 8.2 Mar 2017   11-Apr-2017 09:29:29    Page  005
 - - - - - - - - - - - - - - - - - - - - - - - - - - - - - - - - - - - - - -
 
  INPUT ---        1 1 2 3 3 3 3 3 3 3 3 3 3 3 3 3 3 3 3 3 3 3 3 3 3 3 3 3 3 
  INPUT ---       3 3 ;
  INPUT ---        1 1 2 3 3 3 3 3 3 3 3 3 3 3 3 3 3 3 3 3 3 3 3 3 3 3 3 3 3 
  INPUT ---       3 ;
  INPUT ---        1 1 2 3 3 3 3 3 3 3 3 3 3 3 3 3 3 3 3 3 3 3 3 3 3 3 3 3 3 ;
  INPUT ---        1 1 2 3 3 3 3 3 3 3 3 3 3 3 3 3 3 3 3 3 3 3 3 3 3 3 3 3 ;
  INPUT ---        1 1 2 3 3 3 3 3 3 3 3 3 3 3 3 3 3 3 3 3 3 3 3 3 3 3 3 ;
  INPUT ---        1 1 2 3 3 3 3 3 3 3 3 3 3 3 3 3 3 3 3 3 3 3 3 3 3 3 ;
  INPUT ---        1 1 2 3 3 3 3 3 3 3 3 3 3 3 3 3 3 3 3 3 3 3 3 3 3 ;
  INPUT ---        1 1 2 3 3 3 3 3 3 3 3 3 3 3 3 3 3 3 3 3 3 3 3 3 ;
  INPUT ---        1 1 2 3 3 3 3 3 3 3 3 3 3 3 3 3 3 3 3 3 3 3 3 ;
  INPUT ---        1 1 2 3 3 3 3 3 3 3 3 3 3 3 3 3 3 3 3 3 3 3 ;
  INPUT ---        1 1 2 3 3 3 3 3 3 3 3 3 3 3 3 3 3 3 3 3 3 ;
  INPUT ---        1 1 2 3 3 3 3 3 3 3 3 3 3 3 3 3 3 3 3 3 ;
  INPUT ---        1 1 2 3 3 3 3 3 3 3 3 3 3 3 3 3 3 3 3 ;
  INPUT ---        1 1 2 3 3 3 3 3 3 3 3 3 3 3 3 3 3 3 ;
  INPUT ---        1 1 2 3 3 3 3 3 3 3 3 3 3 3 3 3 3 ;
  INPUT ---        1 1 2 3 3 3 3 3 3 3 3 3 3 3 3 3 ;
  INPUT ---        1 1 2 3 3 3 3 3 3 3 3 3 3 3 3 ;
  INPUT ---        1 1 2 3 3 3 3 3 3 3 3 3 3 3 ;
  INPUT ---        1 1 2 3 3 3 3 3 3 3 3 3 3 ;
  INPUT ---        1 1 2 3 3 3 3 3 3 3 3 3 ;
  INPUT ---        1 1 2 3 3 3 3 3 3 3 3 ;
  INPUT ---        1 1 2 3 3 3 3 3 3 3 ;
  INPUT ---        1 1 2 3 3 3 3 3 3 ;
  INPUT ---        1 1 2 3 3 3 3 3 ;
  INPUT ---        1 1 2 3 3 3 3 ;
  INPUT ---        1 1 2 3 3 3 ;
  INPUT ---        1 1 2 3 3 ;
  INPUT ---        1 1 2 3 ;
  INPUT ---        1 1 2 ;
  INPUT ---        1 1 ;
  INPUT ---        1 ;

  INPUT ---    group=1 p    rows=41 cols=41 Triang ;
  INPUT ---        4 4 4 4 4 4 4 4 4 4 4 4 4 4 4 4 4 4 4 4 4 4 4 4 4 4 4 4 4 
  INPUT ---       4 4 4 4 4 4 4 4 4 4 4 4 ;
  INPUT ---        4 4 4 4 4 4 4 4 4 4 4 4 4 4 4 4 4 4 4 4 4 4 4 4 4 4 4 4 4 
  INPUT ---       4 4 4 4 4 4 4 4 4 4 4 ;
  INPUT ---        4 4 4 4 4 4 4 4 4 4 4 4 4 4 4 4 4 4 4 4 4 4 4 4 4 4 4 4 4 
  INPUT ---       4 4 4 4 4 4 4 4 4 4 ;
  INPUT ---        4 4 4 4 4 4 4 4 4 4 4 4 4 4 4 4 4 4 4 4 4 4 4 4 4 4 4 4 4 
  INPUT ---       4 4 4 4 4 4 4 4 4 ;
  INPUT ---        4 4 4 4 4 4 4 4 4 4 4 4 4 4 4 4 4 4 4 4 4 4 4 4 4 4 4 4 4 
  INPUT ---       4 4 4 4 4 4 4 4 ;
  INPUT ---        4 4 4 4 4 4 4 4 4 4 4 4 4 4 4 4 4 4 4 4 4 4 4 4 4 4 4 4 4 

  Program  MARK  - Survival Rate Estimation with Capture-Recapture Data
   gfortran(Win64) Vers. 8.2 Mar 2017   11-Apr-2017 09:29:29    Page  006
 - - - - - - - - - - - - - - - - - - - - - - - - - - - - - - - - - - - - - -
 
  INPUT ---       4 4 4 4 4 4 4 ;
  INPUT ---        4 4 4 4 4 4 4 4 4 4 4 4 4 4 4 4 4 4 4 4 4 4 4 4 4 4 4 4 4 
  INPUT ---       4 4 4 4 4 4 ;
  INPUT ---        4 4 4 4 4 4 4 4 4 4 4 4 4 4 4 4 4 4 4 4 4 4 4 4 4 4 4 4 4 
  INPUT ---       4 4 4 4 4 ;
  INPUT ---        4 4 4 4 4 4 4 4 4 4 4 4 4 4 4 4 4 4 4 4 4 4 4 4 4 4 4 4 4 
  INPUT ---       4 4 4 4 ;
  INPUT ---        4 4 4 4 4 4 4 4 4 4 4 4 4 4 4 4 4 4 4 4 4 4 4 4 4 4 4 4 4 
  INPUT ---       4 4 4 ;
  INPUT ---        4 4 4 4 4 4 4 4 4 4 4 4 4 4 4 4 4 4 4 4 4 4 4 4 4 4 4 4 4 
  INPUT ---       4 4 ;
  INPUT ---        4 4 4 4 4 4 4 4 4 4 4 4 4 4 4 4 4 4 4 4 4 4 4 4 4 4 4 4 4 
  INPUT ---       4 ;
  INPUT ---        4 4 4 4 4 4 4 4 4 4 4 4 4 4 4 4 4 4 4 4 4 4 4 4 4 4 4 4 4 ;
  INPUT ---        4 4 4 4 4 4 4 4 4 4 4 4 4 4 4 4 4 4 4 4 4 4 4 4 4 4 4 4 ;
  INPUT ---        4 4 4 4 4 4 4 4 4 4 4 4 4 4 4 4 4 4 4 4 4 4 4 4 4 4 4 ;
  INPUT ---        4 4 4 4 4 4 4 4 4 4 4 4 4 4 4 4 4 4 4 4 4 4 4 4 4 4 ;
  INPUT ---        4 4 4 4 4 4 4 4 4 4 4 4 4 4 4 4 4 4 4 4 4 4 4 4 4 ;
  INPUT ---        4 4 4 4 4 4 4 4 4 4 4 4 4 4 4 4 4 4 4 4 4 4 4 4 ;
  INPUT ---        4 4 4 4 4 4 4 4 4 4 4 4 4 4 4 4 4 4 4 4 4 4 4 ;
  INPUT ---        4 4 4 4 4 4 4 4 4 4 4 4 4 4 4 4 4 4 4 4 4 4 ;
  INPUT ---        4 4 4 4 4 4 4 4 4 4 4 4 4 4 4 4 4 4 4 4 4 ;
  INPUT ---        4 4 4 4 4 4 4 4 4 4 4 4 4 4 4 4 4 4 4 4 ;
  INPUT ---        4 4 4 4 4 4 4 4 4 4 4 4 4 4 4 4 4 4 4 ;
  INPUT ---        4 4 4 4 4 4 4 4 4 4 4 4 4 4 4 4 4 4 ;
  INPUT ---        4 4 4 4 4 4 4 4 4 4 4 4 4 4 4 4 4 ;
  INPUT ---        4 4 4 4 4 4 4 4 4 4 4 4 4 4 4 4 ;
  INPUT ---        4 4 4 4 4 4 4 4 4 4 4 4 4 4 4 ;
  INPUT ---        4 4 4 4 4 4 4 4 4 4 4 4 4 4 ;
  INPUT ---        4 4 4 4 4 4 4 4 4 4 4 4 4 ;
  INPUT ---        4 4 4 4 4 4 4 4 4 4 4 4 ;
  INPUT ---        4 4 4 4 4 4 4 4 4 4 4 ;
  INPUT ---        4 4 4 4 4 4 4 4 4 4 ;
  INPUT ---        4 4 4 4 4 4 4 4 4 ;
  INPUT ---        4 4 4 4 4 4 4 4 ;
  INPUT ---        4 4 4 4 4 4 4 ;
  INPUT ---        4 4 4 4 4 4 ;
  INPUT ---        4 4 4 4 4 ;
  INPUT ---        4 4 4 4 ;
  INPUT ---        4 4 4 ;
  INPUT ---        4 4 ;
  INPUT ---        4 ;

  INPUT ---    group=2 p    rows=41 cols=41 Triang ;
  INPUT ---        4 4 4 4 4 4 4 4 4 4 4 4 4 4 4 4 4 4 4 4 4 4 4 4 4 4 4 4 4 
  INPUT ---       4 4 4 4 4 4 4 4 4 4 4 4 ;

  Program  MARK  - Survival Rate Estimation with Capture-Recapture Data
   gfortran(Win64) Vers. 8.2 Mar 2017   11-Apr-2017 09:29:29    Page  007
 - - - - - - - - - - - - - - - - - - - - - - - - - - - - - - - - - - - - - -
 
  INPUT ---        4 4 4 4 4 4 4 4 4 4 4 4 4 4 4 4 4 4 4 4 4 4 4 4 4 4 4 4 4 
  INPUT ---       4 4 4 4 4 4 4 4 4 4 4 ;
  INPUT ---        4 4 4 4 4 4 4 4 4 4 4 4 4 4 4 4 4 4 4 4 4 4 4 4 4 4 4 4 4 
  INPUT ---       4 4 4 4 4 4 4 4 4 4 ;
  INPUT ---        4 4 4 4 4 4 4 4 4 4 4 4 4 4 4 4 4 4 4 4 4 4 4 4 4 4 4 4 4 
  INPUT ---       4 4 4 4 4 4 4 4 4 ;
  INPUT ---        4 4 4 4 4 4 4 4 4 4 4 4 4 4 4 4 4 4 4 4 4 4 4 4 4 4 4 4 4 
  INPUT ---       4 4 4 4 4 4 4 4 ;
  INPUT ---        4 4 4 4 4 4 4 4 4 4 4 4 4 4 4 4 4 4 4 4 4 4 4 4 4 4 4 4 4 
  INPUT ---       4 4 4 4 4 4 4 ;
  INPUT ---        4 4 4 4 4 4 4 4 4 4 4 4 4 4 4 4 4 4 4 4 4 4 4 4 4 4 4 4 4 
  INPUT ---       4 4 4 4 4 4 ;
  INPUT ---        4 4 4 4 4 4 4 4 4 4 4 4 4 4 4 4 4 4 4 4 4 4 4 4 4 4 4 4 4 
  INPUT ---       4 4 4 4 4 ;
  INPUT ---        4 4 4 4 4 4 4 4 4 4 4 4 4 4 4 4 4 4 4 4 4 4 4 4 4 4 4 4 4 
  INPUT ---       4 4 4 4 ;
  INPUT ---        4 4 4 4 4 4 4 4 4 4 4 4 4 4 4 4 4 4 4 4 4 4 4 4 4 4 4 4 4 
  INPUT ---       4 4 4 ;
  INPUT ---        4 4 4 4 4 4 4 4 4 4 4 4 4 4 4 4 4 4 4 4 4 4 4 4 4 4 4 4 4 
  INPUT ---       4 4 ;
  INPUT ---        4 4 4 4 4 4 4 4 4 4 4 4 4 4 4 4 4 4 4 4 4 4 4 4 4 4 4 4 4 
  INPUT ---       4 ;
  INPUT ---        4 4 4 4 4 4 4 4 4 4 4 4 4 4 4 4 4 4 4 4 4 4 4 4 4 4 4 4 4 ;
  INPUT ---        4 4 4 4 4 4 4 4 4 4 4 4 4 4 4 4 4 4 4 4 4 4 4 4 4 4 4 4 ;
  INPUT ---        4 4 4 4 4 4 4 4 4 4 4 4 4 4 4 4 4 4 4 4 4 4 4 4 4 4 4 ;
  INPUT ---        4 4 4 4 4 4 4 4 4 4 4 4 4 4 4 4 4 4 4 4 4 4 4 4 4 4 ;
  INPUT ---        4 4 4 4 4 4 4 4 4 4 4 4 4 4 4 4 4 4 4 4 4 4 4 4 4 ;
  INPUT ---        4 4 4 4 4 4 4 4 4 4 4 4 4 4 4 4 4 4 4 4 4 4 4 4 ;
  INPUT ---        4 4 4 4 4 4 4 4 4 4 4 4 4 4 4 4 4 4 4 4 4 4 4 ;
  INPUT ---        4 4 4 4 4 4 4 4 4 4 4 4 4 4 4 4 4 4 4 4 4 4 ;
  INPUT ---        4 4 4 4 4 4 4 4 4 4 4 4 4 4 4 4 4 4 4 4 4 ;
  INPUT ---        4 4 4 4 4 4 4 4 4 4 4 4 4 4 4 4 4 4 4 4 ;
  INPUT ---        4 4 4 4 4 4 4 4 4 4 4 4 4 4 4 4 4 4 4 ;
  INPUT ---        4 4 4 4 4 4 4 4 4 4 4 4 4 4 4 4 4 4 ;
  INPUT ---        4 4 4 4 4 4 4 4 4 4 4 4 4 4 4 4 4 ;
  INPUT ---        4 4 4 4 4 4 4 4 4 4 4 4 4 4 4 4 ;
  INPUT ---        4 4 4 4 4 4 4 4 4 4 4 4 4 4 4 ;
  INPUT ---        4 4 4 4 4 4 4 4 4 4 4 4 4 4 ;
  INPUT ---        4 4 4 4 4 4 4 4 4 4 4 4 4 ;
  INPUT ---        4 4 4 4 4 4 4 4 4 4 4 4 ;
  INPUT ---        4 4 4 4 4 4 4 4 4 4 4 ;
  INPUT ---        4 4 4 4 4 4 4 4 4 4 ;
  INPUT ---        4 4 4 4 4 4 4 4 4 ;
  INPUT ---        4 4 4 4 4 4 4 4 ;
  INPUT ---        4 4 4 4 4 4 4 ;
  INPUT ---        4 4 4 4 4 4 ;

  Program  MARK  - Survival Rate Estimation with Capture-Recapture Data
   gfortran(Win64) Vers. 8.2 Mar 2017   11-Apr-2017 09:29:29    Page  008
 - - - - - - - - - - - - - - - - - - - - - - - - - - - - - - - - - - - - - -
 
  INPUT ---        4 4 4 4 4 ;
  INPUT ---        4 4 4 4 ;
  INPUT ---        4 4 4 ;
  INPUT ---        4 4 ;
  INPUT ---        4 ;

  INPUT ---    group=3 p    rows=41 cols=41 Triang ;
  INPUT ---        4 4 4 4 4 4 4 4 4 4 4 4 4 4 4 4 4 4 4 4 4 4 4 4 4 4 4 4 4 
  INPUT ---       4 4 4 4 4 4 4 4 4 4 4 4 ;
  INPUT ---        4 4 4 4 4 4 4 4 4 4 4 4 4 4 4 4 4 4 4 4 4 4 4 4 4 4 4 4 4 
  INPUT ---       4 4 4 4 4 4 4 4 4 4 4 ;
  INPUT ---        4 4 4 4 4 4 4 4 4 4 4 4 4 4 4 4 4 4 4 4 4 4 4 4 4 4 4 4 4 
  INPUT ---       4 4 4 4 4 4 4 4 4 4 ;
  INPUT ---        4 4 4 4 4 4 4 4 4 4 4 4 4 4 4 4 4 4 4 4 4 4 4 4 4 4 4 4 4 
  INPUT ---       4 4 4 4 4 4 4 4 4 ;
  INPUT ---        4 4 4 4 4 4 4 4 4 4 4 4 4 4 4 4 4 4 4 4 4 4 4 4 4 4 4 4 4 
  INPUT ---       4 4 4 4 4 4 4 4 ;
  INPUT ---        4 4 4 4 4 4 4 4 4 4 4 4 4 4 4 4 4 4 4 4 4 4 4 4 4 4 4 4 4 
  INPUT ---       4 4 4 4 4 4 4 ;
  INPUT ---        4 4 4 4 4 4 4 4 4 4 4 4 4 4 4 4 4 4 4 4 4 4 4 4 4 4 4 4 4 
  INPUT ---       4 4 4 4 4 4 ;
  INPUT ---        4 4 4 4 4 4 4 4 4 4 4 4 4 4 4 4 4 4 4 4 4 4 4 4 4 4 4 4 4 
  INPUT ---       4 4 4 4 4 ;
  INPUT ---        4 4 4 4 4 4 4 4 4 4 4 4 4 4 4 4 4 4 4 4 4 4 4 4 4 4 4 4 4 
  INPUT ---       4 4 4 4 ;
  INPUT ---        4 4 4 4 4 4 4 4 4 4 4 4 4 4 4 4 4 4 4 4 4 4 4 4 4 4 4 4 4 
  INPUT ---       4 4 4 ;
  INPUT ---        4 4 4 4 4 4 4 4 4 4 4 4 4 4 4 4 4 4 4 4 4 4 4 4 4 4 4 4 4 
  INPUT ---       4 4 ;
  INPUT ---        4 4 4 4 4 4 4 4 4 4 4 4 4 4 4 4 4 4 4 4 4 4 4 4 4 4 4 4 4 
  INPUT ---       4 ;
  INPUT ---        4 4 4 4 4 4 4 4 4 4 4 4 4 4 4 4 4 4 4 4 4 4 4 4 4 4 4 4 4 ;
  INPUT ---        4 4 4 4 4 4 4 4 4 4 4 4 4 4 4 4 4 4 4 4 4 4 4 4 4 4 4 4 ;
  INPUT ---        4 4 4 4 4 4 4 4 4 4 4 4 4 4 4 4 4 4 4 4 4 4 4 4 4 4 4 ;
  INPUT ---        4 4 4 4 4 4 4 4 4 4 4 4 4 4 4 4 4 4 4 4 4 4 4 4 4 4 ;
  INPUT ---        4 4 4 4 4 4 4 4 4 4 4 4 4 4 4 4 4 4 4 4 4 4 4 4 4 ;
  INPUT ---        4 4 4 4 4 4 4 4 4 4 4 4 4 4 4 4 4 4 4 4 4 4 4 4 ;
  INPUT ---        4 4 4 4 4 4 4 4 4 4 4 4 4 4 4 4 4 4 4 4 4 4 4 ;
  INPUT ---        4 4 4 4 4 4 4 4 4 4 4 4 4 4 4 4 4 4 4 4 4 4 ;
  INPUT ---        4 4 4 4 4 4 4 4 4 4 4 4 4 4 4 4 4 4 4 4 4 ;
  INPUT ---        4 4 4 4 4 4 4 4 4 4 4 4 4 4 4 4 4 4 4 4 ;
  INPUT ---        4 4 4 4 4 4 4 4 4 4 4 4 4 4 4 4 4 4 4 ;
  INPUT ---        4 4 4 4 4 4 4 4 4 4 4 4 4 4 4 4 4 4 ;
  INPUT ---        4 4 4 4 4 4 4 4 4 4 4 4 4 4 4 4 4 ;
  INPUT ---        4 4 4 4 4 4 4 4 4 4 4 4 4 4 4 4 ;
  INPUT ---        4 4 4 4 4 4 4 4 4 4 4 4 4 4 4 ;

  Program  MARK  - Survival Rate Estimation with Capture-Recapture Data
   gfortran(Win64) Vers. 8.2 Mar 2017   11-Apr-2017 09:29:29    Page  009
 - - - - - - - - - - - - - - - - - - - - - - - - - - - - - - - - - - - - - -
 
  INPUT ---        4 4 4 4 4 4 4 4 4 4 4 4 4 4 ;
  INPUT ---        4 4 4 4 4 4 4 4 4 4 4 4 4 ;
  INPUT ---        4 4 4 4 4 4 4 4 4 4 4 4 ;
  INPUT ---        4 4 4 4 4 4 4 4 4 4 4 ;
  INPUT ---        4 4 4 4 4 4 4 4 4 4 ;
  INPUT ---        4 4 4 4 4 4 4 4 4 ;
  INPUT ---        4 4 4 4 4 4 4 4 ;
  INPUT ---        4 4 4 4 4 4 4 ;
  INPUT ---        4 4 4 4 4 4 ;
  INPUT ---        4 4 4 4 4 ;
  INPUT ---        4 4 4 4 ;
  INPUT ---        4 4 4 ;
  INPUT ---        4 4 ;
  INPUT ---        4 ;

  INPUT ---    design matrix constraints=4 covariates=4;
  INPUT ---        1 0 0 0;
  INPUT ---        1 1 0 0;
  INPUT ---        1 0 1 0;
  INPUT ---        0 0 0 1;
  INPUT ---       blabel(1)=Phi:(Intercept);
  INPUT ---       blabel(2)=Phi:age(1,2];
  INPUT ---       blabel(3)=Phi:age(2,42];
  INPUT ---       blabel(4)=p:(Intercept);
  INPUT ---       rlabel(1)=Phi gHYF c1975 a0 t1975;
  INPUT ---       rlabel(2)=Phi gHYF c1975 a2 t1977;
  INPUT ---       rlabel(3)=Phi gHYF c1975 a3 t1978;
  INPUT ---       rlabel(4)=p gHYF c1975 a1 t1976;

 Link Function Used is LOGIT        

 Variance Estimation Procedure Used is 2ndPart 
 -2logL(saturated) = 767.53420     
 Effective Sample Size = 14603

 Number of function evaluations was 21 for 4 parameters.
 Time for numerical optimization was 0.11 seconds.
 -2logL { Phi(~age)p(~1) } = 4414.2346     
 Penalty { Phi(~age)p(~1) } = -0.0000000    
 Gradient { Phi(~age)p(~1) }:
  0.3492328E-04 0.4300753E-05 0.7178824E-04 0.5927654E-04
 S Vector { Phi(~age)p(~1) }:
   837.4718      91.91973      24.29053     0.3982680E-06
 Time to compute number of parameters was 0.02 seconds.
   Threshold =  0.1000000E-06     Condition index =  0.4755599E-09     New Threshold =  0.7965361E-06
 New Guessimate of Estimated Parameters { Phi(~age)p(~1) } = 3          
 Conditioned S Vector { Phi(~age)p(~1) }:
   1.000000     0.1097586     0.2900459E-01 0.4755599E-09
 Number of Estimated Parameters { Phi(~age)p(~1) } = 3          
 DEVIANCE { Phi(~age)p(~1) } = 3646.7004                     
 DEVIANCE Degrees of Freedom { Phi(~age)p(~1) } = 124            
 c-hat { Phi(~age)p(~1) } = 29.408874                     
 AIC { Phi(~age)p(~1) } = 4420.2346                  
 AICc { Phi(~age)p(~1) } = 4420.2363                    
 BIC { Phi(~age)p(~1) } = 4443.0016                    
 Pearson Chisquare { Phi(~age)p(~1) } = 12352748.                  

  Program  MARK  - Survival Rate Estimation with Capture-Recapture Data
   gfortran(Win64) Vers. 8.2 Mar 2017   11-Apr-2017 09:29:29    Page  010
 - - - - - - - - - - - - - - - - - - - - - - - - - - - - - - - - - - - - - -
 


                      LOGIT Link Function Parameters of { Phi(~age)p(~1) }
                                                              95% Confidence Interval
 Parameter                    Beta         Standard Error      Lower           Upper
 -------------------------  --------------  --------------  --------------  --------------
    1:Phi:(Intercept)       -1.6042652      0.0901262       -1.7809125      -1.4276178    
    2:Phi:age(1,2]          20.147336       1584.5731       -3085.6160      3125.9107     
    3:Phi:age(2,42]         1.5338265       0.1795438       1.1819205       1.8857324     
    4:p:(Intercept)         -2.0686497      0.1135020       -2.2911137      -1.8461857    


                      Real Function Parameters of { Phi(~age)p(~1) }
                                                               95% Confidence Interval
  Parameter                  Estimate       Standard Error      Lower           Upper
 --------------------------  --------------  --------------  --------------  --------------
     1:Phi gHYF c1975 a0 t1  0.1673863       0.0125607       0.1441905       0.1934701                           
     2:Phi gHYF c1975 a2 t1  1.0000000       0.1402035E-004  0.9999725       1.0000275                           
     3:Phi gHYF c1975 a3 t1  0.4823976       0.0350994       0.4143625       0.5510916                           
     4:p gHYF c1975 a1 t197  0.1121815       0.0113044       0.0918616       0.1363214                           

 Attempted ordering of parameters by estimatibility:
  1 4 3 2
 Beta number 2 is a singular value.

     CPU Time in seconds for last procedure was 0.19

  Program  MARK  - Survival Rate Estimation with Capture-Recapture Data
   gfortran(Win64) Vers. 8.2 Mar 2017   11-Apr-2017 09:29:29    Page  011
 - - - - - - - - - - - - - - - - - - - - - - - - - - - - - - - - - - - - - -
 


  INPUT --- proc stop;

     CPU Time in minutes for this job was 0.00

     Time Start = 09:29:29.484   Time End = 09:29:29.670

     Wall Clock Time in minutes for this job was 0.00


          E X E C U T I O N   S U C C E S S F U L 
