
   Program  MARK  - Survival Rate Estimation with Capture-Recapture Data
   gfortran(Win64) Vers. 8.2 Mar 2017   10-Apr-2017 10:07:41    Page  001
 - - - - - - - - - - - - - - - - - - - - - - - - - - - - - - - - - - - - - -
 
   This version was compiled by GCC version 5.3.0 using the options: 
     -cpp -iprefix c:\tdm-gcc-64\gcc\bin\../lib/gcc/x86_64-w64-mingw32/5.3.0/ -D_MT
     -U_REENTRANT -D IEEE -m64 -mtune=generic -march=x86-64 -mthreads -O3
     -fimplicit-none -fbounds-check -ffpe-summary=invalid,zero,overflow,underflow
     -fno-unsafe-math-optimizations -frounding-math -fsignaling-nans -fopenmp.

   This problem will use 3 of 4 possible threads.


  INPUT --- proc title ;

     CPU Time in seconds for last procedure was 0.00


  INPUT --- proc chmatrix occasions= 42 groups= 2 etype= Live ICMeans 
  INPUT --- NoHist hist= 351 ;

  INPUT ---    time  interval 1 1 1 1 1 1 1 1 1 1 1 1 1 1 1 1 1 1 1 1 1 1 
  INPUT ---    1 1 1 1 1 1 1 1 1 1 1 1 1 1 1 1 1 1 1 ;

  INPUT ---    glabel(1)=age1;

  INPUT ---    glabel(2)=age2;

   * *  WARNING  * *   At least a pair of the encounter histories are duplicates. 

      Number of unique encounter histories read was 242.

      Number of individual covariates read was 0.
      Time interval lengths are all equal to 1.

      Data type number is 1
      Data type is Live Recaptures (CJS)                                                                               

     CPU Time in seconds for last procedure was 0.05

  Program  MARK  - Survival Rate Estimation with Capture-Recapture Data
   gfortran(Win64) Vers. 8.2 Mar 2017   10-Apr-2017 10:07:41    Page  002
 - - - - - - - - - - - - - - - - - - - - - - - - - - - - - - - - - - - - - -
 


  INPUT --- proc estimate link=Logit NOLOOP varest=2ndPart    ;


  INPUT --- model={ Phi(~1)p(~time) };

  INPUT ---    group=1 Phi    rows=41 cols=41 Triang ;
  INPUT ---        1 1 1 1 1 1 1 1 1 1 1 1 1 1 1 1 1 1 1 1 1 1 1 1 1 1 1 1 1 
  INPUT ---       1 1 1 1 1 1 1 1 1 1 1 1 ;
  INPUT ---        1 1 1 1 1 1 1 1 1 1 1 1 1 1 1 1 1 1 1 1 1 1 1 1 1 1 1 1 1 
  INPUT ---       1 1 1 1 1 1 1 1 1 1 1 ;
  INPUT ---        1 1 1 1 1 1 1 1 1 1 1 1 1 1 1 1 1 1 1 1 1 1 1 1 1 1 1 1 1 
  INPUT ---       1 1 1 1 1 1 1 1 1 1 ;
  INPUT ---        1 1 1 1 1 1 1 1 1 1 1 1 1 1 1 1 1 1 1 1 1 1 1 1 1 1 1 1 1 
  INPUT ---       1 1 1 1 1 1 1 1 1 ;
  INPUT ---        1 1 1 1 1 1 1 1 1 1 1 1 1 1 1 1 1 1 1 1 1 1 1 1 1 1 1 1 1 
  INPUT ---       1 1 1 1 1 1 1 1 ;
  INPUT ---        1 1 1 1 1 1 1 1 1 1 1 1 1 1 1 1 1 1 1 1 1 1 1 1 1 1 1 1 1 
  INPUT ---       1 1 1 1 1 1 1 ;
  INPUT ---        1 1 1 1 1 1 1 1 1 1 1 1 1 1 1 1 1 1 1 1 1 1 1 1 1 1 1 1 1 
  INPUT ---       1 1 1 1 1 1 ;
  INPUT ---        1 1 1 1 1 1 1 1 1 1 1 1 1 1 1 1 1 1 1 1 1 1 1 1 1 1 1 1 1 
  INPUT ---       1 1 1 1 1 ;
  INPUT ---        1 1 1 1 1 1 1 1 1 1 1 1 1 1 1 1 1 1 1 1 1 1 1 1 1 1 1 1 1 
  INPUT ---       1 1 1 1 ;
  INPUT ---        1 1 1 1 1 1 1 1 1 1 1 1 1 1 1 1 1 1 1 1 1 1 1 1 1 1 1 1 1 
  INPUT ---       1 1 1 ;
  INPUT ---        1 1 1 1 1 1 1 1 1 1 1 1 1 1 1 1 1 1 1 1 1 1 1 1 1 1 1 1 1 
  INPUT ---       1 1 ;
  INPUT ---        1 1 1 1 1 1 1 1 1 1 1 1 1 1 1 1 1 1 1 1 1 1 1 1 1 1 1 1 1 
  INPUT ---       1 ;
  INPUT ---        1 1 1 1 1 1 1 1 1 1 1 1 1 1 1 1 1 1 1 1 1 1 1 1 1 1 1 1 1 ;
  INPUT ---        1 1 1 1 1 1 1 1 1 1 1 1 1 1 1 1 1 1 1 1 1 1 1 1 1 1 1 1 ;
  INPUT ---        1 1 1 1 1 1 1 1 1 1 1 1 1 1 1 1 1 1 1 1 1 1 1 1 1 1 1 ;
  INPUT ---        1 1 1 1 1 1 1 1 1 1 1 1 1 1 1 1 1 1 1 1 1 1 1 1 1 1 ;
  INPUT ---        1 1 1 1 1 1 1 1 1 1 1 1 1 1 1 1 1 1 1 1 1 1 1 1 1 ;
  INPUT ---        1 1 1 1 1 1 1 1 1 1 1 1 1 1 1 1 1 1 1 1 1 1 1 1 ;
  INPUT ---        1 1 1 1 1 1 1 1 1 1 1 1 1 1 1 1 1 1 1 1 1 1 1 ;
  INPUT ---        1 1 1 1 1 1 1 1 1 1 1 1 1 1 1 1 1 1 1 1 1 1 ;
  INPUT ---        1 1 1 1 1 1 1 1 1 1 1 1 1 1 1 1 1 1 1 1 1 ;
  INPUT ---        1 1 1 1 1 1 1 1 1 1 1 1 1 1 1 1 1 1 1 1 ;
  INPUT ---        1 1 1 1 1 1 1 1 1 1 1 1 1 1 1 1 1 1 1 ;
  INPUT ---        1 1 1 1 1 1 1 1 1 1 1 1 1 1 1 1 1 1 ;
  INPUT ---        1 1 1 1 1 1 1 1 1 1 1 1 1 1 1 1 1 ;
  INPUT ---        1 1 1 1 1 1 1 1 1 1 1 1 1 1 1 1 ;

  Program  MARK  - Survival Rate Estimation with Capture-Recapture Data
   gfortran(Win64) Vers. 8.2 Mar 2017   10-Apr-2017 10:07:41    Page  003
 - - - - - - - - - - - - - - - - - - - - - - - - - - - - - - - - - - - - - -
 
  INPUT ---        1 1 1 1 1 1 1 1 1 1 1 1 1 1 1 ;
  INPUT ---        1 1 1 1 1 1 1 1 1 1 1 1 1 1 ;
  INPUT ---        1 1 1 1 1 1 1 1 1 1 1 1 1 ;
  INPUT ---        1 1 1 1 1 1 1 1 1 1 1 1 ;
  INPUT ---        1 1 1 1 1 1 1 1 1 1 1 ;
  INPUT ---        1 1 1 1 1 1 1 1 1 1 ;
  INPUT ---        1 1 1 1 1 1 1 1 1 ;
  INPUT ---        1 1 1 1 1 1 1 1 ;
  INPUT ---        1 1 1 1 1 1 1 ;
  INPUT ---        1 1 1 1 1 1 ;
  INPUT ---        1 1 1 1 1 ;
  INPUT ---        1 1 1 1 ;
  INPUT ---        1 1 1 ;
  INPUT ---        1 1 ;
  INPUT ---        1 ;

  INPUT ---    group=2 Phi    rows=41 cols=41 Triang ;
  INPUT ---        1 1 1 1 1 1 1 1 1 1 1 1 1 1 1 1 1 1 1 1 1 1 1 1 1 1 1 1 1 
  INPUT ---       1 1 1 1 1 1 1 1 1 1 1 1 ;
  INPUT ---        1 1 1 1 1 1 1 1 1 1 1 1 1 1 1 1 1 1 1 1 1 1 1 1 1 1 1 1 1 
  INPUT ---       1 1 1 1 1 1 1 1 1 1 1 ;
  INPUT ---        1 1 1 1 1 1 1 1 1 1 1 1 1 1 1 1 1 1 1 1 1 1 1 1 1 1 1 1 1 
  INPUT ---       1 1 1 1 1 1 1 1 1 1 ;
  INPUT ---        1 1 1 1 1 1 1 1 1 1 1 1 1 1 1 1 1 1 1 1 1 1 1 1 1 1 1 1 1 
  INPUT ---       1 1 1 1 1 1 1 1 1 ;
  INPUT ---        1 1 1 1 1 1 1 1 1 1 1 1 1 1 1 1 1 1 1 1 1 1 1 1 1 1 1 1 1 
  INPUT ---       1 1 1 1 1 1 1 1 ;
  INPUT ---        1 1 1 1 1 1 1 1 1 1 1 1 1 1 1 1 1 1 1 1 1 1 1 1 1 1 1 1 1 
  INPUT ---       1 1 1 1 1 1 1 ;
  INPUT ---        1 1 1 1 1 1 1 1 1 1 1 1 1 1 1 1 1 1 1 1 1 1 1 1 1 1 1 1 1 
  INPUT ---       1 1 1 1 1 1 ;
  INPUT ---        1 1 1 1 1 1 1 1 1 1 1 1 1 1 1 1 1 1 1 1 1 1 1 1 1 1 1 1 1 
  INPUT ---       1 1 1 1 1 ;
  INPUT ---        1 1 1 1 1 1 1 1 1 1 1 1 1 1 1 1 1 1 1 1 1 1 1 1 1 1 1 1 1 
  INPUT ---       1 1 1 1 ;
  INPUT ---        1 1 1 1 1 1 1 1 1 1 1 1 1 1 1 1 1 1 1 1 1 1 1 1 1 1 1 1 1 
  INPUT ---       1 1 1 ;
  INPUT ---        1 1 1 1 1 1 1 1 1 1 1 1 1 1 1 1 1 1 1 1 1 1 1 1 1 1 1 1 1 
  INPUT ---       1 1 ;
  INPUT ---        1 1 1 1 1 1 1 1 1 1 1 1 1 1 1 1 1 1 1 1 1 1 1 1 1 1 1 1 1 
  INPUT ---       1 ;
  INPUT ---        1 1 1 1 1 1 1 1 1 1 1 1 1 1 1 1 1 1 1 1 1 1 1 1 1 1 1 1 1 ;
  INPUT ---        1 1 1 1 1 1 1 1 1 1 1 1 1 1 1 1 1 1 1 1 1 1 1 1 1 1 1 1 ;
  INPUT ---        1 1 1 1 1 1 1 1 1 1 1 1 1 1 1 1 1 1 1 1 1 1 1 1 1 1 1 ;
  INPUT ---        1 1 1 1 1 1 1 1 1 1 1 1 1 1 1 1 1 1 1 1 1 1 1 1 1 1 ;
  INPUT ---        1 1 1 1 1 1 1 1 1 1 1 1 1 1 1 1 1 1 1 1 1 1 1 1 1 ;

  Program  MARK  - Survival Rate Estimation with Capture-Recapture Data
   gfortran(Win64) Vers. 8.2 Mar 2017   10-Apr-2017 10:07:41    Page  004
 - - - - - - - - - - - - - - - - - - - - - - - - - - - - - - - - - - - - - -
 
  INPUT ---        1 1 1 1 1 1 1 1 1 1 1 1 1 1 1 1 1 1 1 1 1 1 1 1 ;
  INPUT ---        1 1 1 1 1 1 1 1 1 1 1 1 1 1 1 1 1 1 1 1 1 1 1 ;
  INPUT ---        1 1 1 1 1 1 1 1 1 1 1 1 1 1 1 1 1 1 1 1 1 1 ;
  INPUT ---        1 1 1 1 1 1 1 1 1 1 1 1 1 1 1 1 1 1 1 1 1 ;
  INPUT ---        1 1 1 1 1 1 1 1 1 1 1 1 1 1 1 1 1 1 1 1 ;
  INPUT ---        1 1 1 1 1 1 1 1 1 1 1 1 1 1 1 1 1 1 1 ;
  INPUT ---        1 1 1 1 1 1 1 1 1 1 1 1 1 1 1 1 1 1 ;
  INPUT ---        1 1 1 1 1 1 1 1 1 1 1 1 1 1 1 1 1 ;
  INPUT ---        1 1 1 1 1 1 1 1 1 1 1 1 1 1 1 1 ;
  INPUT ---        1 1 1 1 1 1 1 1 1 1 1 1 1 1 1 ;
  INPUT ---        1 1 1 1 1 1 1 1 1 1 1 1 1 1 ;
  INPUT ---        1 1 1 1 1 1 1 1 1 1 1 1 1 ;
  INPUT ---        1 1 1 1 1 1 1 1 1 1 1 1 ;
  INPUT ---        1 1 1 1 1 1 1 1 1 1 1 ;
  INPUT ---        1 1 1 1 1 1 1 1 1 1 ;
  INPUT ---        1 1 1 1 1 1 1 1 1 ;
  INPUT ---        1 1 1 1 1 1 1 1 ;
  INPUT ---        1 1 1 1 1 1 1 ;
  INPUT ---        1 1 1 1 1 1 ;
  INPUT ---        1 1 1 1 1 ;
  INPUT ---        1 1 1 1 ;
  INPUT ---        1 1 1 ;
  INPUT ---        1 1 ;
  INPUT ---        1 ;

  INPUT ---    group=1 p    rows=41 cols=41 Triang ;
  INPUT ---        2 3 4 5 6 7 8 9 10 11 12 13 14 15 16 17 18 19 20 21 22 23 
  INPUT ---       24 25 26 27 28 29 30 31 32 33 34 35 36 37 38 39 40 41 42 ;
  INPUT ---        3 4 5 6 7 8 9 10 11 12 13 14 15 16 17 18 19 20 21 22 23 24 
  INPUT ---       25 26 27 28 29 30 31 32 33 34 35 36 37 38 39 40 41 42 ;
  INPUT ---        4 5 6 7 8 9 10 11 12 13 14 15 16 17 18 19 20 21 22 23 24 
  INPUT ---       25 26 27 28 29 30 31 32 33 34 35 36 37 38 39 40 41 42 ;
  INPUT ---        5 6 7 8 9 10 11 12 13 14 15 16 17 18 19 20 21 22 23 24 25 
  INPUT ---       26 27 28 29 30 31 32 33 34 35 36 37 38 39 40 41 42 ;
  INPUT ---        6 7 8 9 10 11 12 13 14 15 16 17 18 19 20 21 22 23 24 25 26 
  INPUT ---       27 28 29 30 31 32 33 34 35 36 37 38 39 40 41 42 ;
  INPUT ---        7 8 9 10 11 12 13 14 15 16 17 18 19 20 21 22 23 24 25 26 
  INPUT ---       27 28 29 30 31 32 33 34 35 36 37 38 39 40 41 42 ;
  INPUT ---        8 9 10 11 12 13 14 15 16 17 18 19 20 21 22 23 24 25 26 27 
  INPUT ---       28 29 30 31 32 33 34 35 36 37 38 39 40 41 42 ;
  INPUT ---        9 10 11 12 13 14 15 16 17 18 19 20 21 22 23 24 25 26 27 28 
  INPUT ---       29 30 31 32 33 34 35 36 37 38 39 40 41 42 ;
  INPUT ---        10 11 12 13 14 15 16 17 18 19 20 21 22 23 24 25 26 27 28 
  INPUT ---       29 30 31 32 33 34 35 36 37 38 39 40 41 42 ;
  INPUT ---        11 12 13 14 15 16 17 18 19 20 21 22 23 24 25 26 27 28 29 
  INPUT ---       30 31 32 33 34 35 36 37 38 39 40 41 42 ;

  Program  MARK  - Survival Rate Estimation with Capture-Recapture Data
   gfortran(Win64) Vers. 8.2 Mar 2017   10-Apr-2017 10:07:41    Page  005
 - - - - - - - - - - - - - - - - - - - - - - - - - - - - - - - - - - - - - -
 
  INPUT ---        12 13 14 15 16 17 18 19 20 21 22 23 24 25 26 27 28 29 30 
  INPUT ---       31 32 33 34 35 36 37 38 39 40 41 42 ;
  INPUT ---        13 14 15 16 17 18 19 20 21 22 23 24 25 26 27 28 29 30 31 
  INPUT ---       32 33 34 35 36 37 38 39 40 41 42 ;
  INPUT ---        14 15 16 17 18 19 20 21 22 23 24 25 26 27 28 29 30 31 32 
  INPUT ---       33 34 35 36 37 38 39 40 41 42 ;
  INPUT ---        15 16 17 18 19 20 21 22 23 24 25 26 27 28 29 30 31 32 33 
  INPUT ---       34 35 36 37 38 39 40 41 42 ;
  INPUT ---        16 17 18 19 20 21 22 23 24 25 26 27 28 29 30 31 32 33 34 
  INPUT ---       35 36 37 38 39 40 41 42 ;
  INPUT ---        17 18 19 20 21 22 23 24 25 26 27 28 29 30 31 32 33 34 35 
  INPUT ---       36 37 38 39 40 41 42 ;
  INPUT ---        18 19 20 21 22 23 24 25 26 27 28 29 30 31 32 33 34 35 36 
  INPUT ---       37 38 39 40 41 42 ;
  INPUT ---        19 20 21 22 23 24 25 26 27 28 29 30 31 32 33 34 35 36 37 
  INPUT ---       38 39 40 41 42 ;
  INPUT ---        20 21 22 23 24 25 26 27 28 29 30 31 32 33 34 35 36 37 38 
  INPUT ---       39 40 41 42 ;
  INPUT ---        21 22 23 24 25 26 27 28 29 30 31 32 33 34 35 36 37 38 39 
  INPUT ---       40 41 42 ;
  INPUT ---        22 23 24 25 26 27 28 29 30 31 32 33 34 35 36 37 38 39 40 
  INPUT ---       41 42 ;
  INPUT ---        23 24 25 26 27 28 29 30 31 32 33 34 35 36 37 38 39 40 41 
  INPUT ---       42 ;
  INPUT ---        24 25 26 27 28 29 30 31 32 33 34 35 36 37 38 39 40 41 42 ;
  INPUT ---        25 26 27 28 29 30 31 32 33 34 35 36 37 38 39 40 41 42 ;
  INPUT ---        26 27 28 29 30 31 32 33 34 35 36 37 38 39 40 41 42 ;
  INPUT ---        27 28 29 30 31 32 33 34 35 36 37 38 39 40 41 42 ;
  INPUT ---        28 29 30 31 32 33 34 35 36 37 38 39 40 41 42 ;
  INPUT ---        29 30 31 32 33 34 35 36 37 38 39 40 41 42 ;
  INPUT ---        30 31 32 33 34 35 36 37 38 39 40 41 42 ;
  INPUT ---        31 32 33 34 35 36 37 38 39 40 41 42 ;
  INPUT ---        32 33 34 35 36 37 38 39 40 41 42 ;
  INPUT ---        33 34 35 36 37 38 39 40 41 42 ;
  INPUT ---        34 35 36 37 38 39 40 41 42 ;
  INPUT ---        35 36 37 38 39 40 41 42 ;
  INPUT ---        36 37 38 39 40 41 42 ;
  INPUT ---        37 38 39 40 41 42 ;
  INPUT ---        38 39 40 41 42 ;
  INPUT ---        39 40 41 42 ;
  INPUT ---        40 41 42 ;
  INPUT ---        41 42 ;
  INPUT ---        42 ;

  INPUT ---    group=2 p    rows=41 cols=41 Triang ;
  INPUT ---        2 3 4 5 6 7 8 9 10 11 12 13 14 15 16 17 18 19 20 21 22 23 

  Program  MARK  - Survival Rate Estimation with Capture-Recapture Data
   gfortran(Win64) Vers. 8.2 Mar 2017   10-Apr-2017 10:07:41    Page  006
 - - - - - - - - - - - - - - - - - - - - - - - - - - - - - - - - - - - - - -
 
  INPUT ---       24 25 26 27 28 29 30 31 32 33 34 35 36 37 38 39 40 41 42 ;
  INPUT ---        3 4 5 6 7 8 9 10 11 12 13 14 15 16 17 18 19 20 21 22 23 24 
  INPUT ---       25 26 27 28 29 30 31 32 33 34 35 36 37 38 39 40 41 42 ;
  INPUT ---        4 5 6 7 8 9 10 11 12 13 14 15 16 17 18 19 20 21 22 23 24 
  INPUT ---       25 26 27 28 29 30 31 32 33 34 35 36 37 38 39 40 41 42 ;
  INPUT ---        5 6 7 8 9 10 11 12 13 14 15 16 17 18 19 20 21 22 23 24 25 
  INPUT ---       26 27 28 29 30 31 32 33 34 35 36 37 38 39 40 41 42 ;
  INPUT ---        6 7 8 9 10 11 12 13 14 15 16 17 18 19 20 21 22 23 24 25 26 
  INPUT ---       27 28 29 30 31 32 33 34 35 36 37 38 39 40 41 42 ;
  INPUT ---        7 8 9 10 11 12 13 14 15 16 17 18 19 20 21 22 23 24 25 26 
  INPUT ---       27 28 29 30 31 32 33 34 35 36 37 38 39 40 41 42 ;
  INPUT ---        8 9 10 11 12 13 14 15 16 17 18 19 20 21 22 23 24 25 26 27 
  INPUT ---       28 29 30 31 32 33 34 35 36 37 38 39 40 41 42 ;
  INPUT ---        9 10 11 12 13 14 15 16 17 18 19 20 21 22 23 24 25 26 27 28 
  INPUT ---       29 30 31 32 33 34 35 36 37 38 39 40 41 42 ;
  INPUT ---        10 11 12 13 14 15 16 17 18 19 20 21 22 23 24 25 26 27 28 
  INPUT ---       29 30 31 32 33 34 35 36 37 38 39 40 41 42 ;
  INPUT ---        11 12 13 14 15 16 17 18 19 20 21 22 23 24 25 26 27 28 29 
  INPUT ---       30 31 32 33 34 35 36 37 38 39 40 41 42 ;
  INPUT ---        12 13 14 15 16 17 18 19 20 21 22 23 24 25 26 27 28 29 30 
  INPUT ---       31 32 33 34 35 36 37 38 39 40 41 42 ;
  INPUT ---        13 14 15 16 17 18 19 20 21 22 23 24 25 26 27 28 29 30 31 
  INPUT ---       32 33 34 35 36 37 38 39 40 41 42 ;
  INPUT ---        14 15 16 17 18 19 20 21 22 23 24 25 26 27 28 29 30 31 32 
  INPUT ---       33 34 35 36 37 38 39 40 41 42 ;
  INPUT ---        15 16 17 18 19 20 21 22 23 24 25 26 27 28 29 30 31 32 33 
  INPUT ---       34 35 36 37 38 39 40 41 42 ;
  INPUT ---        16 17 18 19 20 21 22 23 24 25 26 27 28 29 30 31 32 33 34 
  INPUT ---       35 36 37 38 39 40 41 42 ;
  INPUT ---        17 18 19 20 21 22 23 24 25 26 27 28 29 30 31 32 33 34 35 
  INPUT ---       36 37 38 39 40 41 42 ;
  INPUT ---        18 19 20 21 22 23 24 25 26 27 28 29 30 31 32 33 34 35 36 
  INPUT ---       37 38 39 40 41 42 ;
  INPUT ---        19 20 21 22 23 24 25 26 27 28 29 30 31 32 33 34 35 36 37 
  INPUT ---       38 39 40 41 42 ;
  INPUT ---        20 21 22 23 24 25 26 27 28 29 30 31 32 33 34 35 36 37 38 
  INPUT ---       39 40 41 42 ;
  INPUT ---        21 22 23 24 25 26 27 28 29 30 31 32 33 34 35 36 37 38 39 
  INPUT ---       40 41 42 ;
  INPUT ---        22 23 24 25 26 27 28 29 30 31 32 33 34 35 36 37 38 39 40 
  INPUT ---       41 42 ;
  INPUT ---        23 24 25 26 27 28 29 30 31 32 33 34 35 36 37 38 39 40 41 
  INPUT ---       42 ;
  INPUT ---        24 25 26 27 28 29 30 31 32 33 34 35 36 37 38 39 40 41 42 ;
  INPUT ---        25 26 27 28 29 30 31 32 33 34 35 36 37 38 39 40 41 42 ;
  INPUT ---        26 27 28 29 30 31 32 33 34 35 36 37 38 39 40 41 42 ;

  Program  MARK  - Survival Rate Estimation with Capture-Recapture Data
   gfortran(Win64) Vers. 8.2 Mar 2017   10-Apr-2017 10:07:41    Page  007
 - - - - - - - - - - - - - - - - - - - - - - - - - - - - - - - - - - - - - -
 
  INPUT ---        27 28 29 30 31 32 33 34 35 36 37 38 39 40 41 42 ;
  INPUT ---        28 29 30 31 32 33 34 35 36 37 38 39 40 41 42 ;
  INPUT ---        29 30 31 32 33 34 35 36 37 38 39 40 41 42 ;
  INPUT ---        30 31 32 33 34 35 36 37 38 39 40 41 42 ;
  INPUT ---        31 32 33 34 35 36 37 38 39 40 41 42 ;
  INPUT ---        32 33 34 35 36 37 38 39 40 41 42 ;
  INPUT ---        33 34 35 36 37 38 39 40 41 42 ;
  INPUT ---        34 35 36 37 38 39 40 41 42 ;
  INPUT ---        35 36 37 38 39 40 41 42 ;
  INPUT ---        36 37 38 39 40 41 42 ;
  INPUT ---        37 38 39 40 41 42 ;
  INPUT ---        38 39 40 41 42 ;
  INPUT ---        39 40 41 42 ;
  INPUT ---        40 41 42 ;
  INPUT ---        41 42 ;
  INPUT ---        42 ;

  INPUT ---    design matrix constraints=42 covariates=42;
  INPUT ---        1 0 0 0 0 0 0 0 0 0 0 0 0 0 0 0 0 0 0 0 0 0 0 0 0 0 0 0 0 
  INPUT ---       0 0 0 0 0 0 0 0 0 0 0 0 0;
  INPUT ---        0 1 0 0 0 0 0 0 0 0 0 0 0 0 0 0 0 0 0 0 0 0 0 0 0 0 0 0 0 
  INPUT ---       0 0 0 0 0 0 0 0 0 0 0 0 0;
  INPUT ---        0 1 1 0 0 0 0 0 0 0 0 0 0 0 0 0 0 0 0 0 0 0 0 0 0 0 0 0 0 
  INPUT ---       0 0 0 0 0 0 0 0 0 0 0 0 0;
  INPUT ---        0 1 0 1 0 0 0 0 0 0 0 0 0 0 0 0 0 0 0 0 0 0 0 0 0 0 0 0 0 
  INPUT ---       0 0 0 0 0 0 0 0 0 0 0 0 0;
  INPUT ---        0 1 0 0 1 0 0 0 0 0 0 0 0 0 0 0 0 0 0 0 0 0 0 0 0 0 0 0 0 
  INPUT ---       0 0 0 0 0 0 0 0 0 0 0 0 0;
  INPUT ---        0 1 0 0 0 1 0 0 0 0 0 0 0 0 0 0 0 0 0 0 0 0 0 0 0 0 0 0 0 
  INPUT ---       0 0 0 0 0 0 0 0 0 0 0 0 0;
  INPUT ---        0 1 0 0 0 0 1 0 0 0 0 0 0 0 0 0 0 0 0 0 0 0 0 0 0 0 0 0 0 
  INPUT ---       0 0 0 0 0 0 0 0 0 0 0 0 0;
  INPUT ---        0 1 0 0 0 0 0 1 0 0 0 0 0 0 0 0 0 0 0 0 0 0 0 0 0 0 0 0 0 
  INPUT ---       0 0 0 0 0 0 0 0 0 0 0 0 0;
  INPUT ---        0 1 0 0 0 0 0 0 1 0 0 0 0 0 0 0 0 0 0 0 0 0 0 0 0 0 0 0 0 
  INPUT ---       0 0 0 0 0 0 0 0 0 0 0 0 0;
  INPUT ---        0 1 0 0 0 0 0 0 0 1 0 0 0 0 0 0 0 0 0 0 0 0 0 0 0 0 0 0 0 
  INPUT ---       0 0 0 0 0 0 0 0 0 0 0 0 0;
  INPUT ---        0 1 0 0 0 0 0 0 0 0 1 0 0 0 0 0 0 0 0 0 0 0 0 0 0 0 0 0 0 
  INPUT ---       0 0 0 0 0 0 0 0 0 0 0 0 0;
  INPUT ---        0 1 0 0 0 0 0 0 0 0 0 1 0 0 0 0 0 0 0 0 0 0 0 0 0 0 0 0 0 
  INPUT ---       0 0 0 0 0 0 0 0 0 0 0 0 0;
  INPUT ---        0 1 0 0 0 0 0 0 0 0 0 0 1 0 0 0 0 0 0 0 0 0 0 0 0 0 0 0 0 
  INPUT ---       0 0 0 0 0 0 0 0 0 0 0 0 0;
  INPUT ---        0 1 0 0 0 0 0 0 0 0 0 0 0 1 0 0 0 0 0 0 0 0 0 0 0 0 0 0 0 
  INPUT ---       0 0 0 0 0 0 0 0 0 0 0 0 0;

  Program  MARK  - Survival Rate Estimation with Capture-Recapture Data
   gfortran(Win64) Vers. 8.2 Mar 2017   10-Apr-2017 10:07:41    Page  008
 - - - - - - - - - - - - - - - - - - - - - - - - - - - - - - - - - - - - - -
 
  INPUT ---        0 1 0 0 0 0 0 0 0 0 0 0 0 0 1 0 0 0 0 0 0 0 0 0 0 0 0 0 0 
  INPUT ---       0 0 0 0 0 0 0 0 0 0 0 0 0;
  INPUT ---        0 1 0 0 0 0 0 0 0 0 0 0 0 0 0 1 0 0 0 0 0 0 0 0 0 0 0 0 0 
  INPUT ---       0 0 0 0 0 0 0 0 0 0 0 0 0;
  INPUT ---        0 1 0 0 0 0 0 0 0 0 0 0 0 0 0 0 1 0 0 0 0 0 0 0 0 0 0 0 0 
  INPUT ---       0 0 0 0 0 0 0 0 0 0 0 0 0;
  INPUT ---        0 1 0 0 0 0 0 0 0 0 0 0 0 0 0 0 0 1 0 0 0 0 0 0 0 0 0 0 0 
  INPUT ---       0 0 0 0 0 0 0 0 0 0 0 0 0;
  INPUT ---        0 1 0 0 0 0 0 0 0 0 0 0 0 0 0 0 0 0 1 0 0 0 0 0 0 0 0 0 0 
  INPUT ---       0 0 0 0 0 0 0 0 0 0 0 0 0;
  INPUT ---        0 1 0 0 0 0 0 0 0 0 0 0 0 0 0 0 0 0 0 1 0 0 0 0 0 0 0 0 0 
  INPUT ---       0 0 0 0 0 0 0 0 0 0 0 0 0;
  INPUT ---        0 1 0 0 0 0 0 0 0 0 0 0 0 0 0 0 0 0 0 0 1 0 0 0 0 0 0 0 0 
  INPUT ---       0 0 0 0 0 0 0 0 0 0 0 0 0;
  INPUT ---        0 1 0 0 0 0 0 0 0 0 0 0 0 0 0 0 0 0 0 0 0 1 0 0 0 0 0 0 0 
  INPUT ---       0 0 0 0 0 0 0 0 0 0 0 0 0;
  INPUT ---        0 1 0 0 0 0 0 0 0 0 0 0 0 0 0 0 0 0 0 0 0 0 1 0 0 0 0 0 0 
  INPUT ---       0 0 0 0 0 0 0 0 0 0 0 0 0;
  INPUT ---        0 1 0 0 0 0 0 0 0 0 0 0 0 0 0 0 0 0 0 0 0 0 0 1 0 0 0 0 0 
  INPUT ---       0 0 0 0 0 0 0 0 0 0 0 0 0;
  INPUT ---        0 1 0 0 0 0 0 0 0 0 0 0 0 0 0 0 0 0 0 0 0 0 0 0 1 0 0 0 0 
  INPUT ---       0 0 0 0 0 0 0 0 0 0 0 0 0;
  INPUT ---        0 1 0 0 0 0 0 0 0 0 0 0 0 0 0 0 0 0 0 0 0 0 0 0 0 1 0 0 0 
  INPUT ---       0 0 0 0 0 0 0 0 0 0 0 0 0;
  INPUT ---        0 1 0 0 0 0 0 0 0 0 0 0 0 0 0 0 0 0 0 0 0 0 0 0 0 0 1 0 0 
  INPUT ---       0 0 0 0 0 0 0 0 0 0 0 0 0;
  INPUT ---        0 1 0 0 0 0 0 0 0 0 0 0 0 0 0 0 0 0 0 0 0 0 0 0 0 0 0 1 0 
  INPUT ---       0 0 0 0 0 0 0 0 0 0 0 0 0;
  INPUT ---        0 1 0 0 0 0 0 0 0 0 0 0 0 0 0 0 0 0 0 0 0 0 0 0 0 0 0 0 1 
  INPUT ---       0 0 0 0 0 0 0 0 0 0 0 0 0;
  INPUT ---        0 1 0 0 0 0 0 0 0 0 0 0 0 0 0 0 0 0 0 0 0 0 0 0 0 0 0 0 0 
  INPUT ---       1 0 0 0 0 0 0 0 0 0 0 0 0;
  INPUT ---        0 1 0 0 0 0 0 0 0 0 0 0 0 0 0 0 0 0 0 0 0 0 0 0 0 0 0 0 0 
  INPUT ---       0 1 0 0 0 0 0 0 0 0 0 0 0;
  INPUT ---        0 1 0 0 0 0 0 0 0 0 0 0 0 0 0 0 0 0 0 0 0 0 0 0 0 0 0 0 0 
  INPUT ---       0 0 1 0 0 0 0 0 0 0 0 0 0;
  INPUT ---        0 1 0 0 0 0 0 0 0 0 0 0 0 0 0 0 0 0 0 0 0 0 0 0 0 0 0 0 0 
  INPUT ---       0 0 0 1 0 0 0 0 0 0 0 0 0;
  INPUT ---        0 1 0 0 0 0 0 0 0 0 0 0 0 0 0 0 0 0 0 0 0 0 0 0 0 0 0 0 0 
  INPUT ---       0 0 0 0 1 0 0 0 0 0 0 0 0;
  INPUT ---        0 1 0 0 0 0 0 0 0 0 0 0 0 0 0 0 0 0 0 0 0 0 0 0 0 0 0 0 0 
  INPUT ---       0 0 0 0 0 1 0 0 0 0 0 0 0;
  INPUT ---        0 1 0 0 0 0 0 0 0 0 0 0 0 0 0 0 0 0 0 0 0 0 0 0 0 0 0 0 0 
  INPUT ---       0 0 0 0 0 0 1 0 0 0 0 0 0;
  INPUT ---        0 1 0 0 0 0 0 0 0 0 0 0 0 0 0 0 0 0 0 0 0 0 0 0 0 0 0 0 0 
  INPUT ---       0 0 0 0 0 0 0 1 0 0 0 0 0;

  Program  MARK  - Survival Rate Estimation with Capture-Recapture Data
   gfortran(Win64) Vers. 8.2 Mar 2017   10-Apr-2017 10:07:41    Page  009
 - - - - - - - - - - - - - - - - - - - - - - - - - - - - - - - - - - - - - -
 
  INPUT ---        0 1 0 0 0 0 0 0 0 0 0 0 0 0 0 0 0 0 0 0 0 0 0 0 0 0 0 0 0 
  INPUT ---       0 0 0 0 0 0 0 0 1 0 0 0 0;
  INPUT ---        0 1 0 0 0 0 0 0 0 0 0 0 0 0 0 0 0 0 0 0 0 0 0 0 0 0 0 0 0 
  INPUT ---       0 0 0 0 0 0 0 0 0 1 0 0 0;
  INPUT ---        0 1 0 0 0 0 0 0 0 0 0 0 0 0 0 0 0 0 0 0 0 0 0 0 0 0 0 0 0 
  INPUT ---       0 0 0 0 0 0 0 0 0 0 1 0 0;
  INPUT ---        0 1 0 0 0 0 0 0 0 0 0 0 0 0 0 0 0 0 0 0 0 0 0 0 0 0 0 0 0 
  INPUT ---       0 0 0 0 0 0 0 0 0 0 0 1 0;
  INPUT ---        0 1 0 0 0 0 0 0 0 0 0 0 0 0 0 0 0 0 0 0 0 0 0 0 0 0 0 0 0 
  INPUT ---       0 0 0 0 0 0 0 0 0 0 0 0 1;
  INPUT ---       blabel(1)=Phi:(Intercept);
  INPUT ---       blabel(2)=p:(Intercept);
  INPUT ---       blabel(3)=p:time1977;
  INPUT ---       blabel(4)=p:time1978;
  INPUT ---       blabel(5)=p:time1979;
  INPUT ---       blabel(6)=p:time1980;
  INPUT ---       blabel(7)=p:time1981;
  INPUT ---       blabel(8)=p:time1982;
  INPUT ---       blabel(9)=p:time1983;
  INPUT ---       blabel(10)=p:time1984;
  INPUT ---       blabel(11)=p:time1985;
  INPUT ---       blabel(12)=p:time1986;
  INPUT ---       blabel(13)=p:time1987;
  INPUT ---       blabel(14)=p:time1988;
  INPUT ---       blabel(15)=p:time1989;
  INPUT ---       blabel(16)=p:time1990;
  INPUT ---       blabel(17)=p:time1991;
  INPUT ---       blabel(18)=p:time1992;
  INPUT ---       blabel(19)=p:time1993;
  INPUT ---       blabel(20)=p:time1994;
  INPUT ---       blabel(21)=p:time1995;
  INPUT ---       blabel(22)=p:time1996;
  INPUT ---       blabel(23)=p:time1997;
  INPUT ---       blabel(24)=p:time1998;
  INPUT ---       blabel(25)=p:time1999;
  INPUT ---       blabel(26)=p:time2000;
  INPUT ---       blabel(27)=p:time2001;
  INPUT ---       blabel(28)=p:time2002;
  INPUT ---       blabel(29)=p:time2003;
  INPUT ---       blabel(30)=p:time2004;
  INPUT ---       blabel(31)=p:time2005;
  INPUT ---       blabel(32)=p:time2006;
  INPUT ---       blabel(33)=p:time2007;
  INPUT ---       blabel(34)=p:time2008;
  INPUT ---       blabel(35)=p:time2009;
  INPUT ---       blabel(36)=p:time2010;

  Program  MARK  - Survival Rate Estimation with Capture-Recapture Data
   gfortran(Win64) Vers. 8.2 Mar 2017   10-Apr-2017 10:07:41    Page  010
 - - - - - - - - - - - - - - - - - - - - - - - - - - - - - - - - - - - - - -
 
  INPUT ---       blabel(37)=p:time2011;
  INPUT ---       blabel(38)=p:time2012;
  INPUT ---       blabel(39)=p:time2013;
  INPUT ---       blabel(40)=p:time2014;
  INPUT ---       blabel(41)=p:time2015;
  INPUT ---       blabel(42)=p:time2016;
  INPUT ---       rlabel(1)=Phi g1 c1975 a1 t1975;
  INPUT ---       rlabel(2)=p g1 c1975 a2 t1976;
  INPUT ---       rlabel(3)=p g1 c1975 a3 t1977;
  INPUT ---       rlabel(4)=p g1 c1975 a4 t1978;
  INPUT ---       rlabel(5)=p g1 c1975 a5 t1979;
  INPUT ---       rlabel(6)=p g1 c1975 a6 t1980;
  INPUT ---       rlabel(7)=p g1 c1975 a7 t1981;
  INPUT ---       rlabel(8)=p g1 c1975 a8 t1982;
  INPUT ---       rlabel(9)=p g1 c1975 a9 t1983;
  INPUT ---       rlabel(10)=p g1 c1975 a10 t1984;
  INPUT ---       rlabel(11)=p g1 c1975 a11 t1985;
  INPUT ---       rlabel(12)=p g1 c1975 a12 t1986;
  INPUT ---       rlabel(13)=p g1 c1975 a13 t1987;
  INPUT ---       rlabel(14)=p g1 c1975 a14 t1988;
  INPUT ---       rlabel(15)=p g1 c1975 a15 t1989;
  INPUT ---       rlabel(16)=p g1 c1975 a16 t1990;
  INPUT ---       rlabel(17)=p g1 c1975 a17 t1991;
  INPUT ---       rlabel(18)=p g1 c1975 a18 t1992;
  INPUT ---       rlabel(19)=p g1 c1975 a19 t1993;
  INPUT ---       rlabel(20)=p g1 c1975 a20 t1994;
  INPUT ---       rlabel(21)=p g1 c1975 a21 t1995;
  INPUT ---       rlabel(22)=p g1 c1975 a22 t1996;
  INPUT ---       rlabel(23)=p g1 c1975 a23 t1997;
  INPUT ---       rlabel(24)=p g1 c1975 a24 t1998;
  INPUT ---       rlabel(25)=p g1 c1975 a25 t1999;
  INPUT ---       rlabel(26)=p g1 c1975 a26 t2000;
  INPUT ---       rlabel(27)=p g1 c1975 a27 t2001;
  INPUT ---       rlabel(28)=p g1 c1975 a28 t2002;
  INPUT ---       rlabel(29)=p g1 c1975 a29 t2003;
  INPUT ---       rlabel(30)=p g1 c1975 a30 t2004;
  INPUT ---       rlabel(31)=p g1 c1975 a31 t2005;
  INPUT ---       rlabel(32)=p g1 c1975 a32 t2006;
  INPUT ---       rlabel(33)=p g1 c1975 a33 t2007;
  INPUT ---       rlabel(34)=p g1 c1975 a34 t2008;
  INPUT ---       rlabel(35)=p g1 c1975 a35 t2009;
  INPUT ---       rlabel(36)=p g1 c1975 a36 t2010;
  INPUT ---       rlabel(37)=p g1 c1975 a37 t2011;
  INPUT ---       rlabel(38)=p g1 c1975 a38 t2012;
  INPUT ---       rlabel(39)=p g1 c1975 a39 t2013;
  INPUT ---       rlabel(40)=p g1 c1975 a40 t2014;

  Program  MARK  - Survival Rate Estimation with Capture-Recapture Data
   gfortran(Win64) Vers. 8.2 Mar 2017   10-Apr-2017 10:07:41    Page  011
 - - - - - - - - - - - - - - - - - - - - - - - - - - - - - - - - - - - - - -
 
  INPUT ---       rlabel(41)=p g1 c1975 a41 t2015;
  INPUT ---       rlabel(42)=p g1 c1975 a42 t2016;

 Link Function Used is LOGIT        

 Variance Estimation Procedure Used is 2ndPart 
 -2logL(saturated) = 5027.8626     
 Effective Sample Size = 4722

 Number of function evaluations was 92 for 42 parameters.
 Time for numerical optimization was 2.08 seconds.
 -2logL { Phi(~1)p(~time) } = 6066.7208     
 Penalty { Phi(~1)p(~time) } = -0.0000000    
 Gradient { Phi(~1)p(~time) }:
  0.5745695E-04 0.1335769E-03  0.000000      0.000000      0.000000    
   0.000000      0.000000      0.000000      0.000000      0.000000    
 -0.5038889E-04  0.000000      0.000000      0.000000     0.4128969E-04
   0.000000      0.000000    -0.3660858E-04 0.5059556E-04  0.000000    
   0.000000    -0.1328578E-03-0.6830856E-04  0.000000     0.1351620E-03
  0.1720467E-03 0.6709649E-04 0.9948122E-04 0.1807453E-03 0.7482129E-04
  0.3900650E-04 0.7457035E-04 0.8204615E-04-0.8015795E-04  0.000000    
   0.000000      0.000000      0.000000    -0.6691453E-04-0.3535311E-04
 -0.8224550E-04  0.000000    
 S Vector { Phi(~1)p(~time) }:
   1026.689      149.4117      19.62219      19.02223      17.84135    
   17.05046      16.24583      15.30092      14.89495      14.10696    
   11.97314      10.39283      9.067313      8.088945      7.506850    
   7.018205      6.759948      6.429474      5.802907      5.439386    
   4.655956      4.118428      3.929314      3.727563      3.540237    
   3.275013      3.053258      2.868233      2.764327      2.579821    
   2.402879      2.275765      2.019785      1.873653      1.716923    
   1.143098     0.9294402     0.1909504E-01 0.6506157E-02 0.3960098E-02
  0.1107065E-06 0.3520526E-07
 Time to compute number of parameters was 1.47 seconds.
   Threshold =  0.8600000E-06     Condition index =  0.3429010E-10     New Threshold =  0.2281562E-06
 New Guessimate of Estimated Parameters { Phi(~1)p(~time) } = 40          
 Conditioned S Vector { Phi(~1)p(~time) }:
   1.000000     0.1455277     0.1911211E-01 0.1852775E-01 0.1737757E-01
  0.1660724E-01 0.1582352E-01 0.1490317E-01 0.1450776E-01 0.1374025E-01
  0.1166190E-01 0.1012267E-01 0.8831608E-02 0.7878672E-02 0.7311709E-02
  0.6835766E-02 0.6584223E-02 0.6262339E-02 0.5652060E-02 0.5297989E-02
  0.4534924E-02 0.4011369E-02 0.3827171E-02 0.3630664E-02 0.3448209E-02
  0.3189879E-02 0.2973888E-02 0.2793673E-02 0.2692468E-02 0.2512759E-02
  0.2340416E-02 0.2216606E-02 0.1967280E-02 0.1824947E-02 0.1672292E-02
  0.1113383E-02 0.9052794E-03 0.1859866E-04 0.6337029E-05 0.3857155E-05
  0.1078287E-09 0.3429010E-10
 Number of Estimated Parameters { Phi(~1)p(~time) } = 40          
 DEVIANCE { Phi(~1)p(~time) } = 1038.8582                     
 DEVIANCE Degrees of Freedom { Phi(~1)p(~time) } = 229            
 c-hat { Phi(~1)p(~time) } = 4.5364988                     
 AIC { Phi(~1)p(~time) } = 6146.7208                  
 AICc { Phi(~1)p(~time) } = 6147.4215                    
 BIC { Phi(~1)p(~time) } = 6405.1203                    
 Pearson Chisquare { Phi(~1)p(~time) } = 22445.839                  

  Program  MARK  - Survival Rate Estimation with Capture-Recapture Data
   gfortran(Win64) Vers. 8.2 Mar 2017   10-Apr-2017 10:07:43    Page  012
 - - - - - - - - - - - - - - - - - - - - - - - - - - - - - - - - - - - - - -
 


                     LOGIT Link Function Parameters of { Phi(~1)p(~time) }
                                                              95% Confidence Interval
 Parameter                    Beta         Standard Error      Lower           Upper
 -------------------------  --------------  --------------  --------------  --------------
    1:Phi:(Intercept)       -0.5829151      0.0399161       -0.6611506      -0.5046796    
    2:p:(Intercept)         0.3617548       1.1962096       -1.9828161      2.7063257     
    3:p:time1977            2.4983577       15.890626       -28.647270      33.643986     
    4:p:time1978            -0.9376568      1.5865906       -4.0473744      2.1720608     
    5:p:time1979            0.2224695       1.3688673       -2.4605105      2.9054495     
    6:p:time1980            0.1995061       1.4129704       -2.5699159      2.9689281     
    7:p:time1981            -0.7544374      1.3710045       -3.4416062      1.9327314     
    8:p:time1982            -0.0185735      1.3371420       -2.6393720      2.6022249     
    9:p:time1983            0.7789872       1.3029264       -1.7747486      3.3327231     
   10:p:time1984            0.5541821       1.2567988       -1.9091435      3.0175077     
   11:p:time1985            0.8049507       1.2671447       -1.6786529      3.2885543     
   12:p:time1986            -0.2836042      1.2321735       -2.6986642      2.1314558     
   13:p:time1987            -0.4183342      1.2259233       -2.8211439      1.9844755     
   14:p:time1988            -0.8934959      1.2218069       -3.2882376      1.5012457     
   15:p:time1989            -1.2027165      1.2221695       -3.5981687      1.1927357     
   16:p:time1990            -0.6886670      1.2200752       -3.0800144      1.7026804     
   17:p:time1991            -0.5614245      1.2206905       -2.9539779      1.8311290     
   18:p:time1992            -1.4843760      1.2254649       -3.8862872      0.9175353     
   19:p:time1993            -0.7975781      1.2209114       -3.1905646      1.5954084     
   20:p:time1994            -0.7215322      1.2201416       -3.1130098      1.6699453     
   21:p:time1995            0.0060626       1.2480471       -2.4401098      2.4522350     
   22:p:time1996            0.3691246       1.2628335       -2.1060291      2.8442782     
   23:p:time1997            1.6629011       1.4007761       -1.0826201      4.4084224     
   24:p:time1998            0.7813787       1.2546445       -1.6777246      3.2404820     
   25:p:time1999            -0.3457845      1.2260271       -2.7487977      2.0572287     
   26:p:time2000            -0.0572650      1.2374479       -2.4826630      2.3681329     
   27:p:time2001            0.3555026       1.2497170       -2.0939428      2.8049480     
   28:p:time2002            1.7427128       1.3286816       -0.8615032      4.3469288     
   29:p:time2003            0.0063825       1.2593337       -2.4619115      2.4746765     
   30:p:time2004            0.2155560       1.2711745       -2.2759460      2.7070581     
   31:p:time2005            3.6632986       12.361404       -20.565054      27.891651     
   32:p:time2006            0.2196465       1.3129253       -2.3536870      2.7929800     
   33:p:time2007            0.1085160       1.3030455       -2.4454533      2.6624853     
   34:p:time2008            0.1346282       1.2888192       -2.3914575      2.6607139     
   35:p:time2009            1.6794177       1.5248901       -1.3093671      4.6682024     
   36:p:time2010            28.343615       5329.6194       -10417.711      10474.398     
   37:p:time2011            0.0402407       1.3105463       -2.5284301      2.6089114     
   38:p:time2012            -0.3256203      1.3463333       -2.9644337      2.3131930     
   39:p:time2013            -0.3591886      1.3938323       -3.0911000      2.3727229     
   40:p:time2014            -1.5726017      1.3508578       -4.2202830      1.0750797     

  Program  MARK  - Survival Rate Estimation with Capture-Recapture Data
   gfortran(Win64) Vers. 8.2 Mar 2017   10-Apr-2017 10:07:43    Page  013
 - - - - - - - - - - - - - - - - - - - - - - - - - - - - - - - - - - - - - -
 
   41:p:time2015            0.1058291       1.3193524       -2.4801017      2.6917598     
   42:p:time2016            28.253062       3005.4775       -5862.4829      5918.9890     


                     Real Function Parameters of { Phi(~1)p(~time) }
                                                               95% Confidence Interval
  Parameter                  Estimate       Standard Error      Lower           Upper
 --------------------------  --------------  --------------  --------------  --------------
     1:Phi g1 c1975 a1 t197  0.3582621       0.0091771       0.3404812       0.3764416                           
     2:p g1 c1975 a2 t1976   0.5894652       0.2894779       0.1210190       0.9373989                           
     3:p g1 c1975 a3 t1977   0.9458391       0.8170563       0.4630149E-012  1.0000000                           
     4:p g1 c1975 a4 t1978   0.3598761       0.2419376       0.0669594       0.8149586                           
     5:p g1 c1975 a5 t1979   0.6420388       0.1534329       0.3264498       0.8690671                           
     6:p g1 c1975 a6 t1980   0.6367442       0.1742270       0.2859563       0.8846914                           
     7:p g1 c1975 a7 t1981   0.4030717       0.1613399       0.1535559       0.7153709                           
     8:p g1 c1975 a8 t1982   0.5849631       0.1452550       0.3037553       0.8199253                           
     9:p g1 c1975 a9 t1983   0.7578159       0.0949517       0.5316364       0.8961136                           
    10:p g1 c1975 a10 t1984  0.7142135       0.0789006       0.5394901       0.8420530                           
    11:p g1 c1975 a11 t1985  0.7625490       0.0759040       0.5854216       0.8795675                           
    12:p g1 c1975 a12 t1986  0.5195277       0.0742383       0.3764211       0.6595003                           
    13:p g1 c1975 a13 t1987  0.4858589       0.0675173       0.3574754       0.6161361                           
    14:p g1 c1975 a14 t1988  0.3701109       0.0584408       0.2644290       0.4898994                           
    15:p g1 c1975 a15 t1989  0.3013323       0.0531641       0.2081837       0.4143492                           
    16:p g1 c1975 a16 t1990  0.4189921       0.0589904       0.3096270       0.5369424                           
    17:p g1 c1975 a17 t1991  0.4502478       0.0607590       0.3360864       0.5699003                           
    18:p g1 c1975 a18 t1992  0.2455254       0.0495690       0.1615017       0.3547681                           
    19:p g1 c1975 a19 t1993  0.3927366       0.0587550       0.2852260       0.5117574                           
    20:p g1 c1975 a20 t1994  0.4110134       0.0586914       0.3025953       0.5288216                           
    21:p g1 c1975 a21 t1995  0.5909315       0.0865252       0.4173300       0.7444787                           
    22:p g1 c1975 a22 t1996  0.6749982       0.0891478       0.4836042       0.8216205                           
    23:p g1 c1975 a23 t1997  0.8833616       0.0753201       0.6437899       0.9694528                           
    24:p g1 c1975 a24 t1998  0.7582545       0.0698161       0.5978751       0.8687154                           
    25:p g1 c1975 a25 t1999  0.5039925       0.0676685       0.3741193       0.6333291                           
    26:p g1 c1975 a26 t2000  0.5755397       0.0777956       0.4207551       0.7168021                           
    27:p g1 c1975 a27 t2001  0.6720028       0.0799659       0.5015439       0.8066424                           
    28:p g1 c1975 a28 t2002  0.8913366       0.0560767       0.7250561       0.9622850                           
    29:p g1 c1975 a29 t2003  0.5910088       0.0954194       0.3999714       0.7580208                           
    30:p g1 c1975 a30 t2004  0.6404484       0.0992534       0.4335225       0.8056698                           
    31:p g1 c1975 a31 t2005  0.9824510       0.2121509       0.1878598E-008  1.0000000                           
    32:p g1 c1975 a32 t2006  0.6413898       0.1247411       0.3818817       0.8381289                           
    33:p g1 c1975 a33 t2007  0.6154478       0.1225812       0.3670515       0.8153911                           
    34:p g1 c1975 a34 t2008  0.6216089       0.1130613       0.3903718       0.8082247                           
    35:p g1 c1975 a35 t2009  0.8850526       0.0962719       0.5464690       0.9800804                           
    36:p g1 c1975 a36 t2010  1.0000000       0.1820094E-008  1.0000000       1.0000000                           
    37:p g1 c1975 a37 t2011  0.5991670       0.1288076       0.3431684       0.8104900                           
    38:p g1 c1975 a38 t2012  0.5090326       0.1546838       0.2355952       0.7771702                           

  Program  MARK  - Survival Rate Estimation with Capture-Recapture Data
   gfortran(Win64) Vers. 8.2 Mar 2017   10-Apr-2017 10:07:43    Page  014
 - - - - - - - - - - - - - - - - - - - - - - - - - - - - - - - - - - - - - -
 
    39:p g1 c1975 a39 t2013  0.5006416       0.1791511       0.1975020       0.8033102                           
    40:p g1 c1975 a40 t2014  0.2295512       0.1111121       0.0800085       0.5051344                           
    41:p g1 c1975 a41 t2015  0.6148117       0.1319752       0.3487146       0.8263335                           
    42:p g1 c1975 a42 t2016  1.0000000       0.1123817E-008  1.0000000       1.0000000                           

 Attempted ordering of parameters by estimatibility:
   1  2 16 20 17 19 14 15 25 13 18 12 26 21 27 24 10 29 22 11 30 34 33  9 37
  32 41 28  8 38 40  5  7 39 23  6 35  4 31  3 42 36
 Beta number 36 is a singular value.

     CPU Time in seconds for last procedure was 3.58


  INPUT --- proc stop;

     CPU Time in minutes for this job was 0.06

     Time Start = 10:07:41.076   Time End = 10:07:43.070

     Wall Clock Time in minutes for this job was 0.03


          E X E C U T I O N   S U C C E S S F U L 
