
   Program  MARK  - Survival Rate Estimation with Capture-Recapture Data
   gfortran(Win64) Vers. 8.2 Mar 2017   11-Apr-2017 09:27:06    Page  001
 - - - - - - - - - - - - - - - - - - - - - - - - - - - - - - - - - - - - - -
 
   This version was compiled by GCC version 5.3.0 using the options: 
     -cpp -iprefix c:\tdm-gcc-64\gcc\bin\../lib/gcc/x86_64-w64-mingw32/5.3.0/ -D_MT
     -U_REENTRANT -D IEEE -m64 -mtune=generic -march=x86-64 -mthreads -O3
     -fimplicit-none -fbounds-check -ffpe-summary=invalid,zero,overflow,underflow
     -fno-unsafe-math-optimizations -frounding-math -fsignaling-nans -fopenmp.

   This problem will use 3 of 4 possible threads.


  INPUT --- proc title ;

     CPU Time in seconds for last procedure was 0.00


  INPUT --- proc chmatrix occasions= 42 groups= 3 etype= Live ICMeans 
  INPUT --- NoHist hist= 238 ;

  INPUT ---    time  interval 1 1 1 1 1 1 1 1 1 1 1 1 1 1 1 1 1 1 1 1 1 1 
  INPUT ---    1 1 1 1 1 1 1 1 1 1 1 1 1 1 1 1 1 1 1 ;

  INPUT ---    glabel(1)=ageHY.sexF;

  INPUT ---    glabel(2)=ageHY.sexM;

  INPUT ---    glabel(3)=ageHY.sexU;

   * *  WARNING  * *   At least a pair of the encounter histories are duplicates. 

      Number of unique encounter histories read was 194.

      Number of individual covariates read was 0.
      Time interval lengths are all equal to 1.

      Data type number is 1
      Data type is Live Recaptures (CJS)                                                                               

     CPU Time in seconds for last procedure was 0.05

  Program  MARK  - Survival Rate Estimation with Capture-Recapture Data
   gfortran(Win64) Vers. 8.2 Mar 2017   11-Apr-2017 09:27:06    Page  002
 - - - - - - - - - - - - - - - - - - - - - - - - - - - - - - - - - - - - - -
 


  INPUT --- proc estimate link=Logit NOLOOP varest=2ndPart    ;


  INPUT --- model={ Phi(~Time * age)p(~1) };

  INPUT ---    group=1 Phi    rows=41 cols=41 Triang ;
  INPUT ---        1 2 3 4 5 6 7 8 9 10 11 12 13 14 15 16 17 18 19 20 21 22 
  INPUT ---       23 24 25 26 27 28 29 30 31 32 33 34 35 36 37 38 39 40 41 ;
  INPUT ---        2 42 43 5 6 7 8 9 10 11 12 13 14 15 16 17 18 19 20 21 22 
  INPUT ---       23 24 25 26 27 28 29 30 31 32 33 34 35 36 37 38 39 40 41 ;
  INPUT ---        42 44 45 6 7 8 9 10 11 12 13 14 15 16 17 18 19 20 21 22 23 
  INPUT ---       24 25 26 27 28 29 30 31 32 33 34 35 36 37 38 39 40 41 ;
  INPUT ---        44 46 47 7 8 9 10 11 12 13 14 15 16 17 18 19 20 21 22 23 
  INPUT ---       24 25 26 27 28 29 30 31 32 33 34 35 36 37 38 39 40 41 ;
  INPUT ---        46 48 49 8 9 10 11 12 13 14 15 16 17 18 19 20 21 22 23 24 
  INPUT ---       25 26 27 28 29 30 31 32 33 34 35 36 37 38 39 40 41 ;
  INPUT ---        48 50 51 9 10 11 12 13 14 15 16 17 18 19 20 21 22 23 24 25 
  INPUT ---       26 27 28 29 30 31 32 33 34 35 36 37 38 39 40 41 ;
  INPUT ---        50 52 53 10 11 12 13 14 15 16 17 18 19 20 21 22 23 24 25 
  INPUT ---       26 27 28 29 30 31 32 33 34 35 36 37 38 39 40 41 ;
  INPUT ---        52 54 55 11 12 13 14 15 16 17 18 19 20 21 22 23 24 25 26 
  INPUT ---       27 28 29 30 31 32 33 34 35 36 37 38 39 40 41 ;
  INPUT ---        54 56 57 12 13 14 15 16 17 18 19 20 21 22 23 24 25 26 27 
  INPUT ---       28 29 30 31 32 33 34 35 36 37 38 39 40 41 ;
  INPUT ---        56 58 59 13 14 15 16 17 18 19 20 21 22 23 24 25 26 27 28 
  INPUT ---       29 30 31 32 33 34 35 36 37 38 39 40 41 ;
  INPUT ---        58 60 61 14 15 16 17 18 19 20 21 22 23 24 25 26 27 28 29 
  INPUT ---       30 31 32 33 34 35 36 37 38 39 40 41 ;
  INPUT ---        60 62 63 15 16 17 18 19 20 21 22 23 24 25 26 27 28 29 30 
  INPUT ---       31 32 33 34 35 36 37 38 39 40 41 ;
  INPUT ---        62 64 65 16 17 18 19 20 21 22 23 24 25 26 27 28 29 30 31 
  INPUT ---       32 33 34 35 36 37 38 39 40 41 ;
  INPUT ---        64 66 67 17 18 19 20 21 22 23 24 25 26 27 28 29 30 31 32 
  INPUT ---       33 34 35 36 37 38 39 40 41 ;
  INPUT ---        66 68 69 18 19 20 21 22 23 24 25 26 27 28 29 30 31 32 33 
  INPUT ---       34 35 36 37 38 39 40 41 ;
  INPUT ---        68 70 71 19 20 21 22 23 24 25 26 27 28 29 30 31 32 33 34 
  INPUT ---       35 36 37 38 39 40 41 ;
  INPUT ---        70 72 73 20 21 22 23 24 25 26 27 28 29 30 31 32 33 34 35 
  INPUT ---       36 37 38 39 40 41 ;
  INPUT ---        72 74 75 21 22 23 24 25 26 27 28 29 30 31 32 33 34 35 36 
  INPUT ---       37 38 39 40 41 ;
  INPUT ---        74 76 77 22 23 24 25 26 27 28 29 30 31 32 33 34 35 36 37 
  INPUT ---       38 39 40 41 ;

  Program  MARK  - Survival Rate Estimation with Capture-Recapture Data
   gfortran(Win64) Vers. 8.2 Mar 2017   11-Apr-2017 09:27:06    Page  003
 - - - - - - - - - - - - - - - - - - - - - - - - - - - - - - - - - - - - - -
 
  INPUT ---        76 78 79 23 24 25 26 27 28 29 30 31 32 33 34 35 36 37 38 
  INPUT ---       39 40 41 ;
  INPUT ---        78 80 81 24 25 26 27 28 29 30 31 32 33 34 35 36 37 38 39 
  INPUT ---       40 41 ;
  INPUT ---        80 82 83 25 26 27 28 29 30 31 32 33 34 35 36 37 38 39 40 
  INPUT ---       41 ;
  INPUT ---        82 84 85 26 27 28 29 30 31 32 33 34 35 36 37 38 39 40 41 ;
  INPUT ---        84 86 87 27 28 29 30 31 32 33 34 35 36 37 38 39 40 41 ;
  INPUT ---        86 88 89 28 29 30 31 32 33 34 35 36 37 38 39 40 41 ;
  INPUT ---        88 90 91 29 30 31 32 33 34 35 36 37 38 39 40 41 ;
  INPUT ---        90 92 93 30 31 32 33 34 35 36 37 38 39 40 41 ;
  INPUT ---        92 94 95 31 32 33 34 35 36 37 38 39 40 41 ;
  INPUT ---        94 96 97 32 33 34 35 36 37 38 39 40 41 ;
  INPUT ---        96 98 99 33 34 35 36 37 38 39 40 41 ;
  INPUT ---        98 100 101 34 35 36 37 38 39 40 41 ;
  INPUT ---        100 102 103 35 36 37 38 39 40 41 ;
  INPUT ---        102 104 105 36 37 38 39 40 41 ;
  INPUT ---        104 106 107 37 38 39 40 41 ;
  INPUT ---        106 108 109 38 39 40 41 ;
  INPUT ---        108 110 111 39 40 41 ;
  INPUT ---        110 112 113 40 41 ;
  INPUT ---        112 114 115 41 ;
  INPUT ---        114 116 117 ;
  INPUT ---        116 118 ;
  INPUT ---        118 ;

  INPUT ---    group=2 Phi    rows=41 cols=41 Triang ;
  INPUT ---        1 2 3 4 5 6 7 8 9 10 11 12 13 14 15 16 17 18 19 20 21 22 
  INPUT ---       23 24 25 26 27 28 29 30 31 32 33 34 35 36 37 38 39 40 41 ;
  INPUT ---        2 42 43 5 6 7 8 9 10 11 12 13 14 15 16 17 18 19 20 21 22 
  INPUT ---       23 24 25 26 27 28 29 30 31 32 33 34 35 36 37 38 39 40 41 ;
  INPUT ---        42 44 45 6 7 8 9 10 11 12 13 14 15 16 17 18 19 20 21 22 23 
  INPUT ---       24 25 26 27 28 29 30 31 32 33 34 35 36 37 38 39 40 41 ;
  INPUT ---        44 46 47 7 8 9 10 11 12 13 14 15 16 17 18 19 20 21 22 23 
  INPUT ---       24 25 26 27 28 29 30 31 32 33 34 35 36 37 38 39 40 41 ;
  INPUT ---        46 48 49 8 9 10 11 12 13 14 15 16 17 18 19 20 21 22 23 24 
  INPUT ---       25 26 27 28 29 30 31 32 33 34 35 36 37 38 39 40 41 ;
  INPUT ---        48 50 51 9 10 11 12 13 14 15 16 17 18 19 20 21 22 23 24 25 
  INPUT ---       26 27 28 29 30 31 32 33 34 35 36 37 38 39 40 41 ;
  INPUT ---        50 52 53 10 11 12 13 14 15 16 17 18 19 20 21 22 23 24 25 
  INPUT ---       26 27 28 29 30 31 32 33 34 35 36 37 38 39 40 41 ;
  INPUT ---        52 54 55 11 12 13 14 15 16 17 18 19 20 21 22 23 24 25 26 
  INPUT ---       27 28 29 30 31 32 33 34 35 36 37 38 39 40 41 ;
  INPUT ---        54 56 57 12 13 14 15 16 17 18 19 20 21 22 23 24 25 26 27 
  INPUT ---       28 29 30 31 32 33 34 35 36 37 38 39 40 41 ;
  INPUT ---        56 58 59 13 14 15 16 17 18 19 20 21 22 23 24 25 26 27 28 

  Program  MARK  - Survival Rate Estimation with Capture-Recapture Data
   gfortran(Win64) Vers. 8.2 Mar 2017   11-Apr-2017 09:27:06    Page  004
 - - - - - - - - - - - - - - - - - - - - - - - - - - - - - - - - - - - - - -
 
  INPUT ---       29 30 31 32 33 34 35 36 37 38 39 40 41 ;
  INPUT ---        58 60 61 14 15 16 17 18 19 20 21 22 23 24 25 26 27 28 29 
  INPUT ---       30 31 32 33 34 35 36 37 38 39 40 41 ;
  INPUT ---        60 62 63 15 16 17 18 19 20 21 22 23 24 25 26 27 28 29 30 
  INPUT ---       31 32 33 34 35 36 37 38 39 40 41 ;
  INPUT ---        62 64 65 16 17 18 19 20 21 22 23 24 25 26 27 28 29 30 31 
  INPUT ---       32 33 34 35 36 37 38 39 40 41 ;
  INPUT ---        64 66 67 17 18 19 20 21 22 23 24 25 26 27 28 29 30 31 32 
  INPUT ---       33 34 35 36 37 38 39 40 41 ;
  INPUT ---        66 68 69 18 19 20 21 22 23 24 25 26 27 28 29 30 31 32 33 
  INPUT ---       34 35 36 37 38 39 40 41 ;
  INPUT ---        68 70 71 19 20 21 22 23 24 25 26 27 28 29 30 31 32 33 34 
  INPUT ---       35 36 37 38 39 40 41 ;
  INPUT ---        70 72 73 20 21 22 23 24 25 26 27 28 29 30 31 32 33 34 35 
  INPUT ---       36 37 38 39 40 41 ;
  INPUT ---        72 74 75 21 22 23 24 25 26 27 28 29 30 31 32 33 34 35 36 
  INPUT ---       37 38 39 40 41 ;
  INPUT ---        74 76 77 22 23 24 25 26 27 28 29 30 31 32 33 34 35 36 37 
  INPUT ---       38 39 40 41 ;
  INPUT ---        76 78 79 23 24 25 26 27 28 29 30 31 32 33 34 35 36 37 38 
  INPUT ---       39 40 41 ;
  INPUT ---        78 80 81 24 25 26 27 28 29 30 31 32 33 34 35 36 37 38 39 
  INPUT ---       40 41 ;
  INPUT ---        80 82 83 25 26 27 28 29 30 31 32 33 34 35 36 37 38 39 40 
  INPUT ---       41 ;
  INPUT ---        82 84 85 26 27 28 29 30 31 32 33 34 35 36 37 38 39 40 41 ;
  INPUT ---        84 86 87 27 28 29 30 31 32 33 34 35 36 37 38 39 40 41 ;
  INPUT ---        86 88 89 28 29 30 31 32 33 34 35 36 37 38 39 40 41 ;
  INPUT ---        88 90 91 29 30 31 32 33 34 35 36 37 38 39 40 41 ;
  INPUT ---        90 92 93 30 31 32 33 34 35 36 37 38 39 40 41 ;
  INPUT ---        92 94 95 31 32 33 34 35 36 37 38 39 40 41 ;
  INPUT ---        94 96 97 32 33 34 35 36 37 38 39 40 41 ;
  INPUT ---        96 98 99 33 34 35 36 37 38 39 40 41 ;
  INPUT ---        98 100 101 34 35 36 37 38 39 40 41 ;
  INPUT ---        100 102 103 35 36 37 38 39 40 41 ;
  INPUT ---        102 104 105 36 37 38 39 40 41 ;
  INPUT ---        104 106 107 37 38 39 40 41 ;
  INPUT ---        106 108 109 38 39 40 41 ;
  INPUT ---        108 110 111 39 40 41 ;
  INPUT ---        110 112 113 40 41 ;
  INPUT ---        112 114 115 41 ;
  INPUT ---        114 116 117 ;
  INPUT ---        116 118 ;
  INPUT ---        118 ;

  INPUT ---    group=3 Phi    rows=41 cols=41 Triang ;

  Program  MARK  - Survival Rate Estimation with Capture-Recapture Data
   gfortran(Win64) Vers. 8.2 Mar 2017   11-Apr-2017 09:27:06    Page  005
 - - - - - - - - - - - - - - - - - - - - - - - - - - - - - - - - - - - - - -
 
  INPUT ---        1 2 3 4 5 6 7 8 9 10 11 12 13 14 15 16 17 18 19 20 21 22 
  INPUT ---       23 24 25 26 27 28 29 30 31 32 33 34 35 36 37 38 39 40 41 ;
  INPUT ---        2 42 43 5 6 7 8 9 10 11 12 13 14 15 16 17 18 19 20 21 22 
  INPUT ---       23 24 25 26 27 28 29 30 31 32 33 34 35 36 37 38 39 40 41 ;
  INPUT ---        42 44 45 6 7 8 9 10 11 12 13 14 15 16 17 18 19 20 21 22 23 
  INPUT ---       24 25 26 27 28 29 30 31 32 33 34 35 36 37 38 39 40 41 ;
  INPUT ---        44 46 47 7 8 9 10 11 12 13 14 15 16 17 18 19 20 21 22 23 
  INPUT ---       24 25 26 27 28 29 30 31 32 33 34 35 36 37 38 39 40 41 ;
  INPUT ---        46 48 49 8 9 10 11 12 13 14 15 16 17 18 19 20 21 22 23 24 
  INPUT ---       25 26 27 28 29 30 31 32 33 34 35 36 37 38 39 40 41 ;
  INPUT ---        48 50 51 9 10 11 12 13 14 15 16 17 18 19 20 21 22 23 24 25 
  INPUT ---       26 27 28 29 30 31 32 33 34 35 36 37 38 39 40 41 ;
  INPUT ---        50 52 53 10 11 12 13 14 15 16 17 18 19 20 21 22 23 24 25 
  INPUT ---       26 27 28 29 30 31 32 33 34 35 36 37 38 39 40 41 ;
  INPUT ---        52 54 55 11 12 13 14 15 16 17 18 19 20 21 22 23 24 25 26 
  INPUT ---       27 28 29 30 31 32 33 34 35 36 37 38 39 40 41 ;
  INPUT ---        54 56 57 12 13 14 15 16 17 18 19 20 21 22 23 24 25 26 27 
  INPUT ---       28 29 30 31 32 33 34 35 36 37 38 39 40 41 ;
  INPUT ---        56 58 59 13 14 15 16 17 18 19 20 21 22 23 24 25 26 27 28 
  INPUT ---       29 30 31 32 33 34 35 36 37 38 39 40 41 ;
  INPUT ---        58 60 61 14 15 16 17 18 19 20 21 22 23 24 25 26 27 28 29 
  INPUT ---       30 31 32 33 34 35 36 37 38 39 40 41 ;
  INPUT ---        60 62 63 15 16 17 18 19 20 21 22 23 24 25 26 27 28 29 30 
  INPUT ---       31 32 33 34 35 36 37 38 39 40 41 ;
  INPUT ---        62 64 65 16 17 18 19 20 21 22 23 24 25 26 27 28 29 30 31 
  INPUT ---       32 33 34 35 36 37 38 39 40 41 ;
  INPUT ---        64 66 67 17 18 19 20 21 22 23 24 25 26 27 28 29 30 31 32 
  INPUT ---       33 34 35 36 37 38 39 40 41 ;
  INPUT ---        66 68 69 18 19 20 21 22 23 24 25 26 27 28 29 30 31 32 33 
  INPUT ---       34 35 36 37 38 39 40 41 ;
  INPUT ---        68 70 71 19 20 21 22 23 24 25 26 27 28 29 30 31 32 33 34 
  INPUT ---       35 36 37 38 39 40 41 ;
  INPUT ---        70 72 73 20 21 22 23 24 25 26 27 28 29 30 31 32 33 34 35 
  INPUT ---       36 37 38 39 40 41 ;
  INPUT ---        72 74 75 21 22 23 24 25 26 27 28 29 30 31 32 33 34 35 36 
  INPUT ---       37 38 39 40 41 ;
  INPUT ---        74 76 77 22 23 24 25 26 27 28 29 30 31 32 33 34 35 36 37 
  INPUT ---       38 39 40 41 ;
  INPUT ---        76 78 79 23 24 25 26 27 28 29 30 31 32 33 34 35 36 37 38 
  INPUT ---       39 40 41 ;
  INPUT ---        78 80 81 24 25 26 27 28 29 30 31 32 33 34 35 36 37 38 39 
  INPUT ---       40 41 ;
  INPUT ---        80 82 83 25 26 27 28 29 30 31 32 33 34 35 36 37 38 39 40 
  INPUT ---       41 ;
  INPUT ---        82 84 85 26 27 28 29 30 31 32 33 34 35 36 37 38 39 40 41 ;
  INPUT ---        84 86 87 27 28 29 30 31 32 33 34 35 36 37 38 39 40 41 ;

  Program  MARK  - Survival Rate Estimation with Capture-Recapture Data
   gfortran(Win64) Vers. 8.2 Mar 2017   11-Apr-2017 09:27:06    Page  006
 - - - - - - - - - - - - - - - - - - - - - - - - - - - - - - - - - - - - - -
 
  INPUT ---        86 88 89 28 29 30 31 32 33 34 35 36 37 38 39 40 41 ;
  INPUT ---        88 90 91 29 30 31 32 33 34 35 36 37 38 39 40 41 ;
  INPUT ---        90 92 93 30 31 32 33 34 35 36 37 38 39 40 41 ;
  INPUT ---        92 94 95 31 32 33 34 35 36 37 38 39 40 41 ;
  INPUT ---        94 96 97 32 33 34 35 36 37 38 39 40 41 ;
  INPUT ---        96 98 99 33 34 35 36 37 38 39 40 41 ;
  INPUT ---        98 100 101 34 35 36 37 38 39 40 41 ;
  INPUT ---        100 102 103 35 36 37 38 39 40 41 ;
  INPUT ---        102 104 105 36 37 38 39 40 41 ;
  INPUT ---        104 106 107 37 38 39 40 41 ;
  INPUT ---        106 108 109 38 39 40 41 ;
  INPUT ---        108 110 111 39 40 41 ;
  INPUT ---        110 112 113 40 41 ;
  INPUT ---        112 114 115 41 ;
  INPUT ---        114 116 117 ;
  INPUT ---        116 118 ;
  INPUT ---        118 ;

  INPUT ---    group=1 p    rows=41 cols=41 Triang ;
  INPUT ---        119 119 119 119 119 119 119 119 119 119 119 119 119 119 
  INPUT ---       119 119 119 119 119 119 119 119 119 119 119 119 119 119 119 
  INPUT ---       119 119 119 119 119 119 119 119 119 119 119 119 ;
  INPUT ---        119 119 119 119 119 119 119 119 119 119 119 119 119 119 
  INPUT ---       119 119 119 119 119 119 119 119 119 119 119 119 119 119 119 
  INPUT ---       119 119 119 119 119 119 119 119 119 119 119 ;
  INPUT ---        119 119 119 119 119 119 119 119 119 119 119 119 119 119 
  INPUT ---       119 119 119 119 119 119 119 119 119 119 119 119 119 119 119 
  INPUT ---       119 119 119 119 119 119 119 119 119 119 ;
  INPUT ---        119 119 119 119 119 119 119 119 119 119 119 119 119 119 
  INPUT ---       119 119 119 119 119 119 119 119 119 119 119 119 119 119 119 
  INPUT ---       119 119 119 119 119 119 119 119 119 ;
  INPUT ---        119 119 119 119 119 119 119 119 119 119 119 119 119 119 
  INPUT ---       119 119 119 119 119 119 119 119 119 119 119 119 119 119 119 
  INPUT ---       119 119 119 119 119 119 119 119 ;
  INPUT ---        119 119 119 119 119 119 119 119 119 119 119 119 119 119 
  INPUT ---       119 119 119 119 119 119 119 119 119 119 119 119 119 119 119 
  INPUT ---       119 119 119 119 119 119 119 ;
  INPUT ---        119 119 119 119 119 119 119 119 119 119 119 119 119 119 
  INPUT ---       119 119 119 119 119 119 119 119 119 119 119 119 119 119 119 
  INPUT ---       119 119 119 119 119 119 ;
  INPUT ---        119 119 119 119 119 119 119 119 119 119 119 119 119 119 
  INPUT ---       119 119 119 119 119 119 119 119 119 119 119 119 119 119 119 
  INPUT ---       119 119 119 119 119 ;
  INPUT ---        119 119 119 119 119 119 119 119 119 119 119 119 119 119 
  INPUT ---       119 119 119 119 119 119 119 119 119 119 119 119 119 119 119 
  INPUT ---       119 119 119 119 ;

  Program  MARK  - Survival Rate Estimation with Capture-Recapture Data
   gfortran(Win64) Vers. 8.2 Mar 2017   11-Apr-2017 09:27:06    Page  007
 - - - - - - - - - - - - - - - - - - - - - - - - - - - - - - - - - - - - - -
 
  INPUT ---        119 119 119 119 119 119 119 119 119 119 119 119 119 119 
  INPUT ---       119 119 119 119 119 119 119 119 119 119 119 119 119 119 119 
  INPUT ---       119 119 119 ;
  INPUT ---        119 119 119 119 119 119 119 119 119 119 119 119 119 119 
  INPUT ---       119 119 119 119 119 119 119 119 119 119 119 119 119 119 119 
  INPUT ---       119 119 ;
  INPUT ---        119 119 119 119 119 119 119 119 119 119 119 119 119 119 
  INPUT ---       119 119 119 119 119 119 119 119 119 119 119 119 119 119 119 
  INPUT ---       119 ;
  INPUT ---        119 119 119 119 119 119 119 119 119 119 119 119 119 119 
  INPUT ---       119 119 119 119 119 119 119 119 119 119 119 119 119 119 119 
  INPUT ---       ;
  INPUT ---        119 119 119 119 119 119 119 119 119 119 119 119 119 119 
  INPUT ---       119 119 119 119 119 119 119 119 119 119 119 119 119 119 ;
  INPUT ---        119 119 119 119 119 119 119 119 119 119 119 119 119 119 
  INPUT ---       119 119 119 119 119 119 119 119 119 119 119 119 119 ;
  INPUT ---        119 119 119 119 119 119 119 119 119 119 119 119 119 119 
  INPUT ---       119 119 119 119 119 119 119 119 119 119 119 119 ;
  INPUT ---        119 119 119 119 119 119 119 119 119 119 119 119 119 119 
  INPUT ---       119 119 119 119 119 119 119 119 119 119 119 ;
  INPUT ---        119 119 119 119 119 119 119 119 119 119 119 119 119 119 
  INPUT ---       119 119 119 119 119 119 119 119 119 119 ;
  INPUT ---        119 119 119 119 119 119 119 119 119 119 119 119 119 119 
  INPUT ---       119 119 119 119 119 119 119 119 119 ;
  INPUT ---        119 119 119 119 119 119 119 119 119 119 119 119 119 119 
  INPUT ---       119 119 119 119 119 119 119 119 ;
  INPUT ---        119 119 119 119 119 119 119 119 119 119 119 119 119 119 
  INPUT ---       119 119 119 119 119 119 119 ;
  INPUT ---        119 119 119 119 119 119 119 119 119 119 119 119 119 119 
  INPUT ---       119 119 119 119 119 119 ;
  INPUT ---        119 119 119 119 119 119 119 119 119 119 119 119 119 119 
  INPUT ---       119 119 119 119 119 ;
  INPUT ---        119 119 119 119 119 119 119 119 119 119 119 119 119 119 
  INPUT ---       119 119 119 119 ;
  INPUT ---        119 119 119 119 119 119 119 119 119 119 119 119 119 119 
  INPUT ---       119 119 119 ;
  INPUT ---        119 119 119 119 119 119 119 119 119 119 119 119 119 119 
  INPUT ---       119 119 ;
  INPUT ---        119 119 119 119 119 119 119 119 119 119 119 119 119 119 
  INPUT ---       119 ;
  INPUT ---        119 119 119 119 119 119 119 119 119 119 119 119 119 119 ;
  INPUT ---        119 119 119 119 119 119 119 119 119 119 119 119 119 ;
  INPUT ---        119 119 119 119 119 119 119 119 119 119 119 119 ;
  INPUT ---        119 119 119 119 119 119 119 119 119 119 119 ;
  INPUT ---        119 119 119 119 119 119 119 119 119 119 ;
  INPUT ---        119 119 119 119 119 119 119 119 119 ;

  Program  MARK  - Survival Rate Estimation with Capture-Recapture Data
   gfortran(Win64) Vers. 8.2 Mar 2017   11-Apr-2017 09:27:07    Page  008
 - - - - - - - - - - - - - - - - - - - - - - - - - - - - - - - - - - - - - -
 
  INPUT ---        119 119 119 119 119 119 119 119 ;
  INPUT ---        119 119 119 119 119 119 119 ;
  INPUT ---        119 119 119 119 119 119 ;
  INPUT ---        119 119 119 119 119 ;
  INPUT ---        119 119 119 119 ;
  INPUT ---        119 119 119 ;
  INPUT ---        119 119 ;
  INPUT ---        119 ;

  INPUT ---    group=2 p    rows=41 cols=41 Triang ;
  INPUT ---        119 119 119 119 119 119 119 119 119 119 119 119 119 119 
  INPUT ---       119 119 119 119 119 119 119 119 119 119 119 119 119 119 119 
  INPUT ---       119 119 119 119 119 119 119 119 119 119 119 119 ;
  INPUT ---        119 119 119 119 119 119 119 119 119 119 119 119 119 119 
  INPUT ---       119 119 119 119 119 119 119 119 119 119 119 119 119 119 119 
  INPUT ---       119 119 119 119 119 119 119 119 119 119 119 ;
  INPUT ---        119 119 119 119 119 119 119 119 119 119 119 119 119 119 
  INPUT ---       119 119 119 119 119 119 119 119 119 119 119 119 119 119 119 
  INPUT ---       119 119 119 119 119 119 119 119 119 119 ;
  INPUT ---        119 119 119 119 119 119 119 119 119 119 119 119 119 119 
  INPUT ---       119 119 119 119 119 119 119 119 119 119 119 119 119 119 119 
  INPUT ---       119 119 119 119 119 119 119 119 119 ;
  INPUT ---        119 119 119 119 119 119 119 119 119 119 119 119 119 119 
  INPUT ---       119 119 119 119 119 119 119 119 119 119 119 119 119 119 119 
  INPUT ---       119 119 119 119 119 119 119 119 ;
  INPUT ---        119 119 119 119 119 119 119 119 119 119 119 119 119 119 
  INPUT ---       119 119 119 119 119 119 119 119 119 119 119 119 119 119 119 
  INPUT ---       119 119 119 119 119 119 119 ;
  INPUT ---        119 119 119 119 119 119 119 119 119 119 119 119 119 119 
  INPUT ---       119 119 119 119 119 119 119 119 119 119 119 119 119 119 119 
  INPUT ---       119 119 119 119 119 119 ;
  INPUT ---        119 119 119 119 119 119 119 119 119 119 119 119 119 119 
  INPUT ---       119 119 119 119 119 119 119 119 119 119 119 119 119 119 119 
  INPUT ---       119 119 119 119 119 ;
  INPUT ---        119 119 119 119 119 119 119 119 119 119 119 119 119 119 
  INPUT ---       119 119 119 119 119 119 119 119 119 119 119 119 119 119 119 
  INPUT ---       119 119 119 119 ;
  INPUT ---        119 119 119 119 119 119 119 119 119 119 119 119 119 119 
  INPUT ---       119 119 119 119 119 119 119 119 119 119 119 119 119 119 119 
  INPUT ---       119 119 119 ;
  INPUT ---        119 119 119 119 119 119 119 119 119 119 119 119 119 119 
  INPUT ---       119 119 119 119 119 119 119 119 119 119 119 119 119 119 119 
  INPUT ---       119 119 ;
  INPUT ---        119 119 119 119 119 119 119 119 119 119 119 119 119 119 
  INPUT ---       119 119 119 119 119 119 119 119 119 119 119 119 119 119 119 
  INPUT ---       119 ;

  Program  MARK  - Survival Rate Estimation with Capture-Recapture Data
   gfortran(Win64) Vers. 8.2 Mar 2017   11-Apr-2017 09:27:07    Page  009
 - - - - - - - - - - - - - - - - - - - - - - - - - - - - - - - - - - - - - -
 
  INPUT ---        119 119 119 119 119 119 119 119 119 119 119 119 119 119 
  INPUT ---       119 119 119 119 119 119 119 119 119 119 119 119 119 119 119 
  INPUT ---       ;
  INPUT ---        119 119 119 119 119 119 119 119 119 119 119 119 119 119 
  INPUT ---       119 119 119 119 119 119 119 119 119 119 119 119 119 119 ;
  INPUT ---        119 119 119 119 119 119 119 119 119 119 119 119 119 119 
  INPUT ---       119 119 119 119 119 119 119 119 119 119 119 119 119 ;
  INPUT ---        119 119 119 119 119 119 119 119 119 119 119 119 119 119 
  INPUT ---       119 119 119 119 119 119 119 119 119 119 119 119 ;
  INPUT ---        119 119 119 119 119 119 119 119 119 119 119 119 119 119 
  INPUT ---       119 119 119 119 119 119 119 119 119 119 119 ;
  INPUT ---        119 119 119 119 119 119 119 119 119 119 119 119 119 119 
  INPUT ---       119 119 119 119 119 119 119 119 119 119 ;
  INPUT ---        119 119 119 119 119 119 119 119 119 119 119 119 119 119 
  INPUT ---       119 119 119 119 119 119 119 119 119 ;
  INPUT ---        119 119 119 119 119 119 119 119 119 119 119 119 119 119 
  INPUT ---       119 119 119 119 119 119 119 119 ;
  INPUT ---        119 119 119 119 119 119 119 119 119 119 119 119 119 119 
  INPUT ---       119 119 119 119 119 119 119 ;
  INPUT ---        119 119 119 119 119 119 119 119 119 119 119 119 119 119 
  INPUT ---       119 119 119 119 119 119 ;
  INPUT ---        119 119 119 119 119 119 119 119 119 119 119 119 119 119 
  INPUT ---       119 119 119 119 119 ;
  INPUT ---        119 119 119 119 119 119 119 119 119 119 119 119 119 119 
  INPUT ---       119 119 119 119 ;
  INPUT ---        119 119 119 119 119 119 119 119 119 119 119 119 119 119 
  INPUT ---       119 119 119 ;
  INPUT ---        119 119 119 119 119 119 119 119 119 119 119 119 119 119 
  INPUT ---       119 119 ;
  INPUT ---        119 119 119 119 119 119 119 119 119 119 119 119 119 119 
  INPUT ---       119 ;
  INPUT ---        119 119 119 119 119 119 119 119 119 119 119 119 119 119 ;
  INPUT ---        119 119 119 119 119 119 119 119 119 119 119 119 119 ;
  INPUT ---        119 119 119 119 119 119 119 119 119 119 119 119 ;
  INPUT ---        119 119 119 119 119 119 119 119 119 119 119 ;
  INPUT ---        119 119 119 119 119 119 119 119 119 119 ;
  INPUT ---        119 119 119 119 119 119 119 119 119 ;
  INPUT ---        119 119 119 119 119 119 119 119 ;
  INPUT ---        119 119 119 119 119 119 119 ;
  INPUT ---        119 119 119 119 119 119 ;
  INPUT ---        119 119 119 119 119 ;
  INPUT ---        119 119 119 119 ;
  INPUT ---        119 119 119 ;
  INPUT ---        119 119 ;
  INPUT ---        119 ;


  Program  MARK  - Survival Rate Estimation with Capture-Recapture Data
   gfortran(Win64) Vers. 8.2 Mar 2017   11-Apr-2017 09:27:07    Page  010
 - - - - - - - - - - - - - - - - - - - - - - - - - - - - - - - - - - - - - -
 
  INPUT ---    group=3 p    rows=41 cols=41 Triang ;
  INPUT ---        119 119 119 119 119 119 119 119 119 119 119 119 119 119 
  INPUT ---       119 119 119 119 119 119 119 119 119 119 119 119 119 119 119 
  INPUT ---       119 119 119 119 119 119 119 119 119 119 119 119 ;
  INPUT ---        119 119 119 119 119 119 119 119 119 119 119 119 119 119 
  INPUT ---       119 119 119 119 119 119 119 119 119 119 119 119 119 119 119 
  INPUT ---       119 119 119 119 119 119 119 119 119 119 119 ;
  INPUT ---        119 119 119 119 119 119 119 119 119 119 119 119 119 119 
  INPUT ---       119 119 119 119 119 119 119 119 119 119 119 119 119 119 119 
  INPUT ---       119 119 119 119 119 119 119 119 119 119 ;
  INPUT ---        119 119 119 119 119 119 119 119 119 119 119 119 119 119 
  INPUT ---       119 119 119 119 119 119 119 119 119 119 119 119 119 119 119 
  INPUT ---       119 119 119 119 119 119 119 119 119 ;
  INPUT ---        119 119 119 119 119 119 119 119 119 119 119 119 119 119 
  INPUT ---       119 119 119 119 119 119 119 119 119 119 119 119 119 119 119 
  INPUT ---       119 119 119 119 119 119 119 119 ;
  INPUT ---        119 119 119 119 119 119 119 119 119 119 119 119 119 119 
  INPUT ---       119 119 119 119 119 119 119 119 119 119 119 119 119 119 119 
  INPUT ---       119 119 119 119 119 119 119 ;
  INPUT ---        119 119 119 119 119 119 119 119 119 119 119 119 119 119 
  INPUT ---       119 119 119 119 119 119 119 119 119 119 119 119 119 119 119 
  INPUT ---       119 119 119 119 119 119 ;
  INPUT ---        119 119 119 119 119 119 119 119 119 119 119 119 119 119 
  INPUT ---       119 119 119 119 119 119 119 119 119 119 119 119 119 119 119 
  INPUT ---       119 119 119 119 119 ;
  INPUT ---        119 119 119 119 119 119 119 119 119 119 119 119 119 119 
  INPUT ---       119 119 119 119 119 119 119 119 119 119 119 119 119 119 119 
  INPUT ---       119 119 119 119 ;
  INPUT ---        119 119 119 119 119 119 119 119 119 119 119 119 119 119 
  INPUT ---       119 119 119 119 119 119 119 119 119 119 119 119 119 119 119 
  INPUT ---       119 119 119 ;
  INPUT ---        119 119 119 119 119 119 119 119 119 119 119 119 119 119 
  INPUT ---       119 119 119 119 119 119 119 119 119 119 119 119 119 119 119 
  INPUT ---       119 119 ;
  INPUT ---        119 119 119 119 119 119 119 119 119 119 119 119 119 119 
  INPUT ---       119 119 119 119 119 119 119 119 119 119 119 119 119 119 119 
  INPUT ---       119 ;
  INPUT ---        119 119 119 119 119 119 119 119 119 119 119 119 119 119 
  INPUT ---       119 119 119 119 119 119 119 119 119 119 119 119 119 119 119 
  INPUT ---       ;
  INPUT ---        119 119 119 119 119 119 119 119 119 119 119 119 119 119 
  INPUT ---       119 119 119 119 119 119 119 119 119 119 119 119 119 119 ;
  INPUT ---        119 119 119 119 119 119 119 119 119 119 119 119 119 119 
  INPUT ---       119 119 119 119 119 119 119 119 119 119 119 119 119 ;
  INPUT ---        119 119 119 119 119 119 119 119 119 119 119 119 119 119 
  INPUT ---       119 119 119 119 119 119 119 119 119 119 119 119 ;

  Program  MARK  - Survival Rate Estimation with Capture-Recapture Data
   gfortran(Win64) Vers. 8.2 Mar 2017   11-Apr-2017 09:27:07    Page  011
 - - - - - - - - - - - - - - - - - - - - - - - - - - - - - - - - - - - - - -
 
  INPUT ---        119 119 119 119 119 119 119 119 119 119 119 119 119 119 
  INPUT ---       119 119 119 119 119 119 119 119 119 119 119 ;
  INPUT ---        119 119 119 119 119 119 119 119 119 119 119 119 119 119 
  INPUT ---       119 119 119 119 119 119 119 119 119 119 ;
  INPUT ---        119 119 119 119 119 119 119 119 119 119 119 119 119 119 
  INPUT ---       119 119 119 119 119 119 119 119 119 ;
  INPUT ---        119 119 119 119 119 119 119 119 119 119 119 119 119 119 
  INPUT ---       119 119 119 119 119 119 119 119 ;
  INPUT ---        119 119 119 119 119 119 119 119 119 119 119 119 119 119 
  INPUT ---       119 119 119 119 119 119 119 ;
  INPUT ---        119 119 119 119 119 119 119 119 119 119 119 119 119 119 
  INPUT ---       119 119 119 119 119 119 ;
  INPUT ---        119 119 119 119 119 119 119 119 119 119 119 119 119 119 
  INPUT ---       119 119 119 119 119 ;
  INPUT ---        119 119 119 119 119 119 119 119 119 119 119 119 119 119 
  INPUT ---       119 119 119 119 ;
  INPUT ---        119 119 119 119 119 119 119 119 119 119 119 119 119 119 
  INPUT ---       119 119 119 ;
  INPUT ---        119 119 119 119 119 119 119 119 119 119 119 119 119 119 
  INPUT ---       119 119 ;
  INPUT ---        119 119 119 119 119 119 119 119 119 119 119 119 119 119 
  INPUT ---       119 ;
  INPUT ---        119 119 119 119 119 119 119 119 119 119 119 119 119 119 ;
  INPUT ---        119 119 119 119 119 119 119 119 119 119 119 119 119 ;
  INPUT ---        119 119 119 119 119 119 119 119 119 119 119 119 ;
  INPUT ---        119 119 119 119 119 119 119 119 119 119 119 ;
  INPUT ---        119 119 119 119 119 119 119 119 119 119 ;
  INPUT ---        119 119 119 119 119 119 119 119 119 ;
  INPUT ---        119 119 119 119 119 119 119 119 ;
  INPUT ---        119 119 119 119 119 119 119 ;
  INPUT ---        119 119 119 119 119 119 ;
  INPUT ---        119 119 119 119 119 ;
  INPUT ---        119 119 119 119 ;
  INPUT ---        119 119 119 ;
  INPUT ---        119 119 ;
  INPUT ---        119 ;

  INPUT ---    design matrix constraints=119 covariates=7;
  INPUT ---        1 0 0 0 0 0 0;
  INPUT ---        1 1 0 0 0 0 0;
  INPUT ---        1 2 1 0 2 0 0;
  INPUT ---        1 3 0 1 0 3 0;
  INPUT ---        1 4 0 1 0 4 0;
  INPUT ---        1 5 0 1 0 5 0;
  INPUT ---        1 6 0 1 0 6 0;
  INPUT ---        1 7 0 1 0 7 0;

  Program  MARK  - Survival Rate Estimation with Capture-Recapture Data
   gfortran(Win64) Vers. 8.2 Mar 2017   11-Apr-2017 09:27:07    Page  012
 - - - - - - - - - - - - - - - - - - - - - - - - - - - - - - - - - - - - - -
 
  INPUT ---        1 8 0 1 0 8 0;
  INPUT ---        1 9 0 1 0 9 0;
  INPUT ---        1 10 0 1 0 10 0;
  INPUT ---        1 11 0 1 0 11 0;
  INPUT ---        1 12 0 1 0 12 0;
  INPUT ---        1 13 0 1 0 13 0;
  INPUT ---        1 14 0 1 0 14 0;
  INPUT ---        1 15 0 1 0 15 0;
  INPUT ---        1 16 0 1 0 16 0;
  INPUT ---        1 17 0 1 0 17 0;
  INPUT ---        1 18 0 1 0 18 0;
  INPUT ---        1 19 0 1 0 19 0;
  INPUT ---        1 20 0 1 0 20 0;
  INPUT ---        1 21 0 1 0 21 0;
  INPUT ---        1 22 0 1 0 22 0;
  INPUT ---        1 23 0 1 0 23 0;
  INPUT ---        1 24 0 1 0 24 0;
  INPUT ---        1 25 0 1 0 25 0;
  INPUT ---        1 26 0 1 0 26 0;
  INPUT ---        1 27 0 1 0 27 0;
  INPUT ---        1 28 0 1 0 28 0;
  INPUT ---        1 29 0 1 0 29 0;
  INPUT ---        1 30 0 1 0 30 0;
  INPUT ---        1 31 0 1 0 31 0;
  INPUT ---        1 32 0 1 0 32 0;
  INPUT ---        1 33 0 1 0 33 0;
  INPUT ---        1 34 0 1 0 34 0;
  INPUT ---        1 35 0 1 0 35 0;
  INPUT ---        1 36 0 1 0 36 0;
  INPUT ---        1 37 0 1 0 37 0;
  INPUT ---        1 38 0 1 0 38 0;
  INPUT ---        1 39 0 1 0 39 0;
  INPUT ---        1 40 0 1 0 40 0;
  INPUT ---        1 2 0 0 0 0 0;
  INPUT ---        1 3 1 0 3 0 0;
  INPUT ---        1 3 0 0 0 0 0;
  INPUT ---        1 4 1 0 4 0 0;
  INPUT ---        1 4 0 0 0 0 0;
  INPUT ---        1 5 1 0 5 0 0;
  INPUT ---        1 5 0 0 0 0 0;
  INPUT ---        1 6 1 0 6 0 0;
  INPUT ---        1 6 0 0 0 0 0;
  INPUT ---        1 7 1 0 7 0 0;
  INPUT ---        1 7 0 0 0 0 0;
  INPUT ---        1 8 1 0 8 0 0;
  INPUT ---        1 8 0 0 0 0 0;

  Program  MARK  - Survival Rate Estimation with Capture-Recapture Data
   gfortran(Win64) Vers. 8.2 Mar 2017   11-Apr-2017 09:27:07    Page  013
 - - - - - - - - - - - - - - - - - - - - - - - - - - - - - - - - - - - - - -
 
  INPUT ---        1 9 1 0 9 0 0;
  INPUT ---        1 9 0 0 0 0 0;
  INPUT ---        1 10 1 0 10 0 0;
  INPUT ---        1 10 0 0 0 0 0;
  INPUT ---        1 11 1 0 11 0 0;
  INPUT ---        1 11 0 0 0 0 0;
  INPUT ---        1 12 1 0 12 0 0;
  INPUT ---        1 12 0 0 0 0 0;
  INPUT ---        1 13 1 0 13 0 0;
  INPUT ---        1 13 0 0 0 0 0;
  INPUT ---        1 14 1 0 14 0 0;
  INPUT ---        1 14 0 0 0 0 0;
  INPUT ---        1 15 1 0 15 0 0;
  INPUT ---        1 15 0 0 0 0 0;
  INPUT ---        1 16 1 0 16 0 0;
  INPUT ---        1 16 0 0 0 0 0;
  INPUT ---        1 17 1 0 17 0 0;
  INPUT ---        1 17 0 0 0 0 0;
  INPUT ---        1 18 1 0 18 0 0;
  INPUT ---        1 18 0 0 0 0 0;
  INPUT ---        1 19 1 0 19 0 0;
  INPUT ---        1 19 0 0 0 0 0;
  INPUT ---        1 20 1 0 20 0 0;
  INPUT ---        1 20 0 0 0 0 0;
  INPUT ---        1 21 1 0 21 0 0;
  INPUT ---        1 21 0 0 0 0 0;
  INPUT ---        1 22 1 0 22 0 0;
  INPUT ---        1 22 0 0 0 0 0;
  INPUT ---        1 23 1 0 23 0 0;
  INPUT ---        1 23 0 0 0 0 0;
  INPUT ---        1 24 1 0 24 0 0;
  INPUT ---        1 24 0 0 0 0 0;
  INPUT ---        1 25 1 0 25 0 0;
  INPUT ---        1 25 0 0 0 0 0;
  INPUT ---        1 26 1 0 26 0 0;
  INPUT ---        1 26 0 0 0 0 0;
  INPUT ---        1 27 1 0 27 0 0;
  INPUT ---        1 27 0 0 0 0 0;
  INPUT ---        1 28 1 0 28 0 0;
  INPUT ---        1 28 0 0 0 0 0;
  INPUT ---        1 29 1 0 29 0 0;
  INPUT ---        1 29 0 0 0 0 0;
  INPUT ---        1 30 1 0 30 0 0;
  INPUT ---        1 30 0 0 0 0 0;
  INPUT ---        1 31 1 0 31 0 0;
  INPUT ---        1 31 0 0 0 0 0;

  Program  MARK  - Survival Rate Estimation with Capture-Recapture Data
   gfortran(Win64) Vers. 8.2 Mar 2017   11-Apr-2017 09:27:07    Page  014
 - - - - - - - - - - - - - - - - - - - - - - - - - - - - - - - - - - - - - -
 
  INPUT ---        1 32 1 0 32 0 0;
  INPUT ---        1 32 0 0 0 0 0;
  INPUT ---        1 33 1 0 33 0 0;
  INPUT ---        1 33 0 0 0 0 0;
  INPUT ---        1 34 1 0 34 0 0;
  INPUT ---        1 34 0 0 0 0 0;
  INPUT ---        1 35 1 0 35 0 0;
  INPUT ---        1 35 0 0 0 0 0;
  INPUT ---        1 36 1 0 36 0 0;
  INPUT ---        1 36 0 0 0 0 0;
  INPUT ---        1 37 1 0 37 0 0;
  INPUT ---        1 37 0 0 0 0 0;
  INPUT ---        1 38 1 0 38 0 0;
  INPUT ---        1 38 0 0 0 0 0;
  INPUT ---        1 39 1 0 39 0 0;
  INPUT ---        1 39 0 0 0 0 0;
  INPUT ---        1 40 1 0 40 0 0;
  INPUT ---        1 40 0 0 0 0 0;
  INPUT ---        0 0 0 0 0 0 1;
  INPUT ---       blabel(1)=Phi:(Intercept);
  INPUT ---       blabel(2)=Phi:Time;
  INPUT ---       blabel(3)=Phi:age(1,2];
  INPUT ---       blabel(4)=Phi:age(2,42];
  INPUT ---       blabel(5)=Phi:Time:age(1,2];
  INPUT ---       blabel(6)=Phi:Time:age(2,42];
  INPUT ---       blabel(7)=p:(Intercept);
  INPUT ---       rlabel(1)=Phi gHYF c1975 a0 t1975;
  INPUT ---       rlabel(2)=Phi gHYF c1975 a1 t1976;
  INPUT ---       rlabel(3)=Phi gHYF c1975 a2 t1977;
  INPUT ---       rlabel(4)=Phi gHYF c1975 a3 t1978;
  INPUT ---       rlabel(5)=Phi gHYF c1975 a4 t1979;
  INPUT ---       rlabel(6)=Phi gHYF c1975 a5 t1980;
  INPUT ---       rlabel(7)=Phi gHYF c1975 a6 t1981;
  INPUT ---       rlabel(8)=Phi gHYF c1975 a7 t1982;
  INPUT ---       rlabel(9)=Phi gHYF c1975 a8 t1983;
  INPUT ---       rlabel(10)=Phi gHYF c1975 a9 t1984;
  INPUT ---       rlabel(11)=Phi gHYF c1975 a10 t1985;
  INPUT ---       rlabel(12)=Phi gHYF c1975 a11 t1986;
  INPUT ---       rlabel(13)=Phi gHYF c1975 a12 t1987;
  INPUT ---       rlabel(14)=Phi gHYF c1975 a13 t1988;
  INPUT ---       rlabel(15)=Phi gHYF c1975 a14 t1989;
  INPUT ---       rlabel(16)=Phi gHYF c1975 a15 t1990;
  INPUT ---       rlabel(17)=Phi gHYF c1975 a16 t1991;
  INPUT ---       rlabel(18)=Phi gHYF c1975 a17 t1992;
  INPUT ---       rlabel(19)=Phi gHYF c1975 a18 t1993;
  INPUT ---       rlabel(20)=Phi gHYF c1975 a19 t1994;

  Program  MARK  - Survival Rate Estimation with Capture-Recapture Data
   gfortran(Win64) Vers. 8.2 Mar 2017   11-Apr-2017 09:27:07    Page  015
 - - - - - - - - - - - - - - - - - - - - - - - - - - - - - - - - - - - - - -
 
  INPUT ---       rlabel(21)=Phi gHYF c1975 a20 t1995;
  INPUT ---       rlabel(22)=Phi gHYF c1975 a21 t1996;
  INPUT ---       rlabel(23)=Phi gHYF c1975 a22 t1997;
  INPUT ---       rlabel(24)=Phi gHYF c1975 a23 t1998;
  INPUT ---       rlabel(25)=Phi gHYF c1975 a24 t1999;
  INPUT ---       rlabel(26)=Phi gHYF c1975 a25 t2000;
  INPUT ---       rlabel(27)=Phi gHYF c1975 a26 t2001;
  INPUT ---       rlabel(28)=Phi gHYF c1975 a27 t2002;
  INPUT ---       rlabel(29)=Phi gHYF c1975 a28 t2003;
  INPUT ---       rlabel(30)=Phi gHYF c1975 a29 t2004;
  INPUT ---       rlabel(31)=Phi gHYF c1975 a30 t2005;
  INPUT ---       rlabel(32)=Phi gHYF c1975 a31 t2006;
  INPUT ---       rlabel(33)=Phi gHYF c1975 a32 t2007;
  INPUT ---       rlabel(34)=Phi gHYF c1975 a33 t2008;
  INPUT ---       rlabel(35)=Phi gHYF c1975 a34 t2009;
  INPUT ---       rlabel(36)=Phi gHYF c1975 a35 t2010;
  INPUT ---       rlabel(37)=Phi gHYF c1975 a36 t2011;
  INPUT ---       rlabel(38)=Phi gHYF c1975 a37 t2012;
  INPUT ---       rlabel(39)=Phi gHYF c1975 a38 t2013;
  INPUT ---       rlabel(40)=Phi gHYF c1975 a39 t2014;
  INPUT ---       rlabel(41)=Phi gHYF c1975 a40 t2015;
  INPUT ---       rlabel(42)=Phi gHYF c1976 a1 t1977;
  INPUT ---       rlabel(43)=Phi gHYF c1976 a2 t1978;
  INPUT ---       rlabel(44)=Phi gHYF c1977 a1 t1978;
  INPUT ---       rlabel(45)=Phi gHYF c1977 a2 t1979;
  INPUT ---       rlabel(46)=Phi gHYF c1978 a1 t1979;
  INPUT ---       rlabel(47)=Phi gHYF c1978 a2 t1980;
  INPUT ---       rlabel(48)=Phi gHYF c1979 a1 t1980;
  INPUT ---       rlabel(49)=Phi gHYF c1979 a2 t1981;
  INPUT ---       rlabel(50)=Phi gHYF c1980 a1 t1981;
  INPUT ---       rlabel(51)=Phi gHYF c1980 a2 t1982;
  INPUT ---       rlabel(52)=Phi gHYF c1981 a1 t1982;
  INPUT ---       rlabel(53)=Phi gHYF c1981 a2 t1983;
  INPUT ---       rlabel(54)=Phi gHYF c1982 a1 t1983;
  INPUT ---       rlabel(55)=Phi gHYF c1982 a2 t1984;
  INPUT ---       rlabel(56)=Phi gHYF c1983 a1 t1984;
  INPUT ---       rlabel(57)=Phi gHYF c1983 a2 t1985;
  INPUT ---       rlabel(58)=Phi gHYF c1984 a1 t1985;
  INPUT ---       rlabel(59)=Phi gHYF c1984 a2 t1986;
  INPUT ---       rlabel(60)=Phi gHYF c1985 a1 t1986;
  INPUT ---       rlabel(61)=Phi gHYF c1985 a2 t1987;
  INPUT ---       rlabel(62)=Phi gHYF c1986 a1 t1987;
  INPUT ---       rlabel(63)=Phi gHYF c1986 a2 t1988;
  INPUT ---       rlabel(64)=Phi gHYF c1987 a1 t1988;
  INPUT ---       rlabel(65)=Phi gHYF c1987 a2 t1989;
  INPUT ---       rlabel(66)=Phi gHYF c1988 a1 t1989;

  Program  MARK  - Survival Rate Estimation with Capture-Recapture Data
   gfortran(Win64) Vers. 8.2 Mar 2017   11-Apr-2017 09:27:07    Page  016
 - - - - - - - - - - - - - - - - - - - - - - - - - - - - - - - - - - - - - -
 
  INPUT ---       rlabel(67)=Phi gHYF c1988 a2 t1990;
  INPUT ---       rlabel(68)=Phi gHYF c1989 a1 t1990;
  INPUT ---       rlabel(69)=Phi gHYF c1989 a2 t1991;
  INPUT ---       rlabel(70)=Phi gHYF c1990 a1 t1991;
  INPUT ---       rlabel(71)=Phi gHYF c1990 a2 t1992;
  INPUT ---       rlabel(72)=Phi gHYF c1991 a1 t1992;
  INPUT ---       rlabel(73)=Phi gHYF c1991 a2 t1993;
  INPUT ---       rlabel(74)=Phi gHYF c1992 a1 t1993;
  INPUT ---       rlabel(75)=Phi gHYF c1992 a2 t1994;
  INPUT ---       rlabel(76)=Phi gHYF c1993 a1 t1994;
  INPUT ---       rlabel(77)=Phi gHYF c1993 a2 t1995;
  INPUT ---       rlabel(78)=Phi gHYF c1994 a1 t1995;
  INPUT ---       rlabel(79)=Phi gHYF c1994 a2 t1996;
  INPUT ---       rlabel(80)=Phi gHYF c1995 a1 t1996;
  INPUT ---       rlabel(81)=Phi gHYF c1995 a2 t1997;
  INPUT ---       rlabel(82)=Phi gHYF c1996 a1 t1997;
  INPUT ---       rlabel(83)=Phi gHYF c1996 a2 t1998;
  INPUT ---       rlabel(84)=Phi gHYF c1997 a1 t1998;
  INPUT ---       rlabel(85)=Phi gHYF c1997 a2 t1999;
  INPUT ---       rlabel(86)=Phi gHYF c1998 a1 t1999;
  INPUT ---       rlabel(87)=Phi gHYF c1998 a2 t2000;
  INPUT ---       rlabel(88)=Phi gHYF c1999 a1 t2000;
  INPUT ---       rlabel(89)=Phi gHYF c1999 a2 t2001;
  INPUT ---       rlabel(90)=Phi gHYF c2000 a1 t2001;
  INPUT ---       rlabel(91)=Phi gHYF c2000 a2 t2002;
  INPUT ---       rlabel(92)=Phi gHYF c2001 a1 t2002;
  INPUT ---       rlabel(93)=Phi gHYF c2001 a2 t2003;
  INPUT ---       rlabel(94)=Phi gHYF c2002 a1 t2003;
  INPUT ---       rlabel(95)=Phi gHYF c2002 a2 t2004;
  INPUT ---       rlabel(96)=Phi gHYF c2003 a1 t2004;
  INPUT ---       rlabel(97)=Phi gHYF c2003 a2 t2005;
  INPUT ---       rlabel(98)=Phi gHYF c2004 a1 t2005;
  INPUT ---       rlabel(99)=Phi gHYF c2004 a2 t2006;
  INPUT ---       rlabel(100)=Phi gHYF c2005 a1 t2006;
  INPUT ---       rlabel(101)=Phi gHYF c2005 a2 t2007;
  INPUT ---       rlabel(102)=Phi gHYF c2006 a1 t2007;
  INPUT ---       rlabel(103)=Phi gHYF c2006 a2 t2008;
  INPUT ---       rlabel(104)=Phi gHYF c2007 a1 t2008;
  INPUT ---       rlabel(105)=Phi gHYF c2007 a2 t2009;
  INPUT ---       rlabel(106)=Phi gHYF c2008 a1 t2009;
  INPUT ---       rlabel(107)=Phi gHYF c2008 a2 t2010;
  INPUT ---       rlabel(108)=Phi gHYF c2009 a1 t2010;
  INPUT ---       rlabel(109)=Phi gHYF c2009 a2 t2011;
  INPUT ---       rlabel(110)=Phi gHYF c2010 a1 t2011;
  INPUT ---       rlabel(111)=Phi gHYF c2010 a2 t2012;
  INPUT ---       rlabel(112)=Phi gHYF c2011 a1 t2012;

  Program  MARK  - Survival Rate Estimation with Capture-Recapture Data
   gfortran(Win64) Vers. 8.2 Mar 2017   11-Apr-2017 09:27:07    Page  017
 - - - - - - - - - - - - - - - - - - - - - - - - - - - - - - - - - - - - - -
 
  INPUT ---       rlabel(113)=Phi gHYF c2011 a2 t2013;
  INPUT ---       rlabel(114)=Phi gHYF c2012 a1 t2013;
  INPUT ---       rlabel(115)=Phi gHYF c2012 a2 t2014;
  INPUT ---       rlabel(116)=Phi gHYF c2013 a1 t2014;
  INPUT ---       rlabel(117)=Phi gHYF c2013 a2 t2015;
  INPUT ---       rlabel(118)=Phi gHYF c2014 a1 t2015;
  INPUT ---       rlabel(119)=p gHYF c1975 a1 t1976;

 Link Function Used is LOGIT        

 Variance Estimation Procedure Used is 2ndPart 
 -2logL(saturated) = 767.53420     
 Effective Sample Size = 14603

 Number of function evaluations was 22 for 7 parameters.
 Time for numerical optimization was 0.12 seconds.
 -2logL { Phi(~Time * age)p(~1) } = 4410.0222     
 Penalty { Phi(~Time * age)p(~1) } = -0.0000000    
 Gradient { Phi(~Time * age)p(~1) }:
 -0.1666782E-03-0.7195730E-04-0.6652594E-05-0.5432130E-04  0.000000    
  0.3548240E-04-0.1776993E-03
 S Vector { Phi(~Time * age)p(~1) }:
   976.3539      99.99783      29.71412      22.38276      1.253235    
  0.5501180E-05 0.3930861E-07
 Time to compute number of parameters was 0.02 seconds.
   Threshold =  0.1600000E-06     Condition index =  0.4026062E-10     New Threshold =  0.1040008E-06
 New Guessimate of Estimated Parameters { Phi(~Time * age)p(~1) } = 5          
 Conditioned S Vector { Phi(~Time * age)p(~1) }:
   1.000000     0.1024197     0.3043376E-01 0.2292484E-01 0.1283586E-02
  0.5634412E-08 0.4026062E-10
 Number of Estimated Parameters { Phi(~Time * age)p(~1) } = 5          
 DEVIANCE { Phi(~Time * age)p(~1) } = 3642.4880                     
 DEVIANCE Degrees of Freedom { Phi(~Time * age)p(~1) } = 122            
 c-hat { Phi(~Time * age)p(~1) } = 29.856459                     
 AIC { Phi(~Time * age)p(~1) } = 4420.0222                  
 AICc { Phi(~Time * age)p(~1) } = 4420.0263                    
 BIC { Phi(~Time * age)p(~1) } = 4457.9671                    
 Pearson Chisquare { Phi(~Time * age)p(~1) } = 11177164.                  


                  LOGIT Link Function Parameters of { Phi(~Time * age)p(~1) }
                                                              95% Confidence Interval
 Parameter                    Beta         Standard Error      Lower           Upper
 -------------------------  --------------  --------------  --------------  --------------
    1:Phi:(Intercept)       -1.7282949      0.1349656       -1.9928275      -1.4637623    
    2:Phi:Time              0.0065984       0.0053919       -0.0039697      0.0171665     
    3:Phi:age(1,2]          12.671279       0.0000000       12.671279       12.671279     
    4:Phi:age(2,42]         2.3485748       0.4453119       1.4757635       3.2213861     
    5:Phi:Time:age(1,2]     0.3858227       0.0000000       0.3858227       0.3858227     
    6:Phi:Time:age(2,42]    -0.0390807      0.0195475       -0.0773938      -.7675842E-003
    7:p:(Intercept)         -2.0709004      0.1135279       -2.2934151      -1.8483857    


                  Real Function Parameters of { Phi(~Time * age)p(~1) }
                                                               95% Confidence Interval
  Parameter                  Estimate       Standard Error      Lower           Upper
 --------------------------  --------------  --------------  --------------  --------------

  Program  MARK  - Survival Rate Estimation with Capture-Recapture Data
   gfortran(Win64) Vers. 8.2 Mar 2017   11-Apr-2017 09:27:07    Page  018
 - - - - - - - - - - - - - - - - - - - - - - - - - - - - - - - - - - - - - -
 
     1:Phi gHYF c1975 a0 t1  0.1508058       0.0172842       0.1199580       0.1878926                           
     2:Phi gHYF c1975 a1 t1  0.1516528       0.0168540       0.1214830       0.1877142                           
     3:Phi gHYF c1975 a2 t1  0.9999919       0.0023956       0.1934999E-247  1.0000000                           
     4:Phi gHYF c1975 a3 t1  0.6278100       0.0813223       0.4602576       0.7694081                           
     5:Phi gHYF c1975 a4 t1  0.6201891       0.0782261       0.4599480       0.7579097                           
     6:Phi gHYF c1975 a5 t1  0.6125084       0.0750790       0.4595526       0.7460928                           
     7:Phi gHYF c1975 a6 t1  0.6047714       0.0718925       0.4590579       0.7339796                           
     8:Phi gHYF c1975 a7 t1  0.5969816       0.0686795       0.4584478       0.7215977                           
     9:Phi gHYF c1975 a8 t1  0.5891425       0.0654553       0.4577027       0.7089805                           
    10:Phi gHYF c1975 a9 t1  0.5812579       0.0622371       0.4567988       0.6961678                           
    11:Phi gHYF c1975 a10 t  0.5733316       0.0590455       0.4557073       0.6832072                           
    12:Phi gHYF c1975 a11 t  0.5653674       0.0559044       0.4543929       0.6701551                           
    13:Phi gHYF c1975 a12 t  0.5573694       0.0528417       0.4528125       0.6570777                           
    14:Phi gHYF c1975 a13 t  0.5493414       0.0498906       0.4509139       0.6440530                           
    15:Phi gHYF c1975 a14 t  0.5412878       0.0470900       0.4486339       0.6311720                           
    16:Phi gHYF c1975 a15 t  0.5332124       0.0444848       0.4458974       0.6185392                           
    17:Phi gHYF c1975 a16 t  0.5251197       0.0421268       0.4426173       0.6062732                           
    18:Phi gHYF c1975 a17 t  0.5170137       0.0400729       0.4386964       0.5945041                           
    19:Phi gHYF c1975 a18 t  0.5088988       0.0383829       0.4340322       0.5833683                           
    20:Phi gHYF c1975 a19 t  0.5007791       0.0371148       0.4285268       0.5729989                           
    21:Phi gHYF c1975 a20 t  0.4926591       0.0363180       0.4220995       0.5635123                           
    22:Phi gHYF c1975 a21 t  0.4845429       0.0360258       0.4147022       0.5549926                           
    23:Phi gHYF c1975 a22 t  0.4764349       0.0362487       0.4063312       0.5474796                           
    24:Phi gHYF c1975 a23 t  0.4683393       0.0369731       0.3970317       0.5409638                           
    25:Phi gHYF c1975 a24 t  0.4602603       0.0381626       0.3868929       0.5353912                           
    26:Phi gHYF c1975 a25 t  0.4522021       0.0397656       0.3760344       0.5306765                           
    27:Phi gHYF c1975 a26 t  0.4441689       0.0417221       0.3645915       0.5267174                           
    28:Phi gHYF c1975 a27 t  0.4361648       0.0439709       0.3527014       0.5234085                           
    29:Phi gHYF c1975 a28 t  0.4281938       0.0464542       0.3404937       0.5206500                           
    30:Phi gHYF c1975 a29 t  0.4202600       0.0491200       0.3280853       0.5183530                           
    31:Phi gHYF c1975 a30 t  0.4123671       0.0519230       0.3155786       0.5164413                           
    32:Phi gHYF c1975 a31 t  0.4045190       0.0548245       0.3030613       0.5148508                           
    33:Phi gHYF c1975 a32 t  0.3967194       0.0577916       0.2906080       0.5135283                           
    34:Phi gHYF c1975 a33 t  0.3889720       0.0607967       0.2782812       0.5124305                           
    35:Phi gHYF c1975 a34 t  0.3812803       0.0638164       0.2661332       0.5115217                           
    36:Phi gHYF c1975 a35 t  0.3736476       0.0668310       0.2542073       0.5107727                           
    37:Phi gHYF c1975 a36 t  0.3660773       0.0698238       0.2425392       0.5101595                           
    38:Phi gHYF c1975 a37 t  0.3585727       0.0727803       0.2311580       0.5096625                           
    39:Phi gHYF c1975 a38 t  0.3511366       0.0756884       0.2200871       0.5092653                           
    40:Phi gHYF c1975 a39 t  0.3437721       0.0785374       0.2093448       0.5089544                           
    41:Phi gHYF c1975 a40 t  0.3364820       0.0813184       0.1989452       0.5087184                           
    42:Phi gHYF c1976 a1 t1  0.1525036       0.0164329       0.1230023       0.1875673                           
    43:Phi gHYF c1976 a2 t1  0.9999946       0.0021106       0.1809753E-298  1.0000000                           
    44:Phi gHYF c1977 a1 t1  0.1533584       0.0160224       0.1245134       0.1874549                           
    45:Phi gHYF c1977 a2 t1  0.9999963       0.0015636       0.2679450E-298  1.0000000                           
    46:Phi gHYF c1978 a1 t1  0.1542171       0.0156239       0.1260133       0.1873801                           

  Program  MARK  - Survival Rate Estimation with Capture-Recapture Data
   gfortran(Win64) Vers. 8.2 Mar 2017   11-Apr-2017 09:27:07    Page  019
 - - - - - - - - - - - - - - - - - - - - - - - - - - - - - - - - - - - - - -
 
    47:Phi gHYF c1978 a2 t1  0.9999975       0.0010533       0.3967089E-298  1.0000000                           
    48:Phi gHYF c1979 a1 t1  0.1550797       0.0152394       0.1274985       0.1873463                           
    49:Phi gHYF c1979 a2 t1  0.9999983       0.6442133E-003  0.5873518E-298  1.0000000                           
    50:Phi gHYF c1980 a1 t1  0.1559463       0.0148706       0.1289656       0.1873574                           
    51:Phi gHYF c1980 a2 t1  0.9999989       0.3276644E-003  0.8848702E-240  1.0000000                           
    52:Phi gHYF c1981 a1 t1  0.1568168       0.0145196       0.1304106       0.1874174                           
    53:Phi gHYF c1981 a2 t1  0.9999992       0.0000000       0.9999992       0.9999992                           
    54:Phi gHYF c1982 a1 t1  0.1576913       0.0141887       0.1318294       0.1875308                           
    55:Phi gHYF c1982 a2 t1  0.9999995       0.0000000       0.9999995       0.9999995                           
    56:Phi gHYF c1983 a1 t1  0.1585697       0.0138802       0.1332172       0.1877021                           
    57:Phi gHYF c1983 a2 t1  0.9999997       0.0000000       0.9999997       0.9999997                           
    58:Phi gHYF c1984 a1 t1  0.1594521       0.0135966       0.1345696       0.1879363                           
    59:Phi gHYF c1984 a2 t1  0.9999998       0.0000000       0.9999998       0.9999998                           
    60:Phi gHYF c1985 a1 t1  0.1603384       0.0133404       0.1358814       0.1882385                           
    61:Phi gHYF c1985 a2 t1  0.9999998       0.0000000       0.9999998       0.9999998                           
    62:Phi gHYF c1986 a1 t1  0.1612287       0.0131144       0.1371476       0.1886139                           
    63:Phi gHYF c1986 a2 t1  0.9999999       0.0000000       0.9999999       0.9999999                           
    64:Phi gHYF c1987 a1 t1  0.1621231       0.0129211       0.1383632       0.1890677                           
    65:Phi gHYF c1987 a2 t1  0.9999999       0.0000000       0.9999999       0.9999999                           
    66:Phi gHYF c1988 a1 t1  0.1630214       0.0127631       0.1395233       0.1896050                           
    67:Phi gHYF c1988 a2 t1  1.0000000       0.0000000       1.0000000       1.0000000                           
    68:Phi gHYF c1989 a1 t1  0.1639237       0.0126428       0.1406231       0.1902305                           
    69:Phi gHYF c1989 a2 t1  1.0000000       0.0000000       1.0000000       1.0000000                           
    70:Phi gHYF c1990 a1 t1  0.1648301       0.0125625       0.1416585       0.1909487                           
    71:Phi gHYF c1990 a2 t1  1.0000000       0.0000000       1.0000000       1.0000000                           
    72:Phi gHYF c1991 a1 t1  0.1657404       0.0125240       0.1426258       0.1917633                           
    73:Phi gHYF c1991 a2 t1  1.0000000       0.0000000       1.0000000       1.0000000                           
    74:Phi gHYF c1992 a1 t1  0.1666548       0.0125288       0.1435220       0.1926774                           
    75:Phi gHYF c1992 a2 t1  1.0000000       0.0000000       1.0000000       1.0000000                           
    76:Phi gHYF c1993 a1 t1  0.1675732       0.0125782       0.1443450       0.1936932                           
    77:Phi gHYF c1993 a2 t1  1.0000000       0.0000000       1.0000000       1.0000000                           
    78:Phi gHYF c1994 a1 t1  0.1684957       0.0126728       0.1450937       0.1948120                           
    79:Phi gHYF c1994 a2 t1  1.0000000       0.0000000       1.0000000       1.0000000                           
    80:Phi gHYF c1995 a1 t1  0.1694221       0.0128126       0.1457677       0.1960342                           
    81:Phi gHYF c1995 a2 t1  1.0000000       0.0000000       1.0000000       1.0000000                           
    82:Phi gHYF c1996 a1 t1  0.1703527       0.0129975       0.1463677       0.1973594                           
    83:Phi gHYF c1996 a2 t1  1.0000000       0.0000000       1.0000000       1.0000000                           
    84:Phi gHYF c1997 a1 t1  0.1712873       0.0132267       0.1468952       0.1987860                           
    85:Phi gHYF c1997 a2 t1  1.0000000       0.0000000       1.0000000       1.0000000                           
    86:Phi gHYF c1998 a1 t1  0.1722260       0.0134990       0.1473523       0.2003120                           
    87:Phi gHYF c1998 a2 t2  1.0000000       0.0000000       1.0000000       1.0000000                           
    88:Phi gHYF c1999 a1 t2  0.1731687       0.0138132       0.1477420       0.2019345                           
    89:Phi gHYF c1999 a2 t2  1.0000000       0.0000000       1.0000000       1.0000000                           
    90:Phi gHYF c2000 a1 t2  0.1741155       0.0141674       0.1480674       0.2036505                           
    91:Phi gHYF c2000 a2 t2  1.0000000       0.0000000       1.0000000       1.0000000                           
    92:Phi gHYF c2001 a1 t2  0.1750664       0.0145600       0.1483323       0.2054564                           

  Program  MARK  - Survival Rate Estimation with Capture-Recapture Data
   gfortran(Win64) Vers. 8.2 Mar 2017   11-Apr-2017 09:27:07    Page  020
 - - - - - - - - - - - - - - - - - - - - - - - - - - - - - - - - - - - - - -
 
    93:Phi gHYF c2001 a2 t2  1.0000000       0.0000000       1.0000000       1.0000000                           
    94:Phi gHYF c2002 a1 t2  0.1760214       0.0149889       0.1485404       0.2073484                           
    95:Phi gHYF c2002 a2 t2  1.0000000       0.0000000       1.0000000       1.0000000                           
    96:Phi gHYF c2003 a1 t2  0.1769804       0.0154522       0.1486956       0.2093226                           
    97:Phi gHYF c2003 a2 t2  1.0000000       0.0000000       1.0000000       1.0000000                           
    98:Phi gHYF c2004 a1 t2  0.1779436       0.0159480       0.1488018       0.2113753                           
    99:Phi gHYF c2004 a2 t2  1.0000000       0.0000000       1.0000000       1.0000000                           
   100:Phi gHYF c2005 a1 t2  0.1789109       0.0164743       0.1488628       0.2135027                           
   101:Phi gHYF c2005 a2 t2  1.0000000       0.0000000       1.0000000       1.0000000                           
   102:Phi gHYF c2006 a1 t2  0.1798822       0.0170293       0.1488822       0.2157012                           
   103:Phi gHYF c2006 a2 t2  1.0000000       0.0000000       1.0000000       1.0000000                           
   104:Phi gHYF c2007 a1 t2  0.1808577       0.0176112       0.1488634       0.2179675                           
   105:Phi gHYF c2007 a2 t2  1.0000000       0.0000000       1.0000000       1.0000000                           
   106:Phi gHYF c2008 a1 t2  0.1818373       0.0182185       0.1488096       0.2202982                           
   107:Phi gHYF c2008 a2 t2  1.0000000       0.0000000       1.0000000       1.0000000                           
   108:Phi gHYF c2009 a1 t2  0.1828210       0.0188496       0.1487239       0.2226905                           
   109:Phi gHYF c2009 a2 t2  1.0000000       0.0000000       1.0000000       1.0000000                           
   110:Phi gHYF c2010 a1 t2  0.1838089       0.0195030       0.1486091       0.2251414                           
   111:Phi gHYF c2010 a2 t2  1.0000000       0.0000000       1.0000000       1.0000000                           
   112:Phi gHYF c2011 a1 t2  0.1848009       0.0201776       0.1484677       0.2276486                           
   113:Phi gHYF c2011 a2 t2  1.0000000       0.0000000       1.0000000       1.0000000                           
   114:Phi gHYF c2012 a1 t2  0.1857970       0.0208720       0.1483020       0.2302095                           
   115:Phi gHYF c2012 a2 t2  1.0000000       0.0000000       1.0000000       1.0000000                           
   116:Phi gHYF c2013 a1 t2  0.1867972       0.0215853       0.1481142       0.2328220                           
   117:Phi gHYF c2013 a2 t2  1.0000000       0.0000000       1.0000000       1.0000000                           
   118:Phi gHYF c2014 a1 t2  0.1878016       0.0223164       0.1479062       0.2354843                           
   119:p gHYF c1975 a1 t197  0.1119575       0.0112873       0.0916698       0.1360625                           

 Attempted ordering of parameters by estimatibility:
  1 7 4 2 6 3 5
 Beta number 5 is a singular value.

     CPU Time in seconds for last procedure was 0.23

  Program  MARK  - Survival Rate Estimation with Capture-Recapture Data
   gfortran(Win64) Vers. 8.2 Mar 2017   11-Apr-2017 09:27:07    Page  021
 - - - - - - - - - - - - - - - - - - - - - - - - - - - - - - - - - - - - - -
 


  INPUT --- proc stop;

   * *  WARNING  * *   Numerical underflow occurred during final processing of this model. 
     IEEE flag status at final processing of this model:
     overflow       F
     divide by zero F
     invalid        F
     underflow      T
     inexact        T


     CPU Time in minutes for this job was 0.00

     Time Start = 09:27:06.933   Time End = 09:27:07.183

     Wall Clock Time in minutes for this job was 0.00


          E X E C U T I O N   S U C C E S S F U L 
