
   Program  MARK  - Survival Rate Estimation with Capture-Recapture Data
   gfortran(Win64) Vers. 8.2 Mar 2017    7-Apr-2017 13:29:35    Page  001
 - - - - - - - - - - - - - - - - - - - - - - - - - - - - - - - - - - - - - -
 
   This version was compiled by GCC version 5.3.0 using the options: 
     -cpp -iprefix c:\tdm-gcc-64\gcc\bin\../lib/gcc/x86_64-w64-mingw32/5.3.0/ -D_MT
     -U_REENTRANT -D IEEE -m64 -mtune=generic -march=x86-64 -mthreads -O3
     -fimplicit-none -fbounds-check -ffpe-summary=invalid,zero,overflow,underflow
     -fno-unsafe-math-optimizations -frounding-math -fsignaling-nans -fopenmp.

   This problem will use 3 of 4 possible threads.


  INPUT --- proc title ;

     CPU Time in seconds for last procedure was 0.00


  INPUT --- proc chmatrix occasions= 42 groups= 1 etype= Live ICMeans 
  INPUT --- NoHist hist= 242 ;

  INPUT ---    time  interval 1 1 1 1 1 1 1 1 1 1 1 1 1 1 1 1 1 1 1 1 1 1 
  INPUT ---    1 1 1 1 1 1 1 1 1 1 1 1 1 1 1 1 1 1 1 ;

  INPUT ---    glabel(1)=Group 1;

      Number of unique encounter histories read was 242.

      Number of individual covariates read was 0.
      Time interval lengths are all equal to 1.

      Data type number is 1
      Data type is Live Recaptures (CJS)                                                                               

     CPU Time in seconds for last procedure was 0.02

  Program  MARK  - Survival Rate Estimation with Capture-Recapture Data
   gfortran(Win64) Vers. 8.2 Mar 2017    7-Apr-2017 13:29:35    Page  002
 - - - - - - - - - - - - - - - - - - - - - - - - - - - - - - - - - - - - - -
 


  INPUT --- proc estimate link=Logit NOLOOP varest=2ndPart    ;


  INPUT --- model={ Phi(~Time)p(~time) };

  INPUT ---    group=1 Phi    rows=41 cols=41 Triang ;
  INPUT ---        1 2 3 4 5 6 7 8 9 10 11 12 13 14 15 16 17 18 19 20 21 22 
  INPUT ---       23 24 25 26 27 28 29 30 31 32 33 34 35 36 37 38 39 40 41 ;
  INPUT ---        2 3 4 5 6 7 8 9 10 11 12 13 14 15 16 17 18 19 20 21 22 23 
  INPUT ---       24 25 26 27 28 29 30 31 32 33 34 35 36 37 38 39 40 41 ;
  INPUT ---        3 4 5 6 7 8 9 10 11 12 13 14 15 16 17 18 19 20 21 22 23 24 
  INPUT ---       25 26 27 28 29 30 31 32 33 34 35 36 37 38 39 40 41 ;
  INPUT ---        4 5 6 7 8 9 10 11 12 13 14 15 16 17 18 19 20 21 22 23 24 
  INPUT ---       25 26 27 28 29 30 31 32 33 34 35 36 37 38 39 40 41 ;
  INPUT ---        5 6 7 8 9 10 11 12 13 14 15 16 17 18 19 20 21 22 23 24 25 
  INPUT ---       26 27 28 29 30 31 32 33 34 35 36 37 38 39 40 41 ;
  INPUT ---        6 7 8 9 10 11 12 13 14 15 16 17 18 19 20 21 22 23 24 25 26 
  INPUT ---       27 28 29 30 31 32 33 34 35 36 37 38 39 40 41 ;
  INPUT ---        7 8 9 10 11 12 13 14 15 16 17 18 19 20 21 22 23 24 25 26 
  INPUT ---       27 28 29 30 31 32 33 34 35 36 37 38 39 40 41 ;
  INPUT ---        8 9 10 11 12 13 14 15 16 17 18 19 20 21 22 23 24 25 26 27 
  INPUT ---       28 29 30 31 32 33 34 35 36 37 38 39 40 41 ;
  INPUT ---        9 10 11 12 13 14 15 16 17 18 19 20 21 22 23 24 25 26 27 28 
  INPUT ---       29 30 31 32 33 34 35 36 37 38 39 40 41 ;
  INPUT ---        10 11 12 13 14 15 16 17 18 19 20 21 22 23 24 25 26 27 28 
  INPUT ---       29 30 31 32 33 34 35 36 37 38 39 40 41 ;
  INPUT ---        11 12 13 14 15 16 17 18 19 20 21 22 23 24 25 26 27 28 29 
  INPUT ---       30 31 32 33 34 35 36 37 38 39 40 41 ;
  INPUT ---        12 13 14 15 16 17 18 19 20 21 22 23 24 25 26 27 28 29 30 
  INPUT ---       31 32 33 34 35 36 37 38 39 40 41 ;
  INPUT ---        13 14 15 16 17 18 19 20 21 22 23 24 25 26 27 28 29 30 31 
  INPUT ---       32 33 34 35 36 37 38 39 40 41 ;
  INPUT ---        14 15 16 17 18 19 20 21 22 23 24 25 26 27 28 29 30 31 32 
  INPUT ---       33 34 35 36 37 38 39 40 41 ;
  INPUT ---        15 16 17 18 19 20 21 22 23 24 25 26 27 28 29 30 31 32 33 
  INPUT ---       34 35 36 37 38 39 40 41 ;
  INPUT ---        16 17 18 19 20 21 22 23 24 25 26 27 28 29 30 31 32 33 34 
  INPUT ---       35 36 37 38 39 40 41 ;
  INPUT ---        17 18 19 20 21 22 23 24 25 26 27 28 29 30 31 32 33 34 35 
  INPUT ---       36 37 38 39 40 41 ;
  INPUT ---        18 19 20 21 22 23 24 25 26 27 28 29 30 31 32 33 34 35 36 
  INPUT ---       37 38 39 40 41 ;
  INPUT ---        19 20 21 22 23 24 25 26 27 28 29 30 31 32 33 34 35 36 37 
  INPUT ---       38 39 40 41 ;

  Program  MARK  - Survival Rate Estimation with Capture-Recapture Data
   gfortran(Win64) Vers. 8.2 Mar 2017    7-Apr-2017 13:29:35    Page  003
 - - - - - - - - - - - - - - - - - - - - - - - - - - - - - - - - - - - - - -
 
  INPUT ---        20 21 22 23 24 25 26 27 28 29 30 31 32 33 34 35 36 37 38 
  INPUT ---       39 40 41 ;
  INPUT ---        21 22 23 24 25 26 27 28 29 30 31 32 33 34 35 36 37 38 39 
  INPUT ---       40 41 ;
  INPUT ---        22 23 24 25 26 27 28 29 30 31 32 33 34 35 36 37 38 39 40 
  INPUT ---       41 ;
  INPUT ---        23 24 25 26 27 28 29 30 31 32 33 34 35 36 37 38 39 40 41 ;
  INPUT ---        24 25 26 27 28 29 30 31 32 33 34 35 36 37 38 39 40 41 ;
  INPUT ---        25 26 27 28 29 30 31 32 33 34 35 36 37 38 39 40 41 ;
  INPUT ---        26 27 28 29 30 31 32 33 34 35 36 37 38 39 40 41 ;
  INPUT ---        27 28 29 30 31 32 33 34 35 36 37 38 39 40 41 ;
  INPUT ---        28 29 30 31 32 33 34 35 36 37 38 39 40 41 ;
  INPUT ---        29 30 31 32 33 34 35 36 37 38 39 40 41 ;
  INPUT ---        30 31 32 33 34 35 36 37 38 39 40 41 ;
  INPUT ---        31 32 33 34 35 36 37 38 39 40 41 ;
  INPUT ---        32 33 34 35 36 37 38 39 40 41 ;
  INPUT ---        33 34 35 36 37 38 39 40 41 ;
  INPUT ---        34 35 36 37 38 39 40 41 ;
  INPUT ---        35 36 37 38 39 40 41 ;
  INPUT ---        36 37 38 39 40 41 ;
  INPUT ---        37 38 39 40 41 ;
  INPUT ---        38 39 40 41 ;
  INPUT ---        39 40 41 ;
  INPUT ---        40 41 ;
  INPUT ---        41 ;

  INPUT ---    group=1 p    rows=41 cols=41 Triang ;
  INPUT ---        42 43 44 45 46 47 48 49 50 51 52 53 54 55 56 57 58 59 60 
  INPUT ---       61 62 63 64 65 66 67 68 69 70 71 72 73 74 75 76 77 78 79 80 
  INPUT ---       81 82 ;
  INPUT ---        43 44 45 46 47 48 49 50 51 52 53 54 55 56 57 58 59 60 61 
  INPUT ---       62 63 64 65 66 67 68 69 70 71 72 73 74 75 76 77 78 79 80 81 
  INPUT ---       82 ;
  INPUT ---        44 45 46 47 48 49 50 51 52 53 54 55 56 57 58 59 60 61 62 
  INPUT ---       63 64 65 66 67 68 69 70 71 72 73 74 75 76 77 78 79 80 81 82 
  INPUT ---       ;
  INPUT ---        45 46 47 48 49 50 51 52 53 54 55 56 57 58 59 60 61 62 63 
  INPUT ---       64 65 66 67 68 69 70 71 72 73 74 75 76 77 78 79 80 81 82 ;
  INPUT ---        46 47 48 49 50 51 52 53 54 55 56 57 58 59 60 61 62 63 64 
  INPUT ---       65 66 67 68 69 70 71 72 73 74 75 76 77 78 79 80 81 82 ;
  INPUT ---        47 48 49 50 51 52 53 54 55 56 57 58 59 60 61 62 63 64 65 
  INPUT ---       66 67 68 69 70 71 72 73 74 75 76 77 78 79 80 81 82 ;
  INPUT ---        48 49 50 51 52 53 54 55 56 57 58 59 60 61 62 63 64 65 66 
  INPUT ---       67 68 69 70 71 72 73 74 75 76 77 78 79 80 81 82 ;
  INPUT ---        49 50 51 52 53 54 55 56 57 58 59 60 61 62 63 64 65 66 67 
  INPUT ---       68 69 70 71 72 73 74 75 76 77 78 79 80 81 82 ;

  Program  MARK  - Survival Rate Estimation with Capture-Recapture Data
   gfortran(Win64) Vers. 8.2 Mar 2017    7-Apr-2017 13:29:35    Page  004
 - - - - - - - - - - - - - - - - - - - - - - - - - - - - - - - - - - - - - -
 
  INPUT ---        50 51 52 53 54 55 56 57 58 59 60 61 62 63 64 65 66 67 68 
  INPUT ---       69 70 71 72 73 74 75 76 77 78 79 80 81 82 ;
  INPUT ---        51 52 53 54 55 56 57 58 59 60 61 62 63 64 65 66 67 68 69 
  INPUT ---       70 71 72 73 74 75 76 77 78 79 80 81 82 ;
  INPUT ---        52 53 54 55 56 57 58 59 60 61 62 63 64 65 66 67 68 69 70 
  INPUT ---       71 72 73 74 75 76 77 78 79 80 81 82 ;
  INPUT ---        53 54 55 56 57 58 59 60 61 62 63 64 65 66 67 68 69 70 71 
  INPUT ---       72 73 74 75 76 77 78 79 80 81 82 ;
  INPUT ---        54 55 56 57 58 59 60 61 62 63 64 65 66 67 68 69 70 71 72 
  INPUT ---       73 74 75 76 77 78 79 80 81 82 ;
  INPUT ---        55 56 57 58 59 60 61 62 63 64 65 66 67 68 69 70 71 72 73 
  INPUT ---       74 75 76 77 78 79 80 81 82 ;
  INPUT ---        56 57 58 59 60 61 62 63 64 65 66 67 68 69 70 71 72 73 74 
  INPUT ---       75 76 77 78 79 80 81 82 ;
  INPUT ---        57 58 59 60 61 62 63 64 65 66 67 68 69 70 71 72 73 74 75 
  INPUT ---       76 77 78 79 80 81 82 ;
  INPUT ---        58 59 60 61 62 63 64 65 66 67 68 69 70 71 72 73 74 75 76 
  INPUT ---       77 78 79 80 81 82 ;
  INPUT ---        59 60 61 62 63 64 65 66 67 68 69 70 71 72 73 74 75 76 77 
  INPUT ---       78 79 80 81 82 ;
  INPUT ---        60 61 62 63 64 65 66 67 68 69 70 71 72 73 74 75 76 77 78 
  INPUT ---       79 80 81 82 ;
  INPUT ---        61 62 63 64 65 66 67 68 69 70 71 72 73 74 75 76 77 78 79 
  INPUT ---       80 81 82 ;
  INPUT ---        62 63 64 65 66 67 68 69 70 71 72 73 74 75 76 77 78 79 80 
  INPUT ---       81 82 ;
  INPUT ---        63 64 65 66 67 68 69 70 71 72 73 74 75 76 77 78 79 80 81 
  INPUT ---       82 ;
  INPUT ---        64 65 66 67 68 69 70 71 72 73 74 75 76 77 78 79 80 81 82 ;
  INPUT ---        65 66 67 68 69 70 71 72 73 74 75 76 77 78 79 80 81 82 ;
  INPUT ---        66 67 68 69 70 71 72 73 74 75 76 77 78 79 80 81 82 ;
  INPUT ---        67 68 69 70 71 72 73 74 75 76 77 78 79 80 81 82 ;
  INPUT ---        68 69 70 71 72 73 74 75 76 77 78 79 80 81 82 ;
  INPUT ---        69 70 71 72 73 74 75 76 77 78 79 80 81 82 ;
  INPUT ---        70 71 72 73 74 75 76 77 78 79 80 81 82 ;
  INPUT ---        71 72 73 74 75 76 77 78 79 80 81 82 ;
  INPUT ---        72 73 74 75 76 77 78 79 80 81 82 ;
  INPUT ---        73 74 75 76 77 78 79 80 81 82 ;
  INPUT ---        74 75 76 77 78 79 80 81 82 ;
  INPUT ---        75 76 77 78 79 80 81 82 ;
  INPUT ---        76 77 78 79 80 81 82 ;
  INPUT ---        77 78 79 80 81 82 ;
  INPUT ---        78 79 80 81 82 ;
  INPUT ---        79 80 81 82 ;
  INPUT ---        80 81 82 ;
  INPUT ---        81 82 ;

  Program  MARK  - Survival Rate Estimation with Capture-Recapture Data
   gfortran(Win64) Vers. 8.2 Mar 2017    7-Apr-2017 13:29:35    Page  005
 - - - - - - - - - - - - - - - - - - - - - - - - - - - - - - - - - - - - - -
 
  INPUT ---        82 ;

  INPUT ---    design matrix constraints=82 covariates=43;
  INPUT ---        1 0 0 0 0 0 0 0 0 0 0 0 0 0 0 0 0 0 0 0 0 0 0 0 0 0 0 0 0 
  INPUT ---       0 0 0 0 0 0 0 0 0 0 0 0 0 0;
  INPUT ---        1 1 0 0 0 0 0 0 0 0 0 0 0 0 0 0 0 0 0 0 0 0 0 0 0 0 0 0 0 
  INPUT ---       0 0 0 0 0 0 0 0 0 0 0 0 0 0;
  INPUT ---        1 2 0 0 0 0 0 0 0 0 0 0 0 0 0 0 0 0 0 0 0 0 0 0 0 0 0 0 0 
  INPUT ---       0 0 0 0 0 0 0 0 0 0 0 0 0 0;
  INPUT ---        1 3 0 0 0 0 0 0 0 0 0 0 0 0 0 0 0 0 0 0 0 0 0 0 0 0 0 0 0 
  INPUT ---       0 0 0 0 0 0 0 0 0 0 0 0 0 0;
  INPUT ---        1 4 0 0 0 0 0 0 0 0 0 0 0 0 0 0 0 0 0 0 0 0 0 0 0 0 0 0 0 
  INPUT ---       0 0 0 0 0 0 0 0 0 0 0 0 0 0;
  INPUT ---        1 5 0 0 0 0 0 0 0 0 0 0 0 0 0 0 0 0 0 0 0 0 0 0 0 0 0 0 0 
  INPUT ---       0 0 0 0 0 0 0 0 0 0 0 0 0 0;
  INPUT ---        1 6 0 0 0 0 0 0 0 0 0 0 0 0 0 0 0 0 0 0 0 0 0 0 0 0 0 0 0 
  INPUT ---       0 0 0 0 0 0 0 0 0 0 0 0 0 0;
  INPUT ---        1 7 0 0 0 0 0 0 0 0 0 0 0 0 0 0 0 0 0 0 0 0 0 0 0 0 0 0 0 
  INPUT ---       0 0 0 0 0 0 0 0 0 0 0 0 0 0;
  INPUT ---        1 8 0 0 0 0 0 0 0 0 0 0 0 0 0 0 0 0 0 0 0 0 0 0 0 0 0 0 0 
  INPUT ---       0 0 0 0 0 0 0 0 0 0 0 0 0 0;
  INPUT ---        1 9 0 0 0 0 0 0 0 0 0 0 0 0 0 0 0 0 0 0 0 0 0 0 0 0 0 0 0 
  INPUT ---       0 0 0 0 0 0 0 0 0 0 0 0 0 0;
  INPUT ---        1 10 0 0 0 0 0 0 0 0 0 0 0 0 0 0 0 0 0 0 0 0 0 0 0 0 0 0 0 
  INPUT ---       0 0 0 0 0 0 0 0 0 0 0 0 0 0;
  INPUT ---        1 11 0 0 0 0 0 0 0 0 0 0 0 0 0 0 0 0 0 0 0 0 0 0 0 0 0 0 0 
  INPUT ---       0 0 0 0 0 0 0 0 0 0 0 0 0 0;
  INPUT ---        1 12 0 0 0 0 0 0 0 0 0 0 0 0 0 0 0 0 0 0 0 0 0 0 0 0 0 0 0 
  INPUT ---       0 0 0 0 0 0 0 0 0 0 0 0 0 0;
  INPUT ---        1 13 0 0 0 0 0 0 0 0 0 0 0 0 0 0 0 0 0 0 0 0 0 0 0 0 0 0 0 
  INPUT ---       0 0 0 0 0 0 0 0 0 0 0 0 0 0;
  INPUT ---        1 14 0 0 0 0 0 0 0 0 0 0 0 0 0 0 0 0 0 0 0 0 0 0 0 0 0 0 0 
  INPUT ---       0 0 0 0 0 0 0 0 0 0 0 0 0 0;
  INPUT ---        1 15 0 0 0 0 0 0 0 0 0 0 0 0 0 0 0 0 0 0 0 0 0 0 0 0 0 0 0 
  INPUT ---       0 0 0 0 0 0 0 0 0 0 0 0 0 0;
  INPUT ---        1 16 0 0 0 0 0 0 0 0 0 0 0 0 0 0 0 0 0 0 0 0 0 0 0 0 0 0 0 
  INPUT ---       0 0 0 0 0 0 0 0 0 0 0 0 0 0;
  INPUT ---        1 17 0 0 0 0 0 0 0 0 0 0 0 0 0 0 0 0 0 0 0 0 0 0 0 0 0 0 0 
  INPUT ---       0 0 0 0 0 0 0 0 0 0 0 0 0 0;
  INPUT ---        1 18 0 0 0 0 0 0 0 0 0 0 0 0 0 0 0 0 0 0 0 0 0 0 0 0 0 0 0 
  INPUT ---       0 0 0 0 0 0 0 0 0 0 0 0 0 0;
  INPUT ---        1 19 0 0 0 0 0 0 0 0 0 0 0 0 0 0 0 0 0 0 0 0 0 0 0 0 0 0 0 
  INPUT ---       0 0 0 0 0 0 0 0 0 0 0 0 0 0;
  INPUT ---        1 20 0 0 0 0 0 0 0 0 0 0 0 0 0 0 0 0 0 0 0 0 0 0 0 0 0 0 0 
  INPUT ---       0 0 0 0 0 0 0 0 0 0 0 0 0 0;
  INPUT ---        1 21 0 0 0 0 0 0 0 0 0 0 0 0 0 0 0 0 0 0 0 0 0 0 0 0 0 0 0 

  Program  MARK  - Survival Rate Estimation with Capture-Recapture Data
   gfortran(Win64) Vers. 8.2 Mar 2017    7-Apr-2017 13:29:35    Page  006
 - - - - - - - - - - - - - - - - - - - - - - - - - - - - - - - - - - - - - -
 
  INPUT ---       0 0 0 0 0 0 0 0 0 0 0 0 0 0;
  INPUT ---        1 22 0 0 0 0 0 0 0 0 0 0 0 0 0 0 0 0 0 0 0 0 0 0 0 0 0 0 0 
  INPUT ---       0 0 0 0 0 0 0 0 0 0 0 0 0 0;
  INPUT ---        1 23 0 0 0 0 0 0 0 0 0 0 0 0 0 0 0 0 0 0 0 0 0 0 0 0 0 0 0 
  INPUT ---       0 0 0 0 0 0 0 0 0 0 0 0 0 0;
  INPUT ---        1 24 0 0 0 0 0 0 0 0 0 0 0 0 0 0 0 0 0 0 0 0 0 0 0 0 0 0 0 
  INPUT ---       0 0 0 0 0 0 0 0 0 0 0 0 0 0;
  INPUT ---        1 25 0 0 0 0 0 0 0 0 0 0 0 0 0 0 0 0 0 0 0 0 0 0 0 0 0 0 0 
  INPUT ---       0 0 0 0 0 0 0 0 0 0 0 0 0 0;
  INPUT ---        1 26 0 0 0 0 0 0 0 0 0 0 0 0 0 0 0 0 0 0 0 0 0 0 0 0 0 0 0 
  INPUT ---       0 0 0 0 0 0 0 0 0 0 0 0 0 0;
  INPUT ---        1 27 0 0 0 0 0 0 0 0 0 0 0 0 0 0 0 0 0 0 0 0 0 0 0 0 0 0 0 
  INPUT ---       0 0 0 0 0 0 0 0 0 0 0 0 0 0;
  INPUT ---        1 28 0 0 0 0 0 0 0 0 0 0 0 0 0 0 0 0 0 0 0 0 0 0 0 0 0 0 0 
  INPUT ---       0 0 0 0 0 0 0 0 0 0 0 0 0 0;
  INPUT ---        1 29 0 0 0 0 0 0 0 0 0 0 0 0 0 0 0 0 0 0 0 0 0 0 0 0 0 0 0 
  INPUT ---       0 0 0 0 0 0 0 0 0 0 0 0 0 0;
  INPUT ---        1 30 0 0 0 0 0 0 0 0 0 0 0 0 0 0 0 0 0 0 0 0 0 0 0 0 0 0 0 
  INPUT ---       0 0 0 0 0 0 0 0 0 0 0 0 0 0;
  INPUT ---        1 31 0 0 0 0 0 0 0 0 0 0 0 0 0 0 0 0 0 0 0 0 0 0 0 0 0 0 0 
  INPUT ---       0 0 0 0 0 0 0 0 0 0 0 0 0 0;
  INPUT ---        1 32 0 0 0 0 0 0 0 0 0 0 0 0 0 0 0 0 0 0 0 0 0 0 0 0 0 0 0 
  INPUT ---       0 0 0 0 0 0 0 0 0 0 0 0 0 0;
  INPUT ---        1 33 0 0 0 0 0 0 0 0 0 0 0 0 0 0 0 0 0 0 0 0 0 0 0 0 0 0 0 
  INPUT ---       0 0 0 0 0 0 0 0 0 0 0 0 0 0;
  INPUT ---        1 34 0 0 0 0 0 0 0 0 0 0 0 0 0 0 0 0 0 0 0 0 0 0 0 0 0 0 0 
  INPUT ---       0 0 0 0 0 0 0 0 0 0 0 0 0 0;
  INPUT ---        1 35 0 0 0 0 0 0 0 0 0 0 0 0 0 0 0 0 0 0 0 0 0 0 0 0 0 0 0 
  INPUT ---       0 0 0 0 0 0 0 0 0 0 0 0 0 0;
  INPUT ---        1 36 0 0 0 0 0 0 0 0 0 0 0 0 0 0 0 0 0 0 0 0 0 0 0 0 0 0 0 
  INPUT ---       0 0 0 0 0 0 0 0 0 0 0 0 0 0;
  INPUT ---        1 37 0 0 0 0 0 0 0 0 0 0 0 0 0 0 0 0 0 0 0 0 0 0 0 0 0 0 0 
  INPUT ---       0 0 0 0 0 0 0 0 0 0 0 0 0 0;
  INPUT ---        1 38 0 0 0 0 0 0 0 0 0 0 0 0 0 0 0 0 0 0 0 0 0 0 0 0 0 0 0 
  INPUT ---       0 0 0 0 0 0 0 0 0 0 0 0 0 0;
  INPUT ---        1 39 0 0 0 0 0 0 0 0 0 0 0 0 0 0 0 0 0 0 0 0 0 0 0 0 0 0 0 
  INPUT ---       0 0 0 0 0 0 0 0 0 0 0 0 0 0;
  INPUT ---        1 40 0 0 0 0 0 0 0 0 0 0 0 0 0 0 0 0 0 0 0 0 0 0 0 0 0 0 0 
  INPUT ---       0 0 0 0 0 0 0 0 0 0 0 0 0 0;
  INPUT ---        0 0 1 0 0 0 0 0 0 0 0 0 0 0 0 0 0 0 0 0 0 0 0 0 0 0 0 0 0 
  INPUT ---       0 0 0 0 0 0 0 0 0 0 0 0 0 0;
  INPUT ---        0 0 1 1 0 0 0 0 0 0 0 0 0 0 0 0 0 0 0 0 0 0 0 0 0 0 0 0 0 
  INPUT ---       0 0 0 0 0 0 0 0 0 0 0 0 0 0;
  INPUT ---        0 0 1 0 1 0 0 0 0 0 0 0 0 0 0 0 0 0 0 0 0 0 0 0 0 0 0 0 0 
  INPUT ---       0 0 0 0 0 0 0 0 0 0 0 0 0 0;
  INPUT ---        0 0 1 0 0 1 0 0 0 0 0 0 0 0 0 0 0 0 0 0 0 0 0 0 0 0 0 0 0 

  Program  MARK  - Survival Rate Estimation with Capture-Recapture Data
   gfortran(Win64) Vers. 8.2 Mar 2017    7-Apr-2017 13:29:35    Page  007
 - - - - - - - - - - - - - - - - - - - - - - - - - - - - - - - - - - - - - -
 
  INPUT ---       0 0 0 0 0 0 0 0 0 0 0 0 0 0;
  INPUT ---        0 0 1 0 0 0 1 0 0 0 0 0 0 0 0 0 0 0 0 0 0 0 0 0 0 0 0 0 0 
  INPUT ---       0 0 0 0 0 0 0 0 0 0 0 0 0 0;
  INPUT ---        0 0 1 0 0 0 0 1 0 0 0 0 0 0 0 0 0 0 0 0 0 0 0 0 0 0 0 0 0 
  INPUT ---       0 0 0 0 0 0 0 0 0 0 0 0 0 0;
  INPUT ---        0 0 1 0 0 0 0 0 1 0 0 0 0 0 0 0 0 0 0 0 0 0 0 0 0 0 0 0 0 
  INPUT ---       0 0 0 0 0 0 0 0 0 0 0 0 0 0;
  INPUT ---        0 0 1 0 0 0 0 0 0 1 0 0 0 0 0 0 0 0 0 0 0 0 0 0 0 0 0 0 0 
  INPUT ---       0 0 0 0 0 0 0 0 0 0 0 0 0 0;
  INPUT ---        0 0 1 0 0 0 0 0 0 0 1 0 0 0 0 0 0 0 0 0 0 0 0 0 0 0 0 0 0 
  INPUT ---       0 0 0 0 0 0 0 0 0 0 0 0 0 0;
  INPUT ---        0 0 1 0 0 0 0 0 0 0 0 1 0 0 0 0 0 0 0 0 0 0 0 0 0 0 0 0 0 
  INPUT ---       0 0 0 0 0 0 0 0 0 0 0 0 0 0;
  INPUT ---        0 0 1 0 0 0 0 0 0 0 0 0 1 0 0 0 0 0 0 0 0 0 0 0 0 0 0 0 0 
  INPUT ---       0 0 0 0 0 0 0 0 0 0 0 0 0 0;
  INPUT ---        0 0 1 0 0 0 0 0 0 0 0 0 0 1 0 0 0 0 0 0 0 0 0 0 0 0 0 0 0 
  INPUT ---       0 0 0 0 0 0 0 0 0 0 0 0 0 0;
  INPUT ---        0 0 1 0 0 0 0 0 0 0 0 0 0 0 1 0 0 0 0 0 0 0 0 0 0 0 0 0 0 
  INPUT ---       0 0 0 0 0 0 0 0 0 0 0 0 0 0;
  INPUT ---        0 0 1 0 0 0 0 0 0 0 0 0 0 0 0 1 0 0 0 0 0 0 0 0 0 0 0 0 0 
  INPUT ---       0 0 0 0 0 0 0 0 0 0 0 0 0 0;
  INPUT ---        0 0 1 0 0 0 0 0 0 0 0 0 0 0 0 0 1 0 0 0 0 0 0 0 0 0 0 0 0 
  INPUT ---       0 0 0 0 0 0 0 0 0 0 0 0 0 0;
  INPUT ---        0 0 1 0 0 0 0 0 0 0 0 0 0 0 0 0 0 1 0 0 0 0 0 0 0 0 0 0 0 
  INPUT ---       0 0 0 0 0 0 0 0 0 0 0 0 0 0;
  INPUT ---        0 0 1 0 0 0 0 0 0 0 0 0 0 0 0 0 0 0 1 0 0 0 0 0 0 0 0 0 0 
  INPUT ---       0 0 0 0 0 0 0 0 0 0 0 0 0 0;
  INPUT ---        0 0 1 0 0 0 0 0 0 0 0 0 0 0 0 0 0 0 0 1 0 0 0 0 0 0 0 0 0 
  INPUT ---       0 0 0 0 0 0 0 0 0 0 0 0 0 0;
  INPUT ---        0 0 1 0 0 0 0 0 0 0 0 0 0 0 0 0 0 0 0 0 1 0 0 0 0 0 0 0 0 
  INPUT ---       0 0 0 0 0 0 0 0 0 0 0 0 0 0;
  INPUT ---        0 0 1 0 0 0 0 0 0 0 0 0 0 0 0 0 0 0 0 0 0 1 0 0 0 0 0 0 0 
  INPUT ---       0 0 0 0 0 0 0 0 0 0 0 0 0 0;
  INPUT ---        0 0 1 0 0 0 0 0 0 0 0 0 0 0 0 0 0 0 0 0 0 0 1 0 0 0 0 0 0 
  INPUT ---       0 0 0 0 0 0 0 0 0 0 0 0 0 0;
  INPUT ---        0 0 1 0 0 0 0 0 0 0 0 0 0 0 0 0 0 0 0 0 0 0 0 1 0 0 0 0 0 
  INPUT ---       0 0 0 0 0 0 0 0 0 0 0 0 0 0;
  INPUT ---        0 0 1 0 0 0 0 0 0 0 0 0 0 0 0 0 0 0 0 0 0 0 0 0 1 0 0 0 0 
  INPUT ---       0 0 0 0 0 0 0 0 0 0 0 0 0 0;
  INPUT ---        0 0 1 0 0 0 0 0 0 0 0 0 0 0 0 0 0 0 0 0 0 0 0 0 0 1 0 0 0 
  INPUT ---       0 0 0 0 0 0 0 0 0 0 0 0 0 0;
  INPUT ---        0 0 1 0 0 0 0 0 0 0 0 0 0 0 0 0 0 0 0 0 0 0 0 0 0 0 1 0 0 
  INPUT ---       0 0 0 0 0 0 0 0 0 0 0 0 0 0;
  INPUT ---        0 0 1 0 0 0 0 0 0 0 0 0 0 0 0 0 0 0 0 0 0 0 0 0 0 0 0 1 0 
  INPUT ---       0 0 0 0 0 0 0 0 0 0 0 0 0 0;
  INPUT ---        0 0 1 0 0 0 0 0 0 0 0 0 0 0 0 0 0 0 0 0 0 0 0 0 0 0 0 0 1 

  Program  MARK  - Survival Rate Estimation with Capture-Recapture Data
   gfortran(Win64) Vers. 8.2 Mar 2017    7-Apr-2017 13:29:35    Page  008
 - - - - - - - - - - - - - - - - - - - - - - - - - - - - - - - - - - - - - -
 
  INPUT ---       0 0 0 0 0 0 0 0 0 0 0 0 0 0;
  INPUT ---        0 0 1 0 0 0 0 0 0 0 0 0 0 0 0 0 0 0 0 0 0 0 0 0 0 0 0 0 0 
  INPUT ---       1 0 0 0 0 0 0 0 0 0 0 0 0 0;
  INPUT ---        0 0 1 0 0 0 0 0 0 0 0 0 0 0 0 0 0 0 0 0 0 0 0 0 0 0 0 0 0 
  INPUT ---       0 1 0 0 0 0 0 0 0 0 0 0 0 0;
  INPUT ---        0 0 1 0 0 0 0 0 0 0 0 0 0 0 0 0 0 0 0 0 0 0 0 0 0 0 0 0 0 
  INPUT ---       0 0 1 0 0 0 0 0 0 0 0 0 0 0;
  INPUT ---        0 0 1 0 0 0 0 0 0 0 0 0 0 0 0 0 0 0 0 0 0 0 0 0 0 0 0 0 0 
  INPUT ---       0 0 0 1 0 0 0 0 0 0 0 0 0 0;
  INPUT ---        0 0 1 0 0 0 0 0 0 0 0 0 0 0 0 0 0 0 0 0 0 0 0 0 0 0 0 0 0 
  INPUT ---       0 0 0 0 1 0 0 0 0 0 0 0 0 0;
  INPUT ---        0 0 1 0 0 0 0 0 0 0 0 0 0 0 0 0 0 0 0 0 0 0 0 0 0 0 0 0 0 
  INPUT ---       0 0 0 0 0 1 0 0 0 0 0 0 0 0;
  INPUT ---        0 0 1 0 0 0 0 0 0 0 0 0 0 0 0 0 0 0 0 0 0 0 0 0 0 0 0 0 0 
  INPUT ---       0 0 0 0 0 0 1 0 0 0 0 0 0 0;
  INPUT ---        0 0 1 0 0 0 0 0 0 0 0 0 0 0 0 0 0 0 0 0 0 0 0 0 0 0 0 0 0 
  INPUT ---       0 0 0 0 0 0 0 1 0 0 0 0 0 0;
  INPUT ---        0 0 1 0 0 0 0 0 0 0 0 0 0 0 0 0 0 0 0 0 0 0 0 0 0 0 0 0 0 
  INPUT ---       0 0 0 0 0 0 0 0 1 0 0 0 0 0;
  INPUT ---        0 0 1 0 0 0 0 0 0 0 0 0 0 0 0 0 0 0 0 0 0 0 0 0 0 0 0 0 0 
  INPUT ---       0 0 0 0 0 0 0 0 0 1 0 0 0 0;
  INPUT ---        0 0 1 0 0 0 0 0 0 0 0 0 0 0 0 0 0 0 0 0 0 0 0 0 0 0 0 0 0 
  INPUT ---       0 0 0 0 0 0 0 0 0 0 1 0 0 0;
  INPUT ---        0 0 1 0 0 0 0 0 0 0 0 0 0 0 0 0 0 0 0 0 0 0 0 0 0 0 0 0 0 
  INPUT ---       0 0 0 0 0 0 0 0 0 0 0 1 0 0;
  INPUT ---        0 0 1 0 0 0 0 0 0 0 0 0 0 0 0 0 0 0 0 0 0 0 0 0 0 0 0 0 0 
  INPUT ---       0 0 0 0 0 0 0 0 0 0 0 0 1 0;
  INPUT ---        0 0 1 0 0 0 0 0 0 0 0 0 0 0 0 0 0 0 0 0 0 0 0 0 0 0 0 0 0 
  INPUT ---       0 0 0 0 0 0 0 0 0 0 0 0 0 1;
  INPUT ---       blabel(1)=Phi:(Intercept);
  INPUT ---       blabel(2)=Phi:Time;
  INPUT ---       blabel(3)=p:(Intercept);
  INPUT ---       blabel(4)=p:time1977;
  INPUT ---       blabel(5)=p:time1978;
  INPUT ---       blabel(6)=p:time1979;
  INPUT ---       blabel(7)=p:time1980;
  INPUT ---       blabel(8)=p:time1981;
  INPUT ---       blabel(9)=p:time1982;
  INPUT ---       blabel(10)=p:time1983;
  INPUT ---       blabel(11)=p:time1984;
  INPUT ---       blabel(12)=p:time1985;
  INPUT ---       blabel(13)=p:time1986;
  INPUT ---       blabel(14)=p:time1987;
  INPUT ---       blabel(15)=p:time1988;
  INPUT ---       blabel(16)=p:time1989;
  INPUT ---       blabel(17)=p:time1990;

  Program  MARK  - Survival Rate Estimation with Capture-Recapture Data
   gfortran(Win64) Vers. 8.2 Mar 2017    7-Apr-2017 13:29:35    Page  009
 - - - - - - - - - - - - - - - - - - - - - - - - - - - - - - - - - - - - - -
 
  INPUT ---       blabel(18)=p:time1991;
  INPUT ---       blabel(19)=p:time1992;
  INPUT ---       blabel(20)=p:time1993;
  INPUT ---       blabel(21)=p:time1994;
  INPUT ---       blabel(22)=p:time1995;
  INPUT ---       blabel(23)=p:time1996;
  INPUT ---       blabel(24)=p:time1997;
  INPUT ---       blabel(25)=p:time1998;
  INPUT ---       blabel(26)=p:time1999;
  INPUT ---       blabel(27)=p:time2000;
  INPUT ---       blabel(28)=p:time2001;
  INPUT ---       blabel(29)=p:time2002;
  INPUT ---       blabel(30)=p:time2003;
  INPUT ---       blabel(31)=p:time2004;
  INPUT ---       blabel(32)=p:time2005;
  INPUT ---       blabel(33)=p:time2006;
  INPUT ---       blabel(34)=p:time2007;
  INPUT ---       blabel(35)=p:time2008;
  INPUT ---       blabel(36)=p:time2009;
  INPUT ---       blabel(37)=p:time2010;
  INPUT ---       blabel(38)=p:time2011;
  INPUT ---       blabel(39)=p:time2012;
  INPUT ---       blabel(40)=p:time2013;
  INPUT ---       blabel(41)=p:time2014;
  INPUT ---       blabel(42)=p:time2015;
  INPUT ---       blabel(43)=p:time2016;
  INPUT ---       rlabel(1)=Phi g1 c1975 a0 t1975;
  INPUT ---       rlabel(2)=Phi g1 c1975 a1 t1976;
  INPUT ---       rlabel(3)=Phi g1 c1975 a2 t1977;
  INPUT ---       rlabel(4)=Phi g1 c1975 a3 t1978;
  INPUT ---       rlabel(5)=Phi g1 c1975 a4 t1979;
  INPUT ---       rlabel(6)=Phi g1 c1975 a5 t1980;
  INPUT ---       rlabel(7)=Phi g1 c1975 a6 t1981;
  INPUT ---       rlabel(8)=Phi g1 c1975 a7 t1982;
  INPUT ---       rlabel(9)=Phi g1 c1975 a8 t1983;
  INPUT ---       rlabel(10)=Phi g1 c1975 a9 t1984;
  INPUT ---       rlabel(11)=Phi g1 c1975 a10 t1985;
  INPUT ---       rlabel(12)=Phi g1 c1975 a11 t1986;
  INPUT ---       rlabel(13)=Phi g1 c1975 a12 t1987;
  INPUT ---       rlabel(14)=Phi g1 c1975 a13 t1988;
  INPUT ---       rlabel(15)=Phi g1 c1975 a14 t1989;
  INPUT ---       rlabel(16)=Phi g1 c1975 a15 t1990;
  INPUT ---       rlabel(17)=Phi g1 c1975 a16 t1991;
  INPUT ---       rlabel(18)=Phi g1 c1975 a17 t1992;
  INPUT ---       rlabel(19)=Phi g1 c1975 a18 t1993;
  INPUT ---       rlabel(20)=Phi g1 c1975 a19 t1994;

  Program  MARK  - Survival Rate Estimation with Capture-Recapture Data
   gfortran(Win64) Vers. 8.2 Mar 2017    7-Apr-2017 13:29:35    Page  010
 - - - - - - - - - - - - - - - - - - - - - - - - - - - - - - - - - - - - - -
 
  INPUT ---       rlabel(21)=Phi g1 c1975 a20 t1995;
  INPUT ---       rlabel(22)=Phi g1 c1975 a21 t1996;
  INPUT ---       rlabel(23)=Phi g1 c1975 a22 t1997;
  INPUT ---       rlabel(24)=Phi g1 c1975 a23 t1998;
  INPUT ---       rlabel(25)=Phi g1 c1975 a24 t1999;
  INPUT ---       rlabel(26)=Phi g1 c1975 a25 t2000;
  INPUT ---       rlabel(27)=Phi g1 c1975 a26 t2001;
  INPUT ---       rlabel(28)=Phi g1 c1975 a27 t2002;
  INPUT ---       rlabel(29)=Phi g1 c1975 a28 t2003;
  INPUT ---       rlabel(30)=Phi g1 c1975 a29 t2004;
  INPUT ---       rlabel(31)=Phi g1 c1975 a30 t2005;
  INPUT ---       rlabel(32)=Phi g1 c1975 a31 t2006;
  INPUT ---       rlabel(33)=Phi g1 c1975 a32 t2007;
  INPUT ---       rlabel(34)=Phi g1 c1975 a33 t2008;
  INPUT ---       rlabel(35)=Phi g1 c1975 a34 t2009;
  INPUT ---       rlabel(36)=Phi g1 c1975 a35 t2010;
  INPUT ---       rlabel(37)=Phi g1 c1975 a36 t2011;
  INPUT ---       rlabel(38)=Phi g1 c1975 a37 t2012;
  INPUT ---       rlabel(39)=Phi g1 c1975 a38 t2013;
  INPUT ---       rlabel(40)=Phi g1 c1975 a39 t2014;
  INPUT ---       rlabel(41)=Phi g1 c1975 a40 t2015;
  INPUT ---       rlabel(42)=p g1 c1975 a1 t1976;
  INPUT ---       rlabel(43)=p g1 c1975 a2 t1977;
  INPUT ---       rlabel(44)=p g1 c1975 a3 t1978;
  INPUT ---       rlabel(45)=p g1 c1975 a4 t1979;
  INPUT ---       rlabel(46)=p g1 c1975 a5 t1980;
  INPUT ---       rlabel(47)=p g1 c1975 a6 t1981;
  INPUT ---       rlabel(48)=p g1 c1975 a7 t1982;
  INPUT ---       rlabel(49)=p g1 c1975 a8 t1983;
  INPUT ---       rlabel(50)=p g1 c1975 a9 t1984;
  INPUT ---       rlabel(51)=p g1 c1975 a10 t1985;
  INPUT ---       rlabel(52)=p g1 c1975 a11 t1986;
  INPUT ---       rlabel(53)=p g1 c1975 a12 t1987;
  INPUT ---       rlabel(54)=p g1 c1975 a13 t1988;
  INPUT ---       rlabel(55)=p g1 c1975 a14 t1989;
  INPUT ---       rlabel(56)=p g1 c1975 a15 t1990;
  INPUT ---       rlabel(57)=p g1 c1975 a16 t1991;
  INPUT ---       rlabel(58)=p g1 c1975 a17 t1992;
  INPUT ---       rlabel(59)=p g1 c1975 a18 t1993;
  INPUT ---       rlabel(60)=p g1 c1975 a19 t1994;
  INPUT ---       rlabel(61)=p g1 c1975 a20 t1995;
  INPUT ---       rlabel(62)=p g1 c1975 a21 t1996;
  INPUT ---       rlabel(63)=p g1 c1975 a22 t1997;
  INPUT ---       rlabel(64)=p g1 c1975 a23 t1998;
  INPUT ---       rlabel(65)=p g1 c1975 a24 t1999;
  INPUT ---       rlabel(66)=p g1 c1975 a25 t2000;

  Program  MARK  - Survival Rate Estimation with Capture-Recapture Data
   gfortran(Win64) Vers. 8.2 Mar 2017    7-Apr-2017 13:29:35    Page  011
 - - - - - - - - - - - - - - - - - - - - - - - - - - - - - - - - - - - - - -
 
  INPUT ---       rlabel(67)=p g1 c1975 a26 t2001;
  INPUT ---       rlabel(68)=p g1 c1975 a27 t2002;
  INPUT ---       rlabel(69)=p g1 c1975 a28 t2003;
  INPUT ---       rlabel(70)=p g1 c1975 a29 t2004;
  INPUT ---       rlabel(71)=p g1 c1975 a30 t2005;
  INPUT ---       rlabel(72)=p g1 c1975 a31 t2006;
  INPUT ---       rlabel(73)=p g1 c1975 a32 t2007;
  INPUT ---       rlabel(74)=p g1 c1975 a33 t2008;
  INPUT ---       rlabel(75)=p g1 c1975 a34 t2009;
  INPUT ---       rlabel(76)=p g1 c1975 a35 t2010;
  INPUT ---       rlabel(77)=p g1 c1975 a36 t2011;
  INPUT ---       rlabel(78)=p g1 c1975 a37 t2012;
  INPUT ---       rlabel(79)=p g1 c1975 a38 t2013;
  INPUT ---       rlabel(80)=p g1 c1975 a39 t2014;
  INPUT ---       rlabel(81)=p g1 c1975 a40 t2015;
  INPUT ---       rlabel(82)=p g1 c1975 a41 t2016;

 Link Function Used is LOGIT        

 Variance Estimation Procedure Used is 2ndPart 
 -2logL(saturated) = 5326.2843     
 Effective Sample Size = 4722

 Number of function evaluations was 78 for 43 parameters.
 Time for numerical optimization was 1.42 seconds.
 -2logL { Phi(~Time)p(~time) } = 6065.6983     
 Penalty { Phi(~Time)p(~time) } = -0.0000000    
 Gradient { Phi(~Time)p(~time) }:
 -0.4344820E-03-0.3091015E-03 0.3280931E-03  0.000000      0.000000    
   0.000000     0.1425471E-03 0.1059931E-03  0.000000     0.9989730E-04
  0.2303703E-03  0.000000      0.000000      0.000000     0.9704787E-04
  0.4159106E-04  0.000000     0.1172423E-03 0.7310113E-04 0.5050249E-04
 -0.1051558E-03 0.1818727E-03 0.2685420E-03 0.6885834E-04  0.000000    
  0.2639345E-03  0.000000      0.000000      0.000000      0.000000    
   0.000000    -0.4914157E-04  0.000000     0.1767958E-03 0.1699346E-03
   0.000000      0.000000      0.000000      0.000000     0.1210283E-03
  0.6829571E-04  0.000000     0.9846665E-05

  Program  MARK  - Survival Rate Estimation with Capture-Recapture Data
   gfortran(Win64) Vers. 8.2 Mar 2017    7-Apr-2017 13:29:37    Page  012
 - - - - - - - - - - - - - - - - - - - - - - - - - - - - - - - - - - - - - -
 
 S Vector { Phi(~Time)p(~time) }:
   1262.108      158.4397      34.56890      19.17191      18.80213    
   17.41761      16.62556      16.05453      14.92402      14.81968    
   13.66256      11.55939      10.22773      8.667488      7.863182    
   7.555507      6.873945      6.772040      6.399855      5.726422    
   5.318249      4.787320      4.156475      4.022184      3.849007    
   3.422400      3.397993      3.094224      2.960203      2.725660    
   2.641153      2.338971      2.190645      2.031166      1.891567    
   1.552357      1.163939     0.8692678     0.4224340E-01 0.1777009E-01
  0.3213710E-05 0.4608725E-06 0.2220930E-06
 Time to compute number of parameters was 1.27 seconds.
   Threshold =  0.8800000E-06     Condition index =  0.1759699E-09     New Threshold =  0.1456361E-05
 New Guessimate of Estimated Parameters { Phi(~Time)p(~time) } = 40          
 Conditioned S Vector { Phi(~Time)p(~time) }:
   1.000000     0.1255358     0.2738982E-01 0.1519039E-01 0.1489740E-01
  0.1380042E-01 0.1317286E-01 0.1272041E-01 0.1182468E-01 0.1174201E-01
  0.1082520E-01 0.9158799E-02 0.8103694E-02 0.6867472E-02 0.6230200E-02
  0.5986421E-02 0.5446402E-02 0.5365660E-02 0.5070768E-02 0.4537191E-02
  0.4213785E-02 0.3793116E-02 0.3293281E-02 0.3186879E-02 0.3049666E-02
  0.2711655E-02 0.2692317E-02 0.2451633E-02 0.2345445E-02 0.2159610E-02
  0.2092653E-02 0.1853226E-02 0.1735704E-02 0.1609345E-02 0.1498737E-02
  0.1229972E-02 0.9222182E-03 0.6887431E-03 0.3347053E-04 0.1407970E-04
  0.2546305E-08 0.3651610E-09 0.1759699E-09
 Number of Estimated Parameters { Phi(~Time)p(~time) } = 40          
 DEVIANCE { Phi(~Time)p(~time) } = 739.41402                     
 DEVIANCE Degrees of Freedom { Phi(~Time)p(~time) } = 161            
 c-hat { Phi(~Time)p(~time) } = 4.5926337                     
 AIC { Phi(~Time)p(~time) } = 6145.6983                  
 AICc { Phi(~Time)p(~time) } = 6146.3990                    
 BIC { Phi(~Time)p(~time) } = 6404.0979                    
 Pearson Chisquare { Phi(~Time)p(~time) } = 11347.402                  


                    LOGIT Link Function Parameters of { Phi(~Time)p(~time) }
                                                              95% Confidence Interval
 Parameter                    Beta         Standard Error      Lower           Upper
 -------------------------  --------------  --------------  --------------  --------------
    1:Phi:(Intercept)       -0.6746280      0.0985843       -0.8678532      -0.4814029    
    2:Phi:Time              0.0044238       0.0043527       -0.0041076      0.0129552     
    3:p:(Intercept)         0.3860313       1.1984882       -1.9630056      2.7350683     
    4:p:time1977            7.9532514       557.82328       -1085.3804      1101.2869     
    5:p:time1978            -0.8780573      1.6144172       -4.0423152      2.2862005     
    6:p:time1979            0.2683875       1.3791803       -2.4348059      2.9715809     
    7:p:time1980            0.2760620       1.4345898       -2.5357341      3.0878581     
    8:p:time1981            -0.7161391      1.3790673       -3.4191111      1.9868329     
    9:p:time1982            0.0232988       1.3463879       -2.6156215      2.6622190     
   10:p:time1983            0.8208595       1.3101205       -1.7469767      3.3886957     
   11:p:time1984            0.5791878       1.2609202       -1.8922159      3.0505914     
   12:p:time1985            0.8384922       1.2720266       -1.6546800      3.3316644     
   13:p:time1986            -0.2475632      1.2370673       -2.6722152      2.1770889     
   14:p:time1987            -0.3880165      1.2298847       -2.7985905      2.0225576     
   15:p:time1988            -0.8743218      1.2249586       -3.2752406      1.5265971     
   16:p:time1989            -1.1867555      1.2251840       -3.5881163      1.2146053     
   17:p:time1990            -0.6748209      1.2230455       -3.0719902      1.7223484     
   18:p:time1991            -0.5514782      1.2236060       -2.9497460      1.8467896     
   19:p:time1992            -1.4883191      1.2278653       -3.8949352      0.9182970     
   20:p:time1993            -0.8008909      1.2234845       -3.1989207      1.5971388     

  Program  MARK  - Survival Rate Estimation with Capture-Recapture Data
   gfortran(Win64) Vers. 8.2 Mar 2017    7-Apr-2017 13:29:37    Page  013
 - - - - - - - - - - - - - - - - - - - - - - - - - - - - - - - - - - - - - -
 
   21:p:time1994            -0.7298041      1.2226046       -3.1261092      1.6665010     
   22:p:time1995            -.1442675E-003  1.2509284       -2.4519640      2.4516755     
   23:p:time1996            0.3547149       1.2654972       -2.1256597      2.8350896     
   24:p:time1997            1.6416400       1.4034945       -1.1092094      4.3924893     
   25:p:time1998            0.7493236       1.2567028       -1.7138140      3.2124612     
   26:p:time1999            -0.3783644      1.2283808       -2.7859909      2.0292621     
   27:p:time2000            -0.0936891      1.2397369       -2.5235735      2.3361952     
   28:p:time2001            0.3196849       1.2519755       -2.1341870      2.7735569     
   29:p:time2002            1.7022478       1.3307011       -0.9059264      4.3104221     
   30:p:time2003            -0.0395464      1.2612329       -2.5115630      2.4324703     
   31:p:time2004            0.1667557       1.2733060       -2.3289242      2.6624356     
   32:p:time2005            2.7015292       5.1414863       -7.3757842      12.778843     
   33:p:time2006            0.1415992       1.3121238       -2.4301636      2.7133619     
   34:p:time2007            0.0288648       1.3026050       -2.5242410      2.5819706     
   35:p:time2008            0.0704058       1.2903256       -2.4586325      2.5994440     
   36:p:time2009            1.5938834       1.5214078       -1.3880760      4.5758427     
   37:p:time2010            16.676436       1473.0233       -2870.4493      2903.8022     
   38:p:time2011            -0.0520209      1.3091642       -2.6179829      2.5139410     
   39:p:time2012            -0.4461068      1.3422067       -3.0768321      2.1846185     
   40:p:time2013            -0.5029452      1.3825678       -3.2127780      2.2068877     
   41:p:time2014            -1.6634023      1.3515653       -4.3124703      0.9856657     
   42:p:time2015            0.0183456       1.3196813       -2.5682298      2.6049211     
   43:p:time2016            17.473153       2121.9375       -4141.5245      4176.4708     


                    Real Function Parameters of { Phi(~Time)p(~time) }
                                                               95% Confidence Interval
  Parameter                  Estimate       Standard Error      Lower           Upper
 --------------------------  --------------  --------------  --------------  --------------
     1:Phi g1 c1975 a0 t197  0.3374613       0.0220416       0.2957012       0.3819209                           
     2:Phi g1 c1975 a1 t197  0.3384511       0.0211849       0.2982483       0.3811299                           
     3:Phi g1 c1975 a2 t197  0.3394423       0.0203335       0.3007934       0.3803559                           
     4:Phi g1 c1975 a3 t197  0.3404349       0.0194884       0.3033341       0.3796010                           
     5:Phi g1 c1975 a4 t197  0.3414290       0.0186511       0.3058679       0.3788679                           
     6:Phi g1 c1975 a5 t198  0.3424244       0.0178230       0.3083915       0.3781595                           
     7:Phi g1 c1975 a6 t198  0.3434212       0.0170061       0.3109012       0.3774794                           
     8:Phi g1 c1975 a7 t198  0.3444194       0.0162024       0.3133926       0.3768320                           
     9:Phi g1 c1975 a8 t198  0.3454189       0.0154148       0.3158605       0.3762223                           
    10:Phi g1 c1975 a9 t198  0.3464199       0.0146462       0.3182986       0.3756565                           
    11:Phi g1 c1975 a10 t19  0.3474222       0.0139005       0.3206993       0.3751420                           
    12:Phi g1 c1975 a11 t19  0.3484258       0.0131821       0.3230539       0.3746874                           
    13:Phi g1 c1975 a12 t19  0.3494308       0.0124965       0.3253515       0.3743034                           
    14:Phi g1 c1975 a13 t19  0.3504371       0.0118500       0.3275797       0.3740023                           
    15:Phi g1 c1975 a14 t19  0.3514448       0.0112501       0.3297237       0.3737988                           
    16:Phi g1 c1975 a15 t19  0.3524538       0.0107053       0.3317666       0.3737095                           
    17:Phi g1 c1975 a16 t19  0.3534641       0.0102253       0.3336894       0.3737533                           

  Program  MARK  - Survival Rate Estimation with Capture-Recapture Data
   gfortran(Win64) Vers. 8.2 Mar 2017    7-Apr-2017 13:29:37    Page  014
 - - - - - - - - - - - - - - - - - - - - - - - - - - - - - - - - - - - - - -
 
    18:Phi g1 c1975 a17 t19  0.3544757       0.0098203       0.3354718       0.3739504                           
    19:Phi g1 c1975 a18 t19  0.3554886       0.0095008       0.3370933       0.3743210                           
    20:Phi g1 c1975 a19 t19  0.3565028       0.0092764       0.3385348       0.3748840                           
    21:Phi g1 c1975 a20 t19  0.3575184       0.0091550       0.3397809       0.3756549                           
    22:Phi g1 c1975 a21 t19  0.3585351       0.0091416       0.3408218       0.3766430                           
    23:Phi g1 c1975 a22 t19  0.3595532       0.0092373       0.3416549       0.3778510                           
    24:Phi g1 c1975 a23 t19  0.3605725       0.0094398       0.3422850       0.3792737                           
    25:Phi g1 c1975 a24 t19  0.3615931       0.0097430       0.3427237       0.3808994                           
    26:Phi g1 c1975 a25 t20  0.3626149       0.0101387       0.3429871       0.3827118                           
    27:Phi g1 c1975 a26 t20  0.3636380       0.0106172       0.3430941       0.3846917                           
    28:Phi g1 c1975 a27 t20  0.3646623       0.0111685       0.3430642       0.3868195                           
    29:Phi g1 c1975 a28 t20  0.3656879       0.0117831       0.3429163       0.3890762                           
    30:Phi g1 c1975 a29 t20  0.3667146       0.0124521       0.3426676       0.3914443                           
    31:Phi g1 c1975 a30 t20  0.3677426       0.0131677       0.3423331       0.3939085                           
    32:Phi g1 c1975 a31 t20  0.3687718       0.0139233       0.3419260       0.3964556                           
    33:Phi g1 c1975 a32 t20  0.3698022       0.0147131       0.3414573       0.3990741                           
    34:Phi g1 c1975 a33 t20  0.3708337       0.0155324       0.3409365       0.4017544                           
    35:Phi g1 c1975 a34 t20  0.3718665       0.0163771       0.3403714       0.4044887                           
    36:Phi g1 c1975 a35 t20  0.3729004       0.0172439       0.3397685       0.4072701                           
    37:Phi g1 c1975 a36 t20  0.3739354       0.0181300       0.3391333       0.4100928                           
    38:Phi g1 c1975 a37 t20  0.3749717       0.0190330       0.3384703       0.4129521                           
    39:Phi g1 c1975 a38 t20  0.3760090       0.0199510       0.3377835       0.4158440                           
    40:Phi g1 c1975 a39 t20  0.3770476       0.0208822       0.3370759       0.4187649                           
    41:Phi g1 c1975 a40 t20  0.3780872       0.0218252       0.3363505       0.4217119                           
    42:p g1 c1975 a1 t1976   0.5953270       0.2887311       0.1231421       0.9390645                           
    43:p g1 c1975 a2 t1977   0.9997611       0.1332266       0.4126360E-300  1.0000000                           
    44:p g1 c1975 a3 t1978   0.3794164       0.2550708       0.0681619       0.8363368                           
    45:p g1 c1975 a4 t1979   0.6580055       0.1540461       0.3346362       0.8803899                           
    46:p g1 c1975 a5 t1980   0.6597305       0.1775613       0.2914807       0.9013566                           
    47:p g1 c1975 a6 t1981   0.4182144       0.1664358       0.1583127       0.7331416                           
    48:p g1 c1975 a7 t1982   0.6009272       0.1476185       0.3106338       0.8342176                           
    49:p g1 c1975 a8 t1983   0.7697484       0.0942438       0.5410762       0.9045734                           
    50:p g1 c1975 a9 t1984   0.7241655       0.0787914       0.5478768       0.8504764                           
    51:p g1 c1975 a10 t1985  0.7728586       0.0753238       0.5947246       0.8875060                           
    52:p g1 c1975 a11 t1986  0.5345618       0.0773489       0.3844131       0.6786980                           
    53:p g1 c1975 a12 t1987  0.4995037       0.0701438       0.3654206       0.6336582                           
    54:p g1 c1975 a13 t1988  0.3802964       0.0606234       0.2704234       0.5039736                           
    55:p g1 c1975 a14 t1989  0.3098706       0.0552085       0.2130354       0.4268479                           
    56:p g1 c1975 a15 t1990  0.4283002       0.0606625       0.3155349       0.5490391                           
    57:p g1 c1975 a16 t1991  0.4587324       0.0621485       0.3416313       0.5805763                           
    58:p g1 c1975 a17 t1992  0.2493115       0.0503623       0.1638698       0.3601153                           
    59:p g1 c1975 a18 t1993  0.3977475       0.0595710       0.2885819       0.5181326                           
    60:p g1 c1975 a19 t1994  0.4148933       0.0592250       0.3053498       0.5335508                           
    61:p g1 c1975 a20 t1995  0.5952922       0.0868584       0.4204931       0.7488566                           
    62:p g1 c1975 a21 t1996  0.6771590       0.0891533       0.4853638       0.8234726                           
    63:p g1 c1975 a22 t1997  0.8836719       0.0752280       0.6441231       0.9695881                           

  Program  MARK  - Survival Rate Estimation with Capture-Recapture Data
   gfortran(Win64) Vers. 8.2 Mar 2017    7-Apr-2017 13:29:37    Page  015
 - - - - - - - - - - - - - - - - - - - - - - - - - - - - - - - - - - - - - -
 
    64:p g1 c1975 a23 t1998  0.7568258       0.0698038       0.5967535       0.8674679                           
    65:p g1 c1975 a24 t1999  0.5019167       0.0675067       0.3724797       0.6310974                           
    66:p g1 c1975 a25 t2000  0.5725694       0.0776957       0.4182650       0.7139373                           
    67:p g1 c1975 a26 t2001  0.6694539       0.0801317       0.4989907       0.8046272                           
    68:p g1 c1975 a27 t2002  0.8897587       0.0567128       0.7221281       0.9616360                           
    69:p g1 c1975 a28 t2003  0.5857649       0.0952299       0.3958588       0.7531940                           
    70:p g1 c1975 a29 t2004  0.6347820       0.0996097       0.4281639       0.8013766                           
    71:p g1 c1975 a30 t2005  0.9563767       0.2085488       0.0012172       0.9999975                           
    72:p g1 c1975 a31 t2006  0.6289303       0.1244170       0.3734892       0.8281451                           
    73:p g1 c1975 a32 t2007  0.6022613       0.1219659       0.3582286       0.8042156                           
    74:p g1 c1975 a33 t2008  0.6121686       0.1132849       0.3825395       0.8008567                           
    75:p g1 c1975 a34 t2009  0.8786721       0.0998308       0.5360634       0.9784443                           
    76:p g1 c1975 a35 t2010  1.0000000       0.5728935E-004  0.2535116E-296  1.0000000                           
    77:p g1 c1975 a36 t2011  0.5827348       0.1277281       0.3327955       0.7963424                           
    78:p g1 c1975 a37 t2012  0.4849856       0.1504511       0.2243182       0.7540862                           
    79:p g1 c1975 a38 t2013  0.4708048       0.1712125       0.1878850       0.7738158                           
    80:p g1 c1975 a39 t2014  0.2179981       0.1062810       0.0759062       0.4861467                           
    81:p g1 c1975 a40 t2015  0.5997388       0.1322448       0.3372915       0.8151973                           
    82:p g1 c1975 a41 t2016  1.0000000       0.3720386E-004  0.5623514E-296  1.0000000                           

 Attempted ordering of parameters by estimatibility:
   1  3  2 21 17 18 20 15 16 26 19 14 13 27 22 28 25 30 11 23 31 12 35 34 38
  33 10 42 39 29  9 41  6  8 40 24  7 36  5 32  4 37 43
 Beta number 43 is a singular value.

     CPU Time in seconds for last procedure was 2.72

  Program  MARK  - Survival Rate Estimation with Capture-Recapture Data
   gfortran(Win64) Vers. 8.2 Mar 2017    7-Apr-2017 13:29:37    Page  016
 - - - - - - - - - - - - - - - - - - - - - - - - - - - - - - - - - - - - - -
 


  INPUT --- proc stop;

   * *  WARNING  * *   Numerical underflow occurred during final processing of this model. 
     IEEE flag status at final processing of this model:
     overflow       F
     divide by zero F
     invalid        F
     underflow      T
     inexact        T


     CPU Time in minutes for this job was 0.05

     Time Start = 13:29:35.901   Time End = 13:29:37.396

     Wall Clock Time in minutes for this job was 0.02


          E X E C U T I O N   S U C C E S S F U L 
