
   Program  MARK  - Survival Rate Estimation with Capture-Recapture Data
   gfortran(Win64) Vers. 8.2 Mar 2017    7-Apr-2017 13:29:23    Page  001
 - - - - - - - - - - - - - - - - - - - - - - - - - - - - - - - - - - - - - -
 
   This version was compiled by GCC version 5.3.0 using the options: 
     -cpp -iprefix c:\tdm-gcc-64\gcc\bin\../lib/gcc/x86_64-w64-mingw32/5.3.0/ -D_MT
     -U_REENTRANT -D IEEE -m64 -mtune=generic -march=x86-64 -mthreads -O3
     -fimplicit-none -fbounds-check -ffpe-summary=invalid,zero,overflow,underflow
     -fno-unsafe-math-optimizations -frounding-math -fsignaling-nans -fopenmp.

   This problem will use 3 of 4 possible threads.


  INPUT --- proc title ;

     CPU Time in seconds for last procedure was 0.02


  INPUT --- proc chmatrix occasions= 42 groups= 1 etype= Live ICMeans 
  INPUT --- NoHist hist= 242 ;

  INPUT ---    time  interval 1 1 1 1 1 1 1 1 1 1 1 1 1 1 1 1 1 1 1 1 1 1 
  INPUT ---    1 1 1 1 1 1 1 1 1 1 1 1 1 1 1 1 1 1 1 ;

  INPUT ---    glabel(1)=Group 1;

      Number of unique encounter histories read was 242.

      Number of individual covariates read was 0.
      Time interval lengths are all equal to 1.

      Data type number is 1
      Data type is Live Recaptures (CJS)                                                                               

     CPU Time in seconds for last procedure was 0.02

  Program  MARK  - Survival Rate Estimation with Capture-Recapture Data
   gfortran(Win64) Vers. 8.2 Mar 2017    7-Apr-2017 13:29:23    Page  002
 - - - - - - - - - - - - - - - - - - - - - - - - - - - - - - - - - - - - - -
 


  INPUT --- proc estimate link=Logit NOLOOP varest=2ndPart    ;


  INPUT --- model={ Phi(~1)p(~time) };

  INPUT ---    group=1 Phi    rows=41 cols=41 Triang ;
  INPUT ---        1 1 1 1 1 1 1 1 1 1 1 1 1 1 1 1 1 1 1 1 1 1 1 1 1 1 1 1 1 
  INPUT ---       1 1 1 1 1 1 1 1 1 1 1 1 ;
  INPUT ---        1 1 1 1 1 1 1 1 1 1 1 1 1 1 1 1 1 1 1 1 1 1 1 1 1 1 1 1 1 
  INPUT ---       1 1 1 1 1 1 1 1 1 1 1 ;
  INPUT ---        1 1 1 1 1 1 1 1 1 1 1 1 1 1 1 1 1 1 1 1 1 1 1 1 1 1 1 1 1 
  INPUT ---       1 1 1 1 1 1 1 1 1 1 ;
  INPUT ---        1 1 1 1 1 1 1 1 1 1 1 1 1 1 1 1 1 1 1 1 1 1 1 1 1 1 1 1 1 
  INPUT ---       1 1 1 1 1 1 1 1 1 ;
  INPUT ---        1 1 1 1 1 1 1 1 1 1 1 1 1 1 1 1 1 1 1 1 1 1 1 1 1 1 1 1 1 
  INPUT ---       1 1 1 1 1 1 1 1 ;
  INPUT ---        1 1 1 1 1 1 1 1 1 1 1 1 1 1 1 1 1 1 1 1 1 1 1 1 1 1 1 1 1 
  INPUT ---       1 1 1 1 1 1 1 ;
  INPUT ---        1 1 1 1 1 1 1 1 1 1 1 1 1 1 1 1 1 1 1 1 1 1 1 1 1 1 1 1 1 
  INPUT ---       1 1 1 1 1 1 ;
  INPUT ---        1 1 1 1 1 1 1 1 1 1 1 1 1 1 1 1 1 1 1 1 1 1 1 1 1 1 1 1 1 
  INPUT ---       1 1 1 1 1 ;
  INPUT ---        1 1 1 1 1 1 1 1 1 1 1 1 1 1 1 1 1 1 1 1 1 1 1 1 1 1 1 1 1 
  INPUT ---       1 1 1 1 ;
  INPUT ---        1 1 1 1 1 1 1 1 1 1 1 1 1 1 1 1 1 1 1 1 1 1 1 1 1 1 1 1 1 
  INPUT ---       1 1 1 ;
  INPUT ---        1 1 1 1 1 1 1 1 1 1 1 1 1 1 1 1 1 1 1 1 1 1 1 1 1 1 1 1 1 
  INPUT ---       1 1 ;
  INPUT ---        1 1 1 1 1 1 1 1 1 1 1 1 1 1 1 1 1 1 1 1 1 1 1 1 1 1 1 1 1 
  INPUT ---       1 ;
  INPUT ---        1 1 1 1 1 1 1 1 1 1 1 1 1 1 1 1 1 1 1 1 1 1 1 1 1 1 1 1 1 ;
  INPUT ---        1 1 1 1 1 1 1 1 1 1 1 1 1 1 1 1 1 1 1 1 1 1 1 1 1 1 1 1 ;
  INPUT ---        1 1 1 1 1 1 1 1 1 1 1 1 1 1 1 1 1 1 1 1 1 1 1 1 1 1 1 ;
  INPUT ---        1 1 1 1 1 1 1 1 1 1 1 1 1 1 1 1 1 1 1 1 1 1 1 1 1 1 ;
  INPUT ---        1 1 1 1 1 1 1 1 1 1 1 1 1 1 1 1 1 1 1 1 1 1 1 1 1 ;
  INPUT ---        1 1 1 1 1 1 1 1 1 1 1 1 1 1 1 1 1 1 1 1 1 1 1 1 ;
  INPUT ---        1 1 1 1 1 1 1 1 1 1 1 1 1 1 1 1 1 1 1 1 1 1 1 ;
  INPUT ---        1 1 1 1 1 1 1 1 1 1 1 1 1 1 1 1 1 1 1 1 1 1 ;
  INPUT ---        1 1 1 1 1 1 1 1 1 1 1 1 1 1 1 1 1 1 1 1 1 ;
  INPUT ---        1 1 1 1 1 1 1 1 1 1 1 1 1 1 1 1 1 1 1 1 ;
  INPUT ---        1 1 1 1 1 1 1 1 1 1 1 1 1 1 1 1 1 1 1 ;
  INPUT ---        1 1 1 1 1 1 1 1 1 1 1 1 1 1 1 1 1 1 ;
  INPUT ---        1 1 1 1 1 1 1 1 1 1 1 1 1 1 1 1 1 ;
  INPUT ---        1 1 1 1 1 1 1 1 1 1 1 1 1 1 1 1 ;

  Program  MARK  - Survival Rate Estimation with Capture-Recapture Data
   gfortran(Win64) Vers. 8.2 Mar 2017    7-Apr-2017 13:29:23    Page  003
 - - - - - - - - - - - - - - - - - - - - - - - - - - - - - - - - - - - - - -
 
  INPUT ---        1 1 1 1 1 1 1 1 1 1 1 1 1 1 1 ;
  INPUT ---        1 1 1 1 1 1 1 1 1 1 1 1 1 1 ;
  INPUT ---        1 1 1 1 1 1 1 1 1 1 1 1 1 ;
  INPUT ---        1 1 1 1 1 1 1 1 1 1 1 1 ;
  INPUT ---        1 1 1 1 1 1 1 1 1 1 1 ;
  INPUT ---        1 1 1 1 1 1 1 1 1 1 ;
  INPUT ---        1 1 1 1 1 1 1 1 1 ;
  INPUT ---        1 1 1 1 1 1 1 1 ;
  INPUT ---        1 1 1 1 1 1 1 ;
  INPUT ---        1 1 1 1 1 1 ;
  INPUT ---        1 1 1 1 1 ;
  INPUT ---        1 1 1 1 ;
  INPUT ---        1 1 1 ;
  INPUT ---        1 1 ;
  INPUT ---        1 ;

  INPUT ---    group=1 p    rows=41 cols=41 Triang ;
  INPUT ---        2 3 4 5 6 7 8 9 10 11 12 13 14 15 16 17 18 19 20 21 22 23 
  INPUT ---       24 25 26 27 28 29 30 31 32 33 34 35 36 37 38 39 40 41 42 ;
  INPUT ---        3 4 5 6 7 8 9 10 11 12 13 14 15 16 17 18 19 20 21 22 23 24 
  INPUT ---       25 26 27 28 29 30 31 32 33 34 35 36 37 38 39 40 41 42 ;
  INPUT ---        4 5 6 7 8 9 10 11 12 13 14 15 16 17 18 19 20 21 22 23 24 
  INPUT ---       25 26 27 28 29 30 31 32 33 34 35 36 37 38 39 40 41 42 ;
  INPUT ---        5 6 7 8 9 10 11 12 13 14 15 16 17 18 19 20 21 22 23 24 25 
  INPUT ---       26 27 28 29 30 31 32 33 34 35 36 37 38 39 40 41 42 ;
  INPUT ---        6 7 8 9 10 11 12 13 14 15 16 17 18 19 20 21 22 23 24 25 26 
  INPUT ---       27 28 29 30 31 32 33 34 35 36 37 38 39 40 41 42 ;
  INPUT ---        7 8 9 10 11 12 13 14 15 16 17 18 19 20 21 22 23 24 25 26 
  INPUT ---       27 28 29 30 31 32 33 34 35 36 37 38 39 40 41 42 ;
  INPUT ---        8 9 10 11 12 13 14 15 16 17 18 19 20 21 22 23 24 25 26 27 
  INPUT ---       28 29 30 31 32 33 34 35 36 37 38 39 40 41 42 ;
  INPUT ---        9 10 11 12 13 14 15 16 17 18 19 20 21 22 23 24 25 26 27 28 
  INPUT ---       29 30 31 32 33 34 35 36 37 38 39 40 41 42 ;
  INPUT ---        10 11 12 13 14 15 16 17 18 19 20 21 22 23 24 25 26 27 28 
  INPUT ---       29 30 31 32 33 34 35 36 37 38 39 40 41 42 ;
  INPUT ---        11 12 13 14 15 16 17 18 19 20 21 22 23 24 25 26 27 28 29 
  INPUT ---       30 31 32 33 34 35 36 37 38 39 40 41 42 ;
  INPUT ---        12 13 14 15 16 17 18 19 20 21 22 23 24 25 26 27 28 29 30 
  INPUT ---       31 32 33 34 35 36 37 38 39 40 41 42 ;
  INPUT ---        13 14 15 16 17 18 19 20 21 22 23 24 25 26 27 28 29 30 31 
  INPUT ---       32 33 34 35 36 37 38 39 40 41 42 ;
  INPUT ---        14 15 16 17 18 19 20 21 22 23 24 25 26 27 28 29 30 31 32 
  INPUT ---       33 34 35 36 37 38 39 40 41 42 ;
  INPUT ---        15 16 17 18 19 20 21 22 23 24 25 26 27 28 29 30 31 32 33 
  INPUT ---       34 35 36 37 38 39 40 41 42 ;
  INPUT ---        16 17 18 19 20 21 22 23 24 25 26 27 28 29 30 31 32 33 34 

  Program  MARK  - Survival Rate Estimation with Capture-Recapture Data
   gfortran(Win64) Vers. 8.2 Mar 2017    7-Apr-2017 13:29:23    Page  004
 - - - - - - - - - - - - - - - - - - - - - - - - - - - - - - - - - - - - - -
 
  INPUT ---       35 36 37 38 39 40 41 42 ;
  INPUT ---        17 18 19 20 21 22 23 24 25 26 27 28 29 30 31 32 33 34 35 
  INPUT ---       36 37 38 39 40 41 42 ;
  INPUT ---        18 19 20 21 22 23 24 25 26 27 28 29 30 31 32 33 34 35 36 
  INPUT ---       37 38 39 40 41 42 ;
  INPUT ---        19 20 21 22 23 24 25 26 27 28 29 30 31 32 33 34 35 36 37 
  INPUT ---       38 39 40 41 42 ;
  INPUT ---        20 21 22 23 24 25 26 27 28 29 30 31 32 33 34 35 36 37 38 
  INPUT ---       39 40 41 42 ;
  INPUT ---        21 22 23 24 25 26 27 28 29 30 31 32 33 34 35 36 37 38 39 
  INPUT ---       40 41 42 ;
  INPUT ---        22 23 24 25 26 27 28 29 30 31 32 33 34 35 36 37 38 39 40 
  INPUT ---       41 42 ;
  INPUT ---        23 24 25 26 27 28 29 30 31 32 33 34 35 36 37 38 39 40 41 
  INPUT ---       42 ;
  INPUT ---        24 25 26 27 28 29 30 31 32 33 34 35 36 37 38 39 40 41 42 ;
  INPUT ---        25 26 27 28 29 30 31 32 33 34 35 36 37 38 39 40 41 42 ;
  INPUT ---        26 27 28 29 30 31 32 33 34 35 36 37 38 39 40 41 42 ;
  INPUT ---        27 28 29 30 31 32 33 34 35 36 37 38 39 40 41 42 ;
  INPUT ---        28 29 30 31 32 33 34 35 36 37 38 39 40 41 42 ;
  INPUT ---        29 30 31 32 33 34 35 36 37 38 39 40 41 42 ;
  INPUT ---        30 31 32 33 34 35 36 37 38 39 40 41 42 ;
  INPUT ---        31 32 33 34 35 36 37 38 39 40 41 42 ;
  INPUT ---        32 33 34 35 36 37 38 39 40 41 42 ;
  INPUT ---        33 34 35 36 37 38 39 40 41 42 ;
  INPUT ---        34 35 36 37 38 39 40 41 42 ;
  INPUT ---        35 36 37 38 39 40 41 42 ;
  INPUT ---        36 37 38 39 40 41 42 ;
  INPUT ---        37 38 39 40 41 42 ;
  INPUT ---        38 39 40 41 42 ;
  INPUT ---        39 40 41 42 ;
  INPUT ---        40 41 42 ;
  INPUT ---        41 42 ;
  INPUT ---        42 ;

  INPUT ---    design matrix constraints=42 covariates=42;
  INPUT ---        1 0 0 0 0 0 0 0 0 0 0 0 0 0 0 0 0 0 0 0 0 0 0 0 0 0 0 0 0 
  INPUT ---       0 0 0 0 0 0 0 0 0 0 0 0 0;
  INPUT ---        0 1 0 0 0 0 0 0 0 0 0 0 0 0 0 0 0 0 0 0 0 0 0 0 0 0 0 0 0 
  INPUT ---       0 0 0 0 0 0 0 0 0 0 0 0 0;
  INPUT ---        0 1 1 0 0 0 0 0 0 0 0 0 0 0 0 0 0 0 0 0 0 0 0 0 0 0 0 0 0 
  INPUT ---       0 0 0 0 0 0 0 0 0 0 0 0 0;
  INPUT ---        0 1 0 1 0 0 0 0 0 0 0 0 0 0 0 0 0 0 0 0 0 0 0 0 0 0 0 0 0 
  INPUT ---       0 0 0 0 0 0 0 0 0 0 0 0 0;
  INPUT ---        0 1 0 0 1 0 0 0 0 0 0 0 0 0 0 0 0 0 0 0 0 0 0 0 0 0 0 0 0 
  INPUT ---       0 0 0 0 0 0 0 0 0 0 0 0 0;

  Program  MARK  - Survival Rate Estimation with Capture-Recapture Data
   gfortran(Win64) Vers. 8.2 Mar 2017    7-Apr-2017 13:29:23    Page  005
 - - - - - - - - - - - - - - - - - - - - - - - - - - - - - - - - - - - - - -
 
  INPUT ---        0 1 0 0 0 1 0 0 0 0 0 0 0 0 0 0 0 0 0 0 0 0 0 0 0 0 0 0 0 
  INPUT ---       0 0 0 0 0 0 0 0 0 0 0 0 0;
  INPUT ---        0 1 0 0 0 0 1 0 0 0 0 0 0 0 0 0 0 0 0 0 0 0 0 0 0 0 0 0 0 
  INPUT ---       0 0 0 0 0 0 0 0 0 0 0 0 0;
  INPUT ---        0 1 0 0 0 0 0 1 0 0 0 0 0 0 0 0 0 0 0 0 0 0 0 0 0 0 0 0 0 
  INPUT ---       0 0 0 0 0 0 0 0 0 0 0 0 0;
  INPUT ---        0 1 0 0 0 0 0 0 1 0 0 0 0 0 0 0 0 0 0 0 0 0 0 0 0 0 0 0 0 
  INPUT ---       0 0 0 0 0 0 0 0 0 0 0 0 0;
  INPUT ---        0 1 0 0 0 0 0 0 0 1 0 0 0 0 0 0 0 0 0 0 0 0 0 0 0 0 0 0 0 
  INPUT ---       0 0 0 0 0 0 0 0 0 0 0 0 0;
  INPUT ---        0 1 0 0 0 0 0 0 0 0 1 0 0 0 0 0 0 0 0 0 0 0 0 0 0 0 0 0 0 
  INPUT ---       0 0 0 0 0 0 0 0 0 0 0 0 0;
  INPUT ---        0 1 0 0 0 0 0 0 0 0 0 1 0 0 0 0 0 0 0 0 0 0 0 0 0 0 0 0 0 
  INPUT ---       0 0 0 0 0 0 0 0 0 0 0 0 0;
  INPUT ---        0 1 0 0 0 0 0 0 0 0 0 0 1 0 0 0 0 0 0 0 0 0 0 0 0 0 0 0 0 
  INPUT ---       0 0 0 0 0 0 0 0 0 0 0 0 0;
  INPUT ---        0 1 0 0 0 0 0 0 0 0 0 0 0 1 0 0 0 0 0 0 0 0 0 0 0 0 0 0 0 
  INPUT ---       0 0 0 0 0 0 0 0 0 0 0 0 0;
  INPUT ---        0 1 0 0 0 0 0 0 0 0 0 0 0 0 1 0 0 0 0 0 0 0 0 0 0 0 0 0 0 
  INPUT ---       0 0 0 0 0 0 0 0 0 0 0 0 0;
  INPUT ---        0 1 0 0 0 0 0 0 0 0 0 0 0 0 0 1 0 0 0 0 0 0 0 0 0 0 0 0 0 
  INPUT ---       0 0 0 0 0 0 0 0 0 0 0 0 0;
  INPUT ---        0 1 0 0 0 0 0 0 0 0 0 0 0 0 0 0 1 0 0 0 0 0 0 0 0 0 0 0 0 
  INPUT ---       0 0 0 0 0 0 0 0 0 0 0 0 0;
  INPUT ---        0 1 0 0 0 0 0 0 0 0 0 0 0 0 0 0 0 1 0 0 0 0 0 0 0 0 0 0 0 
  INPUT ---       0 0 0 0 0 0 0 0 0 0 0 0 0;
  INPUT ---        0 1 0 0 0 0 0 0 0 0 0 0 0 0 0 0 0 0 1 0 0 0 0 0 0 0 0 0 0 
  INPUT ---       0 0 0 0 0 0 0 0 0 0 0 0 0;
  INPUT ---        0 1 0 0 0 0 0 0 0 0 0 0 0 0 0 0 0 0 0 1 0 0 0 0 0 0 0 0 0 
  INPUT ---       0 0 0 0 0 0 0 0 0 0 0 0 0;
  INPUT ---        0 1 0 0 0 0 0 0 0 0 0 0 0 0 0 0 0 0 0 0 1 0 0 0 0 0 0 0 0 
  INPUT ---       0 0 0 0 0 0 0 0 0 0 0 0 0;
  INPUT ---        0 1 0 0 0 0 0 0 0 0 0 0 0 0 0 0 0 0 0 0 0 1 0 0 0 0 0 0 0 
  INPUT ---       0 0 0 0 0 0 0 0 0 0 0 0 0;
  INPUT ---        0 1 0 0 0 0 0 0 0 0 0 0 0 0 0 0 0 0 0 0 0 0 1 0 0 0 0 0 0 
  INPUT ---       0 0 0 0 0 0 0 0 0 0 0 0 0;
  INPUT ---        0 1 0 0 0 0 0 0 0 0 0 0 0 0 0 0 0 0 0 0 0 0 0 1 0 0 0 0 0 
  INPUT ---       0 0 0 0 0 0 0 0 0 0 0 0 0;
  INPUT ---        0 1 0 0 0 0 0 0 0 0 0 0 0 0 0 0 0 0 0 0 0 0 0 0 1 0 0 0 0 
  INPUT ---       0 0 0 0 0 0 0 0 0 0 0 0 0;
  INPUT ---        0 1 0 0 0 0 0 0 0 0 0 0 0 0 0 0 0 0 0 0 0 0 0 0 0 1 0 0 0 
  INPUT ---       0 0 0 0 0 0 0 0 0 0 0 0 0;
  INPUT ---        0 1 0 0 0 0 0 0 0 0 0 0 0 0 0 0 0 0 0 0 0 0 0 0 0 0 1 0 0 
  INPUT ---       0 0 0 0 0 0 0 0 0 0 0 0 0;
  INPUT ---        0 1 0 0 0 0 0 0 0 0 0 0 0 0 0 0 0 0 0 0 0 0 0 0 0 0 0 1 0 
  INPUT ---       0 0 0 0 0 0 0 0 0 0 0 0 0;

  Program  MARK  - Survival Rate Estimation with Capture-Recapture Data
   gfortran(Win64) Vers. 8.2 Mar 2017    7-Apr-2017 13:29:23    Page  006
 - - - - - - - - - - - - - - - - - - - - - - - - - - - - - - - - - - - - - -
 
  INPUT ---        0 1 0 0 0 0 0 0 0 0 0 0 0 0 0 0 0 0 0 0 0 0 0 0 0 0 0 0 1 
  INPUT ---       0 0 0 0 0 0 0 0 0 0 0 0 0;
  INPUT ---        0 1 0 0 0 0 0 0 0 0 0 0 0 0 0 0 0 0 0 0 0 0 0 0 0 0 0 0 0 
  INPUT ---       1 0 0 0 0 0 0 0 0 0 0 0 0;
  INPUT ---        0 1 0 0 0 0 0 0 0 0 0 0 0 0 0 0 0 0 0 0 0 0 0 0 0 0 0 0 0 
  INPUT ---       0 1 0 0 0 0 0 0 0 0 0 0 0;
  INPUT ---        0 1 0 0 0 0 0 0 0 0 0 0 0 0 0 0 0 0 0 0 0 0 0 0 0 0 0 0 0 
  INPUT ---       0 0 1 0 0 0 0 0 0 0 0 0 0;
  INPUT ---        0 1 0 0 0 0 0 0 0 0 0 0 0 0 0 0 0 0 0 0 0 0 0 0 0 0 0 0 0 
  INPUT ---       0 0 0 1 0 0 0 0 0 0 0 0 0;
  INPUT ---        0 1 0 0 0 0 0 0 0 0 0 0 0 0 0 0 0 0 0 0 0 0 0 0 0 0 0 0 0 
  INPUT ---       0 0 0 0 1 0 0 0 0 0 0 0 0;
  INPUT ---        0 1 0 0 0 0 0 0 0 0 0 0 0 0 0 0 0 0 0 0 0 0 0 0 0 0 0 0 0 
  INPUT ---       0 0 0 0 0 1 0 0 0 0 0 0 0;
  INPUT ---        0 1 0 0 0 0 0 0 0 0 0 0 0 0 0 0 0 0 0 0 0 0 0 0 0 0 0 0 0 
  INPUT ---       0 0 0 0 0 0 1 0 0 0 0 0 0;
  INPUT ---        0 1 0 0 0 0 0 0 0 0 0 0 0 0 0 0 0 0 0 0 0 0 0 0 0 0 0 0 0 
  INPUT ---       0 0 0 0 0 0 0 1 0 0 0 0 0;
  INPUT ---        0 1 0 0 0 0 0 0 0 0 0 0 0 0 0 0 0 0 0 0 0 0 0 0 0 0 0 0 0 
  INPUT ---       0 0 0 0 0 0 0 0 1 0 0 0 0;
  INPUT ---        0 1 0 0 0 0 0 0 0 0 0 0 0 0 0 0 0 0 0 0 0 0 0 0 0 0 0 0 0 
  INPUT ---       0 0 0 0 0 0 0 0 0 1 0 0 0;
  INPUT ---        0 1 0 0 0 0 0 0 0 0 0 0 0 0 0 0 0 0 0 0 0 0 0 0 0 0 0 0 0 
  INPUT ---       0 0 0 0 0 0 0 0 0 0 1 0 0;
  INPUT ---        0 1 0 0 0 0 0 0 0 0 0 0 0 0 0 0 0 0 0 0 0 0 0 0 0 0 0 0 0 
  INPUT ---       0 0 0 0 0 0 0 0 0 0 0 1 0;
  INPUT ---        0 1 0 0 0 0 0 0 0 0 0 0 0 0 0 0 0 0 0 0 0 0 0 0 0 0 0 0 0 
  INPUT ---       0 0 0 0 0 0 0 0 0 0 0 0 1;
  INPUT ---       blabel(1)=Phi:(Intercept);
  INPUT ---       blabel(2)=p:(Intercept);
  INPUT ---       blabel(3)=p:time1977;
  INPUT ---       blabel(4)=p:time1978;
  INPUT ---       blabel(5)=p:time1979;
  INPUT ---       blabel(6)=p:time1980;
  INPUT ---       blabel(7)=p:time1981;
  INPUT ---       blabel(8)=p:time1982;
  INPUT ---       blabel(9)=p:time1983;
  INPUT ---       blabel(10)=p:time1984;
  INPUT ---       blabel(11)=p:time1985;
  INPUT ---       blabel(12)=p:time1986;
  INPUT ---       blabel(13)=p:time1987;
  INPUT ---       blabel(14)=p:time1988;
  INPUT ---       blabel(15)=p:time1989;
  INPUT ---       blabel(16)=p:time1990;
  INPUT ---       blabel(17)=p:time1991;
  INPUT ---       blabel(18)=p:time1992;

  Program  MARK  - Survival Rate Estimation with Capture-Recapture Data
   gfortran(Win64) Vers. 8.2 Mar 2017    7-Apr-2017 13:29:23    Page  007
 - - - - - - - - - - - - - - - - - - - - - - - - - - - - - - - - - - - - - -
 
  INPUT ---       blabel(19)=p:time1993;
  INPUT ---       blabel(20)=p:time1994;
  INPUT ---       blabel(21)=p:time1995;
  INPUT ---       blabel(22)=p:time1996;
  INPUT ---       blabel(23)=p:time1997;
  INPUT ---       blabel(24)=p:time1998;
  INPUT ---       blabel(25)=p:time1999;
  INPUT ---       blabel(26)=p:time2000;
  INPUT ---       blabel(27)=p:time2001;
  INPUT ---       blabel(28)=p:time2002;
  INPUT ---       blabel(29)=p:time2003;
  INPUT ---       blabel(30)=p:time2004;
  INPUT ---       blabel(31)=p:time2005;
  INPUT ---       blabel(32)=p:time2006;
  INPUT ---       blabel(33)=p:time2007;
  INPUT ---       blabel(34)=p:time2008;
  INPUT ---       blabel(35)=p:time2009;
  INPUT ---       blabel(36)=p:time2010;
  INPUT ---       blabel(37)=p:time2011;
  INPUT ---       blabel(38)=p:time2012;
  INPUT ---       blabel(39)=p:time2013;
  INPUT ---       blabel(40)=p:time2014;
  INPUT ---       blabel(41)=p:time2015;
  INPUT ---       blabel(42)=p:time2016;
  INPUT ---       rlabel(1)=Phi g1 c1975 a0 t1975;
  INPUT ---       rlabel(2)=p g1 c1975 a1 t1976;
  INPUT ---       rlabel(3)=p g1 c1975 a2 t1977;
  INPUT ---       rlabel(4)=p g1 c1975 a3 t1978;
  INPUT ---       rlabel(5)=p g1 c1975 a4 t1979;
  INPUT ---       rlabel(6)=p g1 c1975 a5 t1980;
  INPUT ---       rlabel(7)=p g1 c1975 a6 t1981;
  INPUT ---       rlabel(8)=p g1 c1975 a7 t1982;
  INPUT ---       rlabel(9)=p g1 c1975 a8 t1983;
  INPUT ---       rlabel(10)=p g1 c1975 a9 t1984;
  INPUT ---       rlabel(11)=p g1 c1975 a10 t1985;
  INPUT ---       rlabel(12)=p g1 c1975 a11 t1986;
  INPUT ---       rlabel(13)=p g1 c1975 a12 t1987;
  INPUT ---       rlabel(14)=p g1 c1975 a13 t1988;
  INPUT ---       rlabel(15)=p g1 c1975 a14 t1989;
  INPUT ---       rlabel(16)=p g1 c1975 a15 t1990;
  INPUT ---       rlabel(17)=p g1 c1975 a16 t1991;
  INPUT ---       rlabel(18)=p g1 c1975 a17 t1992;
  INPUT ---       rlabel(19)=p g1 c1975 a18 t1993;
  INPUT ---       rlabel(20)=p g1 c1975 a19 t1994;
  INPUT ---       rlabel(21)=p g1 c1975 a20 t1995;
  INPUT ---       rlabel(22)=p g1 c1975 a21 t1996;

  Program  MARK  - Survival Rate Estimation with Capture-Recapture Data
   gfortran(Win64) Vers. 8.2 Mar 2017    7-Apr-2017 13:29:23    Page  008
 - - - - - - - - - - - - - - - - - - - - - - - - - - - - - - - - - - - - - -
 
  INPUT ---       rlabel(23)=p g1 c1975 a22 t1997;
  INPUT ---       rlabel(24)=p g1 c1975 a23 t1998;
  INPUT ---       rlabel(25)=p g1 c1975 a24 t1999;
  INPUT ---       rlabel(26)=p g1 c1975 a25 t2000;
  INPUT ---       rlabel(27)=p g1 c1975 a26 t2001;
  INPUT ---       rlabel(28)=p g1 c1975 a27 t2002;
  INPUT ---       rlabel(29)=p g1 c1975 a28 t2003;
  INPUT ---       rlabel(30)=p g1 c1975 a29 t2004;
  INPUT ---       rlabel(31)=p g1 c1975 a30 t2005;
  INPUT ---       rlabel(32)=p g1 c1975 a31 t2006;
  INPUT ---       rlabel(33)=p g1 c1975 a32 t2007;
  INPUT ---       rlabel(34)=p g1 c1975 a33 t2008;
  INPUT ---       rlabel(35)=p g1 c1975 a34 t2009;
  INPUT ---       rlabel(36)=p g1 c1975 a35 t2010;
  INPUT ---       rlabel(37)=p g1 c1975 a36 t2011;
  INPUT ---       rlabel(38)=p g1 c1975 a37 t2012;
  INPUT ---       rlabel(39)=p g1 c1975 a38 t2013;
  INPUT ---       rlabel(40)=p g1 c1975 a39 t2014;
  INPUT ---       rlabel(41)=p g1 c1975 a40 t2015;
  INPUT ---       rlabel(42)=p g1 c1975 a41 t2016;

 Link Function Used is LOGIT        

 Variance Estimation Procedure Used is 2ndPart 
 -2logL(saturated) = 5326.2843     
 Effective Sample Size = 4722

 Number of function evaluations was 84 for 42 parameters.
 Time for numerical optimization was 1.39 seconds.
 -2logL { Phi(~1)p(~time) } = 6066.7208     
 Penalty { Phi(~1)p(~time) } = -0.0000000    
 Gradient { Phi(~1)p(~time) }:
 -0.1723708E-03-0.6678882E-04  0.000000     0.4693823E-04  0.000000    
  0.7582125E-04-0.5183970E-04  0.000000      0.000000    -0.5851899E-04
   0.000000      0.000000      0.000000      0.000000      0.000000    
  0.1077180E-03  0.000000      0.000000      0.000000     0.1056615E-03
   0.000000     0.6642859E-04  0.000000     0.5105566E-04  0.000000    
   0.000000    -0.6709595E-04 0.9948078E-04 0.9037176E-04 0.7482012E-04
   0.000000     0.7456908E-04 0.8204462E-04 0.8015656E-04  0.000000    
   0.000000      0.000000      0.000000      0.000000      0.000000    
   0.000000      0.000000    

  Program  MARK  - Survival Rate Estimation with Capture-Recapture Data
   gfortran(Win64) Vers. 8.2 Mar 2017    7-Apr-2017 13:29:25    Page  009
 - - - - - - - - - - - - - - - - - - - - - - - - - - - - - - - - - - - - - -
 
 S Vector { Phi(~1)p(~time) }:
   1026.689      149.4118      19.62224      19.02227      17.84137    
   17.05049      16.24589      15.30092      14.89491      14.10697    
   11.97315      10.39282      9.067414      8.089109      7.506890    
   7.018216      6.759936      6.429509      5.802970      5.439313    
   4.655672      4.118337      3.929162      3.727530      3.540166    
   3.274958      3.053222      2.868204      2.764313      2.579811    
   2.402857      2.275743      2.019796      1.873677      1.716890    
   1.143055     0.9294361     0.1908005E-01 0.6495874E-02 0.3965815E-02
  0.5711964E-08 0.5607559E-08
 Time to compute number of parameters was 1.30 seconds.
   Threshold =  0.8600000E-06     Condition index =  0.5461791E-11     New Threshold =  0.3634114E-07
 New Guessimate of Estimated Parameters { Phi(~1)p(~time) } = 40          
 Conditioned S Vector { Phi(~1)p(~time) }:
   1.000000     0.1455278     0.1911216E-01 0.1852779E-01 0.1737758E-01
  0.1660726E-01 0.1582358E-01 0.1490318E-01 0.1450772E-01 0.1374026E-01
  0.1166191E-01 0.1012266E-01 0.8831707E-02 0.7878833E-02 0.7311749E-02
  0.6835777E-02 0.6584212E-02 0.6262375E-02 0.5652122E-02 0.5297918E-02
  0.4534648E-02 0.4011281E-02 0.3827024E-02 0.3630633E-02 0.3448140E-02
  0.3189826E-02 0.2973853E-02 0.2793645E-02 0.2692455E-02 0.2512749E-02
  0.2340395E-02 0.2216585E-02 0.1967291E-02 0.1824971E-02 0.1672259E-02
  0.1113341E-02 0.9052754E-03 0.1858406E-04 0.6327014E-05 0.3862723E-05
  0.5563481E-11 0.5461791E-11
 Number of Estimated Parameters { Phi(~1)p(~time) } = 40          
 DEVIANCE { Phi(~1)p(~time) } = 740.43647                     
 DEVIANCE Degrees of Freedom { Phi(~1)p(~time) } = 161            
 c-hat { Phi(~1)p(~time) } = 4.5989843                     
 AIC { Phi(~1)p(~time) } = 6146.7208                  
 AICc { Phi(~1)p(~time) } = 6147.4215                    
 BIC { Phi(~1)p(~time) } = 6405.1203                    
 Pearson Chisquare { Phi(~1)p(~time) } = 10570.060                  


                     LOGIT Link Function Parameters of { Phi(~1)p(~time) }
                                                              95% Confidence Interval
 Parameter                    Beta         Standard Error      Lower           Upper
 -------------------------  --------------  --------------  --------------  --------------
    1:Phi:(Intercept)       -0.5829152      0.0399162       -0.6611509      -0.5046795    
    2:p:(Intercept)         0.3617468       1.1965182       -1.9834288      2.7069225     
    3:p:time1977            2.4981694       15.878950       -28.624574      33.620912     
    4:p:time1978            -0.9376415      1.5868581       -4.0478834      2.1726003     
    5:p:time1979            0.2224818       1.3691084       -2.4609706      2.9059342     
    6:p:time1980            0.1995249       1.4132524       -2.5704499      2.9694996     
    7:p:time1981            -0.7544368      1.3713029       -3.4421905      1.9333169     
    8:p:time1982            -0.0185683      1.3374546       -2.6399793      2.6028427     
    9:p:time1983            0.7789977       1.3032075       -1.7752890      3.3332844     
   10:p:time1984            0.5541874       1.2570940       -1.9097169      3.0180916     
   11:p:time1985            0.8049558       1.2674280       -1.6792031      3.2891148     
   12:p:time1986            -0.2835963      1.2324763       -2.6992498      2.1320573     
   13:p:time1987            -0.4183273      1.2262284       -2.8217350      1.9850805     
   14:p:time1988            -0.8934883      1.2221023       -3.2888089      1.5018323     
   15:p:time1989            -1.2027102      1.2224702       -3.5987519      1.1933315     
   16:p:time1990            -0.6886582      1.2203763       -3.0805959      1.7032794     
   17:p:time1991            -0.5614194      1.2209833       -2.9545468      1.8317080     
   18:p:time1992            -1.4843687      1.2257614       -3.8868611      0.9181236     
   19:p:time1993            -0.7975703      1.2212076       -3.1911372      1.5959967     
   20:p:time1994            -0.7215250      1.2204338       -3.1135753      1.6705253     

  Program  MARK  - Survival Rate Estimation with Capture-Recapture Data
   gfortran(Win64) Vers. 8.2 Mar 2017    7-Apr-2017 13:29:25    Page  010
 - - - - - - - - - - - - - - - - - - - - - - - - - - - - - - - - - - - - - -
 
   21:p:time1995            0.0060632       1.2482936       -2.4405922      2.4527187     
   22:p:time1996            0.3691314       1.2630853       -2.1065159      2.8447787     
   23:p:time1997            1.6628997       1.4010062       -1.0830724      4.4088718     
   24:p:time1998            0.7813789       1.2549044       -1.6782337      3.2409915     
   25:p:time1999            -0.3457799      1.2263253       -2.7493775      2.0578178     
   26:p:time2000            -0.0572595      1.2377492       -2.4832479      2.3687289     
   27:p:time2001            0.3555136       1.2500179       -2.0945215      2.8055487     
   28:p:time2002            1.7427249       1.3289545       -0.8620260      4.3474758     
   29:p:time2003            0.0063926       1.2596027       -2.4624287      2.4752139     
   30:p:time2004            0.2155751       1.2714569       -2.2764805      2.7076307     
   31:p:time2005            3.6639919       12.371568       -20.584283      27.912266     
   32:p:time2006            0.2196673       1.3132001       -2.3542050      2.7935396     
   33:p:time2007            0.1085367       1.3033951       -2.4461177      2.6631911     
   34:p:time2008            0.1346479       1.2891880       -2.3921606      2.6614564     
   35:p:time2009            1.6794351       1.5251523       -1.3098634      4.6687336     
   36:p:time2010            35.763851       0.8958742E-005  35.763833       35.763868     
   37:p:time2011            0.0402501       1.3108839       -2.5290824      2.6095825     
   38:p:time2012            -0.3256142      1.3466230       -2.9649954      2.3137669     
   39:p:time2013            -0.3591708      1.3940963       -3.0915996      2.3732581     
   40:p:time2014            -1.5725944      1.3511175       -4.2207848      1.0755959     
   41:p:time2015            0.1058420       1.3196389       -2.4806503      2.6923343     
   42:p:time2016            35.419522       0.3574012E-003  35.418821       35.420222     


                     Real Function Parameters of { Phi(~1)p(~time) }
                                                               95% Confidence Interval
  Parameter                  Estimate       Standard Error      Lower           Upper
 --------------------------  --------------  --------------  --------------  --------------
     1:Phi g1 c1975 a0 t197  0.3582621       0.0091771       0.3404811       0.3764416                           
     2:p g1 c1975 a1 t1976   0.5894632       0.2895530       0.1209538       0.9374339                           
     3:p g1 c1975 a2 t1977   0.9458290       0.8165863       0.4739080E-012  1.0000000                           
     4:p g1 c1975 a3 t1978   0.3598778       0.2419379       0.0669600       0.8149594                           
     5:p g1 c1975 a4 t1979   0.6420398       0.1534330       0.3264501       0.8690679                           
     6:p g1 c1975 a5 t1980   0.6367467       0.1742289       0.2859543       0.8846946                           
     7:p g1 c1975 a6 t1981   0.4030699       0.1613402       0.1535544       0.7153702                           
     8:p g1 c1975 a7 t1982   0.5849624       0.1452562       0.3037528       0.8199262                           
     9:p g1 c1975 a8 t1983   0.7578163       0.0949518       0.5316366       0.8961140                           
    10:p g1 c1975 a9 t1984   0.7142129       0.0789007       0.5394896       0.8420526                           
    11:p g1 c1975 a10 t1985  0.7625485       0.0759039       0.5854215       0.8795669                           
    12:p g1 c1975 a11 t1986  0.5195277       0.0742384       0.3764209       0.6595005                           
    13:p g1 c1975 a12 t1987  0.4858587       0.0675173       0.3574751       0.6161359                           
    14:p g1 c1975 a13 t1988  0.3701108       0.0584408       0.2644289       0.4898993                           
    15:p g1 c1975 a14 t1989  0.3013319       0.0531641       0.2081834       0.4143488                           
    16:p g1 c1975 a15 t1990  0.4189923       0.0589903       0.3096273       0.5369424                           
    17:p g1 c1975 a16 t1991  0.4502471       0.0607588       0.3360861       0.5698992                           
    18:p g1 c1975 a17 t1992  0.2455253       0.0495689       0.1615017       0.3547677                           

  Program  MARK  - Survival Rate Estimation with Capture-Recapture Data
   gfortran(Win64) Vers. 8.2 Mar 2017    7-Apr-2017 13:29:25    Page  011
 - - - - - - - - - - - - - - - - - - - - - - - - - - - - - - - - - - - - - -
 
    19:p g1 c1975 a18 t1993  0.3927366       0.0587549       0.2852261       0.5117571                           
    20:p g1 c1975 a19 t1994  0.4110133       0.0586913       0.3025954       0.5288212                           
    21:p g1 c1975 a20 t1995  0.5909297       0.0865236       0.4173316       0.7444746                           
    22:p g1 c1975 a21 t1996  0.6749980       0.0891470       0.4836057       0.8216193                           
    23:p g1 c1975 a22 t1997  0.8833606       0.0753201       0.6437902       0.9694523                           
    24:p g1 c1975 a23 t1998  0.7582531       0.0698159       0.5978744       0.8687140                           
    25:p g1 c1975 a24 t1999  0.5039917       0.0676686       0.3741184       0.6333285                           
    26:p g1 c1975 a25 t2000  0.5755391       0.0777957       0.4207545       0.7168017                           
    27:p g1 c1975 a26 t2001  0.6720035       0.0799661       0.5015440       0.8066433                           
    28:p g1 c1975 a27 t2002  0.8913370       0.0560765       0.7250571       0.9622851                           
    29:p g1 c1975 a28 t2003  0.5910093       0.0954190       0.3999725       0.7580207                           
    30:p g1 c1975 a29 t2004  0.6404510       0.0992546       0.4335221       0.8056735                           
    31:p g1 c1975 a30 t2005  0.9824628       0.2121951       0.1840850E-008  1.0000000                           
    32:p g1 c1975 a31 t2006  0.6413927       0.1247427       0.3818806       0.8381330                           
    33:p g1 c1975 a32 t2007  0.6154509       0.1225847       0.3670470       0.8153978                           
    34:p g1 c1975 a33 t2008  0.6216117       0.1130652       0.3903662       0.8082319                           
    35:p g1 c1975 a34 t2009  0.8850536       0.0962731       0.5464624       0.9800813                           
    36:p g1 c1975 a35 t2010  1.0000000       0.2656823E-015  1.0000000       1.0000000                           
    37:p g1 c1975 a36 t2011  0.5991673       0.1288087       0.3431665       0.8104917                           
    38:p g1 c1975 a37 t2012  0.5090322       0.1546844       0.2355940       0.7771707                           
    39:p g1 c1975 a38 t2013  0.5006440       0.1791498       0.1975051       0.8033102                           
    40:p g1 c1975 a39 t2014  0.2295511       0.1111117       0.0800087       0.5051334                           
    41:p g1 c1975 a40 t2015  0.6148129       0.1319759       0.3487142       0.8263352                           
    42:p g1 c1975 a41 t2016  1.0000000       0.2656775E-015  1.0000000       1.0000000                           

 Attempted ordering of parameters by estimatibility:
   1  2 16 20 17 19 14 15 25 13 18 12 26 21 27 24 10 29 22 11 30 34 33  9 37
  32 41 28  8 38 40  5  7 39 23  6 35  4 31  3 42 36
 Beta number 36 is a singular value.

     CPU Time in seconds for last procedure was 2.72

  Program  MARK  - Survival Rate Estimation with Capture-Recapture Data
   gfortran(Win64) Vers. 8.2 Mar 2017    7-Apr-2017 13:29:25    Page  012
 - - - - - - - - - - - - - - - - - - - - - - - - - - - - - - - - - - - - - -
 


  INPUT --- proc stop;

     CPU Time in minutes for this job was 0.05

     Time Start = 13:29:23.851   Time End = 13:29:25.377

     Wall Clock Time in minutes for this job was 0.03


          E X E C U T I O N   S U C C E S S F U L 
