
   Program  MARK  - Survival Rate Estimation with Capture-Recapture Data
   gfortran(Win64) Vers. 8.2 Mar 2017   10-Apr-2017 19:59:21    Page  001
 - - - - - - - - - - - - - - - - - - - - - - - - - - - - - - - - - - - - - -
 
   This version was compiled by GCC version 5.3.0 using the options: 
     -cpp -iprefix c:\tdm-gcc-64\gcc\bin\../lib/gcc/x86_64-w64-mingw32/5.3.0/ -D_MT
     -U_REENTRANT -D IEEE -m64 -mtune=generic -march=x86-64 -mthreads -O3
     -fimplicit-none -fbounds-check -ffpe-summary=invalid,zero,overflow,underflow
     -fno-unsafe-math-optimizations -frounding-math -fsignaling-nans -fopenmp.

   This problem will use 3 of 4 possible threads.


  INPUT --- proc title ;

     CPU Time in seconds for last procedure was 0.00


  INPUT --- proc chmatrix occasions= 42 groups= 2 etype= Live ICMeans 
  INPUT --- NoHist hist= 351 ;

  INPUT ---    time  interval 1 1 1 1 1 1 1 1 1 1 1 1 1 1 1 1 1 1 1 1 1 1 
  INPUT ---    1 1 1 1 1 1 1 1 1 1 1 1 1 1 1 1 1 1 1 ;

  INPUT ---    glabel(1)=age1;

  INPUT ---    glabel(2)=age2;

   * *  WARNING  * *   At least a pair of the encounter histories are duplicates. 

      Number of unique encounter histories read was 242.

      Number of individual covariates read was 0.
      Time interval lengths are all equal to 1.

      Data type number is 1
      Data type is Live Recaptures (CJS)                                                                               

     CPU Time in seconds for last procedure was 0.08

  Program  MARK  - Survival Rate Estimation with Capture-Recapture Data
   gfortran(Win64) Vers. 8.2 Mar 2017   10-Apr-2017 19:59:21    Page  002
 - - - - - - - - - - - - - - - - - - - - - - - - - - - - - - - - - - - - - -
 


  INPUT --- proc estimate link=Logit NOLOOP varest=2ndPart    ;


  INPUT --- model={ Phi(~Time)p(~time) };

  INPUT ---    group=1 Phi    rows=41 cols=41 Triang ;
  INPUT ---        1 2 3 4 5 6 7 8 9 10 11 12 13 14 15 16 17 18 19 20 21 22 
  INPUT ---       23 24 25 26 27 28 29 30 31 32 33 34 35 36 37 38 39 40 41 ;
  INPUT ---        2 3 4 5 6 7 8 9 10 11 12 13 14 15 16 17 18 19 20 21 22 23 
  INPUT ---       24 25 26 27 28 29 30 31 32 33 34 35 36 37 38 39 40 41 ;
  INPUT ---        3 4 5 6 7 8 9 10 11 12 13 14 15 16 17 18 19 20 21 22 23 24 
  INPUT ---       25 26 27 28 29 30 31 32 33 34 35 36 37 38 39 40 41 ;
  INPUT ---        4 5 6 7 8 9 10 11 12 13 14 15 16 17 18 19 20 21 22 23 24 
  INPUT ---       25 26 27 28 29 30 31 32 33 34 35 36 37 38 39 40 41 ;
  INPUT ---        5 6 7 8 9 10 11 12 13 14 15 16 17 18 19 20 21 22 23 24 25 
  INPUT ---       26 27 28 29 30 31 32 33 34 35 36 37 38 39 40 41 ;
  INPUT ---        6 7 8 9 10 11 12 13 14 15 16 17 18 19 20 21 22 23 24 25 26 
  INPUT ---       27 28 29 30 31 32 33 34 35 36 37 38 39 40 41 ;
  INPUT ---        7 8 9 10 11 12 13 14 15 16 17 18 19 20 21 22 23 24 25 26 
  INPUT ---       27 28 29 30 31 32 33 34 35 36 37 38 39 40 41 ;
  INPUT ---        8 9 10 11 12 13 14 15 16 17 18 19 20 21 22 23 24 25 26 27 
  INPUT ---       28 29 30 31 32 33 34 35 36 37 38 39 40 41 ;
  INPUT ---        9 10 11 12 13 14 15 16 17 18 19 20 21 22 23 24 25 26 27 28 
  INPUT ---       29 30 31 32 33 34 35 36 37 38 39 40 41 ;
  INPUT ---        10 11 12 13 14 15 16 17 18 19 20 21 22 23 24 25 26 27 28 
  INPUT ---       29 30 31 32 33 34 35 36 37 38 39 40 41 ;
  INPUT ---        11 12 13 14 15 16 17 18 19 20 21 22 23 24 25 26 27 28 29 
  INPUT ---       30 31 32 33 34 35 36 37 38 39 40 41 ;
  INPUT ---        12 13 14 15 16 17 18 19 20 21 22 23 24 25 26 27 28 29 30 
  INPUT ---       31 32 33 34 35 36 37 38 39 40 41 ;
  INPUT ---        13 14 15 16 17 18 19 20 21 22 23 24 25 26 27 28 29 30 31 
  INPUT ---       32 33 34 35 36 37 38 39 40 41 ;
  INPUT ---        14 15 16 17 18 19 20 21 22 23 24 25 26 27 28 29 30 31 32 
  INPUT ---       33 34 35 36 37 38 39 40 41 ;
  INPUT ---        15 16 17 18 19 20 21 22 23 24 25 26 27 28 29 30 31 32 33 
  INPUT ---       34 35 36 37 38 39 40 41 ;
  INPUT ---        16 17 18 19 20 21 22 23 24 25 26 27 28 29 30 31 32 33 34 
  INPUT ---       35 36 37 38 39 40 41 ;
  INPUT ---        17 18 19 20 21 22 23 24 25 26 27 28 29 30 31 32 33 34 35 
  INPUT ---       36 37 38 39 40 41 ;
  INPUT ---        18 19 20 21 22 23 24 25 26 27 28 29 30 31 32 33 34 35 36 
  INPUT ---       37 38 39 40 41 ;
  INPUT ---        19 20 21 22 23 24 25 26 27 28 29 30 31 32 33 34 35 36 37 
  INPUT ---       38 39 40 41 ;

  Program  MARK  - Survival Rate Estimation with Capture-Recapture Data
   gfortran(Win64) Vers. 8.2 Mar 2017   10-Apr-2017 19:59:21    Page  003
 - - - - - - - - - - - - - - - - - - - - - - - - - - - - - - - - - - - - - -
 
  INPUT ---        20 21 22 23 24 25 26 27 28 29 30 31 32 33 34 35 36 37 38 
  INPUT ---       39 40 41 ;
  INPUT ---        21 22 23 24 25 26 27 28 29 30 31 32 33 34 35 36 37 38 39 
  INPUT ---       40 41 ;
  INPUT ---        22 23 24 25 26 27 28 29 30 31 32 33 34 35 36 37 38 39 40 
  INPUT ---       41 ;
  INPUT ---        23 24 25 26 27 28 29 30 31 32 33 34 35 36 37 38 39 40 41 ;
  INPUT ---        24 25 26 27 28 29 30 31 32 33 34 35 36 37 38 39 40 41 ;
  INPUT ---        25 26 27 28 29 30 31 32 33 34 35 36 37 38 39 40 41 ;
  INPUT ---        26 27 28 29 30 31 32 33 34 35 36 37 38 39 40 41 ;
  INPUT ---        27 28 29 30 31 32 33 34 35 36 37 38 39 40 41 ;
  INPUT ---        28 29 30 31 32 33 34 35 36 37 38 39 40 41 ;
  INPUT ---        29 30 31 32 33 34 35 36 37 38 39 40 41 ;
  INPUT ---        30 31 32 33 34 35 36 37 38 39 40 41 ;
  INPUT ---        31 32 33 34 35 36 37 38 39 40 41 ;
  INPUT ---        32 33 34 35 36 37 38 39 40 41 ;
  INPUT ---        33 34 35 36 37 38 39 40 41 ;
  INPUT ---        34 35 36 37 38 39 40 41 ;
  INPUT ---        35 36 37 38 39 40 41 ;
  INPUT ---        36 37 38 39 40 41 ;
  INPUT ---        37 38 39 40 41 ;
  INPUT ---        38 39 40 41 ;
  INPUT ---        39 40 41 ;
  INPUT ---        40 41 ;
  INPUT ---        41 ;

  INPUT ---    group=2 Phi    rows=41 cols=41 Triang ;
  INPUT ---        1 2 3 4 5 6 7 8 9 10 11 12 13 14 15 16 17 18 19 20 21 22 
  INPUT ---       23 24 25 26 27 28 29 30 31 32 33 34 35 36 37 38 39 40 41 ;
  INPUT ---        2 3 4 5 6 7 8 9 10 11 12 13 14 15 16 17 18 19 20 21 22 23 
  INPUT ---       24 25 26 27 28 29 30 31 32 33 34 35 36 37 38 39 40 41 ;
  INPUT ---        3 4 5 6 7 8 9 10 11 12 13 14 15 16 17 18 19 20 21 22 23 24 
  INPUT ---       25 26 27 28 29 30 31 32 33 34 35 36 37 38 39 40 41 ;
  INPUT ---        4 5 6 7 8 9 10 11 12 13 14 15 16 17 18 19 20 21 22 23 24 
  INPUT ---       25 26 27 28 29 30 31 32 33 34 35 36 37 38 39 40 41 ;
  INPUT ---        5 6 7 8 9 10 11 12 13 14 15 16 17 18 19 20 21 22 23 24 25 
  INPUT ---       26 27 28 29 30 31 32 33 34 35 36 37 38 39 40 41 ;
  INPUT ---        6 7 8 9 10 11 12 13 14 15 16 17 18 19 20 21 22 23 24 25 26 
  INPUT ---       27 28 29 30 31 32 33 34 35 36 37 38 39 40 41 ;
  INPUT ---        7 8 9 10 11 12 13 14 15 16 17 18 19 20 21 22 23 24 25 26 
  INPUT ---       27 28 29 30 31 32 33 34 35 36 37 38 39 40 41 ;
  INPUT ---        8 9 10 11 12 13 14 15 16 17 18 19 20 21 22 23 24 25 26 27 
  INPUT ---       28 29 30 31 32 33 34 35 36 37 38 39 40 41 ;
  INPUT ---        9 10 11 12 13 14 15 16 17 18 19 20 21 22 23 24 25 26 27 28 
  INPUT ---       29 30 31 32 33 34 35 36 37 38 39 40 41 ;
  INPUT ---        10 11 12 13 14 15 16 17 18 19 20 21 22 23 24 25 26 27 28 

  Program  MARK  - Survival Rate Estimation with Capture-Recapture Data
   gfortran(Win64) Vers. 8.2 Mar 2017   10-Apr-2017 19:59:21    Page  004
 - - - - - - - - - - - - - - - - - - - - - - - - - - - - - - - - - - - - - -
 
  INPUT ---       29 30 31 32 33 34 35 36 37 38 39 40 41 ;
  INPUT ---        11 12 13 14 15 16 17 18 19 20 21 22 23 24 25 26 27 28 29 
  INPUT ---       30 31 32 33 34 35 36 37 38 39 40 41 ;
  INPUT ---        12 13 14 15 16 17 18 19 20 21 22 23 24 25 26 27 28 29 30 
  INPUT ---       31 32 33 34 35 36 37 38 39 40 41 ;
  INPUT ---        13 14 15 16 17 18 19 20 21 22 23 24 25 26 27 28 29 30 31 
  INPUT ---       32 33 34 35 36 37 38 39 40 41 ;
  INPUT ---        14 15 16 17 18 19 20 21 22 23 24 25 26 27 28 29 30 31 32 
  INPUT ---       33 34 35 36 37 38 39 40 41 ;
  INPUT ---        15 16 17 18 19 20 21 22 23 24 25 26 27 28 29 30 31 32 33 
  INPUT ---       34 35 36 37 38 39 40 41 ;
  INPUT ---        16 17 18 19 20 21 22 23 24 25 26 27 28 29 30 31 32 33 34 
  INPUT ---       35 36 37 38 39 40 41 ;
  INPUT ---        17 18 19 20 21 22 23 24 25 26 27 28 29 30 31 32 33 34 35 
  INPUT ---       36 37 38 39 40 41 ;
  INPUT ---        18 19 20 21 22 23 24 25 26 27 28 29 30 31 32 33 34 35 36 
  INPUT ---       37 38 39 40 41 ;
  INPUT ---        19 20 21 22 23 24 25 26 27 28 29 30 31 32 33 34 35 36 37 
  INPUT ---       38 39 40 41 ;
  INPUT ---        20 21 22 23 24 25 26 27 28 29 30 31 32 33 34 35 36 37 38 
  INPUT ---       39 40 41 ;
  INPUT ---        21 22 23 24 25 26 27 28 29 30 31 32 33 34 35 36 37 38 39 
  INPUT ---       40 41 ;
  INPUT ---        22 23 24 25 26 27 28 29 30 31 32 33 34 35 36 37 38 39 40 
  INPUT ---       41 ;
  INPUT ---        23 24 25 26 27 28 29 30 31 32 33 34 35 36 37 38 39 40 41 ;
  INPUT ---        24 25 26 27 28 29 30 31 32 33 34 35 36 37 38 39 40 41 ;
  INPUT ---        25 26 27 28 29 30 31 32 33 34 35 36 37 38 39 40 41 ;
  INPUT ---        26 27 28 29 30 31 32 33 34 35 36 37 38 39 40 41 ;
  INPUT ---        27 28 29 30 31 32 33 34 35 36 37 38 39 40 41 ;
  INPUT ---        28 29 30 31 32 33 34 35 36 37 38 39 40 41 ;
  INPUT ---        29 30 31 32 33 34 35 36 37 38 39 40 41 ;
  INPUT ---        30 31 32 33 34 35 36 37 38 39 40 41 ;
  INPUT ---        31 32 33 34 35 36 37 38 39 40 41 ;
  INPUT ---        32 33 34 35 36 37 38 39 40 41 ;
  INPUT ---        33 34 35 36 37 38 39 40 41 ;
  INPUT ---        34 35 36 37 38 39 40 41 ;
  INPUT ---        35 36 37 38 39 40 41 ;
  INPUT ---        36 37 38 39 40 41 ;
  INPUT ---        37 38 39 40 41 ;
  INPUT ---        38 39 40 41 ;
  INPUT ---        39 40 41 ;
  INPUT ---        40 41 ;
  INPUT ---        41 ;

  INPUT ---    group=1 p    rows=41 cols=41 Triang ;

  Program  MARK  - Survival Rate Estimation with Capture-Recapture Data
   gfortran(Win64) Vers. 8.2 Mar 2017   10-Apr-2017 19:59:21    Page  005
 - - - - - - - - - - - - - - - - - - - - - - - - - - - - - - - - - - - - - -
 
  INPUT ---        42 43 44 45 46 47 48 49 50 51 52 53 54 55 56 57 58 59 60 
  INPUT ---       61 62 63 64 65 66 67 68 69 70 71 72 73 74 75 76 77 78 79 80 
  INPUT ---       81 82 ;
  INPUT ---        43 44 45 46 47 48 49 50 51 52 53 54 55 56 57 58 59 60 61 
  INPUT ---       62 63 64 65 66 67 68 69 70 71 72 73 74 75 76 77 78 79 80 81 
  INPUT ---       82 ;
  INPUT ---        44 45 46 47 48 49 50 51 52 53 54 55 56 57 58 59 60 61 62 
  INPUT ---       63 64 65 66 67 68 69 70 71 72 73 74 75 76 77 78 79 80 81 82 
  INPUT ---       ;
  INPUT ---        45 46 47 48 49 50 51 52 53 54 55 56 57 58 59 60 61 62 63 
  INPUT ---       64 65 66 67 68 69 70 71 72 73 74 75 76 77 78 79 80 81 82 ;
  INPUT ---        46 47 48 49 50 51 52 53 54 55 56 57 58 59 60 61 62 63 64 
  INPUT ---       65 66 67 68 69 70 71 72 73 74 75 76 77 78 79 80 81 82 ;
  INPUT ---        47 48 49 50 51 52 53 54 55 56 57 58 59 60 61 62 63 64 65 
  INPUT ---       66 67 68 69 70 71 72 73 74 75 76 77 78 79 80 81 82 ;
  INPUT ---        48 49 50 51 52 53 54 55 56 57 58 59 60 61 62 63 64 65 66 
  INPUT ---       67 68 69 70 71 72 73 74 75 76 77 78 79 80 81 82 ;
  INPUT ---        49 50 51 52 53 54 55 56 57 58 59 60 61 62 63 64 65 66 67 
  INPUT ---       68 69 70 71 72 73 74 75 76 77 78 79 80 81 82 ;
  INPUT ---        50 51 52 53 54 55 56 57 58 59 60 61 62 63 64 65 66 67 68 
  INPUT ---       69 70 71 72 73 74 75 76 77 78 79 80 81 82 ;
  INPUT ---        51 52 53 54 55 56 57 58 59 60 61 62 63 64 65 66 67 68 69 
  INPUT ---       70 71 72 73 74 75 76 77 78 79 80 81 82 ;
  INPUT ---        52 53 54 55 56 57 58 59 60 61 62 63 64 65 66 67 68 69 70 
  INPUT ---       71 72 73 74 75 76 77 78 79 80 81 82 ;
  INPUT ---        53 54 55 56 57 58 59 60 61 62 63 64 65 66 67 68 69 70 71 
  INPUT ---       72 73 74 75 76 77 78 79 80 81 82 ;
  INPUT ---        54 55 56 57 58 59 60 61 62 63 64 65 66 67 68 69 70 71 72 
  INPUT ---       73 74 75 76 77 78 79 80 81 82 ;
  INPUT ---        55 56 57 58 59 60 61 62 63 64 65 66 67 68 69 70 71 72 73 
  INPUT ---       74 75 76 77 78 79 80 81 82 ;
  INPUT ---        56 57 58 59 60 61 62 63 64 65 66 67 68 69 70 71 72 73 74 
  INPUT ---       75 76 77 78 79 80 81 82 ;
  INPUT ---        57 58 59 60 61 62 63 64 65 66 67 68 69 70 71 72 73 74 75 
  INPUT ---       76 77 78 79 80 81 82 ;
  INPUT ---        58 59 60 61 62 63 64 65 66 67 68 69 70 71 72 73 74 75 76 
  INPUT ---       77 78 79 80 81 82 ;
  INPUT ---        59 60 61 62 63 64 65 66 67 68 69 70 71 72 73 74 75 76 77 
  INPUT ---       78 79 80 81 82 ;
  INPUT ---        60 61 62 63 64 65 66 67 68 69 70 71 72 73 74 75 76 77 78 
  INPUT ---       79 80 81 82 ;
  INPUT ---        61 62 63 64 65 66 67 68 69 70 71 72 73 74 75 76 77 78 79 
  INPUT ---       80 81 82 ;
  INPUT ---        62 63 64 65 66 67 68 69 70 71 72 73 74 75 76 77 78 79 80 
  INPUT ---       81 82 ;
  INPUT ---        63 64 65 66 67 68 69 70 71 72 73 74 75 76 77 78 79 80 81 

  Program  MARK  - Survival Rate Estimation with Capture-Recapture Data
   gfortran(Win64) Vers. 8.2 Mar 2017   10-Apr-2017 19:59:21    Page  006
 - - - - - - - - - - - - - - - - - - - - - - - - - - - - - - - - - - - - - -
 
  INPUT ---       82 ;
  INPUT ---        64 65 66 67 68 69 70 71 72 73 74 75 76 77 78 79 80 81 82 ;
  INPUT ---        65 66 67 68 69 70 71 72 73 74 75 76 77 78 79 80 81 82 ;
  INPUT ---        66 67 68 69 70 71 72 73 74 75 76 77 78 79 80 81 82 ;
  INPUT ---        67 68 69 70 71 72 73 74 75 76 77 78 79 80 81 82 ;
  INPUT ---        68 69 70 71 72 73 74 75 76 77 78 79 80 81 82 ;
  INPUT ---        69 70 71 72 73 74 75 76 77 78 79 80 81 82 ;
  INPUT ---        70 71 72 73 74 75 76 77 78 79 80 81 82 ;
  INPUT ---        71 72 73 74 75 76 77 78 79 80 81 82 ;
  INPUT ---        72 73 74 75 76 77 78 79 80 81 82 ;
  INPUT ---        73 74 75 76 77 78 79 80 81 82 ;
  INPUT ---        74 75 76 77 78 79 80 81 82 ;
  INPUT ---        75 76 77 78 79 80 81 82 ;
  INPUT ---        76 77 78 79 80 81 82 ;
  INPUT ---        77 78 79 80 81 82 ;
  INPUT ---        78 79 80 81 82 ;
  INPUT ---        79 80 81 82 ;
  INPUT ---        80 81 82 ;
  INPUT ---        81 82 ;
  INPUT ---        82 ;

  INPUT ---    group=2 p    rows=41 cols=41 Triang ;
  INPUT ---        42 43 44 45 46 47 48 49 50 51 52 53 54 55 56 57 58 59 60 
  INPUT ---       61 62 63 64 65 66 67 68 69 70 71 72 73 74 75 76 77 78 79 80 
  INPUT ---       81 82 ;
  INPUT ---        43 44 45 46 47 48 49 50 51 52 53 54 55 56 57 58 59 60 61 
  INPUT ---       62 63 64 65 66 67 68 69 70 71 72 73 74 75 76 77 78 79 80 81 
  INPUT ---       82 ;
  INPUT ---        44 45 46 47 48 49 50 51 52 53 54 55 56 57 58 59 60 61 62 
  INPUT ---       63 64 65 66 67 68 69 70 71 72 73 74 75 76 77 78 79 80 81 82 
  INPUT ---       ;
  INPUT ---        45 46 47 48 49 50 51 52 53 54 55 56 57 58 59 60 61 62 63 
  INPUT ---       64 65 66 67 68 69 70 71 72 73 74 75 76 77 78 79 80 81 82 ;
  INPUT ---        46 47 48 49 50 51 52 53 54 55 56 57 58 59 60 61 62 63 64 
  INPUT ---       65 66 67 68 69 70 71 72 73 74 75 76 77 78 79 80 81 82 ;
  INPUT ---        47 48 49 50 51 52 53 54 55 56 57 58 59 60 61 62 63 64 65 
  INPUT ---       66 67 68 69 70 71 72 73 74 75 76 77 78 79 80 81 82 ;
  INPUT ---        48 49 50 51 52 53 54 55 56 57 58 59 60 61 62 63 64 65 66 
  INPUT ---       67 68 69 70 71 72 73 74 75 76 77 78 79 80 81 82 ;
  INPUT ---        49 50 51 52 53 54 55 56 57 58 59 60 61 62 63 64 65 66 67 
  INPUT ---       68 69 70 71 72 73 74 75 76 77 78 79 80 81 82 ;
  INPUT ---        50 51 52 53 54 55 56 57 58 59 60 61 62 63 64 65 66 67 68 
  INPUT ---       69 70 71 72 73 74 75 76 77 78 79 80 81 82 ;
  INPUT ---        51 52 53 54 55 56 57 58 59 60 61 62 63 64 65 66 67 68 69 
  INPUT ---       70 71 72 73 74 75 76 77 78 79 80 81 82 ;
  INPUT ---        52 53 54 55 56 57 58 59 60 61 62 63 64 65 66 67 68 69 70 

  Program  MARK  - Survival Rate Estimation with Capture-Recapture Data
   gfortran(Win64) Vers. 8.2 Mar 2017   10-Apr-2017 19:59:21    Page  007
 - - - - - - - - - - - - - - - - - - - - - - - - - - - - - - - - - - - - - -
 
  INPUT ---       71 72 73 74 75 76 77 78 79 80 81 82 ;
  INPUT ---        53 54 55 56 57 58 59 60 61 62 63 64 65 66 67 68 69 70 71 
  INPUT ---       72 73 74 75 76 77 78 79 80 81 82 ;
  INPUT ---        54 55 56 57 58 59 60 61 62 63 64 65 66 67 68 69 70 71 72 
  INPUT ---       73 74 75 76 77 78 79 80 81 82 ;
  INPUT ---        55 56 57 58 59 60 61 62 63 64 65 66 67 68 69 70 71 72 73 
  INPUT ---       74 75 76 77 78 79 80 81 82 ;
  INPUT ---        56 57 58 59 60 61 62 63 64 65 66 67 68 69 70 71 72 73 74 
  INPUT ---       75 76 77 78 79 80 81 82 ;
  INPUT ---        57 58 59 60 61 62 63 64 65 66 67 68 69 70 71 72 73 74 75 
  INPUT ---       76 77 78 79 80 81 82 ;
  INPUT ---        58 59 60 61 62 63 64 65 66 67 68 69 70 71 72 73 74 75 76 
  INPUT ---       77 78 79 80 81 82 ;
  INPUT ---        59 60 61 62 63 64 65 66 67 68 69 70 71 72 73 74 75 76 77 
  INPUT ---       78 79 80 81 82 ;
  INPUT ---        60 61 62 63 64 65 66 67 68 69 70 71 72 73 74 75 76 77 78 
  INPUT ---       79 80 81 82 ;
  INPUT ---        61 62 63 64 65 66 67 68 69 70 71 72 73 74 75 76 77 78 79 
  INPUT ---       80 81 82 ;
  INPUT ---        62 63 64 65 66 67 68 69 70 71 72 73 74 75 76 77 78 79 80 
  INPUT ---       81 82 ;
  INPUT ---        63 64 65 66 67 68 69 70 71 72 73 74 75 76 77 78 79 80 81 
  INPUT ---       82 ;
  INPUT ---        64 65 66 67 68 69 70 71 72 73 74 75 76 77 78 79 80 81 82 ;
  INPUT ---        65 66 67 68 69 70 71 72 73 74 75 76 77 78 79 80 81 82 ;
  INPUT ---        66 67 68 69 70 71 72 73 74 75 76 77 78 79 80 81 82 ;
  INPUT ---        67 68 69 70 71 72 73 74 75 76 77 78 79 80 81 82 ;
  INPUT ---        68 69 70 71 72 73 74 75 76 77 78 79 80 81 82 ;
  INPUT ---        69 70 71 72 73 74 75 76 77 78 79 80 81 82 ;
  INPUT ---        70 71 72 73 74 75 76 77 78 79 80 81 82 ;
  INPUT ---        71 72 73 74 75 76 77 78 79 80 81 82 ;
  INPUT ---        72 73 74 75 76 77 78 79 80 81 82 ;
  INPUT ---        73 74 75 76 77 78 79 80 81 82 ;
  INPUT ---        74 75 76 77 78 79 80 81 82 ;
  INPUT ---        75 76 77 78 79 80 81 82 ;
  INPUT ---        76 77 78 79 80 81 82 ;
  INPUT ---        77 78 79 80 81 82 ;
  INPUT ---        78 79 80 81 82 ;
  INPUT ---        79 80 81 82 ;
  INPUT ---        80 81 82 ;
  INPUT ---        81 82 ;
  INPUT ---        82 ;

  INPUT ---    design matrix constraints=82 covariates=43;
  INPUT ---        1 0 0 0 0 0 0 0 0 0 0 0 0 0 0 0 0 0 0 0 0 0 0 0 0 0 0 0 0 
  INPUT ---       0 0 0 0 0 0 0 0 0 0 0 0 0 0;

  Program  MARK  - Survival Rate Estimation with Capture-Recapture Data
   gfortran(Win64) Vers. 8.2 Mar 2017   10-Apr-2017 19:59:21    Page  008
 - - - - - - - - - - - - - - - - - - - - - - - - - - - - - - - - - - - - - -
 
  INPUT ---        1 1 0 0 0 0 0 0 0 0 0 0 0 0 0 0 0 0 0 0 0 0 0 0 0 0 0 0 0 
  INPUT ---       0 0 0 0 0 0 0 0 0 0 0 0 0 0;
  INPUT ---        1 2 0 0 0 0 0 0 0 0 0 0 0 0 0 0 0 0 0 0 0 0 0 0 0 0 0 0 0 
  INPUT ---       0 0 0 0 0 0 0 0 0 0 0 0 0 0;
  INPUT ---        1 3 0 0 0 0 0 0 0 0 0 0 0 0 0 0 0 0 0 0 0 0 0 0 0 0 0 0 0 
  INPUT ---       0 0 0 0 0 0 0 0 0 0 0 0 0 0;
  INPUT ---        1 4 0 0 0 0 0 0 0 0 0 0 0 0 0 0 0 0 0 0 0 0 0 0 0 0 0 0 0 
  INPUT ---       0 0 0 0 0 0 0 0 0 0 0 0 0 0;
  INPUT ---        1 5 0 0 0 0 0 0 0 0 0 0 0 0 0 0 0 0 0 0 0 0 0 0 0 0 0 0 0 
  INPUT ---       0 0 0 0 0 0 0 0 0 0 0 0 0 0;
  INPUT ---        1 6 0 0 0 0 0 0 0 0 0 0 0 0 0 0 0 0 0 0 0 0 0 0 0 0 0 0 0 
  INPUT ---       0 0 0 0 0 0 0 0 0 0 0 0 0 0;
  INPUT ---        1 7 0 0 0 0 0 0 0 0 0 0 0 0 0 0 0 0 0 0 0 0 0 0 0 0 0 0 0 
  INPUT ---       0 0 0 0 0 0 0 0 0 0 0 0 0 0;
  INPUT ---        1 8 0 0 0 0 0 0 0 0 0 0 0 0 0 0 0 0 0 0 0 0 0 0 0 0 0 0 0 
  INPUT ---       0 0 0 0 0 0 0 0 0 0 0 0 0 0;
  INPUT ---        1 9 0 0 0 0 0 0 0 0 0 0 0 0 0 0 0 0 0 0 0 0 0 0 0 0 0 0 0 
  INPUT ---       0 0 0 0 0 0 0 0 0 0 0 0 0 0;
  INPUT ---        1 10 0 0 0 0 0 0 0 0 0 0 0 0 0 0 0 0 0 0 0 0 0 0 0 0 0 0 0 
  INPUT ---       0 0 0 0 0 0 0 0 0 0 0 0 0 0;
  INPUT ---        1 11 0 0 0 0 0 0 0 0 0 0 0 0 0 0 0 0 0 0 0 0 0 0 0 0 0 0 0 
  INPUT ---       0 0 0 0 0 0 0 0 0 0 0 0 0 0;
  INPUT ---        1 12 0 0 0 0 0 0 0 0 0 0 0 0 0 0 0 0 0 0 0 0 0 0 0 0 0 0 0 
  INPUT ---       0 0 0 0 0 0 0 0 0 0 0 0 0 0;
  INPUT ---        1 13 0 0 0 0 0 0 0 0 0 0 0 0 0 0 0 0 0 0 0 0 0 0 0 0 0 0 0 
  INPUT ---       0 0 0 0 0 0 0 0 0 0 0 0 0 0;
  INPUT ---        1 14 0 0 0 0 0 0 0 0 0 0 0 0 0 0 0 0 0 0 0 0 0 0 0 0 0 0 0 
  INPUT ---       0 0 0 0 0 0 0 0 0 0 0 0 0 0;
  INPUT ---        1 15 0 0 0 0 0 0 0 0 0 0 0 0 0 0 0 0 0 0 0 0 0 0 0 0 0 0 0 
  INPUT ---       0 0 0 0 0 0 0 0 0 0 0 0 0 0;
  INPUT ---        1 16 0 0 0 0 0 0 0 0 0 0 0 0 0 0 0 0 0 0 0 0 0 0 0 0 0 0 0 
  INPUT ---       0 0 0 0 0 0 0 0 0 0 0 0 0 0;
  INPUT ---        1 17 0 0 0 0 0 0 0 0 0 0 0 0 0 0 0 0 0 0 0 0 0 0 0 0 0 0 0 
  INPUT ---       0 0 0 0 0 0 0 0 0 0 0 0 0 0;
  INPUT ---        1 18 0 0 0 0 0 0 0 0 0 0 0 0 0 0 0 0 0 0 0 0 0 0 0 0 0 0 0 
  INPUT ---       0 0 0 0 0 0 0 0 0 0 0 0 0 0;
  INPUT ---        1 19 0 0 0 0 0 0 0 0 0 0 0 0 0 0 0 0 0 0 0 0 0 0 0 0 0 0 0 
  INPUT ---       0 0 0 0 0 0 0 0 0 0 0 0 0 0;
  INPUT ---        1 20 0 0 0 0 0 0 0 0 0 0 0 0 0 0 0 0 0 0 0 0 0 0 0 0 0 0 0 
  INPUT ---       0 0 0 0 0 0 0 0 0 0 0 0 0 0;
  INPUT ---        1 21 0 0 0 0 0 0 0 0 0 0 0 0 0 0 0 0 0 0 0 0 0 0 0 0 0 0 0 
  INPUT ---       0 0 0 0 0 0 0 0 0 0 0 0 0 0;
  INPUT ---        1 22 0 0 0 0 0 0 0 0 0 0 0 0 0 0 0 0 0 0 0 0 0 0 0 0 0 0 0 
  INPUT ---       0 0 0 0 0 0 0 0 0 0 0 0 0 0;
  INPUT ---        1 23 0 0 0 0 0 0 0 0 0 0 0 0 0 0 0 0 0 0 0 0 0 0 0 0 0 0 0 
  INPUT ---       0 0 0 0 0 0 0 0 0 0 0 0 0 0;

  Program  MARK  - Survival Rate Estimation with Capture-Recapture Data
   gfortran(Win64) Vers. 8.2 Mar 2017   10-Apr-2017 19:59:21    Page  009
 - - - - - - - - - - - - - - - - - - - - - - - - - - - - - - - - - - - - - -
 
  INPUT ---        1 24 0 0 0 0 0 0 0 0 0 0 0 0 0 0 0 0 0 0 0 0 0 0 0 0 0 0 0 
  INPUT ---       0 0 0 0 0 0 0 0 0 0 0 0 0 0;
  INPUT ---        1 25 0 0 0 0 0 0 0 0 0 0 0 0 0 0 0 0 0 0 0 0 0 0 0 0 0 0 0 
  INPUT ---       0 0 0 0 0 0 0 0 0 0 0 0 0 0;
  INPUT ---        1 26 0 0 0 0 0 0 0 0 0 0 0 0 0 0 0 0 0 0 0 0 0 0 0 0 0 0 0 
  INPUT ---       0 0 0 0 0 0 0 0 0 0 0 0 0 0;
  INPUT ---        1 27 0 0 0 0 0 0 0 0 0 0 0 0 0 0 0 0 0 0 0 0 0 0 0 0 0 0 0 
  INPUT ---       0 0 0 0 0 0 0 0 0 0 0 0 0 0;
  INPUT ---        1 28 0 0 0 0 0 0 0 0 0 0 0 0 0 0 0 0 0 0 0 0 0 0 0 0 0 0 0 
  INPUT ---       0 0 0 0 0 0 0 0 0 0 0 0 0 0;
  INPUT ---        1 29 0 0 0 0 0 0 0 0 0 0 0 0 0 0 0 0 0 0 0 0 0 0 0 0 0 0 0 
  INPUT ---       0 0 0 0 0 0 0 0 0 0 0 0 0 0;
  INPUT ---        1 30 0 0 0 0 0 0 0 0 0 0 0 0 0 0 0 0 0 0 0 0 0 0 0 0 0 0 0 
  INPUT ---       0 0 0 0 0 0 0 0 0 0 0 0 0 0;
  INPUT ---        1 31 0 0 0 0 0 0 0 0 0 0 0 0 0 0 0 0 0 0 0 0 0 0 0 0 0 0 0 
  INPUT ---       0 0 0 0 0 0 0 0 0 0 0 0 0 0;
  INPUT ---        1 32 0 0 0 0 0 0 0 0 0 0 0 0 0 0 0 0 0 0 0 0 0 0 0 0 0 0 0 
  INPUT ---       0 0 0 0 0 0 0 0 0 0 0 0 0 0;
  INPUT ---        1 33 0 0 0 0 0 0 0 0 0 0 0 0 0 0 0 0 0 0 0 0 0 0 0 0 0 0 0 
  INPUT ---       0 0 0 0 0 0 0 0 0 0 0 0 0 0;
  INPUT ---        1 34 0 0 0 0 0 0 0 0 0 0 0 0 0 0 0 0 0 0 0 0 0 0 0 0 0 0 0 
  INPUT ---       0 0 0 0 0 0 0 0 0 0 0 0 0 0;
  INPUT ---        1 35 0 0 0 0 0 0 0 0 0 0 0 0 0 0 0 0 0 0 0 0 0 0 0 0 0 0 0 
  INPUT ---       0 0 0 0 0 0 0 0 0 0 0 0 0 0;
  INPUT ---        1 36 0 0 0 0 0 0 0 0 0 0 0 0 0 0 0 0 0 0 0 0 0 0 0 0 0 0 0 
  INPUT ---       0 0 0 0 0 0 0 0 0 0 0 0 0 0;
  INPUT ---        1 37 0 0 0 0 0 0 0 0 0 0 0 0 0 0 0 0 0 0 0 0 0 0 0 0 0 0 0 
  INPUT ---       0 0 0 0 0 0 0 0 0 0 0 0 0 0;
  INPUT ---        1 38 0 0 0 0 0 0 0 0 0 0 0 0 0 0 0 0 0 0 0 0 0 0 0 0 0 0 0 
  INPUT ---       0 0 0 0 0 0 0 0 0 0 0 0 0 0;
  INPUT ---        1 39 0 0 0 0 0 0 0 0 0 0 0 0 0 0 0 0 0 0 0 0 0 0 0 0 0 0 0 
  INPUT ---       0 0 0 0 0 0 0 0 0 0 0 0 0 0;
  INPUT ---        1 40 0 0 0 0 0 0 0 0 0 0 0 0 0 0 0 0 0 0 0 0 0 0 0 0 0 0 0 
  INPUT ---       0 0 0 0 0 0 0 0 0 0 0 0 0 0;
  INPUT ---        0 0 1 0 0 0 0 0 0 0 0 0 0 0 0 0 0 0 0 0 0 0 0 0 0 0 0 0 0 
  INPUT ---       0 0 0 0 0 0 0 0 0 0 0 0 0 0;
  INPUT ---        0 0 1 1 0 0 0 0 0 0 0 0 0 0 0 0 0 0 0 0 0 0 0 0 0 0 0 0 0 
  INPUT ---       0 0 0 0 0 0 0 0 0 0 0 0 0 0;
  INPUT ---        0 0 1 0 1 0 0 0 0 0 0 0 0 0 0 0 0 0 0 0 0 0 0 0 0 0 0 0 0 
  INPUT ---       0 0 0 0 0 0 0 0 0 0 0 0 0 0;
  INPUT ---        0 0 1 0 0 1 0 0 0 0 0 0 0 0 0 0 0 0 0 0 0 0 0 0 0 0 0 0 0 
  INPUT ---       0 0 0 0 0 0 0 0 0 0 0 0 0 0;
  INPUT ---        0 0 1 0 0 0 1 0 0 0 0 0 0 0 0 0 0 0 0 0 0 0 0 0 0 0 0 0 0 
  INPUT ---       0 0 0 0 0 0 0 0 0 0 0 0 0 0;
  INPUT ---        0 0 1 0 0 0 0 1 0 0 0 0 0 0 0 0 0 0 0 0 0 0 0 0 0 0 0 0 0 
  INPUT ---       0 0 0 0 0 0 0 0 0 0 0 0 0 0;

  Program  MARK  - Survival Rate Estimation with Capture-Recapture Data
   gfortran(Win64) Vers. 8.2 Mar 2017   10-Apr-2017 19:59:21    Page  010
 - - - - - - - - - - - - - - - - - - - - - - - - - - - - - - - - - - - - - -
 
  INPUT ---        0 0 1 0 0 0 0 0 1 0 0 0 0 0 0 0 0 0 0 0 0 0 0 0 0 0 0 0 0 
  INPUT ---       0 0 0 0 0 0 0 0 0 0 0 0 0 0;
  INPUT ---        0 0 1 0 0 0 0 0 0 1 0 0 0 0 0 0 0 0 0 0 0 0 0 0 0 0 0 0 0 
  INPUT ---       0 0 0 0 0 0 0 0 0 0 0 0 0 0;
  INPUT ---        0 0 1 0 0 0 0 0 0 0 1 0 0 0 0 0 0 0 0 0 0 0 0 0 0 0 0 0 0 
  INPUT ---       0 0 0 0 0 0 0 0 0 0 0 0 0 0;
  INPUT ---        0 0 1 0 0 0 0 0 0 0 0 1 0 0 0 0 0 0 0 0 0 0 0 0 0 0 0 0 0 
  INPUT ---       0 0 0 0 0 0 0 0 0 0 0 0 0 0;
  INPUT ---        0 0 1 0 0 0 0 0 0 0 0 0 1 0 0 0 0 0 0 0 0 0 0 0 0 0 0 0 0 
  INPUT ---       0 0 0 0 0 0 0 0 0 0 0 0 0 0;
  INPUT ---        0 0 1 0 0 0 0 0 0 0 0 0 0 1 0 0 0 0 0 0 0 0 0 0 0 0 0 0 0 
  INPUT ---       0 0 0 0 0 0 0 0 0 0 0 0 0 0;
  INPUT ---        0 0 1 0 0 0 0 0 0 0 0 0 0 0 1 0 0 0 0 0 0 0 0 0 0 0 0 0 0 
  INPUT ---       0 0 0 0 0 0 0 0 0 0 0 0 0 0;
  INPUT ---        0 0 1 0 0 0 0 0 0 0 0 0 0 0 0 1 0 0 0 0 0 0 0 0 0 0 0 0 0 
  INPUT ---       0 0 0 0 0 0 0 0 0 0 0 0 0 0;
  INPUT ---        0 0 1 0 0 0 0 0 0 0 0 0 0 0 0 0 1 0 0 0 0 0 0 0 0 0 0 0 0 
  INPUT ---       0 0 0 0 0 0 0 0 0 0 0 0 0 0;
  INPUT ---        0 0 1 0 0 0 0 0 0 0 0 0 0 0 0 0 0 1 0 0 0 0 0 0 0 0 0 0 0 
  INPUT ---       0 0 0 0 0 0 0 0 0 0 0 0 0 0;
  INPUT ---        0 0 1 0 0 0 0 0 0 0 0 0 0 0 0 0 0 0 1 0 0 0 0 0 0 0 0 0 0 
  INPUT ---       0 0 0 0 0 0 0 0 0 0 0 0 0 0;
  INPUT ---        0 0 1 0 0 0 0 0 0 0 0 0 0 0 0 0 0 0 0 1 0 0 0 0 0 0 0 0 0 
  INPUT ---       0 0 0 0 0 0 0 0 0 0 0 0 0 0;
  INPUT ---        0 0 1 0 0 0 0 0 0 0 0 0 0 0 0 0 0 0 0 0 1 0 0 0 0 0 0 0 0 
  INPUT ---       0 0 0 0 0 0 0 0 0 0 0 0 0 0;
  INPUT ---        0 0 1 0 0 0 0 0 0 0 0 0 0 0 0 0 0 0 0 0 0 1 0 0 0 0 0 0 0 
  INPUT ---       0 0 0 0 0 0 0 0 0 0 0 0 0 0;
  INPUT ---        0 0 1 0 0 0 0 0 0 0 0 0 0 0 0 0 0 0 0 0 0 0 1 0 0 0 0 0 0 
  INPUT ---       0 0 0 0 0 0 0 0 0 0 0 0 0 0;
  INPUT ---        0 0 1 0 0 0 0 0 0 0 0 0 0 0 0 0 0 0 0 0 0 0 0 1 0 0 0 0 0 
  INPUT ---       0 0 0 0 0 0 0 0 0 0 0 0 0 0;
  INPUT ---        0 0 1 0 0 0 0 0 0 0 0 0 0 0 0 0 0 0 0 0 0 0 0 0 1 0 0 0 0 
  INPUT ---       0 0 0 0 0 0 0 0 0 0 0 0 0 0;
  INPUT ---        0 0 1 0 0 0 0 0 0 0 0 0 0 0 0 0 0 0 0 0 0 0 0 0 0 1 0 0 0 
  INPUT ---       0 0 0 0 0 0 0 0 0 0 0 0 0 0;
  INPUT ---        0 0 1 0 0 0 0 0 0 0 0 0 0 0 0 0 0 0 0 0 0 0 0 0 0 0 1 0 0 
  INPUT ---       0 0 0 0 0 0 0 0 0 0 0 0 0 0;
  INPUT ---        0 0 1 0 0 0 0 0 0 0 0 0 0 0 0 0 0 0 0 0 0 0 0 0 0 0 0 1 0 
  INPUT ---       0 0 0 0 0 0 0 0 0 0 0 0 0 0;
  INPUT ---        0 0 1 0 0 0 0 0 0 0 0 0 0 0 0 0 0 0 0 0 0 0 0 0 0 0 0 0 1 
  INPUT ---       0 0 0 0 0 0 0 0 0 0 0 0 0 0;
  INPUT ---        0 0 1 0 0 0 0 0 0 0 0 0 0 0 0 0 0 0 0 0 0 0 0 0 0 0 0 0 0 
  INPUT ---       1 0 0 0 0 0 0 0 0 0 0 0 0 0;
  INPUT ---        0 0 1 0 0 0 0 0 0 0 0 0 0 0 0 0 0 0 0 0 0 0 0 0 0 0 0 0 0 
  INPUT ---       0 1 0 0 0 0 0 0 0 0 0 0 0 0;

  Program  MARK  - Survival Rate Estimation with Capture-Recapture Data
   gfortran(Win64) Vers. 8.2 Mar 2017   10-Apr-2017 19:59:21    Page  011
 - - - - - - - - - - - - - - - - - - - - - - - - - - - - - - - - - - - - - -
 
  INPUT ---        0 0 1 0 0 0 0 0 0 0 0 0 0 0 0 0 0 0 0 0 0 0 0 0 0 0 0 0 0 
  INPUT ---       0 0 1 0 0 0 0 0 0 0 0 0 0 0;
  INPUT ---        0 0 1 0 0 0 0 0 0 0 0 0 0 0 0 0 0 0 0 0 0 0 0 0 0 0 0 0 0 
  INPUT ---       0 0 0 1 0 0 0 0 0 0 0 0 0 0;
  INPUT ---        0 0 1 0 0 0 0 0 0 0 0 0 0 0 0 0 0 0 0 0 0 0 0 0 0 0 0 0 0 
  INPUT ---       0 0 0 0 1 0 0 0 0 0 0 0 0 0;
  INPUT ---        0 0 1 0 0 0 0 0 0 0 0 0 0 0 0 0 0 0 0 0 0 0 0 0 0 0 0 0 0 
  INPUT ---       0 0 0 0 0 1 0 0 0 0 0 0 0 0;
  INPUT ---        0 0 1 0 0 0 0 0 0 0 0 0 0 0 0 0 0 0 0 0 0 0 0 0 0 0 0 0 0 
  INPUT ---       0 0 0 0 0 0 1 0 0 0 0 0 0 0;
  INPUT ---        0 0 1 0 0 0 0 0 0 0 0 0 0 0 0 0 0 0 0 0 0 0 0 0 0 0 0 0 0 
  INPUT ---       0 0 0 0 0 0 0 1 0 0 0 0 0 0;
  INPUT ---        0 0 1 0 0 0 0 0 0 0 0 0 0 0 0 0 0 0 0 0 0 0 0 0 0 0 0 0 0 
  INPUT ---       0 0 0 0 0 0 0 0 1 0 0 0 0 0;
  INPUT ---        0 0 1 0 0 0 0 0 0 0 0 0 0 0 0 0 0 0 0 0 0 0 0 0 0 0 0 0 0 
  INPUT ---       0 0 0 0 0 0 0 0 0 1 0 0 0 0;
  INPUT ---        0 0 1 0 0 0 0 0 0 0 0 0 0 0 0 0 0 0 0 0 0 0 0 0 0 0 0 0 0 
  INPUT ---       0 0 0 0 0 0 0 0 0 0 1 0 0 0;
  INPUT ---        0 0 1 0 0 0 0 0 0 0 0 0 0 0 0 0 0 0 0 0 0 0 0 0 0 0 0 0 0 
  INPUT ---       0 0 0 0 0 0 0 0 0 0 0 1 0 0;
  INPUT ---        0 0 1 0 0 0 0 0 0 0 0 0 0 0 0 0 0 0 0 0 0 0 0 0 0 0 0 0 0 
  INPUT ---       0 0 0 0 0 0 0 0 0 0 0 0 1 0;
  INPUT ---        0 0 1 0 0 0 0 0 0 0 0 0 0 0 0 0 0 0 0 0 0 0 0 0 0 0 0 0 0 
  INPUT ---       0 0 0 0 0 0 0 0 0 0 0 0 0 1;
  INPUT ---       blabel(1)=Phi:(Intercept);
  INPUT ---       blabel(2)=Phi:Time;
  INPUT ---       blabel(3)=p:(Intercept);
  INPUT ---       blabel(4)=p:time1977;
  INPUT ---       blabel(5)=p:time1978;
  INPUT ---       blabel(6)=p:time1979;
  INPUT ---       blabel(7)=p:time1980;
  INPUT ---       blabel(8)=p:time1981;
  INPUT ---       blabel(9)=p:time1982;
  INPUT ---       blabel(10)=p:time1983;
  INPUT ---       blabel(11)=p:time1984;
  INPUT ---       blabel(12)=p:time1985;
  INPUT ---       blabel(13)=p:time1986;
  INPUT ---       blabel(14)=p:time1987;
  INPUT ---       blabel(15)=p:time1988;
  INPUT ---       blabel(16)=p:time1989;
  INPUT ---       blabel(17)=p:time1990;
  INPUT ---       blabel(18)=p:time1991;
  INPUT ---       blabel(19)=p:time1992;
  INPUT ---       blabel(20)=p:time1993;
  INPUT ---       blabel(21)=p:time1994;
  INPUT ---       blabel(22)=p:time1995;

  Program  MARK  - Survival Rate Estimation with Capture-Recapture Data
   gfortran(Win64) Vers. 8.2 Mar 2017   10-Apr-2017 19:59:21    Page  012
 - - - - - - - - - - - - - - - - - - - - - - - - - - - - - - - - - - - - - -
 
  INPUT ---       blabel(23)=p:time1996;
  INPUT ---       blabel(24)=p:time1997;
  INPUT ---       blabel(25)=p:time1998;
  INPUT ---       blabel(26)=p:time1999;
  INPUT ---       blabel(27)=p:time2000;
  INPUT ---       blabel(28)=p:time2001;
  INPUT ---       blabel(29)=p:time2002;
  INPUT ---       blabel(30)=p:time2003;
  INPUT ---       blabel(31)=p:time2004;
  INPUT ---       blabel(32)=p:time2005;
  INPUT ---       blabel(33)=p:time2006;
  INPUT ---       blabel(34)=p:time2007;
  INPUT ---       blabel(35)=p:time2008;
  INPUT ---       blabel(36)=p:time2009;
  INPUT ---       blabel(37)=p:time2010;
  INPUT ---       blabel(38)=p:time2011;
  INPUT ---       blabel(39)=p:time2012;
  INPUT ---       blabel(40)=p:time2013;
  INPUT ---       blabel(41)=p:time2014;
  INPUT ---       blabel(42)=p:time2015;
  INPUT ---       blabel(43)=p:time2016;
  INPUT ---       rlabel(1)=Phi g1 c1975 a1 t1975;
  INPUT ---       rlabel(2)=Phi g1 c1975 a2 t1976;
  INPUT ---       rlabel(3)=Phi g1 c1975 a3 t1977;
  INPUT ---       rlabel(4)=Phi g1 c1975 a4 t1978;
  INPUT ---       rlabel(5)=Phi g1 c1975 a5 t1979;
  INPUT ---       rlabel(6)=Phi g1 c1975 a6 t1980;
  INPUT ---       rlabel(7)=Phi g1 c1975 a7 t1981;
  INPUT ---       rlabel(8)=Phi g1 c1975 a8 t1982;
  INPUT ---       rlabel(9)=Phi g1 c1975 a9 t1983;
  INPUT ---       rlabel(10)=Phi g1 c1975 a10 t1984;
  INPUT ---       rlabel(11)=Phi g1 c1975 a11 t1985;
  INPUT ---       rlabel(12)=Phi g1 c1975 a12 t1986;
  INPUT ---       rlabel(13)=Phi g1 c1975 a13 t1987;
  INPUT ---       rlabel(14)=Phi g1 c1975 a14 t1988;
  INPUT ---       rlabel(15)=Phi g1 c1975 a15 t1989;
  INPUT ---       rlabel(16)=Phi g1 c1975 a16 t1990;
  INPUT ---       rlabel(17)=Phi g1 c1975 a17 t1991;
  INPUT ---       rlabel(18)=Phi g1 c1975 a18 t1992;
  INPUT ---       rlabel(19)=Phi g1 c1975 a19 t1993;
  INPUT ---       rlabel(20)=Phi g1 c1975 a20 t1994;
  INPUT ---       rlabel(21)=Phi g1 c1975 a21 t1995;
  INPUT ---       rlabel(22)=Phi g1 c1975 a22 t1996;
  INPUT ---       rlabel(23)=Phi g1 c1975 a23 t1997;
  INPUT ---       rlabel(24)=Phi g1 c1975 a24 t1998;
  INPUT ---       rlabel(25)=Phi g1 c1975 a25 t1999;

  Program  MARK  - Survival Rate Estimation with Capture-Recapture Data
   gfortran(Win64) Vers. 8.2 Mar 2017   10-Apr-2017 19:59:21    Page  013
 - - - - - - - - - - - - - - - - - - - - - - - - - - - - - - - - - - - - - -
 
  INPUT ---       rlabel(26)=Phi g1 c1975 a26 t2000;
  INPUT ---       rlabel(27)=Phi g1 c1975 a27 t2001;
  INPUT ---       rlabel(28)=Phi g1 c1975 a28 t2002;
  INPUT ---       rlabel(29)=Phi g1 c1975 a29 t2003;
  INPUT ---       rlabel(30)=Phi g1 c1975 a30 t2004;
  INPUT ---       rlabel(31)=Phi g1 c1975 a31 t2005;
  INPUT ---       rlabel(32)=Phi g1 c1975 a32 t2006;
  INPUT ---       rlabel(33)=Phi g1 c1975 a33 t2007;
  INPUT ---       rlabel(34)=Phi g1 c1975 a34 t2008;
  INPUT ---       rlabel(35)=Phi g1 c1975 a35 t2009;
  INPUT ---       rlabel(36)=Phi g1 c1975 a36 t2010;
  INPUT ---       rlabel(37)=Phi g1 c1975 a37 t2011;
  INPUT ---       rlabel(38)=Phi g1 c1975 a38 t2012;
  INPUT ---       rlabel(39)=Phi g1 c1975 a39 t2013;
  INPUT ---       rlabel(40)=Phi g1 c1975 a40 t2014;
  INPUT ---       rlabel(41)=Phi g1 c1975 a41 t2015;
  INPUT ---       rlabel(42)=p g1 c1975 a2 t1976;
  INPUT ---       rlabel(43)=p g1 c1975 a3 t1977;
  INPUT ---       rlabel(44)=p g1 c1975 a4 t1978;
  INPUT ---       rlabel(45)=p g1 c1975 a5 t1979;
  INPUT ---       rlabel(46)=p g1 c1975 a6 t1980;
  INPUT ---       rlabel(47)=p g1 c1975 a7 t1981;
  INPUT ---       rlabel(48)=p g1 c1975 a8 t1982;
  INPUT ---       rlabel(49)=p g1 c1975 a9 t1983;
  INPUT ---       rlabel(50)=p g1 c1975 a10 t1984;
  INPUT ---       rlabel(51)=p g1 c1975 a11 t1985;
  INPUT ---       rlabel(52)=p g1 c1975 a12 t1986;
  INPUT ---       rlabel(53)=p g1 c1975 a13 t1987;
  INPUT ---       rlabel(54)=p g1 c1975 a14 t1988;
  INPUT ---       rlabel(55)=p g1 c1975 a15 t1989;
  INPUT ---       rlabel(56)=p g1 c1975 a16 t1990;
  INPUT ---       rlabel(57)=p g1 c1975 a17 t1991;
  INPUT ---       rlabel(58)=p g1 c1975 a18 t1992;
  INPUT ---       rlabel(59)=p g1 c1975 a19 t1993;
  INPUT ---       rlabel(60)=p g1 c1975 a20 t1994;
  INPUT ---       rlabel(61)=p g1 c1975 a21 t1995;
  INPUT ---       rlabel(62)=p g1 c1975 a22 t1996;
  INPUT ---       rlabel(63)=p g1 c1975 a23 t1997;
  INPUT ---       rlabel(64)=p g1 c1975 a24 t1998;
  INPUT ---       rlabel(65)=p g1 c1975 a25 t1999;
  INPUT ---       rlabel(66)=p g1 c1975 a26 t2000;
  INPUT ---       rlabel(67)=p g1 c1975 a27 t2001;
  INPUT ---       rlabel(68)=p g1 c1975 a28 t2002;
  INPUT ---       rlabel(69)=p g1 c1975 a29 t2003;
  INPUT ---       rlabel(70)=p g1 c1975 a30 t2004;
  INPUT ---       rlabel(71)=p g1 c1975 a31 t2005;

  Program  MARK  - Survival Rate Estimation with Capture-Recapture Data
   gfortran(Win64) Vers. 8.2 Mar 2017   10-Apr-2017 19:59:21    Page  014
 - - - - - - - - - - - - - - - - - - - - - - - - - - - - - - - - - - - - - -
 
  INPUT ---       rlabel(72)=p g1 c1975 a32 t2006;
  INPUT ---       rlabel(73)=p g1 c1975 a33 t2007;
  INPUT ---       rlabel(74)=p g1 c1975 a34 t2008;
  INPUT ---       rlabel(75)=p g1 c1975 a35 t2009;
  INPUT ---       rlabel(76)=p g1 c1975 a36 t2010;
  INPUT ---       rlabel(77)=p g1 c1975 a37 t2011;
  INPUT ---       rlabel(78)=p g1 c1975 a38 t2012;
  INPUT ---       rlabel(79)=p g1 c1975 a39 t2013;
  INPUT ---       rlabel(80)=p g1 c1975 a40 t2014;
  INPUT ---       rlabel(81)=p g1 c1975 a41 t2015;
  INPUT ---       rlabel(82)=p g1 c1975 a42 t2016;

 Link Function Used is LOGIT        

 Variance Estimation Procedure Used is 2ndPart 
 -2logL(saturated) = 5027.8626     
 Effective Sample Size = 4722

 Number of function evaluations was 97 for 43 parameters.
 Time for numerical optimization was 2.22 seconds.
 -2logL { Phi(~Time)p(~time) } = 6065.6983     
 Penalty { Phi(~Time)p(~time) } = -0.0000000    
 Gradient { Phi(~Time)p(~time) }:
  0.5431030E-04  0.000000    -0.1312636E-03  0.000000      0.000000    
   0.000000      0.000000      0.000000      0.000000      0.000000    
   0.000000      0.000000      0.000000     0.6553807E-04  0.000000    
  0.4159635E-04  0.000000     0.5863171E-04  0.000000      0.000000    
  0.5258641E-04  0.000000     0.6712246E-04 0.3442607E-04 0.5198305E-04
 -0.1319932E-03-0.8317992E-04  0.000000     0.6730677E-04  0.000000    
 -0.7793154E-04 0.2456428E-04  0.000000      0.000000      0.000000    
   0.000000      0.000000      0.000000     0.6290530E-04  0.000000    
  0.3415145E-04  0.000000      0.000000    
 S Vector { Phi(~Time)p(~time) }:
   1262.108      158.4403      34.56906      19.17198      18.80216    
   17.41765      16.62561      16.05455      14.92411      14.81974    
   13.66262      11.55949      10.22778      8.667571      7.863260    
   7.555555      6.874083      6.772128      6.399954      5.726496    
   5.318251      4.787336      4.156478      4.022219      3.849041    
   3.422446      3.398100      3.094238      2.960268      2.725783    
   2.641219      2.339020      2.190676      2.031262      1.891692    
   1.552379      1.163944     0.8692933     0.4217127E-01 0.1782351E-01
  0.2447677E-05 0.7084613E-06 0.3901164E-06
 Time to compute number of parameters was 1.61 seconds.
   Threshold =  0.8800000E-06     Condition index =  0.3090992E-09     New Threshold =  0.2558164E-05

  Program  MARK  - Survival Rate Estimation with Capture-Recapture Data
   gfortran(Win64) Vers. 8.2 Mar 2017   10-Apr-2017 19:59:23    Page  015
 - - - - - - - - - - - - - - - - - - - - - - - - - - - - - - - - - - - - - -
 
 New Guessimate of Estimated Parameters { Phi(~Time)p(~time) } = 40          
 Conditioned S Vector { Phi(~Time)p(~time) }:
   1.000000     0.1255362     0.2738995E-01 0.1519045E-01 0.1489743E-01
  0.1380045E-01 0.1317289E-01 0.1272043E-01 0.1182476E-01 0.1174205E-01
  0.1082524E-01 0.9158877E-02 0.8103732E-02 0.6867537E-02 0.6230261E-02
  0.5986459E-02 0.5446511E-02 0.5365730E-02 0.5070847E-02 0.4537248E-02
  0.4213786E-02 0.3793128E-02 0.3293283E-02 0.3186907E-02 0.3049693E-02
  0.2711691E-02 0.2692401E-02 0.2451643E-02 0.2345496E-02 0.2159707E-02
  0.2092705E-02 0.1853265E-02 0.1735728E-02 0.1609421E-02 0.1498835E-02
  0.1229989E-02 0.9222228E-03 0.6887632E-03 0.3341337E-04 0.1412202E-04
  0.1939356E-08 0.5613319E-09 0.3090992E-09
 Number of Estimated Parameters { Phi(~Time)p(~time) } = 40          
 DEVIANCE { Phi(~Time)p(~time) } = 1037.8358                     
 DEVIANCE Degrees of Freedom { Phi(~Time)p(~time) } = 229            
 c-hat { Phi(~Time)p(~time) } = 4.5320339                     
 AIC { Phi(~Time)p(~time) } = 6145.6983                  
 AICc { Phi(~Time)p(~time) } = 6146.3990                    
 BIC { Phi(~Time)p(~time) } = 6404.0978                    
 Pearson Chisquare { Phi(~Time)p(~time) } = 24031.211                  


                    LOGIT Link Function Parameters of { Phi(~Time)p(~time) }
                                                              95% Confidence Interval
 Parameter                    Beta         Standard Error      Lower           Upper
 -------------------------  --------------  --------------  --------------  --------------
    1:Phi:(Intercept)       -0.6746264      0.0985830       -0.8678491      -0.4814038    
    2:Phi:Time              0.0044237       0.0043527       -0.0041076      0.0129551     
    3:p:(Intercept)         0.3857529       1.1966225       -1.9596271      2.7311330     
    4:p:time1977            8.1464303       641.06090       -1248.3330      1264.6258     
    5:p:time1978            -0.8777775      1.6129934       -4.0392446      2.2836895     
    6:p:time1979            0.2686689       1.3775713       -2.4313710      2.9687087     
    7:p:time1980            0.2763409       1.4329974       -2.5323340      3.0850159     
    8:p:time1981            -0.7158723      1.3773868       -3.4155504      1.9838058     
    9:p:time1982            0.0235923       1.3445983       -2.6118204      2.6590049     
   10:p:time1983            0.8211378       1.3083948       -1.7433161      3.3855916     
   11:p:time1984            0.5794560       1.2591330       -1.8884448      3.0473569     
   12:p:time1985            0.8387756       1.2702619       -1.6509378      3.3284891     
   13:p:time1986            -0.2472868      1.2352427       -2.6683625      2.1737888     
   14:p:time1987            -0.3877349      1.2280541       -2.7947209      2.0192511     
   15:p:time1988            -0.8740442      1.2231286       -3.2713764      1.5232879     
   16:p:time1989            -1.1864774      1.2233538       -3.5842509      1.2112961     
   17:p:time1990            -0.6745409      1.2212080       -3.0681086      1.7190269     
   18:p:time1991            -0.5511995      1.2217720       -2.9458727      1.8434738     
   19:p:time1992            -1.4880437      1.2260373       -3.8910769      0.9149895     
   20:p:time1993            -0.8006146      1.2216505       -3.1950496      1.5938203     
   21:p:time1994            -0.7295243      1.2207688       -3.1222312      1.6631826     
   22:p:time1995            0.1247424E-003  1.2491344       -2.4481787      2.4484282     
   23:p:time1996            0.3549781       1.2637221       -2.1219172      2.8318734     
   24:p:time1997            1.6418779       1.4018940       -1.1058345      4.3895903     
   25:p:time1998            0.7495984       1.2549107       -1.7100266      3.2092235     
   26:p:time1999            -0.3780929      1.2265444       -2.7821200      2.0259341     
   27:p:time2000            -0.0934065      1.2379208       -2.5197314      2.3329183     
   28:p:time2001            0.3199659       1.2501729       -2.1303730      2.7703047     
   29:p:time2002            1.7025355       1.3289942       -0.9022933      4.3073642     
   30:p:time2003            -0.0392603      1.2594185       -2.5077206      2.4292000     

  Program  MARK  - Survival Rate Estimation with Capture-Recapture Data
   gfortran(Win64) Vers. 8.2 Mar 2017   10-Apr-2017 19:59:23    Page  016
 - - - - - - - - - - - - - - - - - - - - - - - - - - - - - - - - - - - - - -
 
   31:p:time2004            0.1670431       1.2715579       -2.3252103      2.6592965     
   32:p:time2005            2.7025087       5.1455178       -7.3827065      12.787724     
   33:p:time2006            0.1419033       1.3103485       -2.4263799      2.7101864     
   34:p:time2007            0.0291525       1.3008633       -2.5205396      2.5788447     
   35:p:time2008            0.0706876       1.2885715       -2.4549126      2.5962879     
   36:p:time2009            1.5941671       1.5199403       -1.3849159      4.5732500     
   37:p:time2010            17.038286       1596.2696       -3111.6502      3145.7268     
   38:p:time2011            -0.0517277      1.3074331       -2.6142967      2.5108412     
   39:p:time2012            -0.4458157      1.3404924       -3.0731808      2.1815495     
   40:p:time2013            -0.5026559      1.3808877       -3.2091959      2.2038841     
   41:p:time2014            -1.6631220      1.3498861       -4.3088989      0.9826549     
   42:p:time2015            0.0186403       1.3179315       -2.5645056      2.6017861     
   43:p:time2016            17.836455       1193.4665       -2321.3579      2357.0308     


                    Real Function Parameters of { Phi(~Time)p(~time) }
                                                               95% Confidence Interval
  Parameter                  Estimate       Standard Error      Lower           Upper
 --------------------------  --------------  --------------  --------------  --------------
     1:Phi g1 c1975 a1 t197  0.3374617       0.0220413       0.2957021       0.3819207                           
     2:Phi g1 c1975 a2 t197  0.3384515       0.0211846       0.2982491       0.3811297                           
     3:Phi g1 c1975 a3 t197  0.3394426       0.0203332       0.3007941       0.3803557                           
     4:Phi g1 c1975 a4 t197  0.3404352       0.0194882       0.3033349       0.3796008                           
     5:Phi g1 c1975 a5 t197  0.3414292       0.0186509       0.3058686       0.3788676                           
     6:Phi g1 c1975 a6 t198  0.3424246       0.0178228       0.3083922       0.3781592                           
     7:Phi g1 c1975 a7 t198  0.3434214       0.0170059       0.3109019       0.3774792                           
     8:Phi g1 c1975 a8 t198  0.3444196       0.0162022       0.3133932       0.3768318                           
     9:Phi g1 c1975 a9 t198  0.3454191       0.0154146       0.3158611       0.3762221                           
    10:Phi g1 c1975 a10 t19  0.3464201       0.0146460       0.3182991       0.3756564                           
    11:Phi g1 c1975 a11 t19  0.3474223       0.0139003       0.3206998       0.3751418                           
    12:Phi g1 c1975 a12 t19  0.3484260       0.0131820       0.3230543       0.3746873                           
    13:Phi g1 c1975 a13 t19  0.3494309       0.0124964       0.3253519       0.3743033                           
    14:Phi g1 c1975 a14 t19  0.3504372       0.0118499       0.3275801       0.3740022                           
    15:Phi g1 c1975 a15 t19  0.3514449       0.0112500       0.3297240       0.3737986                           
    16:Phi g1 c1975 a16 t19  0.3524539       0.0107052       0.3317668       0.3737094                           
    17:Phi g1 c1975 a17 t19  0.3534641       0.0102252       0.3336896       0.3737532                           
    18:Phi g1 c1975 a18 t19  0.3544757       0.0098202       0.3354719       0.3739503                           
    19:Phi g1 c1975 a19 t19  0.3554886       0.0095007       0.3370934       0.3743209                           
    20:Phi g1 c1975 a20 t19  0.3565028       0.0092764       0.3385349       0.3748840                           
    21:Phi g1 c1975 a21 t19  0.3575183       0.0091550       0.3397809       0.3756548                           
    22:Phi g1 c1975 a22 t19  0.3585351       0.0091416       0.3408217       0.3766430                           
    23:Phi g1 c1975 a23 t19  0.3595531       0.0092374       0.3416548       0.3778510                           
    24:Phi g1 c1975 a24 t19  0.3605724       0.0094398       0.3422848       0.3792737                           
    25:Phi g1 c1975 a25 t19  0.3615930       0.0097430       0.3427235       0.3808994                           
    26:Phi g1 c1975 a26 t20  0.3626148       0.0101387       0.3429868       0.3827118                           
    27:Phi g1 c1975 a27 t20  0.3636379       0.0106173       0.3430938       0.3846917                           

  Program  MARK  - Survival Rate Estimation with Capture-Recapture Data
   gfortran(Win64) Vers. 8.2 Mar 2017   10-Apr-2017 19:59:23    Page  017
 - - - - - - - - - - - - - - - - - - - - - - - - - - - - - - - - - - - - - -
 
    28:Phi g1 c1975 a28 t20  0.3646622       0.0111686       0.3430639       0.3868195                           
    29:Phi g1 c1975 a29 t20  0.3656877       0.0117832       0.3429160       0.3890761                           
    30:Phi g1 c1975 a30 t20  0.3667144       0.0124521       0.3426672       0.3914442                           
    31:Phi g1 c1975 a31 t20  0.3677424       0.0131677       0.3423327       0.3939084                           
    32:Phi g1 c1975 a32 t20  0.3687715       0.0139233       0.3419256       0.3964554                           
    33:Phi g1 c1975 a33 t20  0.3698019       0.0147131       0.3414570       0.3990739                           
    34:Phi g1 c1975 a34 t20  0.3708334       0.0155324       0.3409362       0.4017543                           
    35:Phi g1 c1975 a35 t20  0.3718661       0.0163772       0.3403710       0.4044885                           
    36:Phi g1 c1975 a36 t20  0.3729000       0.0172440       0.3397681       0.4072698                           
    37:Phi g1 c1975 a37 t20  0.3739351       0.0181301       0.3391329       0.4100925                           
    38:Phi g1 c1975 a38 t20  0.3749713       0.0190331       0.3384699       0.4129518                           
    39:Phi g1 c1975 a39 t20  0.3760086       0.0199510       0.3377831       0.4158436                           
    40:Phi g1 c1975 a40 t20  0.3770471       0.0208822       0.3370755       0.4187645                           
    41:Phi g1 c1975 a41 t20  0.3780868       0.0218252       0.3363501       0.4217115                           
    42:p g1 c1975 a2 t1976   0.5952599       0.2882969       0.1235074       0.9388389                           
    43:p g1 c1975 a3 t1977   0.9998030       0.1262572       0.5004293E-300  1.0000000                           
    44:p g1 c1975 a4 t1978   0.3794167       0.2550654       0.0681649       0.8363308                           
    45:p g1 c1975 a5 t1979   0.6580062       0.1540465       0.3346359       0.8803906                           
    46:p g1 c1975 a6 t1980   0.6597306       0.1775603       0.2914825       0.9013559                           
    47:p g1 c1975 a7 t1981   0.4182116       0.1664329       0.1583140       0.7331352                           
    48:p g1 c1975 a8 t1982   0.6009309       0.1476124       0.3106470       0.8342132                           
    49:p g1 c1975 a9 t1983   0.7697483       0.0942434       0.5410773       0.9045730                           
    50:p g1 c1975 a10 t1984  0.7241635       0.0787912       0.5478757       0.8504744                           
    51:p g1 c1975 a11 t1985  0.7728595       0.0753235       0.5947259       0.8875065                           
    52:p g1 c1975 a12 t1986  0.5345613       0.0773484       0.3844135       0.6786967                           
    53:p g1 c1975 a13 t1987  0.4995045       0.0701436       0.3654217       0.6336586                           
    54:p g1 c1975 a14 t1988  0.3802962       0.0606232       0.2704234       0.5039731                           
    55:p g1 c1975 a15 t1989  0.3098706       0.0552084       0.2130355       0.4268476                           
    56:p g1 c1975 a16 t1990  0.4283006       0.0606623       0.3155355       0.5490393                           
    57:p g1 c1975 a17 t1991  0.4587325       0.0621483       0.3416316       0.5805760                           
    58:p g1 c1975 a18 t1992  0.2493109       0.0503623       0.1638694       0.3601146                           
    59:p g1 c1975 a19 t1993  0.3977469       0.0595709       0.2885816       0.5181319                           
    60:p g1 c1975 a20 t1994  0.4148936       0.0592249       0.3053502       0.5335510                           
    61:p g1 c1975 a21 t1995  0.5952899       0.0868579       0.4204920       0.7488539                           
    62:p g1 c1975 a22 t1996  0.6771557       0.0891524       0.4853630       0.8234686                           
    63:p g1 c1975 a23 t1997  0.8836677       0.0752277       0.6441256       0.9695854                           
    64:p g1 c1975 a24 t1998  0.7568251       0.0698035       0.5967537       0.8674670                           
    65:p g1 c1975 a25 t1999  0.5019150       0.0675065       0.3724785       0.6310953                           
    66:p g1 c1975 a26 t2000  0.5725705       0.0776953       0.4182666       0.7139376                           
    67:p g1 c1975 a27 t2001  0.6694545       0.0801316       0.4989913       0.8046277                           
    68:p g1 c1975 a28 t2002  0.8897596       0.0567125       0.7221295       0.9616364                           
    69:p g1 c1975 a29 t2003  0.5857668       0.0952289       0.3958624       0.7531940                           
    70:p g1 c1975 a30 t2004  0.6347840       0.0996099       0.4281652       0.8013786                           
    71:p g1 c1975 a31 t2005  0.9564059       0.2086113       0.0012069       0.9999975                           
    72:p g1 c1975 a32 t2006  0.6289363       0.1244173       0.3734931       0.8281501                           
    73:p g1 c1975 a33 t2007  0.6022635       0.1219662       0.3582298       0.8042177                           

  Program  MARK  - Survival Rate Estimation with Capture-Recapture Data
   gfortran(Win64) Vers. 8.2 Mar 2017   10-Apr-2017 19:59:23    Page  018
 - - - - - - - - - - - - - - - - - - - - - - - - - - - - - - - - - - - - - -
 
    74:p g1 c1975 a34 t2008  0.6121694       0.1132841       0.3825417       0.8008563                           
    75:p g1 c1975 a35 t2009  0.8786726       0.0998303       0.5360653       0.9784444                           
    76:p g1 c1975 a36 t2010  1.0000000       0.4324565E-004  0.3639373E-296  1.0000000                           
    77:p g1 c1975 a37 t2011  0.5827384       0.1277275       0.3327994       0.7963444                           
    78:p g1 c1975 a38 t2012  0.4849888       0.1504484       0.2243242       0.7540846                           
    79:p g1 c1975 a39 t2013  0.4708075       0.1712083       0.1878918       0.7738118                           
    80:p g1 c1975 a40 t2014  0.2179984       0.1062807       0.0759067       0.4861460                           
    81:p g1 c1975 a41 t2015  0.5997427       0.1322419       0.3372996       0.8151967                           
    82:p g1 c1975 a42 t2016  1.0000000       0.1455481E-004  0.8084755E-296  1.0000000                           

 Attempted ordering of parameters by estimatibility:
   1  3  2 21 17 18 20 15 16 26 19 14 13 27 22 28 25 30 11 23 31 12 35 34 38
  33 10 42 39 29  9 41  6  8 40 24  7 36  5 32  4 43 37
 Beta number 37 is a singular value.

     CPU Time in seconds for last procedure was 3.89


  INPUT --- proc stop;

   * *  WARNING  * *   Numerical underflow occurred during final processing of this model. 
     IEEE flag status at final processing of this model:
     overflow       F
     divide by zero F
     invalid        F
     underflow      T
     inexact        T


     CPU Time in minutes for this job was 0.07

     Time Start = 19:59:21.671   Time End = 19:59:23.882

     Wall Clock Time in minutes for this job was 0.04


          E X E C U T I O N   S U C C E S S F U L 
