
   Program  MARK  - Survival Rate Estimation with Capture-Recapture Data
   gfortran(Win64) Vers. 8.2 Mar 2017    8-Apr-2017 12:14:05    Page  001
 - - - - - - - - - - - - - - - - - - - - - - - - - - - - - - - - - - - - - -
 
   This version was compiled by GCC version 5.3.0 using the options: 
     -cpp -iprefix c:\tdm-gcc-64\gcc\bin\../lib/gcc/x86_64-w64-mingw32/5.3.0/ -D_MT
     -U_REENTRANT -D IEEE -m64 -mtune=generic -march=x86-64 -mthreads -O3
     -fimplicit-none -fbounds-check -ffpe-summary=invalid,zero,overflow,underflow
     -fno-unsafe-math-optimizations -frounding-math -fsignaling-nans -fopenmp.

   This problem will use 3 of 4 possible threads.


  INPUT --- proc title ;

     CPU Time in seconds for last procedure was 0.00


  INPUT --- proc chmatrix occasions= 42 groups= 3 etype= Live ICMeans 
  INPUT --- NoHist hist= 388 ;

  INPUT ---    time  interval 1 1 1 1 1 1 1 1 1 1 1 1 1 1 1 1 1 1 1 1 1 1 
  INPUT ---    1 1 1 1 1 1 1 1 1 1 1 1 1 1 1 1 1 1 1 ;

  INPUT ---    glabel(1)=AgeAtFirstSightAHY;

  INPUT ---    glabel(2)=AgeAtFirstSightASY;

  INPUT ---    glabel(3)=AgeAtFirstSightSY;

   * *  WARNING  * *   At least a pair of the encounter histories are duplicates. 

      Number of unique encounter histories read was 242.

      Number of individual covariates read was 0.
      Time interval lengths are all equal to 1.

      Data type number is 1
      Data type is Live Recaptures (CJS)                                                                               

     CPU Time in seconds for last procedure was 0.06

  Program  MARK  - Survival Rate Estimation with Capture-Recapture Data
   gfortran(Win64) Vers. 8.2 Mar 2017    8-Apr-2017 12:14:05    Page  002
 - - - - - - - - - - - - - - - - - - - - - - - - - - - - - - - - - - - - - -
 


  INPUT --- proc estimate link=Logit NOLOOP varest=2ndPart    ;


  INPUT --- model={ Phi(~Time * AgeAtFirstSight)p(~time) };

  INPUT ---    group=1 Phi    rows=41 cols=41 Triang ;
  INPUT ---        1 2 3 4 5 6 7 8 9 10 11 12 13 14 15 16 17 18 19 20 21 22 
  INPUT ---       23 24 25 26 27 28 29 30 31 32 33 34 35 36 37 38 39 40 41 ;
  INPUT ---        2 3 4 5 6 7 8 9 10 11 12 13 14 15 16 17 18 19 20 21 22 23 
  INPUT ---       24 25 26 27 28 29 30 31 32 33 34 35 36 37 38 39 40 41 ;
  INPUT ---        3 4 5 6 7 8 9 10 11 12 13 14 15 16 17 18 19 20 21 22 23 24 
  INPUT ---       25 26 27 28 29 30 31 32 33 34 35 36 37 38 39 40 41 ;
  INPUT ---        4 5 6 7 8 9 10 11 12 13 14 15 16 17 18 19 20 21 22 23 24 
  INPUT ---       25 26 27 28 29 30 31 32 33 34 35 36 37 38 39 40 41 ;
  INPUT ---        5 6 7 8 9 10 11 12 13 14 15 16 17 18 19 20 21 22 23 24 25 
  INPUT ---       26 27 28 29 30 31 32 33 34 35 36 37 38 39 40 41 ;
  INPUT ---        6 7 8 9 10 11 12 13 14 15 16 17 18 19 20 21 22 23 24 25 26 
  INPUT ---       27 28 29 30 31 32 33 34 35 36 37 38 39 40 41 ;
  INPUT ---        7 8 9 10 11 12 13 14 15 16 17 18 19 20 21 22 23 24 25 26 
  INPUT ---       27 28 29 30 31 32 33 34 35 36 37 38 39 40 41 ;
  INPUT ---        8 9 10 11 12 13 14 15 16 17 18 19 20 21 22 23 24 25 26 27 
  INPUT ---       28 29 30 31 32 33 34 35 36 37 38 39 40 41 ;
  INPUT ---        9 10 11 12 13 14 15 16 17 18 19 20 21 22 23 24 25 26 27 28 
  INPUT ---       29 30 31 32 33 34 35 36 37 38 39 40 41 ;
  INPUT ---        10 11 12 13 14 15 16 17 18 19 20 21 22 23 24 25 26 27 28 
  INPUT ---       29 30 31 32 33 34 35 36 37 38 39 40 41 ;
  INPUT ---        11 12 13 14 15 16 17 18 19 20 21 22 23 24 25 26 27 28 29 
  INPUT ---       30 31 32 33 34 35 36 37 38 39 40 41 ;
  INPUT ---        12 13 14 15 16 17 18 19 20 21 22 23 24 25 26 27 28 29 30 
  INPUT ---       31 32 33 34 35 36 37 38 39 40 41 ;
  INPUT ---        13 14 15 16 17 18 19 20 21 22 23 24 25 26 27 28 29 30 31 
  INPUT ---       32 33 34 35 36 37 38 39 40 41 ;
  INPUT ---        14 15 16 17 18 19 20 21 22 23 24 25 26 27 28 29 30 31 32 
  INPUT ---       33 34 35 36 37 38 39 40 41 ;
  INPUT ---        15 16 17 18 19 20 21 22 23 24 25 26 27 28 29 30 31 32 33 
  INPUT ---       34 35 36 37 38 39 40 41 ;
  INPUT ---        16 17 18 19 20 21 22 23 24 25 26 27 28 29 30 31 32 33 34 
  INPUT ---       35 36 37 38 39 40 41 ;
  INPUT ---        17 18 19 20 21 22 23 24 25 26 27 28 29 30 31 32 33 34 35 
  INPUT ---       36 37 38 39 40 41 ;
  INPUT ---        18 19 20 21 22 23 24 25 26 27 28 29 30 31 32 33 34 35 36 
  INPUT ---       37 38 39 40 41 ;
  INPUT ---        19 20 21 22 23 24 25 26 27 28 29 30 31 32 33 34 35 36 37 
  INPUT ---       38 39 40 41 ;

  Program  MARK  - Survival Rate Estimation with Capture-Recapture Data
   gfortran(Win64) Vers. 8.2 Mar 2017    8-Apr-2017 12:14:05    Page  003
 - - - - - - - - - - - - - - - - - - - - - - - - - - - - - - - - - - - - - -
 
  INPUT ---        20 21 22 23 24 25 26 27 28 29 30 31 32 33 34 35 36 37 38 
  INPUT ---       39 40 41 ;
  INPUT ---        21 22 23 24 25 26 27 28 29 30 31 32 33 34 35 36 37 38 39 
  INPUT ---       40 41 ;
  INPUT ---        22 23 24 25 26 27 28 29 30 31 32 33 34 35 36 37 38 39 40 
  INPUT ---       41 ;
  INPUT ---        23 24 25 26 27 28 29 30 31 32 33 34 35 36 37 38 39 40 41 ;
  INPUT ---        24 25 26 27 28 29 30 31 32 33 34 35 36 37 38 39 40 41 ;
  INPUT ---        25 26 27 28 29 30 31 32 33 34 35 36 37 38 39 40 41 ;
  INPUT ---        26 27 28 29 30 31 32 33 34 35 36 37 38 39 40 41 ;
  INPUT ---        27 28 29 30 31 32 33 34 35 36 37 38 39 40 41 ;
  INPUT ---        28 29 30 31 32 33 34 35 36 37 38 39 40 41 ;
  INPUT ---        29 30 31 32 33 34 35 36 37 38 39 40 41 ;
  INPUT ---        30 31 32 33 34 35 36 37 38 39 40 41 ;
  INPUT ---        31 32 33 34 35 36 37 38 39 40 41 ;
  INPUT ---        32 33 34 35 36 37 38 39 40 41 ;
  INPUT ---        33 34 35 36 37 38 39 40 41 ;
  INPUT ---        34 35 36 37 38 39 40 41 ;
  INPUT ---        35 36 37 38 39 40 41 ;
  INPUT ---        36 37 38 39 40 41 ;
  INPUT ---        37 38 39 40 41 ;
  INPUT ---        38 39 40 41 ;
  INPUT ---        39 40 41 ;
  INPUT ---        40 41 ;
  INPUT ---        41 ;

  INPUT ---    group=2 Phi    rows=41 cols=41 Triang ;
  INPUT ---        42 43 44 45 46 47 48 49 50 51 52 53 54 55 56 57 58 59 60 
  INPUT ---       61 62 63 64 65 66 67 68 69 70 71 72 73 74 75 76 77 78 79 80 
  INPUT ---       81 82 ;
  INPUT ---        43 44 45 46 47 48 49 50 51 52 53 54 55 56 57 58 59 60 61 
  INPUT ---       62 63 64 65 66 67 68 69 70 71 72 73 74 75 76 77 78 79 80 81 
  INPUT ---       82 ;
  INPUT ---        44 45 46 47 48 49 50 51 52 53 54 55 56 57 58 59 60 61 62 
  INPUT ---       63 64 65 66 67 68 69 70 71 72 73 74 75 76 77 78 79 80 81 82 
  INPUT ---       ;
  INPUT ---        45 46 47 48 49 50 51 52 53 54 55 56 57 58 59 60 61 62 63 
  INPUT ---       64 65 66 67 68 69 70 71 72 73 74 75 76 77 78 79 80 81 82 ;
  INPUT ---        46 47 48 49 50 51 52 53 54 55 56 57 58 59 60 61 62 63 64 
  INPUT ---       65 66 67 68 69 70 71 72 73 74 75 76 77 78 79 80 81 82 ;
  INPUT ---        47 48 49 50 51 52 53 54 55 56 57 58 59 60 61 62 63 64 65 
  INPUT ---       66 67 68 69 70 71 72 73 74 75 76 77 78 79 80 81 82 ;
  INPUT ---        48 49 50 51 52 53 54 55 56 57 58 59 60 61 62 63 64 65 66 
  INPUT ---       67 68 69 70 71 72 73 74 75 76 77 78 79 80 81 82 ;
  INPUT ---        49 50 51 52 53 54 55 56 57 58 59 60 61 62 63 64 65 66 67 
  INPUT ---       68 69 70 71 72 73 74 75 76 77 78 79 80 81 82 ;

  Program  MARK  - Survival Rate Estimation with Capture-Recapture Data
   gfortran(Win64) Vers. 8.2 Mar 2017    8-Apr-2017 12:14:05    Page  004
 - - - - - - - - - - - - - - - - - - - - - - - - - - - - - - - - - - - - - -
 
  INPUT ---        50 51 52 53 54 55 56 57 58 59 60 61 62 63 64 65 66 67 68 
  INPUT ---       69 70 71 72 73 74 75 76 77 78 79 80 81 82 ;
  INPUT ---        51 52 53 54 55 56 57 58 59 60 61 62 63 64 65 66 67 68 69 
  INPUT ---       70 71 72 73 74 75 76 77 78 79 80 81 82 ;
  INPUT ---        52 53 54 55 56 57 58 59 60 61 62 63 64 65 66 67 68 69 70 
  INPUT ---       71 72 73 74 75 76 77 78 79 80 81 82 ;
  INPUT ---        53 54 55 56 57 58 59 60 61 62 63 64 65 66 67 68 69 70 71 
  INPUT ---       72 73 74 75 76 77 78 79 80 81 82 ;
  INPUT ---        54 55 56 57 58 59 60 61 62 63 64 65 66 67 68 69 70 71 72 
  INPUT ---       73 74 75 76 77 78 79 80 81 82 ;
  INPUT ---        55 56 57 58 59 60 61 62 63 64 65 66 67 68 69 70 71 72 73 
  INPUT ---       74 75 76 77 78 79 80 81 82 ;
  INPUT ---        56 57 58 59 60 61 62 63 64 65 66 67 68 69 70 71 72 73 74 
  INPUT ---       75 76 77 78 79 80 81 82 ;
  INPUT ---        57 58 59 60 61 62 63 64 65 66 67 68 69 70 71 72 73 74 75 
  INPUT ---       76 77 78 79 80 81 82 ;
  INPUT ---        58 59 60 61 62 63 64 65 66 67 68 69 70 71 72 73 74 75 76 
  INPUT ---       77 78 79 80 81 82 ;
  INPUT ---        59 60 61 62 63 64 65 66 67 68 69 70 71 72 73 74 75 76 77 
  INPUT ---       78 79 80 81 82 ;
  INPUT ---        60 61 62 63 64 65 66 67 68 69 70 71 72 73 74 75 76 77 78 
  INPUT ---       79 80 81 82 ;
  INPUT ---        61 62 63 64 65 66 67 68 69 70 71 72 73 74 75 76 77 78 79 
  INPUT ---       80 81 82 ;
  INPUT ---        62 63 64 65 66 67 68 69 70 71 72 73 74 75 76 77 78 79 80 
  INPUT ---       81 82 ;
  INPUT ---        63 64 65 66 67 68 69 70 71 72 73 74 75 76 77 78 79 80 81 
  INPUT ---       82 ;
  INPUT ---        64 65 66 67 68 69 70 71 72 73 74 75 76 77 78 79 80 81 82 ;
  INPUT ---        65 66 67 68 69 70 71 72 73 74 75 76 77 78 79 80 81 82 ;
  INPUT ---        66 67 68 69 70 71 72 73 74 75 76 77 78 79 80 81 82 ;
  INPUT ---        67 68 69 70 71 72 73 74 75 76 77 78 79 80 81 82 ;
  INPUT ---        68 69 70 71 72 73 74 75 76 77 78 79 80 81 82 ;
  INPUT ---        69 70 71 72 73 74 75 76 77 78 79 80 81 82 ;
  INPUT ---        70 71 72 73 74 75 76 77 78 79 80 81 82 ;
  INPUT ---        71 72 73 74 75 76 77 78 79 80 81 82 ;
  INPUT ---        72 73 74 75 76 77 78 79 80 81 82 ;
  INPUT ---        73 74 75 76 77 78 79 80 81 82 ;
  INPUT ---        74 75 76 77 78 79 80 81 82 ;
  INPUT ---        75 76 77 78 79 80 81 82 ;
  INPUT ---        76 77 78 79 80 81 82 ;
  INPUT ---        77 78 79 80 81 82 ;
  INPUT ---        78 79 80 81 82 ;
  INPUT ---        79 80 81 82 ;
  INPUT ---        80 81 82 ;
  INPUT ---        81 82 ;

  Program  MARK  - Survival Rate Estimation with Capture-Recapture Data
   gfortran(Win64) Vers. 8.2 Mar 2017    8-Apr-2017 12:14:05    Page  005
 - - - - - - - - - - - - - - - - - - - - - - - - - - - - - - - - - - - - - -
 
  INPUT ---        82 ;

  INPUT ---    group=3 Phi    rows=41 cols=41 Triang ;
  INPUT ---        83 84 85 86 87 88 89 90 91 92 93 94 95 96 97 98 99 100 101 
  INPUT ---       102 103 104 105 106 107 108 109 110 111 112 113 114 115 116 
  INPUT ---       117 118 119 120 121 122 123 ;
  INPUT ---        84 85 86 87 88 89 90 91 92 93 94 95 96 97 98 99 100 101 
  INPUT ---       102 103 104 105 106 107 108 109 110 111 112 113 114 115 116 
  INPUT ---       117 118 119 120 121 122 123 ;
  INPUT ---        85 86 87 88 89 90 91 92 93 94 95 96 97 98 99 100 101 102 
  INPUT ---       103 104 105 106 107 108 109 110 111 112 113 114 115 116 117 
  INPUT ---       118 119 120 121 122 123 ;
  INPUT ---        86 87 88 89 90 91 92 93 94 95 96 97 98 99 100 101 102 103 
  INPUT ---       104 105 106 107 108 109 110 111 112 113 114 115 116 117 118 
  INPUT ---       119 120 121 122 123 ;
  INPUT ---        87 88 89 90 91 92 93 94 95 96 97 98 99 100 101 102 103 104 
  INPUT ---       105 106 107 108 109 110 111 112 113 114 115 116 117 118 119 
  INPUT ---       120 121 122 123 ;
  INPUT ---        88 89 90 91 92 93 94 95 96 97 98 99 100 101 102 103 104 
  INPUT ---       105 106 107 108 109 110 111 112 113 114 115 116 117 118 119 
  INPUT ---       120 121 122 123 ;
  INPUT ---        89 90 91 92 93 94 95 96 97 98 99 100 101 102 103 104 105 
  INPUT ---       106 107 108 109 110 111 112 113 114 115 116 117 118 119 120 
  INPUT ---       121 122 123 ;
  INPUT ---        90 91 92 93 94 95 96 97 98 99 100 101 102 103 104 105 106 
  INPUT ---       107 108 109 110 111 112 113 114 115 116 117 118 119 120 121 
  INPUT ---       122 123 ;
  INPUT ---        91 92 93 94 95 96 97 98 99 100 101 102 103 104 105 106 107 
  INPUT ---       108 109 110 111 112 113 114 115 116 117 118 119 120 121 122 
  INPUT ---       123 ;
  INPUT ---        92 93 94 95 96 97 98 99 100 101 102 103 104 105 106 107 
  INPUT ---       108 109 110 111 112 113 114 115 116 117 118 119 120 121 122 
  INPUT ---       123 ;
  INPUT ---        93 94 95 96 97 98 99 100 101 102 103 104 105 106 107 108 
  INPUT ---       109 110 111 112 113 114 115 116 117 118 119 120 121 122 123 
  INPUT ---       ;
  INPUT ---        94 95 96 97 98 99 100 101 102 103 104 105 106 107 108 109 
  INPUT ---       110 111 112 113 114 115 116 117 118 119 120 121 122 123 ;
  INPUT ---        95 96 97 98 99 100 101 102 103 104 105 106 107 108 109 110 
  INPUT ---       111 112 113 114 115 116 117 118 119 120 121 122 123 ;
  INPUT ---        96 97 98 99 100 101 102 103 104 105 106 107 108 109 110 
  INPUT ---       111 112 113 114 115 116 117 118 119 120 121 122 123 ;
  INPUT ---        97 98 99 100 101 102 103 104 105 106 107 108 109 110 111 
  INPUT ---       112 113 114 115 116 117 118 119 120 121 122 123 ;
  INPUT ---        98 99 100 101 102 103 104 105 106 107 108 109 110 111 112 
  INPUT ---       113 114 115 116 117 118 119 120 121 122 123 ;

  Program  MARK  - Survival Rate Estimation with Capture-Recapture Data
   gfortran(Win64) Vers. 8.2 Mar 2017    8-Apr-2017 12:14:05    Page  006
 - - - - - - - - - - - - - - - - - - - - - - - - - - - - - - - - - - - - - -
 
  INPUT ---        99 100 101 102 103 104 105 106 107 108 109 110 111 112 113 
  INPUT ---       114 115 116 117 118 119 120 121 122 123 ;
  INPUT ---        100 101 102 103 104 105 106 107 108 109 110 111 112 113 
  INPUT ---       114 115 116 117 118 119 120 121 122 123 ;
  INPUT ---        101 102 103 104 105 106 107 108 109 110 111 112 113 114 
  INPUT ---       115 116 117 118 119 120 121 122 123 ;
  INPUT ---        102 103 104 105 106 107 108 109 110 111 112 113 114 115 
  INPUT ---       116 117 118 119 120 121 122 123 ;
  INPUT ---        103 104 105 106 107 108 109 110 111 112 113 114 115 116 
  INPUT ---       117 118 119 120 121 122 123 ;
  INPUT ---        104 105 106 107 108 109 110 111 112 113 114 115 116 117 
  INPUT ---       118 119 120 121 122 123 ;
  INPUT ---        105 106 107 108 109 110 111 112 113 114 115 116 117 118 
  INPUT ---       119 120 121 122 123 ;
  INPUT ---        106 107 108 109 110 111 112 113 114 115 116 117 118 119 
  INPUT ---       120 121 122 123 ;
  INPUT ---        107 108 109 110 111 112 113 114 115 116 117 118 119 120 
  INPUT ---       121 122 123 ;
  INPUT ---        108 109 110 111 112 113 114 115 116 117 118 119 120 121 
  INPUT ---       122 123 ;
  INPUT ---        109 110 111 112 113 114 115 116 117 118 119 120 121 122 
  INPUT ---       123 ;
  INPUT ---        110 111 112 113 114 115 116 117 118 119 120 121 122 123 ;
  INPUT ---        111 112 113 114 115 116 117 118 119 120 121 122 123 ;
  INPUT ---        112 113 114 115 116 117 118 119 120 121 122 123 ;
  INPUT ---        113 114 115 116 117 118 119 120 121 122 123 ;
  INPUT ---        114 115 116 117 118 119 120 121 122 123 ;
  INPUT ---        115 116 117 118 119 120 121 122 123 ;
  INPUT ---        116 117 118 119 120 121 122 123 ;
  INPUT ---        117 118 119 120 121 122 123 ;
  INPUT ---        118 119 120 121 122 123 ;
  INPUT ---        119 120 121 122 123 ;
  INPUT ---        120 121 122 123 ;
  INPUT ---        121 122 123 ;
  INPUT ---        122 123 ;
  INPUT ---        123 ;

  INPUT ---    group=1 p    rows=41 cols=41 Triang ;
  INPUT ---        124 125 126 127 128 129 130 131 132 133 134 135 136 137 
  INPUT ---       138 139 140 141 142 143 144 145 146 147 148 149 150 151 152 
  INPUT ---       153 154 155 156 157 158 159 160 161 162 163 164 ;
  INPUT ---        125 126 127 128 129 130 131 132 133 134 135 136 137 138 
  INPUT ---       139 140 141 142 143 144 145 146 147 148 149 150 151 152 153 
  INPUT ---       154 155 156 157 158 159 160 161 162 163 164 ;
  INPUT ---        126 127 128 129 130 131 132 133 134 135 136 137 138 139 
  INPUT ---       140 141 142 143 144 145 146 147 148 149 150 151 152 153 154 

  Program  MARK  - Survival Rate Estimation with Capture-Recapture Data
   gfortran(Win64) Vers. 8.2 Mar 2017    8-Apr-2017 12:14:05    Page  007
 - - - - - - - - - - - - - - - - - - - - - - - - - - - - - - - - - - - - - -
 
  INPUT ---       155 156 157 158 159 160 161 162 163 164 ;
  INPUT ---        127 128 129 130 131 132 133 134 135 136 137 138 139 140 
  INPUT ---       141 142 143 144 145 146 147 148 149 150 151 152 153 154 155 
  INPUT ---       156 157 158 159 160 161 162 163 164 ;
  INPUT ---        128 129 130 131 132 133 134 135 136 137 138 139 140 141 
  INPUT ---       142 143 144 145 146 147 148 149 150 151 152 153 154 155 156 
  INPUT ---       157 158 159 160 161 162 163 164 ;
  INPUT ---        129 130 131 132 133 134 135 136 137 138 139 140 141 142 
  INPUT ---       143 144 145 146 147 148 149 150 151 152 153 154 155 156 157 
  INPUT ---       158 159 160 161 162 163 164 ;
  INPUT ---        130 131 132 133 134 135 136 137 138 139 140 141 142 143 
  INPUT ---       144 145 146 147 148 149 150 151 152 153 154 155 156 157 158 
  INPUT ---       159 160 161 162 163 164 ;
  INPUT ---        131 132 133 134 135 136 137 138 139 140 141 142 143 144 
  INPUT ---       145 146 147 148 149 150 151 152 153 154 155 156 157 158 159 
  INPUT ---       160 161 162 163 164 ;
  INPUT ---        132 133 134 135 136 137 138 139 140 141 142 143 144 145 
  INPUT ---       146 147 148 149 150 151 152 153 154 155 156 157 158 159 160 
  INPUT ---       161 162 163 164 ;
  INPUT ---        133 134 135 136 137 138 139 140 141 142 143 144 145 146 
  INPUT ---       147 148 149 150 151 152 153 154 155 156 157 158 159 160 161 
  INPUT ---       162 163 164 ;
  INPUT ---        134 135 136 137 138 139 140 141 142 143 144 145 146 147 
  INPUT ---       148 149 150 151 152 153 154 155 156 157 158 159 160 161 162 
  INPUT ---       163 164 ;
  INPUT ---        135 136 137 138 139 140 141 142 143 144 145 146 147 148 
  INPUT ---       149 150 151 152 153 154 155 156 157 158 159 160 161 162 163 
  INPUT ---       164 ;
  INPUT ---        136 137 138 139 140 141 142 143 144 145 146 147 148 149 
  INPUT ---       150 151 152 153 154 155 156 157 158 159 160 161 162 163 164 
  INPUT ---       ;
  INPUT ---        137 138 139 140 141 142 143 144 145 146 147 148 149 150 
  INPUT ---       151 152 153 154 155 156 157 158 159 160 161 162 163 164 ;
  INPUT ---        138 139 140 141 142 143 144 145 146 147 148 149 150 151 
  INPUT ---       152 153 154 155 156 157 158 159 160 161 162 163 164 ;
  INPUT ---        139 140 141 142 143 144 145 146 147 148 149 150 151 152 
  INPUT ---       153 154 155 156 157 158 159 160 161 162 163 164 ;
  INPUT ---        140 141 142 143 144 145 146 147 148 149 150 151 152 153 
  INPUT ---       154 155 156 157 158 159 160 161 162 163 164 ;
  INPUT ---        141 142 143 144 145 146 147 148 149 150 151 152 153 154 
  INPUT ---       155 156 157 158 159 160 161 162 163 164 ;
  INPUT ---        142 143 144 145 146 147 148 149 150 151 152 153 154 155 
  INPUT ---       156 157 158 159 160 161 162 163 164 ;
  INPUT ---        143 144 145 146 147 148 149 150 151 152 153 154 155 156 
  INPUT ---       157 158 159 160 161 162 163 164 ;
  INPUT ---        144 145 146 147 148 149 150 151 152 153 154 155 156 157 

  Program  MARK  - Survival Rate Estimation with Capture-Recapture Data
   gfortran(Win64) Vers. 8.2 Mar 2017    8-Apr-2017 12:14:05    Page  008
 - - - - - - - - - - - - - - - - - - - - - - - - - - - - - - - - - - - - - -
 
  INPUT ---       158 159 160 161 162 163 164 ;
  INPUT ---        145 146 147 148 149 150 151 152 153 154 155 156 157 158 
  INPUT ---       159 160 161 162 163 164 ;
  INPUT ---        146 147 148 149 150 151 152 153 154 155 156 157 158 159 
  INPUT ---       160 161 162 163 164 ;
  INPUT ---        147 148 149 150 151 152 153 154 155 156 157 158 159 160 
  INPUT ---       161 162 163 164 ;
  INPUT ---        148 149 150 151 152 153 154 155 156 157 158 159 160 161 
  INPUT ---       162 163 164 ;
  INPUT ---        149 150 151 152 153 154 155 156 157 158 159 160 161 162 
  INPUT ---       163 164 ;
  INPUT ---        150 151 152 153 154 155 156 157 158 159 160 161 162 163 
  INPUT ---       164 ;
  INPUT ---        151 152 153 154 155 156 157 158 159 160 161 162 163 164 ;
  INPUT ---        152 153 154 155 156 157 158 159 160 161 162 163 164 ;
  INPUT ---        153 154 155 156 157 158 159 160 161 162 163 164 ;
  INPUT ---        154 155 156 157 158 159 160 161 162 163 164 ;
  INPUT ---        155 156 157 158 159 160 161 162 163 164 ;
  INPUT ---        156 157 158 159 160 161 162 163 164 ;
  INPUT ---        157 158 159 160 161 162 163 164 ;
  INPUT ---        158 159 160 161 162 163 164 ;
  INPUT ---        159 160 161 162 163 164 ;
  INPUT ---        160 161 162 163 164 ;
  INPUT ---        161 162 163 164 ;
  INPUT ---        162 163 164 ;
  INPUT ---        163 164 ;
  INPUT ---        164 ;

  INPUT ---    group=2 p    rows=41 cols=41 Triang ;
  INPUT ---        124 125 126 127 128 129 130 131 132 133 134 135 136 137 
  INPUT ---       138 139 140 141 142 143 144 145 146 147 148 149 150 151 152 
  INPUT ---       153 154 155 156 157 158 159 160 161 162 163 164 ;
  INPUT ---        125 126 127 128 129 130 131 132 133 134 135 136 137 138 
  INPUT ---       139 140 141 142 143 144 145 146 147 148 149 150 151 152 153 
  INPUT ---       154 155 156 157 158 159 160 161 162 163 164 ;
  INPUT ---        126 127 128 129 130 131 132 133 134 135 136 137 138 139 
  INPUT ---       140 141 142 143 144 145 146 147 148 149 150 151 152 153 154 
  INPUT ---       155 156 157 158 159 160 161 162 163 164 ;
  INPUT ---        127 128 129 130 131 132 133 134 135 136 137 138 139 140 
  INPUT ---       141 142 143 144 145 146 147 148 149 150 151 152 153 154 155 
  INPUT ---       156 157 158 159 160 161 162 163 164 ;
  INPUT ---        128 129 130 131 132 133 134 135 136 137 138 139 140 141 
  INPUT ---       142 143 144 145 146 147 148 149 150 151 152 153 154 155 156 
  INPUT ---       157 158 159 160 161 162 163 164 ;
  INPUT ---        129 130 131 132 133 134 135 136 137 138 139 140 141 142 
  INPUT ---       143 144 145 146 147 148 149 150 151 152 153 154 155 156 157 

  Program  MARK  - Survival Rate Estimation with Capture-Recapture Data
   gfortran(Win64) Vers. 8.2 Mar 2017    8-Apr-2017 12:14:05    Page  009
 - - - - - - - - - - - - - - - - - - - - - - - - - - - - - - - - - - - - - -
 
  INPUT ---       158 159 160 161 162 163 164 ;
  INPUT ---        130 131 132 133 134 135 136 137 138 139 140 141 142 143 
  INPUT ---       144 145 146 147 148 149 150 151 152 153 154 155 156 157 158 
  INPUT ---       159 160 161 162 163 164 ;
  INPUT ---        131 132 133 134 135 136 137 138 139 140 141 142 143 144 
  INPUT ---       145 146 147 148 149 150 151 152 153 154 155 156 157 158 159 
  INPUT ---       160 161 162 163 164 ;
  INPUT ---        132 133 134 135 136 137 138 139 140 141 142 143 144 145 
  INPUT ---       146 147 148 149 150 151 152 153 154 155 156 157 158 159 160 
  INPUT ---       161 162 163 164 ;
  INPUT ---        133 134 135 136 137 138 139 140 141 142 143 144 145 146 
  INPUT ---       147 148 149 150 151 152 153 154 155 156 157 158 159 160 161 
  INPUT ---       162 163 164 ;
  INPUT ---        134 135 136 137 138 139 140 141 142 143 144 145 146 147 
  INPUT ---       148 149 150 151 152 153 154 155 156 157 158 159 160 161 162 
  INPUT ---       163 164 ;
  INPUT ---        135 136 137 138 139 140 141 142 143 144 145 146 147 148 
  INPUT ---       149 150 151 152 153 154 155 156 157 158 159 160 161 162 163 
  INPUT ---       164 ;
  INPUT ---        136 137 138 139 140 141 142 143 144 145 146 147 148 149 
  INPUT ---       150 151 152 153 154 155 156 157 158 159 160 161 162 163 164 
  INPUT ---       ;
  INPUT ---        137 138 139 140 141 142 143 144 145 146 147 148 149 150 
  INPUT ---       151 152 153 154 155 156 157 158 159 160 161 162 163 164 ;
  INPUT ---        138 139 140 141 142 143 144 145 146 147 148 149 150 151 
  INPUT ---       152 153 154 155 156 157 158 159 160 161 162 163 164 ;
  INPUT ---        139 140 141 142 143 144 145 146 147 148 149 150 151 152 
  INPUT ---       153 154 155 156 157 158 159 160 161 162 163 164 ;
  INPUT ---        140 141 142 143 144 145 146 147 148 149 150 151 152 153 
  INPUT ---       154 155 156 157 158 159 160 161 162 163 164 ;
  INPUT ---        141 142 143 144 145 146 147 148 149 150 151 152 153 154 
  INPUT ---       155 156 157 158 159 160 161 162 163 164 ;
  INPUT ---        142 143 144 145 146 147 148 149 150 151 152 153 154 155 
  INPUT ---       156 157 158 159 160 161 162 163 164 ;
  INPUT ---        143 144 145 146 147 148 149 150 151 152 153 154 155 156 
  INPUT ---       157 158 159 160 161 162 163 164 ;
  INPUT ---        144 145 146 147 148 149 150 151 152 153 154 155 156 157 
  INPUT ---       158 159 160 161 162 163 164 ;
  INPUT ---        145 146 147 148 149 150 151 152 153 154 155 156 157 158 
  INPUT ---       159 160 161 162 163 164 ;
  INPUT ---        146 147 148 149 150 151 152 153 154 155 156 157 158 159 
  INPUT ---       160 161 162 163 164 ;
  INPUT ---        147 148 149 150 151 152 153 154 155 156 157 158 159 160 
  INPUT ---       161 162 163 164 ;
  INPUT ---        148 149 150 151 152 153 154 155 156 157 158 159 160 161 
  INPUT ---       162 163 164 ;

  Program  MARK  - Survival Rate Estimation with Capture-Recapture Data
   gfortran(Win64) Vers. 8.2 Mar 2017    8-Apr-2017 12:14:05    Page  010
 - - - - - - - - - - - - - - - - - - - - - - - - - - - - - - - - - - - - - -
 
  INPUT ---        149 150 151 152 153 154 155 156 157 158 159 160 161 162 
  INPUT ---       163 164 ;
  INPUT ---        150 151 152 153 154 155 156 157 158 159 160 161 162 163 
  INPUT ---       164 ;
  INPUT ---        151 152 153 154 155 156 157 158 159 160 161 162 163 164 ;
  INPUT ---        152 153 154 155 156 157 158 159 160 161 162 163 164 ;
  INPUT ---        153 154 155 156 157 158 159 160 161 162 163 164 ;
  INPUT ---        154 155 156 157 158 159 160 161 162 163 164 ;
  INPUT ---        155 156 157 158 159 160 161 162 163 164 ;
  INPUT ---        156 157 158 159 160 161 162 163 164 ;
  INPUT ---        157 158 159 160 161 162 163 164 ;
  INPUT ---        158 159 160 161 162 163 164 ;
  INPUT ---        159 160 161 162 163 164 ;
  INPUT ---        160 161 162 163 164 ;
  INPUT ---        161 162 163 164 ;
  INPUT ---        162 163 164 ;
  INPUT ---        163 164 ;
  INPUT ---        164 ;

  INPUT ---    group=3 p    rows=41 cols=41 Triang ;
  INPUT ---        124 125 126 127 128 129 130 131 132 133 134 135 136 137 
  INPUT ---       138 139 140 141 142 143 144 145 146 147 148 149 150 151 152 
  INPUT ---       153 154 155 156 157 158 159 160 161 162 163 164 ;
  INPUT ---        125 126 127 128 129 130 131 132 133 134 135 136 137 138 
  INPUT ---       139 140 141 142 143 144 145 146 147 148 149 150 151 152 153 
  INPUT ---       154 155 156 157 158 159 160 161 162 163 164 ;
  INPUT ---        126 127 128 129 130 131 132 133 134 135 136 137 138 139 
  INPUT ---       140 141 142 143 144 145 146 147 148 149 150 151 152 153 154 
  INPUT ---       155 156 157 158 159 160 161 162 163 164 ;
  INPUT ---        127 128 129 130 131 132 133 134 135 136 137 138 139 140 
  INPUT ---       141 142 143 144 145 146 147 148 149 150 151 152 153 154 155 
  INPUT ---       156 157 158 159 160 161 162 163 164 ;
  INPUT ---        128 129 130 131 132 133 134 135 136 137 138 139 140 141 
  INPUT ---       142 143 144 145 146 147 148 149 150 151 152 153 154 155 156 
  INPUT ---       157 158 159 160 161 162 163 164 ;
  INPUT ---        129 130 131 132 133 134 135 136 137 138 139 140 141 142 
  INPUT ---       143 144 145 146 147 148 149 150 151 152 153 154 155 156 157 
  INPUT ---       158 159 160 161 162 163 164 ;
  INPUT ---        130 131 132 133 134 135 136 137 138 139 140 141 142 143 
  INPUT ---       144 145 146 147 148 149 150 151 152 153 154 155 156 157 158 
  INPUT ---       159 160 161 162 163 164 ;
  INPUT ---        131 132 133 134 135 136 137 138 139 140 141 142 143 144 
  INPUT ---       145 146 147 148 149 150 151 152 153 154 155 156 157 158 159 
  INPUT ---       160 161 162 163 164 ;
  INPUT ---        132 133 134 135 136 137 138 139 140 141 142 143 144 145 
  INPUT ---       146 147 148 149 150 151 152 153 154 155 156 157 158 159 160 

  Program  MARK  - Survival Rate Estimation with Capture-Recapture Data
   gfortran(Win64) Vers. 8.2 Mar 2017    8-Apr-2017 12:14:05    Page  011
 - - - - - - - - - - - - - - - - - - - - - - - - - - - - - - - - - - - - - -
 
  INPUT ---       161 162 163 164 ;
  INPUT ---        133 134 135 136 137 138 139 140 141 142 143 144 145 146 
  INPUT ---       147 148 149 150 151 152 153 154 155 156 157 158 159 160 161 
  INPUT ---       162 163 164 ;
  INPUT ---        134 135 136 137 138 139 140 141 142 143 144 145 146 147 
  INPUT ---       148 149 150 151 152 153 154 155 156 157 158 159 160 161 162 
  INPUT ---       163 164 ;
  INPUT ---        135 136 137 138 139 140 141 142 143 144 145 146 147 148 
  INPUT ---       149 150 151 152 153 154 155 156 157 158 159 160 161 162 163 
  INPUT ---       164 ;
  INPUT ---        136 137 138 139 140 141 142 143 144 145 146 147 148 149 
  INPUT ---       150 151 152 153 154 155 156 157 158 159 160 161 162 163 164 
  INPUT ---       ;
  INPUT ---        137 138 139 140 141 142 143 144 145 146 147 148 149 150 
  INPUT ---       151 152 153 154 155 156 157 158 159 160 161 162 163 164 ;
  INPUT ---        138 139 140 141 142 143 144 145 146 147 148 149 150 151 
  INPUT ---       152 153 154 155 156 157 158 159 160 161 162 163 164 ;
  INPUT ---        139 140 141 142 143 144 145 146 147 148 149 150 151 152 
  INPUT ---       153 154 155 156 157 158 159 160 161 162 163 164 ;
  INPUT ---        140 141 142 143 144 145 146 147 148 149 150 151 152 153 
  INPUT ---       154 155 156 157 158 159 160 161 162 163 164 ;
  INPUT ---        141 142 143 144 145 146 147 148 149 150 151 152 153 154 
  INPUT ---       155 156 157 158 159 160 161 162 163 164 ;
  INPUT ---        142 143 144 145 146 147 148 149 150 151 152 153 154 155 
  INPUT ---       156 157 158 159 160 161 162 163 164 ;
  INPUT ---        143 144 145 146 147 148 149 150 151 152 153 154 155 156 
  INPUT ---       157 158 159 160 161 162 163 164 ;
  INPUT ---        144 145 146 147 148 149 150 151 152 153 154 155 156 157 
  INPUT ---       158 159 160 161 162 163 164 ;
  INPUT ---        145 146 147 148 149 150 151 152 153 154 155 156 157 158 
  INPUT ---       159 160 161 162 163 164 ;
  INPUT ---        146 147 148 149 150 151 152 153 154 155 156 157 158 159 
  INPUT ---       160 161 162 163 164 ;
  INPUT ---        147 148 149 150 151 152 153 154 155 156 157 158 159 160 
  INPUT ---       161 162 163 164 ;
  INPUT ---        148 149 150 151 152 153 154 155 156 157 158 159 160 161 
  INPUT ---       162 163 164 ;
  INPUT ---        149 150 151 152 153 154 155 156 157 158 159 160 161 162 
  INPUT ---       163 164 ;
  INPUT ---        150 151 152 153 154 155 156 157 158 159 160 161 162 163 
  INPUT ---       164 ;
  INPUT ---        151 152 153 154 155 156 157 158 159 160 161 162 163 164 ;
  INPUT ---        152 153 154 155 156 157 158 159 160 161 162 163 164 ;
  INPUT ---        153 154 155 156 157 158 159 160 161 162 163 164 ;
  INPUT ---        154 155 156 157 158 159 160 161 162 163 164 ;
  INPUT ---        155 156 157 158 159 160 161 162 163 164 ;

  Program  MARK  - Survival Rate Estimation with Capture-Recapture Data
   gfortran(Win64) Vers. 8.2 Mar 2017    8-Apr-2017 12:14:05    Page  012
 - - - - - - - - - - - - - - - - - - - - - - - - - - - - - - - - - - - - - -
 
  INPUT ---        156 157 158 159 160 161 162 163 164 ;
  INPUT ---        157 158 159 160 161 162 163 164 ;
  INPUT ---        158 159 160 161 162 163 164 ;
  INPUT ---        159 160 161 162 163 164 ;
  INPUT ---        160 161 162 163 164 ;
  INPUT ---        161 162 163 164 ;
  INPUT ---        162 163 164 ;
  INPUT ---        163 164 ;
  INPUT ---        164 ;

  INPUT ---    design matrix constraints=164 covariates=47;
  INPUT ---        1 0 0 0 0 0 0 0 0 0 0 0 0 0 0 0 0 0 0 0 0 0 0 0 0 0 0 0 0 
  INPUT ---       0 0 0 0 0 0 0 0 0 0 0 0 0 0 0 0 0 0;
  INPUT ---        1 1 0 0 0 0 0 0 0 0 0 0 0 0 0 0 0 0 0 0 0 0 0 0 0 0 0 0 0 
  INPUT ---       0 0 0 0 0 0 0 0 0 0 0 0 0 0 0 0 0 0;
  INPUT ---        1 2 0 0 0 0 0 0 0 0 0 0 0 0 0 0 0 0 0 0 0 0 0 0 0 0 0 0 0 
  INPUT ---       0 0 0 0 0 0 0 0 0 0 0 0 0 0 0 0 0 0;
  INPUT ---        1 3 0 0 0 0 0 0 0 0 0 0 0 0 0 0 0 0 0 0 0 0 0 0 0 0 0 0 0 
  INPUT ---       0 0 0 0 0 0 0 0 0 0 0 0 0 0 0 0 0 0;
  INPUT ---        1 4 0 0 0 0 0 0 0 0 0 0 0 0 0 0 0 0 0 0 0 0 0 0 0 0 0 0 0 
  INPUT ---       0 0 0 0 0 0 0 0 0 0 0 0 0 0 0 0 0 0;
  INPUT ---        1 5 0 0 0 0 0 0 0 0 0 0 0 0 0 0 0 0 0 0 0 0 0 0 0 0 0 0 0 
  INPUT ---       0 0 0 0 0 0 0 0 0 0 0 0 0 0 0 0 0 0;
  INPUT ---        1 6 0 0 0 0 0 0 0 0 0 0 0 0 0 0 0 0 0 0 0 0 0 0 0 0 0 0 0 
  INPUT ---       0 0 0 0 0 0 0 0 0 0 0 0 0 0 0 0 0 0;
  INPUT ---        1 7 0 0 0 0 0 0 0 0 0 0 0 0 0 0 0 0 0 0 0 0 0 0 0 0 0 0 0 
  INPUT ---       0 0 0 0 0 0 0 0 0 0 0 0 0 0 0 0 0 0;
  INPUT ---        1 8 0 0 0 0 0 0 0 0 0 0 0 0 0 0 0 0 0 0 0 0 0 0 0 0 0 0 0 
  INPUT ---       0 0 0 0 0 0 0 0 0 0 0 0 0 0 0 0 0 0;
  INPUT ---        1 9 0 0 0 0 0 0 0 0 0 0 0 0 0 0 0 0 0 0 0 0 0 0 0 0 0 0 0 
  INPUT ---       0 0 0 0 0 0 0 0 0 0 0 0 0 0 0 0 0 0;
  INPUT ---        1 10 0 0 0 0 0 0 0 0 0 0 0 0 0 0 0 0 0 0 0 0 0 0 0 0 0 0 0 
  INPUT ---       0 0 0 0 0 0 0 0 0 0 0 0 0 0 0 0 0 0;
  INPUT ---        1 11 0 0 0 0 0 0 0 0 0 0 0 0 0 0 0 0 0 0 0 0 0 0 0 0 0 0 0 
  INPUT ---       0 0 0 0 0 0 0 0 0 0 0 0 0 0 0 0 0 0;
  INPUT ---        1 12 0 0 0 0 0 0 0 0 0 0 0 0 0 0 0 0 0 0 0 0 0 0 0 0 0 0 0 
  INPUT ---       0 0 0 0 0 0 0 0 0 0 0 0 0 0 0 0 0 0;
  INPUT ---        1 13 0 0 0 0 0 0 0 0 0 0 0 0 0 0 0 0 0 0 0 0 0 0 0 0 0 0 0 
  INPUT ---       0 0 0 0 0 0 0 0 0 0 0 0 0 0 0 0 0 0;
  INPUT ---        1 14 0 0 0 0 0 0 0 0 0 0 0 0 0 0 0 0 0 0 0 0 0 0 0 0 0 0 0 
  INPUT ---       0 0 0 0 0 0 0 0 0 0 0 0 0 0 0 0 0 0;
  INPUT ---        1 15 0 0 0 0 0 0 0 0 0 0 0 0 0 0 0 0 0 0 0 0 0 0 0 0 0 0 0 
  INPUT ---       0 0 0 0 0 0 0 0 0 0 0 0 0 0 0 0 0 0;
  INPUT ---        1 16 0 0 0 0 0 0 0 0 0 0 0 0 0 0 0 0 0 0 0 0 0 0 0 0 0 0 0 
  INPUT ---       0 0 0 0 0 0 0 0 0 0 0 0 0 0 0 0 0 0;
  INPUT ---        1 17 0 0 0 0 0 0 0 0 0 0 0 0 0 0 0 0 0 0 0 0 0 0 0 0 0 0 0 

  Program  MARK  - Survival Rate Estimation with Capture-Recapture Data
   gfortran(Win64) Vers. 8.2 Mar 2017    8-Apr-2017 12:14:05    Page  013
 - - - - - - - - - - - - - - - - - - - - - - - - - - - - - - - - - - - - - -
 
  INPUT ---       0 0 0 0 0 0 0 0 0 0 0 0 0 0 0 0 0 0;
  INPUT ---        1 18 0 0 0 0 0 0 0 0 0 0 0 0 0 0 0 0 0 0 0 0 0 0 0 0 0 0 0 
  INPUT ---       0 0 0 0 0 0 0 0 0 0 0 0 0 0 0 0 0 0;
  INPUT ---        1 19 0 0 0 0 0 0 0 0 0 0 0 0 0 0 0 0 0 0 0 0 0 0 0 0 0 0 0 
  INPUT ---       0 0 0 0 0 0 0 0 0 0 0 0 0 0 0 0 0 0;
  INPUT ---        1 20 0 0 0 0 0 0 0 0 0 0 0 0 0 0 0 0 0 0 0 0 0 0 0 0 0 0 0 
  INPUT ---       0 0 0 0 0 0 0 0 0 0 0 0 0 0 0 0 0 0;
  INPUT ---        1 21 0 0 0 0 0 0 0 0 0 0 0 0 0 0 0 0 0 0 0 0 0 0 0 0 0 0 0 
  INPUT ---       0 0 0 0 0 0 0 0 0 0 0 0 0 0 0 0 0 0;
  INPUT ---        1 22 0 0 0 0 0 0 0 0 0 0 0 0 0 0 0 0 0 0 0 0 0 0 0 0 0 0 0 
  INPUT ---       0 0 0 0 0 0 0 0 0 0 0 0 0 0 0 0 0 0;
  INPUT ---        1 23 0 0 0 0 0 0 0 0 0 0 0 0 0 0 0 0 0 0 0 0 0 0 0 0 0 0 0 
  INPUT ---       0 0 0 0 0 0 0 0 0 0 0 0 0 0 0 0 0 0;
  INPUT ---        1 24 0 0 0 0 0 0 0 0 0 0 0 0 0 0 0 0 0 0 0 0 0 0 0 0 0 0 0 
  INPUT ---       0 0 0 0 0 0 0 0 0 0 0 0 0 0 0 0 0 0;
  INPUT ---        1 25 0 0 0 0 0 0 0 0 0 0 0 0 0 0 0 0 0 0 0 0 0 0 0 0 0 0 0 
  INPUT ---       0 0 0 0 0 0 0 0 0 0 0 0 0 0 0 0 0 0;
  INPUT ---        1 26 0 0 0 0 0 0 0 0 0 0 0 0 0 0 0 0 0 0 0 0 0 0 0 0 0 0 0 
  INPUT ---       0 0 0 0 0 0 0 0 0 0 0 0 0 0 0 0 0 0;
  INPUT ---        1 27 0 0 0 0 0 0 0 0 0 0 0 0 0 0 0 0 0 0 0 0 0 0 0 0 0 0 0 
  INPUT ---       0 0 0 0 0 0 0 0 0 0 0 0 0 0 0 0 0 0;
  INPUT ---        1 28 0 0 0 0 0 0 0 0 0 0 0 0 0 0 0 0 0 0 0 0 0 0 0 0 0 0 0 
  INPUT ---       0 0 0 0 0 0 0 0 0 0 0 0 0 0 0 0 0 0;
  INPUT ---        1 29 0 0 0 0 0 0 0 0 0 0 0 0 0 0 0 0 0 0 0 0 0 0 0 0 0 0 0 
  INPUT ---       0 0 0 0 0 0 0 0 0 0 0 0 0 0 0 0 0 0;
  INPUT ---        1 30 0 0 0 0 0 0 0 0 0 0 0 0 0 0 0 0 0 0 0 0 0 0 0 0 0 0 0 
  INPUT ---       0 0 0 0 0 0 0 0 0 0 0 0 0 0 0 0 0 0;
  INPUT ---        1 31 0 0 0 0 0 0 0 0 0 0 0 0 0 0 0 0 0 0 0 0 0 0 0 0 0 0 0 
  INPUT ---       0 0 0 0 0 0 0 0 0 0 0 0 0 0 0 0 0 0;
  INPUT ---        1 32 0 0 0 0 0 0 0 0 0 0 0 0 0 0 0 0 0 0 0 0 0 0 0 0 0 0 0 
  INPUT ---       0 0 0 0 0 0 0 0 0 0 0 0 0 0 0 0 0 0;
  INPUT ---        1 33 0 0 0 0 0 0 0 0 0 0 0 0 0 0 0 0 0 0 0 0 0 0 0 0 0 0 0 
  INPUT ---       0 0 0 0 0 0 0 0 0 0 0 0 0 0 0 0 0 0;
  INPUT ---        1 34 0 0 0 0 0 0 0 0 0 0 0 0 0 0 0 0 0 0 0 0 0 0 0 0 0 0 0 
  INPUT ---       0 0 0 0 0 0 0 0 0 0 0 0 0 0 0 0 0 0;
  INPUT ---        1 35 0 0 0 0 0 0 0 0 0 0 0 0 0 0 0 0 0 0 0 0 0 0 0 0 0 0 0 
  INPUT ---       0 0 0 0 0 0 0 0 0 0 0 0 0 0 0 0 0 0;
  INPUT ---        1 36 0 0 0 0 0 0 0 0 0 0 0 0 0 0 0 0 0 0 0 0 0 0 0 0 0 0 0 
  INPUT ---       0 0 0 0 0 0 0 0 0 0 0 0 0 0 0 0 0 0;
  INPUT ---        1 37 0 0 0 0 0 0 0 0 0 0 0 0 0 0 0 0 0 0 0 0 0 0 0 0 0 0 0 
  INPUT ---       0 0 0 0 0 0 0 0 0 0 0 0 0 0 0 0 0 0;
  INPUT ---        1 38 0 0 0 0 0 0 0 0 0 0 0 0 0 0 0 0 0 0 0 0 0 0 0 0 0 0 0 
  INPUT ---       0 0 0 0 0 0 0 0 0 0 0 0 0 0 0 0 0 0;
  INPUT ---        1 39 0 0 0 0 0 0 0 0 0 0 0 0 0 0 0 0 0 0 0 0 0 0 0 0 0 0 0 
  INPUT ---       0 0 0 0 0 0 0 0 0 0 0 0 0 0 0 0 0 0;
  INPUT ---        1 40 0 0 0 0 0 0 0 0 0 0 0 0 0 0 0 0 0 0 0 0 0 0 0 0 0 0 0 

  Program  MARK  - Survival Rate Estimation with Capture-Recapture Data
   gfortran(Win64) Vers. 8.2 Mar 2017    8-Apr-2017 12:14:05    Page  014
 - - - - - - - - - - - - - - - - - - - - - - - - - - - - - - - - - - - - - -
 
  INPUT ---       0 0 0 0 0 0 0 0 0 0 0 0 0 0 0 0 0 0;
  INPUT ---        1 0 1 0 0 0 0 0 0 0 0 0 0 0 0 0 0 0 0 0 0 0 0 0 0 0 0 0 0 
  INPUT ---       0 0 0 0 0 0 0 0 0 0 0 0 0 0 0 0 0 0;
  INPUT ---        1 1 1 0 1 0 0 0 0 0 0 0 0 0 0 0 0 0 0 0 0 0 0 0 0 0 0 0 0 
  INPUT ---       0 0 0 0 0 0 0 0 0 0 0 0 0 0 0 0 0 0;
  INPUT ---        1 2 1 0 2 0 0 0 0 0 0 0 0 0 0 0 0 0 0 0 0 0 0 0 0 0 0 0 0 
  INPUT ---       0 0 0 0 0 0 0 0 0 0 0 0 0 0 0 0 0 0;
  INPUT ---        1 3 1 0 3 0 0 0 0 0 0 0 0 0 0 0 0 0 0 0 0 0 0 0 0 0 0 0 0 
  INPUT ---       0 0 0 0 0 0 0 0 0 0 0 0 0 0 0 0 0 0;
  INPUT ---        1 4 1 0 4 0 0 0 0 0 0 0 0 0 0 0 0 0 0 0 0 0 0 0 0 0 0 0 0 
  INPUT ---       0 0 0 0 0 0 0 0 0 0 0 0 0 0 0 0 0 0;
  INPUT ---        1 5 1 0 5 0 0 0 0 0 0 0 0 0 0 0 0 0 0 0 0 0 0 0 0 0 0 0 0 
  INPUT ---       0 0 0 0 0 0 0 0 0 0 0 0 0 0 0 0 0 0;
  INPUT ---        1 6 1 0 6 0 0 0 0 0 0 0 0 0 0 0 0 0 0 0 0 0 0 0 0 0 0 0 0 
  INPUT ---       0 0 0 0 0 0 0 0 0 0 0 0 0 0 0 0 0 0;
  INPUT ---        1 7 1 0 7 0 0 0 0 0 0 0 0 0 0 0 0 0 0 0 0 0 0 0 0 0 0 0 0 
  INPUT ---       0 0 0 0 0 0 0 0 0 0 0 0 0 0 0 0 0 0;
  INPUT ---        1 8 1 0 8 0 0 0 0 0 0 0 0 0 0 0 0 0 0 0 0 0 0 0 0 0 0 0 0 
  INPUT ---       0 0 0 0 0 0 0 0 0 0 0 0 0 0 0 0 0 0;
  INPUT ---        1 9 1 0 9 0 0 0 0 0 0 0 0 0 0 0 0 0 0 0 0 0 0 0 0 0 0 0 0 
  INPUT ---       0 0 0 0 0 0 0 0 0 0 0 0 0 0 0 0 0 0;
  INPUT ---        1 10 1 0 10 0 0 0 0 0 0 0 0 0 0 0 0 0 0 0 0 0 0 0 0 0 0 0 
  INPUT ---       0 0 0 0 0 0 0 0 0 0 0 0 0 0 0 0 0 0 0;
  INPUT ---        1 11 1 0 11 0 0 0 0 0 0 0 0 0 0 0 0 0 0 0 0 0 0 0 0 0 0 0 
  INPUT ---       0 0 0 0 0 0 0 0 0 0 0 0 0 0 0 0 0 0 0;
  INPUT ---        1 12 1 0 12 0 0 0 0 0 0 0 0 0 0 0 0 0 0 0 0 0 0 0 0 0 0 0 
  INPUT ---       0 0 0 0 0 0 0 0 0 0 0 0 0 0 0 0 0 0 0;
  INPUT ---        1 13 1 0 13 0 0 0 0 0 0 0 0 0 0 0 0 0 0 0 0 0 0 0 0 0 0 0 
  INPUT ---       0 0 0 0 0 0 0 0 0 0 0 0 0 0 0 0 0 0 0;
  INPUT ---        1 14 1 0 14 0 0 0 0 0 0 0 0 0 0 0 0 0 0 0 0 0 0 0 0 0 0 0 
  INPUT ---       0 0 0 0 0 0 0 0 0 0 0 0 0 0 0 0 0 0 0;
  INPUT ---        1 15 1 0 15 0 0 0 0 0 0 0 0 0 0 0 0 0 0 0 0 0 0 0 0 0 0 0 
  INPUT ---       0 0 0 0 0 0 0 0 0 0 0 0 0 0 0 0 0 0 0;
  INPUT ---        1 16 1 0 16 0 0 0 0 0 0 0 0 0 0 0 0 0 0 0 0 0 0 0 0 0 0 0 
  INPUT ---       0 0 0 0 0 0 0 0 0 0 0 0 0 0 0 0 0 0 0;
  INPUT ---        1 17 1 0 17 0 0 0 0 0 0 0 0 0 0 0 0 0 0 0 0 0 0 0 0 0 0 0 
  INPUT ---       0 0 0 0 0 0 0 0 0 0 0 0 0 0 0 0 0 0 0;
  INPUT ---        1 18 1 0 18 0 0 0 0 0 0 0 0 0 0 0 0 0 0 0 0 0 0 0 0 0 0 0 
  INPUT ---       0 0 0 0 0 0 0 0 0 0 0 0 0 0 0 0 0 0 0;
  INPUT ---        1 19 1 0 19 0 0 0 0 0 0 0 0 0 0 0 0 0 0 0 0 0 0 0 0 0 0 0 
  INPUT ---       0 0 0 0 0 0 0 0 0 0 0 0 0 0 0 0 0 0 0;
  INPUT ---        1 20 1 0 20 0 0 0 0 0 0 0 0 0 0 0 0 0 0 0 0 0 0 0 0 0 0 0 
  INPUT ---       0 0 0 0 0 0 0 0 0 0 0 0 0 0 0 0 0 0 0;
  INPUT ---        1 21 1 0 21 0 0 0 0 0 0 0 0 0 0 0 0 0 0 0 0 0 0 0 0 0 0 0 
  INPUT ---       0 0 0 0 0 0 0 0 0 0 0 0 0 0 0 0 0 0 0;
  INPUT ---        1 22 1 0 22 0 0 0 0 0 0 0 0 0 0 0 0 0 0 0 0 0 0 0 0 0 0 0 

  Program  MARK  - Survival Rate Estimation with Capture-Recapture Data
   gfortran(Win64) Vers. 8.2 Mar 2017    8-Apr-2017 12:14:05    Page  015
 - - - - - - - - - - - - - - - - - - - - - - - - - - - - - - - - - - - - - -
 
  INPUT ---       0 0 0 0 0 0 0 0 0 0 0 0 0 0 0 0 0 0 0;
  INPUT ---        1 23 1 0 23 0 0 0 0 0 0 0 0 0 0 0 0 0 0 0 0 0 0 0 0 0 0 0 
  INPUT ---       0 0 0 0 0 0 0 0 0 0 0 0 0 0 0 0 0 0 0;
  INPUT ---        1 24 1 0 24 0 0 0 0 0 0 0 0 0 0 0 0 0 0 0 0 0 0 0 0 0 0 0 
  INPUT ---       0 0 0 0 0 0 0 0 0 0 0 0 0 0 0 0 0 0 0;
  INPUT ---        1 25 1 0 25 0 0 0 0 0 0 0 0 0 0 0 0 0 0 0 0 0 0 0 0 0 0 0 
  INPUT ---       0 0 0 0 0 0 0 0 0 0 0 0 0 0 0 0 0 0 0;
  INPUT ---        1 26 1 0 26 0 0 0 0 0 0 0 0 0 0 0 0 0 0 0 0 0 0 0 0 0 0 0 
  INPUT ---       0 0 0 0 0 0 0 0 0 0 0 0 0 0 0 0 0 0 0;
  INPUT ---        1 27 1 0 27 0 0 0 0 0 0 0 0 0 0 0 0 0 0 0 0 0 0 0 0 0 0 0 
  INPUT ---       0 0 0 0 0 0 0 0 0 0 0 0 0 0 0 0 0 0 0;
  INPUT ---        1 28 1 0 28 0 0 0 0 0 0 0 0 0 0 0 0 0 0 0 0 0 0 0 0 0 0 0 
  INPUT ---       0 0 0 0 0 0 0 0 0 0 0 0 0 0 0 0 0 0 0;
  INPUT ---        1 29 1 0 29 0 0 0 0 0 0 0 0 0 0 0 0 0 0 0 0 0 0 0 0 0 0 0 
  INPUT ---       0 0 0 0 0 0 0 0 0 0 0 0 0 0 0 0 0 0 0;
  INPUT ---        1 30 1 0 30 0 0 0 0 0 0 0 0 0 0 0 0 0 0 0 0 0 0 0 0 0 0 0 
  INPUT ---       0 0 0 0 0 0 0 0 0 0 0 0 0 0 0 0 0 0 0;
  INPUT ---        1 31 1 0 31 0 0 0 0 0 0 0 0 0 0 0 0 0 0 0 0 0 0 0 0 0 0 0 
  INPUT ---       0 0 0 0 0 0 0 0 0 0 0 0 0 0 0 0 0 0 0;
  INPUT ---        1 32 1 0 32 0 0 0 0 0 0 0 0 0 0 0 0 0 0 0 0 0 0 0 0 0 0 0 
  INPUT ---       0 0 0 0 0 0 0 0 0 0 0 0 0 0 0 0 0 0 0;
  INPUT ---        1 33 1 0 33 0 0 0 0 0 0 0 0 0 0 0 0 0 0 0 0 0 0 0 0 0 0 0 
  INPUT ---       0 0 0 0 0 0 0 0 0 0 0 0 0 0 0 0 0 0 0;
  INPUT ---        1 34 1 0 34 0 0 0 0 0 0 0 0 0 0 0 0 0 0 0 0 0 0 0 0 0 0 0 
  INPUT ---       0 0 0 0 0 0 0 0 0 0 0 0 0 0 0 0 0 0 0;
  INPUT ---        1 35 1 0 35 0 0 0 0 0 0 0 0 0 0 0 0 0 0 0 0 0 0 0 0 0 0 0 
  INPUT ---       0 0 0 0 0 0 0 0 0 0 0 0 0 0 0 0 0 0 0;
  INPUT ---        1 36 1 0 36 0 0 0 0 0 0 0 0 0 0 0 0 0 0 0 0 0 0 0 0 0 0 0 
  INPUT ---       0 0 0 0 0 0 0 0 0 0 0 0 0 0 0 0 0 0 0;
  INPUT ---        1 37 1 0 37 0 0 0 0 0 0 0 0 0 0 0 0 0 0 0 0 0 0 0 0 0 0 0 
  INPUT ---       0 0 0 0 0 0 0 0 0 0 0 0 0 0 0 0 0 0 0;
  INPUT ---        1 38 1 0 38 0 0 0 0 0 0 0 0 0 0 0 0 0 0 0 0 0 0 0 0 0 0 0 
  INPUT ---       0 0 0 0 0 0 0 0 0 0 0 0 0 0 0 0 0 0 0;
  INPUT ---        1 39 1 0 39 0 0 0 0 0 0 0 0 0 0 0 0 0 0 0 0 0 0 0 0 0 0 0 
  INPUT ---       0 0 0 0 0 0 0 0 0 0 0 0 0 0 0 0 0 0 0;
  INPUT ---        1 40 1 0 40 0 0 0 0 0 0 0 0 0 0 0 0 0 0 0 0 0 0 0 0 0 0 0 
  INPUT ---       0 0 0 0 0 0 0 0 0 0 0 0 0 0 0 0 0 0 0;
  INPUT ---        1 0 0 1 0 0 0 0 0 0 0 0 0 0 0 0 0 0 0 0 0 0 0 0 0 0 0 0 0 
  INPUT ---       0 0 0 0 0 0 0 0 0 0 0 0 0 0 0 0 0 0;
  INPUT ---        1 1 0 1 0 1 0 0 0 0 0 0 0 0 0 0 0 0 0 0 0 0 0 0 0 0 0 0 0 
  INPUT ---       0 0 0 0 0 0 0 0 0 0 0 0 0 0 0 0 0 0;
  INPUT ---        1 2 0 1 0 2 0 0 0 0 0 0 0 0 0 0 0 0 0 0 0 0 0 0 0 0 0 0 0 
  INPUT ---       0 0 0 0 0 0 0 0 0 0 0 0 0 0 0 0 0 0;
  INPUT ---        1 3 0 1 0 3 0 0 0 0 0 0 0 0 0 0 0 0 0 0 0 0 0 0 0 0 0 0 0 
  INPUT ---       0 0 0 0 0 0 0 0 0 0 0 0 0 0 0 0 0 0;
  INPUT ---        1 4 0 1 0 4 0 0 0 0 0 0 0 0 0 0 0 0 0 0 0 0 0 0 0 0 0 0 0 

  Program  MARK  - Survival Rate Estimation with Capture-Recapture Data
   gfortran(Win64) Vers. 8.2 Mar 2017    8-Apr-2017 12:14:05    Page  016
 - - - - - - - - - - - - - - - - - - - - - - - - - - - - - - - - - - - - - -
 
  INPUT ---       0 0 0 0 0 0 0 0 0 0 0 0 0 0 0 0 0 0;
  INPUT ---        1 5 0 1 0 5 0 0 0 0 0 0 0 0 0 0 0 0 0 0 0 0 0 0 0 0 0 0 0 
  INPUT ---       0 0 0 0 0 0 0 0 0 0 0 0 0 0 0 0 0 0;
  INPUT ---        1 6 0 1 0 6 0 0 0 0 0 0 0 0 0 0 0 0 0 0 0 0 0 0 0 0 0 0 0 
  INPUT ---       0 0 0 0 0 0 0 0 0 0 0 0 0 0 0 0 0 0;
  INPUT ---        1 7 0 1 0 7 0 0 0 0 0 0 0 0 0 0 0 0 0 0 0 0 0 0 0 0 0 0 0 
  INPUT ---       0 0 0 0 0 0 0 0 0 0 0 0 0 0 0 0 0 0;
  INPUT ---        1 8 0 1 0 8 0 0 0 0 0 0 0 0 0 0 0 0 0 0 0 0 0 0 0 0 0 0 0 
  INPUT ---       0 0 0 0 0 0 0 0 0 0 0 0 0 0 0 0 0 0;
  INPUT ---        1 9 0 1 0 9 0 0 0 0 0 0 0 0 0 0 0 0 0 0 0 0 0 0 0 0 0 0 0 
  INPUT ---       0 0 0 0 0 0 0 0 0 0 0 0 0 0 0 0 0 0;
  INPUT ---        1 10 0 1 0 10 0 0 0 0 0 0 0 0 0 0 0 0 0 0 0 0 0 0 0 0 0 0 
  INPUT ---       0 0 0 0 0 0 0 0 0 0 0 0 0 0 0 0 0 0 0;
  INPUT ---        1 11 0 1 0 11 0 0 0 0 0 0 0 0 0 0 0 0 0 0 0 0 0 0 0 0 0 0 
  INPUT ---       0 0 0 0 0 0 0 0 0 0 0 0 0 0 0 0 0 0 0;
  INPUT ---        1 12 0 1 0 12 0 0 0 0 0 0 0 0 0 0 0 0 0 0 0 0 0 0 0 0 0 0 
  INPUT ---       0 0 0 0 0 0 0 0 0 0 0 0 0 0 0 0 0 0 0;
  INPUT ---        1 13 0 1 0 13 0 0 0 0 0 0 0 0 0 0 0 0 0 0 0 0 0 0 0 0 0 0 
  INPUT ---       0 0 0 0 0 0 0 0 0 0 0 0 0 0 0 0 0 0 0;
  INPUT ---        1 14 0 1 0 14 0 0 0 0 0 0 0 0 0 0 0 0 0 0 0 0 0 0 0 0 0 0 
  INPUT ---       0 0 0 0 0 0 0 0 0 0 0 0 0 0 0 0 0 0 0;
  INPUT ---        1 15 0 1 0 15 0 0 0 0 0 0 0 0 0 0 0 0 0 0 0 0 0 0 0 0 0 0 
  INPUT ---       0 0 0 0 0 0 0 0 0 0 0 0 0 0 0 0 0 0 0;
  INPUT ---        1 16 0 1 0 16 0 0 0 0 0 0 0 0 0 0 0 0 0 0 0 0 0 0 0 0 0 0 
  INPUT ---       0 0 0 0 0 0 0 0 0 0 0 0 0 0 0 0 0 0 0;
  INPUT ---        1 17 0 1 0 17 0 0 0 0 0 0 0 0 0 0 0 0 0 0 0 0 0 0 0 0 0 0 
  INPUT ---       0 0 0 0 0 0 0 0 0 0 0 0 0 0 0 0 0 0 0;
  INPUT ---        1 18 0 1 0 18 0 0 0 0 0 0 0 0 0 0 0 0 0 0 0 0 0 0 0 0 0 0 
  INPUT ---       0 0 0 0 0 0 0 0 0 0 0 0 0 0 0 0 0 0 0;
  INPUT ---        1 19 0 1 0 19 0 0 0 0 0 0 0 0 0 0 0 0 0 0 0 0 0 0 0 0 0 0 
  INPUT ---       0 0 0 0 0 0 0 0 0 0 0 0 0 0 0 0 0 0 0;
  INPUT ---        1 20 0 1 0 20 0 0 0 0 0 0 0 0 0 0 0 0 0 0 0 0 0 0 0 0 0 0 
  INPUT ---       0 0 0 0 0 0 0 0 0 0 0 0 0 0 0 0 0 0 0;
  INPUT ---        1 21 0 1 0 21 0 0 0 0 0 0 0 0 0 0 0 0 0 0 0 0 0 0 0 0 0 0 
  INPUT ---       0 0 0 0 0 0 0 0 0 0 0 0 0 0 0 0 0 0 0;
  INPUT ---        1 22 0 1 0 22 0 0 0 0 0 0 0 0 0 0 0 0 0 0 0 0 0 0 0 0 0 0 
  INPUT ---       0 0 0 0 0 0 0 0 0 0 0 0 0 0 0 0 0 0 0;
  INPUT ---        1 23 0 1 0 23 0 0 0 0 0 0 0 0 0 0 0 0 0 0 0 0 0 0 0 0 0 0 
  INPUT ---       0 0 0 0 0 0 0 0 0 0 0 0 0 0 0 0 0 0 0;
  INPUT ---        1 24 0 1 0 24 0 0 0 0 0 0 0 0 0 0 0 0 0 0 0 0 0 0 0 0 0 0 
  INPUT ---       0 0 0 0 0 0 0 0 0 0 0 0 0 0 0 0 0 0 0;
  INPUT ---        1 25 0 1 0 25 0 0 0 0 0 0 0 0 0 0 0 0 0 0 0 0 0 0 0 0 0 0 
  INPUT ---       0 0 0 0 0 0 0 0 0 0 0 0 0 0 0 0 0 0 0;
  INPUT ---        1 26 0 1 0 26 0 0 0 0 0 0 0 0 0 0 0 0 0 0 0 0 0 0 0 0 0 0 
  INPUT ---       0 0 0 0 0 0 0 0 0 0 0 0 0 0 0 0 0 0 0;
  INPUT ---        1 27 0 1 0 27 0 0 0 0 0 0 0 0 0 0 0 0 0 0 0 0 0 0 0 0 0 0 

  Program  MARK  - Survival Rate Estimation with Capture-Recapture Data
   gfortran(Win64) Vers. 8.2 Mar 2017    8-Apr-2017 12:14:05    Page  017
 - - - - - - - - - - - - - - - - - - - - - - - - - - - - - - - - - - - - - -
 
  INPUT ---       0 0 0 0 0 0 0 0 0 0 0 0 0 0 0 0 0 0 0;
  INPUT ---        1 28 0 1 0 28 0 0 0 0 0 0 0 0 0 0 0 0 0 0 0 0 0 0 0 0 0 0 
  INPUT ---       0 0 0 0 0 0 0 0 0 0 0 0 0 0 0 0 0 0 0;
  INPUT ---        1 29 0 1 0 29 0 0 0 0 0 0 0 0 0 0 0 0 0 0 0 0 0 0 0 0 0 0 
  INPUT ---       0 0 0 0 0 0 0 0 0 0 0 0 0 0 0 0 0 0 0;
  INPUT ---        1 30 0 1 0 30 0 0 0 0 0 0 0 0 0 0 0 0 0 0 0 0 0 0 0 0 0 0 
  INPUT ---       0 0 0 0 0 0 0 0 0 0 0 0 0 0 0 0 0 0 0;
  INPUT ---        1 31 0 1 0 31 0 0 0 0 0 0 0 0 0 0 0 0 0 0 0 0 0 0 0 0 0 0 
  INPUT ---       0 0 0 0 0 0 0 0 0 0 0 0 0 0 0 0 0 0 0;
  INPUT ---        1 32 0 1 0 32 0 0 0 0 0 0 0 0 0 0 0 0 0 0 0 0 0 0 0 0 0 0 
  INPUT ---       0 0 0 0 0 0 0 0 0 0 0 0 0 0 0 0 0 0 0;
  INPUT ---        1 33 0 1 0 33 0 0 0 0 0 0 0 0 0 0 0 0 0 0 0 0 0 0 0 0 0 0 
  INPUT ---       0 0 0 0 0 0 0 0 0 0 0 0 0 0 0 0 0 0 0;
  INPUT ---        1 34 0 1 0 34 0 0 0 0 0 0 0 0 0 0 0 0 0 0 0 0 0 0 0 0 0 0 
  INPUT ---       0 0 0 0 0 0 0 0 0 0 0 0 0 0 0 0 0 0 0;
  INPUT ---        1 35 0 1 0 35 0 0 0 0 0 0 0 0 0 0 0 0 0 0 0 0 0 0 0 0 0 0 
  INPUT ---       0 0 0 0 0 0 0 0 0 0 0 0 0 0 0 0 0 0 0;
  INPUT ---        1 36 0 1 0 36 0 0 0 0 0 0 0 0 0 0 0 0 0 0 0 0 0 0 0 0 0 0 
  INPUT ---       0 0 0 0 0 0 0 0 0 0 0 0 0 0 0 0 0 0 0;
  INPUT ---        1 37 0 1 0 37 0 0 0 0 0 0 0 0 0 0 0 0 0 0 0 0 0 0 0 0 0 0 
  INPUT ---       0 0 0 0 0 0 0 0 0 0 0 0 0 0 0 0 0 0 0;
  INPUT ---        1 38 0 1 0 38 0 0 0 0 0 0 0 0 0 0 0 0 0 0 0 0 0 0 0 0 0 0 
  INPUT ---       0 0 0 0 0 0 0 0 0 0 0 0 0 0 0 0 0 0 0;
  INPUT ---        1 39 0 1 0 39 0 0 0 0 0 0 0 0 0 0 0 0 0 0 0 0 0 0 0 0 0 0 
  INPUT ---       0 0 0 0 0 0 0 0 0 0 0 0 0 0 0 0 0 0 0;
  INPUT ---        1 40 0 1 0 40 0 0 0 0 0 0 0 0 0 0 0 0 0 0 0 0 0 0 0 0 0 0 
  INPUT ---       0 0 0 0 0 0 0 0 0 0 0 0 0 0 0 0 0 0 0;
  INPUT ---        0 0 0 0 0 0 1 0 0 0 0 0 0 0 0 0 0 0 0 0 0 0 0 0 0 0 0 0 0 
  INPUT ---       0 0 0 0 0 0 0 0 0 0 0 0 0 0 0 0 0 0;
  INPUT ---        0 0 0 0 0 0 1 1 0 0 0 0 0 0 0 0 0 0 0 0 0 0 0 0 0 0 0 0 0 
  INPUT ---       0 0 0 0 0 0 0 0 0 0 0 0 0 0 0 0 0 0;
  INPUT ---        0 0 0 0 0 0 1 0 1 0 0 0 0 0 0 0 0 0 0 0 0 0 0 0 0 0 0 0 0 
  INPUT ---       0 0 0 0 0 0 0 0 0 0 0 0 0 0 0 0 0 0;
  INPUT ---        0 0 0 0 0 0 1 0 0 1 0 0 0 0 0 0 0 0 0 0 0 0 0 0 0 0 0 0 0 
  INPUT ---       0 0 0 0 0 0 0 0 0 0 0 0 0 0 0 0 0 0;
  INPUT ---        0 0 0 0 0 0 1 0 0 0 1 0 0 0 0 0 0 0 0 0 0 0 0 0 0 0 0 0 0 
  INPUT ---       0 0 0 0 0 0 0 0 0 0 0 0 0 0 0 0 0 0;
  INPUT ---        0 0 0 0 0 0 1 0 0 0 0 1 0 0 0 0 0 0 0 0 0 0 0 0 0 0 0 0 0 
  INPUT ---       0 0 0 0 0 0 0 0 0 0 0 0 0 0 0 0 0 0;
  INPUT ---        0 0 0 0 0 0 1 0 0 0 0 0 1 0 0 0 0 0 0 0 0 0 0 0 0 0 0 0 0 
  INPUT ---       0 0 0 0 0 0 0 0 0 0 0 0 0 0 0 0 0 0;
  INPUT ---        0 0 0 0 0 0 1 0 0 0 0 0 0 1 0 0 0 0 0 0 0 0 0 0 0 0 0 0 0 
  INPUT ---       0 0 0 0 0 0 0 0 0 0 0 0 0 0 0 0 0 0;
  INPUT ---        0 0 0 0 0 0 1 0 0 0 0 0 0 0 1 0 0 0 0 0 0 0 0 0 0 0 0 0 0 
  INPUT ---       0 0 0 0 0 0 0 0 0 0 0 0 0 0 0 0 0 0;
  INPUT ---        0 0 0 0 0 0 1 0 0 0 0 0 0 0 0 1 0 0 0 0 0 0 0 0 0 0 0 0 0 

  Program  MARK  - Survival Rate Estimation with Capture-Recapture Data
   gfortran(Win64) Vers. 8.2 Mar 2017    8-Apr-2017 12:14:05    Page  018
 - - - - - - - - - - - - - - - - - - - - - - - - - - - - - - - - - - - - - -
 
  INPUT ---       0 0 0 0 0 0 0 0 0 0 0 0 0 0 0 0 0 0;
  INPUT ---        0 0 0 0 0 0 1 0 0 0 0 0 0 0 0 0 1 0 0 0 0 0 0 0 0 0 0 0 0 
  INPUT ---       0 0 0 0 0 0 0 0 0 0 0 0 0 0 0 0 0 0;
  INPUT ---        0 0 0 0 0 0 1 0 0 0 0 0 0 0 0 0 0 1 0 0 0 0 0 0 0 0 0 0 0 
  INPUT ---       0 0 0 0 0 0 0 0 0 0 0 0 0 0 0 0 0 0;
  INPUT ---        0 0 0 0 0 0 1 0 0 0 0 0 0 0 0 0 0 0 1 0 0 0 0 0 0 0 0 0 0 
  INPUT ---       0 0 0 0 0 0 0 0 0 0 0 0 0 0 0 0 0 0;
  INPUT ---        0 0 0 0 0 0 1 0 0 0 0 0 0 0 0 0 0 0 0 1 0 0 0 0 0 0 0 0 0 
  INPUT ---       0 0 0 0 0 0 0 0 0 0 0 0 0 0 0 0 0 0;
  INPUT ---        0 0 0 0 0 0 1 0 0 0 0 0 0 0 0 0 0 0 0 0 1 0 0 0 0 0 0 0 0 
  INPUT ---       0 0 0 0 0 0 0 0 0 0 0 0 0 0 0 0 0 0;
  INPUT ---        0 0 0 0 0 0 1 0 0 0 0 0 0 0 0 0 0 0 0 0 0 1 0 0 0 0 0 0 0 
  INPUT ---       0 0 0 0 0 0 0 0 0 0 0 0 0 0 0 0 0 0;
  INPUT ---        0 0 0 0 0 0 1 0 0 0 0 0 0 0 0 0 0 0 0 0 0 0 1 0 0 0 0 0 0 
  INPUT ---       0 0 0 0 0 0 0 0 0 0 0 0 0 0 0 0 0 0;
  INPUT ---        0 0 0 0 0 0 1 0 0 0 0 0 0 0 0 0 0 0 0 0 0 0 0 1 0 0 0 0 0 
  INPUT ---       0 0 0 0 0 0 0 0 0 0 0 0 0 0 0 0 0 0;
  INPUT ---        0 0 0 0 0 0 1 0 0 0 0 0 0 0 0 0 0 0 0 0 0 0 0 0 1 0 0 0 0 
  INPUT ---       0 0 0 0 0 0 0 0 0 0 0 0 0 0 0 0 0 0;
  INPUT ---        0 0 0 0 0 0 1 0 0 0 0 0 0 0 0 0 0 0 0 0 0 0 0 0 0 1 0 0 0 
  INPUT ---       0 0 0 0 0 0 0 0 0 0 0 0 0 0 0 0 0 0;
  INPUT ---        0 0 0 0 0 0 1 0 0 0 0 0 0 0 0 0 0 0 0 0 0 0 0 0 0 0 1 0 0 
  INPUT ---       0 0 0 0 0 0 0 0 0 0 0 0 0 0 0 0 0 0;
  INPUT ---        0 0 0 0 0 0 1 0 0 0 0 0 0 0 0 0 0 0 0 0 0 0 0 0 0 0 0 1 0 
  INPUT ---       0 0 0 0 0 0 0 0 0 0 0 0 0 0 0 0 0 0;
  INPUT ---        0 0 0 0 0 0 1 0 0 0 0 0 0 0 0 0 0 0 0 0 0 0 0 0 0 0 0 0 1 
  INPUT ---       0 0 0 0 0 0 0 0 0 0 0 0 0 0 0 0 0 0;
  INPUT ---        0 0 0 0 0 0 1 0 0 0 0 0 0 0 0 0 0 0 0 0 0 0 0 0 0 0 0 0 0 
  INPUT ---       1 0 0 0 0 0 0 0 0 0 0 0 0 0 0 0 0 0;
  INPUT ---        0 0 0 0 0 0 1 0 0 0 0 0 0 0 0 0 0 0 0 0 0 0 0 0 0 0 0 0 0 
  INPUT ---       0 1 0 0 0 0 0 0 0 0 0 0 0 0 0 0 0 0;
  INPUT ---        0 0 0 0 0 0 1 0 0 0 0 0 0 0 0 0 0 0 0 0 0 0 0 0 0 0 0 0 0 
  INPUT ---       0 0 1 0 0 0 0 0 0 0 0 0 0 0 0 0 0 0;
  INPUT ---        0 0 0 0 0 0 1 0 0 0 0 0 0 0 0 0 0 0 0 0 0 0 0 0 0 0 0 0 0 
  INPUT ---       0 0 0 1 0 0 0 0 0 0 0 0 0 0 0 0 0 0;
  INPUT ---        0 0 0 0 0 0 1 0 0 0 0 0 0 0 0 0 0 0 0 0 0 0 0 0 0 0 0 0 0 
  INPUT ---       0 0 0 0 1 0 0 0 0 0 0 0 0 0 0 0 0 0;
  INPUT ---        0 0 0 0 0 0 1 0 0 0 0 0 0 0 0 0 0 0 0 0 0 0 0 0 0 0 0 0 0 
  INPUT ---       0 0 0 0 0 1 0 0 0 0 0 0 0 0 0 0 0 0;
  INPUT ---        0 0 0 0 0 0 1 0 0 0 0 0 0 0 0 0 0 0 0 0 0 0 0 0 0 0 0 0 0 
  INPUT ---       0 0 0 0 0 0 1 0 0 0 0 0 0 0 0 0 0 0;
  INPUT ---        0 0 0 0 0 0 1 0 0 0 0 0 0 0 0 0 0 0 0 0 0 0 0 0 0 0 0 0 0 
  INPUT ---       0 0 0 0 0 0 0 1 0 0 0 0 0 0 0 0 0 0;
  INPUT ---        0 0 0 0 0 0 1 0 0 0 0 0 0 0 0 0 0 0 0 0 0 0 0 0 0 0 0 0 0 
  INPUT ---       0 0 0 0 0 0 0 0 1 0 0 0 0 0 0 0 0 0;
  INPUT ---        0 0 0 0 0 0 1 0 0 0 0 0 0 0 0 0 0 0 0 0 0 0 0 0 0 0 0 0 0 

  Program  MARK  - Survival Rate Estimation with Capture-Recapture Data
   gfortran(Win64) Vers. 8.2 Mar 2017    8-Apr-2017 12:14:05    Page  019
 - - - - - - - - - - - - - - - - - - - - - - - - - - - - - - - - - - - - - -
 
  INPUT ---       0 0 0 0 0 0 0 0 0 1 0 0 0 0 0 0 0 0;
  INPUT ---        0 0 0 0 0 0 1 0 0 0 0 0 0 0 0 0 0 0 0 0 0 0 0 0 0 0 0 0 0 
  INPUT ---       0 0 0 0 0 0 0 0 0 0 1 0 0 0 0 0 0 0;
  INPUT ---        0 0 0 0 0 0 1 0 0 0 0 0 0 0 0 0 0 0 0 0 0 0 0 0 0 0 0 0 0 
  INPUT ---       0 0 0 0 0 0 0 0 0 0 0 1 0 0 0 0 0 0;
  INPUT ---        0 0 0 0 0 0 1 0 0 0 0 0 0 0 0 0 0 0 0 0 0 0 0 0 0 0 0 0 0 
  INPUT ---       0 0 0 0 0 0 0 0 0 0 0 0 1 0 0 0 0 0;
  INPUT ---        0 0 0 0 0 0 1 0 0 0 0 0 0 0 0 0 0 0 0 0 0 0 0 0 0 0 0 0 0 
  INPUT ---       0 0 0 0 0 0 0 0 0 0 0 0 0 1 0 0 0 0;
  INPUT ---        0 0 0 0 0 0 1 0 0 0 0 0 0 0 0 0 0 0 0 0 0 0 0 0 0 0 0 0 0 
  INPUT ---       0 0 0 0 0 0 0 0 0 0 0 0 0 0 1 0 0 0;
  INPUT ---        0 0 0 0 0 0 1 0 0 0 0 0 0 0 0 0 0 0 0 0 0 0 0 0 0 0 0 0 0 
  INPUT ---       0 0 0 0 0 0 0 0 0 0 0 0 0 0 0 1 0 0;
  INPUT ---        0 0 0 0 0 0 1 0 0 0 0 0 0 0 0 0 0 0 0 0 0 0 0 0 0 0 0 0 0 
  INPUT ---       0 0 0 0 0 0 0 0 0 0 0 0 0 0 0 0 1 0;
  INPUT ---        0 0 0 0 0 0 1 0 0 0 0 0 0 0 0 0 0 0 0 0 0 0 0 0 0 0 0 0 0 
  INPUT ---       0 0 0 0 0 0 0 0 0 0 0 0 0 0 0 0 0 1;
  INPUT ---       blabel(1)=Phi:(Intercept);
  INPUT ---       blabel(2)=Phi:Time;
  INPUT ---       blabel(3)=Phi:AgeAtFirstSightASY;
  INPUT ---       blabel(4)=Phi:AgeAtFirstSightSY;
  INPUT ---       blabel(5)=Phi:Time:AgeAtFirstSightASY;
  INPUT ---       blabel(6)=Phi:Time:AgeAtFirstSightSY;
  INPUT ---       blabel(7)=p:(Intercept);
  INPUT ---       blabel(8)=p:time1977;
  INPUT ---       blabel(9)=p:time1978;
  INPUT ---       blabel(10)=p:time1979;
  INPUT ---       blabel(11)=p:time1980;
  INPUT ---       blabel(12)=p:time1981;
  INPUT ---       blabel(13)=p:time1982;
  INPUT ---       blabel(14)=p:time1983;
  INPUT ---       blabel(15)=p:time1984;
  INPUT ---       blabel(16)=p:time1985;
  INPUT ---       blabel(17)=p:time1986;
  INPUT ---       blabel(18)=p:time1987;
  INPUT ---       blabel(19)=p:time1988;
  INPUT ---       blabel(20)=p:time1989;
  INPUT ---       blabel(21)=p:time1990;
  INPUT ---       blabel(22)=p:time1991;
  INPUT ---       blabel(23)=p:time1992;
  INPUT ---       blabel(24)=p:time1993;
  INPUT ---       blabel(25)=p:time1994;
  INPUT ---       blabel(26)=p:time1995;
  INPUT ---       blabel(27)=p:time1996;
  INPUT ---       blabel(28)=p:time1997;
  INPUT ---       blabel(29)=p:time1998;

  Program  MARK  - Survival Rate Estimation with Capture-Recapture Data
   gfortran(Win64) Vers. 8.2 Mar 2017    8-Apr-2017 12:14:05    Page  020
 - - - - - - - - - - - - - - - - - - - - - - - - - - - - - - - - - - - - - -
 
  INPUT ---       blabel(30)=p:time1999;
  INPUT ---       blabel(31)=p:time2000;
  INPUT ---       blabel(32)=p:time2001;
  INPUT ---       blabel(33)=p:time2002;
  INPUT ---       blabel(34)=p:time2003;
  INPUT ---       blabel(35)=p:time2004;
  INPUT ---       blabel(36)=p:time2005;
  INPUT ---       blabel(37)=p:time2006;
  INPUT ---       blabel(38)=p:time2007;
  INPUT ---       blabel(39)=p:time2008;
  INPUT ---       blabel(40)=p:time2009;
  INPUT ---       blabel(41)=p:time2010;
  INPUT ---       blabel(42)=p:time2011;
  INPUT ---       blabel(43)=p:time2012;
  INPUT ---       blabel(44)=p:time2013;
  INPUT ---       blabel(45)=p:time2014;
  INPUT ---       blabel(46)=p:time2015;
  INPUT ---       blabel(47)=p:time2016;
  INPUT ---       rlabel(1)=Phi gAHY c1975 a0 t1975;
  INPUT ---       rlabel(2)=Phi gAHY c1975 a1 t1976;
  INPUT ---       rlabel(3)=Phi gAHY c1975 a2 t1977;
  INPUT ---       rlabel(4)=Phi gAHY c1975 a3 t1978;
  INPUT ---       rlabel(5)=Phi gAHY c1975 a4 t1979;
  INPUT ---       rlabel(6)=Phi gAHY c1975 a5 t1980;
  INPUT ---       rlabel(7)=Phi gAHY c1975 a6 t1981;
  INPUT ---       rlabel(8)=Phi gAHY c1975 a7 t1982;
  INPUT ---       rlabel(9)=Phi gAHY c1975 a8 t1983;
  INPUT ---       rlabel(10)=Phi gAHY c1975 a9 t1984;
  INPUT ---       rlabel(11)=Phi gAHY c1975 a10 t1985;
  INPUT ---       rlabel(12)=Phi gAHY c1975 a11 t1986;
  INPUT ---       rlabel(13)=Phi gAHY c1975 a12 t1987;
  INPUT ---       rlabel(14)=Phi gAHY c1975 a13 t1988;
  INPUT ---       rlabel(15)=Phi gAHY c1975 a14 t1989;
  INPUT ---       rlabel(16)=Phi gAHY c1975 a15 t1990;
  INPUT ---       rlabel(17)=Phi gAHY c1975 a16 t1991;
  INPUT ---       rlabel(18)=Phi gAHY c1975 a17 t1992;
  INPUT ---       rlabel(19)=Phi gAHY c1975 a18 t1993;
  INPUT ---       rlabel(20)=Phi gAHY c1975 a19 t1994;
  INPUT ---       rlabel(21)=Phi gAHY c1975 a20 t1995;
  INPUT ---       rlabel(22)=Phi gAHY c1975 a21 t1996;
  INPUT ---       rlabel(23)=Phi gAHY c1975 a22 t1997;
  INPUT ---       rlabel(24)=Phi gAHY c1975 a23 t1998;
  INPUT ---       rlabel(25)=Phi gAHY c1975 a24 t1999;
  INPUT ---       rlabel(26)=Phi gAHY c1975 a25 t2000;
  INPUT ---       rlabel(27)=Phi gAHY c1975 a26 t2001;
  INPUT ---       rlabel(28)=Phi gAHY c1975 a27 t2002;

  Program  MARK  - Survival Rate Estimation with Capture-Recapture Data
   gfortran(Win64) Vers. 8.2 Mar 2017    8-Apr-2017 12:14:05    Page  021
 - - - - - - - - - - - - - - - - - - - - - - - - - - - - - - - - - - - - - -
 
  INPUT ---       rlabel(29)=Phi gAHY c1975 a28 t2003;
  INPUT ---       rlabel(30)=Phi gAHY c1975 a29 t2004;
  INPUT ---       rlabel(31)=Phi gAHY c1975 a30 t2005;
  INPUT ---       rlabel(32)=Phi gAHY c1975 a31 t2006;
  INPUT ---       rlabel(33)=Phi gAHY c1975 a32 t2007;
  INPUT ---       rlabel(34)=Phi gAHY c1975 a33 t2008;
  INPUT ---       rlabel(35)=Phi gAHY c1975 a34 t2009;
  INPUT ---       rlabel(36)=Phi gAHY c1975 a35 t2010;
  INPUT ---       rlabel(37)=Phi gAHY c1975 a36 t2011;
  INPUT ---       rlabel(38)=Phi gAHY c1975 a37 t2012;
  INPUT ---       rlabel(39)=Phi gAHY c1975 a38 t2013;
  INPUT ---       rlabel(40)=Phi gAHY c1975 a39 t2014;
  INPUT ---       rlabel(41)=Phi gAHY c1975 a40 t2015;
  INPUT ---       rlabel(42)=Phi gASY c1975 a0 t1975;
  INPUT ---       rlabel(43)=Phi gASY c1975 a1 t1976;
  INPUT ---       rlabel(44)=Phi gASY c1975 a2 t1977;
  INPUT ---       rlabel(45)=Phi gASY c1975 a3 t1978;
  INPUT ---       rlabel(46)=Phi gASY c1975 a4 t1979;
  INPUT ---       rlabel(47)=Phi gASY c1975 a5 t1980;
  INPUT ---       rlabel(48)=Phi gASY c1975 a6 t1981;
  INPUT ---       rlabel(49)=Phi gASY c1975 a7 t1982;
  INPUT ---       rlabel(50)=Phi gASY c1975 a8 t1983;
  INPUT ---       rlabel(51)=Phi gASY c1975 a9 t1984;
  INPUT ---       rlabel(52)=Phi gASY c1975 a10 t1985;
  INPUT ---       rlabel(53)=Phi gASY c1975 a11 t1986;
  INPUT ---       rlabel(54)=Phi gASY c1975 a12 t1987;
  INPUT ---       rlabel(55)=Phi gASY c1975 a13 t1988;
  INPUT ---       rlabel(56)=Phi gASY c1975 a14 t1989;
  INPUT ---       rlabel(57)=Phi gASY c1975 a15 t1990;
  INPUT ---       rlabel(58)=Phi gASY c1975 a16 t1991;
  INPUT ---       rlabel(59)=Phi gASY c1975 a17 t1992;
  INPUT ---       rlabel(60)=Phi gASY c1975 a18 t1993;
  INPUT ---       rlabel(61)=Phi gASY c1975 a19 t1994;
  INPUT ---       rlabel(62)=Phi gASY c1975 a20 t1995;
  INPUT ---       rlabel(63)=Phi gASY c1975 a21 t1996;
  INPUT ---       rlabel(64)=Phi gASY c1975 a22 t1997;
  INPUT ---       rlabel(65)=Phi gASY c1975 a23 t1998;
  INPUT ---       rlabel(66)=Phi gASY c1975 a24 t1999;
  INPUT ---       rlabel(67)=Phi gASY c1975 a25 t2000;
  INPUT ---       rlabel(68)=Phi gASY c1975 a26 t2001;
  INPUT ---       rlabel(69)=Phi gASY c1975 a27 t2002;
  INPUT ---       rlabel(70)=Phi gASY c1975 a28 t2003;
  INPUT ---       rlabel(71)=Phi gASY c1975 a29 t2004;
  INPUT ---       rlabel(72)=Phi gASY c1975 a30 t2005;
  INPUT ---       rlabel(73)=Phi gASY c1975 a31 t2006;
  INPUT ---       rlabel(74)=Phi gASY c1975 a32 t2007;

  Program  MARK  - Survival Rate Estimation with Capture-Recapture Data
   gfortran(Win64) Vers. 8.2 Mar 2017    8-Apr-2017 12:14:05    Page  022
 - - - - - - - - - - - - - - - - - - - - - - - - - - - - - - - - - - - - - -
 
  INPUT ---       rlabel(75)=Phi gASY c1975 a33 t2008;
  INPUT ---       rlabel(76)=Phi gASY c1975 a34 t2009;
  INPUT ---       rlabel(77)=Phi gASY c1975 a35 t2010;
  INPUT ---       rlabel(78)=Phi gASY c1975 a36 t2011;
  INPUT ---       rlabel(79)=Phi gASY c1975 a37 t2012;
  INPUT ---       rlabel(80)=Phi gASY c1975 a38 t2013;
  INPUT ---       rlabel(81)=Phi gASY c1975 a39 t2014;
  INPUT ---       rlabel(82)=Phi gASY c1975 a40 t2015;
  INPUT ---       rlabel(83)=Phi gSY c1975 a0 t1975;
  INPUT ---       rlabel(84)=Phi gSY c1975 a1 t1976;
  INPUT ---       rlabel(85)=Phi gSY c1975 a2 t1977;
  INPUT ---       rlabel(86)=Phi gSY c1975 a3 t1978;
  INPUT ---       rlabel(87)=Phi gSY c1975 a4 t1979;
  INPUT ---       rlabel(88)=Phi gSY c1975 a5 t1980;
  INPUT ---       rlabel(89)=Phi gSY c1975 a6 t1981;
  INPUT ---       rlabel(90)=Phi gSY c1975 a7 t1982;
  INPUT ---       rlabel(91)=Phi gSY c1975 a8 t1983;
  INPUT ---       rlabel(92)=Phi gSY c1975 a9 t1984;
  INPUT ---       rlabel(93)=Phi gSY c1975 a10 t1985;
  INPUT ---       rlabel(94)=Phi gSY c1975 a11 t1986;
  INPUT ---       rlabel(95)=Phi gSY c1975 a12 t1987;
  INPUT ---       rlabel(96)=Phi gSY c1975 a13 t1988;
  INPUT ---       rlabel(97)=Phi gSY c1975 a14 t1989;
  INPUT ---       rlabel(98)=Phi gSY c1975 a15 t1990;
  INPUT ---       rlabel(99)=Phi gSY c1975 a16 t1991;
  INPUT ---       rlabel(100)=Phi gSY c1975 a17 t1992;
  INPUT ---       rlabel(101)=Phi gSY c1975 a18 t1993;
  INPUT ---       rlabel(102)=Phi gSY c1975 a19 t1994;
  INPUT ---       rlabel(103)=Phi gSY c1975 a20 t1995;
  INPUT ---       rlabel(104)=Phi gSY c1975 a21 t1996;
  INPUT ---       rlabel(105)=Phi gSY c1975 a22 t1997;
  INPUT ---       rlabel(106)=Phi gSY c1975 a23 t1998;
  INPUT ---       rlabel(107)=Phi gSY c1975 a24 t1999;
  INPUT ---       rlabel(108)=Phi gSY c1975 a25 t2000;
  INPUT ---       rlabel(109)=Phi gSY c1975 a26 t2001;
  INPUT ---       rlabel(110)=Phi gSY c1975 a27 t2002;
  INPUT ---       rlabel(111)=Phi gSY c1975 a28 t2003;
  INPUT ---       rlabel(112)=Phi gSY c1975 a29 t2004;
  INPUT ---       rlabel(113)=Phi gSY c1975 a30 t2005;
  INPUT ---       rlabel(114)=Phi gSY c1975 a31 t2006;
  INPUT ---       rlabel(115)=Phi gSY c1975 a32 t2007;
  INPUT ---       rlabel(116)=Phi gSY c1975 a33 t2008;
  INPUT ---       rlabel(117)=Phi gSY c1975 a34 t2009;
  INPUT ---       rlabel(118)=Phi gSY c1975 a35 t2010;
  INPUT ---       rlabel(119)=Phi gSY c1975 a36 t2011;
  INPUT ---       rlabel(120)=Phi gSY c1975 a37 t2012;

  Program  MARK  - Survival Rate Estimation with Capture-Recapture Data
   gfortran(Win64) Vers. 8.2 Mar 2017    8-Apr-2017 12:14:05    Page  023
 - - - - - - - - - - - - - - - - - - - - - - - - - - - - - - - - - - - - - -
 
  INPUT ---       rlabel(121)=Phi gSY c1975 a38 t2013;
  INPUT ---       rlabel(122)=Phi gSY c1975 a39 t2014;
  INPUT ---       rlabel(123)=Phi gSY c1975 a40 t2015;
  INPUT ---       rlabel(124)=p gAHY c1975 a1 t1976;
  INPUT ---       rlabel(125)=p gAHY c1975 a2 t1977;
  INPUT ---       rlabel(126)=p gAHY c1975 a3 t1978;
  INPUT ---       rlabel(127)=p gAHY c1975 a4 t1979;
  INPUT ---       rlabel(128)=p gAHY c1975 a5 t1980;
  INPUT ---       rlabel(129)=p gAHY c1975 a6 t1981;
  INPUT ---       rlabel(130)=p gAHY c1975 a7 t1982;
  INPUT ---       rlabel(131)=p gAHY c1975 a8 t1983;
  INPUT ---       rlabel(132)=p gAHY c1975 a9 t1984;
  INPUT ---       rlabel(133)=p gAHY c1975 a10 t1985;
  INPUT ---       rlabel(134)=p gAHY c1975 a11 t1986;
  INPUT ---       rlabel(135)=p gAHY c1975 a12 t1987;
  INPUT ---       rlabel(136)=p gAHY c1975 a13 t1988;
  INPUT ---       rlabel(137)=p gAHY c1975 a14 t1989;
  INPUT ---       rlabel(138)=p gAHY c1975 a15 t1990;
  INPUT ---       rlabel(139)=p gAHY c1975 a16 t1991;
  INPUT ---       rlabel(140)=p gAHY c1975 a17 t1992;
  INPUT ---       rlabel(141)=p gAHY c1975 a18 t1993;
  INPUT ---       rlabel(142)=p gAHY c1975 a19 t1994;
  INPUT ---       rlabel(143)=p gAHY c1975 a20 t1995;
  INPUT ---       rlabel(144)=p gAHY c1975 a21 t1996;
  INPUT ---       rlabel(145)=p gAHY c1975 a22 t1997;
  INPUT ---       rlabel(146)=p gAHY c1975 a23 t1998;
  INPUT ---       rlabel(147)=p gAHY c1975 a24 t1999;
  INPUT ---       rlabel(148)=p gAHY c1975 a25 t2000;
  INPUT ---       rlabel(149)=p gAHY c1975 a26 t2001;
  INPUT ---       rlabel(150)=p gAHY c1975 a27 t2002;
  INPUT ---       rlabel(151)=p gAHY c1975 a28 t2003;
  INPUT ---       rlabel(152)=p gAHY c1975 a29 t2004;
  INPUT ---       rlabel(153)=p gAHY c1975 a30 t2005;
  INPUT ---       rlabel(154)=p gAHY c1975 a31 t2006;
  INPUT ---       rlabel(155)=p gAHY c1975 a32 t2007;
  INPUT ---       rlabel(156)=p gAHY c1975 a33 t2008;
  INPUT ---       rlabel(157)=p gAHY c1975 a34 t2009;
  INPUT ---       rlabel(158)=p gAHY c1975 a35 t2010;
  INPUT ---       rlabel(159)=p gAHY c1975 a36 t2011;
  INPUT ---       rlabel(160)=p gAHY c1975 a37 t2012;
  INPUT ---       rlabel(161)=p gAHY c1975 a38 t2013;
  INPUT ---       rlabel(162)=p gAHY c1975 a39 t2014;
  INPUT ---       rlabel(163)=p gAHY c1975 a40 t2015;
  INPUT ---       rlabel(164)=p gAHY c1975 a41 t2016;

 Link Function Used is LOGIT        

  Program  MARK  - Survival Rate Estimation with Capture-Recapture Data
   gfortran(Win64) Vers. 8.2 Mar 2017    8-Apr-2017 12:14:05    Page  024
 - - - - - - - - - - - - - - - - - - - - - - - - - - - - - - - - - - - - - -
 

 Variance Estimation Procedure Used is 2ndPart 
 -2logL(saturated) = 4955.1628     
 Effective Sample Size = 4722

 Number of function evaluations was 73 for 47 parameters.
 Time for numerical optimization was 2.48 seconds.
 -2logL { Phi(~Time * AgeAtFirstSight)p(~time) } = 6013.5172     
 Penalty { Phi(~Time * AgeAtFirstSight)p(~time) } = -0.0000000    
 Gradient { Phi(~Time * AgeAtFirstSight)p(~time) }:
 -0.7394737E-03-0.6186874E-03-0.4856288E-03-0.6456358E-03-0.3796643E-03
 -0.5857793E-04-0.6151052E-04-0.7673386E-05-0.1250541E-03  0.000000    
 -0.8182974E-04-0.4755194E-04 0.2341226E-03-0.2054668E-03-0.1746398E-03
 -0.9845462E-04 0.1466300E-03  0.000000      0.000000     0.1662344E-03
  0.5296514E-03 0.1700552E-03 0.1417425E-03-0.2936156E-03 0.2052687E-03
 -0.4348407E-03-0.1418153E-03-0.6318571E-03 0.2663474E-03-0.7297256E-03
 -0.7645128E-04-0.5271276E-03 0.1060660E-03-0.8498272E-04-0.3985621E-03
 -0.8058486E-05  0.000000      0.000000     0.1627911E-03 0.7028366E-04
   0.000000    -0.2366384E-03  0.000000     0.5533972E-04-0.9836043E-04
  0.6660314E-03  0.000000    
 S Vector { Phi(~Time * AgeAtFirstSight)p(~time) }:
   1854.450      488.1978      161.4625      50.36073      18.76934    
   18.66032      18.32756      16.72618      16.04160      15.74038    
   15.12103      14.66354      14.03463      13.17204      10.97374    
   10.12492      8.357777      7.736992      7.329887      6.588084    
   6.480492      6.233369      5.539006      5.169484      4.522386    
   4.049790      3.928958      3.793960      3.435418      3.394947    
   3.108276      3.014409      2.859488      2.680717      2.442386    
   2.270314      2.165081      2.040722      1.631334      1.137244    
   1.001981     0.7191883     0.1829137E-01 0.2945576E-05 0.1429675E-05
  0.4170571E-06 0.2448159E-06
 Time to compute number of parameters was 2.52 seconds.
   Threshold =  0.9600000E-06     Condition index =  0.1320153E-09     New Threshold =  0.1678373E-05
 New Guessimate of Estimated Parameters { Phi(~Time * AgeAtFirstSight)p(~time) } = 43          
 Conditioned S Vector { Phi(~Time * AgeAtFirstSight)p(~time) }:
   1.000000     0.2632574     0.8706761E-01 0.2715669E-01 0.1012124E-01
  0.1006245E-01 0.9883015E-02 0.9019482E-02 0.8650329E-02 0.8487894E-02
  0.8153917E-02 0.7907217E-02 0.7568079E-02 0.7102937E-02 0.5917517E-02
  0.5459797E-02 0.4506876E-02 0.4172122E-02 0.3952593E-02 0.3552581E-02
  0.3494563E-02 0.3361303E-02 0.2986872E-02 0.2787610E-02 0.2438667E-02
  0.2183823E-02 0.2118665E-02 0.2045868E-02 0.1852527E-02 0.1830703E-02
  0.1676117E-02 0.1625500E-02 0.1541960E-02 0.1445559E-02 0.1317041E-02
  0.1224252E-02 0.1167506E-02 0.1100446E-02 0.8796862E-03 0.6132512E-03
  0.5403115E-03 0.3878176E-03 0.9863503E-05 0.1588383E-08 0.7709428E-09
  0.2248953E-09 0.1320153E-09
 Number of Estimated Parameters { Phi(~Time * AgeAtFirstSight)p(~time) } = 43          
 DEVIANCE { Phi(~Time * AgeAtFirstSight)p(~time) } = 1058.3544                     
 DEVIANCE Degrees of Freedom { Phi(~Time * AgeAtFirstSight)p(~time) } = 234            
 c-hat { Phi(~Time * AgeAtFirstSight)p(~time) } = 4.5228820                     
 AIC { Phi(~Time * AgeAtFirstSight)p(~time) } = 6099.5172                  
 AICc { Phi(~Time * AgeAtFirstSight)p(~time) } = 6100.3261                    
 BIC { Phi(~Time * AgeAtFirstSight)p(~time) } = 6377.2967                    
 Pearson Chisquare { Phi(~Time * AgeAtFirstSight)p(~time) } = 27458.787                  

  Program  MARK  - Survival Rate Estimation with Capture-Recapture Data
   gfortran(Win64) Vers. 8.2 Mar 2017    8-Apr-2017 12:14:08    Page  025
 - - - - - - - - - - - - - - - - - - - - - - - - - - - - - - - - - - - - - -
 


           LOGIT Link Function Parameters of { Phi(~Time * AgeAtFirstSight)p(~time) }
                                                              95% Confidence Interval
 Parameter                    Beta         Standard Error      Lower           Upper
 -------------------------  --------------  --------------  --------------  --------------
    1:Phi:(Intercept)       -1.0908668      0.3554342       -1.7875178      -0.3942158    
    2:Phi:Time              0.0044008       0.0146437       -0.0243009      0.0331025     
    3:Phi:AgeAtFirstSightA  0.6855370       0.3670807       -0.0339412      1.4050152     
    4:Phi:AgeAtFirstSightS  -0.1269446      0.3823599       -0.8763700      0.6224807     
    5:Phi:Time:AgeAtFirstS  -0.0049440      0.0153195       -0.0349702      0.0250821     
    6:Phi:Time:AgeAtFirstS  0.0138156       0.0160046       -0.0175534      0.0451846     
    7:p:(Intercept)         0.4786004       1.2117515       -1.8964326      2.8536333     
    8:p:time1977            10.852586       836.33705       -1628.3681      1650.0732     
    9:p:time1978            -1.1818437      1.5745276       -4.2679179      1.9042305     
   10:p:time1979            0.1397462       1.3892709       -2.5832248      2.8627172     
   11:p:time1980            0.1114477       1.4331739       -2.6975732      2.9204686     
   12:p:time1981            -0.9126342      1.3817879       -3.6209385      1.7956702     
   13:p:time1982            -0.1654082      1.3496032       -2.8106306      2.4798141     
   14:p:time1983            0.7705920       1.3251998       -1.8267996      3.3679836     
   15:p:time1984            0.5623495       1.2758775       -1.9383705      3.0630695     
   16:p:time1985            0.8475409       1.2879028       -1.6767486      3.3718305     
   17:p:time1986            -0.2405305      1.2530704       -2.6965485      2.2154874     
   18:p:time1987            -0.4261020      1.2438380       -2.8640245      2.0118205     
   19:p:time1988            -0.8851137      1.2392366       -3.3140175      1.5437901     
   20:p:time1989            -1.1884631      1.2394647       -3.6178140      1.2408877     
   21:p:time1990            -0.7171571      1.2366498       -3.1409907      1.7066765     
   22:p:time1991            -0.6044697      1.2371973       -3.0293765      1.8204372     
   23:p:time1992            -1.5666113      1.2409263       -3.9988269      0.8656043     
   24:p:time1993            -0.8585413      1.2370249       -3.2831102      1.5660275     
   25:p:time1994            -0.7723008      1.2363133       -3.1954748      1.6508733     
   26:p:time1995            -0.0457792      1.2652424       -2.5256542      2.4340959     
   27:p:time1996            0.2826469       1.2789630       -2.2241206      2.7894144     
   28:p:time1997            1.4469787       1.3960077       -1.2891965      4.1831539     
   29:p:time1998            0.7073468       1.2727080       -1.7871610      3.2018545     
   30:p:time1999            -0.4956220      1.2406683       -2.9273319      1.9360880     
   31:p:time2000            -0.1896396      1.2525354       -2.6446090      2.2653298     
   32:p:time2001            0.2077650       1.2641738       -2.2700157      2.6855457     
   33:p:time2002            1.5724393       1.3414974       -1.0568956      4.2017743     
   34:p:time2003            -0.0702113      1.2763367       -2.5718313      2.4314087     
   35:p:time2004            0.1409699       1.2861263       -2.3798376      2.6617775     
   36:p:time2005            10.286174       583.36242       -1133.1042      1153.6765     
   37:p:time2006            0.1002861       1.3246795       -2.4960858      2.6966580     
   38:p:time2007            -0.0568490      1.3143575       -2.6329898      2.5192918     
   39:p:time2008            0.1173764       1.3115394       -2.4532409      2.6879938     
   40:p:time2009            1.5880686       1.5409727       -1.4322380      4.6083752     

  Program  MARK  - Survival Rate Estimation with Capture-Recapture Data
   gfortran(Win64) Vers. 8.2 Mar 2017    8-Apr-2017 12:14:08    Page  026
 - - - - - - - - - - - - - - - - - - - - - - - - - - - - - - - - - - - - - -
 
   41:p:time2010            18.970492       1548.2035       -3015.5083      3053.4493     
   42:p:time2011            -0.1530182      1.3205524       -2.7413010      2.4352647     
   43:p:time2012            -0.5623682      1.3513569       -3.2110278      2.0862914     
   44:p:time2013            -0.6434755      1.3865483       -3.3611102      2.0741592     
   45:p:time2014            -1.7739652      1.3624569       -4.4443808      0.8964504     
   46:p:time2015            -0.0924346      1.3305348       -2.7002829      2.5154136     
   47:p:time2016            19.818265       2021.0648       -3941.4687      3981.1053     


           Real Function Parameters of { Phi(~Time * AgeAtFirstSight)p(~time) }
                                                               95% Confidence Interval
  Parameter                  Estimate       Standard Error      Lower           Upper
 --------------------------  --------------  --------------  --------------  --------------
     1:Phi gAHY c1975 a0 t1  0.2514551       0.0669018       0.1433773       0.4027029                           
     2:Phi gAHY c1975 a1 t1  0.2522843       0.0645693       0.1471211       0.3975773                           
     3:Phi gAHY c1975 a2 t1  0.2531154       0.0622498       0.1509135       0.3925333                           
     4:Phi gAHY c1975 a3 t1  0.2539483       0.0599464       0.1547493       0.3875786                           
     5:Phi gAHY c1975 a4 t1  0.2547829       0.0576629       0.1586224       0.3827213                           
     6:Phi gAHY c1975 a5 t1  0.2556194       0.0554034       0.1625254       0.3779711                           
     7:Phi gAHY c1975 a6 t1  0.2564577       0.0531727       0.1664493       0.3733387                           
     8:Phi gAHY c1975 a7 t1  0.2572977       0.0509767       0.1703836       0.3688366                           
     9:Phi gAHY c1975 a8 t1  0.2581396       0.0488221       0.1743157       0.3644789                           
    10:Phi gAHY c1975 a9 t1  0.2589833       0.0467166       0.1782309       0.3602821                           
    11:Phi gAHY c1975 a10 t  0.2598287       0.0446695       0.1821116       0.3562651                           
    12:Phi gAHY c1975 a11 t  0.2606760       0.0426914       0.1859371       0.3524500                           
    13:Phi gAHY c1975 a12 t  0.2615250       0.0407950       0.1896832       0.3488621                           
    14:Phi gAHY c1975 a13 t  0.2623758       0.0389946       0.1933217       0.3455305                           
    15:Phi gAHY c1975 a14 t  0.2632284       0.0373068       0.1968202       0.3424886                           
    16:Phi gAHY c1975 a15 t  0.2640828       0.0357504       0.2001420       0.3397737                           
    17:Phi gAHY c1975 a16 t  0.2649389       0.0343462       0.2032462       0.3374272                           
    18:Phi gAHY c1975 a17 t  0.2657969       0.0331167       0.2060888       0.3354934                           
    19:Phi gAHY c1975 a18 t  0.2666565       0.0320849       0.2086242       0.3340182                           
    20:Phi gAHY c1975 a19 t  0.2675180       0.0312738       0.2108073       0.3330466                           
    21:Phi gAHY c1975 a20 t  0.2683812       0.0307040       0.2125974       0.3326192                           
    22:Phi gAHY c1975 a21 t  0.2692462       0.0303926       0.2139609       0.3327691                           
    23:Phi gAHY c1975 a22 t  0.2701130       0.0303507       0.2148756       0.3335181                           
    24:Phi gAHY c1975 a23 t  0.2709815       0.0305828       0.2153325       0.3348743                           
    25:Phi gAHY c1975 a24 t  0.2718517       0.0310861       0.2153372       0.3368314                           
    26:Phi gAHY c1975 a25 t  0.2727237       0.0318508       0.2149084       0.3393693                           
    27:Phi gAHY c1975 a26 t  0.2735975       0.0328617       0.2140759       0.3424572                           
    28:Phi gAHY c1975 a27 t  0.2744730       0.0341000       0.2128765       0.3460566                           
    29:Phi gAHY c1975 a28 t  0.2753502       0.0355447       0.2113513       0.3501249                           
    30:Phi gAHY c1975 a29 t  0.2762291       0.0371746       0.2095420       0.3546184                           
    31:Phi gAHY c1975 a30 t  0.2771098       0.0389689       0.2074890       0.3594946                           
    32:Phi gAHY c1975 a31 t  0.2779923       0.0409085       0.2052299       0.3647138                           
    33:Phi gAHY c1975 a32 t  0.2788764       0.0429761       0.2027985       0.3702396                           

  Program  MARK  - Survival Rate Estimation with Capture-Recapture Data
   gfortran(Win64) Vers. 8.2 Mar 2017    8-Apr-2017 12:14:08    Page  027
 - - - - - - - - - - - - - - - - - - - - - - - - - - - - - - - - - - - - - -
 
    34:Phi gAHY c1975 a33 t  0.2797623       0.0451563       0.2002250       0.3760395                           
    35:Phi gAHY c1975 a34 t  0.2806499       0.0474358       0.1975354       0.3820844                           
    36:Phi gAHY c1975 a35 t  0.2815392       0.0498030       0.1947526       0.3883486                           
    37:Phi gAHY c1975 a36 t  0.2824302       0.0522478       0.1918959       0.3948097                           
    38:Phi gAHY c1975 a37 t  0.2833230       0.0547617       0.1889819       0.4014477                           
    39:Phi gAHY c1975 a38 t  0.2842174       0.0573374       0.1860251       0.4082448                           
    40:Phi gAHY c1975 a39 t  0.2851135       0.0599686       0.1830374       0.4151855                           
    41:Phi gAHY c1975 a40 t  0.2860114       0.0626499       0.1800292       0.4222555                           
    42:Phi gASY c1975 a0 t1  0.4000325       0.0278023       0.3469720       0.4555467                           
    43:Phi gASY c1975 a1 t1  0.3999021       0.0266461       0.3489857       0.4530771                           
    44:Phi gASY c1975 a2 t1  0.3997717       0.0255006       0.3509853       0.4506310                           
    45:Phi gASY c1975 a3 t1  0.3996414       0.0243673       0.3529678       0.4482114                           
    46:Phi gASY c1975 a4 t1  0.3995110       0.0232480       0.3549298       0.4458219                           
    47:Phi gASY c1975 a5 t1  0.3993807       0.0221447       0.3568671       0.4434667                           
    48:Phi gASY c1975 a6 t1  0.3992504       0.0210598       0.3587748       0.4411508                           
    49:Phi gASY c1975 a7 t1  0.3991201       0.0199964       0.3606470       0.4388801                           
    50:Phi gASY c1975 a8 t1  0.3989898       0.0189580       0.3624768       0.4366617                           
    51:Phi gASY c1975 a9 t1  0.3988596       0.0179488       0.3642555       0.4345042                           
    52:Phi gASY c1975 a10 t  0.3987293       0.0169740       0.3659732       0.4324178                           
    53:Phi gASY c1975 a11 t  0.3985991       0.0160399       0.3676173       0.4304147                           
    54:Phi gASY c1975 a12 t  0.3984689       0.0151538       0.3691734       0.4285098                           
    55:Phi gASY c1975 a13 t  0.3983387       0.0143247       0.3706240       0.4267206                           
    56:Phi gASY c1975 a14 t  0.3982085       0.0135628       0.3719487       0.4250674                           
    57:Phi gASY c1975 a15 t  0.3980783       0.0128802       0.3731242       0.4235736                           
    58:Phi gASY c1975 a16 t  0.3979481       0.0122898       0.3741247       0.4222651                           
    59:Phi gASY c1975 a17 t  0.3978180       0.0118054       0.3749231       0.4211689                           
    60:Phi gASY c1975 a18 t  0.3976878       0.0114405       0.3754933       0.4203113                           
    61:Phi gASY c1975 a19 t  0.3975577       0.0112065       0.3758125       0.4197151                           
    62:Phi gASY c1975 a20 t  0.3974276       0.0111118       0.3758646       0.4193964                           
    63:Phi gASY c1975 a21 t  0.3972975       0.0111596       0.3756428       0.4193620                           
    64:Phi gASY c1975 a22 t  0.3971674       0.0113482       0.3751511       0.4196082                           
    65:Phi gASY c1975 a23 t  0.3970374       0.0116707       0.3744028       0.4201214                           
    66:Phi gASY c1975 a24 t  0.3969073       0.0121161       0.3734192       0.4208805                           
    67:Phi gASY c1975 a25 t  0.3967773       0.0126716       0.3722259       0.4218598                           
    68:Phi gASY c1975 a26 t  0.3966473       0.0133232       0.3708502       0.4230322                           
    69:Phi gASY c1975 a27 t  0.3965173       0.0140576       0.3693185       0.4243713                           
    70:Phi gASY c1975 a28 t  0.3963873       0.0148624       0.3676549       0.4258528                           
    71:Phi gASY c1975 a29 t  0.3962573       0.0157267       0.3658811       0.4274554                           
    72:Phi gASY c1975 a30 t  0.3961273       0.0166411       0.3640153       0.4291606                           
    73:Phi gASY c1975 a31 t  0.3959974       0.0175979       0.3620731       0.4309530                           
    74:Phi gASY c1975 a32 t  0.3958674       0.0185904       0.3600675       0.4328194                           
    75:Phi gASY c1975 a33 t  0.3957375       0.0196131       0.3580094       0.4347491                           
    76:Phi gASY c1975 a34 t  0.3956076       0.0206615       0.3559079       0.4367331                           
    77:Phi gASY c1975 a35 t  0.3954777       0.0217318       0.3537703       0.4387638                           
    78:Phi gASY c1975 a36 t  0.3953479       0.0228210       0.3516029       0.4408351                           
    79:Phi gASY c1975 a37 t  0.3952180       0.0239263       0.3494110       0.4429417                           

  Program  MARK  - Survival Rate Estimation with Capture-Recapture Data
   gfortran(Win64) Vers. 8.2 Mar 2017    8-Apr-2017 12:14:08    Page  028
 - - - - - - - - - - - - - - - - - - - - - - - - - - - - - - - - - - - - - -
 
    80:Phi gASY c1975 a38 t  0.3950882       0.0250456       0.3471990       0.4450792                           
    81:Phi gASY c1975 a39 t  0.3949583       0.0261771       0.3449705       0.4472439                           
    82:Phi gASY c1975 a40 t  0.3948285       0.0273191       0.3427288       0.4494327                           
    83:Phi gSY c1975 a0 t19  0.2283218       0.0279658       0.1781531       0.2876731                           
    84:Phi gSY c1975 a1 t19  0.2315473       0.0271004       0.1827067       0.2888298                           
    85:Phi gSY c1975 a2 t19  0.2348044       0.0262218       0.1873339       0.2900112                           
    86:Phi gSY c1975 a3 t19  0.2380932       0.0253317       0.1920320       0.2912204                           
    87:Phi gSY c1975 a4 t19  0.2414134       0.0244320       0.1967974       0.2924613                           
    88:Phi gSY c1975 a5 t19  0.2447652       0.0235250       0.2016261       0.2937382                           
    89:Phi gSY c1975 a6 t19  0.2481482       0.0226133       0.2065128       0.2950565                           
    90:Phi gSY c1975 a7 t19  0.2515624       0.0217004       0.2114512       0.2964223                           
    91:Phi gSY c1975 a8 t19  0.2550076       0.0207902       0.2164337       0.2978433                           
    92:Phi gSY c1975 a9 t19  0.2584838       0.0198874       0.2214510       0.2993285                           
    93:Phi gSY c1975 a10 t1  0.2619907       0.0189977       0.2264918       0.3008890                           
    94:Phi gSY c1975 a11 t1  0.2655281       0.0181282       0.2315425       0.3025381                           
    95:Phi gSY c1975 a12 t1  0.2690958       0.0172871       0.2365865       0.3042916                           
    96:Phi gSY c1975 a13 t1  0.2726937       0.0164845       0.2416040       0.3061689                           
    97:Phi gSY c1975 a14 t1  0.2763215       0.0157321       0.2465716       0.3081926                           
    98:Phi gSY c1975 a15 t1  0.2799790       0.0150438       0.2514617       0.3103893                           
    99:Phi gSY c1975 a16 t1  0.2836659       0.0144353       0.2562430       0.3127894                           
   100:Phi gSY c1975 a17 t1  0.2873820       0.0139240       0.2608810       0.3154262                           
   101:Phi gSY c1975 a18 t1  0.2911270       0.0135280       0.2653397       0.3183346                           
   102:Phi gSY c1975 a19 t1  0.2949006       0.0132647       0.2695841       0.3215480                           
   103:Phi gSY c1975 a20 t1  0.2987025       0.0131494       0.2735836       0.3250956                           
   104:Phi gSY c1975 a21 t1  0.3025324       0.0131931       0.2773158       0.3289982                           
   105:Phi gSY c1975 a22 t1  0.3063900       0.0134013       0.2807692       0.3332653                           
   106:Phi gSY c1975 a23 t1  0.3102748       0.0137732       0.2839444       0.3378947                           
   107:Phi gSY c1975 a24 t1  0.3141866       0.0143025       0.2868530       0.3428725                           
   108:Phi gSY c1975 a25 t2  0.3181250       0.0149786       0.2895149       0.3481768                           
   109:Phi gSY c1975 a26 t2  0.3220895       0.0157881       0.2919551       0.3537801                           
   110:Phi gSY c1975 a27 t2  0.3260798       0.0167168       0.2942006       0.3596532                           
   111:Phi gSY c1975 a28 t2  0.3300955       0.0177509       0.2962776       0.3657672                           
   112:Phi gSY c1975 a29 t2  0.3341362       0.0188772       0.2982106       0.3720950                           
   113:Phi gSY c1975 a30 t2  0.3382013       0.0200842       0.3000211       0.3786122                           
   114:Phi gSY c1975 a31 t2  0.3422904       0.0213618       0.3017278       0.3852971                           
   115:Phi gSY c1975 a32 t2  0.3464031       0.0227013       0.3033468       0.3921309                           
   116:Phi gSY c1975 a33 t2  0.3505389       0.0240951       0.3048913       0.3990969                           
   117:Phi gSY c1975 a34 t2  0.3546973       0.0255370       0.3063726       0.4061807                           
   118:Phi gSY c1975 a35 t2  0.3588777       0.0270215       0.3078001       0.4133697                           
   119:Phi gSY c1975 a36 t2  0.3630797       0.0285440       0.3091815       0.4206524                           
   120:Phi gSY c1975 a37 t2  0.3673027       0.0301003       0.3105235       0.4280190                           
   121:Phi gSY c1975 a38 t2  0.3715462       0.0316871       0.3118313       0.4354603                           
   122:Phi gSY c1975 a39 t2  0.3758096       0.0333013       0.3131098       0.4429680                           
   123:Phi gSY c1975 a40 t2  0.3800923       0.0349400       0.3143626       0.4505345                           
   124:p gAHY c1975 a1 t197  0.6174173       0.2862317       0.1305128       0.9455062                           
   125:p gAHY c1975 a2 t197  0.9999880       0.0100300       0.8221186E-299  1.0000000                           

  Program  MARK  - Survival Rate Estimation with Capture-Recapture Data
   gfortran(Win64) Vers. 8.2 Mar 2017    8-Apr-2017 12:14:08    Page  029
 - - - - - - - - - - - - - - - - - - - - - - - - - - - - - - - - - - - - - -
 
   126:p gAHY c1975 a3 t197  0.3310935       0.2227548       0.0644884       0.7804210                           
   127:p gAHY c1975 a4 t197  0.6498424       0.1548221       0.3284447       0.8756560                           
   128:p gAHY c1975 a5 t198  0.6433762       0.1759310       0.2864215       0.8902135                           
   129:p gAHY c1975 a6 t198  0.3931635       0.1586461       0.1496534       0.7045906                           
   130:p gAHY c1975 a7 t198  0.5776642       0.1452722       0.2986153       0.8146156                           
   131:p gAHY c1975 a8 t198  0.7771600       0.0932521       0.5483007       0.9092554                           
   132:p gAHY c1975 a9 t198  0.7390332       0.0774428       0.5631426       0.8615202                           
   133:p gAHY c1975 a10 t19  0.7902016       0.0727073       0.6145659       0.8989613                           
   134:p gAHY c1975 a11 t19  0.5592379       0.0797182       0.4023175       0.7051529                           
   135:p gAHY c1975 a12 t19  0.5131216       0.0711481       0.3762051       0.6480968                           
   136:p gAHY c1975 a13 t19  0.3997485       0.0632138       0.2843738       0.5274328                           
   137:p gAHY c1975 a14 t19  0.3296292       0.0584691       0.2264486       0.4523324                           
   138:p gAHY c1975 a15 t19  0.4406420       0.0617697       0.3252487       0.5628263                           
   139:p gAHY c1975 a16 t19  0.4685742       0.0630351       0.3493211       0.5915281                           
   140:p gAHY c1975 a17 t19  0.2519930       0.0507999       0.1657237       0.3635985                           
   141:p gAHY c1975 a18 t19  0.4061411       0.0606516       0.2946684       0.5282039                           
   142:p gAHY c1975 a19 t19  0.4270982       0.0606023       0.3145047       0.5477891                           
   143:p gAHY c1975 a20 t19  0.6065471       0.0873691       0.4292931       0.7595800                           
   144:p gAHY c1975 a21 t19  0.6816245       0.0891113       0.4891062       0.8272236                           
   145:p gAHY c1975 a22 t19  0.8727593       0.0771290       0.6374426       0.9639759                           
   146:p gAHY c1975 a23 t19  0.7660154       0.0700024       0.6035906       0.8756042                           
   147:p gAHY c1975 a24 t19  0.4957447       0.0667558       0.3680887       0.6239579                           
   148:p gAHY c1975 a25 t20  0.5717417       0.0777246       0.4174600       0.7132314                           
   149:p gAHY c1975 a26 t20  0.6651579       0.0802689       0.4949965       0.8010302                           
   150:p gAHY c1975 a27 t20  0.8860526       0.0581114       0.7156377       0.9600422                           
   151:p gAHY c1975 a28 t20  0.6007015       0.0961074       0.4068631       0.7674069                           
   152:p gAHY c1975 a29 t20  0.6501208       0.0979988       0.4440203       0.8121440                           
   153:p gAHY c1975 a30 t20  0.9999789       0.0123265       0.4665998E-299  1.0000000                           
   154:p gAHY c1975 a31 t20  0.6408111       0.1230325       0.3849050       0.8356969                           
   155:p gAHY c1975 a32 t20  0.6039023       0.1216181       0.3601376       0.8050670                           
   156:p gAHY c1975 a33 t20  0.6447353       0.1148726       0.4044419       0.8290550                           
   157:p gAHY c1975 a34 t20  0.8876211       0.0949330       0.5501600       0.9807729                           
   158:p gAHY c1975 a35 t20  1.0000000       0.5536010E-005  0.9999891       1.0000108                           
   159:p gAHY c1975 a36 t20  0.5806841       0.1274299       0.3317725       0.7943492                           
   160:p gAHY c1975 a37 t20  0.4790703       0.1488150       0.2222633       0.7474371                           
   161:p gAHY c1975 a38 t20  0.4588743       0.1668645       0.1851250       0.7599223                           
   162:p gAHY c1975 a39 t20  0.2149461       0.1048721       0.0749188       0.4806963                           
   163:p gAHY c1975 a40 t20  0.5953593       0.1320339       0.3344663       0.8115915                           
   164:p gAHY c1975 a41 t20  1.0000000       0.3095746E-005  0.9999939       1.0000061                           

 Attempted ordering of parameters by estimatibility:
   1  3  7  2  4 25 21 22 24 19 30 20 23 18  5 31 17 26 32 29 34 15 27 35 16
  39 38 42 14 37 46 43 33 13 45 12 10 44 28  6 11 40  9 36  8 41 47
 Beta number 47 is a singular value.

     CPU Time in seconds for last procedure was 5.06

  Program  MARK  - Survival Rate Estimation with Capture-Recapture Data
   gfortran(Win64) Vers. 8.2 Mar 2017    8-Apr-2017 12:14:08    Page  030
 - - - - - - - - - - - - - - - - - - - - - - - - - - - - - - - - - - - - - -
 


  INPUT --- proc stop;

   * *  WARNING  * *   Numerical underflow occurred during final processing of this model. 
     IEEE flag status at final processing of this model:
     overflow       F
     divide by zero F
     invalid        F
     underflow      T
     inexact        T


     CPU Time in minutes for this job was 0.09

     Time Start = 12:14:05.723   Time End = 12:14:08.420

     Wall Clock Time in minutes for this job was 0.04


          E X E C U T I O N   S U C C E S S F U L 
