
   Program  MARK  - Survival Rate Estimation with Capture-Recapture Data
   gfortran(Win64) Vers. 8.2 Mar 2017   11-Apr-2017 09:29:08    Page  001
 - - - - - - - - - - - - - - - - - - - - - - - - - - - - - - - - - - - - - -
 
   This version was compiled by GCC version 5.3.0 using the options: 
     -cpp -iprefix c:\tdm-gcc-64\gcc\bin\../lib/gcc/x86_64-w64-mingw32/5.3.0/ -D_MT
     -U_REENTRANT -D IEEE -m64 -mtune=generic -march=x86-64 -mthreads -O3
     -fimplicit-none -fbounds-check -ffpe-summary=invalid,zero,overflow,underflow
     -fno-unsafe-math-optimizations -frounding-math -fsignaling-nans -fopenmp.

   This problem will use 3 of 4 possible threads.


  INPUT --- proc title ;

     CPU Time in seconds for last procedure was 0.02


  INPUT --- proc chmatrix occasions= 42 groups= 3 etype= Live ICMeans 
  INPUT --- NoHist hist= 238 ;

  INPUT ---    time  interval 1 1 1 1 1 1 1 1 1 1 1 1 1 1 1 1 1 1 1 1 1 1 
  INPUT ---    1 1 1 1 1 1 1 1 1 1 1 1 1 1 1 1 1 1 1 ;

  INPUT ---    glabel(1)=ageHY.sexF;

  INPUT ---    glabel(2)=ageHY.sexM;

  INPUT ---    glabel(3)=ageHY.sexU;

   * *  WARNING  * *   At least a pair of the encounter histories are duplicates. 

      Number of unique encounter histories read was 194.

      Number of individual covariates read was 0.
      Time interval lengths are all equal to 1.

      Data type number is 1
      Data type is Live Recaptures (CJS)                                                                               

     CPU Time in seconds for last procedure was 0.11

  Program  MARK  - Survival Rate Estimation with Capture-Recapture Data
   gfortran(Win64) Vers. 8.2 Mar 2017   11-Apr-2017 09:29:08    Page  002
 - - - - - - - - - - - - - - - - - - - - - - - - - - - - - - - - - - - - - -
 


  INPUT --- proc estimate link=Logit NOLOOP varest=2ndPart    ;


  INPUT --- model={ Phi(~Time + age)p(~time) };

  INPUT ---    group=1 Phi    rows=41 cols=41 Triang ;
  INPUT ---        1 2 3 4 5 6 7 8 9 10 11 12 13 14 15 16 17 18 19 20 21 22 
  INPUT ---       23 24 25 26 27 28 29 30 31 32 33 34 35 36 37 38 39 40 41 ;
  INPUT ---        2 42 43 5 6 7 8 9 10 11 12 13 14 15 16 17 18 19 20 21 22 
  INPUT ---       23 24 25 26 27 28 29 30 31 32 33 34 35 36 37 38 39 40 41 ;
  INPUT ---        42 44 45 6 7 8 9 10 11 12 13 14 15 16 17 18 19 20 21 22 23 
  INPUT ---       24 25 26 27 28 29 30 31 32 33 34 35 36 37 38 39 40 41 ;
  INPUT ---        44 46 47 7 8 9 10 11 12 13 14 15 16 17 18 19 20 21 22 23 
  INPUT ---       24 25 26 27 28 29 30 31 32 33 34 35 36 37 38 39 40 41 ;
  INPUT ---        46 48 49 8 9 10 11 12 13 14 15 16 17 18 19 20 21 22 23 24 
  INPUT ---       25 26 27 28 29 30 31 32 33 34 35 36 37 38 39 40 41 ;
  INPUT ---        48 50 51 9 10 11 12 13 14 15 16 17 18 19 20 21 22 23 24 25 
  INPUT ---       26 27 28 29 30 31 32 33 34 35 36 37 38 39 40 41 ;
  INPUT ---        50 52 53 10 11 12 13 14 15 16 17 18 19 20 21 22 23 24 25 
  INPUT ---       26 27 28 29 30 31 32 33 34 35 36 37 38 39 40 41 ;
  INPUT ---        52 54 55 11 12 13 14 15 16 17 18 19 20 21 22 23 24 25 26 
  INPUT ---       27 28 29 30 31 32 33 34 35 36 37 38 39 40 41 ;
  INPUT ---        54 56 57 12 13 14 15 16 17 18 19 20 21 22 23 24 25 26 27 
  INPUT ---       28 29 30 31 32 33 34 35 36 37 38 39 40 41 ;
  INPUT ---        56 58 59 13 14 15 16 17 18 19 20 21 22 23 24 25 26 27 28 
  INPUT ---       29 30 31 32 33 34 35 36 37 38 39 40 41 ;
  INPUT ---        58 60 61 14 15 16 17 18 19 20 21 22 23 24 25 26 27 28 29 
  INPUT ---       30 31 32 33 34 35 36 37 38 39 40 41 ;
  INPUT ---        60 62 63 15 16 17 18 19 20 21 22 23 24 25 26 27 28 29 30 
  INPUT ---       31 32 33 34 35 36 37 38 39 40 41 ;
  INPUT ---        62 64 65 16 17 18 19 20 21 22 23 24 25 26 27 28 29 30 31 
  INPUT ---       32 33 34 35 36 37 38 39 40 41 ;
  INPUT ---        64 66 67 17 18 19 20 21 22 23 24 25 26 27 28 29 30 31 32 
  INPUT ---       33 34 35 36 37 38 39 40 41 ;
  INPUT ---        66 68 69 18 19 20 21 22 23 24 25 26 27 28 29 30 31 32 33 
  INPUT ---       34 35 36 37 38 39 40 41 ;
  INPUT ---        68 70 71 19 20 21 22 23 24 25 26 27 28 29 30 31 32 33 34 
  INPUT ---       35 36 37 38 39 40 41 ;
  INPUT ---        70 72 73 20 21 22 23 24 25 26 27 28 29 30 31 32 33 34 35 
  INPUT ---       36 37 38 39 40 41 ;
  INPUT ---        72 74 75 21 22 23 24 25 26 27 28 29 30 31 32 33 34 35 36 
  INPUT ---       37 38 39 40 41 ;
  INPUT ---        74 76 77 22 23 24 25 26 27 28 29 30 31 32 33 34 35 36 37 
  INPUT ---       38 39 40 41 ;

  Program  MARK  - Survival Rate Estimation with Capture-Recapture Data
   gfortran(Win64) Vers. 8.2 Mar 2017   11-Apr-2017 09:29:08    Page  003
 - - - - - - - - - - - - - - - - - - - - - - - - - - - - - - - - - - - - - -
 
  INPUT ---        76 78 79 23 24 25 26 27 28 29 30 31 32 33 34 35 36 37 38 
  INPUT ---       39 40 41 ;
  INPUT ---        78 80 81 24 25 26 27 28 29 30 31 32 33 34 35 36 37 38 39 
  INPUT ---       40 41 ;
  INPUT ---        80 82 83 25 26 27 28 29 30 31 32 33 34 35 36 37 38 39 40 
  INPUT ---       41 ;
  INPUT ---        82 84 85 26 27 28 29 30 31 32 33 34 35 36 37 38 39 40 41 ;
  INPUT ---        84 86 87 27 28 29 30 31 32 33 34 35 36 37 38 39 40 41 ;
  INPUT ---        86 88 89 28 29 30 31 32 33 34 35 36 37 38 39 40 41 ;
  INPUT ---        88 90 91 29 30 31 32 33 34 35 36 37 38 39 40 41 ;
  INPUT ---        90 92 93 30 31 32 33 34 35 36 37 38 39 40 41 ;
  INPUT ---        92 94 95 31 32 33 34 35 36 37 38 39 40 41 ;
  INPUT ---        94 96 97 32 33 34 35 36 37 38 39 40 41 ;
  INPUT ---        96 98 99 33 34 35 36 37 38 39 40 41 ;
  INPUT ---        98 100 101 34 35 36 37 38 39 40 41 ;
  INPUT ---        100 102 103 35 36 37 38 39 40 41 ;
  INPUT ---        102 104 105 36 37 38 39 40 41 ;
  INPUT ---        104 106 107 37 38 39 40 41 ;
  INPUT ---        106 108 109 38 39 40 41 ;
  INPUT ---        108 110 111 39 40 41 ;
  INPUT ---        110 112 113 40 41 ;
  INPUT ---        112 114 115 41 ;
  INPUT ---        114 116 117 ;
  INPUT ---        116 118 ;
  INPUT ---        118 ;

  INPUT ---    group=2 Phi    rows=41 cols=41 Triang ;
  INPUT ---        1 2 3 4 5 6 7 8 9 10 11 12 13 14 15 16 17 18 19 20 21 22 
  INPUT ---       23 24 25 26 27 28 29 30 31 32 33 34 35 36 37 38 39 40 41 ;
  INPUT ---        2 42 43 5 6 7 8 9 10 11 12 13 14 15 16 17 18 19 20 21 22 
  INPUT ---       23 24 25 26 27 28 29 30 31 32 33 34 35 36 37 38 39 40 41 ;
  INPUT ---        42 44 45 6 7 8 9 10 11 12 13 14 15 16 17 18 19 20 21 22 23 
  INPUT ---       24 25 26 27 28 29 30 31 32 33 34 35 36 37 38 39 40 41 ;
  INPUT ---        44 46 47 7 8 9 10 11 12 13 14 15 16 17 18 19 20 21 22 23 
  INPUT ---       24 25 26 27 28 29 30 31 32 33 34 35 36 37 38 39 40 41 ;
  INPUT ---        46 48 49 8 9 10 11 12 13 14 15 16 17 18 19 20 21 22 23 24 
  INPUT ---       25 26 27 28 29 30 31 32 33 34 35 36 37 38 39 40 41 ;
  INPUT ---        48 50 51 9 10 11 12 13 14 15 16 17 18 19 20 21 22 23 24 25 
  INPUT ---       26 27 28 29 30 31 32 33 34 35 36 37 38 39 40 41 ;
  INPUT ---        50 52 53 10 11 12 13 14 15 16 17 18 19 20 21 22 23 24 25 
  INPUT ---       26 27 28 29 30 31 32 33 34 35 36 37 38 39 40 41 ;
  INPUT ---        52 54 55 11 12 13 14 15 16 17 18 19 20 21 22 23 24 25 26 
  INPUT ---       27 28 29 30 31 32 33 34 35 36 37 38 39 40 41 ;
  INPUT ---        54 56 57 12 13 14 15 16 17 18 19 20 21 22 23 24 25 26 27 
  INPUT ---       28 29 30 31 32 33 34 35 36 37 38 39 40 41 ;
  INPUT ---        56 58 59 13 14 15 16 17 18 19 20 21 22 23 24 25 26 27 28 

  Program  MARK  - Survival Rate Estimation with Capture-Recapture Data
   gfortran(Win64) Vers. 8.2 Mar 2017   11-Apr-2017 09:29:09    Page  004
 - - - - - - - - - - - - - - - - - - - - - - - - - - - - - - - - - - - - - -
 
  INPUT ---       29 30 31 32 33 34 35 36 37 38 39 40 41 ;
  INPUT ---        58 60 61 14 15 16 17 18 19 20 21 22 23 24 25 26 27 28 29 
  INPUT ---       30 31 32 33 34 35 36 37 38 39 40 41 ;
  INPUT ---        60 62 63 15 16 17 18 19 20 21 22 23 24 25 26 27 28 29 30 
  INPUT ---       31 32 33 34 35 36 37 38 39 40 41 ;
  INPUT ---        62 64 65 16 17 18 19 20 21 22 23 24 25 26 27 28 29 30 31 
  INPUT ---       32 33 34 35 36 37 38 39 40 41 ;
  INPUT ---        64 66 67 17 18 19 20 21 22 23 24 25 26 27 28 29 30 31 32 
  INPUT ---       33 34 35 36 37 38 39 40 41 ;
  INPUT ---        66 68 69 18 19 20 21 22 23 24 25 26 27 28 29 30 31 32 33 
  INPUT ---       34 35 36 37 38 39 40 41 ;
  INPUT ---        68 70 71 19 20 21 22 23 24 25 26 27 28 29 30 31 32 33 34 
  INPUT ---       35 36 37 38 39 40 41 ;
  INPUT ---        70 72 73 20 21 22 23 24 25 26 27 28 29 30 31 32 33 34 35 
  INPUT ---       36 37 38 39 40 41 ;
  INPUT ---        72 74 75 21 22 23 24 25 26 27 28 29 30 31 32 33 34 35 36 
  INPUT ---       37 38 39 40 41 ;
  INPUT ---        74 76 77 22 23 24 25 26 27 28 29 30 31 32 33 34 35 36 37 
  INPUT ---       38 39 40 41 ;
  INPUT ---        76 78 79 23 24 25 26 27 28 29 30 31 32 33 34 35 36 37 38 
  INPUT ---       39 40 41 ;
  INPUT ---        78 80 81 24 25 26 27 28 29 30 31 32 33 34 35 36 37 38 39 
  INPUT ---       40 41 ;
  INPUT ---        80 82 83 25 26 27 28 29 30 31 32 33 34 35 36 37 38 39 40 
  INPUT ---       41 ;
  INPUT ---        82 84 85 26 27 28 29 30 31 32 33 34 35 36 37 38 39 40 41 ;
  INPUT ---        84 86 87 27 28 29 30 31 32 33 34 35 36 37 38 39 40 41 ;
  INPUT ---        86 88 89 28 29 30 31 32 33 34 35 36 37 38 39 40 41 ;
  INPUT ---        88 90 91 29 30 31 32 33 34 35 36 37 38 39 40 41 ;
  INPUT ---        90 92 93 30 31 32 33 34 35 36 37 38 39 40 41 ;
  INPUT ---        92 94 95 31 32 33 34 35 36 37 38 39 40 41 ;
  INPUT ---        94 96 97 32 33 34 35 36 37 38 39 40 41 ;
  INPUT ---        96 98 99 33 34 35 36 37 38 39 40 41 ;
  INPUT ---        98 100 101 34 35 36 37 38 39 40 41 ;
  INPUT ---        100 102 103 35 36 37 38 39 40 41 ;
  INPUT ---        102 104 105 36 37 38 39 40 41 ;
  INPUT ---        104 106 107 37 38 39 40 41 ;
  INPUT ---        106 108 109 38 39 40 41 ;
  INPUT ---        108 110 111 39 40 41 ;
  INPUT ---        110 112 113 40 41 ;
  INPUT ---        112 114 115 41 ;
  INPUT ---        114 116 117 ;
  INPUT ---        116 118 ;
  INPUT ---        118 ;

  INPUT ---    group=3 Phi    rows=41 cols=41 Triang ;

  Program  MARK  - Survival Rate Estimation with Capture-Recapture Data
   gfortran(Win64) Vers. 8.2 Mar 2017   11-Apr-2017 09:29:09    Page  005
 - - - - - - - - - - - - - - - - - - - - - - - - - - - - - - - - - - - - - -
 
  INPUT ---        1 2 3 4 5 6 7 8 9 10 11 12 13 14 15 16 17 18 19 20 21 22 
  INPUT ---       23 24 25 26 27 28 29 30 31 32 33 34 35 36 37 38 39 40 41 ;
  INPUT ---        2 42 43 5 6 7 8 9 10 11 12 13 14 15 16 17 18 19 20 21 22 
  INPUT ---       23 24 25 26 27 28 29 30 31 32 33 34 35 36 37 38 39 40 41 ;
  INPUT ---        42 44 45 6 7 8 9 10 11 12 13 14 15 16 17 18 19 20 21 22 23 
  INPUT ---       24 25 26 27 28 29 30 31 32 33 34 35 36 37 38 39 40 41 ;
  INPUT ---        44 46 47 7 8 9 10 11 12 13 14 15 16 17 18 19 20 21 22 23 
  INPUT ---       24 25 26 27 28 29 30 31 32 33 34 35 36 37 38 39 40 41 ;
  INPUT ---        46 48 49 8 9 10 11 12 13 14 15 16 17 18 19 20 21 22 23 24 
  INPUT ---       25 26 27 28 29 30 31 32 33 34 35 36 37 38 39 40 41 ;
  INPUT ---        48 50 51 9 10 11 12 13 14 15 16 17 18 19 20 21 22 23 24 25 
  INPUT ---       26 27 28 29 30 31 32 33 34 35 36 37 38 39 40 41 ;
  INPUT ---        50 52 53 10 11 12 13 14 15 16 17 18 19 20 21 22 23 24 25 
  INPUT ---       26 27 28 29 30 31 32 33 34 35 36 37 38 39 40 41 ;
  INPUT ---        52 54 55 11 12 13 14 15 16 17 18 19 20 21 22 23 24 25 26 
  INPUT ---       27 28 29 30 31 32 33 34 35 36 37 38 39 40 41 ;
  INPUT ---        54 56 57 12 13 14 15 16 17 18 19 20 21 22 23 24 25 26 27 
  INPUT ---       28 29 30 31 32 33 34 35 36 37 38 39 40 41 ;
  INPUT ---        56 58 59 13 14 15 16 17 18 19 20 21 22 23 24 25 26 27 28 
  INPUT ---       29 30 31 32 33 34 35 36 37 38 39 40 41 ;
  INPUT ---        58 60 61 14 15 16 17 18 19 20 21 22 23 24 25 26 27 28 29 
  INPUT ---       30 31 32 33 34 35 36 37 38 39 40 41 ;
  INPUT ---        60 62 63 15 16 17 18 19 20 21 22 23 24 25 26 27 28 29 30 
  INPUT ---       31 32 33 34 35 36 37 38 39 40 41 ;
  INPUT ---        62 64 65 16 17 18 19 20 21 22 23 24 25 26 27 28 29 30 31 
  INPUT ---       32 33 34 35 36 37 38 39 40 41 ;
  INPUT ---        64 66 67 17 18 19 20 21 22 23 24 25 26 27 28 29 30 31 32 
  INPUT ---       33 34 35 36 37 38 39 40 41 ;
  INPUT ---        66 68 69 18 19 20 21 22 23 24 25 26 27 28 29 30 31 32 33 
  INPUT ---       34 35 36 37 38 39 40 41 ;
  INPUT ---        68 70 71 19 20 21 22 23 24 25 26 27 28 29 30 31 32 33 34 
  INPUT ---       35 36 37 38 39 40 41 ;
  INPUT ---        70 72 73 20 21 22 23 24 25 26 27 28 29 30 31 32 33 34 35 
  INPUT ---       36 37 38 39 40 41 ;
  INPUT ---        72 74 75 21 22 23 24 25 26 27 28 29 30 31 32 33 34 35 36 
  INPUT ---       37 38 39 40 41 ;
  INPUT ---        74 76 77 22 23 24 25 26 27 28 29 30 31 32 33 34 35 36 37 
  INPUT ---       38 39 40 41 ;
  INPUT ---        76 78 79 23 24 25 26 27 28 29 30 31 32 33 34 35 36 37 38 
  INPUT ---       39 40 41 ;
  INPUT ---        78 80 81 24 25 26 27 28 29 30 31 32 33 34 35 36 37 38 39 
  INPUT ---       40 41 ;
  INPUT ---        80 82 83 25 26 27 28 29 30 31 32 33 34 35 36 37 38 39 40 
  INPUT ---       41 ;
  INPUT ---        82 84 85 26 27 28 29 30 31 32 33 34 35 36 37 38 39 40 41 ;
  INPUT ---        84 86 87 27 28 29 30 31 32 33 34 35 36 37 38 39 40 41 ;

  Program  MARK  - Survival Rate Estimation with Capture-Recapture Data
   gfortran(Win64) Vers. 8.2 Mar 2017   11-Apr-2017 09:29:09    Page  006
 - - - - - - - - - - - - - - - - - - - - - - - - - - - - - - - - - - - - - -
 
  INPUT ---        86 88 89 28 29 30 31 32 33 34 35 36 37 38 39 40 41 ;
  INPUT ---        88 90 91 29 30 31 32 33 34 35 36 37 38 39 40 41 ;
  INPUT ---        90 92 93 30 31 32 33 34 35 36 37 38 39 40 41 ;
  INPUT ---        92 94 95 31 32 33 34 35 36 37 38 39 40 41 ;
  INPUT ---        94 96 97 32 33 34 35 36 37 38 39 40 41 ;
  INPUT ---        96 98 99 33 34 35 36 37 38 39 40 41 ;
  INPUT ---        98 100 101 34 35 36 37 38 39 40 41 ;
  INPUT ---        100 102 103 35 36 37 38 39 40 41 ;
  INPUT ---        102 104 105 36 37 38 39 40 41 ;
  INPUT ---        104 106 107 37 38 39 40 41 ;
  INPUT ---        106 108 109 38 39 40 41 ;
  INPUT ---        108 110 111 39 40 41 ;
  INPUT ---        110 112 113 40 41 ;
  INPUT ---        112 114 115 41 ;
  INPUT ---        114 116 117 ;
  INPUT ---        116 118 ;
  INPUT ---        118 ;

  INPUT ---    group=1 p    rows=41 cols=41 Triang ;
  INPUT ---        119 120 121 122 123 124 125 126 127 128 129 130 131 132 
  INPUT ---       133 134 135 136 137 138 139 140 141 142 143 144 145 146 147 
  INPUT ---       148 149 150 151 152 153 154 155 156 157 158 159 ;
  INPUT ---        120 121 122 123 124 125 126 127 128 129 130 131 132 133 
  INPUT ---       134 135 136 137 138 139 140 141 142 143 144 145 146 147 148 
  INPUT ---       149 150 151 152 153 154 155 156 157 158 159 ;
  INPUT ---        121 122 123 124 125 126 127 128 129 130 131 132 133 134 
  INPUT ---       135 136 137 138 139 140 141 142 143 144 145 146 147 148 149 
  INPUT ---       150 151 152 153 154 155 156 157 158 159 ;
  INPUT ---        122 123 124 125 126 127 128 129 130 131 132 133 134 135 
  INPUT ---       136 137 138 139 140 141 142 143 144 145 146 147 148 149 150 
  INPUT ---       151 152 153 154 155 156 157 158 159 ;
  INPUT ---        123 124 125 126 127 128 129 130 131 132 133 134 135 136 
  INPUT ---       137 138 139 140 141 142 143 144 145 146 147 148 149 150 151 
  INPUT ---       152 153 154 155 156 157 158 159 ;
  INPUT ---        124 125 126 127 128 129 130 131 132 133 134 135 136 137 
  INPUT ---       138 139 140 141 142 143 144 145 146 147 148 149 150 151 152 
  INPUT ---       153 154 155 156 157 158 159 ;
  INPUT ---        125 126 127 128 129 130 131 132 133 134 135 136 137 138 
  INPUT ---       139 140 141 142 143 144 145 146 147 148 149 150 151 152 153 
  INPUT ---       154 155 156 157 158 159 ;
  INPUT ---        126 127 128 129 130 131 132 133 134 135 136 137 138 139 
  INPUT ---       140 141 142 143 144 145 146 147 148 149 150 151 152 153 154 
  INPUT ---       155 156 157 158 159 ;
  INPUT ---        127 128 129 130 131 132 133 134 135 136 137 138 139 140 
  INPUT ---       141 142 143 144 145 146 147 148 149 150 151 152 153 154 155 
  INPUT ---       156 157 158 159 ;

  Program  MARK  - Survival Rate Estimation with Capture-Recapture Data
   gfortran(Win64) Vers. 8.2 Mar 2017   11-Apr-2017 09:29:09    Page  007
 - - - - - - - - - - - - - - - - - - - - - - - - - - - - - - - - - - - - - -
 
  INPUT ---        128 129 130 131 132 133 134 135 136 137 138 139 140 141 
  INPUT ---       142 143 144 145 146 147 148 149 150 151 152 153 154 155 156 
  INPUT ---       157 158 159 ;
  INPUT ---        129 130 131 132 133 134 135 136 137 138 139 140 141 142 
  INPUT ---       143 144 145 146 147 148 149 150 151 152 153 154 155 156 157 
  INPUT ---       158 159 ;
  INPUT ---        130 131 132 133 134 135 136 137 138 139 140 141 142 143 
  INPUT ---       144 145 146 147 148 149 150 151 152 153 154 155 156 157 158 
  INPUT ---       159 ;
  INPUT ---        131 132 133 134 135 136 137 138 139 140 141 142 143 144 
  INPUT ---       145 146 147 148 149 150 151 152 153 154 155 156 157 158 159 
  INPUT ---       ;
  INPUT ---        132 133 134 135 136 137 138 139 140 141 142 143 144 145 
  INPUT ---       146 147 148 149 150 151 152 153 154 155 156 157 158 159 ;
  INPUT ---        133 134 135 136 137 138 139 140 141 142 143 144 145 146 
  INPUT ---       147 148 149 150 151 152 153 154 155 156 157 158 159 ;
  INPUT ---        134 135 136 137 138 139 140 141 142 143 144 145 146 147 
  INPUT ---       148 149 150 151 152 153 154 155 156 157 158 159 ;
  INPUT ---        135 136 137 138 139 140 141 142 143 144 145 146 147 148 
  INPUT ---       149 150 151 152 153 154 155 156 157 158 159 ;
  INPUT ---        136 137 138 139 140 141 142 143 144 145 146 147 148 149 
  INPUT ---       150 151 152 153 154 155 156 157 158 159 ;
  INPUT ---        137 138 139 140 141 142 143 144 145 146 147 148 149 150 
  INPUT ---       151 152 153 154 155 156 157 158 159 ;
  INPUT ---        138 139 140 141 142 143 144 145 146 147 148 149 150 151 
  INPUT ---       152 153 154 155 156 157 158 159 ;
  INPUT ---        139 140 141 142 143 144 145 146 147 148 149 150 151 152 
  INPUT ---       153 154 155 156 157 158 159 ;
  INPUT ---        140 141 142 143 144 145 146 147 148 149 150 151 152 153 
  INPUT ---       154 155 156 157 158 159 ;
  INPUT ---        141 142 143 144 145 146 147 148 149 150 151 152 153 154 
  INPUT ---       155 156 157 158 159 ;
  INPUT ---        142 143 144 145 146 147 148 149 150 151 152 153 154 155 
  INPUT ---       156 157 158 159 ;
  INPUT ---        143 144 145 146 147 148 149 150 151 152 153 154 155 156 
  INPUT ---       157 158 159 ;
  INPUT ---        144 145 146 147 148 149 150 151 152 153 154 155 156 157 
  INPUT ---       158 159 ;
  INPUT ---        145 146 147 148 149 150 151 152 153 154 155 156 157 158 
  INPUT ---       159 ;
  INPUT ---        146 147 148 149 150 151 152 153 154 155 156 157 158 159 ;
  INPUT ---        147 148 149 150 151 152 153 154 155 156 157 158 159 ;
  INPUT ---        148 149 150 151 152 153 154 155 156 157 158 159 ;
  INPUT ---        149 150 151 152 153 154 155 156 157 158 159 ;
  INPUT ---        150 151 152 153 154 155 156 157 158 159 ;
  INPUT ---        151 152 153 154 155 156 157 158 159 ;

  Program  MARK  - Survival Rate Estimation with Capture-Recapture Data
   gfortran(Win64) Vers. 8.2 Mar 2017   11-Apr-2017 09:29:09    Page  008
 - - - - - - - - - - - - - - - - - - - - - - - - - - - - - - - - - - - - - -
 
  INPUT ---        152 153 154 155 156 157 158 159 ;
  INPUT ---        153 154 155 156 157 158 159 ;
  INPUT ---        154 155 156 157 158 159 ;
  INPUT ---        155 156 157 158 159 ;
  INPUT ---        156 157 158 159 ;
  INPUT ---        157 158 159 ;
  INPUT ---        158 159 ;
  INPUT ---        159 ;

  INPUT ---    group=2 p    rows=41 cols=41 Triang ;
  INPUT ---        119 120 121 122 123 124 125 126 127 128 129 130 131 132 
  INPUT ---       133 134 135 136 137 138 139 140 141 142 143 144 145 146 147 
  INPUT ---       148 149 150 151 152 153 154 155 156 157 158 159 ;
  INPUT ---        120 121 122 123 124 125 126 127 128 129 130 131 132 133 
  INPUT ---       134 135 136 137 138 139 140 141 142 143 144 145 146 147 148 
  INPUT ---       149 150 151 152 153 154 155 156 157 158 159 ;
  INPUT ---        121 122 123 124 125 126 127 128 129 130 131 132 133 134 
  INPUT ---       135 136 137 138 139 140 141 142 143 144 145 146 147 148 149 
  INPUT ---       150 151 152 153 154 155 156 157 158 159 ;
  INPUT ---        122 123 124 125 126 127 128 129 130 131 132 133 134 135 
  INPUT ---       136 137 138 139 140 141 142 143 144 145 146 147 148 149 150 
  INPUT ---       151 152 153 154 155 156 157 158 159 ;
  INPUT ---        123 124 125 126 127 128 129 130 131 132 133 134 135 136 
  INPUT ---       137 138 139 140 141 142 143 144 145 146 147 148 149 150 151 
  INPUT ---       152 153 154 155 156 157 158 159 ;
  INPUT ---        124 125 126 127 128 129 130 131 132 133 134 135 136 137 
  INPUT ---       138 139 140 141 142 143 144 145 146 147 148 149 150 151 152 
  INPUT ---       153 154 155 156 157 158 159 ;
  INPUT ---        125 126 127 128 129 130 131 132 133 134 135 136 137 138 
  INPUT ---       139 140 141 142 143 144 145 146 147 148 149 150 151 152 153 
  INPUT ---       154 155 156 157 158 159 ;
  INPUT ---        126 127 128 129 130 131 132 133 134 135 136 137 138 139 
  INPUT ---       140 141 142 143 144 145 146 147 148 149 150 151 152 153 154 
  INPUT ---       155 156 157 158 159 ;
  INPUT ---        127 128 129 130 131 132 133 134 135 136 137 138 139 140 
  INPUT ---       141 142 143 144 145 146 147 148 149 150 151 152 153 154 155 
  INPUT ---       156 157 158 159 ;
  INPUT ---        128 129 130 131 132 133 134 135 136 137 138 139 140 141 
  INPUT ---       142 143 144 145 146 147 148 149 150 151 152 153 154 155 156 
  INPUT ---       157 158 159 ;
  INPUT ---        129 130 131 132 133 134 135 136 137 138 139 140 141 142 
  INPUT ---       143 144 145 146 147 148 149 150 151 152 153 154 155 156 157 
  INPUT ---       158 159 ;
  INPUT ---        130 131 132 133 134 135 136 137 138 139 140 141 142 143 
  INPUT ---       144 145 146 147 148 149 150 151 152 153 154 155 156 157 158 
  INPUT ---       159 ;

  Program  MARK  - Survival Rate Estimation with Capture-Recapture Data
   gfortran(Win64) Vers. 8.2 Mar 2017   11-Apr-2017 09:29:09    Page  009
 - - - - - - - - - - - - - - - - - - - - - - - - - - - - - - - - - - - - - -
 
  INPUT ---        131 132 133 134 135 136 137 138 139 140 141 142 143 144 
  INPUT ---       145 146 147 148 149 150 151 152 153 154 155 156 157 158 159 
  INPUT ---       ;
  INPUT ---        132 133 134 135 136 137 138 139 140 141 142 143 144 145 
  INPUT ---       146 147 148 149 150 151 152 153 154 155 156 157 158 159 ;
  INPUT ---        133 134 135 136 137 138 139 140 141 142 143 144 145 146 
  INPUT ---       147 148 149 150 151 152 153 154 155 156 157 158 159 ;
  INPUT ---        134 135 136 137 138 139 140 141 142 143 144 145 146 147 
  INPUT ---       148 149 150 151 152 153 154 155 156 157 158 159 ;
  INPUT ---        135 136 137 138 139 140 141 142 143 144 145 146 147 148 
  INPUT ---       149 150 151 152 153 154 155 156 157 158 159 ;
  INPUT ---        136 137 138 139 140 141 142 143 144 145 146 147 148 149 
  INPUT ---       150 151 152 153 154 155 156 157 158 159 ;
  INPUT ---        137 138 139 140 141 142 143 144 145 146 147 148 149 150 
  INPUT ---       151 152 153 154 155 156 157 158 159 ;
  INPUT ---        138 139 140 141 142 143 144 145 146 147 148 149 150 151 
  INPUT ---       152 153 154 155 156 157 158 159 ;
  INPUT ---        139 140 141 142 143 144 145 146 147 148 149 150 151 152 
  INPUT ---       153 154 155 156 157 158 159 ;
  INPUT ---        140 141 142 143 144 145 146 147 148 149 150 151 152 153 
  INPUT ---       154 155 156 157 158 159 ;
  INPUT ---        141 142 143 144 145 146 147 148 149 150 151 152 153 154 
  INPUT ---       155 156 157 158 159 ;
  INPUT ---        142 143 144 145 146 147 148 149 150 151 152 153 154 155 
  INPUT ---       156 157 158 159 ;
  INPUT ---        143 144 145 146 147 148 149 150 151 152 153 154 155 156 
  INPUT ---       157 158 159 ;
  INPUT ---        144 145 146 147 148 149 150 151 152 153 154 155 156 157 
  INPUT ---       158 159 ;
  INPUT ---        145 146 147 148 149 150 151 152 153 154 155 156 157 158 
  INPUT ---       159 ;
  INPUT ---        146 147 148 149 150 151 152 153 154 155 156 157 158 159 ;
  INPUT ---        147 148 149 150 151 152 153 154 155 156 157 158 159 ;
  INPUT ---        148 149 150 151 152 153 154 155 156 157 158 159 ;
  INPUT ---        149 150 151 152 153 154 155 156 157 158 159 ;
  INPUT ---        150 151 152 153 154 155 156 157 158 159 ;
  INPUT ---        151 152 153 154 155 156 157 158 159 ;
  INPUT ---        152 153 154 155 156 157 158 159 ;
  INPUT ---        153 154 155 156 157 158 159 ;
  INPUT ---        154 155 156 157 158 159 ;
  INPUT ---        155 156 157 158 159 ;
  INPUT ---        156 157 158 159 ;
  INPUT ---        157 158 159 ;
  INPUT ---        158 159 ;
  INPUT ---        159 ;


  Program  MARK  - Survival Rate Estimation with Capture-Recapture Data
   gfortran(Win64) Vers. 8.2 Mar 2017   11-Apr-2017 09:29:09    Page  010
 - - - - - - - - - - - - - - - - - - - - - - - - - - - - - - - - - - - - - -
 
  INPUT ---    group=3 p    rows=41 cols=41 Triang ;
  INPUT ---        119 120 121 122 123 124 125 126 127 128 129 130 131 132 
  INPUT ---       133 134 135 136 137 138 139 140 141 142 143 144 145 146 147 
  INPUT ---       148 149 150 151 152 153 154 155 156 157 158 159 ;
  INPUT ---        120 121 122 123 124 125 126 127 128 129 130 131 132 133 
  INPUT ---       134 135 136 137 138 139 140 141 142 143 144 145 146 147 148 
  INPUT ---       149 150 151 152 153 154 155 156 157 158 159 ;
  INPUT ---        121 122 123 124 125 126 127 128 129 130 131 132 133 134 
  INPUT ---       135 136 137 138 139 140 141 142 143 144 145 146 147 148 149 
  INPUT ---       150 151 152 153 154 155 156 157 158 159 ;
  INPUT ---        122 123 124 125 126 127 128 129 130 131 132 133 134 135 
  INPUT ---       136 137 138 139 140 141 142 143 144 145 146 147 148 149 150 
  INPUT ---       151 152 153 154 155 156 157 158 159 ;
  INPUT ---        123 124 125 126 127 128 129 130 131 132 133 134 135 136 
  INPUT ---       137 138 139 140 141 142 143 144 145 146 147 148 149 150 151 
  INPUT ---       152 153 154 155 156 157 158 159 ;
  INPUT ---        124 125 126 127 128 129 130 131 132 133 134 135 136 137 
  INPUT ---       138 139 140 141 142 143 144 145 146 147 148 149 150 151 152 
  INPUT ---       153 154 155 156 157 158 159 ;
  INPUT ---        125 126 127 128 129 130 131 132 133 134 135 136 137 138 
  INPUT ---       139 140 141 142 143 144 145 146 147 148 149 150 151 152 153 
  INPUT ---       154 155 156 157 158 159 ;
  INPUT ---        126 127 128 129 130 131 132 133 134 135 136 137 138 139 
  INPUT ---       140 141 142 143 144 145 146 147 148 149 150 151 152 153 154 
  INPUT ---       155 156 157 158 159 ;
  INPUT ---        127 128 129 130 131 132 133 134 135 136 137 138 139 140 
  INPUT ---       141 142 143 144 145 146 147 148 149 150 151 152 153 154 155 
  INPUT ---       156 157 158 159 ;
  INPUT ---        128 129 130 131 132 133 134 135 136 137 138 139 140 141 
  INPUT ---       142 143 144 145 146 147 148 149 150 151 152 153 154 155 156 
  INPUT ---       157 158 159 ;
  INPUT ---        129 130 131 132 133 134 135 136 137 138 139 140 141 142 
  INPUT ---       143 144 145 146 147 148 149 150 151 152 153 154 155 156 157 
  INPUT ---       158 159 ;
  INPUT ---        130 131 132 133 134 135 136 137 138 139 140 141 142 143 
  INPUT ---       144 145 146 147 148 149 150 151 152 153 154 155 156 157 158 
  INPUT ---       159 ;
  INPUT ---        131 132 133 134 135 136 137 138 139 140 141 142 143 144 
  INPUT ---       145 146 147 148 149 150 151 152 153 154 155 156 157 158 159 
  INPUT ---       ;
  INPUT ---        132 133 134 135 136 137 138 139 140 141 142 143 144 145 
  INPUT ---       146 147 148 149 150 151 152 153 154 155 156 157 158 159 ;
  INPUT ---        133 134 135 136 137 138 139 140 141 142 143 144 145 146 
  INPUT ---       147 148 149 150 151 152 153 154 155 156 157 158 159 ;
  INPUT ---        134 135 136 137 138 139 140 141 142 143 144 145 146 147 
  INPUT ---       148 149 150 151 152 153 154 155 156 157 158 159 ;

  Program  MARK  - Survival Rate Estimation with Capture-Recapture Data
   gfortran(Win64) Vers. 8.2 Mar 2017   11-Apr-2017 09:29:09    Page  011
 - - - - - - - - - - - - - - - - - - - - - - - - - - - - - - - - - - - - - -
 
  INPUT ---        135 136 137 138 139 140 141 142 143 144 145 146 147 148 
  INPUT ---       149 150 151 152 153 154 155 156 157 158 159 ;
  INPUT ---        136 137 138 139 140 141 142 143 144 145 146 147 148 149 
  INPUT ---       150 151 152 153 154 155 156 157 158 159 ;
  INPUT ---        137 138 139 140 141 142 143 144 145 146 147 148 149 150 
  INPUT ---       151 152 153 154 155 156 157 158 159 ;
  INPUT ---        138 139 140 141 142 143 144 145 146 147 148 149 150 151 
  INPUT ---       152 153 154 155 156 157 158 159 ;
  INPUT ---        139 140 141 142 143 144 145 146 147 148 149 150 151 152 
  INPUT ---       153 154 155 156 157 158 159 ;
  INPUT ---        140 141 142 143 144 145 146 147 148 149 150 151 152 153 
  INPUT ---       154 155 156 157 158 159 ;
  INPUT ---        141 142 143 144 145 146 147 148 149 150 151 152 153 154 
  INPUT ---       155 156 157 158 159 ;
  INPUT ---        142 143 144 145 146 147 148 149 150 151 152 153 154 155 
  INPUT ---       156 157 158 159 ;
  INPUT ---        143 144 145 146 147 148 149 150 151 152 153 154 155 156 
  INPUT ---       157 158 159 ;
  INPUT ---        144 145 146 147 148 149 150 151 152 153 154 155 156 157 
  INPUT ---       158 159 ;
  INPUT ---        145 146 147 148 149 150 151 152 153 154 155 156 157 158 
  INPUT ---       159 ;
  INPUT ---        146 147 148 149 150 151 152 153 154 155 156 157 158 159 ;
  INPUT ---        147 148 149 150 151 152 153 154 155 156 157 158 159 ;
  INPUT ---        148 149 150 151 152 153 154 155 156 157 158 159 ;
  INPUT ---        149 150 151 152 153 154 155 156 157 158 159 ;
  INPUT ---        150 151 152 153 154 155 156 157 158 159 ;
  INPUT ---        151 152 153 154 155 156 157 158 159 ;
  INPUT ---        152 153 154 155 156 157 158 159 ;
  INPUT ---        153 154 155 156 157 158 159 ;
  INPUT ---        154 155 156 157 158 159 ;
  INPUT ---        155 156 157 158 159 ;
  INPUT ---        156 157 158 159 ;
  INPUT ---        157 158 159 ;
  INPUT ---        158 159 ;
  INPUT ---        159 ;

  INPUT ---    design matrix constraints=159 covariates=45;
  INPUT ---        1 0 0 0 0 0 0 0 0 0 0 0 0 0 0 0 0 0 0 0 0 0 0 0 0 0 0 0 0 
  INPUT ---       0 0 0 0 0 0 0 0 0 0 0 0 0 0 0 0;
  INPUT ---        1 1 0 0 0 0 0 0 0 0 0 0 0 0 0 0 0 0 0 0 0 0 0 0 0 0 0 0 0 
  INPUT ---       0 0 0 0 0 0 0 0 0 0 0 0 0 0 0 0;
  INPUT ---        1 2 1 0 0 0 0 0 0 0 0 0 0 0 0 0 0 0 0 0 0 0 0 0 0 0 0 0 0 
  INPUT ---       0 0 0 0 0 0 0 0 0 0 0 0 0 0 0 0;
  INPUT ---        1 3 0 1 0 0 0 0 0 0 0 0 0 0 0 0 0 0 0 0 0 0 0 0 0 0 0 0 0 
  INPUT ---       0 0 0 0 0 0 0 0 0 0 0 0 0 0 0 0;

  Program  MARK  - Survival Rate Estimation with Capture-Recapture Data
   gfortran(Win64) Vers. 8.2 Mar 2017   11-Apr-2017 09:29:09    Page  012
 - - - - - - - - - - - - - - - - - - - - - - - - - - - - - - - - - - - - - -
 
  INPUT ---        1 4 0 1 0 0 0 0 0 0 0 0 0 0 0 0 0 0 0 0 0 0 0 0 0 0 0 0 0 
  INPUT ---       0 0 0 0 0 0 0 0 0 0 0 0 0 0 0 0;
  INPUT ---        1 5 0 1 0 0 0 0 0 0 0 0 0 0 0 0 0 0 0 0 0 0 0 0 0 0 0 0 0 
  INPUT ---       0 0 0 0 0 0 0 0 0 0 0 0 0 0 0 0;
  INPUT ---        1 6 0 1 0 0 0 0 0 0 0 0 0 0 0 0 0 0 0 0 0 0 0 0 0 0 0 0 0 
  INPUT ---       0 0 0 0 0 0 0 0 0 0 0 0 0 0 0 0;
  INPUT ---        1 7 0 1 0 0 0 0 0 0 0 0 0 0 0 0 0 0 0 0 0 0 0 0 0 0 0 0 0 
  INPUT ---       0 0 0 0 0 0 0 0 0 0 0 0 0 0 0 0;
  INPUT ---        1 8 0 1 0 0 0 0 0 0 0 0 0 0 0 0 0 0 0 0 0 0 0 0 0 0 0 0 0 
  INPUT ---       0 0 0 0 0 0 0 0 0 0 0 0 0 0 0 0;
  INPUT ---        1 9 0 1 0 0 0 0 0 0 0 0 0 0 0 0 0 0 0 0 0 0 0 0 0 0 0 0 0 
  INPUT ---       0 0 0 0 0 0 0 0 0 0 0 0 0 0 0 0;
  INPUT ---        1 10 0 1 0 0 0 0 0 0 0 0 0 0 0 0 0 0 0 0 0 0 0 0 0 0 0 0 0 
  INPUT ---       0 0 0 0 0 0 0 0 0 0 0 0 0 0 0 0;
  INPUT ---        1 11 0 1 0 0 0 0 0 0 0 0 0 0 0 0 0 0 0 0 0 0 0 0 0 0 0 0 0 
  INPUT ---       0 0 0 0 0 0 0 0 0 0 0 0 0 0 0 0;
  INPUT ---        1 12 0 1 0 0 0 0 0 0 0 0 0 0 0 0 0 0 0 0 0 0 0 0 0 0 0 0 0 
  INPUT ---       0 0 0 0 0 0 0 0 0 0 0 0 0 0 0 0;
  INPUT ---        1 13 0 1 0 0 0 0 0 0 0 0 0 0 0 0 0 0 0 0 0 0 0 0 0 0 0 0 0 
  INPUT ---       0 0 0 0 0 0 0 0 0 0 0 0 0 0 0 0;
  INPUT ---        1 14 0 1 0 0 0 0 0 0 0 0 0 0 0 0 0 0 0 0 0 0 0 0 0 0 0 0 0 
  INPUT ---       0 0 0 0 0 0 0 0 0 0 0 0 0 0 0 0;
  INPUT ---        1 15 0 1 0 0 0 0 0 0 0 0 0 0 0 0 0 0 0 0 0 0 0 0 0 0 0 0 0 
  INPUT ---       0 0 0 0 0 0 0 0 0 0 0 0 0 0 0 0;
  INPUT ---        1 16 0 1 0 0 0 0 0 0 0 0 0 0 0 0 0 0 0 0 0 0 0 0 0 0 0 0 0 
  INPUT ---       0 0 0 0 0 0 0 0 0 0 0 0 0 0 0 0;
  INPUT ---        1 17 0 1 0 0 0 0 0 0 0 0 0 0 0 0 0 0 0 0 0 0 0 0 0 0 0 0 0 
  INPUT ---       0 0 0 0 0 0 0 0 0 0 0 0 0 0 0 0;
  INPUT ---        1 18 0 1 0 0 0 0 0 0 0 0 0 0 0 0 0 0 0 0 0 0 0 0 0 0 0 0 0 
  INPUT ---       0 0 0 0 0 0 0 0 0 0 0 0 0 0 0 0;
  INPUT ---        1 19 0 1 0 0 0 0 0 0 0 0 0 0 0 0 0 0 0 0 0 0 0 0 0 0 0 0 0 
  INPUT ---       0 0 0 0 0 0 0 0 0 0 0 0 0 0 0 0;
  INPUT ---        1 20 0 1 0 0 0 0 0 0 0 0 0 0 0 0 0 0 0 0 0 0 0 0 0 0 0 0 0 
  INPUT ---       0 0 0 0 0 0 0 0 0 0 0 0 0 0 0 0;
  INPUT ---        1 21 0 1 0 0 0 0 0 0 0 0 0 0 0 0 0 0 0 0 0 0 0 0 0 0 0 0 0 
  INPUT ---       0 0 0 0 0 0 0 0 0 0 0 0 0 0 0 0;
  INPUT ---        1 22 0 1 0 0 0 0 0 0 0 0 0 0 0 0 0 0 0 0 0 0 0 0 0 0 0 0 0 
  INPUT ---       0 0 0 0 0 0 0 0 0 0 0 0 0 0 0 0;
  INPUT ---        1 23 0 1 0 0 0 0 0 0 0 0 0 0 0 0 0 0 0 0 0 0 0 0 0 0 0 0 0 
  INPUT ---       0 0 0 0 0 0 0 0 0 0 0 0 0 0 0 0;
  INPUT ---        1 24 0 1 0 0 0 0 0 0 0 0 0 0 0 0 0 0 0 0 0 0 0 0 0 0 0 0 0 
  INPUT ---       0 0 0 0 0 0 0 0 0 0 0 0 0 0 0 0;
  INPUT ---        1 25 0 1 0 0 0 0 0 0 0 0 0 0 0 0 0 0 0 0 0 0 0 0 0 0 0 0 0 
  INPUT ---       0 0 0 0 0 0 0 0 0 0 0 0 0 0 0 0;
  INPUT ---        1 26 0 1 0 0 0 0 0 0 0 0 0 0 0 0 0 0 0 0 0 0 0 0 0 0 0 0 0 
  INPUT ---       0 0 0 0 0 0 0 0 0 0 0 0 0 0 0 0;

  Program  MARK  - Survival Rate Estimation with Capture-Recapture Data
   gfortran(Win64) Vers. 8.2 Mar 2017   11-Apr-2017 09:29:09    Page  013
 - - - - - - - - - - - - - - - - - - - - - - - - - - - - - - - - - - - - - -
 
  INPUT ---        1 27 0 1 0 0 0 0 0 0 0 0 0 0 0 0 0 0 0 0 0 0 0 0 0 0 0 0 0 
  INPUT ---       0 0 0 0 0 0 0 0 0 0 0 0 0 0 0 0;
  INPUT ---        1 28 0 1 0 0 0 0 0 0 0 0 0 0 0 0 0 0 0 0 0 0 0 0 0 0 0 0 0 
  INPUT ---       0 0 0 0 0 0 0 0 0 0 0 0 0 0 0 0;
  INPUT ---        1 29 0 1 0 0 0 0 0 0 0 0 0 0 0 0 0 0 0 0 0 0 0 0 0 0 0 0 0 
  INPUT ---       0 0 0 0 0 0 0 0 0 0 0 0 0 0 0 0;
  INPUT ---        1 30 0 1 0 0 0 0 0 0 0 0 0 0 0 0 0 0 0 0 0 0 0 0 0 0 0 0 0 
  INPUT ---       0 0 0 0 0 0 0 0 0 0 0 0 0 0 0 0;
  INPUT ---        1 31 0 1 0 0 0 0 0 0 0 0 0 0 0 0 0 0 0 0 0 0 0 0 0 0 0 0 0 
  INPUT ---       0 0 0 0 0 0 0 0 0 0 0 0 0 0 0 0;
  INPUT ---        1 32 0 1 0 0 0 0 0 0 0 0 0 0 0 0 0 0 0 0 0 0 0 0 0 0 0 0 0 
  INPUT ---       0 0 0 0 0 0 0 0 0 0 0 0 0 0 0 0;
  INPUT ---        1 33 0 1 0 0 0 0 0 0 0 0 0 0 0 0 0 0 0 0 0 0 0 0 0 0 0 0 0 
  INPUT ---       0 0 0 0 0 0 0 0 0 0 0 0 0 0 0 0;
  INPUT ---        1 34 0 1 0 0 0 0 0 0 0 0 0 0 0 0 0 0 0 0 0 0 0 0 0 0 0 0 0 
  INPUT ---       0 0 0 0 0 0 0 0 0 0 0 0 0 0 0 0;
  INPUT ---        1 35 0 1 0 0 0 0 0 0 0 0 0 0 0 0 0 0 0 0 0 0 0 0 0 0 0 0 0 
  INPUT ---       0 0 0 0 0 0 0 0 0 0 0 0 0 0 0 0;
  INPUT ---        1 36 0 1 0 0 0 0 0 0 0 0 0 0 0 0 0 0 0 0 0 0 0 0 0 0 0 0 0 
  INPUT ---       0 0 0 0 0 0 0 0 0 0 0 0 0 0 0 0;
  INPUT ---        1 37 0 1 0 0 0 0 0 0 0 0 0 0 0 0 0 0 0 0 0 0 0 0 0 0 0 0 0 
  INPUT ---       0 0 0 0 0 0 0 0 0 0 0 0 0 0 0 0;
  INPUT ---        1 38 0 1 0 0 0 0 0 0 0 0 0 0 0 0 0 0 0 0 0 0 0 0 0 0 0 0 0 
  INPUT ---       0 0 0 0 0 0 0 0 0 0 0 0 0 0 0 0;
  INPUT ---        1 39 0 1 0 0 0 0 0 0 0 0 0 0 0 0 0 0 0 0 0 0 0 0 0 0 0 0 0 
  INPUT ---       0 0 0 0 0 0 0 0 0 0 0 0 0 0 0 0;
  INPUT ---        1 40 0 1 0 0 0 0 0 0 0 0 0 0 0 0 0 0 0 0 0 0 0 0 0 0 0 0 0 
  INPUT ---       0 0 0 0 0 0 0 0 0 0 0 0 0 0 0 0;
  INPUT ---        1 2 0 0 0 0 0 0 0 0 0 0 0 0 0 0 0 0 0 0 0 0 0 0 0 0 0 0 0 
  INPUT ---       0 0 0 0 0 0 0 0 0 0 0 0 0 0 0 0;
  INPUT ---        1 3 1 0 0 0 0 0 0 0 0 0 0 0 0 0 0 0 0 0 0 0 0 0 0 0 0 0 0 
  INPUT ---       0 0 0 0 0 0 0 0 0 0 0 0 0 0 0 0;
  INPUT ---        1 3 0 0 0 0 0 0 0 0 0 0 0 0 0 0 0 0 0 0 0 0 0 0 0 0 0 0 0 
  INPUT ---       0 0 0 0 0 0 0 0 0 0 0 0 0 0 0 0;
  INPUT ---        1 4 1 0 0 0 0 0 0 0 0 0 0 0 0 0 0 0 0 0 0 0 0 0 0 0 0 0 0 
  INPUT ---       0 0 0 0 0 0 0 0 0 0 0 0 0 0 0 0;
  INPUT ---        1 4 0 0 0 0 0 0 0 0 0 0 0 0 0 0 0 0 0 0 0 0 0 0 0 0 0 0 0 
  INPUT ---       0 0 0 0 0 0 0 0 0 0 0 0 0 0 0 0;
  INPUT ---        1 5 1 0 0 0 0 0 0 0 0 0 0 0 0 0 0 0 0 0 0 0 0 0 0 0 0 0 0 
  INPUT ---       0 0 0 0 0 0 0 0 0 0 0 0 0 0 0 0;
  INPUT ---        1 5 0 0 0 0 0 0 0 0 0 0 0 0 0 0 0 0 0 0 0 0 0 0 0 0 0 0 0 
  INPUT ---       0 0 0 0 0 0 0 0 0 0 0 0 0 0 0 0;
  INPUT ---        1 6 1 0 0 0 0 0 0 0 0 0 0 0 0 0 0 0 0 0 0 0 0 0 0 0 0 0 0 
  INPUT ---       0 0 0 0 0 0 0 0 0 0 0 0 0 0 0 0;
  INPUT ---        1 6 0 0 0 0 0 0 0 0 0 0 0 0 0 0 0 0 0 0 0 0 0 0 0 0 0 0 0 
  INPUT ---       0 0 0 0 0 0 0 0 0 0 0 0 0 0 0 0;

  Program  MARK  - Survival Rate Estimation with Capture-Recapture Data
   gfortran(Win64) Vers. 8.2 Mar 2017   11-Apr-2017 09:29:09    Page  014
 - - - - - - - - - - - - - - - - - - - - - - - - - - - - - - - - - - - - - -
 
  INPUT ---        1 7 1 0 0 0 0 0 0 0 0 0 0 0 0 0 0 0 0 0 0 0 0 0 0 0 0 0 0 
  INPUT ---       0 0 0 0 0 0 0 0 0 0 0 0 0 0 0 0;
  INPUT ---        1 7 0 0 0 0 0 0 0 0 0 0 0 0 0 0 0 0 0 0 0 0 0 0 0 0 0 0 0 
  INPUT ---       0 0 0 0 0 0 0 0 0 0 0 0 0 0 0 0;
  INPUT ---        1 8 1 0 0 0 0 0 0 0 0 0 0 0 0 0 0 0 0 0 0 0 0 0 0 0 0 0 0 
  INPUT ---       0 0 0 0 0 0 0 0 0 0 0 0 0 0 0 0;
  INPUT ---        1 8 0 0 0 0 0 0 0 0 0 0 0 0 0 0 0 0 0 0 0 0 0 0 0 0 0 0 0 
  INPUT ---       0 0 0 0 0 0 0 0 0 0 0 0 0 0 0 0;
  INPUT ---        1 9 1 0 0 0 0 0 0 0 0 0 0 0 0 0 0 0 0 0 0 0 0 0 0 0 0 0 0 
  INPUT ---       0 0 0 0 0 0 0 0 0 0 0 0 0 0 0 0;
  INPUT ---        1 9 0 0 0 0 0 0 0 0 0 0 0 0 0 0 0 0 0 0 0 0 0 0 0 0 0 0 0 
  INPUT ---       0 0 0 0 0 0 0 0 0 0 0 0 0 0 0 0;
  INPUT ---        1 10 1 0 0 0 0 0 0 0 0 0 0 0 0 0 0 0 0 0 0 0 0 0 0 0 0 0 0 
  INPUT ---       0 0 0 0 0 0 0 0 0 0 0 0 0 0 0 0;
  INPUT ---        1 10 0 0 0 0 0 0 0 0 0 0 0 0 0 0 0 0 0 0 0 0 0 0 0 0 0 0 0 
  INPUT ---       0 0 0 0 0 0 0 0 0 0 0 0 0 0 0 0;
  INPUT ---        1 11 1 0 0 0 0 0 0 0 0 0 0 0 0 0 0 0 0 0 0 0 0 0 0 0 0 0 0 
  INPUT ---       0 0 0 0 0 0 0 0 0 0 0 0 0 0 0 0;
  INPUT ---        1 11 0 0 0 0 0 0 0 0 0 0 0 0 0 0 0 0 0 0 0 0 0 0 0 0 0 0 0 
  INPUT ---       0 0 0 0 0 0 0 0 0 0 0 0 0 0 0 0;
  INPUT ---        1 12 1 0 0 0 0 0 0 0 0 0 0 0 0 0 0 0 0 0 0 0 0 0 0 0 0 0 0 
  INPUT ---       0 0 0 0 0 0 0 0 0 0 0 0 0 0 0 0;
  INPUT ---        1 12 0 0 0 0 0 0 0 0 0 0 0 0 0 0 0 0 0 0 0 0 0 0 0 0 0 0 0 
  INPUT ---       0 0 0 0 0 0 0 0 0 0 0 0 0 0 0 0;
  INPUT ---        1 13 1 0 0 0 0 0 0 0 0 0 0 0 0 0 0 0 0 0 0 0 0 0 0 0 0 0 0 
  INPUT ---       0 0 0 0 0 0 0 0 0 0 0 0 0 0 0 0;
  INPUT ---        1 13 0 0 0 0 0 0 0 0 0 0 0 0 0 0 0 0 0 0 0 0 0 0 0 0 0 0 0 
  INPUT ---       0 0 0 0 0 0 0 0 0 0 0 0 0 0 0 0;
  INPUT ---        1 14 1 0 0 0 0 0 0 0 0 0 0 0 0 0 0 0 0 0 0 0 0 0 0 0 0 0 0 
  INPUT ---       0 0 0 0 0 0 0 0 0 0 0 0 0 0 0 0;
  INPUT ---        1 14 0 0 0 0 0 0 0 0 0 0 0 0 0 0 0 0 0 0 0 0 0 0 0 0 0 0 0 
  INPUT ---       0 0 0 0 0 0 0 0 0 0 0 0 0 0 0 0;
  INPUT ---        1 15 1 0 0 0 0 0 0 0 0 0 0 0 0 0 0 0 0 0 0 0 0 0 0 0 0 0 0 
  INPUT ---       0 0 0 0 0 0 0 0 0 0 0 0 0 0 0 0;
  INPUT ---        1 15 0 0 0 0 0 0 0 0 0 0 0 0 0 0 0 0 0 0 0 0 0 0 0 0 0 0 0 
  INPUT ---       0 0 0 0 0 0 0 0 0 0 0 0 0 0 0 0;
  INPUT ---        1 16 1 0 0 0 0 0 0 0 0 0 0 0 0 0 0 0 0 0 0 0 0 0 0 0 0 0 0 
  INPUT ---       0 0 0 0 0 0 0 0 0 0 0 0 0 0 0 0;
  INPUT ---        1 16 0 0 0 0 0 0 0 0 0 0 0 0 0 0 0 0 0 0 0 0 0 0 0 0 0 0 0 
  INPUT ---       0 0 0 0 0 0 0 0 0 0 0 0 0 0 0 0;
  INPUT ---        1 17 1 0 0 0 0 0 0 0 0 0 0 0 0 0 0 0 0 0 0 0 0 0 0 0 0 0 0 
  INPUT ---       0 0 0 0 0 0 0 0 0 0 0 0 0 0 0 0;
  INPUT ---        1 17 0 0 0 0 0 0 0 0 0 0 0 0 0 0 0 0 0 0 0 0 0 0 0 0 0 0 0 
  INPUT ---       0 0 0 0 0 0 0 0 0 0 0 0 0 0 0 0;
  INPUT ---        1 18 1 0 0 0 0 0 0 0 0 0 0 0 0 0 0 0 0 0 0 0 0 0 0 0 0 0 0 
  INPUT ---       0 0 0 0 0 0 0 0 0 0 0 0 0 0 0 0;

  Program  MARK  - Survival Rate Estimation with Capture-Recapture Data
   gfortran(Win64) Vers. 8.2 Mar 2017   11-Apr-2017 09:29:09    Page  015
 - - - - - - - - - - - - - - - - - - - - - - - - - - - - - - - - - - - - - -
 
  INPUT ---        1 18 0 0 0 0 0 0 0 0 0 0 0 0 0 0 0 0 0 0 0 0 0 0 0 0 0 0 0 
  INPUT ---       0 0 0 0 0 0 0 0 0 0 0 0 0 0 0 0;
  INPUT ---        1 19 1 0 0 0 0 0 0 0 0 0 0 0 0 0 0 0 0 0 0 0 0 0 0 0 0 0 0 
  INPUT ---       0 0 0 0 0 0 0 0 0 0 0 0 0 0 0 0;
  INPUT ---        1 19 0 0 0 0 0 0 0 0 0 0 0 0 0 0 0 0 0 0 0 0 0 0 0 0 0 0 0 
  INPUT ---       0 0 0 0 0 0 0 0 0 0 0 0 0 0 0 0;
  INPUT ---        1 20 1 0 0 0 0 0 0 0 0 0 0 0 0 0 0 0 0 0 0 0 0 0 0 0 0 0 0 
  INPUT ---       0 0 0 0 0 0 0 0 0 0 0 0 0 0 0 0;
  INPUT ---        1 20 0 0 0 0 0 0 0 0 0 0 0 0 0 0 0 0 0 0 0 0 0 0 0 0 0 0 0 
  INPUT ---       0 0 0 0 0 0 0 0 0 0 0 0 0 0 0 0;
  INPUT ---        1 21 1 0 0 0 0 0 0 0 0 0 0 0 0 0 0 0 0 0 0 0 0 0 0 0 0 0 0 
  INPUT ---       0 0 0 0 0 0 0 0 0 0 0 0 0 0 0 0;
  INPUT ---        1 21 0 0 0 0 0 0 0 0 0 0 0 0 0 0 0 0 0 0 0 0 0 0 0 0 0 0 0 
  INPUT ---       0 0 0 0 0 0 0 0 0 0 0 0 0 0 0 0;
  INPUT ---        1 22 1 0 0 0 0 0 0 0 0 0 0 0 0 0 0 0 0 0 0 0 0 0 0 0 0 0 0 
  INPUT ---       0 0 0 0 0 0 0 0 0 0 0 0 0 0 0 0;
  INPUT ---        1 22 0 0 0 0 0 0 0 0 0 0 0 0 0 0 0 0 0 0 0 0 0 0 0 0 0 0 0 
  INPUT ---       0 0 0 0 0 0 0 0 0 0 0 0 0 0 0 0;
  INPUT ---        1 23 1 0 0 0 0 0 0 0 0 0 0 0 0 0 0 0 0 0 0 0 0 0 0 0 0 0 0 
  INPUT ---       0 0 0 0 0 0 0 0 0 0 0 0 0 0 0 0;
  INPUT ---        1 23 0 0 0 0 0 0 0 0 0 0 0 0 0 0 0 0 0 0 0 0 0 0 0 0 0 0 0 
  INPUT ---       0 0 0 0 0 0 0 0 0 0 0 0 0 0 0 0;
  INPUT ---        1 24 1 0 0 0 0 0 0 0 0 0 0 0 0 0 0 0 0 0 0 0 0 0 0 0 0 0 0 
  INPUT ---       0 0 0 0 0 0 0 0 0 0 0 0 0 0 0 0;
  INPUT ---        1 24 0 0 0 0 0 0 0 0 0 0 0 0 0 0 0 0 0 0 0 0 0 0 0 0 0 0 0 
  INPUT ---       0 0 0 0 0 0 0 0 0 0 0 0 0 0 0 0;
  INPUT ---        1 25 1 0 0 0 0 0 0 0 0 0 0 0 0 0 0 0 0 0 0 0 0 0 0 0 0 0 0 
  INPUT ---       0 0 0 0 0 0 0 0 0 0 0 0 0 0 0 0;
  INPUT ---        1 25 0 0 0 0 0 0 0 0 0 0 0 0 0 0 0 0 0 0 0 0 0 0 0 0 0 0 0 
  INPUT ---       0 0 0 0 0 0 0 0 0 0 0 0 0 0 0 0;
  INPUT ---        1 26 1 0 0 0 0 0 0 0 0 0 0 0 0 0 0 0 0 0 0 0 0 0 0 0 0 0 0 
  INPUT ---       0 0 0 0 0 0 0 0 0 0 0 0 0 0 0 0;
  INPUT ---        1 26 0 0 0 0 0 0 0 0 0 0 0 0 0 0 0 0 0 0 0 0 0 0 0 0 0 0 0 
  INPUT ---       0 0 0 0 0 0 0 0 0 0 0 0 0 0 0 0;
  INPUT ---        1 27 1 0 0 0 0 0 0 0 0 0 0 0 0 0 0 0 0 0 0 0 0 0 0 0 0 0 0 
  INPUT ---       0 0 0 0 0 0 0 0 0 0 0 0 0 0 0 0;
  INPUT ---        1 27 0 0 0 0 0 0 0 0 0 0 0 0 0 0 0 0 0 0 0 0 0 0 0 0 0 0 0 
  INPUT ---       0 0 0 0 0 0 0 0 0 0 0 0 0 0 0 0;
  INPUT ---        1 28 1 0 0 0 0 0 0 0 0 0 0 0 0 0 0 0 0 0 0 0 0 0 0 0 0 0 0 
  INPUT ---       0 0 0 0 0 0 0 0 0 0 0 0 0 0 0 0;
  INPUT ---        1 28 0 0 0 0 0 0 0 0 0 0 0 0 0 0 0 0 0 0 0 0 0 0 0 0 0 0 0 
  INPUT ---       0 0 0 0 0 0 0 0 0 0 0 0 0 0 0 0;
  INPUT ---        1 29 1 0 0 0 0 0 0 0 0 0 0 0 0 0 0 0 0 0 0 0 0 0 0 0 0 0 0 
  INPUT ---       0 0 0 0 0 0 0 0 0 0 0 0 0 0 0 0;
  INPUT ---        1 29 0 0 0 0 0 0 0 0 0 0 0 0 0 0 0 0 0 0 0 0 0 0 0 0 0 0 0 
  INPUT ---       0 0 0 0 0 0 0 0 0 0 0 0 0 0 0 0;

  Program  MARK  - Survival Rate Estimation with Capture-Recapture Data
   gfortran(Win64) Vers. 8.2 Mar 2017   11-Apr-2017 09:29:09    Page  016
 - - - - - - - - - - - - - - - - - - - - - - - - - - - - - - - - - - - - - -
 
  INPUT ---        1 30 1 0 0 0 0 0 0 0 0 0 0 0 0 0 0 0 0 0 0 0 0 0 0 0 0 0 0 
  INPUT ---       0 0 0 0 0 0 0 0 0 0 0 0 0 0 0 0;
  INPUT ---        1 30 0 0 0 0 0 0 0 0 0 0 0 0 0 0 0 0 0 0 0 0 0 0 0 0 0 0 0 
  INPUT ---       0 0 0 0 0 0 0 0 0 0 0 0 0 0 0 0;
  INPUT ---        1 31 1 0 0 0 0 0 0 0 0 0 0 0 0 0 0 0 0 0 0 0 0 0 0 0 0 0 0 
  INPUT ---       0 0 0 0 0 0 0 0 0 0 0 0 0 0 0 0;
  INPUT ---        1 31 0 0 0 0 0 0 0 0 0 0 0 0 0 0 0 0 0 0 0 0 0 0 0 0 0 0 0 
  INPUT ---       0 0 0 0 0 0 0 0 0 0 0 0 0 0 0 0;
  INPUT ---        1 32 1 0 0 0 0 0 0 0 0 0 0 0 0 0 0 0 0 0 0 0 0 0 0 0 0 0 0 
  INPUT ---       0 0 0 0 0 0 0 0 0 0 0 0 0 0 0 0;
  INPUT ---        1 32 0 0 0 0 0 0 0 0 0 0 0 0 0 0 0 0 0 0 0 0 0 0 0 0 0 0 0 
  INPUT ---       0 0 0 0 0 0 0 0 0 0 0 0 0 0 0 0;
  INPUT ---        1 33 1 0 0 0 0 0 0 0 0 0 0 0 0 0 0 0 0 0 0 0 0 0 0 0 0 0 0 
  INPUT ---       0 0 0 0 0 0 0 0 0 0 0 0 0 0 0 0;
  INPUT ---        1 33 0 0 0 0 0 0 0 0 0 0 0 0 0 0 0 0 0 0 0 0 0 0 0 0 0 0 0 
  INPUT ---       0 0 0 0 0 0 0 0 0 0 0 0 0 0 0 0;
  INPUT ---        1 34 1 0 0 0 0 0 0 0 0 0 0 0 0 0 0 0 0 0 0 0 0 0 0 0 0 0 0 
  INPUT ---       0 0 0 0 0 0 0 0 0 0 0 0 0 0 0 0;
  INPUT ---        1 34 0 0 0 0 0 0 0 0 0 0 0 0 0 0 0 0 0 0 0 0 0 0 0 0 0 0 0 
  INPUT ---       0 0 0 0 0 0 0 0 0 0 0 0 0 0 0 0;
  INPUT ---        1 35 1 0 0 0 0 0 0 0 0 0 0 0 0 0 0 0 0 0 0 0 0 0 0 0 0 0 0 
  INPUT ---       0 0 0 0 0 0 0 0 0 0 0 0 0 0 0 0;
  INPUT ---        1 35 0 0 0 0 0 0 0 0 0 0 0 0 0 0 0 0 0 0 0 0 0 0 0 0 0 0 0 
  INPUT ---       0 0 0 0 0 0 0 0 0 0 0 0 0 0 0 0;
  INPUT ---        1 36 1 0 0 0 0 0 0 0 0 0 0 0 0 0 0 0 0 0 0 0 0 0 0 0 0 0 0 
  INPUT ---       0 0 0 0 0 0 0 0 0 0 0 0 0 0 0 0;
  INPUT ---        1 36 0 0 0 0 0 0 0 0 0 0 0 0 0 0 0 0 0 0 0 0 0 0 0 0 0 0 0 
  INPUT ---       0 0 0 0 0 0 0 0 0 0 0 0 0 0 0 0;
  INPUT ---        1 37 1 0 0 0 0 0 0 0 0 0 0 0 0 0 0 0 0 0 0 0 0 0 0 0 0 0 0 
  INPUT ---       0 0 0 0 0 0 0 0 0 0 0 0 0 0 0 0;
  INPUT ---        1 37 0 0 0 0 0 0 0 0 0 0 0 0 0 0 0 0 0 0 0 0 0 0 0 0 0 0 0 
  INPUT ---       0 0 0 0 0 0 0 0 0 0 0 0 0 0 0 0;
  INPUT ---        1 38 1 0 0 0 0 0 0 0 0 0 0 0 0 0 0 0 0 0 0 0 0 0 0 0 0 0 0 
  INPUT ---       0 0 0 0 0 0 0 0 0 0 0 0 0 0 0 0;
  INPUT ---        1 38 0 0 0 0 0 0 0 0 0 0 0 0 0 0 0 0 0 0 0 0 0 0 0 0 0 0 0 
  INPUT ---       0 0 0 0 0 0 0 0 0 0 0 0 0 0 0 0;
  INPUT ---        1 39 1 0 0 0 0 0 0 0 0 0 0 0 0 0 0 0 0 0 0 0 0 0 0 0 0 0 0 
  INPUT ---       0 0 0 0 0 0 0 0 0 0 0 0 0 0 0 0;
  INPUT ---        1 39 0 0 0 0 0 0 0 0 0 0 0 0 0 0 0 0 0 0 0 0 0 0 0 0 0 0 0 
  INPUT ---       0 0 0 0 0 0 0 0 0 0 0 0 0 0 0 0;
  INPUT ---        1 40 1 0 0 0 0 0 0 0 0 0 0 0 0 0 0 0 0 0 0 0 0 0 0 0 0 0 0 
  INPUT ---       0 0 0 0 0 0 0 0 0 0 0 0 0 0 0 0;
  INPUT ---        1 40 0 0 0 0 0 0 0 0 0 0 0 0 0 0 0 0 0 0 0 0 0 0 0 0 0 0 0 
  INPUT ---       0 0 0 0 0 0 0 0 0 0 0 0 0 0 0 0;
  INPUT ---        0 0 0 0 1 0 0 0 0 0 0 0 0 0 0 0 0 0 0 0 0 0 0 0 0 0 0 0 0 
  INPUT ---       0 0 0 0 0 0 0 0 0 0 0 0 0 0 0 0;

  Program  MARK  - Survival Rate Estimation with Capture-Recapture Data
   gfortran(Win64) Vers. 8.2 Mar 2017   11-Apr-2017 09:29:09    Page  017
 - - - - - - - - - - - - - - - - - - - - - - - - - - - - - - - - - - - - - -
 
  INPUT ---        0 0 0 0 1 1 0 0 0 0 0 0 0 0 0 0 0 0 0 0 0 0 0 0 0 0 0 0 0 
  INPUT ---       0 0 0 0 0 0 0 0 0 0 0 0 0 0 0 0;
  INPUT ---        0 0 0 0 1 0 1 0 0 0 0 0 0 0 0 0 0 0 0 0 0 0 0 0 0 0 0 0 0 
  INPUT ---       0 0 0 0 0 0 0 0 0 0 0 0 0 0 0 0;
  INPUT ---        0 0 0 0 1 0 0 1 0 0 0 0 0 0 0 0 0 0 0 0 0 0 0 0 0 0 0 0 0 
  INPUT ---       0 0 0 0 0 0 0 0 0 0 0 0 0 0 0 0;
  INPUT ---        0 0 0 0 1 0 0 0 1 0 0 0 0 0 0 0 0 0 0 0 0 0 0 0 0 0 0 0 0 
  INPUT ---       0 0 0 0 0 0 0 0 0 0 0 0 0 0 0 0;
  INPUT ---        0 0 0 0 1 0 0 0 0 1 0 0 0 0 0 0 0 0 0 0 0 0 0 0 0 0 0 0 0 
  INPUT ---       0 0 0 0 0 0 0 0 0 0 0 0 0 0 0 0;
  INPUT ---        0 0 0 0 1 0 0 0 0 0 1 0 0 0 0 0 0 0 0 0 0 0 0 0 0 0 0 0 0 
  INPUT ---       0 0 0 0 0 0 0 0 0 0 0 0 0 0 0 0;
  INPUT ---        0 0 0 0 1 0 0 0 0 0 0 1 0 0 0 0 0 0 0 0 0 0 0 0 0 0 0 0 0 
  INPUT ---       0 0 0 0 0 0 0 0 0 0 0 0 0 0 0 0;
  INPUT ---        0 0 0 0 1 0 0 0 0 0 0 0 1 0 0 0 0 0 0 0 0 0 0 0 0 0 0 0 0 
  INPUT ---       0 0 0 0 0 0 0 0 0 0 0 0 0 0 0 0;
  INPUT ---        0 0 0 0 1 0 0 0 0 0 0 0 0 1 0 0 0 0 0 0 0 0 0 0 0 0 0 0 0 
  INPUT ---       0 0 0 0 0 0 0 0 0 0 0 0 0 0 0 0;
  INPUT ---        0 0 0 0 1 0 0 0 0 0 0 0 0 0 1 0 0 0 0 0 0 0 0 0 0 0 0 0 0 
  INPUT ---       0 0 0 0 0 0 0 0 0 0 0 0 0 0 0 0;
  INPUT ---        0 0 0 0 1 0 0 0 0 0 0 0 0 0 0 1 0 0 0 0 0 0 0 0 0 0 0 0 0 
  INPUT ---       0 0 0 0 0 0 0 0 0 0 0 0 0 0 0 0;
  INPUT ---        0 0 0 0 1 0 0 0 0 0 0 0 0 0 0 0 1 0 0 0 0 0 0 0 0 0 0 0 0 
  INPUT ---       0 0 0 0 0 0 0 0 0 0 0 0 0 0 0 0;
  INPUT ---        0 0 0 0 1 0 0 0 0 0 0 0 0 0 0 0 0 1 0 0 0 0 0 0 0 0 0 0 0 
  INPUT ---       0 0 0 0 0 0 0 0 0 0 0 0 0 0 0 0;
  INPUT ---        0 0 0 0 1 0 0 0 0 0 0 0 0 0 0 0 0 0 1 0 0 0 0 0 0 0 0 0 0 
  INPUT ---       0 0 0 0 0 0 0 0 0 0 0 0 0 0 0 0;
  INPUT ---        0 0 0 0 1 0 0 0 0 0 0 0 0 0 0 0 0 0 0 1 0 0 0 0 0 0 0 0 0 
  INPUT ---       0 0 0 0 0 0 0 0 0 0 0 0 0 0 0 0;
  INPUT ---        0 0 0 0 1 0 0 0 0 0 0 0 0 0 0 0 0 0 0 0 1 0 0 0 0 0 0 0 0 
  INPUT ---       0 0 0 0 0 0 0 0 0 0 0 0 0 0 0 0;
  INPUT ---        0 0 0 0 1 0 0 0 0 0 0 0 0 0 0 0 0 0 0 0 0 1 0 0 0 0 0 0 0 
  INPUT ---       0 0 0 0 0 0 0 0 0 0 0 0 0 0 0 0;
  INPUT ---        0 0 0 0 1 0 0 0 0 0 0 0 0 0 0 0 0 0 0 0 0 0 1 0 0 0 0 0 0 
  INPUT ---       0 0 0 0 0 0 0 0 0 0 0 0 0 0 0 0;
  INPUT ---        0 0 0 0 1 0 0 0 0 0 0 0 0 0 0 0 0 0 0 0 0 0 0 1 0 0 0 0 0 
  INPUT ---       0 0 0 0 0 0 0 0 0 0 0 0 0 0 0 0;
  INPUT ---        0 0 0 0 1 0 0 0 0 0 0 0 0 0 0 0 0 0 0 0 0 0 0 0 1 0 0 0 0 
  INPUT ---       0 0 0 0 0 0 0 0 0 0 0 0 0 0 0 0;
  INPUT ---        0 0 0 0 1 0 0 0 0 0 0 0 0 0 0 0 0 0 0 0 0 0 0 0 0 1 0 0 0 
  INPUT ---       0 0 0 0 0 0 0 0 0 0 0 0 0 0 0 0;
  INPUT ---        0 0 0 0 1 0 0 0 0 0 0 0 0 0 0 0 0 0 0 0 0 0 0 0 0 0 1 0 0 
  INPUT ---       0 0 0 0 0 0 0 0 0 0 0 0 0 0 0 0;
  INPUT ---        0 0 0 0 1 0 0 0 0 0 0 0 0 0 0 0 0 0 0 0 0 0 0 0 0 0 0 1 0 
  INPUT ---       0 0 0 0 0 0 0 0 0 0 0 0 0 0 0 0;

  Program  MARK  - Survival Rate Estimation with Capture-Recapture Data
   gfortran(Win64) Vers. 8.2 Mar 2017   11-Apr-2017 09:29:09    Page  018
 - - - - - - - - - - - - - - - - - - - - - - - - - - - - - - - - - - - - - -
 
  INPUT ---        0 0 0 0 1 0 0 0 0 0 0 0 0 0 0 0 0 0 0 0 0 0 0 0 0 0 0 0 1 
  INPUT ---       0 0 0 0 0 0 0 0 0 0 0 0 0 0 0 0;
  INPUT ---        0 0 0 0 1 0 0 0 0 0 0 0 0 0 0 0 0 0 0 0 0 0 0 0 0 0 0 0 0 
  INPUT ---       1 0 0 0 0 0 0 0 0 0 0 0 0 0 0 0;
  INPUT ---        0 0 0 0 1 0 0 0 0 0 0 0 0 0 0 0 0 0 0 0 0 0 0 0 0 0 0 0 0 
  INPUT ---       0 1 0 0 0 0 0 0 0 0 0 0 0 0 0 0;
  INPUT ---        0 0 0 0 1 0 0 0 0 0 0 0 0 0 0 0 0 0 0 0 0 0 0 0 0 0 0 0 0 
  INPUT ---       0 0 1 0 0 0 0 0 0 0 0 0 0 0 0 0;
  INPUT ---        0 0 0 0 1 0 0 0 0 0 0 0 0 0 0 0 0 0 0 0 0 0 0 0 0 0 0 0 0 
  INPUT ---       0 0 0 1 0 0 0 0 0 0 0 0 0 0 0 0;
  INPUT ---        0 0 0 0 1 0 0 0 0 0 0 0 0 0 0 0 0 0 0 0 0 0 0 0 0 0 0 0 0 
  INPUT ---       0 0 0 0 1 0 0 0 0 0 0 0 0 0 0 0;
  INPUT ---        0 0 0 0 1 0 0 0 0 0 0 0 0 0 0 0 0 0 0 0 0 0 0 0 0 0 0 0 0 
  INPUT ---       0 0 0 0 0 1 0 0 0 0 0 0 0 0 0 0;
  INPUT ---        0 0 0 0 1 0 0 0 0 0 0 0 0 0 0 0 0 0 0 0 0 0 0 0 0 0 0 0 0 
  INPUT ---       0 0 0 0 0 0 1 0 0 0 0 0 0 0 0 0;
  INPUT ---        0 0 0 0 1 0 0 0 0 0 0 0 0 0 0 0 0 0 0 0 0 0 0 0 0 0 0 0 0 
  INPUT ---       0 0 0 0 0 0 0 1 0 0 0 0 0 0 0 0;
  INPUT ---        0 0 0 0 1 0 0 0 0 0 0 0 0 0 0 0 0 0 0 0 0 0 0 0 0 0 0 0 0 
  INPUT ---       0 0 0 0 0 0 0 0 1 0 0 0 0 0 0 0;
  INPUT ---        0 0 0 0 1 0 0 0 0 0 0 0 0 0 0 0 0 0 0 0 0 0 0 0 0 0 0 0 0 
  INPUT ---       0 0 0 0 0 0 0 0 0 1 0 0 0 0 0 0;
  INPUT ---        0 0 0 0 1 0 0 0 0 0 0 0 0 0 0 0 0 0 0 0 0 0 0 0 0 0 0 0 0 
  INPUT ---       0 0 0 0 0 0 0 0 0 0 1 0 0 0 0 0;
  INPUT ---        0 0 0 0 1 0 0 0 0 0 0 0 0 0 0 0 0 0 0 0 0 0 0 0 0 0 0 0 0 
  INPUT ---       0 0 0 0 0 0 0 0 0 0 0 1 0 0 0 0;
  INPUT ---        0 0 0 0 1 0 0 0 0 0 0 0 0 0 0 0 0 0 0 0 0 0 0 0 0 0 0 0 0 
  INPUT ---       0 0 0 0 0 0 0 0 0 0 0 0 1 0 0 0;
  INPUT ---        0 0 0 0 1 0 0 0 0 0 0 0 0 0 0 0 0 0 0 0 0 0 0 0 0 0 0 0 0 
  INPUT ---       0 0 0 0 0 0 0 0 0 0 0 0 0 1 0 0;
  INPUT ---        0 0 0 0 1 0 0 0 0 0 0 0 0 0 0 0 0 0 0 0 0 0 0 0 0 0 0 0 0 
  INPUT ---       0 0 0 0 0 0 0 0 0 0 0 0 0 0 1 0;
  INPUT ---        0 0 0 0 1 0 0 0 0 0 0 0 0 0 0 0 0 0 0 0 0 0 0 0 0 0 0 0 0 
  INPUT ---       0 0 0 0 0 0 0 0 0 0 0 0 0 0 0 1;
  INPUT ---       blabel(1)=Phi:(Intercept);
  INPUT ---       blabel(2)=Phi:Time;
  INPUT ---       blabel(3)=Phi:age(1,2];
  INPUT ---       blabel(4)=Phi:age(2,42];
  INPUT ---       blabel(5)=p:(Intercept);
  INPUT ---       blabel(6)=p:time1977;
  INPUT ---       blabel(7)=p:time1978;
  INPUT ---       blabel(8)=p:time1979;
  INPUT ---       blabel(9)=p:time1980;
  INPUT ---       blabel(10)=p:time1981;
  INPUT ---       blabel(11)=p:time1982;
  INPUT ---       blabel(12)=p:time1983;

  Program  MARK  - Survival Rate Estimation with Capture-Recapture Data
   gfortran(Win64) Vers. 8.2 Mar 2017   11-Apr-2017 09:29:09    Page  019
 - - - - - - - - - - - - - - - - - - - - - - - - - - - - - - - - - - - - - -
 
  INPUT ---       blabel(13)=p:time1984;
  INPUT ---       blabel(14)=p:time1985;
  INPUT ---       blabel(15)=p:time1986;
  INPUT ---       blabel(16)=p:time1987;
  INPUT ---       blabel(17)=p:time1988;
  INPUT ---       blabel(18)=p:time1989;
  INPUT ---       blabel(19)=p:time1990;
  INPUT ---       blabel(20)=p:time1991;
  INPUT ---       blabel(21)=p:time1992;
  INPUT ---       blabel(22)=p:time1993;
  INPUT ---       blabel(23)=p:time1994;
  INPUT ---       blabel(24)=p:time1995;
  INPUT ---       blabel(25)=p:time1996;
  INPUT ---       blabel(26)=p:time1997;
  INPUT ---       blabel(27)=p:time1998;
  INPUT ---       blabel(28)=p:time1999;
  INPUT ---       blabel(29)=p:time2000;
  INPUT ---       blabel(30)=p:time2001;
  INPUT ---       blabel(31)=p:time2002;
  INPUT ---       blabel(32)=p:time2003;
  INPUT ---       blabel(33)=p:time2004;
  INPUT ---       blabel(34)=p:time2005;
  INPUT ---       blabel(35)=p:time2006;
  INPUT ---       blabel(36)=p:time2007;
  INPUT ---       blabel(37)=p:time2008;
  INPUT ---       blabel(38)=p:time2009;
  INPUT ---       blabel(39)=p:time2010;
  INPUT ---       blabel(40)=p:time2011;
  INPUT ---       blabel(41)=p:time2012;
  INPUT ---       blabel(42)=p:time2013;
  INPUT ---       blabel(43)=p:time2014;
  INPUT ---       blabel(44)=p:time2015;
  INPUT ---       blabel(45)=p:time2016;
  INPUT ---       rlabel(1)=Phi gHYF c1975 a0 t1975;
  INPUT ---       rlabel(2)=Phi gHYF c1975 a1 t1976;
  INPUT ---       rlabel(3)=Phi gHYF c1975 a2 t1977;
  INPUT ---       rlabel(4)=Phi gHYF c1975 a3 t1978;
  INPUT ---       rlabel(5)=Phi gHYF c1975 a4 t1979;
  INPUT ---       rlabel(6)=Phi gHYF c1975 a5 t1980;
  INPUT ---       rlabel(7)=Phi gHYF c1975 a6 t1981;
  INPUT ---       rlabel(8)=Phi gHYF c1975 a7 t1982;
  INPUT ---       rlabel(9)=Phi gHYF c1975 a8 t1983;
  INPUT ---       rlabel(10)=Phi gHYF c1975 a9 t1984;
  INPUT ---       rlabel(11)=Phi gHYF c1975 a10 t1985;
  INPUT ---       rlabel(12)=Phi gHYF c1975 a11 t1986;
  INPUT ---       rlabel(13)=Phi gHYF c1975 a12 t1987;

  Program  MARK  - Survival Rate Estimation with Capture-Recapture Data
   gfortran(Win64) Vers. 8.2 Mar 2017   11-Apr-2017 09:29:09    Page  020
 - - - - - - - - - - - - - - - - - - - - - - - - - - - - - - - - - - - - - -
 
  INPUT ---       rlabel(14)=Phi gHYF c1975 a13 t1988;
  INPUT ---       rlabel(15)=Phi gHYF c1975 a14 t1989;
  INPUT ---       rlabel(16)=Phi gHYF c1975 a15 t1990;
  INPUT ---       rlabel(17)=Phi gHYF c1975 a16 t1991;
  INPUT ---       rlabel(18)=Phi gHYF c1975 a17 t1992;
  INPUT ---       rlabel(19)=Phi gHYF c1975 a18 t1993;
  INPUT ---       rlabel(20)=Phi gHYF c1975 a19 t1994;
  INPUT ---       rlabel(21)=Phi gHYF c1975 a20 t1995;
  INPUT ---       rlabel(22)=Phi gHYF c1975 a21 t1996;
  INPUT ---       rlabel(23)=Phi gHYF c1975 a22 t1997;
  INPUT ---       rlabel(24)=Phi gHYF c1975 a23 t1998;
  INPUT ---       rlabel(25)=Phi gHYF c1975 a24 t1999;
  INPUT ---       rlabel(26)=Phi gHYF c1975 a25 t2000;
  INPUT ---       rlabel(27)=Phi gHYF c1975 a26 t2001;
  INPUT ---       rlabel(28)=Phi gHYF c1975 a27 t2002;
  INPUT ---       rlabel(29)=Phi gHYF c1975 a28 t2003;
  INPUT ---       rlabel(30)=Phi gHYF c1975 a29 t2004;
  INPUT ---       rlabel(31)=Phi gHYF c1975 a30 t2005;
  INPUT ---       rlabel(32)=Phi gHYF c1975 a31 t2006;
  INPUT ---       rlabel(33)=Phi gHYF c1975 a32 t2007;
  INPUT ---       rlabel(34)=Phi gHYF c1975 a33 t2008;
  INPUT ---       rlabel(35)=Phi gHYF c1975 a34 t2009;
  INPUT ---       rlabel(36)=Phi gHYF c1975 a35 t2010;
  INPUT ---       rlabel(37)=Phi gHYF c1975 a36 t2011;
  INPUT ---       rlabel(38)=Phi gHYF c1975 a37 t2012;
  INPUT ---       rlabel(39)=Phi gHYF c1975 a38 t2013;
  INPUT ---       rlabel(40)=Phi gHYF c1975 a39 t2014;
  INPUT ---       rlabel(41)=Phi gHYF c1975 a40 t2015;
  INPUT ---       rlabel(42)=Phi gHYF c1976 a1 t1977;
  INPUT ---       rlabel(43)=Phi gHYF c1976 a2 t1978;
  INPUT ---       rlabel(44)=Phi gHYF c1977 a1 t1978;
  INPUT ---       rlabel(45)=Phi gHYF c1977 a2 t1979;
  INPUT ---       rlabel(46)=Phi gHYF c1978 a1 t1979;
  INPUT ---       rlabel(47)=Phi gHYF c1978 a2 t1980;
  INPUT ---       rlabel(48)=Phi gHYF c1979 a1 t1980;
  INPUT ---       rlabel(49)=Phi gHYF c1979 a2 t1981;
  INPUT ---       rlabel(50)=Phi gHYF c1980 a1 t1981;
  INPUT ---       rlabel(51)=Phi gHYF c1980 a2 t1982;
  INPUT ---       rlabel(52)=Phi gHYF c1981 a1 t1982;
  INPUT ---       rlabel(53)=Phi gHYF c1981 a2 t1983;
  INPUT ---       rlabel(54)=Phi gHYF c1982 a1 t1983;
  INPUT ---       rlabel(55)=Phi gHYF c1982 a2 t1984;
  INPUT ---       rlabel(56)=Phi gHYF c1983 a1 t1984;
  INPUT ---       rlabel(57)=Phi gHYF c1983 a2 t1985;
  INPUT ---       rlabel(58)=Phi gHYF c1984 a1 t1985;
  INPUT ---       rlabel(59)=Phi gHYF c1984 a2 t1986;

  Program  MARK  - Survival Rate Estimation with Capture-Recapture Data
   gfortran(Win64) Vers. 8.2 Mar 2017   11-Apr-2017 09:29:09    Page  021
 - - - - - - - - - - - - - - - - - - - - - - - - - - - - - - - - - - - - - -
 
  INPUT ---       rlabel(60)=Phi gHYF c1985 a1 t1986;
  INPUT ---       rlabel(61)=Phi gHYF c1985 a2 t1987;
  INPUT ---       rlabel(62)=Phi gHYF c1986 a1 t1987;
  INPUT ---       rlabel(63)=Phi gHYF c1986 a2 t1988;
  INPUT ---       rlabel(64)=Phi gHYF c1987 a1 t1988;
  INPUT ---       rlabel(65)=Phi gHYF c1987 a2 t1989;
  INPUT ---       rlabel(66)=Phi gHYF c1988 a1 t1989;
  INPUT ---       rlabel(67)=Phi gHYF c1988 a2 t1990;
  INPUT ---       rlabel(68)=Phi gHYF c1989 a1 t1990;
  INPUT ---       rlabel(69)=Phi gHYF c1989 a2 t1991;
  INPUT ---       rlabel(70)=Phi gHYF c1990 a1 t1991;
  INPUT ---       rlabel(71)=Phi gHYF c1990 a2 t1992;
  INPUT ---       rlabel(72)=Phi gHYF c1991 a1 t1992;
  INPUT ---       rlabel(73)=Phi gHYF c1991 a2 t1993;
  INPUT ---       rlabel(74)=Phi gHYF c1992 a1 t1993;
  INPUT ---       rlabel(75)=Phi gHYF c1992 a2 t1994;
  INPUT ---       rlabel(76)=Phi gHYF c1993 a1 t1994;
  INPUT ---       rlabel(77)=Phi gHYF c1993 a2 t1995;
  INPUT ---       rlabel(78)=Phi gHYF c1994 a1 t1995;
  INPUT ---       rlabel(79)=Phi gHYF c1994 a2 t1996;
  INPUT ---       rlabel(80)=Phi gHYF c1995 a1 t1996;
  INPUT ---       rlabel(81)=Phi gHYF c1995 a2 t1997;
  INPUT ---       rlabel(82)=Phi gHYF c1996 a1 t1997;
  INPUT ---       rlabel(83)=Phi gHYF c1996 a2 t1998;
  INPUT ---       rlabel(84)=Phi gHYF c1997 a1 t1998;
  INPUT ---       rlabel(85)=Phi gHYF c1997 a2 t1999;
  INPUT ---       rlabel(86)=Phi gHYF c1998 a1 t1999;
  INPUT ---       rlabel(87)=Phi gHYF c1998 a2 t2000;
  INPUT ---       rlabel(88)=Phi gHYF c1999 a1 t2000;
  INPUT ---       rlabel(89)=Phi gHYF c1999 a2 t2001;
  INPUT ---       rlabel(90)=Phi gHYF c2000 a1 t2001;
  INPUT ---       rlabel(91)=Phi gHYF c2000 a2 t2002;
  INPUT ---       rlabel(92)=Phi gHYF c2001 a1 t2002;
  INPUT ---       rlabel(93)=Phi gHYF c2001 a2 t2003;
  INPUT ---       rlabel(94)=Phi gHYF c2002 a1 t2003;
  INPUT ---       rlabel(95)=Phi gHYF c2002 a2 t2004;
  INPUT ---       rlabel(96)=Phi gHYF c2003 a1 t2004;
  INPUT ---       rlabel(97)=Phi gHYF c2003 a2 t2005;
  INPUT ---       rlabel(98)=Phi gHYF c2004 a1 t2005;
  INPUT ---       rlabel(99)=Phi gHYF c2004 a2 t2006;
  INPUT ---       rlabel(100)=Phi gHYF c2005 a1 t2006;
  INPUT ---       rlabel(101)=Phi gHYF c2005 a2 t2007;
  INPUT ---       rlabel(102)=Phi gHYF c2006 a1 t2007;
  INPUT ---       rlabel(103)=Phi gHYF c2006 a2 t2008;
  INPUT ---       rlabel(104)=Phi gHYF c2007 a1 t2008;
  INPUT ---       rlabel(105)=Phi gHYF c2007 a2 t2009;

  Program  MARK  - Survival Rate Estimation with Capture-Recapture Data
   gfortran(Win64) Vers. 8.2 Mar 2017   11-Apr-2017 09:29:09    Page  022
 - - - - - - - - - - - - - - - - - - - - - - - - - - - - - - - - - - - - - -
 
  INPUT ---       rlabel(106)=Phi gHYF c2008 a1 t2009;
  INPUT ---       rlabel(107)=Phi gHYF c2008 a2 t2010;
  INPUT ---       rlabel(108)=Phi gHYF c2009 a1 t2010;
  INPUT ---       rlabel(109)=Phi gHYF c2009 a2 t2011;
  INPUT ---       rlabel(110)=Phi gHYF c2010 a1 t2011;
  INPUT ---       rlabel(111)=Phi gHYF c2010 a2 t2012;
  INPUT ---       rlabel(112)=Phi gHYF c2011 a1 t2012;
  INPUT ---       rlabel(113)=Phi gHYF c2011 a2 t2013;
  INPUT ---       rlabel(114)=Phi gHYF c2012 a1 t2013;
  INPUT ---       rlabel(115)=Phi gHYF c2012 a2 t2014;
  INPUT ---       rlabel(116)=Phi gHYF c2013 a1 t2014;
  INPUT ---       rlabel(117)=Phi gHYF c2013 a2 t2015;
  INPUT ---       rlabel(118)=Phi gHYF c2014 a1 t2015;
  INPUT ---       rlabel(119)=p gHYF c1975 a1 t1976;
  INPUT ---       rlabel(120)=p gHYF c1975 a2 t1977;
  INPUT ---       rlabel(121)=p gHYF c1975 a3 t1978;
  INPUT ---       rlabel(122)=p gHYF c1975 a4 t1979;
  INPUT ---       rlabel(123)=p gHYF c1975 a5 t1980;
  INPUT ---       rlabel(124)=p gHYF c1975 a6 t1981;
  INPUT ---       rlabel(125)=p gHYF c1975 a7 t1982;
  INPUT ---       rlabel(126)=p gHYF c1975 a8 t1983;
  INPUT ---       rlabel(127)=p gHYF c1975 a9 t1984;
  INPUT ---       rlabel(128)=p gHYF c1975 a10 t1985;
  INPUT ---       rlabel(129)=p gHYF c1975 a11 t1986;
  INPUT ---       rlabel(130)=p gHYF c1975 a12 t1987;
  INPUT ---       rlabel(131)=p gHYF c1975 a13 t1988;
  INPUT ---       rlabel(132)=p gHYF c1975 a14 t1989;
  INPUT ---       rlabel(133)=p gHYF c1975 a15 t1990;
  INPUT ---       rlabel(134)=p gHYF c1975 a16 t1991;
  INPUT ---       rlabel(135)=p gHYF c1975 a17 t1992;
  INPUT ---       rlabel(136)=p gHYF c1975 a18 t1993;
  INPUT ---       rlabel(137)=p gHYF c1975 a19 t1994;
  INPUT ---       rlabel(138)=p gHYF c1975 a20 t1995;
  INPUT ---       rlabel(139)=p gHYF c1975 a21 t1996;
  INPUT ---       rlabel(140)=p gHYF c1975 a22 t1997;
  INPUT ---       rlabel(141)=p gHYF c1975 a23 t1998;
  INPUT ---       rlabel(142)=p gHYF c1975 a24 t1999;
  INPUT ---       rlabel(143)=p gHYF c1975 a25 t2000;
  INPUT ---       rlabel(144)=p gHYF c1975 a26 t2001;
  INPUT ---       rlabel(145)=p gHYF c1975 a27 t2002;
  INPUT ---       rlabel(146)=p gHYF c1975 a28 t2003;
  INPUT ---       rlabel(147)=p gHYF c1975 a29 t2004;
  INPUT ---       rlabel(148)=p gHYF c1975 a30 t2005;
  INPUT ---       rlabel(149)=p gHYF c1975 a31 t2006;
  INPUT ---       rlabel(150)=p gHYF c1975 a32 t2007;
  INPUT ---       rlabel(151)=p gHYF c1975 a33 t2008;

  Program  MARK  - Survival Rate Estimation with Capture-Recapture Data
   gfortran(Win64) Vers. 8.2 Mar 2017   11-Apr-2017 09:29:09    Page  023
 - - - - - - - - - - - - - - - - - - - - - - - - - - - - - - - - - - - - - -
 
  INPUT ---       rlabel(152)=p gHYF c1975 a34 t2009;
  INPUT ---       rlabel(153)=p gHYF c1975 a35 t2010;
  INPUT ---       rlabel(154)=p gHYF c1975 a36 t2011;
  INPUT ---       rlabel(155)=p gHYF c1975 a37 t2012;
  INPUT ---       rlabel(156)=p gHYF c1975 a38 t2013;
  INPUT ---       rlabel(157)=p gHYF c1975 a39 t2014;
  INPUT ---       rlabel(158)=p gHYF c1975 a40 t2015;
  INPUT ---       rlabel(159)=p gHYF c1975 a41 t2016;

 Link Function Used is LOGIT        

 Variance Estimation Procedure Used is 2ndPart 
 -2logL(saturated) = 767.53420     
 Effective Sample Size = 14603

 Number of function evaluations was 76 for 45 parameters.
 Time for numerical optimization was 2.58 seconds.
 -2logL { Phi(~Time + age)p(~time) } = 4321.3381     
 Penalty { Phi(~Time + age)p(~time) } = -0.0000000    
 Gradient { Phi(~Time + age)p(~time) }:
 -0.4122966E-01-0.2088414E-01  0.000000    -0.2238945E-02-0.3804539E-01
 -0.5943085E-03-0.1101062E-02-0.4597051E-03-0.8166895E-04-0.8687786E-04
 -0.7756665E-04 0.1343959E-02-0.7792350E-03-0.1533542E-02-0.1334740E-02
 -0.3137500E-02-0.1428737E-02-0.8485273E-03-0.1671152E-03-0.2188979E-02
  0.9025545E-03-0.6769919E-03-0.8008435E-03-0.2909669E-02-0.1888119E-02
 -0.3112221E-02-0.6621666E-03 0.8044916E-02-0.2503438E-02-0.1431954E-02
 -0.2983561E-02-0.2942793E-02-0.1301515E-02-0.4826713E-03-0.2281669E-02
 -0.1364407E-02-0.7168047E-03-0.4548425E-03-0.1180393E-03-0.6327762E-03
   0.000000    -0.8694068E-05-0.3518255E-03-0.3596800E-02-0.3425026E-02
 S Vector { Phi(~Time + age)p(~time) }:
   976.9531      98.53280      32.22621      22.72167      20.36670    
   15.98052      15.30838      13.19003      12.65707      12.64547    
   12.55256      12.25789      12.13023      11.75231      11.41816    
   11.30921      10.95201      10.34220      10.12327      9.954490    
   9.355871      8.962633      8.144097      7.559358      7.150655    
   5.802546      5.628771      5.039665      4.337551      3.645151    
   3.454271      3.053084      2.832608      2.674167      2.613984    
   2.040177      1.891592      1.611095      1.200749     0.9759908    
  0.9587740     0.7705092     0.3864565E-05 0.6837438E-07 0.1315196E-08
 Time to compute number of parameters was 2.58 seconds.
   Threshold =  0.9200000E-06     Condition index =  0.1346223E-11     New Threshold =  0.8822605E-08

  Program  MARK  - Survival Rate Estimation with Capture-Recapture Data
   gfortran(Win64) Vers. 8.2 Mar 2017   11-Apr-2017 09:29:12    Page  024
 - - - - - - - - - - - - - - - - - - - - - - - - - - - - - - - - - - - - - -
 
 New Guessimate of Estimated Parameters { Phi(~Time + age)p(~time) } = 42          
 Conditioned S Vector { Phi(~Time + age)p(~time) }:
   1.000000     0.1008573     0.3298645E-01 0.2325769E-01 0.2084716E-01
  0.1635751E-01 0.1566951E-01 0.1350119E-01 0.1295566E-01 0.1294378E-01
  0.1284868E-01 0.1254706E-01 0.1241639E-01 0.1202956E-01 0.1168752E-01
  0.1157600E-01 0.1121037E-01 0.1058618E-01 0.1036208E-01 0.1018932E-01
  0.9576582E-02 0.9174067E-02 0.8336221E-02 0.7737688E-02 0.7319343E-02
  0.5939432E-02 0.5761557E-02 0.5158554E-02 0.4439876E-02 0.3731143E-02
  0.3535759E-02 0.3125108E-02 0.2899430E-02 0.2737252E-02 0.2675649E-02
  0.2088306E-02 0.1936216E-02 0.1649102E-02 0.1229076E-02 0.9990150E-03
  0.9813921E-03 0.7886860E-03 0.3955732E-08 0.6998738E-10 0.1346223E-11
 Number of Estimated Parameters { Phi(~Time + age)p(~time) } = 42          
 DEVIANCE { Phi(~Time + age)p(~time) } = 3553.8039                     
 DEVIANCE Degrees of Freedom { Phi(~Time + age)p(~time) } = 85            
 c-hat { Phi(~Time + age)p(~time) } = 41.809458                     
 AIC { Phi(~Time + age)p(~time) } = 4405.3381                  
 AICc { Phi(~Time + age)p(~time) } = 4405.5862                    
 BIC { Phi(~Time + age)p(~time) } = 4724.0753                    
 Pearson Chisquare { Phi(~Time + age)p(~time) } = 5613254.8                  


                 LOGIT Link Function Parameters of { Phi(~Time + age)p(~time) }
                                                              95% Confidence Interval
 Parameter                    Beta         Standard Error      Lower           Upper
 -------------------------  --------------  --------------  --------------  --------------
    1:Phi:(Intercept)       -1.3228375      0.1814501       -1.6784797      -0.9671953    
    2:Phi:Time              -0.0152833      0.0082126       -0.0313800      0.8133460E-003
    3:Phi:age(1,2]          26.849976       3824.2983       -7468.7749      7522.4748     
    4:Phi:age(2,42]         1.5185377       0.1791082       1.1674857       1.8695897     
    5:p:(Intercept)         -12.265170      80.446239       -169.93980      145.40946     
    6:p:time1977            8.6411492       80.452693       -149.04613      166.32843     
    7:p:time1978            9.9034144       80.448026       -147.77472      167.58155     
    8:p:time1979            9.4856833       80.448503       -148.19339      167.16475     
    9:p:time1980            9.0227229       80.449553       -148.65840      166.70385     
   10:p:time1981            8.4217931       80.452646       -149.26540      166.10898     
   11:p:time1982            9.5527980       80.447949       -148.12518      167.23078     
   12:p:time1983            10.233684       80.446887       -147.44222      167.90959     
   13:p:time1984            10.438202       80.446693       -147.23732      168.11372     
   14:p:time1985            10.505518       80.446707       -147.17003      168.18107     
   15:p:time1986            10.447559       80.446689       -147.22796      168.12307     
   16:p:time1987            10.363250       80.446810       -147.31250      168.03900     
   17:p:time1988            9.2488157       80.447560       -148.42840      166.92604     
   18:p:time1989            10.040064       80.446811       -147.63569      167.71582     
   19:p:time1990            9.8846463       80.446800       -147.79108      167.56038     
   20:p:time1991            10.342823       80.446584       -147.33249      168.01813     
   21:p:time1992            9.0768955       80.447045       -148.59932      166.75311     
   22:p:time1993            9.7474812       80.446724       -147.92810      167.42306     
   23:p:time1994            9.7888736       80.446769       -147.88680      167.46454     
   24:p:time1995            10.377793       80.446825       -147.29799      168.05357     
   25:p:time1996            10.127123       80.446734       -147.54848      167.80272     
   26:p:time1997            10.367878       80.446700       -147.30766      168.04341     
   27:p:time1998            10.125459       80.446616       -147.54991      167.80083     
   28:p:time1999            10.983524       80.446550       -146.69172      168.65876     
   29:p:time2000            10.298577       80.446835       -147.37722      167.97438     

  Program  MARK  - Survival Rate Estimation with Capture-Recapture Data
   gfortran(Win64) Vers. 8.2 Mar 2017   11-Apr-2017 09:29:12    Page  025
 - - - - - - - - - - - - - - - - - - - - - - - - - - - - - - - - - - - - - -
 
   30:p:time2001            10.369053       80.446859       -147.30679      168.04490     
   31:p:time2002            10.461807       80.446823       -147.21397      168.13758     
   32:p:time2003            10.651499       80.446831       -147.02429      168.32729     
   33:p:time2004            10.390394       80.447091       -147.28591      168.06670     
   34:p:time2005            10.305764       80.447502       -147.37134      167.98287     
   35:p:time2006            10.878558       80.447243       -146.79804      168.55516     
   36:p:time2007            10.665256       80.447500       -147.01185      168.34236     
   37:p:time2008            9.5311893       80.448765       -148.14839      167.21077     
   38:p:time2009            10.397616       80.448571       -147.28159      168.07682     
   39:p:time2010            9.7870270       80.448882       -147.89279      167.46684     
   40:p:time2011            9.4923527       80.449959       -148.18957      167.17427     
   41:p:time2012            -52.625396      0.6387369       -53.877320      -51.373471    
   42:p:time2013            9.4610947       80.453540       -148.22785      167.15004     
   43:p:time2014            10.632829       80.451196       -147.05152      168.31718     
   44:p:time2015            12.528127       80.449584       -145.15306      170.20931     
   45:p:time2016            11.347789       80.447830       -146.32996      169.02554     


                 Real Function Parameters of { Phi(~Time + age)p(~time) }
                                                               95% Confidence Interval
  Parameter                  Estimate       Standard Error      Lower           Upper
 --------------------------  --------------  --------------  --------------  --------------
     1:Phi gHYF c1975 a0 t1  0.2103466       0.0301390       0.1572969       0.2754399                           
     2:Phi gHYF c1975 a1 t1  0.2078193       0.0287046       0.1571137       0.2696539                           
     3:Phi gHYF c1975 a2 t1  1.0000000       0.3232431E-007  0.9999999       1.0000001                           
     4:Phi gHYF c1975 a3 t1  0.5373926       0.0459908       0.4470132       0.6253798                           
     5:Phi gHYF c1975 a4 t1  0.5335911       0.0447286       0.4457902       0.6193591                           
     6:Phi gHYF c1975 a5 t1  0.5297856       0.0435151       0.4444578       0.6134071                           
     7:Phi gHYF c1975 a6 t1  0.5259767       0.0423559       0.4430066       0.6075366                           
     8:Phi gHYF c1975 a7 t1  0.5221647       0.0412570       0.4414265       0.6017612                           
     9:Phi gHYF c1975 a8 t1  0.5183502       0.0402246       0.4397067       0.5960949                           
    10:Phi gHYF c1975 a9 t1  0.5145335       0.0392650       0.4378364       0.5905522                           
    11:Phi gHYF c1975 a10 t  0.5107151       0.0383848       0.4358042       0.5851478                           
    12:Phi gHYF c1975 a11 t  0.5068955       0.0375904       0.4335993       0.5798965                           
    13:Phi gHYF c1975 a12 t  0.5030751       0.0368881       0.4312107       0.5748126                           
    14:Phi gHYF c1975 a13 t  0.4992543       0.0362838       0.4286285       0.5699098                           
    15:Phi gHYF c1975 a14 t  0.4954336       0.0357831       0.4258437       0.5652008                           
    16:Phi gHYF c1975 a15 t  0.4916134       0.0353905       0.4228489       0.5606968                           
    17:Phi gHYF c1975 a16 t  0.4877942       0.0351099       0.4196382       0.5564071                           
    18:Phi gHYF c1975 a17 t  0.4839764       0.0349439       0.4162084       0.5523390                           
    19:Phi gHYF c1975 a18 t  0.4801605       0.0348940       0.4125583       0.5484972                           
    20:Phi gHYF c1975 a19 t  0.4763470       0.0349602       0.4086894       0.5448839                           
    21:Phi gHYF c1975 a20 t  0.4725361       0.0351415       0.4046061       0.5414986                           
    22:Phi gHYF c1975 a21 t  0.4687285       0.0354354       0.4003148       0.5383383                           
    23:Phi gHYF c1975 a22 t  0.4649245       0.0358382       0.3958244       0.5353978                           
    24:Phi gHYF c1975 a23 t  0.4611246       0.0363455       0.3911460       0.5326698                           

  Program  MARK  - Survival Rate Estimation with Capture-Recapture Data
   gfortran(Win64) Vers. 8.2 Mar 2017   11-Apr-2017 09:29:12    Page  026
 - - - - - - - - - - - - - - - - - - - - - - - - - - - - - - - - - - - - - -
 
    25:Phi gHYF c1975 a24 t  0.4573292       0.0369517       0.3862918       0.5301453                           
    26:Phi gHYF c1975 a25 t  0.4535387       0.0376510       0.3812756       0.5278143                           
    27:Phi gHYF c1975 a26 t  0.4497537       0.0384368       0.3761117       0.5256657                           
    28:Phi gHYF c1975 a27 t  0.4459744       0.0393027       0.3708150       0.5236881                           
    29:Phi gHYF c1975 a28 t  0.4422014       0.0402418       0.3654003       0.5218699                           
    30:Phi gHYF c1975 a29 t  0.4384350       0.0412475       0.3598824       0.5201997                           
    31:Phi gHYF c1975 a30 t  0.4346757       0.0423135       0.3542755       0.5186662                           
    32:Phi gHYF c1975 a31 t  0.4309239       0.0434336       0.3485935       0.5172587                           
    33:Phi gHYF c1975 a32 t  0.4271800       0.0446018       0.3428494       0.5159671                           
    34:Phi gHYF c1975 a33 t  0.4234445       0.0458127       0.3370556       0.5147818                           
    35:Phi gHYF c1975 a34 t  0.4197176       0.0470611       0.3312237       0.5136942                           
    36:Phi gHYF c1975 a35 t  0.4159999       0.0483422       0.3253646       0.5126958                           
    37:Phi gHYF c1975 a36 t  0.4122918       0.0496514       0.3194882       0.5117794                           
    38:Phi gHYF c1975 a37 t  0.4085936       0.0509848       0.3136039       0.5109380                           
    39:Phi gHYF c1975 a38 t  0.4049056       0.0523384       0.3077204       0.5101652                           
    40:Phi gHYF c1975 a39 t  0.4012284       0.0537087       0.3018456       0.5094554                           
    41:Phi gHYF c1975 a40 t  0.3975623       0.0550926       0.2959867       0.5088035                           
    42:Phi gHYF c1976 a1 t1  0.2053144       0.0273079       0.1569041       0.2639842                           
    43:Phi gHYF c1976 a2 t1  1.0000000       0.3282192E-007  0.9999999       1.0000001                           
    44:Phi gHYF c1977 a1 t1  0.2028320       0.0259505       0.1566647       0.2584351                           
    45:Phi gHYF c1977 a2 t1  1.0000000       0.3332802E-007  0.9999999       1.0000001                           
    46:Phi gHYF c1978 a1 t1  0.2003720       0.0246346       0.1563916       0.2530112                           
    47:Phi gHYF c1978 a2 t1  1.0000000       0.3384091E-007  0.9999999       1.0000001                           
    48:Phi gHYF c1979 a1 t1  0.1979345       0.0233625       0.1560804       0.2477177                           
    49:Phi gHYF c1979 a2 t1  1.0000000       0.3436230E-007  0.9999999       1.0000001                           
    50:Phi gHYF c1980 a1 t1  0.1955194       0.0221367       0.1557256       0.2425604                           
    51:Phi gHYF c1980 a2 t1  1.0000000       0.3489133E-007  0.9999999       1.0000001                           
    52:Phi gHYF c1981 a1 t1  0.1931266       0.0209604       0.1553214       0.2375458                           
    53:Phi gHYF c1981 a2 t1  1.0000000       0.3542885E-007  0.9999999       1.0000001                           
    54:Phi gHYF c1982 a1 t1  0.1907562       0.0198371       0.1548608       0.2326811                           
    55:Phi gHYF c1982 a2 t1  1.0000000       0.3597402E-007  0.9999999       1.0000001                           
    56:Phi gHYF c1983 a1 t1  0.1884081       0.0187709       0.1543358       0.2279746                           
    57:Phi gHYF c1983 a2 t1  1.0000000       0.3652852E-007  0.9999999       1.0000001                           
    58:Phi gHYF c1984 a1 t1  0.1860822       0.0177661       0.1537374       0.2234354                           
    59:Phi gHYF c1984 a2 t1  1.0000000       0.3709067E-007  0.9999999       1.0000001                           
    60:Phi gHYF c1985 a1 t1  0.1837786       0.0168282       0.1530553       0.2190738                           
    61:Phi gHYF c1985 a2 t1  1.0000000       0.3766216E-007  0.9999999       1.0000001                           
    62:Phi gHYF c1986 a1 t1  0.1814971       0.0159625       0.1522784       0.2149009                           
    63:Phi gHYF c1986 a2 t1  1.0000000       0.3824214E-007  0.9999999       1.0000001                           
    64:Phi gHYF c1987 a1 t1  0.1792377       0.0151754       0.1513945       0.2109288                           
    65:Phi gHYF c1987 a2 t1  1.0000000       0.3883146E-007  0.9999999       1.0000001                           
    66:Phi gHYF c1988 a1 t1  0.1770004       0.0144730       0.1503910       0.2071699                           
    67:Phi gHYF c1988 a2 t1  1.0000000       0.3942927E-007  0.9999999       1.0000001                           
    68:Phi gHYF c1989 a1 t1  0.1747850       0.0138618       0.1492552       0.2036363                           
    69:Phi gHYF c1989 a2 t1  1.0000000       0.4003642E-007  0.9999999       1.0000001                           
    70:Phi gHYF c1990 a1 t1  0.1725916       0.0133476       0.1479756       0.2003396                           

  Program  MARK  - Survival Rate Estimation with Capture-Recapture Data
   gfortran(Win64) Vers. 8.2 Mar 2017   11-Apr-2017 09:29:12    Page  027
 - - - - - - - - - - - - - - - - - - - - - - - - - - - - - - - - - - - - - -
 
    71:Phi gHYF c1990 a2 t1  1.0000000       0.4065292E-007  0.9999999       1.0000001                           
    72:Phi gHYF c1991 a1 t1  0.1704200       0.0129351       0.1465423       0.1972888                           
    73:Phi gHYF c1991 a2 t1  1.0000000       0.4127875E-007  0.9999999       1.0000001                           
    74:Phi gHYF c1992 a1 t1  0.1682701       0.0126277       0.1449487       0.1944903                           
    75:Phi gHYF c1992 a2 t1  1.0000000       0.4191477E-007  0.9999999       1.0000001                           
    76:Phi gHYF c1993 a1 t1  0.1661420       0.0124265       0.1431922       0.1919459                           
    77:Phi gHYF c1993 a2 t1  1.0000000       0.4256014E-007  0.9999999       1.0000001                           
    78:Phi gHYF c1994 a1 t1  0.1640354       0.0123301       0.1412750       0.1896529                           
    79:Phi gHYF c1994 a2 t1  1.0000000       0.4321570E-007  0.9999999       1.0000001                           
    80:Phi gHYF c1995 a1 t1  0.1619504       0.0123346       0.1392043       0.1876032                           
    81:Phi gHYF c1995 a2 t1  1.0000000       0.4388144E-007  0.9999999       1.0000001                           
    82:Phi gHYF c1996 a1 t1  0.1598868       0.0124339       0.1369918       0.1857844                           
    83:Phi gHYF c1996 a2 t1  1.0000000       0.4455738E-007  0.9999999       1.0000001                           
    84:Phi gHYF c1997 a1 t1  0.1578446       0.0126199       0.1346530       0.1841803                           
    85:Phi gHYF c1997 a2 t1  1.0000000       0.4524350E-007  0.9999999       1.0000001                           
    86:Phi gHYF c1998 a1 t1  0.1558236       0.0128831       0.1322055       0.1827723                           
    87:Phi gHYF c1998 a2 t2  1.0000000       0.4593982E-007  0.9999999       1.0000001                           
    88:Phi gHYF c1999 a1 t2  0.1538237       0.0132139       0.1296680       0.1815407                           
    89:Phi gHYF c1999 a2 t2  1.0000000       0.4664802E-007  0.9999999       1.0000001                           
    90:Phi gHYF c2000 a1 t2  0.1518449       0.0136022       0.1270594       0.1804658                           
    91:Phi gHYF c2000 a2 t2  1.0000000       0.4736641E-007  0.9999999       1.0000001                           
    92:Phi gHYF c2001 a1 t2  0.1498871       0.0140387       0.1243973       0.1795289                           
    93:Phi gHYF c2001 a2 t2  1.0000000       0.4809585E-007  0.9999999       1.0000001                           
    94:Phi gHYF c2002 a1 t2  0.1479500       0.0145147       0.1216982       0.1787125                           
    95:Phi gHYF c2002 a2 t2  1.0000000       0.4883632E-007  0.9999999       1.0000001                           
    96:Phi gHYF c2003 a1 t2  0.1460338       0.0150225       0.1189765       0.1780011                           
    97:Phi gHYF c2003 a2 t2  1.0000000       0.4958868E-007  0.9999999       1.0000001                           
    98:Phi gHYF c2004 a1 t2  0.1441381       0.0155551       0.1162451       0.1773807                           
    99:Phi gHYF c2004 a2 t2  1.0000000       0.5035208E-007  0.9999999       1.0000001                           
   100:Phi gHYF c2005 a1 t2  0.1422630       0.0161066       0.1135148       0.1768394                           
   101:Phi gHYF c2005 a2 t2  1.0000000       0.5112737E-007  0.9999999       1.0000001                           
   102:Phi gHYF c2006 a1 t2  0.1404082       0.0166719       0.1107950       0.1763665                           
   103:Phi gHYF c2006 a2 t2  1.0000000       0.5191454E-007  0.9999999       1.0000001                           
   104:Phi gHYF c2007 a1 t2  0.1385737       0.0172466       0.1080934       0.1759533                           
   105:Phi gHYF c2007 a2 t2  1.0000000       0.5271446E-007  0.9999999       1.0000001                           
   106:Phi gHYF c2008 a1 t2  0.1367594       0.0178270       0.1054166       0.1755919                           
   107:Phi gHYF c2008 a2 t2  1.0000000       0.5352626E-007  0.9999999       1.0000001                           
   108:Phi gHYF c2009 a1 t2  0.1349651       0.0184098       0.1027699       0.1752759                           
   109:Phi gHYF c2009 a2 t2  1.0000000       0.5435080E-007  0.9999999       1.0000001                           
   110:Phi gHYF c2010 a1 t2  0.1331907       0.0189926       0.1001578       0.1749995                           
   111:Phi gHYF c2010 a2 t2  1.0000000       0.5518807E-007  0.9999999       1.0000001                           
   112:Phi gHYF c2011 a1 t2  0.1314361       0.0195730       0.0975837       0.1747579                           
   113:Phi gHYF c2011 a2 t2  1.0000000       0.5603724E-007  0.9999999       1.0000001                           
   114:Phi gHYF c2012 a1 t2  0.1297012       0.0201492       0.0950507       0.1745470                           
   115:Phi gHYF c2012 a2 t2  1.0000000       0.5690084E-007  0.9999999       1.0000001                           
   116:Phi gHYF c2013 a1 t2  0.1279857       0.0207195       0.0925609       0.1743633                           

  Program  MARK  - Survival Rate Estimation with Capture-Recapture Data
   gfortran(Win64) Vers. 8.2 Mar 2017   11-Apr-2017 09:29:12    Page  028
 - - - - - - - - - - - - - - - - - - - - - - - - - - - - - - - - - - - - - -
 
   117:Phi gHYF c2013 a2 t2  1.0000000       0.5777718E-007  0.9999999       1.0000001                           
   118:Phi gHYF c2014 a1 t2  0.1262897       0.0212826       0.0901162       0.1742036                           
   119:p gHYF c1975 a1 t197  0.4713052E-005  0.3791455E-003  0.1570660E-073  1.0000000                           
   120:p gHYF c1975 a2 t197  0.0259821       0.0261803       0.0034994       0.1684874                           
   121:p gHYF c1975 a3 t197  0.0861359       0.0448139       0.0299564       0.2234085                           
   122:p gHYF c1975 a4 t197  0.0584428       0.0348087       0.0176480       0.1765867                           
   123:p gHYF c1975 a5 t198  0.0375992       0.0271476       0.0088987       0.1452954                           
   124:p gHYF c1975 a6 t198  0.0209719       0.0211954       0.0028242       0.1394277                           
   125:p gHYF c1975 a7 t198  0.0622472       0.0321201       0.0220772       0.1633021                           
   126:p gHYF c1975 a8 t198  0.1159365       0.0372640       0.0604219       0.2110025                           
   127:p gHYF c1975 a9 t198  0.1385999       0.0380634       0.0793036       0.2311038                           
   128:p gHYF c1975 a10 t19  0.1468339       0.0410209       0.0830618       0.2464104                           
   129:p gHYF c1975 a11 t19  0.1397207       0.0383423       0.0799643       0.2328317                           
   130:p gHYF c1975 a12 t19  0.1298912       0.0393942       0.0701035       0.2281581                           
   131:p gHYF c1975 a13 t19  0.0466925       0.0214107       0.0187226       0.1116910                           
   132:p gHYF c1975 a14 t19  0.0975185       0.0296658       0.0528611       0.1730114                           
   133:p gHYF c1975 a15 t19  0.0846700       0.0256075       0.0461708       0.1502156                           
   134:p gHYF c1975 a16 t19  0.1276000       0.0307519       0.0784351       0.2008656                           
   135:p gHYF c1975 a17 t19  0.0396094       0.0144014       0.0192597       0.0797126                           
   136:p gHYF c1975 a18 t19  0.0746274       0.0209938       0.0425525       0.1276560                           
   137:p gHYF c1975 a19 t19  0.0775367       0.0224582       0.0434500       0.1346014                           
   138:p gHYF c1975 a20 t19  0.1315438       0.0383075       0.0727892       0.2261567                           
   139:p gHYF c1975 a21 t19  0.1054534       0.0283905       0.0613452       0.1753515                           
   140:p gHYF c1975 a22 t19  0.1304152       0.0332095       0.0778986       0.2102636                           
   141:p gHYF c1975 a23 t19  0.1052966       0.0246358       0.0658503       0.1642184                           
   142:p gHYF c1975 a24 t19  0.2172701       0.0418363       0.1463134       0.3101368                           
   143:p gHYF c1975 a25 t20  0.1227553       0.0340402       0.0700345       0.2063568                           
   144:p gHYF c1975 a26 t20  0.1305485       0.0364697       0.0740642       0.2198804                           
   145:p gHYF c1975 a27 t20  0.1414421       0.0374987       0.0825193       0.2318083                           
   146:p gHYF c1975 a28 t20  0.1660796       0.0431476       0.0975902       0.2683421                           
   147:p gHYF c1975 a29 t20  0.1329900       0.0421150       0.0697411       0.2388709                           
   148:p gHYF c1975 a30 t20  0.1235313       0.0483102       0.0555169       0.2525869                           
   149:p gHYF c1975 a31 t20  0.1999492       0.0641769       0.1022079       0.3542762                           
   150:p gHYF c1975 a32 t20  0.1679936       0.0624753       0.0775581       0.3265499                           
   151:p gHYF c1975 a33 t20  0.0609977       0.0360705       0.0185547       0.1824763                           
   152:p gHYF c1975 a34 t20  0.1338250       0.0697574       0.0453442       0.3344695                           
   153:p gHYF c1975 a35 t20  0.0774047       0.0459206       0.0232375       0.2283218                           
   154:p gHYF c1975 a36 t20  0.0588109       0.0424077       0.0137285       0.2190558                           
   155:p gHYF c1975 a37 t20  0.6582416E-028  0.5267307E-026  -.1025810E-025  0.1038975E-025                      
   156:p gHYF c1975 a38 t20  0.0571043       0.0578791       0.0073114       0.3324400                           
   157:p gHYF c1975 a39 t20  0.1635099       0.1210726       0.0333322       0.5256398                           
   158:p gHYF c1975 a40 t20  0.5653630       0.1754488       0.2429677       0.8405587                           
   159:p gHYF c1975 a41 t20  0.2854918       0.1000340       0.1325547       0.5109469                           

 Attempted ordering of parameters by estimatibility:
   1  5  4  2 28 27 20 26 25 32 22 15 31 13 14 23 29 30 19 24 18 16 33 12 35
  21 36 34 45 17 11 38  7 37 39  8 44 40  9 43 10  6 42  3 41
 Beta number 41 is a singular value.

     CPU Time in seconds for last procedure was 5.30

  Program  MARK  - Survival Rate Estimation with Capture-Recapture Data
   gfortran(Win64) Vers. 8.2 Mar 2017   11-Apr-2017 09:29:12    Page  029
 - - - - - - - - - - - - - - - - - - - - - - - - - - - - - - - - - - - - - -
 


  INPUT --- proc stop;

     CPU Time in minutes for this job was 0.09

     Time Start = 09:29:08.863   Time End = 09:29:12.860

     Wall Clock Time in minutes for this job was 0.07


          E X E C U T I O N   S U C C E S S F U L 
