
   Program  MARK  - Survival Rate Estimation with Capture-Recapture Data
   gfortran(Win64) Vers. 8.2 Mar 2017   11-Apr-2017 09:28:48    Page  001
 - - - - - - - - - - - - - - - - - - - - - - - - - - - - - - - - - - - - - -
 
   This version was compiled by GCC version 5.3.0 using the options: 
     -cpp -iprefix c:\tdm-gcc-64\gcc\bin\../lib/gcc/x86_64-w64-mingw32/5.3.0/ -D_MT
     -U_REENTRANT -D IEEE -m64 -mtune=generic -march=x86-64 -mthreads -O3
     -fimplicit-none -fbounds-check -ffpe-summary=invalid,zero,overflow,underflow
     -fno-unsafe-math-optimizations -frounding-math -fsignaling-nans -fopenmp.

   This problem will use 3 of 4 possible threads.


  INPUT --- proc title ;

     CPU Time in seconds for last procedure was 0.02


  INPUT --- proc chmatrix occasions= 42 groups= 3 etype= Live ICMeans 
  INPUT --- NoHist hist= 238 ;

  INPUT ---    time  interval 1 1 1 1 1 1 1 1 1 1 1 1 1 1 1 1 1 1 1 1 1 1 
  INPUT ---    1 1 1 1 1 1 1 1 1 1 1 1 1 1 1 1 1 1 1 ;

  INPUT ---    glabel(1)=ageHY.sexF;

  INPUT ---    glabel(2)=ageHY.sexM;

  INPUT ---    glabel(3)=ageHY.sexU;

   * *  WARNING  * *   At least a pair of the encounter histories are duplicates. 

      Number of unique encounter histories read was 194.

      Number of individual covariates read was 0.
      Time interval lengths are all equal to 1.

      Data type number is 1
      Data type is Live Recaptures (CJS)                                                                               

     CPU Time in seconds for last procedure was 0.06

  Program  MARK  - Survival Rate Estimation with Capture-Recapture Data
   gfortran(Win64) Vers. 8.2 Mar 2017   11-Apr-2017 09:28:48    Page  002
 - - - - - - - - - - - - - - - - - - - - - - - - - - - - - - - - - - - - - -
 


  INPUT --- proc estimate link=Logit NOLOOP varest=2ndPart    ;


  INPUT --- model={ Phi(~Time * age)p(~time) };

  INPUT ---    group=1 Phi    rows=41 cols=41 Triang ;
  INPUT ---        1 2 3 4 5 6 7 8 9 10 11 12 13 14 15 16 17 18 19 20 21 22 
  INPUT ---       23 24 25 26 27 28 29 30 31 32 33 34 35 36 37 38 39 40 41 ;
  INPUT ---        2 42 43 5 6 7 8 9 10 11 12 13 14 15 16 17 18 19 20 21 22 
  INPUT ---       23 24 25 26 27 28 29 30 31 32 33 34 35 36 37 38 39 40 41 ;
  INPUT ---        42 44 45 6 7 8 9 10 11 12 13 14 15 16 17 18 19 20 21 22 23 
  INPUT ---       24 25 26 27 28 29 30 31 32 33 34 35 36 37 38 39 40 41 ;
  INPUT ---        44 46 47 7 8 9 10 11 12 13 14 15 16 17 18 19 20 21 22 23 
  INPUT ---       24 25 26 27 28 29 30 31 32 33 34 35 36 37 38 39 40 41 ;
  INPUT ---        46 48 49 8 9 10 11 12 13 14 15 16 17 18 19 20 21 22 23 24 
  INPUT ---       25 26 27 28 29 30 31 32 33 34 35 36 37 38 39 40 41 ;
  INPUT ---        48 50 51 9 10 11 12 13 14 15 16 17 18 19 20 21 22 23 24 25 
  INPUT ---       26 27 28 29 30 31 32 33 34 35 36 37 38 39 40 41 ;
  INPUT ---        50 52 53 10 11 12 13 14 15 16 17 18 19 20 21 22 23 24 25 
  INPUT ---       26 27 28 29 30 31 32 33 34 35 36 37 38 39 40 41 ;
  INPUT ---        52 54 55 11 12 13 14 15 16 17 18 19 20 21 22 23 24 25 26 
  INPUT ---       27 28 29 30 31 32 33 34 35 36 37 38 39 40 41 ;
  INPUT ---        54 56 57 12 13 14 15 16 17 18 19 20 21 22 23 24 25 26 27 
  INPUT ---       28 29 30 31 32 33 34 35 36 37 38 39 40 41 ;
  INPUT ---        56 58 59 13 14 15 16 17 18 19 20 21 22 23 24 25 26 27 28 
  INPUT ---       29 30 31 32 33 34 35 36 37 38 39 40 41 ;
  INPUT ---        58 60 61 14 15 16 17 18 19 20 21 22 23 24 25 26 27 28 29 
  INPUT ---       30 31 32 33 34 35 36 37 38 39 40 41 ;
  INPUT ---        60 62 63 15 16 17 18 19 20 21 22 23 24 25 26 27 28 29 30 
  INPUT ---       31 32 33 34 35 36 37 38 39 40 41 ;
  INPUT ---        62 64 65 16 17 18 19 20 21 22 23 24 25 26 27 28 29 30 31 
  INPUT ---       32 33 34 35 36 37 38 39 40 41 ;
  INPUT ---        64 66 67 17 18 19 20 21 22 23 24 25 26 27 28 29 30 31 32 
  INPUT ---       33 34 35 36 37 38 39 40 41 ;
  INPUT ---        66 68 69 18 19 20 21 22 23 24 25 26 27 28 29 30 31 32 33 
  INPUT ---       34 35 36 37 38 39 40 41 ;
  INPUT ---        68 70 71 19 20 21 22 23 24 25 26 27 28 29 30 31 32 33 34 
  INPUT ---       35 36 37 38 39 40 41 ;
  INPUT ---        70 72 73 20 21 22 23 24 25 26 27 28 29 30 31 32 33 34 35 
  INPUT ---       36 37 38 39 40 41 ;
  INPUT ---        72 74 75 21 22 23 24 25 26 27 28 29 30 31 32 33 34 35 36 
  INPUT ---       37 38 39 40 41 ;
  INPUT ---        74 76 77 22 23 24 25 26 27 28 29 30 31 32 33 34 35 36 37 
  INPUT ---       38 39 40 41 ;

  Program  MARK  - Survival Rate Estimation with Capture-Recapture Data
   gfortran(Win64) Vers. 8.2 Mar 2017   11-Apr-2017 09:28:48    Page  003
 - - - - - - - - - - - - - - - - - - - - - - - - - - - - - - - - - - - - - -
 
  INPUT ---        76 78 79 23 24 25 26 27 28 29 30 31 32 33 34 35 36 37 38 
  INPUT ---       39 40 41 ;
  INPUT ---        78 80 81 24 25 26 27 28 29 30 31 32 33 34 35 36 37 38 39 
  INPUT ---       40 41 ;
  INPUT ---        80 82 83 25 26 27 28 29 30 31 32 33 34 35 36 37 38 39 40 
  INPUT ---       41 ;
  INPUT ---        82 84 85 26 27 28 29 30 31 32 33 34 35 36 37 38 39 40 41 ;
  INPUT ---        84 86 87 27 28 29 30 31 32 33 34 35 36 37 38 39 40 41 ;
  INPUT ---        86 88 89 28 29 30 31 32 33 34 35 36 37 38 39 40 41 ;
  INPUT ---        88 90 91 29 30 31 32 33 34 35 36 37 38 39 40 41 ;
  INPUT ---        90 92 93 30 31 32 33 34 35 36 37 38 39 40 41 ;
  INPUT ---        92 94 95 31 32 33 34 35 36 37 38 39 40 41 ;
  INPUT ---        94 96 97 32 33 34 35 36 37 38 39 40 41 ;
  INPUT ---        96 98 99 33 34 35 36 37 38 39 40 41 ;
  INPUT ---        98 100 101 34 35 36 37 38 39 40 41 ;
  INPUT ---        100 102 103 35 36 37 38 39 40 41 ;
  INPUT ---        102 104 105 36 37 38 39 40 41 ;
  INPUT ---        104 106 107 37 38 39 40 41 ;
  INPUT ---        106 108 109 38 39 40 41 ;
  INPUT ---        108 110 111 39 40 41 ;
  INPUT ---        110 112 113 40 41 ;
  INPUT ---        112 114 115 41 ;
  INPUT ---        114 116 117 ;
  INPUT ---        116 118 ;
  INPUT ---        118 ;

  INPUT ---    group=2 Phi    rows=41 cols=41 Triang ;
  INPUT ---        1 2 3 4 5 6 7 8 9 10 11 12 13 14 15 16 17 18 19 20 21 22 
  INPUT ---       23 24 25 26 27 28 29 30 31 32 33 34 35 36 37 38 39 40 41 ;
  INPUT ---        2 42 43 5 6 7 8 9 10 11 12 13 14 15 16 17 18 19 20 21 22 
  INPUT ---       23 24 25 26 27 28 29 30 31 32 33 34 35 36 37 38 39 40 41 ;
  INPUT ---        42 44 45 6 7 8 9 10 11 12 13 14 15 16 17 18 19 20 21 22 23 
  INPUT ---       24 25 26 27 28 29 30 31 32 33 34 35 36 37 38 39 40 41 ;
  INPUT ---        44 46 47 7 8 9 10 11 12 13 14 15 16 17 18 19 20 21 22 23 
  INPUT ---       24 25 26 27 28 29 30 31 32 33 34 35 36 37 38 39 40 41 ;
  INPUT ---        46 48 49 8 9 10 11 12 13 14 15 16 17 18 19 20 21 22 23 24 
  INPUT ---       25 26 27 28 29 30 31 32 33 34 35 36 37 38 39 40 41 ;
  INPUT ---        48 50 51 9 10 11 12 13 14 15 16 17 18 19 20 21 22 23 24 25 
  INPUT ---       26 27 28 29 30 31 32 33 34 35 36 37 38 39 40 41 ;
  INPUT ---        50 52 53 10 11 12 13 14 15 16 17 18 19 20 21 22 23 24 25 
  INPUT ---       26 27 28 29 30 31 32 33 34 35 36 37 38 39 40 41 ;
  INPUT ---        52 54 55 11 12 13 14 15 16 17 18 19 20 21 22 23 24 25 26 
  INPUT ---       27 28 29 30 31 32 33 34 35 36 37 38 39 40 41 ;
  INPUT ---        54 56 57 12 13 14 15 16 17 18 19 20 21 22 23 24 25 26 27 
  INPUT ---       28 29 30 31 32 33 34 35 36 37 38 39 40 41 ;
  INPUT ---        56 58 59 13 14 15 16 17 18 19 20 21 22 23 24 25 26 27 28 

  Program  MARK  - Survival Rate Estimation with Capture-Recapture Data
   gfortran(Win64) Vers. 8.2 Mar 2017   11-Apr-2017 09:28:48    Page  004
 - - - - - - - - - - - - - - - - - - - - - - - - - - - - - - - - - - - - - -
 
  INPUT ---       29 30 31 32 33 34 35 36 37 38 39 40 41 ;
  INPUT ---        58 60 61 14 15 16 17 18 19 20 21 22 23 24 25 26 27 28 29 
  INPUT ---       30 31 32 33 34 35 36 37 38 39 40 41 ;
  INPUT ---        60 62 63 15 16 17 18 19 20 21 22 23 24 25 26 27 28 29 30 
  INPUT ---       31 32 33 34 35 36 37 38 39 40 41 ;
  INPUT ---        62 64 65 16 17 18 19 20 21 22 23 24 25 26 27 28 29 30 31 
  INPUT ---       32 33 34 35 36 37 38 39 40 41 ;
  INPUT ---        64 66 67 17 18 19 20 21 22 23 24 25 26 27 28 29 30 31 32 
  INPUT ---       33 34 35 36 37 38 39 40 41 ;
  INPUT ---        66 68 69 18 19 20 21 22 23 24 25 26 27 28 29 30 31 32 33 
  INPUT ---       34 35 36 37 38 39 40 41 ;
  INPUT ---        68 70 71 19 20 21 22 23 24 25 26 27 28 29 30 31 32 33 34 
  INPUT ---       35 36 37 38 39 40 41 ;
  INPUT ---        70 72 73 20 21 22 23 24 25 26 27 28 29 30 31 32 33 34 35 
  INPUT ---       36 37 38 39 40 41 ;
  INPUT ---        72 74 75 21 22 23 24 25 26 27 28 29 30 31 32 33 34 35 36 
  INPUT ---       37 38 39 40 41 ;
  INPUT ---        74 76 77 22 23 24 25 26 27 28 29 30 31 32 33 34 35 36 37 
  INPUT ---       38 39 40 41 ;
  INPUT ---        76 78 79 23 24 25 26 27 28 29 30 31 32 33 34 35 36 37 38 
  INPUT ---       39 40 41 ;
  INPUT ---        78 80 81 24 25 26 27 28 29 30 31 32 33 34 35 36 37 38 39 
  INPUT ---       40 41 ;
  INPUT ---        80 82 83 25 26 27 28 29 30 31 32 33 34 35 36 37 38 39 40 
  INPUT ---       41 ;
  INPUT ---        82 84 85 26 27 28 29 30 31 32 33 34 35 36 37 38 39 40 41 ;
  INPUT ---        84 86 87 27 28 29 30 31 32 33 34 35 36 37 38 39 40 41 ;
  INPUT ---        86 88 89 28 29 30 31 32 33 34 35 36 37 38 39 40 41 ;
  INPUT ---        88 90 91 29 30 31 32 33 34 35 36 37 38 39 40 41 ;
  INPUT ---        90 92 93 30 31 32 33 34 35 36 37 38 39 40 41 ;
  INPUT ---        92 94 95 31 32 33 34 35 36 37 38 39 40 41 ;
  INPUT ---        94 96 97 32 33 34 35 36 37 38 39 40 41 ;
  INPUT ---        96 98 99 33 34 35 36 37 38 39 40 41 ;
  INPUT ---        98 100 101 34 35 36 37 38 39 40 41 ;
  INPUT ---        100 102 103 35 36 37 38 39 40 41 ;
  INPUT ---        102 104 105 36 37 38 39 40 41 ;
  INPUT ---        104 106 107 37 38 39 40 41 ;
  INPUT ---        106 108 109 38 39 40 41 ;
  INPUT ---        108 110 111 39 40 41 ;
  INPUT ---        110 112 113 40 41 ;
  INPUT ---        112 114 115 41 ;
  INPUT ---        114 116 117 ;
  INPUT ---        116 118 ;
  INPUT ---        118 ;

  INPUT ---    group=3 Phi    rows=41 cols=41 Triang ;

  Program  MARK  - Survival Rate Estimation with Capture-Recapture Data
   gfortran(Win64) Vers. 8.2 Mar 2017   11-Apr-2017 09:28:48    Page  005
 - - - - - - - - - - - - - - - - - - - - - - - - - - - - - - - - - - - - - -
 
  INPUT ---        1 2 3 4 5 6 7 8 9 10 11 12 13 14 15 16 17 18 19 20 21 22 
  INPUT ---       23 24 25 26 27 28 29 30 31 32 33 34 35 36 37 38 39 40 41 ;
  INPUT ---        2 42 43 5 6 7 8 9 10 11 12 13 14 15 16 17 18 19 20 21 22 
  INPUT ---       23 24 25 26 27 28 29 30 31 32 33 34 35 36 37 38 39 40 41 ;
  INPUT ---        42 44 45 6 7 8 9 10 11 12 13 14 15 16 17 18 19 20 21 22 23 
  INPUT ---       24 25 26 27 28 29 30 31 32 33 34 35 36 37 38 39 40 41 ;
  INPUT ---        44 46 47 7 8 9 10 11 12 13 14 15 16 17 18 19 20 21 22 23 
  INPUT ---       24 25 26 27 28 29 30 31 32 33 34 35 36 37 38 39 40 41 ;
  INPUT ---        46 48 49 8 9 10 11 12 13 14 15 16 17 18 19 20 21 22 23 24 
  INPUT ---       25 26 27 28 29 30 31 32 33 34 35 36 37 38 39 40 41 ;
  INPUT ---        48 50 51 9 10 11 12 13 14 15 16 17 18 19 20 21 22 23 24 25 
  INPUT ---       26 27 28 29 30 31 32 33 34 35 36 37 38 39 40 41 ;
  INPUT ---        50 52 53 10 11 12 13 14 15 16 17 18 19 20 21 22 23 24 25 
  INPUT ---       26 27 28 29 30 31 32 33 34 35 36 37 38 39 40 41 ;
  INPUT ---        52 54 55 11 12 13 14 15 16 17 18 19 20 21 22 23 24 25 26 
  INPUT ---       27 28 29 30 31 32 33 34 35 36 37 38 39 40 41 ;
  INPUT ---        54 56 57 12 13 14 15 16 17 18 19 20 21 22 23 24 25 26 27 
  INPUT ---       28 29 30 31 32 33 34 35 36 37 38 39 40 41 ;
  INPUT ---        56 58 59 13 14 15 16 17 18 19 20 21 22 23 24 25 26 27 28 
  INPUT ---       29 30 31 32 33 34 35 36 37 38 39 40 41 ;
  INPUT ---        58 60 61 14 15 16 17 18 19 20 21 22 23 24 25 26 27 28 29 
  INPUT ---       30 31 32 33 34 35 36 37 38 39 40 41 ;
  INPUT ---        60 62 63 15 16 17 18 19 20 21 22 23 24 25 26 27 28 29 30 
  INPUT ---       31 32 33 34 35 36 37 38 39 40 41 ;
  INPUT ---        62 64 65 16 17 18 19 20 21 22 23 24 25 26 27 28 29 30 31 
  INPUT ---       32 33 34 35 36 37 38 39 40 41 ;
  INPUT ---        64 66 67 17 18 19 20 21 22 23 24 25 26 27 28 29 30 31 32 
  INPUT ---       33 34 35 36 37 38 39 40 41 ;
  INPUT ---        66 68 69 18 19 20 21 22 23 24 25 26 27 28 29 30 31 32 33 
  INPUT ---       34 35 36 37 38 39 40 41 ;
  INPUT ---        68 70 71 19 20 21 22 23 24 25 26 27 28 29 30 31 32 33 34 
  INPUT ---       35 36 37 38 39 40 41 ;
  INPUT ---        70 72 73 20 21 22 23 24 25 26 27 28 29 30 31 32 33 34 35 
  INPUT ---       36 37 38 39 40 41 ;
  INPUT ---        72 74 75 21 22 23 24 25 26 27 28 29 30 31 32 33 34 35 36 
  INPUT ---       37 38 39 40 41 ;
  INPUT ---        74 76 77 22 23 24 25 26 27 28 29 30 31 32 33 34 35 36 37 
  INPUT ---       38 39 40 41 ;
  INPUT ---        76 78 79 23 24 25 26 27 28 29 30 31 32 33 34 35 36 37 38 
  INPUT ---       39 40 41 ;
  INPUT ---        78 80 81 24 25 26 27 28 29 30 31 32 33 34 35 36 37 38 39 
  INPUT ---       40 41 ;
  INPUT ---        80 82 83 25 26 27 28 29 30 31 32 33 34 35 36 37 38 39 40 
  INPUT ---       41 ;
  INPUT ---        82 84 85 26 27 28 29 30 31 32 33 34 35 36 37 38 39 40 41 ;
  INPUT ---        84 86 87 27 28 29 30 31 32 33 34 35 36 37 38 39 40 41 ;

  Program  MARK  - Survival Rate Estimation with Capture-Recapture Data
   gfortran(Win64) Vers. 8.2 Mar 2017   11-Apr-2017 09:28:48    Page  006
 - - - - - - - - - - - - - - - - - - - - - - - - - - - - - - - - - - - - - -
 
  INPUT ---        86 88 89 28 29 30 31 32 33 34 35 36 37 38 39 40 41 ;
  INPUT ---        88 90 91 29 30 31 32 33 34 35 36 37 38 39 40 41 ;
  INPUT ---        90 92 93 30 31 32 33 34 35 36 37 38 39 40 41 ;
  INPUT ---        92 94 95 31 32 33 34 35 36 37 38 39 40 41 ;
  INPUT ---        94 96 97 32 33 34 35 36 37 38 39 40 41 ;
  INPUT ---        96 98 99 33 34 35 36 37 38 39 40 41 ;
  INPUT ---        98 100 101 34 35 36 37 38 39 40 41 ;
  INPUT ---        100 102 103 35 36 37 38 39 40 41 ;
  INPUT ---        102 104 105 36 37 38 39 40 41 ;
  INPUT ---        104 106 107 37 38 39 40 41 ;
  INPUT ---        106 108 109 38 39 40 41 ;
  INPUT ---        108 110 111 39 40 41 ;
  INPUT ---        110 112 113 40 41 ;
  INPUT ---        112 114 115 41 ;
  INPUT ---        114 116 117 ;
  INPUT ---        116 118 ;
  INPUT ---        118 ;

  INPUT ---    group=1 p    rows=41 cols=41 Triang ;
  INPUT ---        119 120 121 122 123 124 125 126 127 128 129 130 131 132 
  INPUT ---       133 134 135 136 137 138 139 140 141 142 143 144 145 146 147 
  INPUT ---       148 149 150 151 152 153 154 155 156 157 158 159 ;
  INPUT ---        120 121 122 123 124 125 126 127 128 129 130 131 132 133 
  INPUT ---       134 135 136 137 138 139 140 141 142 143 144 145 146 147 148 
  INPUT ---       149 150 151 152 153 154 155 156 157 158 159 ;
  INPUT ---        121 122 123 124 125 126 127 128 129 130 131 132 133 134 
  INPUT ---       135 136 137 138 139 140 141 142 143 144 145 146 147 148 149 
  INPUT ---       150 151 152 153 154 155 156 157 158 159 ;
  INPUT ---        122 123 124 125 126 127 128 129 130 131 132 133 134 135 
  INPUT ---       136 137 138 139 140 141 142 143 144 145 146 147 148 149 150 
  INPUT ---       151 152 153 154 155 156 157 158 159 ;
  INPUT ---        123 124 125 126 127 128 129 130 131 132 133 134 135 136 
  INPUT ---       137 138 139 140 141 142 143 144 145 146 147 148 149 150 151 
  INPUT ---       152 153 154 155 156 157 158 159 ;
  INPUT ---        124 125 126 127 128 129 130 131 132 133 134 135 136 137 
  INPUT ---       138 139 140 141 142 143 144 145 146 147 148 149 150 151 152 
  INPUT ---       153 154 155 156 157 158 159 ;
  INPUT ---        125 126 127 128 129 130 131 132 133 134 135 136 137 138 
  INPUT ---       139 140 141 142 143 144 145 146 147 148 149 150 151 152 153 
  INPUT ---       154 155 156 157 158 159 ;
  INPUT ---        126 127 128 129 130 131 132 133 134 135 136 137 138 139 
  INPUT ---       140 141 142 143 144 145 146 147 148 149 150 151 152 153 154 
  INPUT ---       155 156 157 158 159 ;
  INPUT ---        127 128 129 130 131 132 133 134 135 136 137 138 139 140 
  INPUT ---       141 142 143 144 145 146 147 148 149 150 151 152 153 154 155 
  INPUT ---       156 157 158 159 ;

  Program  MARK  - Survival Rate Estimation with Capture-Recapture Data
   gfortran(Win64) Vers. 8.2 Mar 2017   11-Apr-2017 09:28:48    Page  007
 - - - - - - - - - - - - - - - - - - - - - - - - - - - - - - - - - - - - - -
 
  INPUT ---        128 129 130 131 132 133 134 135 136 137 138 139 140 141 
  INPUT ---       142 143 144 145 146 147 148 149 150 151 152 153 154 155 156 
  INPUT ---       157 158 159 ;
  INPUT ---        129 130 131 132 133 134 135 136 137 138 139 140 141 142 
  INPUT ---       143 144 145 146 147 148 149 150 151 152 153 154 155 156 157 
  INPUT ---       158 159 ;
  INPUT ---        130 131 132 133 134 135 136 137 138 139 140 141 142 143 
  INPUT ---       144 145 146 147 148 149 150 151 152 153 154 155 156 157 158 
  INPUT ---       159 ;
  INPUT ---        131 132 133 134 135 136 137 138 139 140 141 142 143 144 
  INPUT ---       145 146 147 148 149 150 151 152 153 154 155 156 157 158 159 
  INPUT ---       ;
  INPUT ---        132 133 134 135 136 137 138 139 140 141 142 143 144 145 
  INPUT ---       146 147 148 149 150 151 152 153 154 155 156 157 158 159 ;
  INPUT ---        133 134 135 136 137 138 139 140 141 142 143 144 145 146 
  INPUT ---       147 148 149 150 151 152 153 154 155 156 157 158 159 ;
  INPUT ---        134 135 136 137 138 139 140 141 142 143 144 145 146 147 
  INPUT ---       148 149 150 151 152 153 154 155 156 157 158 159 ;
  INPUT ---        135 136 137 138 139 140 141 142 143 144 145 146 147 148 
  INPUT ---       149 150 151 152 153 154 155 156 157 158 159 ;
  INPUT ---        136 137 138 139 140 141 142 143 144 145 146 147 148 149 
  INPUT ---       150 151 152 153 154 155 156 157 158 159 ;
  INPUT ---        137 138 139 140 141 142 143 144 145 146 147 148 149 150 
  INPUT ---       151 152 153 154 155 156 157 158 159 ;
  INPUT ---        138 139 140 141 142 143 144 145 146 147 148 149 150 151 
  INPUT ---       152 153 154 155 156 157 158 159 ;
  INPUT ---        139 140 141 142 143 144 145 146 147 148 149 150 151 152 
  INPUT ---       153 154 155 156 157 158 159 ;
  INPUT ---        140 141 142 143 144 145 146 147 148 149 150 151 152 153 
  INPUT ---       154 155 156 157 158 159 ;
  INPUT ---        141 142 143 144 145 146 147 148 149 150 151 152 153 154 
  INPUT ---       155 156 157 158 159 ;
  INPUT ---        142 143 144 145 146 147 148 149 150 151 152 153 154 155 
  INPUT ---       156 157 158 159 ;
  INPUT ---        143 144 145 146 147 148 149 150 151 152 153 154 155 156 
  INPUT ---       157 158 159 ;
  INPUT ---        144 145 146 147 148 149 150 151 152 153 154 155 156 157 
  INPUT ---       158 159 ;
  INPUT ---        145 146 147 148 149 150 151 152 153 154 155 156 157 158 
  INPUT ---       159 ;
  INPUT ---        146 147 148 149 150 151 152 153 154 155 156 157 158 159 ;
  INPUT ---        147 148 149 150 151 152 153 154 155 156 157 158 159 ;
  INPUT ---        148 149 150 151 152 153 154 155 156 157 158 159 ;
  INPUT ---        149 150 151 152 153 154 155 156 157 158 159 ;
  INPUT ---        150 151 152 153 154 155 156 157 158 159 ;
  INPUT ---        151 152 153 154 155 156 157 158 159 ;

  Program  MARK  - Survival Rate Estimation with Capture-Recapture Data
   gfortran(Win64) Vers. 8.2 Mar 2017   11-Apr-2017 09:28:48    Page  008
 - - - - - - - - - - - - - - - - - - - - - - - - - - - - - - - - - - - - - -
 
  INPUT ---        152 153 154 155 156 157 158 159 ;
  INPUT ---        153 154 155 156 157 158 159 ;
  INPUT ---        154 155 156 157 158 159 ;
  INPUT ---        155 156 157 158 159 ;
  INPUT ---        156 157 158 159 ;
  INPUT ---        157 158 159 ;
  INPUT ---        158 159 ;
  INPUT ---        159 ;

  INPUT ---    group=2 p    rows=41 cols=41 Triang ;
  INPUT ---        119 120 121 122 123 124 125 126 127 128 129 130 131 132 
  INPUT ---       133 134 135 136 137 138 139 140 141 142 143 144 145 146 147 
  INPUT ---       148 149 150 151 152 153 154 155 156 157 158 159 ;
  INPUT ---        120 121 122 123 124 125 126 127 128 129 130 131 132 133 
  INPUT ---       134 135 136 137 138 139 140 141 142 143 144 145 146 147 148 
  INPUT ---       149 150 151 152 153 154 155 156 157 158 159 ;
  INPUT ---        121 122 123 124 125 126 127 128 129 130 131 132 133 134 
  INPUT ---       135 136 137 138 139 140 141 142 143 144 145 146 147 148 149 
  INPUT ---       150 151 152 153 154 155 156 157 158 159 ;
  INPUT ---        122 123 124 125 126 127 128 129 130 131 132 133 134 135 
  INPUT ---       136 137 138 139 140 141 142 143 144 145 146 147 148 149 150 
  INPUT ---       151 152 153 154 155 156 157 158 159 ;
  INPUT ---        123 124 125 126 127 128 129 130 131 132 133 134 135 136 
  INPUT ---       137 138 139 140 141 142 143 144 145 146 147 148 149 150 151 
  INPUT ---       152 153 154 155 156 157 158 159 ;
  INPUT ---        124 125 126 127 128 129 130 131 132 133 134 135 136 137 
  INPUT ---       138 139 140 141 142 143 144 145 146 147 148 149 150 151 152 
  INPUT ---       153 154 155 156 157 158 159 ;
  INPUT ---        125 126 127 128 129 130 131 132 133 134 135 136 137 138 
  INPUT ---       139 140 141 142 143 144 145 146 147 148 149 150 151 152 153 
  INPUT ---       154 155 156 157 158 159 ;
  INPUT ---        126 127 128 129 130 131 132 133 134 135 136 137 138 139 
  INPUT ---       140 141 142 143 144 145 146 147 148 149 150 151 152 153 154 
  INPUT ---       155 156 157 158 159 ;
  INPUT ---        127 128 129 130 131 132 133 134 135 136 137 138 139 140 
  INPUT ---       141 142 143 144 145 146 147 148 149 150 151 152 153 154 155 
  INPUT ---       156 157 158 159 ;
  INPUT ---        128 129 130 131 132 133 134 135 136 137 138 139 140 141 
  INPUT ---       142 143 144 145 146 147 148 149 150 151 152 153 154 155 156 
  INPUT ---       157 158 159 ;
  INPUT ---        129 130 131 132 133 134 135 136 137 138 139 140 141 142 
  INPUT ---       143 144 145 146 147 148 149 150 151 152 153 154 155 156 157 
  INPUT ---       158 159 ;
  INPUT ---        130 131 132 133 134 135 136 137 138 139 140 141 142 143 
  INPUT ---       144 145 146 147 148 149 150 151 152 153 154 155 156 157 158 
  INPUT ---       159 ;

  Program  MARK  - Survival Rate Estimation with Capture-Recapture Data
   gfortran(Win64) Vers. 8.2 Mar 2017   11-Apr-2017 09:28:48    Page  009
 - - - - - - - - - - - - - - - - - - - - - - - - - - - - - - - - - - - - - -
 
  INPUT ---        131 132 133 134 135 136 137 138 139 140 141 142 143 144 
  INPUT ---       145 146 147 148 149 150 151 152 153 154 155 156 157 158 159 
  INPUT ---       ;
  INPUT ---        132 133 134 135 136 137 138 139 140 141 142 143 144 145 
  INPUT ---       146 147 148 149 150 151 152 153 154 155 156 157 158 159 ;
  INPUT ---        133 134 135 136 137 138 139 140 141 142 143 144 145 146 
  INPUT ---       147 148 149 150 151 152 153 154 155 156 157 158 159 ;
  INPUT ---        134 135 136 137 138 139 140 141 142 143 144 145 146 147 
  INPUT ---       148 149 150 151 152 153 154 155 156 157 158 159 ;
  INPUT ---        135 136 137 138 139 140 141 142 143 144 145 146 147 148 
  INPUT ---       149 150 151 152 153 154 155 156 157 158 159 ;
  INPUT ---        136 137 138 139 140 141 142 143 144 145 146 147 148 149 
  INPUT ---       150 151 152 153 154 155 156 157 158 159 ;
  INPUT ---        137 138 139 140 141 142 143 144 145 146 147 148 149 150 
  INPUT ---       151 152 153 154 155 156 157 158 159 ;
  INPUT ---        138 139 140 141 142 143 144 145 146 147 148 149 150 151 
  INPUT ---       152 153 154 155 156 157 158 159 ;
  INPUT ---        139 140 141 142 143 144 145 146 147 148 149 150 151 152 
  INPUT ---       153 154 155 156 157 158 159 ;
  INPUT ---        140 141 142 143 144 145 146 147 148 149 150 151 152 153 
  INPUT ---       154 155 156 157 158 159 ;
  INPUT ---        141 142 143 144 145 146 147 148 149 150 151 152 153 154 
  INPUT ---       155 156 157 158 159 ;
  INPUT ---        142 143 144 145 146 147 148 149 150 151 152 153 154 155 
  INPUT ---       156 157 158 159 ;
  INPUT ---        143 144 145 146 147 148 149 150 151 152 153 154 155 156 
  INPUT ---       157 158 159 ;
  INPUT ---        144 145 146 147 148 149 150 151 152 153 154 155 156 157 
  INPUT ---       158 159 ;
  INPUT ---        145 146 147 148 149 150 151 152 153 154 155 156 157 158 
  INPUT ---       159 ;
  INPUT ---        146 147 148 149 150 151 152 153 154 155 156 157 158 159 ;
  INPUT ---        147 148 149 150 151 152 153 154 155 156 157 158 159 ;
  INPUT ---        148 149 150 151 152 153 154 155 156 157 158 159 ;
  INPUT ---        149 150 151 152 153 154 155 156 157 158 159 ;
  INPUT ---        150 151 152 153 154 155 156 157 158 159 ;
  INPUT ---        151 152 153 154 155 156 157 158 159 ;
  INPUT ---        152 153 154 155 156 157 158 159 ;
  INPUT ---        153 154 155 156 157 158 159 ;
  INPUT ---        154 155 156 157 158 159 ;
  INPUT ---        155 156 157 158 159 ;
  INPUT ---        156 157 158 159 ;
  INPUT ---        157 158 159 ;
  INPUT ---        158 159 ;
  INPUT ---        159 ;


  Program  MARK  - Survival Rate Estimation with Capture-Recapture Data
   gfortran(Win64) Vers. 8.2 Mar 2017   11-Apr-2017 09:28:48    Page  010
 - - - - - - - - - - - - - - - - - - - - - - - - - - - - - - - - - - - - - -
 
  INPUT ---    group=3 p    rows=41 cols=41 Triang ;
  INPUT ---        119 120 121 122 123 124 125 126 127 128 129 130 131 132 
  INPUT ---       133 134 135 136 137 138 139 140 141 142 143 144 145 146 147 
  INPUT ---       148 149 150 151 152 153 154 155 156 157 158 159 ;
  INPUT ---        120 121 122 123 124 125 126 127 128 129 130 131 132 133 
  INPUT ---       134 135 136 137 138 139 140 141 142 143 144 145 146 147 148 
  INPUT ---       149 150 151 152 153 154 155 156 157 158 159 ;
  INPUT ---        121 122 123 124 125 126 127 128 129 130 131 132 133 134 
  INPUT ---       135 136 137 138 139 140 141 142 143 144 145 146 147 148 149 
  INPUT ---       150 151 152 153 154 155 156 157 158 159 ;
  INPUT ---        122 123 124 125 126 127 128 129 130 131 132 133 134 135 
  INPUT ---       136 137 138 139 140 141 142 143 144 145 146 147 148 149 150 
  INPUT ---       151 152 153 154 155 156 157 158 159 ;
  INPUT ---        123 124 125 126 127 128 129 130 131 132 133 134 135 136 
  INPUT ---       137 138 139 140 141 142 143 144 145 146 147 148 149 150 151 
  INPUT ---       152 153 154 155 156 157 158 159 ;
  INPUT ---        124 125 126 127 128 129 130 131 132 133 134 135 136 137 
  INPUT ---       138 139 140 141 142 143 144 145 146 147 148 149 150 151 152 
  INPUT ---       153 154 155 156 157 158 159 ;
  INPUT ---        125 126 127 128 129 130 131 132 133 134 135 136 137 138 
  INPUT ---       139 140 141 142 143 144 145 146 147 148 149 150 151 152 153 
  INPUT ---       154 155 156 157 158 159 ;
  INPUT ---        126 127 128 129 130 131 132 133 134 135 136 137 138 139 
  INPUT ---       140 141 142 143 144 145 146 147 148 149 150 151 152 153 154 
  INPUT ---       155 156 157 158 159 ;
  INPUT ---        127 128 129 130 131 132 133 134 135 136 137 138 139 140 
  INPUT ---       141 142 143 144 145 146 147 148 149 150 151 152 153 154 155 
  INPUT ---       156 157 158 159 ;
  INPUT ---        128 129 130 131 132 133 134 135 136 137 138 139 140 141 
  INPUT ---       142 143 144 145 146 147 148 149 150 151 152 153 154 155 156 
  INPUT ---       157 158 159 ;
  INPUT ---        129 130 131 132 133 134 135 136 137 138 139 140 141 142 
  INPUT ---       143 144 145 146 147 148 149 150 151 152 153 154 155 156 157 
  INPUT ---       158 159 ;
  INPUT ---        130 131 132 133 134 135 136 137 138 139 140 141 142 143 
  INPUT ---       144 145 146 147 148 149 150 151 152 153 154 155 156 157 158 
  INPUT ---       159 ;
  INPUT ---        131 132 133 134 135 136 137 138 139 140 141 142 143 144 
  INPUT ---       145 146 147 148 149 150 151 152 153 154 155 156 157 158 159 
  INPUT ---       ;
  INPUT ---        132 133 134 135 136 137 138 139 140 141 142 143 144 145 
  INPUT ---       146 147 148 149 150 151 152 153 154 155 156 157 158 159 ;
  INPUT ---        133 134 135 136 137 138 139 140 141 142 143 144 145 146 
  INPUT ---       147 148 149 150 151 152 153 154 155 156 157 158 159 ;
  INPUT ---        134 135 136 137 138 139 140 141 142 143 144 145 146 147 
  INPUT ---       148 149 150 151 152 153 154 155 156 157 158 159 ;

  Program  MARK  - Survival Rate Estimation with Capture-Recapture Data
   gfortran(Win64) Vers. 8.2 Mar 2017   11-Apr-2017 09:28:48    Page  011
 - - - - - - - - - - - - - - - - - - - - - - - - - - - - - - - - - - - - - -
 
  INPUT ---        135 136 137 138 139 140 141 142 143 144 145 146 147 148 
  INPUT ---       149 150 151 152 153 154 155 156 157 158 159 ;
  INPUT ---        136 137 138 139 140 141 142 143 144 145 146 147 148 149 
  INPUT ---       150 151 152 153 154 155 156 157 158 159 ;
  INPUT ---        137 138 139 140 141 142 143 144 145 146 147 148 149 150 
  INPUT ---       151 152 153 154 155 156 157 158 159 ;
  INPUT ---        138 139 140 141 142 143 144 145 146 147 148 149 150 151 
  INPUT ---       152 153 154 155 156 157 158 159 ;
  INPUT ---        139 140 141 142 143 144 145 146 147 148 149 150 151 152 
  INPUT ---       153 154 155 156 157 158 159 ;
  INPUT ---        140 141 142 143 144 145 146 147 148 149 150 151 152 153 
  INPUT ---       154 155 156 157 158 159 ;
  INPUT ---        141 142 143 144 145 146 147 148 149 150 151 152 153 154 
  INPUT ---       155 156 157 158 159 ;
  INPUT ---        142 143 144 145 146 147 148 149 150 151 152 153 154 155 
  INPUT ---       156 157 158 159 ;
  INPUT ---        143 144 145 146 147 148 149 150 151 152 153 154 155 156 
  INPUT ---       157 158 159 ;
  INPUT ---        144 145 146 147 148 149 150 151 152 153 154 155 156 157 
  INPUT ---       158 159 ;
  INPUT ---        145 146 147 148 149 150 151 152 153 154 155 156 157 158 
  INPUT ---       159 ;
  INPUT ---        146 147 148 149 150 151 152 153 154 155 156 157 158 159 ;
  INPUT ---        147 148 149 150 151 152 153 154 155 156 157 158 159 ;
  INPUT ---        148 149 150 151 152 153 154 155 156 157 158 159 ;
  INPUT ---        149 150 151 152 153 154 155 156 157 158 159 ;
  INPUT ---        150 151 152 153 154 155 156 157 158 159 ;
  INPUT ---        151 152 153 154 155 156 157 158 159 ;
  INPUT ---        152 153 154 155 156 157 158 159 ;
  INPUT ---        153 154 155 156 157 158 159 ;
  INPUT ---        154 155 156 157 158 159 ;
  INPUT ---        155 156 157 158 159 ;
  INPUT ---        156 157 158 159 ;
  INPUT ---        157 158 159 ;
  INPUT ---        158 159 ;
  INPUT ---        159 ;

  INPUT ---    design matrix constraints=159 covariates=47;
  INPUT ---        1 0 0 0 0 0 0 0 0 0 0 0 0 0 0 0 0 0 0 0 0 0 0 0 0 0 0 0 0 
  INPUT ---       0 0 0 0 0 0 0 0 0 0 0 0 0 0 0 0 0 0;
  INPUT ---        1 1 0 0 0 0 0 0 0 0 0 0 0 0 0 0 0 0 0 0 0 0 0 0 0 0 0 0 0 
  INPUT ---       0 0 0 0 0 0 0 0 0 0 0 0 0 0 0 0 0 0;
  INPUT ---        1 2 1 0 2 0 0 0 0 0 0 0 0 0 0 0 0 0 0 0 0 0 0 0 0 0 0 0 0 
  INPUT ---       0 0 0 0 0 0 0 0 0 0 0 0 0 0 0 0 0 0;
  INPUT ---        1 3 0 1 0 3 0 0 0 0 0 0 0 0 0 0 0 0 0 0 0 0 0 0 0 0 0 0 0 
  INPUT ---       0 0 0 0 0 0 0 0 0 0 0 0 0 0 0 0 0 0;

  Program  MARK  - Survival Rate Estimation with Capture-Recapture Data
   gfortran(Win64) Vers. 8.2 Mar 2017   11-Apr-2017 09:28:48    Page  012
 - - - - - - - - - - - - - - - - - - - - - - - - - - - - - - - - - - - - - -
 
  INPUT ---        1 4 0 1 0 4 0 0 0 0 0 0 0 0 0 0 0 0 0 0 0 0 0 0 0 0 0 0 0 
  INPUT ---       0 0 0 0 0 0 0 0 0 0 0 0 0 0 0 0 0 0;
  INPUT ---        1 5 0 1 0 5 0 0 0 0 0 0 0 0 0 0 0 0 0 0 0 0 0 0 0 0 0 0 0 
  INPUT ---       0 0 0 0 0 0 0 0 0 0 0 0 0 0 0 0 0 0;
  INPUT ---        1 6 0 1 0 6 0 0 0 0 0 0 0 0 0 0 0 0 0 0 0 0 0 0 0 0 0 0 0 
  INPUT ---       0 0 0 0 0 0 0 0 0 0 0 0 0 0 0 0 0 0;
  INPUT ---        1 7 0 1 0 7 0 0 0 0 0 0 0 0 0 0 0 0 0 0 0 0 0 0 0 0 0 0 0 
  INPUT ---       0 0 0 0 0 0 0 0 0 0 0 0 0 0 0 0 0 0;
  INPUT ---        1 8 0 1 0 8 0 0 0 0 0 0 0 0 0 0 0 0 0 0 0 0 0 0 0 0 0 0 0 
  INPUT ---       0 0 0 0 0 0 0 0 0 0 0 0 0 0 0 0 0 0;
  INPUT ---        1 9 0 1 0 9 0 0 0 0 0 0 0 0 0 0 0 0 0 0 0 0 0 0 0 0 0 0 0 
  INPUT ---       0 0 0 0 0 0 0 0 0 0 0 0 0 0 0 0 0 0;
  INPUT ---        1 10 0 1 0 10 0 0 0 0 0 0 0 0 0 0 0 0 0 0 0 0 0 0 0 0 0 0 
  INPUT ---       0 0 0 0 0 0 0 0 0 0 0 0 0 0 0 0 0 0 0;
  INPUT ---        1 11 0 1 0 11 0 0 0 0 0 0 0 0 0 0 0 0 0 0 0 0 0 0 0 0 0 0 
  INPUT ---       0 0 0 0 0 0 0 0 0 0 0 0 0 0 0 0 0 0 0;
  INPUT ---        1 12 0 1 0 12 0 0 0 0 0 0 0 0 0 0 0 0 0 0 0 0 0 0 0 0 0 0 
  INPUT ---       0 0 0 0 0 0 0 0 0 0 0 0 0 0 0 0 0 0 0;
  INPUT ---        1 13 0 1 0 13 0 0 0 0 0 0 0 0 0 0 0 0 0 0 0 0 0 0 0 0 0 0 
  INPUT ---       0 0 0 0 0 0 0 0 0 0 0 0 0 0 0 0 0 0 0;
  INPUT ---        1 14 0 1 0 14 0 0 0 0 0 0 0 0 0 0 0 0 0 0 0 0 0 0 0 0 0 0 
  INPUT ---       0 0 0 0 0 0 0 0 0 0 0 0 0 0 0 0 0 0 0;
  INPUT ---        1 15 0 1 0 15 0 0 0 0 0 0 0 0 0 0 0 0 0 0 0 0 0 0 0 0 0 0 
  INPUT ---       0 0 0 0 0 0 0 0 0 0 0 0 0 0 0 0 0 0 0;
  INPUT ---        1 16 0 1 0 16 0 0 0 0 0 0 0 0 0 0 0 0 0 0 0 0 0 0 0 0 0 0 
  INPUT ---       0 0 0 0 0 0 0 0 0 0 0 0 0 0 0 0 0 0 0;
  INPUT ---        1 17 0 1 0 17 0 0 0 0 0 0 0 0 0 0 0 0 0 0 0 0 0 0 0 0 0 0 
  INPUT ---       0 0 0 0 0 0 0 0 0 0 0 0 0 0 0 0 0 0 0;
  INPUT ---        1 18 0 1 0 18 0 0 0 0 0 0 0 0 0 0 0 0 0 0 0 0 0 0 0 0 0 0 
  INPUT ---       0 0 0 0 0 0 0 0 0 0 0 0 0 0 0 0 0 0 0;
  INPUT ---        1 19 0 1 0 19 0 0 0 0 0 0 0 0 0 0 0 0 0 0 0 0 0 0 0 0 0 0 
  INPUT ---       0 0 0 0 0 0 0 0 0 0 0 0 0 0 0 0 0 0 0;
  INPUT ---        1 20 0 1 0 20 0 0 0 0 0 0 0 0 0 0 0 0 0 0 0 0 0 0 0 0 0 0 
  INPUT ---       0 0 0 0 0 0 0 0 0 0 0 0 0 0 0 0 0 0 0;
  INPUT ---        1 21 0 1 0 21 0 0 0 0 0 0 0 0 0 0 0 0 0 0 0 0 0 0 0 0 0 0 
  INPUT ---       0 0 0 0 0 0 0 0 0 0 0 0 0 0 0 0 0 0 0;
  INPUT ---        1 22 0 1 0 22 0 0 0 0 0 0 0 0 0 0 0 0 0 0 0 0 0 0 0 0 0 0 
  INPUT ---       0 0 0 0 0 0 0 0 0 0 0 0 0 0 0 0 0 0 0;
  INPUT ---        1 23 0 1 0 23 0 0 0 0 0 0 0 0 0 0 0 0 0 0 0 0 0 0 0 0 0 0 
  INPUT ---       0 0 0 0 0 0 0 0 0 0 0 0 0 0 0 0 0 0 0;
  INPUT ---        1 24 0 1 0 24 0 0 0 0 0 0 0 0 0 0 0 0 0 0 0 0 0 0 0 0 0 0 
  INPUT ---       0 0 0 0 0 0 0 0 0 0 0 0 0 0 0 0 0 0 0;
  INPUT ---        1 25 0 1 0 25 0 0 0 0 0 0 0 0 0 0 0 0 0 0 0 0 0 0 0 0 0 0 
  INPUT ---       0 0 0 0 0 0 0 0 0 0 0 0 0 0 0 0 0 0 0;
  INPUT ---        1 26 0 1 0 26 0 0 0 0 0 0 0 0 0 0 0 0 0 0 0 0 0 0 0 0 0 0 
  INPUT ---       0 0 0 0 0 0 0 0 0 0 0 0 0 0 0 0 0 0 0;

  Program  MARK  - Survival Rate Estimation with Capture-Recapture Data
   gfortran(Win64) Vers. 8.2 Mar 2017   11-Apr-2017 09:28:48    Page  013
 - - - - - - - - - - - - - - - - - - - - - - - - - - - - - - - - - - - - - -
 
  INPUT ---        1 27 0 1 0 27 0 0 0 0 0 0 0 0 0 0 0 0 0 0 0 0 0 0 0 0 0 0 
  INPUT ---       0 0 0 0 0 0 0 0 0 0 0 0 0 0 0 0 0 0 0;
  INPUT ---        1 28 0 1 0 28 0 0 0 0 0 0 0 0 0 0 0 0 0 0 0 0 0 0 0 0 0 0 
  INPUT ---       0 0 0 0 0 0 0 0 0 0 0 0 0 0 0 0 0 0 0;
  INPUT ---        1 29 0 1 0 29 0 0 0 0 0 0 0 0 0 0 0 0 0 0 0 0 0 0 0 0 0 0 
  INPUT ---       0 0 0 0 0 0 0 0 0 0 0 0 0 0 0 0 0 0 0;
  INPUT ---        1 30 0 1 0 30 0 0 0 0 0 0 0 0 0 0 0 0 0 0 0 0 0 0 0 0 0 0 
  INPUT ---       0 0 0 0 0 0 0 0 0 0 0 0 0 0 0 0 0 0 0;
  INPUT ---        1 31 0 1 0 31 0 0 0 0 0 0 0 0 0 0 0 0 0 0 0 0 0 0 0 0 0 0 
  INPUT ---       0 0 0 0 0 0 0 0 0 0 0 0 0 0 0 0 0 0 0;
  INPUT ---        1 32 0 1 0 32 0 0 0 0 0 0 0 0 0 0 0 0 0 0 0 0 0 0 0 0 0 0 
  INPUT ---       0 0 0 0 0 0 0 0 0 0 0 0 0 0 0 0 0 0 0;
  INPUT ---        1 33 0 1 0 33 0 0 0 0 0 0 0 0 0 0 0 0 0 0 0 0 0 0 0 0 0 0 
  INPUT ---       0 0 0 0 0 0 0 0 0 0 0 0 0 0 0 0 0 0 0;
  INPUT ---        1 34 0 1 0 34 0 0 0 0 0 0 0 0 0 0 0 0 0 0 0 0 0 0 0 0 0 0 
  INPUT ---       0 0 0 0 0 0 0 0 0 0 0 0 0 0 0 0 0 0 0;
  INPUT ---        1 35 0 1 0 35 0 0 0 0 0 0 0 0 0 0 0 0 0 0 0 0 0 0 0 0 0 0 
  INPUT ---       0 0 0 0 0 0 0 0 0 0 0 0 0 0 0 0 0 0 0;
  INPUT ---        1 36 0 1 0 36 0 0 0 0 0 0 0 0 0 0 0 0 0 0 0 0 0 0 0 0 0 0 
  INPUT ---       0 0 0 0 0 0 0 0 0 0 0 0 0 0 0 0 0 0 0;
  INPUT ---        1 37 0 1 0 37 0 0 0 0 0 0 0 0 0 0 0 0 0 0 0 0 0 0 0 0 0 0 
  INPUT ---       0 0 0 0 0 0 0 0 0 0 0 0 0 0 0 0 0 0 0;
  INPUT ---        1 38 0 1 0 38 0 0 0 0 0 0 0 0 0 0 0 0 0 0 0 0 0 0 0 0 0 0 
  INPUT ---       0 0 0 0 0 0 0 0 0 0 0 0 0 0 0 0 0 0 0;
  INPUT ---        1 39 0 1 0 39 0 0 0 0 0 0 0 0 0 0 0 0 0 0 0 0 0 0 0 0 0 0 
  INPUT ---       0 0 0 0 0 0 0 0 0 0 0 0 0 0 0 0 0 0 0;
  INPUT ---        1 40 0 1 0 40 0 0 0 0 0 0 0 0 0 0 0 0 0 0 0 0 0 0 0 0 0 0 
  INPUT ---       0 0 0 0 0 0 0 0 0 0 0 0 0 0 0 0 0 0 0;
  INPUT ---        1 2 0 0 0 0 0 0 0 0 0 0 0 0 0 0 0 0 0 0 0 0 0 0 0 0 0 0 0 
  INPUT ---       0 0 0 0 0 0 0 0 0 0 0 0 0 0 0 0 0 0;
  INPUT ---        1 3 1 0 3 0 0 0 0 0 0 0 0 0 0 0 0 0 0 0 0 0 0 0 0 0 0 0 0 
  INPUT ---       0 0 0 0 0 0 0 0 0 0 0 0 0 0 0 0 0 0;
  INPUT ---        1 3 0 0 0 0 0 0 0 0 0 0 0 0 0 0 0 0 0 0 0 0 0 0 0 0 0 0 0 
  INPUT ---       0 0 0 0 0 0 0 0 0 0 0 0 0 0 0 0 0 0;
  INPUT ---        1 4 1 0 4 0 0 0 0 0 0 0 0 0 0 0 0 0 0 0 0 0 0 0 0 0 0 0 0 
  INPUT ---       0 0 0 0 0 0 0 0 0 0 0 0 0 0 0 0 0 0;
  INPUT ---        1 4 0 0 0 0 0 0 0 0 0 0 0 0 0 0 0 0 0 0 0 0 0 0 0 0 0 0 0 
  INPUT ---       0 0 0 0 0 0 0 0 0 0 0 0 0 0 0 0 0 0;
  INPUT ---        1 5 1 0 5 0 0 0 0 0 0 0 0 0 0 0 0 0 0 0 0 0 0 0 0 0 0 0 0 
  INPUT ---       0 0 0 0 0 0 0 0 0 0 0 0 0 0 0 0 0 0;
  INPUT ---        1 5 0 0 0 0 0 0 0 0 0 0 0 0 0 0 0 0 0 0 0 0 0 0 0 0 0 0 0 
  INPUT ---       0 0 0 0 0 0 0 0 0 0 0 0 0 0 0 0 0 0;
  INPUT ---        1 6 1 0 6 0 0 0 0 0 0 0 0 0 0 0 0 0 0 0 0 0 0 0 0 0 0 0 0 
  INPUT ---       0 0 0 0 0 0 0 0 0 0 0 0 0 0 0 0 0 0;
  INPUT ---        1 6 0 0 0 0 0 0 0 0 0 0 0 0 0 0 0 0 0 0 0 0 0 0 0 0 0 0 0 
  INPUT ---       0 0 0 0 0 0 0 0 0 0 0 0 0 0 0 0 0 0;

  Program  MARK  - Survival Rate Estimation with Capture-Recapture Data
   gfortran(Win64) Vers. 8.2 Mar 2017   11-Apr-2017 09:28:48    Page  014
 - - - - - - - - - - - - - - - - - - - - - - - - - - - - - - - - - - - - - -
 
  INPUT ---        1 7 1 0 7 0 0 0 0 0 0 0 0 0 0 0 0 0 0 0 0 0 0 0 0 0 0 0 0 
  INPUT ---       0 0 0 0 0 0 0 0 0 0 0 0 0 0 0 0 0 0;
  INPUT ---        1 7 0 0 0 0 0 0 0 0 0 0 0 0 0 0 0 0 0 0 0 0 0 0 0 0 0 0 0 
  INPUT ---       0 0 0 0 0 0 0 0 0 0 0 0 0 0 0 0 0 0;
  INPUT ---        1 8 1 0 8 0 0 0 0 0 0 0 0 0 0 0 0 0 0 0 0 0 0 0 0 0 0 0 0 
  INPUT ---       0 0 0 0 0 0 0 0 0 0 0 0 0 0 0 0 0 0;
  INPUT ---        1 8 0 0 0 0 0 0 0 0 0 0 0 0 0 0 0 0 0 0 0 0 0 0 0 0 0 0 0 
  INPUT ---       0 0 0 0 0 0 0 0 0 0 0 0 0 0 0 0 0 0;
  INPUT ---        1 9 1 0 9 0 0 0 0 0 0 0 0 0 0 0 0 0 0 0 0 0 0 0 0 0 0 0 0 
  INPUT ---       0 0 0 0 0 0 0 0 0 0 0 0 0 0 0 0 0 0;
  INPUT ---        1 9 0 0 0 0 0 0 0 0 0 0 0 0 0 0 0 0 0 0 0 0 0 0 0 0 0 0 0 
  INPUT ---       0 0 0 0 0 0 0 0 0 0 0 0 0 0 0 0 0 0;
  INPUT ---        1 10 1 0 10 0 0 0 0 0 0 0 0 0 0 0 0 0 0 0 0 0 0 0 0 0 0 0 
  INPUT ---       0 0 0 0 0 0 0 0 0 0 0 0 0 0 0 0 0 0 0;
  INPUT ---        1 10 0 0 0 0 0 0 0 0 0 0 0 0 0 0 0 0 0 0 0 0 0 0 0 0 0 0 0 
  INPUT ---       0 0 0 0 0 0 0 0 0 0 0 0 0 0 0 0 0 0;
  INPUT ---        1 11 1 0 11 0 0 0 0 0 0 0 0 0 0 0 0 0 0 0 0 0 0 0 0 0 0 0 
  INPUT ---       0 0 0 0 0 0 0 0 0 0 0 0 0 0 0 0 0 0 0;
  INPUT ---        1 11 0 0 0 0 0 0 0 0 0 0 0 0 0 0 0 0 0 0 0 0 0 0 0 0 0 0 0 
  INPUT ---       0 0 0 0 0 0 0 0 0 0 0 0 0 0 0 0 0 0;
  INPUT ---        1 12 1 0 12 0 0 0 0 0 0 0 0 0 0 0 0 0 0 0 0 0 0 0 0 0 0 0 
  INPUT ---       0 0 0 0 0 0 0 0 0 0 0 0 0 0 0 0 0 0 0;
  INPUT ---        1 12 0 0 0 0 0 0 0 0 0 0 0 0 0 0 0 0 0 0 0 0 0 0 0 0 0 0 0 
  INPUT ---       0 0 0 0 0 0 0 0 0 0 0 0 0 0 0 0 0 0;
  INPUT ---        1 13 1 0 13 0 0 0 0 0 0 0 0 0 0 0 0 0 0 0 0 0 0 0 0 0 0 0 
  INPUT ---       0 0 0 0 0 0 0 0 0 0 0 0 0 0 0 0 0 0 0;
  INPUT ---        1 13 0 0 0 0 0 0 0 0 0 0 0 0 0 0 0 0 0 0 0 0 0 0 0 0 0 0 0 
  INPUT ---       0 0 0 0 0 0 0 0 0 0 0 0 0 0 0 0 0 0;
  INPUT ---        1 14 1 0 14 0 0 0 0 0 0 0 0 0 0 0 0 0 0 0 0 0 0 0 0 0 0 0 
  INPUT ---       0 0 0 0 0 0 0 0 0 0 0 0 0 0 0 0 0 0 0;
  INPUT ---        1 14 0 0 0 0 0 0 0 0 0 0 0 0 0 0 0 0 0 0 0 0 0 0 0 0 0 0 0 
  INPUT ---       0 0 0 0 0 0 0 0 0 0 0 0 0 0 0 0 0 0;
  INPUT ---        1 15 1 0 15 0 0 0 0 0 0 0 0 0 0 0 0 0 0 0 0 0 0 0 0 0 0 0 
  INPUT ---       0 0 0 0 0 0 0 0 0 0 0 0 0 0 0 0 0 0 0;
  INPUT ---        1 15 0 0 0 0 0 0 0 0 0 0 0 0 0 0 0 0 0 0 0 0 0 0 0 0 0 0 0 
  INPUT ---       0 0 0 0 0 0 0 0 0 0 0 0 0 0 0 0 0 0;
  INPUT ---        1 16 1 0 16 0 0 0 0 0 0 0 0 0 0 0 0 0 0 0 0 0 0 0 0 0 0 0 
  INPUT ---       0 0 0 0 0 0 0 0 0 0 0 0 0 0 0 0 0 0 0;
  INPUT ---        1 16 0 0 0 0 0 0 0 0 0 0 0 0 0 0 0 0 0 0 0 0 0 0 0 0 0 0 0 
  INPUT ---       0 0 0 0 0 0 0 0 0 0 0 0 0 0 0 0 0 0;
  INPUT ---        1 17 1 0 17 0 0 0 0 0 0 0 0 0 0 0 0 0 0 0 0 0 0 0 0 0 0 0 
  INPUT ---       0 0 0 0 0 0 0 0 0 0 0 0 0 0 0 0 0 0 0;
  INPUT ---        1 17 0 0 0 0 0 0 0 0 0 0 0 0 0 0 0 0 0 0 0 0 0 0 0 0 0 0 0 
  INPUT ---       0 0 0 0 0 0 0 0 0 0 0 0 0 0 0 0 0 0;
  INPUT ---        1 18 1 0 18 0 0 0 0 0 0 0 0 0 0 0 0 0 0 0 0 0 0 0 0 0 0 0 
  INPUT ---       0 0 0 0 0 0 0 0 0 0 0 0 0 0 0 0 0 0 0;

  Program  MARK  - Survival Rate Estimation with Capture-Recapture Data
   gfortran(Win64) Vers. 8.2 Mar 2017   11-Apr-2017 09:28:48    Page  015
 - - - - - - - - - - - - - - - - - - - - - - - - - - - - - - - - - - - - - -
 
  INPUT ---        1 18 0 0 0 0 0 0 0 0 0 0 0 0 0 0 0 0 0 0 0 0 0 0 0 0 0 0 0 
  INPUT ---       0 0 0 0 0 0 0 0 0 0 0 0 0 0 0 0 0 0;
  INPUT ---        1 19 1 0 19 0 0 0 0 0 0 0 0 0 0 0 0 0 0 0 0 0 0 0 0 0 0 0 
  INPUT ---       0 0 0 0 0 0 0 0 0 0 0 0 0 0 0 0 0 0 0;
  INPUT ---        1 19 0 0 0 0 0 0 0 0 0 0 0 0 0 0 0 0 0 0 0 0 0 0 0 0 0 0 0 
  INPUT ---       0 0 0 0 0 0 0 0 0 0 0 0 0 0 0 0 0 0;
  INPUT ---        1 20 1 0 20 0 0 0 0 0 0 0 0 0 0 0 0 0 0 0 0 0 0 0 0 0 0 0 
  INPUT ---       0 0 0 0 0 0 0 0 0 0 0 0 0 0 0 0 0 0 0;
  INPUT ---        1 20 0 0 0 0 0 0 0 0 0 0 0 0 0 0 0 0 0 0 0 0 0 0 0 0 0 0 0 
  INPUT ---       0 0 0 0 0 0 0 0 0 0 0 0 0 0 0 0 0 0;
  INPUT ---        1 21 1 0 21 0 0 0 0 0 0 0 0 0 0 0 0 0 0 0 0 0 0 0 0 0 0 0 
  INPUT ---       0 0 0 0 0 0 0 0 0 0 0 0 0 0 0 0 0 0 0;
  INPUT ---        1 21 0 0 0 0 0 0 0 0 0 0 0 0 0 0 0 0 0 0 0 0 0 0 0 0 0 0 0 
  INPUT ---       0 0 0 0 0 0 0 0 0 0 0 0 0 0 0 0 0 0;
  INPUT ---        1 22 1 0 22 0 0 0 0 0 0 0 0 0 0 0 0 0 0 0 0 0 0 0 0 0 0 0 
  INPUT ---       0 0 0 0 0 0 0 0 0 0 0 0 0 0 0 0 0 0 0;
  INPUT ---        1 22 0 0 0 0 0 0 0 0 0 0 0 0 0 0 0 0 0 0 0 0 0 0 0 0 0 0 0 
  INPUT ---       0 0 0 0 0 0 0 0 0 0 0 0 0 0 0 0 0 0;
  INPUT ---        1 23 1 0 23 0 0 0 0 0 0 0 0 0 0 0 0 0 0 0 0 0 0 0 0 0 0 0 
  INPUT ---       0 0 0 0 0 0 0 0 0 0 0 0 0 0 0 0 0 0 0;
  INPUT ---        1 23 0 0 0 0 0 0 0 0 0 0 0 0 0 0 0 0 0 0 0 0 0 0 0 0 0 0 0 
  INPUT ---       0 0 0 0 0 0 0 0 0 0 0 0 0 0 0 0 0 0;
  INPUT ---        1 24 1 0 24 0 0 0 0 0 0 0 0 0 0 0 0 0 0 0 0 0 0 0 0 0 0 0 
  INPUT ---       0 0 0 0 0 0 0 0 0 0 0 0 0 0 0 0 0 0 0;
  INPUT ---        1 24 0 0 0 0 0 0 0 0 0 0 0 0 0 0 0 0 0 0 0 0 0 0 0 0 0 0 0 
  INPUT ---       0 0 0 0 0 0 0 0 0 0 0 0 0 0 0 0 0 0;
  INPUT ---        1 25 1 0 25 0 0 0 0 0 0 0 0 0 0 0 0 0 0 0 0 0 0 0 0 0 0 0 
  INPUT ---       0 0 0 0 0 0 0 0 0 0 0 0 0 0 0 0 0 0 0;
  INPUT ---        1 25 0 0 0 0 0 0 0 0 0 0 0 0 0 0 0 0 0 0 0 0 0 0 0 0 0 0 0 
  INPUT ---       0 0 0 0 0 0 0 0 0 0 0 0 0 0 0 0 0 0;
  INPUT ---        1 26 1 0 26 0 0 0 0 0 0 0 0 0 0 0 0 0 0 0 0 0 0 0 0 0 0 0 
  INPUT ---       0 0 0 0 0 0 0 0 0 0 0 0 0 0 0 0 0 0 0;
  INPUT ---        1 26 0 0 0 0 0 0 0 0 0 0 0 0 0 0 0 0 0 0 0 0 0 0 0 0 0 0 0 
  INPUT ---       0 0 0 0 0 0 0 0 0 0 0 0 0 0 0 0 0 0;
  INPUT ---        1 27 1 0 27 0 0 0 0 0 0 0 0 0 0 0 0 0 0 0 0 0 0 0 0 0 0 0 
  INPUT ---       0 0 0 0 0 0 0 0 0 0 0 0 0 0 0 0 0 0 0;
  INPUT ---        1 27 0 0 0 0 0 0 0 0 0 0 0 0 0 0 0 0 0 0 0 0 0 0 0 0 0 0 0 
  INPUT ---       0 0 0 0 0 0 0 0 0 0 0 0 0 0 0 0 0 0;
  INPUT ---        1 28 1 0 28 0 0 0 0 0 0 0 0 0 0 0 0 0 0 0 0 0 0 0 0 0 0 0 
  INPUT ---       0 0 0 0 0 0 0 0 0 0 0 0 0 0 0 0 0 0 0;
  INPUT ---        1 28 0 0 0 0 0 0 0 0 0 0 0 0 0 0 0 0 0 0 0 0 0 0 0 0 0 0 0 
  INPUT ---       0 0 0 0 0 0 0 0 0 0 0 0 0 0 0 0 0 0;
  INPUT ---        1 29 1 0 29 0 0 0 0 0 0 0 0 0 0 0 0 0 0 0 0 0 0 0 0 0 0 0 
  INPUT ---       0 0 0 0 0 0 0 0 0 0 0 0 0 0 0 0 0 0 0;
  INPUT ---        1 29 0 0 0 0 0 0 0 0 0 0 0 0 0 0 0 0 0 0 0 0 0 0 0 0 0 0 0 
  INPUT ---       0 0 0 0 0 0 0 0 0 0 0 0 0 0 0 0 0 0;

  Program  MARK  - Survival Rate Estimation with Capture-Recapture Data
   gfortran(Win64) Vers. 8.2 Mar 2017   11-Apr-2017 09:28:48    Page  016
 - - - - - - - - - - - - - - - - - - - - - - - - - - - - - - - - - - - - - -
 
  INPUT ---        1 30 1 0 30 0 0 0 0 0 0 0 0 0 0 0 0 0 0 0 0 0 0 0 0 0 0 0 
  INPUT ---       0 0 0 0 0 0 0 0 0 0 0 0 0 0 0 0 0 0 0;
  INPUT ---        1 30 0 0 0 0 0 0 0 0 0 0 0 0 0 0 0 0 0 0 0 0 0 0 0 0 0 0 0 
  INPUT ---       0 0 0 0 0 0 0 0 0 0 0 0 0 0 0 0 0 0;
  INPUT ---        1 31 1 0 31 0 0 0 0 0 0 0 0 0 0 0 0 0 0 0 0 0 0 0 0 0 0 0 
  INPUT ---       0 0 0 0 0 0 0 0 0 0 0 0 0 0 0 0 0 0 0;
  INPUT ---        1 31 0 0 0 0 0 0 0 0 0 0 0 0 0 0 0 0 0 0 0 0 0 0 0 0 0 0 0 
  INPUT ---       0 0 0 0 0 0 0 0 0 0 0 0 0 0 0 0 0 0;
  INPUT ---        1 32 1 0 32 0 0 0 0 0 0 0 0 0 0 0 0 0 0 0 0 0 0 0 0 0 0 0 
  INPUT ---       0 0 0 0 0 0 0 0 0 0 0 0 0 0 0 0 0 0 0;
  INPUT ---        1 32 0 0 0 0 0 0 0 0 0 0 0 0 0 0 0 0 0 0 0 0 0 0 0 0 0 0 0 
  INPUT ---       0 0 0 0 0 0 0 0 0 0 0 0 0 0 0 0 0 0;
  INPUT ---        1 33 1 0 33 0 0 0 0 0 0 0 0 0 0 0 0 0 0 0 0 0 0 0 0 0 0 0 
  INPUT ---       0 0 0 0 0 0 0 0 0 0 0 0 0 0 0 0 0 0 0;
  INPUT ---        1 33 0 0 0 0 0 0 0 0 0 0 0 0 0 0 0 0 0 0 0 0 0 0 0 0 0 0 0 
  INPUT ---       0 0 0 0 0 0 0 0 0 0 0 0 0 0 0 0 0 0;
  INPUT ---        1 34 1 0 34 0 0 0 0 0 0 0 0 0 0 0 0 0 0 0 0 0 0 0 0 0 0 0 
  INPUT ---       0 0 0 0 0 0 0 0 0 0 0 0 0 0 0 0 0 0 0;
  INPUT ---        1 34 0 0 0 0 0 0 0 0 0 0 0 0 0 0 0 0 0 0 0 0 0 0 0 0 0 0 0 
  INPUT ---       0 0 0 0 0 0 0 0 0 0 0 0 0 0 0 0 0 0;
  INPUT ---        1 35 1 0 35 0 0 0 0 0 0 0 0 0 0 0 0 0 0 0 0 0 0 0 0 0 0 0 
  INPUT ---       0 0 0 0 0 0 0 0 0 0 0 0 0 0 0 0 0 0 0;
  INPUT ---        1 35 0 0 0 0 0 0 0 0 0 0 0 0 0 0 0 0 0 0 0 0 0 0 0 0 0 0 0 
  INPUT ---       0 0 0 0 0 0 0 0 0 0 0 0 0 0 0 0 0 0;
  INPUT ---        1 36 1 0 36 0 0 0 0 0 0 0 0 0 0 0 0 0 0 0 0 0 0 0 0 0 0 0 
  INPUT ---       0 0 0 0 0 0 0 0 0 0 0 0 0 0 0 0 0 0 0;
  INPUT ---        1 36 0 0 0 0 0 0 0 0 0 0 0 0 0 0 0 0 0 0 0 0 0 0 0 0 0 0 0 
  INPUT ---       0 0 0 0 0 0 0 0 0 0 0 0 0 0 0 0 0 0;
  INPUT ---        1 37 1 0 37 0 0 0 0 0 0 0 0 0 0 0 0 0 0 0 0 0 0 0 0 0 0 0 
  INPUT ---       0 0 0 0 0 0 0 0 0 0 0 0 0 0 0 0 0 0 0;
  INPUT ---        1 37 0 0 0 0 0 0 0 0 0 0 0 0 0 0 0 0 0 0 0 0 0 0 0 0 0 0 0 
  INPUT ---       0 0 0 0 0 0 0 0 0 0 0 0 0 0 0 0 0 0;
  INPUT ---        1 38 1 0 38 0 0 0 0 0 0 0 0 0 0 0 0 0 0 0 0 0 0 0 0 0 0 0 
  INPUT ---       0 0 0 0 0 0 0 0 0 0 0 0 0 0 0 0 0 0 0;
  INPUT ---        1 38 0 0 0 0 0 0 0 0 0 0 0 0 0 0 0 0 0 0 0 0 0 0 0 0 0 0 0 
  INPUT ---       0 0 0 0 0 0 0 0 0 0 0 0 0 0 0 0 0 0;
  INPUT ---        1 39 1 0 39 0 0 0 0 0 0 0 0 0 0 0 0 0 0 0 0 0 0 0 0 0 0 0 
  INPUT ---       0 0 0 0 0 0 0 0 0 0 0 0 0 0 0 0 0 0 0;
  INPUT ---        1 39 0 0 0 0 0 0 0 0 0 0 0 0 0 0 0 0 0 0 0 0 0 0 0 0 0 0 0 
  INPUT ---       0 0 0 0 0 0 0 0 0 0 0 0 0 0 0 0 0 0;
  INPUT ---        1 40 1 0 40 0 0 0 0 0 0 0 0 0 0 0 0 0 0 0 0 0 0 0 0 0 0 0 
  INPUT ---       0 0 0 0 0 0 0 0 0 0 0 0 0 0 0 0 0 0 0;
  INPUT ---        1 40 0 0 0 0 0 0 0 0 0 0 0 0 0 0 0 0 0 0 0 0 0 0 0 0 0 0 0 
  INPUT ---       0 0 0 0 0 0 0 0 0 0 0 0 0 0 0 0 0 0;
  INPUT ---        0 0 0 0 0 0 1 0 0 0 0 0 0 0 0 0 0 0 0 0 0 0 0 0 0 0 0 0 0 
  INPUT ---       0 0 0 0 0 0 0 0 0 0 0 0 0 0 0 0 0 0;

  Program  MARK  - Survival Rate Estimation with Capture-Recapture Data
   gfortran(Win64) Vers. 8.2 Mar 2017   11-Apr-2017 09:28:48    Page  017
 - - - - - - - - - - - - - - - - - - - - - - - - - - - - - - - - - - - - - -
 
  INPUT ---        0 0 0 0 0 0 1 1 0 0 0 0 0 0 0 0 0 0 0 0 0 0 0 0 0 0 0 0 0 
  INPUT ---       0 0 0 0 0 0 0 0 0 0 0 0 0 0 0 0 0 0;
  INPUT ---        0 0 0 0 0 0 1 0 1 0 0 0 0 0 0 0 0 0 0 0 0 0 0 0 0 0 0 0 0 
  INPUT ---       0 0 0 0 0 0 0 0 0 0 0 0 0 0 0 0 0 0;
  INPUT ---        0 0 0 0 0 0 1 0 0 1 0 0 0 0 0 0 0 0 0 0 0 0 0 0 0 0 0 0 0 
  INPUT ---       0 0 0 0 0 0 0 0 0 0 0 0 0 0 0 0 0 0;
  INPUT ---        0 0 0 0 0 0 1 0 0 0 1 0 0 0 0 0 0 0 0 0 0 0 0 0 0 0 0 0 0 
  INPUT ---       0 0 0 0 0 0 0 0 0 0 0 0 0 0 0 0 0 0;
  INPUT ---        0 0 0 0 0 0 1 0 0 0 0 1 0 0 0 0 0 0 0 0 0 0 0 0 0 0 0 0 0 
  INPUT ---       0 0 0 0 0 0 0 0 0 0 0 0 0 0 0 0 0 0;
  INPUT ---        0 0 0 0 0 0 1 0 0 0 0 0 1 0 0 0 0 0 0 0 0 0 0 0 0 0 0 0 0 
  INPUT ---       0 0 0 0 0 0 0 0 0 0 0 0 0 0 0 0 0 0;
  INPUT ---        0 0 0 0 0 0 1 0 0 0 0 0 0 1 0 0 0 0 0 0 0 0 0 0 0 0 0 0 0 
  INPUT ---       0 0 0 0 0 0 0 0 0 0 0 0 0 0 0 0 0 0;
  INPUT ---        0 0 0 0 0 0 1 0 0 0 0 0 0 0 1 0 0 0 0 0 0 0 0 0 0 0 0 0 0 
  INPUT ---       0 0 0 0 0 0 0 0 0 0 0 0 0 0 0 0 0 0;
  INPUT ---        0 0 0 0 0 0 1 0 0 0 0 0 0 0 0 1 0 0 0 0 0 0 0 0 0 0 0 0 0 
  INPUT ---       0 0 0 0 0 0 0 0 0 0 0 0 0 0 0 0 0 0;
  INPUT ---        0 0 0 0 0 0 1 0 0 0 0 0 0 0 0 0 1 0 0 0 0 0 0 0 0 0 0 0 0 
  INPUT ---       0 0 0 0 0 0 0 0 0 0 0 0 0 0 0 0 0 0;
  INPUT ---        0 0 0 0 0 0 1 0 0 0 0 0 0 0 0 0 0 1 0 0 0 0 0 0 0 0 0 0 0 
  INPUT ---       0 0 0 0 0 0 0 0 0 0 0 0 0 0 0 0 0 0;
  INPUT ---        0 0 0 0 0 0 1 0 0 0 0 0 0 0 0 0 0 0 1 0 0 0 0 0 0 0 0 0 0 
  INPUT ---       0 0 0 0 0 0 0 0 0 0 0 0 0 0 0 0 0 0;
  INPUT ---        0 0 0 0 0 0 1 0 0 0 0 0 0 0 0 0 0 0 0 1 0 0 0 0 0 0 0 0 0 
  INPUT ---       0 0 0 0 0 0 0 0 0 0 0 0 0 0 0 0 0 0;
  INPUT ---        0 0 0 0 0 0 1 0 0 0 0 0 0 0 0 0 0 0 0 0 1 0 0 0 0 0 0 0 0 
  INPUT ---       0 0 0 0 0 0 0 0 0 0 0 0 0 0 0 0 0 0;
  INPUT ---        0 0 0 0 0 0 1 0 0 0 0 0 0 0 0 0 0 0 0 0 0 1 0 0 0 0 0 0 0 
  INPUT ---       0 0 0 0 0 0 0 0 0 0 0 0 0 0 0 0 0 0;
  INPUT ---        0 0 0 0 0 0 1 0 0 0 0 0 0 0 0 0 0 0 0 0 0 0 1 0 0 0 0 0 0 
  INPUT ---       0 0 0 0 0 0 0 0 0 0 0 0 0 0 0 0 0 0;
  INPUT ---        0 0 0 0 0 0 1 0 0 0 0 0 0 0 0 0 0 0 0 0 0 0 0 1 0 0 0 0 0 
  INPUT ---       0 0 0 0 0 0 0 0 0 0 0 0 0 0 0 0 0 0;
  INPUT ---        0 0 0 0 0 0 1 0 0 0 0 0 0 0 0 0 0 0 0 0 0 0 0 0 1 0 0 0 0 
  INPUT ---       0 0 0 0 0 0 0 0 0 0 0 0 0 0 0 0 0 0;
  INPUT ---        0 0 0 0 0 0 1 0 0 0 0 0 0 0 0 0 0 0 0 0 0 0 0 0 0 1 0 0 0 
  INPUT ---       0 0 0 0 0 0 0 0 0 0 0 0 0 0 0 0 0 0;
  INPUT ---        0 0 0 0 0 0 1 0 0 0 0 0 0 0 0 0 0 0 0 0 0 0 0 0 0 0 1 0 0 
  INPUT ---       0 0 0 0 0 0 0 0 0 0 0 0 0 0 0 0 0 0;
  INPUT ---        0 0 0 0 0 0 1 0 0 0 0 0 0 0 0 0 0 0 0 0 0 0 0 0 0 0 0 1 0 
  INPUT ---       0 0 0 0 0 0 0 0 0 0 0 0 0 0 0 0 0 0;
  INPUT ---        0 0 0 0 0 0 1 0 0 0 0 0 0 0 0 0 0 0 0 0 0 0 0 0 0 0 0 0 1 
  INPUT ---       0 0 0 0 0 0 0 0 0 0 0 0 0 0 0 0 0 0;
  INPUT ---        0 0 0 0 0 0 1 0 0 0 0 0 0 0 0 0 0 0 0 0 0 0 0 0 0 0 0 0 0 
  INPUT ---       1 0 0 0 0 0 0 0 0 0 0 0 0 0 0 0 0 0;

  Program  MARK  - Survival Rate Estimation with Capture-Recapture Data
   gfortran(Win64) Vers. 8.2 Mar 2017   11-Apr-2017 09:28:48    Page  018
 - - - - - - - - - - - - - - - - - - - - - - - - - - - - - - - - - - - - - -
 
  INPUT ---        0 0 0 0 0 0 1 0 0 0 0 0 0 0 0 0 0 0 0 0 0 0 0 0 0 0 0 0 0 
  INPUT ---       0 1 0 0 0 0 0 0 0 0 0 0 0 0 0 0 0 0;
  INPUT ---        0 0 0 0 0 0 1 0 0 0 0 0 0 0 0 0 0 0 0 0 0 0 0 0 0 0 0 0 0 
  INPUT ---       0 0 1 0 0 0 0 0 0 0 0 0 0 0 0 0 0 0;
  INPUT ---        0 0 0 0 0 0 1 0 0 0 0 0 0 0 0 0 0 0 0 0 0 0 0 0 0 0 0 0 0 
  INPUT ---       0 0 0 1 0 0 0 0 0 0 0 0 0 0 0 0 0 0;
  INPUT ---        0 0 0 0 0 0 1 0 0 0 0 0 0 0 0 0 0 0 0 0 0 0 0 0 0 0 0 0 0 
  INPUT ---       0 0 0 0 1 0 0 0 0 0 0 0 0 0 0 0 0 0;
  INPUT ---        0 0 0 0 0 0 1 0 0 0 0 0 0 0 0 0 0 0 0 0 0 0 0 0 0 0 0 0 0 
  INPUT ---       0 0 0 0 0 1 0 0 0 0 0 0 0 0 0 0 0 0;
  INPUT ---        0 0 0 0 0 0 1 0 0 0 0 0 0 0 0 0 0 0 0 0 0 0 0 0 0 0 0 0 0 
  INPUT ---       0 0 0 0 0 0 1 0 0 0 0 0 0 0 0 0 0 0;
  INPUT ---        0 0 0 0 0 0 1 0 0 0 0 0 0 0 0 0 0 0 0 0 0 0 0 0 0 0 0 0 0 
  INPUT ---       0 0 0 0 0 0 0 1 0 0 0 0 0 0 0 0 0 0;
  INPUT ---        0 0 0 0 0 0 1 0 0 0 0 0 0 0 0 0 0 0 0 0 0 0 0 0 0 0 0 0 0 
  INPUT ---       0 0 0 0 0 0 0 0 1 0 0 0 0 0 0 0 0 0;
  INPUT ---        0 0 0 0 0 0 1 0 0 0 0 0 0 0 0 0 0 0 0 0 0 0 0 0 0 0 0 0 0 
  INPUT ---       0 0 0 0 0 0 0 0 0 1 0 0 0 0 0 0 0 0;
  INPUT ---        0 0 0 0 0 0 1 0 0 0 0 0 0 0 0 0 0 0 0 0 0 0 0 0 0 0 0 0 0 
  INPUT ---       0 0 0 0 0 0 0 0 0 0 1 0 0 0 0 0 0 0;
  INPUT ---        0 0 0 0 0 0 1 0 0 0 0 0 0 0 0 0 0 0 0 0 0 0 0 0 0 0 0 0 0 
  INPUT ---       0 0 0 0 0 0 0 0 0 0 0 1 0 0 0 0 0 0;
  INPUT ---        0 0 0 0 0 0 1 0 0 0 0 0 0 0 0 0 0 0 0 0 0 0 0 0 0 0 0 0 0 
  INPUT ---       0 0 0 0 0 0 0 0 0 0 0 0 1 0 0 0 0 0;
  INPUT ---        0 0 0 0 0 0 1 0 0 0 0 0 0 0 0 0 0 0 0 0 0 0 0 0 0 0 0 0 0 
  INPUT ---       0 0 0 0 0 0 0 0 0 0 0 0 0 1 0 0 0 0;
  INPUT ---        0 0 0 0 0 0 1 0 0 0 0 0 0 0 0 0 0 0 0 0 0 0 0 0 0 0 0 0 0 
  INPUT ---       0 0 0 0 0 0 0 0 0 0 0 0 0 0 1 0 0 0;
  INPUT ---        0 0 0 0 0 0 1 0 0 0 0 0 0 0 0 0 0 0 0 0 0 0 0 0 0 0 0 0 0 
  INPUT ---       0 0 0 0 0 0 0 0 0 0 0 0 0 0 0 1 0 0;
  INPUT ---        0 0 0 0 0 0 1 0 0 0 0 0 0 0 0 0 0 0 0 0 0 0 0 0 0 0 0 0 0 
  INPUT ---       0 0 0 0 0 0 0 0 0 0 0 0 0 0 0 0 1 0;
  INPUT ---        0 0 0 0 0 0 1 0 0 0 0 0 0 0 0 0 0 0 0 0 0 0 0 0 0 0 0 0 0 
  INPUT ---       0 0 0 0 0 0 0 0 0 0 0 0 0 0 0 0 0 1;
  INPUT ---       blabel(1)=Phi:(Intercept);
  INPUT ---       blabel(2)=Phi:Time;
  INPUT ---       blabel(3)=Phi:age(1,2];
  INPUT ---       blabel(4)=Phi:age(2,42];
  INPUT ---       blabel(5)=Phi:Time:age(1,2];
  INPUT ---       blabel(6)=Phi:Time:age(2,42];
  INPUT ---       blabel(7)=p:(Intercept);
  INPUT ---       blabel(8)=p:time1977;
  INPUT ---       blabel(9)=p:time1978;
  INPUT ---       blabel(10)=p:time1979;
  INPUT ---       blabel(11)=p:time1980;
  INPUT ---       blabel(12)=p:time1981;

  Program  MARK  - Survival Rate Estimation with Capture-Recapture Data
   gfortran(Win64) Vers. 8.2 Mar 2017   11-Apr-2017 09:28:48    Page  019
 - - - - - - - - - - - - - - - - - - - - - - - - - - - - - - - - - - - - - -
 
  INPUT ---       blabel(13)=p:time1982;
  INPUT ---       blabel(14)=p:time1983;
  INPUT ---       blabel(15)=p:time1984;
  INPUT ---       blabel(16)=p:time1985;
  INPUT ---       blabel(17)=p:time1986;
  INPUT ---       blabel(18)=p:time1987;
  INPUT ---       blabel(19)=p:time1988;
  INPUT ---       blabel(20)=p:time1989;
  INPUT ---       blabel(21)=p:time1990;
  INPUT ---       blabel(22)=p:time1991;
  INPUT ---       blabel(23)=p:time1992;
  INPUT ---       blabel(24)=p:time1993;
  INPUT ---       blabel(25)=p:time1994;
  INPUT ---       blabel(26)=p:time1995;
  INPUT ---       blabel(27)=p:time1996;
  INPUT ---       blabel(28)=p:time1997;
  INPUT ---       blabel(29)=p:time1998;
  INPUT ---       blabel(30)=p:time1999;
  INPUT ---       blabel(31)=p:time2000;
  INPUT ---       blabel(32)=p:time2001;
  INPUT ---       blabel(33)=p:time2002;
  INPUT ---       blabel(34)=p:time2003;
  INPUT ---       blabel(35)=p:time2004;
  INPUT ---       blabel(36)=p:time2005;
  INPUT ---       blabel(37)=p:time2006;
  INPUT ---       blabel(38)=p:time2007;
  INPUT ---       blabel(39)=p:time2008;
  INPUT ---       blabel(40)=p:time2009;
  INPUT ---       blabel(41)=p:time2010;
  INPUT ---       blabel(42)=p:time2011;
  INPUT ---       blabel(43)=p:time2012;
  INPUT ---       blabel(44)=p:time2013;
  INPUT ---       blabel(45)=p:time2014;
  INPUT ---       blabel(46)=p:time2015;
  INPUT ---       blabel(47)=p:time2016;
  INPUT ---       rlabel(1)=Phi gHYF c1975 a0 t1975;
  INPUT ---       rlabel(2)=Phi gHYF c1975 a1 t1976;
  INPUT ---       rlabel(3)=Phi gHYF c1975 a2 t1977;
  INPUT ---       rlabel(4)=Phi gHYF c1975 a3 t1978;
  INPUT ---       rlabel(5)=Phi gHYF c1975 a4 t1979;
  INPUT ---       rlabel(6)=Phi gHYF c1975 a5 t1980;
  INPUT ---       rlabel(7)=Phi gHYF c1975 a6 t1981;
  INPUT ---       rlabel(8)=Phi gHYF c1975 a7 t1982;
  INPUT ---       rlabel(9)=Phi gHYF c1975 a8 t1983;
  INPUT ---       rlabel(10)=Phi gHYF c1975 a9 t1984;
  INPUT ---       rlabel(11)=Phi gHYF c1975 a10 t1985;

  Program  MARK  - Survival Rate Estimation with Capture-Recapture Data
   gfortran(Win64) Vers. 8.2 Mar 2017   11-Apr-2017 09:28:48    Page  020
 - - - - - - - - - - - - - - - - - - - - - - - - - - - - - - - - - - - - - -
 
  INPUT ---       rlabel(12)=Phi gHYF c1975 a11 t1986;
  INPUT ---       rlabel(13)=Phi gHYF c1975 a12 t1987;
  INPUT ---       rlabel(14)=Phi gHYF c1975 a13 t1988;
  INPUT ---       rlabel(15)=Phi gHYF c1975 a14 t1989;
  INPUT ---       rlabel(16)=Phi gHYF c1975 a15 t1990;
  INPUT ---       rlabel(17)=Phi gHYF c1975 a16 t1991;
  INPUT ---       rlabel(18)=Phi gHYF c1975 a17 t1992;
  INPUT ---       rlabel(19)=Phi gHYF c1975 a18 t1993;
  INPUT ---       rlabel(20)=Phi gHYF c1975 a19 t1994;
  INPUT ---       rlabel(21)=Phi gHYF c1975 a20 t1995;
  INPUT ---       rlabel(22)=Phi gHYF c1975 a21 t1996;
  INPUT ---       rlabel(23)=Phi gHYF c1975 a22 t1997;
  INPUT ---       rlabel(24)=Phi gHYF c1975 a23 t1998;
  INPUT ---       rlabel(25)=Phi gHYF c1975 a24 t1999;
  INPUT ---       rlabel(26)=Phi gHYF c1975 a25 t2000;
  INPUT ---       rlabel(27)=Phi gHYF c1975 a26 t2001;
  INPUT ---       rlabel(28)=Phi gHYF c1975 a27 t2002;
  INPUT ---       rlabel(29)=Phi gHYF c1975 a28 t2003;
  INPUT ---       rlabel(30)=Phi gHYF c1975 a29 t2004;
  INPUT ---       rlabel(31)=Phi gHYF c1975 a30 t2005;
  INPUT ---       rlabel(32)=Phi gHYF c1975 a31 t2006;
  INPUT ---       rlabel(33)=Phi gHYF c1975 a32 t2007;
  INPUT ---       rlabel(34)=Phi gHYF c1975 a33 t2008;
  INPUT ---       rlabel(35)=Phi gHYF c1975 a34 t2009;
  INPUT ---       rlabel(36)=Phi gHYF c1975 a35 t2010;
  INPUT ---       rlabel(37)=Phi gHYF c1975 a36 t2011;
  INPUT ---       rlabel(38)=Phi gHYF c1975 a37 t2012;
  INPUT ---       rlabel(39)=Phi gHYF c1975 a38 t2013;
  INPUT ---       rlabel(40)=Phi gHYF c1975 a39 t2014;
  INPUT ---       rlabel(41)=Phi gHYF c1975 a40 t2015;
  INPUT ---       rlabel(42)=Phi gHYF c1976 a1 t1977;
  INPUT ---       rlabel(43)=Phi gHYF c1976 a2 t1978;
  INPUT ---       rlabel(44)=Phi gHYF c1977 a1 t1978;
  INPUT ---       rlabel(45)=Phi gHYF c1977 a2 t1979;
  INPUT ---       rlabel(46)=Phi gHYF c1978 a1 t1979;
  INPUT ---       rlabel(47)=Phi gHYF c1978 a2 t1980;
  INPUT ---       rlabel(48)=Phi gHYF c1979 a1 t1980;
  INPUT ---       rlabel(49)=Phi gHYF c1979 a2 t1981;
  INPUT ---       rlabel(50)=Phi gHYF c1980 a1 t1981;
  INPUT ---       rlabel(51)=Phi gHYF c1980 a2 t1982;
  INPUT ---       rlabel(52)=Phi gHYF c1981 a1 t1982;
  INPUT ---       rlabel(53)=Phi gHYF c1981 a2 t1983;
  INPUT ---       rlabel(54)=Phi gHYF c1982 a1 t1983;
  INPUT ---       rlabel(55)=Phi gHYF c1982 a2 t1984;
  INPUT ---       rlabel(56)=Phi gHYF c1983 a1 t1984;
  INPUT ---       rlabel(57)=Phi gHYF c1983 a2 t1985;

  Program  MARK  - Survival Rate Estimation with Capture-Recapture Data
   gfortran(Win64) Vers. 8.2 Mar 2017   11-Apr-2017 09:28:48    Page  021
 - - - - - - - - - - - - - - - - - - - - - - - - - - - - - - - - - - - - - -
 
  INPUT ---       rlabel(58)=Phi gHYF c1984 a1 t1985;
  INPUT ---       rlabel(59)=Phi gHYF c1984 a2 t1986;
  INPUT ---       rlabel(60)=Phi gHYF c1985 a1 t1986;
  INPUT ---       rlabel(61)=Phi gHYF c1985 a2 t1987;
  INPUT ---       rlabel(62)=Phi gHYF c1986 a1 t1987;
  INPUT ---       rlabel(63)=Phi gHYF c1986 a2 t1988;
  INPUT ---       rlabel(64)=Phi gHYF c1987 a1 t1988;
  INPUT ---       rlabel(65)=Phi gHYF c1987 a2 t1989;
  INPUT ---       rlabel(66)=Phi gHYF c1988 a1 t1989;
  INPUT ---       rlabel(67)=Phi gHYF c1988 a2 t1990;
  INPUT ---       rlabel(68)=Phi gHYF c1989 a1 t1990;
  INPUT ---       rlabel(69)=Phi gHYF c1989 a2 t1991;
  INPUT ---       rlabel(70)=Phi gHYF c1990 a1 t1991;
  INPUT ---       rlabel(71)=Phi gHYF c1990 a2 t1992;
  INPUT ---       rlabel(72)=Phi gHYF c1991 a1 t1992;
  INPUT ---       rlabel(73)=Phi gHYF c1991 a2 t1993;
  INPUT ---       rlabel(74)=Phi gHYF c1992 a1 t1993;
  INPUT ---       rlabel(75)=Phi gHYF c1992 a2 t1994;
  INPUT ---       rlabel(76)=Phi gHYF c1993 a1 t1994;
  INPUT ---       rlabel(77)=Phi gHYF c1993 a2 t1995;
  INPUT ---       rlabel(78)=Phi gHYF c1994 a1 t1995;
  INPUT ---       rlabel(79)=Phi gHYF c1994 a2 t1996;
  INPUT ---       rlabel(80)=Phi gHYF c1995 a1 t1996;
  INPUT ---       rlabel(81)=Phi gHYF c1995 a2 t1997;
  INPUT ---       rlabel(82)=Phi gHYF c1996 a1 t1997;
  INPUT ---       rlabel(83)=Phi gHYF c1996 a2 t1998;
  INPUT ---       rlabel(84)=Phi gHYF c1997 a1 t1998;
  INPUT ---       rlabel(85)=Phi gHYF c1997 a2 t1999;
  INPUT ---       rlabel(86)=Phi gHYF c1998 a1 t1999;
  INPUT ---       rlabel(87)=Phi gHYF c1998 a2 t2000;
  INPUT ---       rlabel(88)=Phi gHYF c1999 a1 t2000;
  INPUT ---       rlabel(89)=Phi gHYF c1999 a2 t2001;
  INPUT ---       rlabel(90)=Phi gHYF c2000 a1 t2001;
  INPUT ---       rlabel(91)=Phi gHYF c2000 a2 t2002;
  INPUT ---       rlabel(92)=Phi gHYF c2001 a1 t2002;
  INPUT ---       rlabel(93)=Phi gHYF c2001 a2 t2003;
  INPUT ---       rlabel(94)=Phi gHYF c2002 a1 t2003;
  INPUT ---       rlabel(95)=Phi gHYF c2002 a2 t2004;
  INPUT ---       rlabel(96)=Phi gHYF c2003 a1 t2004;
  INPUT ---       rlabel(97)=Phi gHYF c2003 a2 t2005;
  INPUT ---       rlabel(98)=Phi gHYF c2004 a1 t2005;
  INPUT ---       rlabel(99)=Phi gHYF c2004 a2 t2006;
  INPUT ---       rlabel(100)=Phi gHYF c2005 a1 t2006;
  INPUT ---       rlabel(101)=Phi gHYF c2005 a2 t2007;
  INPUT ---       rlabel(102)=Phi gHYF c2006 a1 t2007;
  INPUT ---       rlabel(103)=Phi gHYF c2006 a2 t2008;

  Program  MARK  - Survival Rate Estimation with Capture-Recapture Data
   gfortran(Win64) Vers. 8.2 Mar 2017   11-Apr-2017 09:28:48    Page  022
 - - - - - - - - - - - - - - - - - - - - - - - - - - - - - - - - - - - - - -
 
  INPUT ---       rlabel(104)=Phi gHYF c2007 a1 t2008;
  INPUT ---       rlabel(105)=Phi gHYF c2007 a2 t2009;
  INPUT ---       rlabel(106)=Phi gHYF c2008 a1 t2009;
  INPUT ---       rlabel(107)=Phi gHYF c2008 a2 t2010;
  INPUT ---       rlabel(108)=Phi gHYF c2009 a1 t2010;
  INPUT ---       rlabel(109)=Phi gHYF c2009 a2 t2011;
  INPUT ---       rlabel(110)=Phi gHYF c2010 a1 t2011;
  INPUT ---       rlabel(111)=Phi gHYF c2010 a2 t2012;
  INPUT ---       rlabel(112)=Phi gHYF c2011 a1 t2012;
  INPUT ---       rlabel(113)=Phi gHYF c2011 a2 t2013;
  INPUT ---       rlabel(114)=Phi gHYF c2012 a1 t2013;
  INPUT ---       rlabel(115)=Phi gHYF c2012 a2 t2014;
  INPUT ---       rlabel(116)=Phi gHYF c2013 a1 t2014;
  INPUT ---       rlabel(117)=Phi gHYF c2013 a2 t2015;
  INPUT ---       rlabel(118)=Phi gHYF c2014 a1 t2015;
  INPUT ---       rlabel(119)=p gHYF c1975 a1 t1976;
  INPUT ---       rlabel(120)=p gHYF c1975 a2 t1977;
  INPUT ---       rlabel(121)=p gHYF c1975 a3 t1978;
  INPUT ---       rlabel(122)=p gHYF c1975 a4 t1979;
  INPUT ---       rlabel(123)=p gHYF c1975 a5 t1980;
  INPUT ---       rlabel(124)=p gHYF c1975 a6 t1981;
  INPUT ---       rlabel(125)=p gHYF c1975 a7 t1982;
  INPUT ---       rlabel(126)=p gHYF c1975 a8 t1983;
  INPUT ---       rlabel(127)=p gHYF c1975 a9 t1984;
  INPUT ---       rlabel(128)=p gHYF c1975 a10 t1985;
  INPUT ---       rlabel(129)=p gHYF c1975 a11 t1986;
  INPUT ---       rlabel(130)=p gHYF c1975 a12 t1987;
  INPUT ---       rlabel(131)=p gHYF c1975 a13 t1988;
  INPUT ---       rlabel(132)=p gHYF c1975 a14 t1989;
  INPUT ---       rlabel(133)=p gHYF c1975 a15 t1990;
  INPUT ---       rlabel(134)=p gHYF c1975 a16 t1991;
  INPUT ---       rlabel(135)=p gHYF c1975 a17 t1992;
  INPUT ---       rlabel(136)=p gHYF c1975 a18 t1993;
  INPUT ---       rlabel(137)=p gHYF c1975 a19 t1994;
  INPUT ---       rlabel(138)=p gHYF c1975 a20 t1995;
  INPUT ---       rlabel(139)=p gHYF c1975 a21 t1996;
  INPUT ---       rlabel(140)=p gHYF c1975 a22 t1997;
  INPUT ---       rlabel(141)=p gHYF c1975 a23 t1998;
  INPUT ---       rlabel(142)=p gHYF c1975 a24 t1999;
  INPUT ---       rlabel(143)=p gHYF c1975 a25 t2000;
  INPUT ---       rlabel(144)=p gHYF c1975 a26 t2001;
  INPUT ---       rlabel(145)=p gHYF c1975 a27 t2002;
  INPUT ---       rlabel(146)=p gHYF c1975 a28 t2003;
  INPUT ---       rlabel(147)=p gHYF c1975 a29 t2004;
  INPUT ---       rlabel(148)=p gHYF c1975 a30 t2005;
  INPUT ---       rlabel(149)=p gHYF c1975 a31 t2006;

  Program  MARK  - Survival Rate Estimation with Capture-Recapture Data
   gfortran(Win64) Vers. 8.2 Mar 2017   11-Apr-2017 09:28:48    Page  023
 - - - - - - - - - - - - - - - - - - - - - - - - - - - - - - - - - - - - - -
 
  INPUT ---       rlabel(150)=p gHYF c1975 a32 t2007;
  INPUT ---       rlabel(151)=p gHYF c1975 a33 t2008;
  INPUT ---       rlabel(152)=p gHYF c1975 a34 t2009;
  INPUT ---       rlabel(153)=p gHYF c1975 a35 t2010;
  INPUT ---       rlabel(154)=p gHYF c1975 a36 t2011;
  INPUT ---       rlabel(155)=p gHYF c1975 a37 t2012;
  INPUT ---       rlabel(156)=p gHYF c1975 a38 t2013;
  INPUT ---       rlabel(157)=p gHYF c1975 a39 t2014;
  INPUT ---       rlabel(158)=p gHYF c1975 a40 t2015;
  INPUT ---       rlabel(159)=p gHYF c1975 a41 t2016;

 Link Function Used is LOGIT        

 Variance Estimation Procedure Used is 2ndPart 
 -2logL(saturated) = 767.53420     
 Effective Sample Size = 14603

 Number of function evaluations was 73 for 47 parameters.
 Time for numerical optimization was 2.94 seconds.
 -2logL { Phi(~Time * age)p(~time) } = 4320.5958     
 Penalty { Phi(~Time * age)p(~time) } = -0.0000000    
 Gradient { Phi(~Time * age)p(~time) }:
  0.1503321E-01 0.9631092E-02  0.000000     0.3107678E-02  0.000000    
  0.1900895E-02 0.8643537E-02-0.1719504E-04 0.2147533E-03 0.1034280E-03
 -0.2407230E-03  0.000000     0.1031369E-03-0.1183800E-02-0.1252416E-02
 -0.1509055E-02-0.2210349E-03 0.7422131E-04-0.5069900E-03 0.1053882E-02
  0.3560982E-03 0.4918644E-03-0.3245215E-03-0.6195690E-03 0.1282241E-02
  0.5211901E-03-0.3270634E-03 0.2088855E-03-0.6548046E-03 0.6063918E-02
 -0.4507278E-04-0.1942448E-03 0.5044664E-03 0.2778162E-02 0.7319903E-03
  0.7522499E-03 0.5247506E-03 0.3802751E-03-0.4104668E-03-0.2095511E-03
 -0.1418517E-03-0.5664526E-03  0.000000     0.2601557E-03-0.5904360E-04
  0.1759641E-02-0.8939799E-03
 S Vector { Phi(~Time * age)p(~time) }:
   978.1085      102.9593      33.64352      25.91492      20.53627    
   16.06553      15.22681      13.22586      12.78840      12.44809    
   12.34057      12.26097      12.13829      11.83508      11.47585    
   11.28788      10.84419      10.29643      10.09710      9.942894    
   9.386248      8.895857      8.282458      7.547541      7.329503    
   6.017411      5.797230      5.139665      4.481057      3.696825    
   3.416793      3.168737      2.821953      2.809723      2.673604    
   2.211033      1.916698      1.773168      1.489563      1.046308    
  0.9583142     0.9522884     0.5040030     0.3139753E-05 0.2486901E-06
  0.4482959E-07 0.1136698E-10
 Time to compute number of parameters was 2.48 seconds.
   Threshold =  0.9600000E-06     Condition index =  0.1162139E-13     New Threshold =  0.7792810E-10

  Program  MARK  - Survival Rate Estimation with Capture-Recapture Data
   gfortran(Win64) Vers. 8.2 Mar 2017   11-Apr-2017 09:28:51    Page  024
 - - - - - - - - - - - - - - - - - - - - - - - - - - - - - - - - - - - - - -
 
 New Guessimate of Estimated Parameters { Phi(~Time * age)p(~time) } = 45          
 Conditioned S Vector { Phi(~Time * age)p(~time) }:
   1.000000     0.1052636     0.3439651E-01 0.2649494E-01 0.2099590E-01
  0.1642510E-01 0.1556761E-01 0.1352187E-01 0.1307462E-01 0.1272669E-01
  0.1261677E-01 0.1253539E-01 0.1240996E-01 0.1209997E-01 0.1173270E-01
  0.1154051E-01 0.1108690E-01 0.1052688E-01 0.1032309E-01 0.1016543E-01
  0.9596326E-02 0.9094959E-02 0.8467832E-02 0.7716466E-02 0.7493548E-02
  0.6152089E-02 0.5926980E-02 0.5254698E-02 0.4581349E-02 0.3779565E-02
  0.3493266E-02 0.3239658E-02 0.2885113E-02 0.2872609E-02 0.2733444E-02
  0.2260519E-02 0.1959596E-02 0.1812854E-02 0.1522901E-02 0.1069726E-02
  0.9797627E-03 0.9736020E-03 0.5152833E-03 0.3210025E-08 0.2542562E-09
  0.4583294E-10 0.1162139E-13
 Number of Estimated Parameters { Phi(~Time * age)p(~time) } = 43          
 DEVIANCE { Phi(~Time * age)p(~time) } = 3553.0616                     
 DEVIANCE Degrees of Freedom { Phi(~Time * age)p(~time) } = 84            
 c-hat { Phi(~Time * age)p(~time) } = 42.298353                     
 AIC { Phi(~Time * age)p(~time) } = 4406.5958                  
 AICc { Phi(~Time * age)p(~time) } = 4406.8557                    
 BIC { Phi(~Time * age)p(~time) } = 4732.9221                    
 Pearson Chisquare { Phi(~Time * age)p(~time) } = 5977340.4                  


                 LOGIT Link Function Parameters of { Phi(~Time * age)p(~time) }
                                                              95% Confidence Interval
 Parameter                    Beta         Standard Error      Lower           Upper
 -------------------------  --------------  --------------  --------------  --------------
    1:Phi:(Intercept)       -1.4441609      0.2267287       -1.8885491      -0.9997727    
    2:Phi:Time              -0.0089959      0.0110380       -0.0306304      0.0126385     
    3:Phi:age(1,2]          21.386698       1433.1046       -2787.4983      2830.2717     
    4:Phi:age(2,42]         1.9266057       0.5088474       0.9292649       2.9239465     
    5:Phi:Time:age(1,2]     0.3053871       0.0000000       0.3053871       0.3053871     
    6:Phi:Time:age(2,42]    -0.0192572      0.0225669       -0.0634883      0.0249740     
    7:p:(Intercept)         -13.099817      87.941977       -185.46610      159.26646     
    8:p:time1977            9.5785726       87.947977       -162.79947      181.95661     
    9:p:time1978            10.858186       87.943765       -161.51160      183.22797     
   10:p:time1979            10.431557       87.944195       -161.93907      182.80218     
   11:p:time1980            9.9567189       87.945066       -162.41561      182.32905     
   12:p:time1981            9.3442363       87.947897       -163.03364      181.72212     
   13:p:time1982            10.463825       87.943613       -161.90566      182.83331     
   14:p:time1983            11.138891       87.942639       -161.22868      183.50647     
   15:p:time1984            11.345270       87.942444       -161.02192      183.71246     
   16:p:time1985            11.415446       87.942471       -160.95180      183.78269     
   17:p:time1986            11.344132       87.942446       -161.02307      183.71133     
   18:p:time1987            11.253821       87.942559       -161.11360      183.62124     
   19:p:time1988            10.122245       87.943248       -162.24652      182.49101     
   20:p:time1989            10.909327       87.942522       -161.45802      183.27667     
   21:p:time1990            10.748657       87.942510       -161.61867      183.11598     
   22:p:time1991            11.203903       87.942325       -161.16306      183.57086     
   23:p:time1992            9.9300280       87.942747       -162.43776      182.29782     
   24:p:time1993            10.596785       87.942436       -161.77039      182.96396     
   25:p:time1994            10.632539       87.942488       -161.73474      182.99982     
   26:p:time1995            11.215241       87.942548       -161.15216      183.58264     
   27:p:time1996            10.957399       87.942446       -161.40980      183.32460     
   28:p:time1997            11.191296       87.942419       -161.17585      183.55844     
   29:p:time1998            10.945020       87.942336       -161.42196      183.31200     

  Program  MARK  - Survival Rate Estimation with Capture-Recapture Data
   gfortran(Win64) Vers. 8.2 Mar 2017   11-Apr-2017 09:28:51    Page  025
 - - - - - - - - - - - - - - - - - - - - - - - - - - - - - - - - - - - - - -
 
   30:p:time1999            11.793692       87.942268       -160.57316      184.16054     
   31:p:time2000            11.107015       87.942527       -161.26034      183.47437     
   32:p:time2001            11.173746       87.942550       -161.19366      183.54115     
   33:p:time2002            11.259616       87.942508       -161.10770      183.62693     
   34:p:time2003            11.440169       87.942530       -160.92719      183.80753     
   35:p:time2004            11.176456       87.942757       -161.19135      183.54426     
   36:p:time2005            11.090327       87.943112       -161.27818      183.45883     
   37:p:time2006            11.652319       87.942902       -160.71577      184.02041     
   38:p:time2007            11.436714       87.943168       -160.93190      183.80533     
   39:p:time2008            10.300361       87.944262       -162.07040      182.67112     
   40:p:time2009            11.152574       87.944094       -161.21785      183.52300     
   41:p:time2010            10.540855       87.944344       -161.83006      182.91177     
   42:p:time2011            10.239181       87.945419       -162.13384      182.61220     
   43:p:time2012            -44.573603      0.0000000       -44.573603      -44.573603    
   44:p:time2013            10.187081       87.948523       -162.19203      182.56619     
   45:p:time2014            11.323025       87.946454       -161.05203      183.69808     
   46:p:time2015            13.162070       87.944904       -159.20994      185.53408     
   47:p:time2016            12.022141       87.943494       -160.34711      184.39139     


                 Real Function Parameters of { Phi(~Time * age)p(~time) }
                                                               95% Confidence Interval
  Parameter                  Estimate       Standard Error      Lower           Upper
 --------------------------  --------------  --------------  --------------  --------------
     1:Phi gHYF c1975 a0 t1  0.1909018       0.0350201       0.1314100       0.2689861                           
     2:Phi gHYF c1975 a1 t1  0.1895162       0.0332757       0.1326453       0.2633663                           
     3:Phi gHYF c1975 a2 t1  1.0000000       0.1981125E-005  0.9999961       1.0000039                           
     4:Phi gHYF c1975 a3 t1  0.5981314       0.0830107       0.4306521       0.7454635                           
     5:Phi gHYF c1975 a4 t1  0.5913218       0.0796681       0.4312579       0.7341118                           
     6:Phi gHYF c1975 a5 t1  0.5844769       0.0763013       0.4317779       0.7225126                           
     7:Phi gHYF c1975 a6 t1  0.5775993       0.0729212       0.4321986       0.7106903                           
     8:Phi gHYF c1975 a7 t1  0.5706915       0.0695402       0.4325038       0.6986734                           
     9:Phi gHYF c1975 a8 t1  0.5637560       0.0661727       0.4326742       0.6864960                           
    10:Phi gHYF c1975 a9 t1  0.5567955       0.0628351       0.4326862       0.6741978                           
    11:Phi gHYF c1975 a10 t  0.5498126       0.0595467       0.4325113       0.6618254                           
    12:Phi gHYF c1975 a11 t  0.5428100       0.0563300       0.4321148       0.6494332                           
    13:Phi gHYF c1975 a12 t  0.5357905       0.0532114       0.4314547       0.6370847                           
    14:Phi gHYF c1975 a13 t  0.5287568       0.0502220       0.4304800       0.6248537                           
    15:Phi gHYF c1975 a14 t  0.5217116       0.0473981       0.4291298       0.6128254                           
    16:Phi gHYF c1975 a15 t  0.5146578       0.0447820       0.4273320       0.6010977                           
    17:Phi gHYF c1975 a16 t  0.5075981       0.0424215       0.4250035       0.5897801                           
    18:Phi gHYF c1975 a17 t  0.5005354       0.0403694       0.4220522       0.5789923                           
    19:Phi gHYF c1975 a18 t  0.4934725       0.0386806       0.4183819       0.5688588                           
    20:Phi gHYF c1975 a19 t  0.4864122       0.0374083       0.4139009       0.5595001                           
    21:Phi gHYF c1975 a20 t  0.4793573       0.0365973       0.4085337       0.5510205                           
    22:Phi gHYF c1975 a21 t  0.4723107       0.0362774       0.4022351       0.5434946                           

  Program  MARK  - Survival Rate Estimation with Capture-Recapture Data
   gfortran(Win64) Vers. 8.2 Mar 2017   11-Apr-2017 09:28:51    Page  026
 - - - - - - - - - - - - - - - - - - - - - - - - - - - - - - - - - - - - - -
 
    23:Phi gHYF c1975 a22 t  0.4652750       0.0364583       0.3950001       0.5369561                           
    24:Phi gHYF c1975 a23 t  0.4582531       0.0371268       0.3868685       0.5313938                           
    25:Phi gHYF c1975 a24 t  0.4512478       0.0382497       0.3779201       0.5267558                           
    26:Phi gHYF c1975 a25 t  0.4442618       0.0397789       0.3682634       0.5229607                           
    27:Phi gHYF c1975 a26 t  0.4372977       0.0416586       0.3580222       0.5199109                           
    28:Phi gHYF c1975 a27 t  0.4303583       0.0438317       0.3473226       0.5175053                           
    29:Phi gHYF c1975 a28 t  0.4234461       0.0462437       0.3362845       0.5156475                           
    30:Phi gHYF c1975 a29 t  0.4165637       0.0488453       0.3250166       0.5142512                           
    31:Phi gHYF c1975 a30 t  0.4097137       0.0515936       0.3136142       0.5132414                           
    32:Phi gHYF c1975 a31 t  0.4028986       0.0544517       0.3021596       0.5125551                           
    33:Phi gHYF c1975 a32 t  0.3961207       0.0573886       0.2907224       0.5121396                           
    34:Phi gHYF c1975 a33 t  0.3893826       0.0603779       0.2793613       0.5119516                           
    35:Phi gHYF c1975 a34 t  0.3826864       0.0633975       0.2681256       0.5119553                           
    36:Phi gHYF c1975 a35 t  0.3760344       0.0664286       0.2570563       0.5121216                           
    37:Phi gHYF c1975 a36 t  0.3694289       0.0694555       0.2461874       0.5124262                           
    38:Phi gHYF c1975 a37 t  0.3628719       0.0724645       0.2355469       0.5128493                           
    39:Phi gHYF c1975 a38 t  0.3563655       0.0754442       0.2251578       0.5133743                           
    40:Phi gHYF c1975 a39 t  0.3499118       0.0783846       0.2150383       0.5139875                           
    41:Phi gHYF c1975 a40 t  0.3435125       0.0812770       0.2052031       0.5146773                           
    42:Phi gHYF c1976 a1 t1  0.1881383       0.0315636       0.1338685       0.2578589                           
    43:Phi gHYF c1976 a2 t1  1.0000000       0.1548243E-005  0.9999970       1.0000030                           
    44:Phi gHYF c1977 a1 t1  0.1867681       0.0298858       0.1350756       0.2524686                           
    45:Phi gHYF c1977 a2 t1  1.0000000       0.1199785E-005  0.9999976       1.0000024                           
    46:Phi gHYF c1978 a1 t1  0.1854056       0.0282447       0.1362619       0.2472006                           
    47:Phi gHYF c1978 a2 t1  1.0000000       0.9234325E-006  0.9999982       1.0000018                           
    48:Phi gHYF c1979 a1 t1  0.1840508       0.0266431       0.1374220       0.2420611                           
    49:Phi gHYF c1979 a2 t1  1.0000000       0.7067036E-006  0.9999986       1.0000014                           
    50:Phi gHYF c1980 a1 t1  0.1827036       0.0250845       0.1385491       0.2370575                           
    51:Phi gHYF c1980 a2 t1  1.0000000       0.5382150E-006  0.9999989       1.0000011                           
    52:Phi gHYF c1981 a1 t1  0.1813641       0.0235731       0.1396349       0.2321984                           
    53:Phi gHYF c1981 a2 t1  1.0000000       0.4081536E-006  0.9999992       1.0000008                           
    54:Phi gHYF c1982 a1 t1  0.1800323       0.0221140       0.1406694       0.2274941                           
    55:Phi gHYF c1982 a2 t1  1.0000000       0.3083435E-006  0.9999994       1.0000006                           
    56:Phi gHYF c1983 a1 t1  0.1787082       0.0207134       0.1416403       0.2229571                           
    57:Phi gHYF c1983 a2 t1  1.0000000       0.2321324E-006  0.9999995       1.0000005                           
    58:Phi gHYF c1984 a1 t1  0.1773916       0.0193789       0.1425327       0.2186025                           
    59:Phi gHYF c1984 a2 t1  1.0000000       0.1741935E-006  0.9999997       1.0000003                           
    60:Phi gHYF c1985 a1 t1  0.1760827       0.0181199       0.1433284       0.2144485                           
    61:Phi gHYF c1985 a2 t1  1.0000000       0.1303158E-006  0.9999997       1.0000003                           
    62:Phi gHYF c1986 a1 t1  0.1747814       0.0169475       0.1440053       0.2105172                           
    63:Phi gHYF c1986 a2 t1  1.0000000       0.9720327E-007  0.9999998       1.0000002                           
    64:Phi gHYF c1987 a1 t1  0.1734877       0.0158749       0.1445376       0.2068344                           
    65:Phi gHYF c1987 a2 t1  1.0000000       0.7229485E-007  0.9999999       1.0000001                           
    66:Phi gHYF c1988 a1 t1  0.1722015       0.0149174       0.1448950       0.2034300                           
    67:Phi gHYF c1988 a2 t1  1.0000000       0.5361427E-007  0.9999999       1.0000001                           
    68:Phi gHYF c1989 a1 t1  0.1709230       0.0140921       0.1450442       0.2003371                           

  Program  MARK  - Survival Rate Estimation with Capture-Recapture Data
   gfortran(Win64) Vers. 8.2 Mar 2017   11-Apr-2017 09:28:51    Page  027
 - - - - - - - - - - - - - - - - - - - - - - - - - - - - - - - - - - - - - -
 
    69:Phi gHYF c1989 a2 t1  1.0000000       0.3964389E-007  0.9999999       1.0000001                           
    70:Phi gHYF c1990 a1 t1  0.1696519       0.0134166       0.1449504       0.1975903                           
    71:Phi gHYF c1990 a2 t1  1.0000000       0.2922556E-007  0.9999999       1.0000001                           
    72:Phi gHYF c1991 a1 t1  0.1683884       0.0129075       0.1445807       0.1952218                           
    73:Phi gHYF c1991 a2 t1  1.0000000       0.2147631E-007  1.0000000       1.0000000                           
    74:Phi gHYF c1992 a1 t1  0.1671325       0.0125782       0.1439090       0.1932576                           
    75:Phi gHYF c1992 a2 t1  1.0000000       0.1572787E-007  1.0000000       1.0000000                           
    76:Phi gHYF c1993 a1 t1  0.1658840       0.0124358       0.1429206       0.1917116                           
    77:Phi gHYF c1993 a2 t1  1.0000000       0.1147531E-007  1.0000000       1.0000000                           
    78:Phi gHYF c1994 a1 t1  0.1646430       0.0124802       0.1416159       0.1905830                           
    79:Phi gHYF c1994 a2 t1  1.0000000       0.8337929E-008  1.0000000       1.0000000                           
    80:Phi gHYF c1995 a1 t1  0.1634095       0.0127027       0.1400111       0.1898548                           
    81:Phi gHYF c1995 a2 t1  1.0000000       0.6030080E-008  1.0000000       1.0000000                           
    82:Phi gHYF c1996 a1 t1  0.1621834       0.0130880       0.1381358       0.1894968                           
    83:Phi gHYF c1996 a2 t1  1.0000000       0.4337179E-008  1.0000000       1.0000000                           
    84:Phi gHYF c1997 a1 t1  0.1609647       0.0136165       0.1360282       0.1894701                           
    85:Phi gHYF c1997 a2 t1  1.0000000       0.3099044E-008  1.0000000       1.0000000                           
    86:Phi gHYF c1998 a1 t1  0.1597535       0.0142666       0.1337296       0.1897325                           
    87:Phi gHYF c1998 a2 t2  1.0000000       0.2196872E-008  1.0000000       1.0000000                           
    88:Phi gHYF c1999 a1 t2  0.1585496       0.0150174       0.1312804       0.1902427                           
    89:Phi gHYF c1999 a2 t2  1.0000000       0.1541729E-008  1.0000000       1.0000000                           
    90:Phi gHYF c2000 a1 t2  0.1573531       0.0158498       0.1287173       0.1909632                           
    91:Phi gHYF c2000 a2 t2  1.0000000       0.1067358E-008  1.0000000       1.0000000                           
    92:Phi gHYF c2001 a1 t2  0.1561640       0.0167471       0.1260724       0.1918613                           
    93:Phi gHYF c2001 a2 t2  1.0000000       0.7250158E-009  1.0000000       1.0000000                           
    94:Phi gHYF c2002 a1 t2  0.1549822       0.0176954       0.1233721       0.1929092                           
    95:Phi gHYF c2002 a2 t2  1.0000000       0.4785453E-009  1.0000000       1.0000000                           
    96:Phi gHYF c2003 a1 t2  0.1538077       0.0186830       0.1206384       0.1940840                           
    97:Phi gHYF c2003 a2 t2  1.0000000       0.3002314E-009  1.0000000       1.0000000                           
    98:Phi gHYF c2004 a1 t2  0.1526405       0.0197004       0.1178892       0.1953670                           
    99:Phi gHYF c2004 a2 t2  1.0000000       0.1686502E-009  1.0000000       1.0000000                           
   100:Phi gHYF c2005 a1 t2  0.1514806       0.0207398       0.1151386       0.1967430                           
   101:Phi gHYF c2005 a2 t2  1.0000000       0.5667119E-010  1.0000000       1.0000000                           
   102:Phi gHYF c2006 a1 t2  0.1503280       0.0217951       0.1123981       0.1981994                           
   103:Phi gHYF c2006 a2 t2  1.0000000       0.0000000       1.0000000       1.0000000                           
   104:Phi gHYF c2007 a1 t2  0.1491825       0.0228611       0.1096768       0.1997261                           
   105:Phi gHYF c2007 a2 t2  1.0000000       0.0000000       1.0000000       1.0000000                           
   106:Phi gHYF c2008 a1 t2  0.1480443       0.0239336       0.1069817       0.2013148                           
   107:Phi gHYF c2008 a2 t2  1.0000000       0.0000000       1.0000000       1.0000000                           
   108:Phi gHYF c2009 a1 t2  0.1469132       0.0250093       0.1043187       0.2029587                           
   109:Phi gHYF c2009 a2 t2  1.0000000       0.0000000       1.0000000       1.0000000                           
   110:Phi gHYF c2010 a1 t2  0.1457894       0.0260854       0.1016922       0.2046521                           
   111:Phi gHYF c2010 a2 t2  1.0000000       0.0000000       1.0000000       1.0000000                           
   112:Phi gHYF c2011 a1 t2  0.1446726       0.0271595       0.0991058       0.2063905                           
   113:Phi gHYF c2011 a2 t2  1.0000000       0.0000000       1.0000000       1.0000000                           
   114:Phi gHYF c2012 a1 t2  0.1435630       0.0282298       0.0965621       0.2081699                           

  Program  MARK  - Survival Rate Estimation with Capture-Recapture Data
   gfortran(Win64) Vers. 8.2 Mar 2017   11-Apr-2017 09:28:51    Page  028
 - - - - - - - - - - - - - - - - - - - - - - - - - - - - - - - - - - - - - -
 
   115:Phi gHYF c2012 a2 t2  1.0000000       0.0000000       1.0000000       1.0000000                           
   116:Phi gHYF c2013 a1 t2  0.1424605       0.0292948       0.0940632       0.2099871                           
   117:Phi gHYF c2013 a2 t2  1.0000000       0.0000000       1.0000000       1.0000000                           
   118:Phi gHYF c2014 a1 t2  0.1413650       0.0303529       0.0916108       0.2118393                           
   119:p gHYF c1975 a1 t197  0.2045600E-005  0.1798938E-003  0.2838559E-080  1.0000000                           
   120:p gHYF c1975 a2 t197  0.0287138       0.0291067       0.0038081       0.1860796                           
   121:p gHYF c1975 a3 t197  0.0960738       0.0512991       0.0323138       0.2527787                           
   122:p gHYF c1975 a4 t197  0.0648725       0.0393073       0.0191101       0.1980896                           
   123:p gHYF c1975 a5 t198  0.0413641       0.0301563       0.0096253       0.1607698                           
   124:p gHYF c1975 a6 t198  0.0228524       0.0231829       0.0030474       0.1517766                           
   125:p gHYF c1975 a7 t198  0.0668576       0.0348537       0.0234085       0.1763880                           
   126:p gHYF c1975 a8 t198  0.1233668       0.0404359       0.0633424       0.2265160                           
   127:p gHYF c1975 a9 t198  0.1474746       0.0415821       0.0829602       0.2485605                           
   128:p gHYF c1975 a10 t19  0.1565175       0.0449063       0.0869814       0.2654794                           
   129:p gHYF c1975 a11 t19  0.1473315       0.0410923       0.0834165       0.2470210                           
   130:p gHYF c1975 a12 t19  0.1363437       0.0417985       0.0729843       0.2404406                           
   131:p gHYF c1975 a13 t19  0.0484494       0.0222628       0.0193778       0.1159778                           
   132:p gHYF c1975 a14 t19  0.1006077       0.0307116       0.0543859       0.1786896                           
   133:p gHYF c1975 a15 t19  0.0869736       0.0263691       0.0473351       0.1544248                           
   134:p gHYF c1975 a16 t19  0.1305716       0.0315391       0.0801400       0.2056444                           
   135:p gHYF c1975 a17 t19  0.0403186       0.0146657       0.0195952       0.0811446                           
   136:p gHYF c1975 a18 t19  0.0756459       0.0212767       0.0431307       0.1293595                           
   137:p gHYF c1975 a19 t19  0.0781842       0.0226298       0.0438265       0.1356552                           
   138:p gHYF c1975 a20 t19  0.1318641       0.0383657       0.0730027       0.2265845                           
   139:p gHYF c1975 a21 t19  0.1050419       0.0282925       0.0610943       0.1747198                           
   140:p gHYF c1975 a22 t19  0.1291471       0.0329651       0.0770579       0.2084931                           
   141:p gHYF c1975 a23 t19  0.1038838       0.0244173       0.0648343       0.1623692                           
   142:p gHYF c1975 a24 t19  0.2131360       0.0415664       0.1428389       0.3056911                           
   143:p gHYF c1975 a25 t20  0.1199608       0.0335635       0.0681198       0.2026737                           
   144:p gHYF c1975 a26 t20  0.1271861       0.0359101       0.0717506       0.2155079                           
   145:p gHYF c1975 a27 t20  0.1370275       0.0368847       0.0793245       0.2263844                           
   146:p gHYF c1975 a28 t20  0.1598092       0.0424479       0.0928537       0.2611465                           
   147:p gHYF c1975 a29 t20  0.1274872       0.0411407       0.0660951       0.2317524                           
   148:p gHYF c1975 a30 t20  0.1182101       0.0469196       0.0525634       0.2446705                           
   149:p gHYF c1975 a31 t20  0.1903868       0.0625706       0.0959437       0.3425690                           
   150:p gHYF c1975 a32 t20  0.1593458       0.0604581       0.0725802       0.3146449                           
   151:p gHYF c1975 a33 t20  0.0573536       0.0342519       0.0172728       0.1739748                           
   152:p gHYF c1975 a34 t20  0.1248543       0.0662122       0.0416883       0.3187475                           
   153:p gHYF c1975 a35 t20  0.0718267       0.0431998       0.0212688       0.2160379                           
   154:p gHYF c1975 a36 t20  0.0541341       0.0394743       0.0124728       0.2059331                           
   155:p gHYF c1975 a37 t20  0.8969163E-025  0.7498980E-023  -.1460831E-022  0.1478769E-022                      
   156:p gHYF c1975 a38 t20  0.0515275       0.0527316       0.0065124       0.3104608                           
   157:p gHYF c1975 a39 t20  0.1446997       0.1093882       0.0290527       0.4888961                           
   158:p gHYF c1975 a40 t20  0.5155581       0.1750085       0.2122955       0.8077800                           
   159:p gHYF c1975 a41 t20  0.2539460       0.0959912       0.1119737       0.4788587                           

 Attempted ordering of parameters by estimatibility:
   1  7  4  2 30 29 22 28 34 27 24 33 17 15 25 31 16 32 21 26 20 18 35 14 37
  23 47 38 36 19 13 40  9 46 39 41 10 42 11  6 45 12  8 44  3  5 43
 Beta number 43 is a singular value.

  Program  MARK  - Survival Rate Estimation with Capture-Recapture Data
   gfortran(Win64) Vers. 8.2 Mar 2017   11-Apr-2017 09:28:51    Page  029
 - - - - - - - - - - - - - - - - - - - - - - - - - - - - - - - - - - - - - -
 

     CPU Time in seconds for last procedure was 5.56


  INPUT --- proc stop;

     CPU Time in minutes for this job was 0.09

     Time Start = 09:28:48.490   Time End = 09:28:51.955

     Wall Clock Time in minutes for this job was 0.06


          E X E C U T I O N   S U C C E S S F U L 
