
   Program  MARK  - Survival Rate Estimation with Capture-Recapture Data
   gfortran(Win64) Vers. 8.2 Mar 2017   10-Apr-2017 10:07:46    Page  001
 - - - - - - - - - - - - - - - - - - - - - - - - - - - - - - - - - - - - - -
 
   This version was compiled by GCC version 5.3.0 using the options: 
     -cpp -iprefix c:\tdm-gcc-64\gcc\bin\../lib/gcc/x86_64-w64-mingw32/5.3.0/ -D_MT
     -U_REENTRANT -D IEEE -m64 -mtune=generic -march=x86-64 -mthreads -O3
     -fimplicit-none -fbounds-check -ffpe-summary=invalid,zero,overflow,underflow
     -fno-unsafe-math-optimizations -frounding-math -fsignaling-nans -fopenmp.

   This problem will use 3 of 4 possible threads.


  INPUT --- proc title ;

     CPU Time in seconds for last procedure was 0.02


  INPUT --- proc chmatrix occasions= 42 groups= 2 etype= Live ICMeans 
  INPUT --- NoHist hist= 351 ;

  INPUT ---    time  interval 1 1 1 1 1 1 1 1 1 1 1 1 1 1 1 1 1 1 1 1 1 1 
  INPUT ---    1 1 1 1 1 1 1 1 1 1 1 1 1 1 1 1 1 1 1 ;

  INPUT ---    glabel(1)=age1;

  INPUT ---    glabel(2)=age2;

   * *  WARNING  * *   At least a pair of the encounter histories are duplicates. 

      Number of unique encounter histories read was 242.

      Number of individual covariates read was 0.
      Time interval lengths are all equal to 1.

      Data type number is 1
      Data type is Live Recaptures (CJS)                                                                               

     CPU Time in seconds for last procedure was 0.03

  Program  MARK  - Survival Rate Estimation with Capture-Recapture Data
   gfortran(Win64) Vers. 8.2 Mar 2017   10-Apr-2017 10:07:46    Page  002
 - - - - - - - - - - - - - - - - - - - - - - - - - - - - - - - - - - - - - -
 


  INPUT --- proc estimate link=Logit NOLOOP varest=2ndPart    ;


  INPUT --- model={ Phi(~Time)p(~time) };

  INPUT ---    group=1 Phi    rows=41 cols=41 Triang ;
  INPUT ---        1 2 3 4 5 6 7 8 9 10 11 12 13 14 15 16 17 18 19 20 21 22 
  INPUT ---       23 24 25 26 27 28 29 30 31 32 33 34 35 36 37 38 39 40 41 ;
  INPUT ---        2 3 4 5 6 7 8 9 10 11 12 13 14 15 16 17 18 19 20 21 22 23 
  INPUT ---       24 25 26 27 28 29 30 31 32 33 34 35 36 37 38 39 40 41 ;
  INPUT ---        3 4 5 6 7 8 9 10 11 12 13 14 15 16 17 18 19 20 21 22 23 24 
  INPUT ---       25 26 27 28 29 30 31 32 33 34 35 36 37 38 39 40 41 ;
  INPUT ---        4 5 6 7 8 9 10 11 12 13 14 15 16 17 18 19 20 21 22 23 24 
  INPUT ---       25 26 27 28 29 30 31 32 33 34 35 36 37 38 39 40 41 ;
  INPUT ---        5 6 7 8 9 10 11 12 13 14 15 16 17 18 19 20 21 22 23 24 25 
  INPUT ---       26 27 28 29 30 31 32 33 34 35 36 37 38 39 40 41 ;
  INPUT ---        6 7 8 9 10 11 12 13 14 15 16 17 18 19 20 21 22 23 24 25 26 
  INPUT ---       27 28 29 30 31 32 33 34 35 36 37 38 39 40 41 ;
  INPUT ---        7 8 9 10 11 12 13 14 15 16 17 18 19 20 21 22 23 24 25 26 
  INPUT ---       27 28 29 30 31 32 33 34 35 36 37 38 39 40 41 ;
  INPUT ---        8 9 10 11 12 13 14 15 16 17 18 19 20 21 22 23 24 25 26 27 
  INPUT ---       28 29 30 31 32 33 34 35 36 37 38 39 40 41 ;
  INPUT ---        9 10 11 12 13 14 15 16 17 18 19 20 21 22 23 24 25 26 27 28 
  INPUT ---       29 30 31 32 33 34 35 36 37 38 39 40 41 ;
  INPUT ---        10 11 12 13 14 15 16 17 18 19 20 21 22 23 24 25 26 27 28 
  INPUT ---       29 30 31 32 33 34 35 36 37 38 39 40 41 ;
  INPUT ---        11 12 13 14 15 16 17 18 19 20 21 22 23 24 25 26 27 28 29 
  INPUT ---       30 31 32 33 34 35 36 37 38 39 40 41 ;
  INPUT ---        12 13 14 15 16 17 18 19 20 21 22 23 24 25 26 27 28 29 30 
  INPUT ---       31 32 33 34 35 36 37 38 39 40 41 ;
  INPUT ---        13 14 15 16 17 18 19 20 21 22 23 24 25 26 27 28 29 30 31 
  INPUT ---       32 33 34 35 36 37 38 39 40 41 ;
  INPUT ---        14 15 16 17 18 19 20 21 22 23 24 25 26 27 28 29 30 31 32 
  INPUT ---       33 34 35 36 37 38 39 40 41 ;
  INPUT ---        15 16 17 18 19 20 21 22 23 24 25 26 27 28 29 30 31 32 33 
  INPUT ---       34 35 36 37 38 39 40 41 ;
  INPUT ---        16 17 18 19 20 21 22 23 24 25 26 27 28 29 30 31 32 33 34 
  INPUT ---       35 36 37 38 39 40 41 ;
  INPUT ---        17 18 19 20 21 22 23 24 25 26 27 28 29 30 31 32 33 34 35 
  INPUT ---       36 37 38 39 40 41 ;
  INPUT ---        18 19 20 21 22 23 24 25 26 27 28 29 30 31 32 33 34 35 36 
  INPUT ---       37 38 39 40 41 ;
  INPUT ---        19 20 21 22 23 24 25 26 27 28 29 30 31 32 33 34 35 36 37 
  INPUT ---       38 39 40 41 ;

  Program  MARK  - Survival Rate Estimation with Capture-Recapture Data
   gfortran(Win64) Vers. 8.2 Mar 2017   10-Apr-2017 10:07:46    Page  003
 - - - - - - - - - - - - - - - - - - - - - - - - - - - - - - - - - - - - - -
 
  INPUT ---        20 21 22 23 24 25 26 27 28 29 30 31 32 33 34 35 36 37 38 
  INPUT ---       39 40 41 ;
  INPUT ---        21 22 23 24 25 26 27 28 29 30 31 32 33 34 35 36 37 38 39 
  INPUT ---       40 41 ;
  INPUT ---        22 23 24 25 26 27 28 29 30 31 32 33 34 35 36 37 38 39 40 
  INPUT ---       41 ;
  INPUT ---        23 24 25 26 27 28 29 30 31 32 33 34 35 36 37 38 39 40 41 ;
  INPUT ---        24 25 26 27 28 29 30 31 32 33 34 35 36 37 38 39 40 41 ;
  INPUT ---        25 26 27 28 29 30 31 32 33 34 35 36 37 38 39 40 41 ;
  INPUT ---        26 27 28 29 30 31 32 33 34 35 36 37 38 39 40 41 ;
  INPUT ---        27 28 29 30 31 32 33 34 35 36 37 38 39 40 41 ;
  INPUT ---        28 29 30 31 32 33 34 35 36 37 38 39 40 41 ;
  INPUT ---        29 30 31 32 33 34 35 36 37 38 39 40 41 ;
  INPUT ---        30 31 32 33 34 35 36 37 38 39 40 41 ;
  INPUT ---        31 32 33 34 35 36 37 38 39 40 41 ;
  INPUT ---        32 33 34 35 36 37 38 39 40 41 ;
  INPUT ---        33 34 35 36 37 38 39 40 41 ;
  INPUT ---        34 35 36 37 38 39 40 41 ;
  INPUT ---        35 36 37 38 39 40 41 ;
  INPUT ---        36 37 38 39 40 41 ;
  INPUT ---        37 38 39 40 41 ;
  INPUT ---        38 39 40 41 ;
  INPUT ---        39 40 41 ;
  INPUT ---        40 41 ;
  INPUT ---        41 ;

  INPUT ---    group=2 Phi    rows=41 cols=41 Triang ;
  INPUT ---        1 2 3 4 5 6 7 8 9 10 11 12 13 14 15 16 17 18 19 20 21 22 
  INPUT ---       23 24 25 26 27 28 29 30 31 32 33 34 35 36 37 38 39 40 41 ;
  INPUT ---        2 3 4 5 6 7 8 9 10 11 12 13 14 15 16 17 18 19 20 21 22 23 
  INPUT ---       24 25 26 27 28 29 30 31 32 33 34 35 36 37 38 39 40 41 ;
  INPUT ---        3 4 5 6 7 8 9 10 11 12 13 14 15 16 17 18 19 20 21 22 23 24 
  INPUT ---       25 26 27 28 29 30 31 32 33 34 35 36 37 38 39 40 41 ;
  INPUT ---        4 5 6 7 8 9 10 11 12 13 14 15 16 17 18 19 20 21 22 23 24 
  INPUT ---       25 26 27 28 29 30 31 32 33 34 35 36 37 38 39 40 41 ;
  INPUT ---        5 6 7 8 9 10 11 12 13 14 15 16 17 18 19 20 21 22 23 24 25 
  INPUT ---       26 27 28 29 30 31 32 33 34 35 36 37 38 39 40 41 ;
  INPUT ---        6 7 8 9 10 11 12 13 14 15 16 17 18 19 20 21 22 23 24 25 26 
  INPUT ---       27 28 29 30 31 32 33 34 35 36 37 38 39 40 41 ;
  INPUT ---        7 8 9 10 11 12 13 14 15 16 17 18 19 20 21 22 23 24 25 26 
  INPUT ---       27 28 29 30 31 32 33 34 35 36 37 38 39 40 41 ;
  INPUT ---        8 9 10 11 12 13 14 15 16 17 18 19 20 21 22 23 24 25 26 27 
  INPUT ---       28 29 30 31 32 33 34 35 36 37 38 39 40 41 ;
  INPUT ---        9 10 11 12 13 14 15 16 17 18 19 20 21 22 23 24 25 26 27 28 
  INPUT ---       29 30 31 32 33 34 35 36 37 38 39 40 41 ;
  INPUT ---        10 11 12 13 14 15 16 17 18 19 20 21 22 23 24 25 26 27 28 

  Program  MARK  - Survival Rate Estimation with Capture-Recapture Data
   gfortran(Win64) Vers. 8.2 Mar 2017   10-Apr-2017 10:07:46    Page  004
 - - - - - - - - - - - - - - - - - - - - - - - - - - - - - - - - - - - - - -
 
  INPUT ---       29 30 31 32 33 34 35 36 37 38 39 40 41 ;
  INPUT ---        11 12 13 14 15 16 17 18 19 20 21 22 23 24 25 26 27 28 29 
  INPUT ---       30 31 32 33 34 35 36 37 38 39 40 41 ;
  INPUT ---        12 13 14 15 16 17 18 19 20 21 22 23 24 25 26 27 28 29 30 
  INPUT ---       31 32 33 34 35 36 37 38 39 40 41 ;
  INPUT ---        13 14 15 16 17 18 19 20 21 22 23 24 25 26 27 28 29 30 31 
  INPUT ---       32 33 34 35 36 37 38 39 40 41 ;
  INPUT ---        14 15 16 17 18 19 20 21 22 23 24 25 26 27 28 29 30 31 32 
  INPUT ---       33 34 35 36 37 38 39 40 41 ;
  INPUT ---        15 16 17 18 19 20 21 22 23 24 25 26 27 28 29 30 31 32 33 
  INPUT ---       34 35 36 37 38 39 40 41 ;
  INPUT ---        16 17 18 19 20 21 22 23 24 25 26 27 28 29 30 31 32 33 34 
  INPUT ---       35 36 37 38 39 40 41 ;
  INPUT ---        17 18 19 20 21 22 23 24 25 26 27 28 29 30 31 32 33 34 35 
  INPUT ---       36 37 38 39 40 41 ;
  INPUT ---        18 19 20 21 22 23 24 25 26 27 28 29 30 31 32 33 34 35 36 
  INPUT ---       37 38 39 40 41 ;
  INPUT ---        19 20 21 22 23 24 25 26 27 28 29 30 31 32 33 34 35 36 37 
  INPUT ---       38 39 40 41 ;
  INPUT ---        20 21 22 23 24 25 26 27 28 29 30 31 32 33 34 35 36 37 38 
  INPUT ---       39 40 41 ;
  INPUT ---        21 22 23 24 25 26 27 28 29 30 31 32 33 34 35 36 37 38 39 
  INPUT ---       40 41 ;
  INPUT ---        22 23 24 25 26 27 28 29 30 31 32 33 34 35 36 37 38 39 40 
  INPUT ---       41 ;
  INPUT ---        23 24 25 26 27 28 29 30 31 32 33 34 35 36 37 38 39 40 41 ;
  INPUT ---        24 25 26 27 28 29 30 31 32 33 34 35 36 37 38 39 40 41 ;
  INPUT ---        25 26 27 28 29 30 31 32 33 34 35 36 37 38 39 40 41 ;
  INPUT ---        26 27 28 29 30 31 32 33 34 35 36 37 38 39 40 41 ;
  INPUT ---        27 28 29 30 31 32 33 34 35 36 37 38 39 40 41 ;
  INPUT ---        28 29 30 31 32 33 34 35 36 37 38 39 40 41 ;
  INPUT ---        29 30 31 32 33 34 35 36 37 38 39 40 41 ;
  INPUT ---        30 31 32 33 34 35 36 37 38 39 40 41 ;
  INPUT ---        31 32 33 34 35 36 37 38 39 40 41 ;
  INPUT ---        32 33 34 35 36 37 38 39 40 41 ;
  INPUT ---        33 34 35 36 37 38 39 40 41 ;
  INPUT ---        34 35 36 37 38 39 40 41 ;
  INPUT ---        35 36 37 38 39 40 41 ;
  INPUT ---        36 37 38 39 40 41 ;
  INPUT ---        37 38 39 40 41 ;
  INPUT ---        38 39 40 41 ;
  INPUT ---        39 40 41 ;
  INPUT ---        40 41 ;
  INPUT ---        41 ;

  INPUT ---    group=1 p    rows=41 cols=41 Triang ;

  Program  MARK  - Survival Rate Estimation with Capture-Recapture Data
   gfortran(Win64) Vers. 8.2 Mar 2017   10-Apr-2017 10:07:46    Page  005
 - - - - - - - - - - - - - - - - - - - - - - - - - - - - - - - - - - - - - -
 
  INPUT ---        42 43 44 45 46 47 48 49 50 51 52 53 54 55 56 57 58 59 60 
  INPUT ---       61 62 63 64 65 66 67 68 69 70 71 72 73 74 75 76 77 78 79 80 
  INPUT ---       81 82 ;
  INPUT ---        43 44 45 46 47 48 49 50 51 52 53 54 55 56 57 58 59 60 61 
  INPUT ---       62 63 64 65 66 67 68 69 70 71 72 73 74 75 76 77 78 79 80 81 
  INPUT ---       82 ;
  INPUT ---        44 45 46 47 48 49 50 51 52 53 54 55 56 57 58 59 60 61 62 
  INPUT ---       63 64 65 66 67 68 69 70 71 72 73 74 75 76 77 78 79 80 81 82 
  INPUT ---       ;
  INPUT ---        45 46 47 48 49 50 51 52 53 54 55 56 57 58 59 60 61 62 63 
  INPUT ---       64 65 66 67 68 69 70 71 72 73 74 75 76 77 78 79 80 81 82 ;
  INPUT ---        46 47 48 49 50 51 52 53 54 55 56 57 58 59 60 61 62 63 64 
  INPUT ---       65 66 67 68 69 70 71 72 73 74 75 76 77 78 79 80 81 82 ;
  INPUT ---        47 48 49 50 51 52 53 54 55 56 57 58 59 60 61 62 63 64 65 
  INPUT ---       66 67 68 69 70 71 72 73 74 75 76 77 78 79 80 81 82 ;
  INPUT ---        48 49 50 51 52 53 54 55 56 57 58 59 60 61 62 63 64 65 66 
  INPUT ---       67 68 69 70 71 72 73 74 75 76 77 78 79 80 81 82 ;
  INPUT ---        49 50 51 52 53 54 55 56 57 58 59 60 61 62 63 64 65 66 67 
  INPUT ---       68 69 70 71 72 73 74 75 76 77 78 79 80 81 82 ;
  INPUT ---        50 51 52 53 54 55 56 57 58 59 60 61 62 63 64 65 66 67 68 
  INPUT ---       69 70 71 72 73 74 75 76 77 78 79 80 81 82 ;
  INPUT ---        51 52 53 54 55 56 57 58 59 60 61 62 63 64 65 66 67 68 69 
  INPUT ---       70 71 72 73 74 75 76 77 78 79 80 81 82 ;
  INPUT ---        52 53 54 55 56 57 58 59 60 61 62 63 64 65 66 67 68 69 70 
  INPUT ---       71 72 73 74 75 76 77 78 79 80 81 82 ;
  INPUT ---        53 54 55 56 57 58 59 60 61 62 63 64 65 66 67 68 69 70 71 
  INPUT ---       72 73 74 75 76 77 78 79 80 81 82 ;
  INPUT ---        54 55 56 57 58 59 60 61 62 63 64 65 66 67 68 69 70 71 72 
  INPUT ---       73 74 75 76 77 78 79 80 81 82 ;
  INPUT ---        55 56 57 58 59 60 61 62 63 64 65 66 67 68 69 70 71 72 73 
  INPUT ---       74 75 76 77 78 79 80 81 82 ;
  INPUT ---        56 57 58 59 60 61 62 63 64 65 66 67 68 69 70 71 72 73 74 
  INPUT ---       75 76 77 78 79 80 81 82 ;
  INPUT ---        57 58 59 60 61 62 63 64 65 66 67 68 69 70 71 72 73 74 75 
  INPUT ---       76 77 78 79 80 81 82 ;
  INPUT ---        58 59 60 61 62 63 64 65 66 67 68 69 70 71 72 73 74 75 76 
  INPUT ---       77 78 79 80 81 82 ;
  INPUT ---        59 60 61 62 63 64 65 66 67 68 69 70 71 72 73 74 75 76 77 
  INPUT ---       78 79 80 81 82 ;
  INPUT ---        60 61 62 63 64 65 66 67 68 69 70 71 72 73 74 75 76 77 78 
  INPUT ---       79 80 81 82 ;
  INPUT ---        61 62 63 64 65 66 67 68 69 70 71 72 73 74 75 76 77 78 79 
  INPUT ---       80 81 82 ;
  INPUT ---        62 63 64 65 66 67 68 69 70 71 72 73 74 75 76 77 78 79 80 
  INPUT ---       81 82 ;
  INPUT ---        63 64 65 66 67 68 69 70 71 72 73 74 75 76 77 78 79 80 81 

  Program  MARK  - Survival Rate Estimation with Capture-Recapture Data
   gfortran(Win64) Vers. 8.2 Mar 2017   10-Apr-2017 10:07:46    Page  006
 - - - - - - - - - - - - - - - - - - - - - - - - - - - - - - - - - - - - - -
 
  INPUT ---       82 ;
  INPUT ---        64 65 66 67 68 69 70 71 72 73 74 75 76 77 78 79 80 81 82 ;
  INPUT ---        65 66 67 68 69 70 71 72 73 74 75 76 77 78 79 80 81 82 ;
  INPUT ---        66 67 68 69 70 71 72 73 74 75 76 77 78 79 80 81 82 ;
  INPUT ---        67 68 69 70 71 72 73 74 75 76 77 78 79 80 81 82 ;
  INPUT ---        68 69 70 71 72 73 74 75 76 77 78 79 80 81 82 ;
  INPUT ---        69 70 71 72 73 74 75 76 77 78 79 80 81 82 ;
  INPUT ---        70 71 72 73 74 75 76 77 78 79 80 81 82 ;
  INPUT ---        71 72 73 74 75 76 77 78 79 80 81 82 ;
  INPUT ---        72 73 74 75 76 77 78 79 80 81 82 ;
  INPUT ---        73 74 75 76 77 78 79 80 81 82 ;
  INPUT ---        74 75 76 77 78 79 80 81 82 ;
  INPUT ---        75 76 77 78 79 80 81 82 ;
  INPUT ---        76 77 78 79 80 81 82 ;
  INPUT ---        77 78 79 80 81 82 ;
  INPUT ---        78 79 80 81 82 ;
  INPUT ---        79 80 81 82 ;
  INPUT ---        80 81 82 ;
  INPUT ---        81 82 ;
  INPUT ---        82 ;

  INPUT ---    group=2 p    rows=41 cols=41 Triang ;
  INPUT ---        42 43 44 45 46 47 48 49 50 51 52 53 54 55 56 57 58 59 60 
  INPUT ---       61 62 63 64 65 66 67 68 69 70 71 72 73 74 75 76 77 78 79 80 
  INPUT ---       81 82 ;
  INPUT ---        43 44 45 46 47 48 49 50 51 52 53 54 55 56 57 58 59 60 61 
  INPUT ---       62 63 64 65 66 67 68 69 70 71 72 73 74 75 76 77 78 79 80 81 
  INPUT ---       82 ;
  INPUT ---        44 45 46 47 48 49 50 51 52 53 54 55 56 57 58 59 60 61 62 
  INPUT ---       63 64 65 66 67 68 69 70 71 72 73 74 75 76 77 78 79 80 81 82 
  INPUT ---       ;
  INPUT ---        45 46 47 48 49 50 51 52 53 54 55 56 57 58 59 60 61 62 63 
  INPUT ---       64 65 66 67 68 69 70 71 72 73 74 75 76 77 78 79 80 81 82 ;
  INPUT ---        46 47 48 49 50 51 52 53 54 55 56 57 58 59 60 61 62 63 64 
  INPUT ---       65 66 67 68 69 70 71 72 73 74 75 76 77 78 79 80 81 82 ;
  INPUT ---        47 48 49 50 51 52 53 54 55 56 57 58 59 60 61 62 63 64 65 
  INPUT ---       66 67 68 69 70 71 72 73 74 75 76 77 78 79 80 81 82 ;
  INPUT ---        48 49 50 51 52 53 54 55 56 57 58 59 60 61 62 63 64 65 66 
  INPUT ---       67 68 69 70 71 72 73 74 75 76 77 78 79 80 81 82 ;
  INPUT ---        49 50 51 52 53 54 55 56 57 58 59 60 61 62 63 64 65 66 67 
  INPUT ---       68 69 70 71 72 73 74 75 76 77 78 79 80 81 82 ;
  INPUT ---        50 51 52 53 54 55 56 57 58 59 60 61 62 63 64 65 66 67 68 
  INPUT ---       69 70 71 72 73 74 75 76 77 78 79 80 81 82 ;
  INPUT ---        51 52 53 54 55 56 57 58 59 60 61 62 63 64 65 66 67 68 69 
  INPUT ---       70 71 72 73 74 75 76 77 78 79 80 81 82 ;
  INPUT ---        52 53 54 55 56 57 58 59 60 61 62 63 64 65 66 67 68 69 70 

  Program  MARK  - Survival Rate Estimation with Capture-Recapture Data
   gfortran(Win64) Vers. 8.2 Mar 2017   10-Apr-2017 10:07:46    Page  007
 - - - - - - - - - - - - - - - - - - - - - - - - - - - - - - - - - - - - - -
 
  INPUT ---       71 72 73 74 75 76 77 78 79 80 81 82 ;
  INPUT ---        53 54 55 56 57 58 59 60 61 62 63 64 65 66 67 68 69 70 71 
  INPUT ---       72 73 74 75 76 77 78 79 80 81 82 ;
  INPUT ---        54 55 56 57 58 59 60 61 62 63 64 65 66 67 68 69 70 71 72 
  INPUT ---       73 74 75 76 77 78 79 80 81 82 ;
  INPUT ---        55 56 57 58 59 60 61 62 63 64 65 66 67 68 69 70 71 72 73 
  INPUT ---       74 75 76 77 78 79 80 81 82 ;
  INPUT ---        56 57 58 59 60 61 62 63 64 65 66 67 68 69 70 71 72 73 74 
  INPUT ---       75 76 77 78 79 80 81 82 ;
  INPUT ---        57 58 59 60 61 62 63 64 65 66 67 68 69 70 71 72 73 74 75 
  INPUT ---       76 77 78 79 80 81 82 ;
  INPUT ---        58 59 60 61 62 63 64 65 66 67 68 69 70 71 72 73 74 75 76 
  INPUT ---       77 78 79 80 81 82 ;
  INPUT ---        59 60 61 62 63 64 65 66 67 68 69 70 71 72 73 74 75 76 77 
  INPUT ---       78 79 80 81 82 ;
  INPUT ---        60 61 62 63 64 65 66 67 68 69 70 71 72 73 74 75 76 77 78 
  INPUT ---       79 80 81 82 ;
  INPUT ---        61 62 63 64 65 66 67 68 69 70 71 72 73 74 75 76 77 78 79 
  INPUT ---       80 81 82 ;
  INPUT ---        62 63 64 65 66 67 68 69 70 71 72 73 74 75 76 77 78 79 80 
  INPUT ---       81 82 ;
  INPUT ---        63 64 65 66 67 68 69 70 71 72 73 74 75 76 77 78 79 80 81 
  INPUT ---       82 ;
  INPUT ---        64 65 66 67 68 69 70 71 72 73 74 75 76 77 78 79 80 81 82 ;
  INPUT ---        65 66 67 68 69 70 71 72 73 74 75 76 77 78 79 80 81 82 ;
  INPUT ---        66 67 68 69 70 71 72 73 74 75 76 77 78 79 80 81 82 ;
  INPUT ---        67 68 69 70 71 72 73 74 75 76 77 78 79 80 81 82 ;
  INPUT ---        68 69 70 71 72 73 74 75 76 77 78 79 80 81 82 ;
  INPUT ---        69 70 71 72 73 74 75 76 77 78 79 80 81 82 ;
  INPUT ---        70 71 72 73 74 75 76 77 78 79 80 81 82 ;
  INPUT ---        71 72 73 74 75 76 77 78 79 80 81 82 ;
  INPUT ---        72 73 74 75 76 77 78 79 80 81 82 ;
  INPUT ---        73 74 75 76 77 78 79 80 81 82 ;
  INPUT ---        74 75 76 77 78 79 80 81 82 ;
  INPUT ---        75 76 77 78 79 80 81 82 ;
  INPUT ---        76 77 78 79 80 81 82 ;
  INPUT ---        77 78 79 80 81 82 ;
  INPUT ---        78 79 80 81 82 ;
  INPUT ---        79 80 81 82 ;
  INPUT ---        80 81 82 ;
  INPUT ---        81 82 ;
  INPUT ---        82 ;

  INPUT ---    design matrix constraints=82 covariates=43;
  INPUT ---        1 0 0 0 0 0 0 0 0 0 0 0 0 0 0 0 0 0 0 0 0 0 0 0 0 0 0 0 0 
  INPUT ---       0 0 0 0 0 0 0 0 0 0 0 0 0 0;

  Program  MARK  - Survival Rate Estimation with Capture-Recapture Data
   gfortran(Win64) Vers. 8.2 Mar 2017   10-Apr-2017 10:07:46    Page  008
 - - - - - - - - - - - - - - - - - - - - - - - - - - - - - - - - - - - - - -
 
  INPUT ---        1 1 0 0 0 0 0 0 0 0 0 0 0 0 0 0 0 0 0 0 0 0 0 0 0 0 0 0 0 
  INPUT ---       0 0 0 0 0 0 0 0 0 0 0 0 0 0;
  INPUT ---        1 2 0 0 0 0 0 0 0 0 0 0 0 0 0 0 0 0 0 0 0 0 0 0 0 0 0 0 0 
  INPUT ---       0 0 0 0 0 0 0 0 0 0 0 0 0 0;
  INPUT ---        1 3 0 0 0 0 0 0 0 0 0 0 0 0 0 0 0 0 0 0 0 0 0 0 0 0 0 0 0 
  INPUT ---       0 0 0 0 0 0 0 0 0 0 0 0 0 0;
  INPUT ---        1 4 0 0 0 0 0 0 0 0 0 0 0 0 0 0 0 0 0 0 0 0 0 0 0 0 0 0 0 
  INPUT ---       0 0 0 0 0 0 0 0 0 0 0 0 0 0;
  INPUT ---        1 5 0 0 0 0 0 0 0 0 0 0 0 0 0 0 0 0 0 0 0 0 0 0 0 0 0 0 0 
  INPUT ---       0 0 0 0 0 0 0 0 0 0 0 0 0 0;
  INPUT ---        1 6 0 0 0 0 0 0 0 0 0 0 0 0 0 0 0 0 0 0 0 0 0 0 0 0 0 0 0 
  INPUT ---       0 0 0 0 0 0 0 0 0 0 0 0 0 0;
  INPUT ---        1 7 0 0 0 0 0 0 0 0 0 0 0 0 0 0 0 0 0 0 0 0 0 0 0 0 0 0 0 
  INPUT ---       0 0 0 0 0 0 0 0 0 0 0 0 0 0;
  INPUT ---        1 8 0 0 0 0 0 0 0 0 0 0 0 0 0 0 0 0 0 0 0 0 0 0 0 0 0 0 0 
  INPUT ---       0 0 0 0 0 0 0 0 0 0 0 0 0 0;
  INPUT ---        1 9 0 0 0 0 0 0 0 0 0 0 0 0 0 0 0 0 0 0 0 0 0 0 0 0 0 0 0 
  INPUT ---       0 0 0 0 0 0 0 0 0 0 0 0 0 0;
  INPUT ---        1 10 0 0 0 0 0 0 0 0 0 0 0 0 0 0 0 0 0 0 0 0 0 0 0 0 0 0 0 
  INPUT ---       0 0 0 0 0 0 0 0 0 0 0 0 0 0;
  INPUT ---        1 11 0 0 0 0 0 0 0 0 0 0 0 0 0 0 0 0 0 0 0 0 0 0 0 0 0 0 0 
  INPUT ---       0 0 0 0 0 0 0 0 0 0 0 0 0 0;
  INPUT ---        1 12 0 0 0 0 0 0 0 0 0 0 0 0 0 0 0 0 0 0 0 0 0 0 0 0 0 0 0 
  INPUT ---       0 0 0 0 0 0 0 0 0 0 0 0 0 0;
  INPUT ---        1 13 0 0 0 0 0 0 0 0 0 0 0 0 0 0 0 0 0 0 0 0 0 0 0 0 0 0 0 
  INPUT ---       0 0 0 0 0 0 0 0 0 0 0 0 0 0;
  INPUT ---        1 14 0 0 0 0 0 0 0 0 0 0 0 0 0 0 0 0 0 0 0 0 0 0 0 0 0 0 0 
  INPUT ---       0 0 0 0 0 0 0 0 0 0 0 0 0 0;
  INPUT ---        1 15 0 0 0 0 0 0 0 0 0 0 0 0 0 0 0 0 0 0 0 0 0 0 0 0 0 0 0 
  INPUT ---       0 0 0 0 0 0 0 0 0 0 0 0 0 0;
  INPUT ---        1 16 0 0 0 0 0 0 0 0 0 0 0 0 0 0 0 0 0 0 0 0 0 0 0 0 0 0 0 
  INPUT ---       0 0 0 0 0 0 0 0 0 0 0 0 0 0;
  INPUT ---        1 17 0 0 0 0 0 0 0 0 0 0 0 0 0 0 0 0 0 0 0 0 0 0 0 0 0 0 0 
  INPUT ---       0 0 0 0 0 0 0 0 0 0 0 0 0 0;
  INPUT ---        1 18 0 0 0 0 0 0 0 0 0 0 0 0 0 0 0 0 0 0 0 0 0 0 0 0 0 0 0 
  INPUT ---       0 0 0 0 0 0 0 0 0 0 0 0 0 0;
  INPUT ---        1 19 0 0 0 0 0 0 0 0 0 0 0 0 0 0 0 0 0 0 0 0 0 0 0 0 0 0 0 
  INPUT ---       0 0 0 0 0 0 0 0 0 0 0 0 0 0;
  INPUT ---        1 20 0 0 0 0 0 0 0 0 0 0 0 0 0 0 0 0 0 0 0 0 0 0 0 0 0 0 0 
  INPUT ---       0 0 0 0 0 0 0 0 0 0 0 0 0 0;
  INPUT ---        1 21 0 0 0 0 0 0 0 0 0 0 0 0 0 0 0 0 0 0 0 0 0 0 0 0 0 0 0 
  INPUT ---       0 0 0 0 0 0 0 0 0 0 0 0 0 0;
  INPUT ---        1 22 0 0 0 0 0 0 0 0 0 0 0 0 0 0 0 0 0 0 0 0 0 0 0 0 0 0 0 
  INPUT ---       0 0 0 0 0 0 0 0 0 0 0 0 0 0;
  INPUT ---        1 23 0 0 0 0 0 0 0 0 0 0 0 0 0 0 0 0 0 0 0 0 0 0 0 0 0 0 0 
  INPUT ---       0 0 0 0 0 0 0 0 0 0 0 0 0 0;

  Program  MARK  - Survival Rate Estimation with Capture-Recapture Data
   gfortran(Win64) Vers. 8.2 Mar 2017   10-Apr-2017 10:07:46    Page  009
 - - - - - - - - - - - - - - - - - - - - - - - - - - - - - - - - - - - - - -
 
  INPUT ---        1 24 0 0 0 0 0 0 0 0 0 0 0 0 0 0 0 0 0 0 0 0 0 0 0 0 0 0 0 
  INPUT ---       0 0 0 0 0 0 0 0 0 0 0 0 0 0;
  INPUT ---        1 25 0 0 0 0 0 0 0 0 0 0 0 0 0 0 0 0 0 0 0 0 0 0 0 0 0 0 0 
  INPUT ---       0 0 0 0 0 0 0 0 0 0 0 0 0 0;
  INPUT ---        1 26 0 0 0 0 0 0 0 0 0 0 0 0 0 0 0 0 0 0 0 0 0 0 0 0 0 0 0 
  INPUT ---       0 0 0 0 0 0 0 0 0 0 0 0 0 0;
  INPUT ---        1 27 0 0 0 0 0 0 0 0 0 0 0 0 0 0 0 0 0 0 0 0 0 0 0 0 0 0 0 
  INPUT ---       0 0 0 0 0 0 0 0 0 0 0 0 0 0;
  INPUT ---        1 28 0 0 0 0 0 0 0 0 0 0 0 0 0 0 0 0 0 0 0 0 0 0 0 0 0 0 0 
  INPUT ---       0 0 0 0 0 0 0 0 0 0 0 0 0 0;
  INPUT ---        1 29 0 0 0 0 0 0 0 0 0 0 0 0 0 0 0 0 0 0 0 0 0 0 0 0 0 0 0 
  INPUT ---       0 0 0 0 0 0 0 0 0 0 0 0 0 0;
  INPUT ---        1 30 0 0 0 0 0 0 0 0 0 0 0 0 0 0 0 0 0 0 0 0 0 0 0 0 0 0 0 
  INPUT ---       0 0 0 0 0 0 0 0 0 0 0 0 0 0;
  INPUT ---        1 31 0 0 0 0 0 0 0 0 0 0 0 0 0 0 0 0 0 0 0 0 0 0 0 0 0 0 0 
  INPUT ---       0 0 0 0 0 0 0 0 0 0 0 0 0 0;
  INPUT ---        1 32 0 0 0 0 0 0 0 0 0 0 0 0 0 0 0 0 0 0 0 0 0 0 0 0 0 0 0 
  INPUT ---       0 0 0 0 0 0 0 0 0 0 0 0 0 0;
  INPUT ---        1 33 0 0 0 0 0 0 0 0 0 0 0 0 0 0 0 0 0 0 0 0 0 0 0 0 0 0 0 
  INPUT ---       0 0 0 0 0 0 0 0 0 0 0 0 0 0;
  INPUT ---        1 34 0 0 0 0 0 0 0 0 0 0 0 0 0 0 0 0 0 0 0 0 0 0 0 0 0 0 0 
  INPUT ---       0 0 0 0 0 0 0 0 0 0 0 0 0 0;
  INPUT ---        1 35 0 0 0 0 0 0 0 0 0 0 0 0 0 0 0 0 0 0 0 0 0 0 0 0 0 0 0 
  INPUT ---       0 0 0 0 0 0 0 0 0 0 0 0 0 0;
  INPUT ---        1 36 0 0 0 0 0 0 0 0 0 0 0 0 0 0 0 0 0 0 0 0 0 0 0 0 0 0 0 
  INPUT ---       0 0 0 0 0 0 0 0 0 0 0 0 0 0;
  INPUT ---        1 37 0 0 0 0 0 0 0 0 0 0 0 0 0 0 0 0 0 0 0 0 0 0 0 0 0 0 0 
  INPUT ---       0 0 0 0 0 0 0 0 0 0 0 0 0 0;
  INPUT ---        1 38 0 0 0 0 0 0 0 0 0 0 0 0 0 0 0 0 0 0 0 0 0 0 0 0 0 0 0 
  INPUT ---       0 0 0 0 0 0 0 0 0 0 0 0 0 0;
  INPUT ---        1 39 0 0 0 0 0 0 0 0 0 0 0 0 0 0 0 0 0 0 0 0 0 0 0 0 0 0 0 
  INPUT ---       0 0 0 0 0 0 0 0 0 0 0 0 0 0;
  INPUT ---        1 40 0 0 0 0 0 0 0 0 0 0 0 0 0 0 0 0 0 0 0 0 0 0 0 0 0 0 0 
  INPUT ---       0 0 0 0 0 0 0 0 0 0 0 0 0 0;
  INPUT ---        0 0 1 0 0 0 0 0 0 0 0 0 0 0 0 0 0 0 0 0 0 0 0 0 0 0 0 0 0 
  INPUT ---       0 0 0 0 0 0 0 0 0 0 0 0 0 0;
  INPUT ---        0 0 1 1 0 0 0 0 0 0 0 0 0 0 0 0 0 0 0 0 0 0 0 0 0 0 0 0 0 
  INPUT ---       0 0 0 0 0 0 0 0 0 0 0 0 0 0;
  INPUT ---        0 0 1 0 1 0 0 0 0 0 0 0 0 0 0 0 0 0 0 0 0 0 0 0 0 0 0 0 0 
  INPUT ---       0 0 0 0 0 0 0 0 0 0 0 0 0 0;
  INPUT ---        0 0 1 0 0 1 0 0 0 0 0 0 0 0 0 0 0 0 0 0 0 0 0 0 0 0 0 0 0 
  INPUT ---       0 0 0 0 0 0 0 0 0 0 0 0 0 0;
  INPUT ---        0 0 1 0 0 0 1 0 0 0 0 0 0 0 0 0 0 0 0 0 0 0 0 0 0 0 0 0 0 
  INPUT ---       0 0 0 0 0 0 0 0 0 0 0 0 0 0;
  INPUT ---        0 0 1 0 0 0 0 1 0 0 0 0 0 0 0 0 0 0 0 0 0 0 0 0 0 0 0 0 0 
  INPUT ---       0 0 0 0 0 0 0 0 0 0 0 0 0 0;

  Program  MARK  - Survival Rate Estimation with Capture-Recapture Data
   gfortran(Win64) Vers. 8.2 Mar 2017   10-Apr-2017 10:07:46    Page  010
 - - - - - - - - - - - - - - - - - - - - - - - - - - - - - - - - - - - - - -
 
  INPUT ---        0 0 1 0 0 0 0 0 1 0 0 0 0 0 0 0 0 0 0 0 0 0 0 0 0 0 0 0 0 
  INPUT ---       0 0 0 0 0 0 0 0 0 0 0 0 0 0;
  INPUT ---        0 0 1 0 0 0 0 0 0 1 0 0 0 0 0 0 0 0 0 0 0 0 0 0 0 0 0 0 0 
  INPUT ---       0 0 0 0 0 0 0 0 0 0 0 0 0 0;
  INPUT ---        0 0 1 0 0 0 0 0 0 0 1 0 0 0 0 0 0 0 0 0 0 0 0 0 0 0 0 0 0 
  INPUT ---       0 0 0 0 0 0 0 0 0 0 0 0 0 0;
  INPUT ---        0 0 1 0 0 0 0 0 0 0 0 1 0 0 0 0 0 0 0 0 0 0 0 0 0 0 0 0 0 
  INPUT ---       0 0 0 0 0 0 0 0 0 0 0 0 0 0;
  INPUT ---        0 0 1 0 0 0 0 0 0 0 0 0 1 0 0 0 0 0 0 0 0 0 0 0 0 0 0 0 0 
  INPUT ---       0 0 0 0 0 0 0 0 0 0 0 0 0 0;
  INPUT ---        0 0 1 0 0 0 0 0 0 0 0 0 0 1 0 0 0 0 0 0 0 0 0 0 0 0 0 0 0 
  INPUT ---       0 0 0 0 0 0 0 0 0 0 0 0 0 0;
  INPUT ---        0 0 1 0 0 0 0 0 0 0 0 0 0 0 1 0 0 0 0 0 0 0 0 0 0 0 0 0 0 
  INPUT ---       0 0 0 0 0 0 0 0 0 0 0 0 0 0;
  INPUT ---        0 0 1 0 0 0 0 0 0 0 0 0 0 0 0 1 0 0 0 0 0 0 0 0 0 0 0 0 0 
  INPUT ---       0 0 0 0 0 0 0 0 0 0 0 0 0 0;
  INPUT ---        0 0 1 0 0 0 0 0 0 0 0 0 0 0 0 0 1 0 0 0 0 0 0 0 0 0 0 0 0 
  INPUT ---       0 0 0 0 0 0 0 0 0 0 0 0 0 0;
  INPUT ---        0 0 1 0 0 0 0 0 0 0 0 0 0 0 0 0 0 1 0 0 0 0 0 0 0 0 0 0 0 
  INPUT ---       0 0 0 0 0 0 0 0 0 0 0 0 0 0;
  INPUT ---        0 0 1 0 0 0 0 0 0 0 0 0 0 0 0 0 0 0 1 0 0 0 0 0 0 0 0 0 0 
  INPUT ---       0 0 0 0 0 0 0 0 0 0 0 0 0 0;
  INPUT ---        0 0 1 0 0 0 0 0 0 0 0 0 0 0 0 0 0 0 0 1 0 0 0 0 0 0 0 0 0 
  INPUT ---       0 0 0 0 0 0 0 0 0 0 0 0 0 0;
  INPUT ---        0 0 1 0 0 0 0 0 0 0 0 0 0 0 0 0 0 0 0 0 1 0 0 0 0 0 0 0 0 
  INPUT ---       0 0 0 0 0 0 0 0 0 0 0 0 0 0;
  INPUT ---        0 0 1 0 0 0 0 0 0 0 0 0 0 0 0 0 0 0 0 0 0 1 0 0 0 0 0 0 0 
  INPUT ---       0 0 0 0 0 0 0 0 0 0 0 0 0 0;
  INPUT ---        0 0 1 0 0 0 0 0 0 0 0 0 0 0 0 0 0 0 0 0 0 0 1 0 0 0 0 0 0 
  INPUT ---       0 0 0 0 0 0 0 0 0 0 0 0 0 0;
  INPUT ---        0 0 1 0 0 0 0 0 0 0 0 0 0 0 0 0 0 0 0 0 0 0 0 1 0 0 0 0 0 
  INPUT ---       0 0 0 0 0 0 0 0 0 0 0 0 0 0;
  INPUT ---        0 0 1 0 0 0 0 0 0 0 0 0 0 0 0 0 0 0 0 0 0 0 0 0 1 0 0 0 0 
  INPUT ---       0 0 0 0 0 0 0 0 0 0 0 0 0 0;
  INPUT ---        0 0 1 0 0 0 0 0 0 0 0 0 0 0 0 0 0 0 0 0 0 0 0 0 0 1 0 0 0 
  INPUT ---       0 0 0 0 0 0 0 0 0 0 0 0 0 0;
  INPUT ---        0 0 1 0 0 0 0 0 0 0 0 0 0 0 0 0 0 0 0 0 0 0 0 0 0 0 1 0 0 
  INPUT ---       0 0 0 0 0 0 0 0 0 0 0 0 0 0;
  INPUT ---        0 0 1 0 0 0 0 0 0 0 0 0 0 0 0 0 0 0 0 0 0 0 0 0 0 0 0 1 0 
  INPUT ---       0 0 0 0 0 0 0 0 0 0 0 0 0 0;
  INPUT ---        0 0 1 0 0 0 0 0 0 0 0 0 0 0 0 0 0 0 0 0 0 0 0 0 0 0 0 0 1 
  INPUT ---       0 0 0 0 0 0 0 0 0 0 0 0 0 0;
  INPUT ---        0 0 1 0 0 0 0 0 0 0 0 0 0 0 0 0 0 0 0 0 0 0 0 0 0 0 0 0 0 
  INPUT ---       1 0 0 0 0 0 0 0 0 0 0 0 0 0;
  INPUT ---        0 0 1 0 0 0 0 0 0 0 0 0 0 0 0 0 0 0 0 0 0 0 0 0 0 0 0 0 0 
  INPUT ---       0 1 0 0 0 0 0 0 0 0 0 0 0 0;

  Program  MARK  - Survival Rate Estimation with Capture-Recapture Data
   gfortran(Win64) Vers. 8.2 Mar 2017   10-Apr-2017 10:07:46    Page  011
 - - - - - - - - - - - - - - - - - - - - - - - - - - - - - - - - - - - - - -
 
  INPUT ---        0 0 1 0 0 0 0 0 0 0 0 0 0 0 0 0 0 0 0 0 0 0 0 0 0 0 0 0 0 
  INPUT ---       0 0 1 0 0 0 0 0 0 0 0 0 0 0;
  INPUT ---        0 0 1 0 0 0 0 0 0 0 0 0 0 0 0 0 0 0 0 0 0 0 0 0 0 0 0 0 0 
  INPUT ---       0 0 0 1 0 0 0 0 0 0 0 0 0 0;
  INPUT ---        0 0 1 0 0 0 0 0 0 0 0 0 0 0 0 0 0 0 0 0 0 0 0 0 0 0 0 0 0 
  INPUT ---       0 0 0 0 1 0 0 0 0 0 0 0 0 0;
  INPUT ---        0 0 1 0 0 0 0 0 0 0 0 0 0 0 0 0 0 0 0 0 0 0 0 0 0 0 0 0 0 
  INPUT ---       0 0 0 0 0 1 0 0 0 0 0 0 0 0;
  INPUT ---        0 0 1 0 0 0 0 0 0 0 0 0 0 0 0 0 0 0 0 0 0 0 0 0 0 0 0 0 0 
  INPUT ---       0 0 0 0 0 0 1 0 0 0 0 0 0 0;
  INPUT ---        0 0 1 0 0 0 0 0 0 0 0 0 0 0 0 0 0 0 0 0 0 0 0 0 0 0 0 0 0 
  INPUT ---       0 0 0 0 0 0 0 1 0 0 0 0 0 0;
  INPUT ---        0 0 1 0 0 0 0 0 0 0 0 0 0 0 0 0 0 0 0 0 0 0 0 0 0 0 0 0 0 
  INPUT ---       0 0 0 0 0 0 0 0 1 0 0 0 0 0;
  INPUT ---        0 0 1 0 0 0 0 0 0 0 0 0 0 0 0 0 0 0 0 0 0 0 0 0 0 0 0 0 0 
  INPUT ---       0 0 0 0 0 0 0 0 0 1 0 0 0 0;
  INPUT ---        0 0 1 0 0 0 0 0 0 0 0 0 0 0 0 0 0 0 0 0 0 0 0 0 0 0 0 0 0 
  INPUT ---       0 0 0 0 0 0 0 0 0 0 1 0 0 0;
  INPUT ---        0 0 1 0 0 0 0 0 0 0 0 0 0 0 0 0 0 0 0 0 0 0 0 0 0 0 0 0 0 
  INPUT ---       0 0 0 0 0 0 0 0 0 0 0 1 0 0;
  INPUT ---        0 0 1 0 0 0 0 0 0 0 0 0 0 0 0 0 0 0 0 0 0 0 0 0 0 0 0 0 0 
  INPUT ---       0 0 0 0 0 0 0 0 0 0 0 0 1 0;
  INPUT ---        0 0 1 0 0 0 0 0 0 0 0 0 0 0 0 0 0 0 0 0 0 0 0 0 0 0 0 0 0 
  INPUT ---       0 0 0 0 0 0 0 0 0 0 0 0 0 1;
  INPUT ---       blabel(1)=Phi:(Intercept);
  INPUT ---       blabel(2)=Phi:Time;
  INPUT ---       blabel(3)=p:(Intercept);
  INPUT ---       blabel(4)=p:time1977;
  INPUT ---       blabel(5)=p:time1978;
  INPUT ---       blabel(6)=p:time1979;
  INPUT ---       blabel(7)=p:time1980;
  INPUT ---       blabel(8)=p:time1981;
  INPUT ---       blabel(9)=p:time1982;
  INPUT ---       blabel(10)=p:time1983;
  INPUT ---       blabel(11)=p:time1984;
  INPUT ---       blabel(12)=p:time1985;
  INPUT ---       blabel(13)=p:time1986;
  INPUT ---       blabel(14)=p:time1987;
  INPUT ---       blabel(15)=p:time1988;
  INPUT ---       blabel(16)=p:time1989;
  INPUT ---       blabel(17)=p:time1990;
  INPUT ---       blabel(18)=p:time1991;
  INPUT ---       blabel(19)=p:time1992;
  INPUT ---       blabel(20)=p:time1993;
  INPUT ---       blabel(21)=p:time1994;
  INPUT ---       blabel(22)=p:time1995;

  Program  MARK  - Survival Rate Estimation with Capture-Recapture Data
   gfortran(Win64) Vers. 8.2 Mar 2017   10-Apr-2017 10:07:46    Page  012
 - - - - - - - - - - - - - - - - - - - - - - - - - - - - - - - - - - - - - -
 
  INPUT ---       blabel(23)=p:time1996;
  INPUT ---       blabel(24)=p:time1997;
  INPUT ---       blabel(25)=p:time1998;
  INPUT ---       blabel(26)=p:time1999;
  INPUT ---       blabel(27)=p:time2000;
  INPUT ---       blabel(28)=p:time2001;
  INPUT ---       blabel(29)=p:time2002;
  INPUT ---       blabel(30)=p:time2003;
  INPUT ---       blabel(31)=p:time2004;
  INPUT ---       blabel(32)=p:time2005;
  INPUT ---       blabel(33)=p:time2006;
  INPUT ---       blabel(34)=p:time2007;
  INPUT ---       blabel(35)=p:time2008;
  INPUT ---       blabel(36)=p:time2009;
  INPUT ---       blabel(37)=p:time2010;
  INPUT ---       blabel(38)=p:time2011;
  INPUT ---       blabel(39)=p:time2012;
  INPUT ---       blabel(40)=p:time2013;
  INPUT ---       blabel(41)=p:time2014;
  INPUT ---       blabel(42)=p:time2015;
  INPUT ---       blabel(43)=p:time2016;
  INPUT ---       rlabel(1)=Phi g1 c1975 a1 t1975;
  INPUT ---       rlabel(2)=Phi g1 c1975 a2 t1976;
  INPUT ---       rlabel(3)=Phi g1 c1975 a3 t1977;
  INPUT ---       rlabel(4)=Phi g1 c1975 a4 t1978;
  INPUT ---       rlabel(5)=Phi g1 c1975 a5 t1979;
  INPUT ---       rlabel(6)=Phi g1 c1975 a6 t1980;
  INPUT ---       rlabel(7)=Phi g1 c1975 a7 t1981;
  INPUT ---       rlabel(8)=Phi g1 c1975 a8 t1982;
  INPUT ---       rlabel(9)=Phi g1 c1975 a9 t1983;
  INPUT ---       rlabel(10)=Phi g1 c1975 a10 t1984;
  INPUT ---       rlabel(11)=Phi g1 c1975 a11 t1985;
  INPUT ---       rlabel(12)=Phi g1 c1975 a12 t1986;
  INPUT ---       rlabel(13)=Phi g1 c1975 a13 t1987;
  INPUT ---       rlabel(14)=Phi g1 c1975 a14 t1988;
  INPUT ---       rlabel(15)=Phi g1 c1975 a15 t1989;
  INPUT ---       rlabel(16)=Phi g1 c1975 a16 t1990;
  INPUT ---       rlabel(17)=Phi g1 c1975 a17 t1991;
  INPUT ---       rlabel(18)=Phi g1 c1975 a18 t1992;
  INPUT ---       rlabel(19)=Phi g1 c1975 a19 t1993;
  INPUT ---       rlabel(20)=Phi g1 c1975 a20 t1994;
  INPUT ---       rlabel(21)=Phi g1 c1975 a21 t1995;
  INPUT ---       rlabel(22)=Phi g1 c1975 a22 t1996;
  INPUT ---       rlabel(23)=Phi g1 c1975 a23 t1997;
  INPUT ---       rlabel(24)=Phi g1 c1975 a24 t1998;
  INPUT ---       rlabel(25)=Phi g1 c1975 a25 t1999;

  Program  MARK  - Survival Rate Estimation with Capture-Recapture Data
   gfortran(Win64) Vers. 8.2 Mar 2017   10-Apr-2017 10:07:46    Page  013
 - - - - - - - - - - - - - - - - - - - - - - - - - - - - - - - - - - - - - -
 
  INPUT ---       rlabel(26)=Phi g1 c1975 a26 t2000;
  INPUT ---       rlabel(27)=Phi g1 c1975 a27 t2001;
  INPUT ---       rlabel(28)=Phi g1 c1975 a28 t2002;
  INPUT ---       rlabel(29)=Phi g1 c1975 a29 t2003;
  INPUT ---       rlabel(30)=Phi g1 c1975 a30 t2004;
  INPUT ---       rlabel(31)=Phi g1 c1975 a31 t2005;
  INPUT ---       rlabel(32)=Phi g1 c1975 a32 t2006;
  INPUT ---       rlabel(33)=Phi g1 c1975 a33 t2007;
  INPUT ---       rlabel(34)=Phi g1 c1975 a34 t2008;
  INPUT ---       rlabel(35)=Phi g1 c1975 a35 t2009;
  INPUT ---       rlabel(36)=Phi g1 c1975 a36 t2010;
  INPUT ---       rlabel(37)=Phi g1 c1975 a37 t2011;
  INPUT ---       rlabel(38)=Phi g1 c1975 a38 t2012;
  INPUT ---       rlabel(39)=Phi g1 c1975 a39 t2013;
  INPUT ---       rlabel(40)=Phi g1 c1975 a40 t2014;
  INPUT ---       rlabel(41)=Phi g1 c1975 a41 t2015;
  INPUT ---       rlabel(42)=p g1 c1975 a2 t1976;
  INPUT ---       rlabel(43)=p g1 c1975 a3 t1977;
  INPUT ---       rlabel(44)=p g1 c1975 a4 t1978;
  INPUT ---       rlabel(45)=p g1 c1975 a5 t1979;
  INPUT ---       rlabel(46)=p g1 c1975 a6 t1980;
  INPUT ---       rlabel(47)=p g1 c1975 a7 t1981;
  INPUT ---       rlabel(48)=p g1 c1975 a8 t1982;
  INPUT ---       rlabel(49)=p g1 c1975 a9 t1983;
  INPUT ---       rlabel(50)=p g1 c1975 a10 t1984;
  INPUT ---       rlabel(51)=p g1 c1975 a11 t1985;
  INPUT ---       rlabel(52)=p g1 c1975 a12 t1986;
  INPUT ---       rlabel(53)=p g1 c1975 a13 t1987;
  INPUT ---       rlabel(54)=p g1 c1975 a14 t1988;
  INPUT ---       rlabel(55)=p g1 c1975 a15 t1989;
  INPUT ---       rlabel(56)=p g1 c1975 a16 t1990;
  INPUT ---       rlabel(57)=p g1 c1975 a17 t1991;
  INPUT ---       rlabel(58)=p g1 c1975 a18 t1992;
  INPUT ---       rlabel(59)=p g1 c1975 a19 t1993;
  INPUT ---       rlabel(60)=p g1 c1975 a20 t1994;
  INPUT ---       rlabel(61)=p g1 c1975 a21 t1995;
  INPUT ---       rlabel(62)=p g1 c1975 a22 t1996;
  INPUT ---       rlabel(63)=p g1 c1975 a23 t1997;
  INPUT ---       rlabel(64)=p g1 c1975 a24 t1998;
  INPUT ---       rlabel(65)=p g1 c1975 a25 t1999;
  INPUT ---       rlabel(66)=p g1 c1975 a26 t2000;
  INPUT ---       rlabel(67)=p g1 c1975 a27 t2001;
  INPUT ---       rlabel(68)=p g1 c1975 a28 t2002;
  INPUT ---       rlabel(69)=p g1 c1975 a29 t2003;
  INPUT ---       rlabel(70)=p g1 c1975 a30 t2004;
  INPUT ---       rlabel(71)=p g1 c1975 a31 t2005;

  Program  MARK  - Survival Rate Estimation with Capture-Recapture Data
   gfortran(Win64) Vers. 8.2 Mar 2017   10-Apr-2017 10:07:46    Page  014
 - - - - - - - - - - - - - - - - - - - - - - - - - - - - - - - - - - - - - -
 
  INPUT ---       rlabel(72)=p g1 c1975 a32 t2006;
  INPUT ---       rlabel(73)=p g1 c1975 a33 t2007;
  INPUT ---       rlabel(74)=p g1 c1975 a34 t2008;
  INPUT ---       rlabel(75)=p g1 c1975 a35 t2009;
  INPUT ---       rlabel(76)=p g1 c1975 a36 t2010;
  INPUT ---       rlabel(77)=p g1 c1975 a37 t2011;
  INPUT ---       rlabel(78)=p g1 c1975 a38 t2012;
  INPUT ---       rlabel(79)=p g1 c1975 a39 t2013;
  INPUT ---       rlabel(80)=p g1 c1975 a40 t2014;
  INPUT ---       rlabel(81)=p g1 c1975 a41 t2015;
  INPUT ---       rlabel(82)=p g1 c1975 a42 t2016;

 Link Function Used is LOGIT        

 Variance Estimation Procedure Used is 2ndPart 
 -2logL(saturated) = 5027.8626     
 Effective Sample Size = 4722

 Number of function evaluations was 78 for 43 parameters.
 Time for numerical optimization was 1.89 seconds.
 -2logL { Phi(~Time)p(~time) } = 6065.6983     
 Penalty { Phi(~Time)p(~time) } = -0.0000000    
 Gradient { Phi(~Time)p(~time) }:
 -0.6517233E-03 0.6954756E-03-0.2493950E-02  0.000000    -0.2421499E-03
  0.2867528E-03-0.2850566E-03 0.5300395E-04-0.8885863E-04-0.9988503E-04
 -0.2879256E-03-0.7914393E-03  0.000000     0.2621468E-03-0.2426504E-03
  0.2495751E-03 0.1629365E-03 0.4690462E-03-0.1096621E-03-0.5050887E-03
  0.3155121E-03-0.7275676E-03-0.6712764E-03-0.4131364E-03 0.2079356E-03
 -0.1319893E-03-0.2495291E-03 0.1171320E-02 0.3028793E-03-0.2625292E-03
  0.4675869E-03-0.4913291E-04 0.4778766E-03 0.1767508E-03-0.7645891E-03
 -0.2454290E-03  0.000000    -0.8647030E-04-0.1887056E-03 0.1210490E-03
 -0.2732018E-03-0.1785823E-03 0.5076795E-05
 S Vector { Phi(~Time)p(~time) }:
   1262.109      158.4404      34.56881      19.17195      18.80221    
   17.41766      16.62559      16.05458      14.92416      14.81973    
   13.66260      11.55951      10.22788      8.667706      7.863331    
   7.555357      6.874090      6.772275      6.400177      5.726731    
   5.318310      4.787646      4.156597      4.022265      3.849083    
   3.422449      3.398159      3.094175      2.960243      2.725791    
   2.641206      2.339005      2.190622      2.031334      1.891941    
   1.552507      1.164071     0.8693589     0.4220889E-01 0.1782393E-01
  0.5389881E-05 0.8973776E-06 0.3239868E-06
 Time to compute number of parameters was 1.69 seconds.
   Threshold =  0.8800000E-06     Condition index =  0.2567028E-09     New Threshold =  0.2124524E-05

  Program  MARK  - Survival Rate Estimation with Capture-Recapture Data
   gfortran(Win64) Vers. 8.2 Mar 2017   10-Apr-2017 10:07:48    Page  015
 - - - - - - - - - - - - - - - - - - - - - - - - - - - - - - - - - - - - - -
 
 New Guessimate of Estimated Parameters { Phi(~Time)p(~time) } = 40          
 Conditioned S Vector { Phi(~Time)p(~time) }:
   1.000000     0.1255363     0.2738973E-01 0.1519041E-01 0.1489745E-01
  0.1380044E-01 0.1317287E-01 0.1272044E-01 0.1182478E-01 0.1174204E-01
  0.1082522E-01 0.9158885E-02 0.8103802E-02 0.6867639E-02 0.6230312E-02
  0.5986297E-02 0.5446512E-02 0.5365841E-02 0.5071019E-02 0.4537431E-02
  0.4213829E-02 0.3793370E-02 0.3293375E-02 0.3186941E-02 0.3049724E-02
  0.2711691E-02 0.2692446E-02 0.2451592E-02 0.2345474E-02 0.2159712E-02
  0.2092693E-02 0.1853252E-02 0.1735684E-02 0.1609476E-02 0.1499032E-02
  0.1230090E-02 0.9223227E-03 0.6888146E-03 0.3344315E-04 0.1412234E-04
  0.4270537E-08 0.7110145E-09 0.2567028E-09
 Number of Estimated Parameters { Phi(~Time)p(~time) } = 40          
 DEVIANCE { Phi(~Time)p(~time) } = 1037.8358                     
 DEVIANCE Degrees of Freedom { Phi(~Time)p(~time) } = 229            
 c-hat { Phi(~Time)p(~time) } = 4.5320340                     
 AIC { Phi(~Time)p(~time) } = 6145.6983                  
 AICc { Phi(~Time)p(~time) } = 6146.3991                    
 BIC { Phi(~Time)p(~time) } = 6404.0979                    
 Pearson Chisquare { Phi(~Time)p(~time) } = 24031.086                  


                    LOGIT Link Function Parameters of { Phi(~Time)p(~time) }
                                                              95% Confidence Interval
 Parameter                    Beta         Standard Error      Lower           Upper
 -------------------------  --------------  --------------  --------------  --------------
    1:Phi:(Intercept)       -0.6746273      0.0985851       -0.8678540      -0.4814005    
    2:Phi:Time              0.0044239       0.0043528       -0.0041075      0.0129554     
    3:p:(Intercept)         0.3857858       1.1966943       -1.9597351      2.7313067     
    4:p:time1977            7.6320232       431.51469       -838.13678      853.40082     
    5:p:time1978            -0.8779581      1.6130007       -4.0394396      2.2835234     
    6:p:time1979            0.2686813       1.3776092       -2.4314327      2.9687953     
    7:p:time1980            0.2762304       1.4329762       -2.5324030      3.0848638     
    8:p:time1981            -0.7158999      1.3774732       -3.4157474      1.9839476     
    9:p:time1982            0.0235299       1.3446886       -2.6120597      2.6591196     
   10:p:time1983            0.8210830       1.3084588       -1.7434963      3.3856624     
   11:p:time1984            0.5793919       1.2592112       -1.8886622      3.0474460     
   12:p:time1985            0.8386646       1.2703233       -1.6511690      3.3284982     
   13:p:time1986            -0.2473230      1.2353121       -2.6685348      2.1738888     
   14:p:time1987            -0.3877641      1.2281245       -2.7948882      2.0193600     
   15:p:time1988            -0.8740849      1.2231921       -3.2715415      1.5233718     
   16:p:time1989            -1.1865037      1.2234206       -3.5844081      1.2114008     
   17:p:time1990            -0.6745691      1.2212776       -3.0682732      1.7191350     
   18:p:time1991            -0.5512240      1.2218410       -2.9460324      1.8435844     
   19:p:time1992            -1.4880822      1.2261076       -3.8912532      0.9150889     
   20:p:time1993            -0.8006634      1.2217173       -3.1952292      1.5939025     
   21:p:time1994            -0.7295591      1.2208435       -3.1224124      1.6632941     
   22:p:time1995            0.3868597E-004  1.2492110       -2.4484149      2.4484922     
   23:p:time1996            0.3548736       1.2637839       -2.1221428      2.8318900     
   24:p:time1997            1.6417270       1.4018964       -1.1059900      4.3894440     
   25:p:time1998            0.7495698       1.2549692       -1.7101699      3.2093094     
   26:p:time1999            -0.3781338      1.2266051       -2.7822798      2.0260121     
   27:p:time2000            -0.0934531      1.2379643       -2.5198631      2.3329570     
   28:p:time2001            0.3199991       1.2502369       -2.1304654      2.7704635     
   29:p:time2002            1.7025463       1.3290756       -0.9024419      4.3075344     
   30:p:time2003            -0.0393071      1.2594944       -2.5079163      2.4293021     

  Program  MARK  - Survival Rate Estimation with Capture-Recapture Data
   gfortran(Win64) Vers. 8.2 Mar 2017   10-Apr-2017 10:07:48    Page  016
 - - - - - - - - - - - - - - - - - - - - - - - - - - - - - - - - - - - - - -
 
   31:p:time2004            0.1670489       1.2716083       -2.3253035      2.6594013     
   32:p:time2005            2.7021810       5.1431034       -7.3783019      12.782664     
   33:p:time2006            0.1419200       1.3104698       -2.4266008      2.7104408     
   34:p:time2007            0.0291264       1.3008425       -2.5205250      2.5787777     
   35:p:time2008            0.0705688       1.2886311       -2.4551482      2.5962859     
   36:p:time2009            1.5940141       1.5199371       -1.3850627      4.5730909     
   37:p:time2010            16.069161       1756.6653       -3426.9950      3459.1333     
   38:p:time2011            -0.0518001      1.3075174       -2.6145342      2.5109340     
   39:p:time2012            -0.4458946      1.3405877       -3.0734466      2.1816574     
   40:p:time2013            -0.5026886      1.3809652       -3.2093805      2.2040033     
   41:p:time2014            -1.6632175      1.3499600       -4.3091391      0.9827041     
   42:p:time2015            0.0185720       1.3179837       -2.5646760      2.6018200     
   43:p:time2016            16.914742       1055.6316       -2052.1233      2085.9527     


                    Real Function Parameters of { Phi(~Time)p(~time) }
                                                               95% Confidence Interval
  Parameter                  Estimate       Standard Error      Lower           Upper
 --------------------------  --------------  --------------  --------------  --------------
     1:Phi g1 c1975 a1 t197  0.3374615       0.0220418       0.2957010       0.3819215                           
     2:Phi g1 c1975 a2 t197  0.3384513       0.0211851       0.2982481       0.3811305                           
     3:Phi g1 c1975 a3 t197  0.3394425       0.0203337       0.3007932       0.3803565                           
     4:Phi g1 c1975 a4 t197  0.3404352       0.0194886       0.3033340       0.3796016                           
     5:Phi g1 c1975 a5 t197  0.3414292       0.0186513       0.3058678       0.3788685                           
     6:Phi g1 c1975 a6 t198  0.3424247       0.0178232       0.3083915       0.3781601                           
     7:Phi g1 c1975 a7 t198  0.3434215       0.0170062       0.3109012       0.3774800                           
     8:Phi g1 c1975 a8 t198  0.3444197       0.0162026       0.3133927       0.3768326                           
     9:Phi g1 c1975 a9 t198  0.3454193       0.0154149       0.3158606       0.3762230                           
    10:Phi g1 c1975 a10 t19  0.3464203       0.0146463       0.3182987       0.3756572                           
    11:Phi g1 c1975 a11 t19  0.3474226       0.0139006       0.3206995       0.3751427                           
    12:Phi g1 c1975 a12 t19  0.3484263       0.0131822       0.3230541       0.3746881                           
    13:Phi g1 c1975 a13 t19  0.3494313       0.0124966       0.3253518       0.3743041                           
    14:Phi g1 c1975 a14 t19  0.3504376       0.0118501       0.3275801       0.3740030                           
    15:Phi g1 c1975 a15 t19  0.3514453       0.0112502       0.3297241       0.3737995                           
    16:Phi g1 c1975 a16 t19  0.3524543       0.0107054       0.3317670       0.3737103                           
    17:Phi g1 c1975 a17 t19  0.3534647       0.0102253       0.3336898       0.3737541                           
    18:Phi g1 c1975 a18 t19  0.3544763       0.0098203       0.3354723       0.3739511                           
    19:Phi g1 c1975 a19 t19  0.3554893       0.0095008       0.3370938       0.3743217                           
    20:Phi g1 c1975 a20 t19  0.3565035       0.0092765       0.3385354       0.3748848                           
    21:Phi g1 c1975 a21 t19  0.3575190       0.0091551       0.3397816       0.3756556                           
    22:Phi g1 c1975 a22 t19  0.3585359       0.0091416       0.3408225       0.3766438                           
    23:Phi g1 c1975 a23 t19  0.3595539       0.0092373       0.3416556       0.3778518                           
    24:Phi g1 c1975 a24 t19  0.3605733       0.0094398       0.3422858       0.3792745                           
    25:Phi g1 c1975 a25 t19  0.3615939       0.0097430       0.3427245       0.3809002                           
    26:Phi g1 c1975 a26 t20  0.3626158       0.0101387       0.3429879       0.3827126                           
    27:Phi g1 c1975 a27 t20  0.3636389       0.0106172       0.3430949       0.3846926                           

  Program  MARK  - Survival Rate Estimation with Capture-Recapture Data
   gfortran(Win64) Vers. 8.2 Mar 2017   10-Apr-2017 10:07:48    Page  017
 - - - - - - - - - - - - - - - - - - - - - - - - - - - - - - - - - - - - - -
 
    28:Phi g1 c1975 a28 t20  0.3646632       0.0111685       0.3430651       0.3868204                           
    29:Phi g1 c1975 a29 t20  0.3656888       0.0117831       0.3429172       0.3890771                           
    30:Phi g1 c1975 a30 t20  0.3667156       0.0124521       0.3426685       0.3914453                           
    31:Phi g1 c1975 a31 t20  0.3677436       0.0131677       0.3423340       0.3939095                           
    32:Phi g1 c1975 a32 t20  0.3687728       0.0139233       0.3419269       0.3964566                           
    33:Phi g1 c1975 a33 t20  0.3698032       0.0147131       0.3414583       0.3990751                           
    34:Phi g1 c1975 a34 t20  0.3708348       0.0155324       0.3409375       0.4017555                           
    35:Phi g1 c1975 a35 t20  0.3718675       0.0163771       0.3403724       0.4044898                           
    36:Phi g1 c1975 a36 t20  0.3729015       0.0172440       0.3397696       0.4072712                           
    37:Phi g1 c1975 a37 t20  0.3739366       0.0181301       0.3391343       0.4100940                           
    38:Phi g1 c1975 a38 t20  0.3749728       0.0190331       0.3384714       0.4129534                           
    39:Phi g1 c1975 a39 t20  0.3760102       0.0199510       0.3377845       0.4158453                           
    40:Phi g1 c1975 a40 t20  0.3770488       0.0208822       0.3370770       0.4187663                           
    41:Phi g1 c1975 a41 t20  0.3780884       0.0218253       0.3363516       0.4217133                           
    42:p g1 c1975 a2 t1976   0.5952678       0.2883124       0.1234957       0.9388489                           
    43:p g1 c1975 a3 t1977   0.9996706       0.1421132       0.2991940E-300  1.0000000                           
    44:p g1 c1975 a4 t1978   0.3793820       0.2550515       0.0681581       0.8363050                           
    45:p g1 c1975 a5 t1979   0.6580164       0.1540470       0.3346407       0.8803979                           
    46:p g1 c1975 a6 t1980   0.6597131       0.1775549       0.2914842       0.9013414                           
    47:p g1 c1975 a7 t1981   0.4182129       0.1664329       0.1583148       0.7331361                           
    48:p g1 c1975 a8 t1982   0.6009238       0.1476124       0.3106422       0.8342082                           
    49:p g1 c1975 a9 t1983   0.7697445       0.0942435       0.5410746       0.9045701                           
    50:p g1 c1975 a10 t1984  0.7241573       0.0787914       0.5478702       0.8504692                           
    51:p g1 c1975 a11 t1985  0.7728458       0.0753241       0.5947142       0.8874957                           
    52:p g1 c1975 a12 t1986  0.5345605       0.0773484       0.3844127       0.6786960                           
    53:p g1 c1975 a13 t1987  0.4995054       0.0701440       0.3654219       0.6336601                           
    54:p g1 c1975 a14 t1988  0.3802943       0.0606231       0.2704219       0.5039712                           
    55:p g1 c1975 a15 t1989  0.3098720       0.0552086       0.2130365       0.4268493                           
    56:p g1 c1975 a16 t1990  0.4283018       0.0606625       0.3155362       0.5490408                           
    57:p g1 c1975 a17 t1991  0.4587345       0.0621486       0.3416332       0.5805784                           
    58:p g1 c1975 a18 t1992  0.2493099       0.0503622       0.1638686       0.3601134                           
    59:p g1 c1975 a19 t1993  0.3977431       0.0595706       0.2885786       0.5181277                           
    60:p g1 c1975 a20 t1994  0.4148932       0.0592249       0.3053497       0.5335506                           
    61:p g1 c1975 a21 t1995  0.5952771       0.0868576       0.4204815       0.7488421                           
    62:p g1 c1975 a22 t1996  0.6771400       0.0891515       0.4853521       0.8234541                           
    63:p g1 c1975 a23 t1997  0.8836556       0.0752276       0.6441286       0.9695781                           
    64:p g1 c1975 a24 t1998  0.7568259       0.0698039       0.5967533       0.8674682                           
    65:p g1 c1975 a25 t1999  0.5019130       0.0675061       0.3724773       0.6310928                           
    66:p g1 c1975 a26 t2000  0.5725671       0.0776947       0.4182648       0.7139336                           
    67:p g1 c1975 a27 t2001  0.6694691       0.0801317       0.4990037       0.8046406                           
    68:p g1 c1975 a28 t2002  0.8897639       0.0567118       0.7221333       0.9616389                           
    69:p g1 c1975 a29 t2003  0.5857634       0.0952288       0.3958597       0.7531910                           
    70:p g1 c1975 a30 t2004  0.6347930       0.0996102       0.4281718       0.8013866                           
    71:p g1 c1975 a31 t2005  0.9563936       0.2085669       0.0012123       0.9999975                           
    72:p g1 c1975 a32 t2006  0.6289479       0.1244193       0.3734975       0.8281615                           
    73:p g1 c1975 a33 t2007  0.6022651       0.1219622       0.3582386       0.8042137                           

  Program  MARK  - Survival Rate Estimation with Capture-Recapture Data
   gfortran(Win64) Vers. 8.2 Mar 2017   10-Apr-2017 10:07:48    Page  018
 - - - - - - - - - - - - - - - - - - - - - - - - - - - - - - - - - - - - - -
 
    74:p g1 c1975 a34 t2008  0.6121490       0.1132821       0.3825295       0.8008372                           
    75:p g1 c1975 a35 t2009  0.8786598       0.0998337       0.5360613       0.9784397                           
    76:p g1 c1975 a36 t2010  0.9999999       0.1254288E-003  0.1380878E-296  1.0000000                           
    77:p g1 c1975 a37 t2011  0.5827288       0.1277267       0.3327935       0.7963359                           
    78:p g1 c1975 a38 t2012  0.4849773       0.1504477       0.2243168       0.7540754                           
    79:p g1 c1975 a39 t2013  0.4708075       0.1712112       0.1878884       0.7738158                           
    80:p g1 c1975 a40 t2014  0.2179877       0.1062776       0.0759018       0.4861323                           
    81:p g1 c1975 a41 t2015  0.5997342       0.1322413       0.3372946       0.8151895                           
    82:p g1 c1975 a42 t2016  1.0000000       0.3235866E-004  0.3216522E-296  1.0000000                           

 Attempted ordering of parameters by estimatibility:
   1  3  2 21 17 18 20 15 16 26 19 14 13 27 22 28 25 30 11 23 31 12 35 34 38
  33 10 42 39 29  9 41  6  8 40 24  7 36  5 32  4 43 37
 Beta number 37 is a singular value.

     CPU Time in seconds for last procedure was 3.62


  INPUT --- proc stop;

   * *  WARNING  * *   Numerical underflow occurred during final processing of this model. 
     IEEE flag status at final processing of this model:
     overflow       F
     divide by zero F
     invalid        F
     underflow      T
     inexact        T


     CPU Time in minutes for this job was 0.06

     Time Start = 10:07:46.162   Time End = 10:07:48.170

     Wall Clock Time in minutes for this job was 0.03


          E X E C U T I O N   S U C C E S S F U L 
