
   Program  MARK  - Survival Rate Estimation with Capture-Recapture Data
   gfortran(Win64) Vers. 8.2 Mar 2017    7-Apr-2017 17:47:40    Page  001
 - - - - - - - - - - - - - - - - - - - - - - - - - - - - - - - - - - - - - -
 
   This version was compiled by GCC version 5.3.0 using the options: 
     -cpp -iprefix c:\tdm-gcc-64\gcc\bin\../lib/gcc/x86_64-w64-mingw32/5.3.0/ -D_MT
     -U_REENTRANT -D IEEE -m64 -mtune=generic -march=x86-64 -mthreads -O3
     -fimplicit-none -fbounds-check -ffpe-summary=invalid,zero,overflow,underflow
     -fno-unsafe-math-optimizations -frounding-math -fsignaling-nans -fopenmp.

   This problem will use 3 of 4 possible threads.


  INPUT --- proc title ;

     CPU Time in seconds for last procedure was 0.02


  INPUT --- proc chmatrix occasions= 42 groups= 1 etype= Live ICMeans 
  INPUT --- NoHist hist= 242 ;

  INPUT ---    time  interval 1 1 1 1 1 1 1 1 1 1 1 1 1 1 1 1 1 1 1 1 1 1 
  INPUT ---    1 1 1 1 1 1 1 1 1 1 1 1 1 1 1 1 1 1 1 ;

  INPUT ---    glabel(1)=Group 1;

      Number of unique encounter histories read was 242.

      Number of individual covariates read was 0.
      Time interval lengths are all equal to 1.

      Data type number is 1
      Data type is Live Recaptures (CJS)                                                                               

     CPU Time in seconds for last procedure was 0.00

  Program  MARK  - Survival Rate Estimation with Capture-Recapture Data
   gfortran(Win64) Vers. 8.2 Mar 2017    7-Apr-2017 17:47:40    Page  002
 - - - - - - - - - - - - - - - - - - - - - - - - - - - - - - - - - - - - - -
 


  INPUT --- proc estimate link=Parm-Specific NOLOOP varest=2ndPart    ;


  INPUT --- model={ Phi(~1)p(~time) };

  INPUT ---    group=1 Phi    rows=41 cols=41 Triang ;
  INPUT ---        1 1 1 1 1 1 1 1 1 1 1 1 1 1 1 1 1 1 1 1 1 1 1 1 1 1 1 1 1 
  INPUT ---       1 1 1 1 1 1 1 1 1 1 1 1 ;
  INPUT ---        1 1 1 1 1 1 1 1 1 1 1 1 1 1 1 1 1 1 1 1 1 1 1 1 1 1 1 1 1 
  INPUT ---       1 1 1 1 1 1 1 1 1 1 1 ;
  INPUT ---        1 1 1 1 1 1 1 1 1 1 1 1 1 1 1 1 1 1 1 1 1 1 1 1 1 1 1 1 1 
  INPUT ---       1 1 1 1 1 1 1 1 1 1 ;
  INPUT ---        1 1 1 1 1 1 1 1 1 1 1 1 1 1 1 1 1 1 1 1 1 1 1 1 1 1 1 1 1 
  INPUT ---       1 1 1 1 1 1 1 1 1 ;
  INPUT ---        1 1 1 1 1 1 1 1 1 1 1 1 1 1 1 1 1 1 1 1 1 1 1 1 1 1 1 1 1 
  INPUT ---       1 1 1 1 1 1 1 1 ;
  INPUT ---        1 1 1 1 1 1 1 1 1 1 1 1 1 1 1 1 1 1 1 1 1 1 1 1 1 1 1 1 1 
  INPUT ---       1 1 1 1 1 1 1 ;
  INPUT ---        1 1 1 1 1 1 1 1 1 1 1 1 1 1 1 1 1 1 1 1 1 1 1 1 1 1 1 1 1 
  INPUT ---       1 1 1 1 1 1 ;
  INPUT ---        1 1 1 1 1 1 1 1 1 1 1 1 1 1 1 1 1 1 1 1 1 1 1 1 1 1 1 1 1 
  INPUT ---       1 1 1 1 1 ;
  INPUT ---        1 1 1 1 1 1 1 1 1 1 1 1 1 1 1 1 1 1 1 1 1 1 1 1 1 1 1 1 1 
  INPUT ---       1 1 1 1 ;
  INPUT ---        1 1 1 1 1 1 1 1 1 1 1 1 1 1 1 1 1 1 1 1 1 1 1 1 1 1 1 1 1 
  INPUT ---       1 1 1 ;
  INPUT ---        1 1 1 1 1 1 1 1 1 1 1 1 1 1 1 1 1 1 1 1 1 1 1 1 1 1 1 1 1 
  INPUT ---       1 1 ;
  INPUT ---        1 1 1 1 1 1 1 1 1 1 1 1 1 1 1 1 1 1 1 1 1 1 1 1 1 1 1 1 1 
  INPUT ---       1 ;
  INPUT ---        1 1 1 1 1 1 1 1 1 1 1 1 1 1 1 1 1 1 1 1 1 1 1 1 1 1 1 1 1 ;
  INPUT ---        1 1 1 1 1 1 1 1 1 1 1 1 1 1 1 1 1 1 1 1 1 1 1 1 1 1 1 1 ;
  INPUT ---        1 1 1 1 1 1 1 1 1 1 1 1 1 1 1 1 1 1 1 1 1 1 1 1 1 1 1 ;
  INPUT ---        1 1 1 1 1 1 1 1 1 1 1 1 1 1 1 1 1 1 1 1 1 1 1 1 1 1 ;
  INPUT ---        1 1 1 1 1 1 1 1 1 1 1 1 1 1 1 1 1 1 1 1 1 1 1 1 1 ;
  INPUT ---        1 1 1 1 1 1 1 1 1 1 1 1 1 1 1 1 1 1 1 1 1 1 1 1 ;
  INPUT ---        1 1 1 1 1 1 1 1 1 1 1 1 1 1 1 1 1 1 1 1 1 1 1 ;
  INPUT ---        1 1 1 1 1 1 1 1 1 1 1 1 1 1 1 1 1 1 1 1 1 1 ;
  INPUT ---        1 1 1 1 1 1 1 1 1 1 1 1 1 1 1 1 1 1 1 1 1 ;
  INPUT ---        1 1 1 1 1 1 1 1 1 1 1 1 1 1 1 1 1 1 1 1 ;
  INPUT ---        1 1 1 1 1 1 1 1 1 1 1 1 1 1 1 1 1 1 1 ;
  INPUT ---        1 1 1 1 1 1 1 1 1 1 1 1 1 1 1 1 1 1 ;
  INPUT ---        1 1 1 1 1 1 1 1 1 1 1 1 1 1 1 1 1 ;
  INPUT ---        1 1 1 1 1 1 1 1 1 1 1 1 1 1 1 1 ;

  Program  MARK  - Survival Rate Estimation with Capture-Recapture Data
   gfortran(Win64) Vers. 8.2 Mar 2017    7-Apr-2017 17:47:40    Page  003
 - - - - - - - - - - - - - - - - - - - - - - - - - - - - - - - - - - - - - -
 
  INPUT ---        1 1 1 1 1 1 1 1 1 1 1 1 1 1 1 ;
  INPUT ---        1 1 1 1 1 1 1 1 1 1 1 1 1 1 ;
  INPUT ---        1 1 1 1 1 1 1 1 1 1 1 1 1 ;
  INPUT ---        1 1 1 1 1 1 1 1 1 1 1 1 ;
  INPUT ---        1 1 1 1 1 1 1 1 1 1 1 ;
  INPUT ---        1 1 1 1 1 1 1 1 1 1 ;
  INPUT ---        1 1 1 1 1 1 1 1 1 ;
  INPUT ---        1 1 1 1 1 1 1 1 ;
  INPUT ---        1 1 1 1 1 1 1 ;
  INPUT ---        1 1 1 1 1 1 ;
  INPUT ---        1 1 1 1 1 ;
  INPUT ---        1 1 1 1 ;
  INPUT ---        1 1 1 ;
  INPUT ---        1 1 ;
  INPUT ---        1 ;

  INPUT ---    group=1 p    rows=41 cols=41 Triang ;
  INPUT ---        2 3 4 5 6 7 8 9 10 11 12 13 14 15 16 17 18 19 20 21 22 23 
  INPUT ---       24 25 26 27 28 29 30 31 32 33 34 35 36 37 38 39 40 41 42 ;
  INPUT ---        3 4 5 6 7 8 9 10 11 12 13 14 15 16 17 18 19 20 21 22 23 24 
  INPUT ---       25 26 27 28 29 30 31 32 33 34 35 36 37 38 39 40 41 42 ;
  INPUT ---        4 5 6 7 8 9 10 11 12 13 14 15 16 17 18 19 20 21 22 23 24 
  INPUT ---       25 26 27 28 29 30 31 32 33 34 35 36 37 38 39 40 41 42 ;
  INPUT ---        5 6 7 8 9 10 11 12 13 14 15 16 17 18 19 20 21 22 23 24 25 
  INPUT ---       26 27 28 29 30 31 32 33 34 35 36 37 38 39 40 41 42 ;
  INPUT ---        6 7 8 9 10 11 12 13 14 15 16 17 18 19 20 21 22 23 24 25 26 
  INPUT ---       27 28 29 30 31 32 33 34 35 36 37 38 39 40 41 42 ;
  INPUT ---        7 8 9 10 11 12 13 14 15 16 17 18 19 20 21 22 23 24 25 26 
  INPUT ---       27 28 29 30 31 32 33 34 35 36 37 38 39 40 41 42 ;
  INPUT ---        8 9 10 11 12 13 14 15 16 17 18 19 20 21 22 23 24 25 26 27 
  INPUT ---       28 29 30 31 32 33 34 35 36 37 38 39 40 41 42 ;
  INPUT ---        9 10 11 12 13 14 15 16 17 18 19 20 21 22 23 24 25 26 27 28 
  INPUT ---       29 30 31 32 33 34 35 36 37 38 39 40 41 42 ;
  INPUT ---        10 11 12 13 14 15 16 17 18 19 20 21 22 23 24 25 26 27 28 
  INPUT ---       29 30 31 32 33 34 35 36 37 38 39 40 41 42 ;
  INPUT ---        11 12 13 14 15 16 17 18 19 20 21 22 23 24 25 26 27 28 29 
  INPUT ---       30 31 32 33 34 35 36 37 38 39 40 41 42 ;
  INPUT ---        12 13 14 15 16 17 18 19 20 21 22 23 24 25 26 27 28 29 30 
  INPUT ---       31 32 33 34 35 36 37 38 39 40 41 42 ;
  INPUT ---        13 14 15 16 17 18 19 20 21 22 23 24 25 26 27 28 29 30 31 
  INPUT ---       32 33 34 35 36 37 38 39 40 41 42 ;
  INPUT ---        14 15 16 17 18 19 20 21 22 23 24 25 26 27 28 29 30 31 32 
  INPUT ---       33 34 35 36 37 38 39 40 41 42 ;
  INPUT ---        15 16 17 18 19 20 21 22 23 24 25 26 27 28 29 30 31 32 33 
  INPUT ---       34 35 36 37 38 39 40 41 42 ;
  INPUT ---        16 17 18 19 20 21 22 23 24 25 26 27 28 29 30 31 32 33 34 

  Program  MARK  - Survival Rate Estimation with Capture-Recapture Data
   gfortran(Win64) Vers. 8.2 Mar 2017    7-Apr-2017 17:47:40    Page  004
 - - - - - - - - - - - - - - - - - - - - - - - - - - - - - - - - - - - - - -
 
  INPUT ---       35 36 37 38 39 40 41 42 ;
  INPUT ---        17 18 19 20 21 22 23 24 25 26 27 28 29 30 31 32 33 34 35 
  INPUT ---       36 37 38 39 40 41 42 ;
  INPUT ---        18 19 20 21 22 23 24 25 26 27 28 29 30 31 32 33 34 35 36 
  INPUT ---       37 38 39 40 41 42 ;
  INPUT ---        19 20 21 22 23 24 25 26 27 28 29 30 31 32 33 34 35 36 37 
  INPUT ---       38 39 40 41 42 ;
  INPUT ---        20 21 22 23 24 25 26 27 28 29 30 31 32 33 34 35 36 37 38 
  INPUT ---       39 40 41 42 ;
  INPUT ---        21 22 23 24 25 26 27 28 29 30 31 32 33 34 35 36 37 38 39 
  INPUT ---       40 41 42 ;
  INPUT ---        22 23 24 25 26 27 28 29 30 31 32 33 34 35 36 37 38 39 40 
  INPUT ---       41 42 ;
  INPUT ---        23 24 25 26 27 28 29 30 31 32 33 34 35 36 37 38 39 40 41 
  INPUT ---       42 ;
  INPUT ---        24 25 26 27 28 29 30 31 32 33 34 35 36 37 38 39 40 41 42 ;
  INPUT ---        25 26 27 28 29 30 31 32 33 34 35 36 37 38 39 40 41 42 ;
  INPUT ---        26 27 28 29 30 31 32 33 34 35 36 37 38 39 40 41 42 ;
  INPUT ---        27 28 29 30 31 32 33 34 35 36 37 38 39 40 41 42 ;
  INPUT ---        28 29 30 31 32 33 34 35 36 37 38 39 40 41 42 ;
  INPUT ---        29 30 31 32 33 34 35 36 37 38 39 40 41 42 ;
  INPUT ---        30 31 32 33 34 35 36 37 38 39 40 41 42 ;
  INPUT ---        31 32 33 34 35 36 37 38 39 40 41 42 ;
  INPUT ---        32 33 34 35 36 37 38 39 40 41 42 ;
  INPUT ---        33 34 35 36 37 38 39 40 41 42 ;
  INPUT ---        34 35 36 37 38 39 40 41 42 ;
  INPUT ---        35 36 37 38 39 40 41 42 ;
  INPUT ---        36 37 38 39 40 41 42 ;
  INPUT ---        37 38 39 40 41 42 ;
  INPUT ---        38 39 40 41 42 ;
  INPUT ---        39 40 41 42 ;
  INPUT ---        40 41 42 ;
  INPUT ---        41 42 ;
  INPUT ---        42 ;

  INPUT ---    design matrix constraints=42 covariates=42;
  INPUT ---        1 0 0 0 0 0 0 0 0 0 0 0 0 0 0 0 0 0 0 0 0 0 0 0 0 0 0 0 0 
  INPUT ---       0 0 0 0 0 0 0 0 0 0 0 0 0;
  INPUT ---        0 1 0 0 0 0 0 0 0 0 0 0 0 0 0 0 0 0 0 0 0 0 0 0 0 0 0 0 0 
  INPUT ---       0 0 0 0 0 0 0 0 0 0 0 0 0;
  INPUT ---        0 1 1 0 0 0 0 0 0 0 0 0 0 0 0 0 0 0 0 0 0 0 0 0 0 0 0 0 0 
  INPUT ---       0 0 0 0 0 0 0 0 0 0 0 0 0;
  INPUT ---        0 1 0 1 0 0 0 0 0 0 0 0 0 0 0 0 0 0 0 0 0 0 0 0 0 0 0 0 0 
  INPUT ---       0 0 0 0 0 0 0 0 0 0 0 0 0;
  INPUT ---        0 1 0 0 1 0 0 0 0 0 0 0 0 0 0 0 0 0 0 0 0 0 0 0 0 0 0 0 0 
  INPUT ---       0 0 0 0 0 0 0 0 0 0 0 0 0;

  Program  MARK  - Survival Rate Estimation with Capture-Recapture Data
   gfortran(Win64) Vers. 8.2 Mar 2017    7-Apr-2017 17:47:40    Page  005
 - - - - - - - - - - - - - - - - - - - - - - - - - - - - - - - - - - - - - -
 
  INPUT ---        0 1 0 0 0 1 0 0 0 0 0 0 0 0 0 0 0 0 0 0 0 0 0 0 0 0 0 0 0 
  INPUT ---       0 0 0 0 0 0 0 0 0 0 0 0 0;
  INPUT ---        0 1 0 0 0 0 1 0 0 0 0 0 0 0 0 0 0 0 0 0 0 0 0 0 0 0 0 0 0 
  INPUT ---       0 0 0 0 0 0 0 0 0 0 0 0 0;
  INPUT ---        0 1 0 0 0 0 0 1 0 0 0 0 0 0 0 0 0 0 0 0 0 0 0 0 0 0 0 0 0 
  INPUT ---       0 0 0 0 0 0 0 0 0 0 0 0 0;
  INPUT ---        0 1 0 0 0 0 0 0 1 0 0 0 0 0 0 0 0 0 0 0 0 0 0 0 0 0 0 0 0 
  INPUT ---       0 0 0 0 0 0 0 0 0 0 0 0 0;
  INPUT ---        0 1 0 0 0 0 0 0 0 1 0 0 0 0 0 0 0 0 0 0 0 0 0 0 0 0 0 0 0 
  INPUT ---       0 0 0 0 0 0 0 0 0 0 0 0 0;
  INPUT ---        0 1 0 0 0 0 0 0 0 0 1 0 0 0 0 0 0 0 0 0 0 0 0 0 0 0 0 0 0 
  INPUT ---       0 0 0 0 0 0 0 0 0 0 0 0 0;
  INPUT ---        0 1 0 0 0 0 0 0 0 0 0 1 0 0 0 0 0 0 0 0 0 0 0 0 0 0 0 0 0 
  INPUT ---       0 0 0 0 0 0 0 0 0 0 0 0 0;
  INPUT ---        0 1 0 0 0 0 0 0 0 0 0 0 1 0 0 0 0 0 0 0 0 0 0 0 0 0 0 0 0 
  INPUT ---       0 0 0 0 0 0 0 0 0 0 0 0 0;
  INPUT ---        0 1 0 0 0 0 0 0 0 0 0 0 0 1 0 0 0 0 0 0 0 0 0 0 0 0 0 0 0 
  INPUT ---       0 0 0 0 0 0 0 0 0 0 0 0 0;
  INPUT ---        0 1 0 0 0 0 0 0 0 0 0 0 0 0 1 0 0 0 0 0 0 0 0 0 0 0 0 0 0 
  INPUT ---       0 0 0 0 0 0 0 0 0 0 0 0 0;
  INPUT ---        0 1 0 0 0 0 0 0 0 0 0 0 0 0 0 1 0 0 0 0 0 0 0 0 0 0 0 0 0 
  INPUT ---       0 0 0 0 0 0 0 0 0 0 0 0 0;
  INPUT ---        0 1 0 0 0 0 0 0 0 0 0 0 0 0 0 0 1 0 0 0 0 0 0 0 0 0 0 0 0 
  INPUT ---       0 0 0 0 0 0 0 0 0 0 0 0 0;
  INPUT ---        0 1 0 0 0 0 0 0 0 0 0 0 0 0 0 0 0 1 0 0 0 0 0 0 0 0 0 0 0 
  INPUT ---       0 0 0 0 0 0 0 0 0 0 0 0 0;
  INPUT ---        0 1 0 0 0 0 0 0 0 0 0 0 0 0 0 0 0 0 1 0 0 0 0 0 0 0 0 0 0 
  INPUT ---       0 0 0 0 0 0 0 0 0 0 0 0 0;
  INPUT ---        0 1 0 0 0 0 0 0 0 0 0 0 0 0 0 0 0 0 0 1 0 0 0 0 0 0 0 0 0 
  INPUT ---       0 0 0 0 0 0 0 0 0 0 0 0 0;
  INPUT ---        0 1 0 0 0 0 0 0 0 0 0 0 0 0 0 0 0 0 0 0 1 0 0 0 0 0 0 0 0 
  INPUT ---       0 0 0 0 0 0 0 0 0 0 0 0 0;
  INPUT ---        0 1 0 0 0 0 0 0 0 0 0 0 0 0 0 0 0 0 0 0 0 1 0 0 0 0 0 0 0 
  INPUT ---       0 0 0 0 0 0 0 0 0 0 0 0 0;
  INPUT ---        0 1 0 0 0 0 0 0 0 0 0 0 0 0 0 0 0 0 0 0 0 0 1 0 0 0 0 0 0 
  INPUT ---       0 0 0 0 0 0 0 0 0 0 0 0 0;
  INPUT ---        0 1 0 0 0 0 0 0 0 0 0 0 0 0 0 0 0 0 0 0 0 0 0 1 0 0 0 0 0 
  INPUT ---       0 0 0 0 0 0 0 0 0 0 0 0 0;
  INPUT ---        0 1 0 0 0 0 0 0 0 0 0 0 0 0 0 0 0 0 0 0 0 0 0 0 1 0 0 0 0 
  INPUT ---       0 0 0 0 0 0 0 0 0 0 0 0 0;
  INPUT ---        0 1 0 0 0 0 0 0 0 0 0 0 0 0 0 0 0 0 0 0 0 0 0 0 0 1 0 0 0 
  INPUT ---       0 0 0 0 0 0 0 0 0 0 0 0 0;
  INPUT ---        0 1 0 0 0 0 0 0 0 0 0 0 0 0 0 0 0 0 0 0 0 0 0 0 0 0 1 0 0 
  INPUT ---       0 0 0 0 0 0 0 0 0 0 0 0 0;
  INPUT ---        0 1 0 0 0 0 0 0 0 0 0 0 0 0 0 0 0 0 0 0 0 0 0 0 0 0 0 1 0 
  INPUT ---       0 0 0 0 0 0 0 0 0 0 0 0 0;

  Program  MARK  - Survival Rate Estimation with Capture-Recapture Data
   gfortran(Win64) Vers. 8.2 Mar 2017    7-Apr-2017 17:47:40    Page  006
 - - - - - - - - - - - - - - - - - - - - - - - - - - - - - - - - - - - - - -
 
  INPUT ---        0 1 0 0 0 0 0 0 0 0 0 0 0 0 0 0 0 0 0 0 0 0 0 0 0 0 0 0 1 
  INPUT ---       0 0 0 0 0 0 0 0 0 0 0 0 0;
  INPUT ---        0 1 0 0 0 0 0 0 0 0 0 0 0 0 0 0 0 0 0 0 0 0 0 0 0 0 0 0 0 
  INPUT ---       1 0 0 0 0 0 0 0 0 0 0 0 0;
  INPUT ---        0 1 0 0 0 0 0 0 0 0 0 0 0 0 0 0 0 0 0 0 0 0 0 0 0 0 0 0 0 
  INPUT ---       0 1 0 0 0 0 0 0 0 0 0 0 0;
  INPUT ---        0 1 0 0 0 0 0 0 0 0 0 0 0 0 0 0 0 0 0 0 0 0 0 0 0 0 0 0 0 
  INPUT ---       0 0 1 0 0 0 0 0 0 0 0 0 0;
  INPUT ---        0 1 0 0 0 0 0 0 0 0 0 0 0 0 0 0 0 0 0 0 0 0 0 0 0 0 0 0 0 
  INPUT ---       0 0 0 1 0 0 0 0 0 0 0 0 0;
  INPUT ---        0 1 0 0 0 0 0 0 0 0 0 0 0 0 0 0 0 0 0 0 0 0 0 0 0 0 0 0 0 
  INPUT ---       0 0 0 0 1 0 0 0 0 0 0 0 0;
  INPUT ---        0 1 0 0 0 0 0 0 0 0 0 0 0 0 0 0 0 0 0 0 0 0 0 0 0 0 0 0 0 
  INPUT ---       0 0 0 0 0 1 0 0 0 0 0 0 0;
  INPUT ---        0 1 0 0 0 0 0 0 0 0 0 0 0 0 0 0 0 0 0 0 0 0 0 0 0 0 0 0 0 
  INPUT ---       0 0 0 0 0 0 1 0 0 0 0 0 0;
  INPUT ---        0 1 0 0 0 0 0 0 0 0 0 0 0 0 0 0 0 0 0 0 0 0 0 0 0 0 0 0 0 
  INPUT ---       0 0 0 0 0 0 0 1 0 0 0 0 0;
  INPUT ---        0 1 0 0 0 0 0 0 0 0 0 0 0 0 0 0 0 0 0 0 0 0 0 0 0 0 0 0 0 
  INPUT ---       0 0 0 0 0 0 0 0 1 0 0 0 0;
  INPUT ---        0 1 0 0 0 0 0 0 0 0 0 0 0 0 0 0 0 0 0 0 0 0 0 0 0 0 0 0 0 
  INPUT ---       0 0 0 0 0 0 0 0 0 1 0 0 0;
  INPUT ---        0 1 0 0 0 0 0 0 0 0 0 0 0 0 0 0 0 0 0 0 0 0 0 0 0 0 0 0 0 
  INPUT ---       0 0 0 0 0 0 0 0 0 0 1 0 0;
  INPUT ---        0 1 0 0 0 0 0 0 0 0 0 0 0 0 0 0 0 0 0 0 0 0 0 0 0 0 0 0 0 
  INPUT ---       0 0 0 0 0 0 0 0 0 0 0 1 0;
  INPUT ---        0 1 0 0 0 0 0 0 0 0 0 0 0 0 0 0 0 0 0 0 0 0 0 0 0 0 0 0 0 
  INPUT ---       0 0 0 0 0 0 0 0 0 0 0 0 1;

  INPUT ---    links=42;

  INPUT ---    Sin;

  INPUT ---    Logit;

  INPUT ---    Logit;

  INPUT ---    Logit;

  INPUT ---    Logit;

  INPUT ---    Logit;

  INPUT ---    Logit;

  INPUT ---    Logit;

  Program  MARK  - Survival Rate Estimation with Capture-Recapture Data
   gfortran(Win64) Vers. 8.2 Mar 2017    7-Apr-2017 17:47:40    Page  007
 - - - - - - - - - - - - - - - - - - - - - - - - - - - - - - - - - - - - - -
 

  INPUT ---    Logit;

  INPUT ---    Logit;

  INPUT ---    Logit;

  INPUT ---    Logit;

  INPUT ---    Logit;

  INPUT ---    Logit;

  INPUT ---    Logit;

  INPUT ---    Logit;

  INPUT ---    Logit;

  INPUT ---    Logit;

  INPUT ---    Logit;

  INPUT ---    Logit;

  INPUT ---    Logit;

  INPUT ---    Logit;

  INPUT ---    Logit;

  INPUT ---    Logit;

  INPUT ---    Logit;

  INPUT ---    Logit;

  INPUT ---    Logit;

  INPUT ---    Logit;

  INPUT ---    Logit;

  INPUT ---    Logit;

  INPUT ---    Logit;

  Program  MARK  - Survival Rate Estimation with Capture-Recapture Data
   gfortran(Win64) Vers. 8.2 Mar 2017    7-Apr-2017 17:47:40    Page  008
 - - - - - - - - - - - - - - - - - - - - - - - - - - - - - - - - - - - - - -
 

  INPUT ---    Logit;

  INPUT ---    Logit;

  INPUT ---    Logit;

  INPUT ---    Logit;

  INPUT ---    Logit;

  INPUT ---    Logit;

  INPUT ---    Logit;

  INPUT ---    Logit;

  INPUT ---    Logit;

  INPUT ---    Logit;

  INPUT ---    Logit;
  INPUT ---       blabel(1)=Phi:(Intercept);
  INPUT ---       blabel(2)=p:(Intercept);
  INPUT ---       blabel(3)=p:time1977;
  INPUT ---       blabel(4)=p:time1978;
  INPUT ---       blabel(5)=p:time1979;
  INPUT ---       blabel(6)=p:time1980;
  INPUT ---       blabel(7)=p:time1981;
  INPUT ---       blabel(8)=p:time1982;
  INPUT ---       blabel(9)=p:time1983;
  INPUT ---       blabel(10)=p:time1984;
  INPUT ---       blabel(11)=p:time1985;
  INPUT ---       blabel(12)=p:time1986;
  INPUT ---       blabel(13)=p:time1987;
  INPUT ---       blabel(14)=p:time1988;
  INPUT ---       blabel(15)=p:time1989;
  INPUT ---       blabel(16)=p:time1990;
  INPUT ---       blabel(17)=p:time1991;
  INPUT ---       blabel(18)=p:time1992;
  INPUT ---       blabel(19)=p:time1993;
  INPUT ---       blabel(20)=p:time1994;
  INPUT ---       blabel(21)=p:time1995;
  INPUT ---       blabel(22)=p:time1996;
  INPUT ---       blabel(23)=p:time1997;
  INPUT ---       blabel(24)=p:time1998;

  Program  MARK  - Survival Rate Estimation with Capture-Recapture Data
   gfortran(Win64) Vers. 8.2 Mar 2017    7-Apr-2017 17:47:40    Page  009
 - - - - - - - - - - - - - - - - - - - - - - - - - - - - - - - - - - - - - -
 
  INPUT ---       blabel(25)=p:time1999;
  INPUT ---       blabel(26)=p:time2000;
  INPUT ---       blabel(27)=p:time2001;
  INPUT ---       blabel(28)=p:time2002;
  INPUT ---       blabel(29)=p:time2003;
  INPUT ---       blabel(30)=p:time2004;
  INPUT ---       blabel(31)=p:time2005;
  INPUT ---       blabel(32)=p:time2006;
  INPUT ---       blabel(33)=p:time2007;
  INPUT ---       blabel(34)=p:time2008;
  INPUT ---       blabel(35)=p:time2009;
  INPUT ---       blabel(36)=p:time2010;
  INPUT ---       blabel(37)=p:time2011;
  INPUT ---       blabel(38)=p:time2012;
  INPUT ---       blabel(39)=p:time2013;
  INPUT ---       blabel(40)=p:time2014;
  INPUT ---       blabel(41)=p:time2015;
  INPUT ---       blabel(42)=p:time2016;
  INPUT ---       rlabel(1)=Phi g1 c1975 a0 t1975;
  INPUT ---       rlabel(2)=p g1 c1975 a1 t1976;
  INPUT ---       rlabel(3)=p g1 c1975 a2 t1977;
  INPUT ---       rlabel(4)=p g1 c1975 a3 t1978;
  INPUT ---       rlabel(5)=p g1 c1975 a4 t1979;
  INPUT ---       rlabel(6)=p g1 c1975 a5 t1980;
  INPUT ---       rlabel(7)=p g1 c1975 a6 t1981;
  INPUT ---       rlabel(8)=p g1 c1975 a7 t1982;
  INPUT ---       rlabel(9)=p g1 c1975 a8 t1983;
  INPUT ---       rlabel(10)=p g1 c1975 a9 t1984;
  INPUT ---       rlabel(11)=p g1 c1975 a10 t1985;
  INPUT ---       rlabel(12)=p g1 c1975 a11 t1986;
  INPUT ---       rlabel(13)=p g1 c1975 a12 t1987;
  INPUT ---       rlabel(14)=p g1 c1975 a13 t1988;
  INPUT ---       rlabel(15)=p g1 c1975 a14 t1989;
  INPUT ---       rlabel(16)=p g1 c1975 a15 t1990;
  INPUT ---       rlabel(17)=p g1 c1975 a16 t1991;
  INPUT ---       rlabel(18)=p g1 c1975 a17 t1992;
  INPUT ---       rlabel(19)=p g1 c1975 a18 t1993;
  INPUT ---       rlabel(20)=p g1 c1975 a19 t1994;
  INPUT ---       rlabel(21)=p g1 c1975 a20 t1995;
  INPUT ---       rlabel(22)=p g1 c1975 a21 t1996;
  INPUT ---       rlabel(23)=p g1 c1975 a22 t1997;
  INPUT ---       rlabel(24)=p g1 c1975 a23 t1998;
  INPUT ---       rlabel(25)=p g1 c1975 a24 t1999;
  INPUT ---       rlabel(26)=p g1 c1975 a25 t2000;
  INPUT ---       rlabel(27)=p g1 c1975 a26 t2001;
  INPUT ---       rlabel(28)=p g1 c1975 a27 t2002;

  Program  MARK  - Survival Rate Estimation with Capture-Recapture Data
   gfortran(Win64) Vers. 8.2 Mar 2017    7-Apr-2017 17:47:40    Page  010
 - - - - - - - - - - - - - - - - - - - - - - - - - - - - - - - - - - - - - -
 
  INPUT ---       rlabel(29)=p g1 c1975 a28 t2003;
  INPUT ---       rlabel(30)=p g1 c1975 a29 t2004;
  INPUT ---       rlabel(31)=p g1 c1975 a30 t2005;
  INPUT ---       rlabel(32)=p g1 c1975 a31 t2006;
  INPUT ---       rlabel(33)=p g1 c1975 a32 t2007;
  INPUT ---       rlabel(34)=p g1 c1975 a33 t2008;
  INPUT ---       rlabel(35)=p g1 c1975 a34 t2009;
  INPUT ---       rlabel(36)=p g1 c1975 a35 t2010;
  INPUT ---       rlabel(37)=p g1 c1975 a36 t2011;
  INPUT ---       rlabel(38)=p g1 c1975 a37 t2012;
  INPUT ---       rlabel(39)=p g1 c1975 a38 t2013;
  INPUT ---       rlabel(40)=p g1 c1975 a39 t2014;
  INPUT ---       rlabel(41)=p g1 c1975 a40 t2015;
  INPUT ---       rlabel(42)=p g1 c1975 a41 t2016;

 Link Function Used is PARM-SPECIFIC

 Variance Estimation Procedure Used is 2ndPart 
 -2logL(saturated) = 5326.2843     
 Effective Sample Size = 4722

 Number of function evaluations was 131 for 42 parameters.
 Time for numerical optimization was 2.20 seconds.
 -2logL { Phi(~1)p(~time) } = 6066.7208     
 Penalty { Phi(~1)p(~time) } = -0.0000000    
 Gradient { Phi(~1)p(~time) }:
  0.1412899E-03 0.1335408E-03  0.000000     0.4692888E-04 0.7442000E-04
  0.7584595E-04 0.5182893E-04  0.000000      0.000000     0.5853295E-04
  0.1007981E-03 0.7083456E-04 0.6410749E-04 0.4802326E-04 0.4128278E-04
  0.5384699E-04  0.000000      0.000000      0.000000      0.000000    
 -0.2713067E-03  0.000000      0.000000      0.000000     0.6756241E-04
   0.000000     0.6711470E-04 0.9949464E-04-0.9040637E-04  0.000000    
   0.000000      0.000000      0.000000    -0.8018365E-04-0.3394832E-04
 -0.5494358E-05  0.000000    -0.6858976E-04-0.6689667E-04-0.3534800E-04
 -0.8227324E-04-0.5182193E-05
 S Vector { Phi(~1)p(~time) }:
   4187.097      159.3123      19.62225      19.02237      17.84138    
   17.05088      16.24586      15.30104      14.89501      14.10707    
   11.97334      10.39278      9.067480      8.089146      7.507255    
   7.018290      6.759899      6.429483      5.803032      5.439396    
   4.655785      4.118387      3.929230      3.727524      3.540209    
   3.274973      3.053235      2.868230      2.764303      2.579798    
   2.402904      2.275784      2.019853      1.873672      1.716916    
   1.143049     0.9294382     0.1906906E-01 0.6504734E-02 0.3968770E-02
  0.1045747E-05 0.8159686E-06
 Time to compute number of parameters was 1.12 seconds.
   Threshold =  0.8600000E-06     Condition index =  0.1948769E-09     New Threshold =  0.5288081E-05

  Program  MARK  - Survival Rate Estimation with Capture-Recapture Data
   gfortran(Win64) Vers. 8.2 Mar 2017    7-Apr-2017 17:47:41    Page  011
 - - - - - - - - - - - - - - - - - - - - - - - - - - - - - - - - - - - - - -
 
 New Guessimate of Estimated Parameters { Phi(~1)p(~time) } = 37          
 Conditioned S Vector { Phi(~1)p(~time) }:
   1.000000     0.3804839E-01 0.4686361E-02 0.4543092E-02 0.4261038E-02
  0.4072244E-02 0.3879981E-02 0.3654330E-02 0.3557358E-02 0.3369176E-02
  0.2859581E-02 0.2482097E-02 0.2165577E-02 0.1931922E-02 0.1792950E-02
  0.1676171E-02 0.1614460E-02 0.1535547E-02 0.1385932E-02 0.1299085E-02
  0.1111936E-02 0.9835900E-03 0.9384137E-03 0.8902406E-03 0.8455043E-03
  0.7821582E-03 0.7292008E-03 0.6850163E-03 0.6601955E-03 0.6161304E-03
  0.5738830E-03 0.5435230E-03 0.4823993E-03 0.4474871E-03 0.4100492E-03
  0.2729933E-03 0.2219767E-03 0.4554243E-05 0.1553519E-05 0.9478572E-06
  0.2497546E-09 0.1948769E-09
 Number of Estimated Parameters { Phi(~1)p(~time) } = 40          
 DEVIANCE { Phi(~1)p(~time) } = 740.43648                     
 DEVIANCE Degrees of Freedom { Phi(~1)p(~time) } = 161            
 c-hat { Phi(~1)p(~time) } = 4.5989843                     
 AIC { Phi(~1)p(~time) } = 6146.7208                  
 AICc { Phi(~1)p(~time) } = 6147.4215                    
 BIC { Phi(~1)p(~time) } = 6405.1203                    
 Pearson Chisquare { Phi(~1)p(~time) } = 10570.050                  


                     PARM-SPECIFIC Link Function Parameters of { Phi(~1)p(~time) }
                                                              95% Confidence Interval
 Parameter                    Beta         Standard Error      Lower           Upper
 -------------------------  --------------  --------------  --------------  --------------
    1:Phi:(Intercept)       -0.2874164      0.0191395       -0.3249297      -0.2499031    
    2:p:(Intercept)         0.3621225       1.1969425       -1.9838848      2.7081297     
    3:p:time1977            2.4975369       15.873092       -28.613724      33.608797     
    4:p:time1978            -0.9380275      1.5871560       -4.0488534      2.1727983     
    5:p:time1979            0.2221106       1.3694583       -2.4620277      2.9062489     
    6:p:time1980            0.1991341       1.4136114       -2.5715443      2.9698125     
    7:p:time1981            -0.7548013      1.3716414       -3.4432185      1.9336159     
    8:p:time1982            -0.0189474      1.3377913       -2.6410183      2.6031235     
    9:p:time1983            0.7786221       1.3036096       -1.7764528      3.3336969     
   10:p:time1984            0.5538166       1.2575023       -1.9108880      3.0185212     
   11:p:time1985            0.8045867       1.2678344       -1.6803687      3.2895422     
   12:p:time1986            -0.2839702      1.2328826       -2.7004201      2.1324797     
   13:p:time1987            -0.4187027      1.2266303       -2.8228982      1.9854928     
   14:p:time1988            -0.8938629      1.2225193       -3.2900008      1.5022749     
   15:p:time1989            -1.2030850      1.2228890       -3.5999475      1.1937776     
   16:p:time1990            -0.6890353      1.2207936       -3.0817907      1.7037201     
   17:p:time1991            -0.5617946      1.2214036       -2.9557458      1.8321565     
   18:p:time1992            -1.4847441      1.2261797       -3.8880565      0.9185682     
   19:p:time1993            -0.7979484      1.2216323       -3.1923478      1.5964509     
   20:p:time1994            -0.7219032      1.2208599       -3.1147887      1.6709824     
   21:p:time1995            0.0056825       1.2487270       -2.4418225      2.4531874     
   22:p:time1996            0.3687539       1.2635018       -2.1077097      2.8452174     
   23:p:time1997            1.6625275       1.4013797       -1.0841768      4.4092318     
   24:p:time1998            0.7810065       1.2553251       -1.6794306      3.2414437     
   25:p:time1999            -0.3461549      1.2267412       -2.7505676      2.0582578     
   26:p:time2000            -0.0576371      1.2381714       -2.4844532      2.3691789     
   27:p:time2001            0.3551349       1.2504314       -2.0957107      2.8059805     
   28:p:time2002            1.7423428       1.3293514       -0.8631860      4.3478716     
   29:p:time2003            0.0060073       1.2600681       -2.4637262      2.4757408     
   30:p:time2004            0.2151838       1.2718794       -2.2776999      2.7080675     

  Program  MARK  - Survival Rate Estimation with Capture-Recapture Data
   gfortran(Win64) Vers. 8.2 Mar 2017    7-Apr-2017 17:47:41    Page  012
 - - - - - - - - - - - - - - - - - - - - - - - - - - - - - - - - - - - - - -
 
   31:p:time2005            3.6627165       12.362837       -20.568444      27.893877     
   32:p:time2006            0.2192726       1.3135809       -2.3553460      2.7938911     
   33:p:time2007            0.1081478       1.3037490       -2.4472003      2.6634959     
   34:p:time2008            0.1342646       1.2895619       -2.3932768      2.6618060     
   35:p:time2009            1.6790569       1.5254883       -1.3109003      4.6690141     
   36:p:time2010            15.553248       1107.0399       -2154.2450      2185.3515     
   37:p:time2011            0.0398699       1.3112431       -2.5301666      2.6099064     
   38:p:time2012            -0.3259920      1.3469890       -2.9660905      2.3141066     
   39:p:time2013            -0.3595516      1.3945104       -3.0927920      2.3736888     
   40:p:time2014            -1.5729733      1.3515128       -4.2219384      1.0759918     
   41:p:time2015            0.1054563       1.3200523       -2.4818462      2.6927588     
   42:p:time2016            16.550382       977.88267       -1900.0997      1933.2005     


                     Real Function Parameters of { Phi(~1)p(~time) }
                                                               95% Confidence Interval
  Parameter                  Estimate       Standard Error      Lower           Upper
 --------------------------  --------------  --------------  --------------  --------------
     1:Phi g1 c1975 a0 t197  0.3582622       0.0091772       0.3404812       0.3764418                           
     2:p g1 c1975 a1 t1976   0.5895541       0.2896362       0.1209053       0.9375047                           
     3:p g1 c1975 a2 t1977   0.9458158       0.8164737       0.4792472E-012  1.0000000                           
     4:p g1 c1975 a3 t1978   0.3598754       0.2419373       0.0669593       0.8149580                           
     5:p g1 c1975 a4 t1979   0.6420408       0.1534307       0.3264551       0.8690663                           
     6:p g1 c1975 a5 t1980   0.6367432       0.1742281       0.2859538       0.8846918                           
     7:p g1 c1975 a6 t1981   0.4030726       0.1613397       0.1535567       0.7153711                           
     8:p g1 c1975 a7 t1982   0.5849616       0.1452547       0.3037548       0.8199238                           
     9:p g1 c1975 a8 t1983   0.7578163       0.0949516       0.5316371       0.8961138                           
    10:p g1 c1975 a9 t1984   0.7142139       0.0789006       0.5394904       0.8420534                           
    11:p g1 c1975 a10 t1985  0.7625497       0.0759039       0.5854223       0.8795680                           
    12:p g1 c1975 a11 t1986  0.5195281       0.0742385       0.3764212       0.6595010                           
    13:p g1 c1975 a12 t1987  0.4858587       0.0675171       0.3574755       0.6161356                           
    14:p g1 c1975 a13 t1988  0.3701110       0.0584408       0.2644291       0.4898995                           
    15:p g1 c1975 a14 t1989  0.3013321       0.0531641       0.2081836       0.4143489                           
    16:p g1 c1975 a15 t1990  0.4189920       0.0589903       0.3096270       0.5369420                           
    17:p g1 c1975 a16 t1991  0.4502471       0.0607589       0.3360859       0.5698996                           
    18:p g1 c1975 a17 t1992  0.2455253       0.0495690       0.1615017       0.3547679                           
    19:p g1 c1975 a18 t1993  0.3927360       0.0587550       0.2852254       0.5117567                           
    20:p g1 c1975 a19 t1994  0.4110126       0.0586912       0.3025948       0.5288206                           
    21:p g1 c1975 a20 t1995  0.5909285       0.0865241       0.4173296       0.7444743                           
    22:p g1 c1975 a21 t1996  0.6749975       0.0891470       0.4836055       0.8216189                           
    23:p g1 c1975 a22 t1997  0.8833610       0.0753201       0.6437901       0.9694525                           
    24:p g1 c1975 a23 t1998  0.7582537       0.0698160       0.5978747       0.8687145                           
    25:p g1 c1975 a24 t1999  0.5039918       0.0676686       0.3741187       0.6333285                           
    26:p g1 c1975 a25 t2000  0.5755386       0.0777960       0.4207533       0.7168018                           
    27:p g1 c1975 a26 t2001  0.6720028       0.0799661       0.5015435       0.8066426                           
    28:p g1 c1975 a27 t2002  0.8913364       0.0560769       0.7250553       0.9622850                           

  Program  MARK  - Survival Rate Estimation with Capture-Recapture Data
   gfortran(Win64) Vers. 8.2 Mar 2017    7-Apr-2017 17:47:41    Page  013
 - - - - - - - - - - - - - - - - - - - - - - - - - - - - - - - - - - - - - -
 
    29:p g1 c1975 a28 t2003  0.5910070       0.0954203       0.3999681       0.7580205                           
    30:p g1 c1975 a29 t2004  0.6404473       0.0992553       0.4335178       0.8056714                           
    31:p g1 c1975 a30 t2005  0.9824473       0.2122224       0.1872299E-008  1.0000000                           
    32:p g1 c1975 a31 t2006  0.6413883       0.1247431       0.3818767       0.8381301                           
    33:p g1 c1975 a32 t2007  0.6154477       0.1225826       0.3670488       0.8153927                           
    34:p g1 c1975 a33 t2008  0.6216099       0.1130639       0.3903675       0.8082287                           
    35:p g1 c1975 a34 t2009  0.8850533       0.0962735       0.5464606       0.9800813                           
    36:p g1 c1975 a35 t2010  0.9999999       0.1355831E-003  0.8050451E-297  1.0000000                           
    37:p g1 c1975 a36 t2011  0.5991662       0.1288089       0.3431654       0.8104911                           
    38:p g1 c1975 a37 t2012  0.5090316       0.1546849       0.2355930       0.7771710                           
    39:p g1 c1975 a38 t2013  0.5006427       0.1791527       0.1975008       0.8033129                           
    40:p g1 c1975 a39 t2014  0.2295505       0.1111121       0.0800080       0.5051341                           
    41:p g1 c1975 a40 t2015  0.6148105       0.1319764       0.3487114       0.8263341                           
    42:p g1 c1975 a41 t2016  1.0000000       0.4418537E-004  0.2182076E-296  1.0000000                           

 Attempted ordering of parameters by estimatibility:
   1  2 16 20 17 19 14 15 25 13 18 12 26 21 27 24 10 29 22 11 30 34 33  9 37
  32 41 28  8 38 40  5  7 39 23  6 35  4 31  3 42 36
 Beta number 36 is a singular value.

     CPU Time in seconds for last procedure was 3.36


  INPUT --- proc stop;

   * *  WARNING  * *   Numerical underflow occurred during final processing of this model. 
     IEEE flag status at final processing of this model:
     overflow       F
     divide by zero F
     invalid        F
     underflow      T
     inexact        T


     CPU Time in minutes for this job was 0.06

     Time Start = 17:47:40.021   Time End = 17:47:41.882

     Wall Clock Time in minutes for this job was 0.03


          E X E C U T I O N   S U C C E S S F U L 
