
   Program  MARK  - Survival Rate Estimation with Capture-Recapture Data
   gfortran(Win64) Vers. 8.2 Mar 2017   11-Apr-2017 09:07:54    Page  001
 - - - - - - - - - - - - - - - - - - - - - - - - - - - - - - - - - - - - - -
 
   This version was compiled by GCC version 5.3.0 using the options: 
     -cpp -iprefix c:\tdm-gcc-64\gcc\bin\../lib/gcc/x86_64-w64-mingw32/5.3.0/ -D_MT
     -U_REENTRANT -D IEEE -m64 -mtune=generic -march=x86-64 -mthreads -O3
     -fimplicit-none -fbounds-check -ffpe-summary=invalid,zero,overflow,underflow
     -fno-unsafe-math-optimizations -frounding-math -fsignaling-nans -fopenmp.

   This problem will use 3 of 4 possible threads.


  INPUT --- proc title ;

     CPU Time in seconds for last procedure was 0.02


  INPUT --- proc chmatrix occasions= 42 groups= 3 etype= Live ICMeans 
  INPUT --- NoHist hist= 238 ;

  INPUT ---    time  interval 1 1 1 1 1 1 1 1 1 1 1 1 1 1 1 1 1 1 1 1 1 1 
  INPUT ---    1 1 1 1 1 1 1 1 1 1 1 1 1 1 1 1 1 1 1 ;

  INPUT ---    glabel(1)=ageHY.sexF;

  INPUT ---    glabel(2)=ageHY.sexM;

  INPUT ---    glabel(3)=ageHY.sexU;

   * *  WARNING  * *   At least a pair of the encounter histories are duplicates. 

      Number of unique encounter histories read was 194.

      Number of individual covariates read was 0.
      Time interval lengths are all equal to 1.

      Data type number is 1
      Data type is Live Recaptures (CJS)                                                                               

     CPU Time in seconds for last procedure was 0.05

  Program  MARK  - Survival Rate Estimation with Capture-Recapture Data
   gfortran(Win64) Vers. 8.2 Mar 2017   11-Apr-2017 09:07:54    Page  002
 - - - - - - - - - - - - - - - - - - - - - - - - - - - - - - - - - - - - - -
 


  INPUT --- proc estimate link=Logit NOLOOP varest=2ndPart    ;


  INPUT --- model={ Phi(~1)p(~time) };

  INPUT ---    group=1 Phi    rows=41 cols=41 Triang ;
  INPUT ---        1 1 1 1 1 1 1 1 1 1 1 1 1 1 1 1 1 1 1 1 1 1 1 1 1 1 1 1 1 
  INPUT ---       1 1 1 1 1 1 1 1 1 1 1 1 ;
  INPUT ---        1 1 1 1 1 1 1 1 1 1 1 1 1 1 1 1 1 1 1 1 1 1 1 1 1 1 1 1 1 
  INPUT ---       1 1 1 1 1 1 1 1 1 1 1 ;
  INPUT ---        1 1 1 1 1 1 1 1 1 1 1 1 1 1 1 1 1 1 1 1 1 1 1 1 1 1 1 1 1 
  INPUT ---       1 1 1 1 1 1 1 1 1 1 ;
  INPUT ---        1 1 1 1 1 1 1 1 1 1 1 1 1 1 1 1 1 1 1 1 1 1 1 1 1 1 1 1 1 
  INPUT ---       1 1 1 1 1 1 1 1 1 ;
  INPUT ---        1 1 1 1 1 1 1 1 1 1 1 1 1 1 1 1 1 1 1 1 1 1 1 1 1 1 1 1 1 
  INPUT ---       1 1 1 1 1 1 1 1 ;
  INPUT ---        1 1 1 1 1 1 1 1 1 1 1 1 1 1 1 1 1 1 1 1 1 1 1 1 1 1 1 1 1 
  INPUT ---       1 1 1 1 1 1 1 ;
  INPUT ---        1 1 1 1 1 1 1 1 1 1 1 1 1 1 1 1 1 1 1 1 1 1 1 1 1 1 1 1 1 
  INPUT ---       1 1 1 1 1 1 ;
  INPUT ---        1 1 1 1 1 1 1 1 1 1 1 1 1 1 1 1 1 1 1 1 1 1 1 1 1 1 1 1 1 
  INPUT ---       1 1 1 1 1 ;
  INPUT ---        1 1 1 1 1 1 1 1 1 1 1 1 1 1 1 1 1 1 1 1 1 1 1 1 1 1 1 1 1 
  INPUT ---       1 1 1 1 ;
  INPUT ---        1 1 1 1 1 1 1 1 1 1 1 1 1 1 1 1 1 1 1 1 1 1 1 1 1 1 1 1 1 
  INPUT ---       1 1 1 ;
  INPUT ---        1 1 1 1 1 1 1 1 1 1 1 1 1 1 1 1 1 1 1 1 1 1 1 1 1 1 1 1 1 
  INPUT ---       1 1 ;
  INPUT ---        1 1 1 1 1 1 1 1 1 1 1 1 1 1 1 1 1 1 1 1 1 1 1 1 1 1 1 1 1 
  INPUT ---       1 ;
  INPUT ---        1 1 1 1 1 1 1 1 1 1 1 1 1 1 1 1 1 1 1 1 1 1 1 1 1 1 1 1 1 ;
  INPUT ---        1 1 1 1 1 1 1 1 1 1 1 1 1 1 1 1 1 1 1 1 1 1 1 1 1 1 1 1 ;
  INPUT ---        1 1 1 1 1 1 1 1 1 1 1 1 1 1 1 1 1 1 1 1 1 1 1 1 1 1 1 ;
  INPUT ---        1 1 1 1 1 1 1 1 1 1 1 1 1 1 1 1 1 1 1 1 1 1 1 1 1 1 ;
  INPUT ---        1 1 1 1 1 1 1 1 1 1 1 1 1 1 1 1 1 1 1 1 1 1 1 1 1 ;
  INPUT ---        1 1 1 1 1 1 1 1 1 1 1 1 1 1 1 1 1 1 1 1 1 1 1 1 ;
  INPUT ---        1 1 1 1 1 1 1 1 1 1 1 1 1 1 1 1 1 1 1 1 1 1 1 ;
  INPUT ---        1 1 1 1 1 1 1 1 1 1 1 1 1 1 1 1 1 1 1 1 1 1 ;
  INPUT ---        1 1 1 1 1 1 1 1 1 1 1 1 1 1 1 1 1 1 1 1 1 ;
  INPUT ---        1 1 1 1 1 1 1 1 1 1 1 1 1 1 1 1 1 1 1 1 ;
  INPUT ---        1 1 1 1 1 1 1 1 1 1 1 1 1 1 1 1 1 1 1 ;
  INPUT ---        1 1 1 1 1 1 1 1 1 1 1 1 1 1 1 1 1 1 ;
  INPUT ---        1 1 1 1 1 1 1 1 1 1 1 1 1 1 1 1 1 ;
  INPUT ---        1 1 1 1 1 1 1 1 1 1 1 1 1 1 1 1 ;

  Program  MARK  - Survival Rate Estimation with Capture-Recapture Data
   gfortran(Win64) Vers. 8.2 Mar 2017   11-Apr-2017 09:07:54    Page  003
 - - - - - - - - - - - - - - - - - - - - - - - - - - - - - - - - - - - - - -
 
  INPUT ---        1 1 1 1 1 1 1 1 1 1 1 1 1 1 1 ;
  INPUT ---        1 1 1 1 1 1 1 1 1 1 1 1 1 1 ;
  INPUT ---        1 1 1 1 1 1 1 1 1 1 1 1 1 ;
  INPUT ---        1 1 1 1 1 1 1 1 1 1 1 1 ;
  INPUT ---        1 1 1 1 1 1 1 1 1 1 1 ;
  INPUT ---        1 1 1 1 1 1 1 1 1 1 ;
  INPUT ---        1 1 1 1 1 1 1 1 1 ;
  INPUT ---        1 1 1 1 1 1 1 1 ;
  INPUT ---        1 1 1 1 1 1 1 ;
  INPUT ---        1 1 1 1 1 1 ;
  INPUT ---        1 1 1 1 1 ;
  INPUT ---        1 1 1 1 ;
  INPUT ---        1 1 1 ;
  INPUT ---        1 1 ;
  INPUT ---        1 ;

  INPUT ---    group=2 Phi    rows=41 cols=41 Triang ;
  INPUT ---        1 1 1 1 1 1 1 1 1 1 1 1 1 1 1 1 1 1 1 1 1 1 1 1 1 1 1 1 1 
  INPUT ---       1 1 1 1 1 1 1 1 1 1 1 1 ;
  INPUT ---        1 1 1 1 1 1 1 1 1 1 1 1 1 1 1 1 1 1 1 1 1 1 1 1 1 1 1 1 1 
  INPUT ---       1 1 1 1 1 1 1 1 1 1 1 ;
  INPUT ---        1 1 1 1 1 1 1 1 1 1 1 1 1 1 1 1 1 1 1 1 1 1 1 1 1 1 1 1 1 
  INPUT ---       1 1 1 1 1 1 1 1 1 1 ;
  INPUT ---        1 1 1 1 1 1 1 1 1 1 1 1 1 1 1 1 1 1 1 1 1 1 1 1 1 1 1 1 1 
  INPUT ---       1 1 1 1 1 1 1 1 1 ;
  INPUT ---        1 1 1 1 1 1 1 1 1 1 1 1 1 1 1 1 1 1 1 1 1 1 1 1 1 1 1 1 1 
  INPUT ---       1 1 1 1 1 1 1 1 ;
  INPUT ---        1 1 1 1 1 1 1 1 1 1 1 1 1 1 1 1 1 1 1 1 1 1 1 1 1 1 1 1 1 
  INPUT ---       1 1 1 1 1 1 1 ;
  INPUT ---        1 1 1 1 1 1 1 1 1 1 1 1 1 1 1 1 1 1 1 1 1 1 1 1 1 1 1 1 1 
  INPUT ---       1 1 1 1 1 1 ;
  INPUT ---        1 1 1 1 1 1 1 1 1 1 1 1 1 1 1 1 1 1 1 1 1 1 1 1 1 1 1 1 1 
  INPUT ---       1 1 1 1 1 ;
  INPUT ---        1 1 1 1 1 1 1 1 1 1 1 1 1 1 1 1 1 1 1 1 1 1 1 1 1 1 1 1 1 
  INPUT ---       1 1 1 1 ;
  INPUT ---        1 1 1 1 1 1 1 1 1 1 1 1 1 1 1 1 1 1 1 1 1 1 1 1 1 1 1 1 1 
  INPUT ---       1 1 1 ;
  INPUT ---        1 1 1 1 1 1 1 1 1 1 1 1 1 1 1 1 1 1 1 1 1 1 1 1 1 1 1 1 1 
  INPUT ---       1 1 ;
  INPUT ---        1 1 1 1 1 1 1 1 1 1 1 1 1 1 1 1 1 1 1 1 1 1 1 1 1 1 1 1 1 
  INPUT ---       1 ;
  INPUT ---        1 1 1 1 1 1 1 1 1 1 1 1 1 1 1 1 1 1 1 1 1 1 1 1 1 1 1 1 1 ;
  INPUT ---        1 1 1 1 1 1 1 1 1 1 1 1 1 1 1 1 1 1 1 1 1 1 1 1 1 1 1 1 ;
  INPUT ---        1 1 1 1 1 1 1 1 1 1 1 1 1 1 1 1 1 1 1 1 1 1 1 1 1 1 1 ;
  INPUT ---        1 1 1 1 1 1 1 1 1 1 1 1 1 1 1 1 1 1 1 1 1 1 1 1 1 1 ;
  INPUT ---        1 1 1 1 1 1 1 1 1 1 1 1 1 1 1 1 1 1 1 1 1 1 1 1 1 ;

  Program  MARK  - Survival Rate Estimation with Capture-Recapture Data
   gfortran(Win64) Vers. 8.2 Mar 2017   11-Apr-2017 09:07:54    Page  004
 - - - - - - - - - - - - - - - - - - - - - - - - - - - - - - - - - - - - - -
 
  INPUT ---        1 1 1 1 1 1 1 1 1 1 1 1 1 1 1 1 1 1 1 1 1 1 1 1 ;
  INPUT ---        1 1 1 1 1 1 1 1 1 1 1 1 1 1 1 1 1 1 1 1 1 1 1 ;
  INPUT ---        1 1 1 1 1 1 1 1 1 1 1 1 1 1 1 1 1 1 1 1 1 1 ;
  INPUT ---        1 1 1 1 1 1 1 1 1 1 1 1 1 1 1 1 1 1 1 1 1 ;
  INPUT ---        1 1 1 1 1 1 1 1 1 1 1 1 1 1 1 1 1 1 1 1 ;
  INPUT ---        1 1 1 1 1 1 1 1 1 1 1 1 1 1 1 1 1 1 1 ;
  INPUT ---        1 1 1 1 1 1 1 1 1 1 1 1 1 1 1 1 1 1 ;
  INPUT ---        1 1 1 1 1 1 1 1 1 1 1 1 1 1 1 1 1 ;
  INPUT ---        1 1 1 1 1 1 1 1 1 1 1 1 1 1 1 1 ;
  INPUT ---        1 1 1 1 1 1 1 1 1 1 1 1 1 1 1 ;
  INPUT ---        1 1 1 1 1 1 1 1 1 1 1 1 1 1 ;
  INPUT ---        1 1 1 1 1 1 1 1 1 1 1 1 1 ;
  INPUT ---        1 1 1 1 1 1 1 1 1 1 1 1 ;
  INPUT ---        1 1 1 1 1 1 1 1 1 1 1 ;
  INPUT ---        1 1 1 1 1 1 1 1 1 1 ;
  INPUT ---        1 1 1 1 1 1 1 1 1 ;
  INPUT ---        1 1 1 1 1 1 1 1 ;
  INPUT ---        1 1 1 1 1 1 1 ;
  INPUT ---        1 1 1 1 1 1 ;
  INPUT ---        1 1 1 1 1 ;
  INPUT ---        1 1 1 1 ;
  INPUT ---        1 1 1 ;
  INPUT ---        1 1 ;
  INPUT ---        1 ;

  INPUT ---    group=3 Phi    rows=41 cols=41 Triang ;
  INPUT ---        1 1 1 1 1 1 1 1 1 1 1 1 1 1 1 1 1 1 1 1 1 1 1 1 1 1 1 1 1 
  INPUT ---       1 1 1 1 1 1 1 1 1 1 1 1 ;
  INPUT ---        1 1 1 1 1 1 1 1 1 1 1 1 1 1 1 1 1 1 1 1 1 1 1 1 1 1 1 1 1 
  INPUT ---       1 1 1 1 1 1 1 1 1 1 1 ;
  INPUT ---        1 1 1 1 1 1 1 1 1 1 1 1 1 1 1 1 1 1 1 1 1 1 1 1 1 1 1 1 1 
  INPUT ---       1 1 1 1 1 1 1 1 1 1 ;
  INPUT ---        1 1 1 1 1 1 1 1 1 1 1 1 1 1 1 1 1 1 1 1 1 1 1 1 1 1 1 1 1 
  INPUT ---       1 1 1 1 1 1 1 1 1 ;
  INPUT ---        1 1 1 1 1 1 1 1 1 1 1 1 1 1 1 1 1 1 1 1 1 1 1 1 1 1 1 1 1 
  INPUT ---       1 1 1 1 1 1 1 1 ;
  INPUT ---        1 1 1 1 1 1 1 1 1 1 1 1 1 1 1 1 1 1 1 1 1 1 1 1 1 1 1 1 1 
  INPUT ---       1 1 1 1 1 1 1 ;
  INPUT ---        1 1 1 1 1 1 1 1 1 1 1 1 1 1 1 1 1 1 1 1 1 1 1 1 1 1 1 1 1 
  INPUT ---       1 1 1 1 1 1 ;
  INPUT ---        1 1 1 1 1 1 1 1 1 1 1 1 1 1 1 1 1 1 1 1 1 1 1 1 1 1 1 1 1 
  INPUT ---       1 1 1 1 1 ;
  INPUT ---        1 1 1 1 1 1 1 1 1 1 1 1 1 1 1 1 1 1 1 1 1 1 1 1 1 1 1 1 1 
  INPUT ---       1 1 1 1 ;
  INPUT ---        1 1 1 1 1 1 1 1 1 1 1 1 1 1 1 1 1 1 1 1 1 1 1 1 1 1 1 1 1 
  INPUT ---       1 1 1 ;

  Program  MARK  - Survival Rate Estimation with Capture-Recapture Data
   gfortran(Win64) Vers. 8.2 Mar 2017   11-Apr-2017 09:07:54    Page  005
 - - - - - - - - - - - - - - - - - - - - - - - - - - - - - - - - - - - - - -
 
  INPUT ---        1 1 1 1 1 1 1 1 1 1 1 1 1 1 1 1 1 1 1 1 1 1 1 1 1 1 1 1 1 
  INPUT ---       1 1 ;
  INPUT ---        1 1 1 1 1 1 1 1 1 1 1 1 1 1 1 1 1 1 1 1 1 1 1 1 1 1 1 1 1 
  INPUT ---       1 ;
  INPUT ---        1 1 1 1 1 1 1 1 1 1 1 1 1 1 1 1 1 1 1 1 1 1 1 1 1 1 1 1 1 ;
  INPUT ---        1 1 1 1 1 1 1 1 1 1 1 1 1 1 1 1 1 1 1 1 1 1 1 1 1 1 1 1 ;
  INPUT ---        1 1 1 1 1 1 1 1 1 1 1 1 1 1 1 1 1 1 1 1 1 1 1 1 1 1 1 ;
  INPUT ---        1 1 1 1 1 1 1 1 1 1 1 1 1 1 1 1 1 1 1 1 1 1 1 1 1 1 ;
  INPUT ---        1 1 1 1 1 1 1 1 1 1 1 1 1 1 1 1 1 1 1 1 1 1 1 1 1 ;
  INPUT ---        1 1 1 1 1 1 1 1 1 1 1 1 1 1 1 1 1 1 1 1 1 1 1 1 ;
  INPUT ---        1 1 1 1 1 1 1 1 1 1 1 1 1 1 1 1 1 1 1 1 1 1 1 ;
  INPUT ---        1 1 1 1 1 1 1 1 1 1 1 1 1 1 1 1 1 1 1 1 1 1 ;
  INPUT ---        1 1 1 1 1 1 1 1 1 1 1 1 1 1 1 1 1 1 1 1 1 ;
  INPUT ---        1 1 1 1 1 1 1 1 1 1 1 1 1 1 1 1 1 1 1 1 ;
  INPUT ---        1 1 1 1 1 1 1 1 1 1 1 1 1 1 1 1 1 1 1 ;
  INPUT ---        1 1 1 1 1 1 1 1 1 1 1 1 1 1 1 1 1 1 ;
  INPUT ---        1 1 1 1 1 1 1 1 1 1 1 1 1 1 1 1 1 ;
  INPUT ---        1 1 1 1 1 1 1 1 1 1 1 1 1 1 1 1 ;
  INPUT ---        1 1 1 1 1 1 1 1 1 1 1 1 1 1 1 ;
  INPUT ---        1 1 1 1 1 1 1 1 1 1 1 1 1 1 ;
  INPUT ---        1 1 1 1 1 1 1 1 1 1 1 1 1 ;
  INPUT ---        1 1 1 1 1 1 1 1 1 1 1 1 ;
  INPUT ---        1 1 1 1 1 1 1 1 1 1 1 ;
  INPUT ---        1 1 1 1 1 1 1 1 1 1 ;
  INPUT ---        1 1 1 1 1 1 1 1 1 ;
  INPUT ---        1 1 1 1 1 1 1 1 ;
  INPUT ---        1 1 1 1 1 1 1 ;
  INPUT ---        1 1 1 1 1 1 ;
  INPUT ---        1 1 1 1 1 ;
  INPUT ---        1 1 1 1 ;
  INPUT ---        1 1 1 ;
  INPUT ---        1 1 ;
  INPUT ---        1 ;

  INPUT ---    group=1 p    rows=41 cols=41 Triang ;
  INPUT ---        2 3 4 5 6 7 8 9 10 11 12 13 14 15 16 17 18 19 20 21 22 23 
  INPUT ---       24 25 26 27 28 29 30 31 32 33 34 35 36 37 38 39 40 41 42 ;
  INPUT ---        3 4 5 6 7 8 9 10 11 12 13 14 15 16 17 18 19 20 21 22 23 24 
  INPUT ---       25 26 27 28 29 30 31 32 33 34 35 36 37 38 39 40 41 42 ;
  INPUT ---        4 5 6 7 8 9 10 11 12 13 14 15 16 17 18 19 20 21 22 23 24 
  INPUT ---       25 26 27 28 29 30 31 32 33 34 35 36 37 38 39 40 41 42 ;
  INPUT ---        5 6 7 8 9 10 11 12 13 14 15 16 17 18 19 20 21 22 23 24 25 
  INPUT ---       26 27 28 29 30 31 32 33 34 35 36 37 38 39 40 41 42 ;
  INPUT ---        6 7 8 9 10 11 12 13 14 15 16 17 18 19 20 21 22 23 24 25 26 
  INPUT ---       27 28 29 30 31 32 33 34 35 36 37 38 39 40 41 42 ;
  INPUT ---        7 8 9 10 11 12 13 14 15 16 17 18 19 20 21 22 23 24 25 26 

  Program  MARK  - Survival Rate Estimation with Capture-Recapture Data
   gfortran(Win64) Vers. 8.2 Mar 2017   11-Apr-2017 09:07:54    Page  006
 - - - - - - - - - - - - - - - - - - - - - - - - - - - - - - - - - - - - - -
 
  INPUT ---       27 28 29 30 31 32 33 34 35 36 37 38 39 40 41 42 ;
  INPUT ---        8 9 10 11 12 13 14 15 16 17 18 19 20 21 22 23 24 25 26 27 
  INPUT ---       28 29 30 31 32 33 34 35 36 37 38 39 40 41 42 ;
  INPUT ---        9 10 11 12 13 14 15 16 17 18 19 20 21 22 23 24 25 26 27 28 
  INPUT ---       29 30 31 32 33 34 35 36 37 38 39 40 41 42 ;
  INPUT ---        10 11 12 13 14 15 16 17 18 19 20 21 22 23 24 25 26 27 28 
  INPUT ---       29 30 31 32 33 34 35 36 37 38 39 40 41 42 ;
  INPUT ---        11 12 13 14 15 16 17 18 19 20 21 22 23 24 25 26 27 28 29 
  INPUT ---       30 31 32 33 34 35 36 37 38 39 40 41 42 ;
  INPUT ---        12 13 14 15 16 17 18 19 20 21 22 23 24 25 26 27 28 29 30 
  INPUT ---       31 32 33 34 35 36 37 38 39 40 41 42 ;
  INPUT ---        13 14 15 16 17 18 19 20 21 22 23 24 25 26 27 28 29 30 31 
  INPUT ---       32 33 34 35 36 37 38 39 40 41 42 ;
  INPUT ---        14 15 16 17 18 19 20 21 22 23 24 25 26 27 28 29 30 31 32 
  INPUT ---       33 34 35 36 37 38 39 40 41 42 ;
  INPUT ---        15 16 17 18 19 20 21 22 23 24 25 26 27 28 29 30 31 32 33 
  INPUT ---       34 35 36 37 38 39 40 41 42 ;
  INPUT ---        16 17 18 19 20 21 22 23 24 25 26 27 28 29 30 31 32 33 34 
  INPUT ---       35 36 37 38 39 40 41 42 ;
  INPUT ---        17 18 19 20 21 22 23 24 25 26 27 28 29 30 31 32 33 34 35 
  INPUT ---       36 37 38 39 40 41 42 ;
  INPUT ---        18 19 20 21 22 23 24 25 26 27 28 29 30 31 32 33 34 35 36 
  INPUT ---       37 38 39 40 41 42 ;
  INPUT ---        19 20 21 22 23 24 25 26 27 28 29 30 31 32 33 34 35 36 37 
  INPUT ---       38 39 40 41 42 ;
  INPUT ---        20 21 22 23 24 25 26 27 28 29 30 31 32 33 34 35 36 37 38 
  INPUT ---       39 40 41 42 ;
  INPUT ---        21 22 23 24 25 26 27 28 29 30 31 32 33 34 35 36 37 38 39 
  INPUT ---       40 41 42 ;
  INPUT ---        22 23 24 25 26 27 28 29 30 31 32 33 34 35 36 37 38 39 40 
  INPUT ---       41 42 ;
  INPUT ---        23 24 25 26 27 28 29 30 31 32 33 34 35 36 37 38 39 40 41 
  INPUT ---       42 ;
  INPUT ---        24 25 26 27 28 29 30 31 32 33 34 35 36 37 38 39 40 41 42 ;
  INPUT ---        25 26 27 28 29 30 31 32 33 34 35 36 37 38 39 40 41 42 ;
  INPUT ---        26 27 28 29 30 31 32 33 34 35 36 37 38 39 40 41 42 ;
  INPUT ---        27 28 29 30 31 32 33 34 35 36 37 38 39 40 41 42 ;
  INPUT ---        28 29 30 31 32 33 34 35 36 37 38 39 40 41 42 ;
  INPUT ---        29 30 31 32 33 34 35 36 37 38 39 40 41 42 ;
  INPUT ---        30 31 32 33 34 35 36 37 38 39 40 41 42 ;
  INPUT ---        31 32 33 34 35 36 37 38 39 40 41 42 ;
  INPUT ---        32 33 34 35 36 37 38 39 40 41 42 ;
  INPUT ---        33 34 35 36 37 38 39 40 41 42 ;
  INPUT ---        34 35 36 37 38 39 40 41 42 ;
  INPUT ---        35 36 37 38 39 40 41 42 ;
  INPUT ---        36 37 38 39 40 41 42 ;

  Program  MARK  - Survival Rate Estimation with Capture-Recapture Data
   gfortran(Win64) Vers. 8.2 Mar 2017   11-Apr-2017 09:07:54    Page  007
 - - - - - - - - - - - - - - - - - - - - - - - - - - - - - - - - - - - - - -
 
  INPUT ---        37 38 39 40 41 42 ;
  INPUT ---        38 39 40 41 42 ;
  INPUT ---        39 40 41 42 ;
  INPUT ---        40 41 42 ;
  INPUT ---        41 42 ;
  INPUT ---        42 ;

  INPUT ---    group=2 p    rows=41 cols=41 Triang ;
  INPUT ---        2 3 4 5 6 7 8 9 10 11 12 13 14 15 16 17 18 19 20 21 22 23 
  INPUT ---       24 25 26 27 28 29 30 31 32 33 34 35 36 37 38 39 40 41 42 ;
  INPUT ---        3 4 5 6 7 8 9 10 11 12 13 14 15 16 17 18 19 20 21 22 23 24 
  INPUT ---       25 26 27 28 29 30 31 32 33 34 35 36 37 38 39 40 41 42 ;
  INPUT ---        4 5 6 7 8 9 10 11 12 13 14 15 16 17 18 19 20 21 22 23 24 
  INPUT ---       25 26 27 28 29 30 31 32 33 34 35 36 37 38 39 40 41 42 ;
  INPUT ---        5 6 7 8 9 10 11 12 13 14 15 16 17 18 19 20 21 22 23 24 25 
  INPUT ---       26 27 28 29 30 31 32 33 34 35 36 37 38 39 40 41 42 ;
  INPUT ---        6 7 8 9 10 11 12 13 14 15 16 17 18 19 20 21 22 23 24 25 26 
  INPUT ---       27 28 29 30 31 32 33 34 35 36 37 38 39 40 41 42 ;
  INPUT ---        7 8 9 10 11 12 13 14 15 16 17 18 19 20 21 22 23 24 25 26 
  INPUT ---       27 28 29 30 31 32 33 34 35 36 37 38 39 40 41 42 ;
  INPUT ---        8 9 10 11 12 13 14 15 16 17 18 19 20 21 22 23 24 25 26 27 
  INPUT ---       28 29 30 31 32 33 34 35 36 37 38 39 40 41 42 ;
  INPUT ---        9 10 11 12 13 14 15 16 17 18 19 20 21 22 23 24 25 26 27 28 
  INPUT ---       29 30 31 32 33 34 35 36 37 38 39 40 41 42 ;
  INPUT ---        10 11 12 13 14 15 16 17 18 19 20 21 22 23 24 25 26 27 28 
  INPUT ---       29 30 31 32 33 34 35 36 37 38 39 40 41 42 ;
  INPUT ---        11 12 13 14 15 16 17 18 19 20 21 22 23 24 25 26 27 28 29 
  INPUT ---       30 31 32 33 34 35 36 37 38 39 40 41 42 ;
  INPUT ---        12 13 14 15 16 17 18 19 20 21 22 23 24 25 26 27 28 29 30 
  INPUT ---       31 32 33 34 35 36 37 38 39 40 41 42 ;
  INPUT ---        13 14 15 16 17 18 19 20 21 22 23 24 25 26 27 28 29 30 31 
  INPUT ---       32 33 34 35 36 37 38 39 40 41 42 ;
  INPUT ---        14 15 16 17 18 19 20 21 22 23 24 25 26 27 28 29 30 31 32 
  INPUT ---       33 34 35 36 37 38 39 40 41 42 ;
  INPUT ---        15 16 17 18 19 20 21 22 23 24 25 26 27 28 29 30 31 32 33 
  INPUT ---       34 35 36 37 38 39 40 41 42 ;
  INPUT ---        16 17 18 19 20 21 22 23 24 25 26 27 28 29 30 31 32 33 34 
  INPUT ---       35 36 37 38 39 40 41 42 ;
  INPUT ---        17 18 19 20 21 22 23 24 25 26 27 28 29 30 31 32 33 34 35 
  INPUT ---       36 37 38 39 40 41 42 ;
  INPUT ---        18 19 20 21 22 23 24 25 26 27 28 29 30 31 32 33 34 35 36 
  INPUT ---       37 38 39 40 41 42 ;
  INPUT ---        19 20 21 22 23 24 25 26 27 28 29 30 31 32 33 34 35 36 37 
  INPUT ---       38 39 40 41 42 ;
  INPUT ---        20 21 22 23 24 25 26 27 28 29 30 31 32 33 34 35 36 37 38 
  INPUT ---       39 40 41 42 ;

  Program  MARK  - Survival Rate Estimation with Capture-Recapture Data
   gfortran(Win64) Vers. 8.2 Mar 2017   11-Apr-2017 09:07:54    Page  008
 - - - - - - - - - - - - - - - - - - - - - - - - - - - - - - - - - - - - - -
 
  INPUT ---        21 22 23 24 25 26 27 28 29 30 31 32 33 34 35 36 37 38 39 
  INPUT ---       40 41 42 ;
  INPUT ---        22 23 24 25 26 27 28 29 30 31 32 33 34 35 36 37 38 39 40 
  INPUT ---       41 42 ;
  INPUT ---        23 24 25 26 27 28 29 30 31 32 33 34 35 36 37 38 39 40 41 
  INPUT ---       42 ;
  INPUT ---        24 25 26 27 28 29 30 31 32 33 34 35 36 37 38 39 40 41 42 ;
  INPUT ---        25 26 27 28 29 30 31 32 33 34 35 36 37 38 39 40 41 42 ;
  INPUT ---        26 27 28 29 30 31 32 33 34 35 36 37 38 39 40 41 42 ;
  INPUT ---        27 28 29 30 31 32 33 34 35 36 37 38 39 40 41 42 ;
  INPUT ---        28 29 30 31 32 33 34 35 36 37 38 39 40 41 42 ;
  INPUT ---        29 30 31 32 33 34 35 36 37 38 39 40 41 42 ;
  INPUT ---        30 31 32 33 34 35 36 37 38 39 40 41 42 ;
  INPUT ---        31 32 33 34 35 36 37 38 39 40 41 42 ;
  INPUT ---        32 33 34 35 36 37 38 39 40 41 42 ;
  INPUT ---        33 34 35 36 37 38 39 40 41 42 ;
  INPUT ---        34 35 36 37 38 39 40 41 42 ;
  INPUT ---        35 36 37 38 39 40 41 42 ;
  INPUT ---        36 37 38 39 40 41 42 ;
  INPUT ---        37 38 39 40 41 42 ;
  INPUT ---        38 39 40 41 42 ;
  INPUT ---        39 40 41 42 ;
  INPUT ---        40 41 42 ;
  INPUT ---        41 42 ;
  INPUT ---        42 ;

  INPUT ---    group=3 p    rows=41 cols=41 Triang ;
  INPUT ---        2 3 4 5 6 7 8 9 10 11 12 13 14 15 16 17 18 19 20 21 22 23 
  INPUT ---       24 25 26 27 28 29 30 31 32 33 34 35 36 37 38 39 40 41 42 ;
  INPUT ---        3 4 5 6 7 8 9 10 11 12 13 14 15 16 17 18 19 20 21 22 23 24 
  INPUT ---       25 26 27 28 29 30 31 32 33 34 35 36 37 38 39 40 41 42 ;
  INPUT ---        4 5 6 7 8 9 10 11 12 13 14 15 16 17 18 19 20 21 22 23 24 
  INPUT ---       25 26 27 28 29 30 31 32 33 34 35 36 37 38 39 40 41 42 ;
  INPUT ---        5 6 7 8 9 10 11 12 13 14 15 16 17 18 19 20 21 22 23 24 25 
  INPUT ---       26 27 28 29 30 31 32 33 34 35 36 37 38 39 40 41 42 ;
  INPUT ---        6 7 8 9 10 11 12 13 14 15 16 17 18 19 20 21 22 23 24 25 26 
  INPUT ---       27 28 29 30 31 32 33 34 35 36 37 38 39 40 41 42 ;
  INPUT ---        7 8 9 10 11 12 13 14 15 16 17 18 19 20 21 22 23 24 25 26 
  INPUT ---       27 28 29 30 31 32 33 34 35 36 37 38 39 40 41 42 ;
  INPUT ---        8 9 10 11 12 13 14 15 16 17 18 19 20 21 22 23 24 25 26 27 
  INPUT ---       28 29 30 31 32 33 34 35 36 37 38 39 40 41 42 ;
  INPUT ---        9 10 11 12 13 14 15 16 17 18 19 20 21 22 23 24 25 26 27 28 
  INPUT ---       29 30 31 32 33 34 35 36 37 38 39 40 41 42 ;
  INPUT ---        10 11 12 13 14 15 16 17 18 19 20 21 22 23 24 25 26 27 28 
  INPUT ---       29 30 31 32 33 34 35 36 37 38 39 40 41 42 ;
  INPUT ---        11 12 13 14 15 16 17 18 19 20 21 22 23 24 25 26 27 28 29 

  Program  MARK  - Survival Rate Estimation with Capture-Recapture Data
   gfortran(Win64) Vers. 8.2 Mar 2017   11-Apr-2017 09:07:54    Page  009
 - - - - - - - - - - - - - - - - - - - - - - - - - - - - - - - - - - - - - -
 
  INPUT ---       30 31 32 33 34 35 36 37 38 39 40 41 42 ;
  INPUT ---        12 13 14 15 16 17 18 19 20 21 22 23 24 25 26 27 28 29 30 
  INPUT ---       31 32 33 34 35 36 37 38 39 40 41 42 ;
  INPUT ---        13 14 15 16 17 18 19 20 21 22 23 24 25 26 27 28 29 30 31 
  INPUT ---       32 33 34 35 36 37 38 39 40 41 42 ;
  INPUT ---        14 15 16 17 18 19 20 21 22 23 24 25 26 27 28 29 30 31 32 
  INPUT ---       33 34 35 36 37 38 39 40 41 42 ;
  INPUT ---        15 16 17 18 19 20 21 22 23 24 25 26 27 28 29 30 31 32 33 
  INPUT ---       34 35 36 37 38 39 40 41 42 ;
  INPUT ---        16 17 18 19 20 21 22 23 24 25 26 27 28 29 30 31 32 33 34 
  INPUT ---       35 36 37 38 39 40 41 42 ;
  INPUT ---        17 18 19 20 21 22 23 24 25 26 27 28 29 30 31 32 33 34 35 
  INPUT ---       36 37 38 39 40 41 42 ;
  INPUT ---        18 19 20 21 22 23 24 25 26 27 28 29 30 31 32 33 34 35 36 
  INPUT ---       37 38 39 40 41 42 ;
  INPUT ---        19 20 21 22 23 24 25 26 27 28 29 30 31 32 33 34 35 36 37 
  INPUT ---       38 39 40 41 42 ;
  INPUT ---        20 21 22 23 24 25 26 27 28 29 30 31 32 33 34 35 36 37 38 
  INPUT ---       39 40 41 42 ;
  INPUT ---        21 22 23 24 25 26 27 28 29 30 31 32 33 34 35 36 37 38 39 
  INPUT ---       40 41 42 ;
  INPUT ---        22 23 24 25 26 27 28 29 30 31 32 33 34 35 36 37 38 39 40 
  INPUT ---       41 42 ;
  INPUT ---        23 24 25 26 27 28 29 30 31 32 33 34 35 36 37 38 39 40 41 
  INPUT ---       42 ;
  INPUT ---        24 25 26 27 28 29 30 31 32 33 34 35 36 37 38 39 40 41 42 ;
  INPUT ---        25 26 27 28 29 30 31 32 33 34 35 36 37 38 39 40 41 42 ;
  INPUT ---        26 27 28 29 30 31 32 33 34 35 36 37 38 39 40 41 42 ;
  INPUT ---        27 28 29 30 31 32 33 34 35 36 37 38 39 40 41 42 ;
  INPUT ---        28 29 30 31 32 33 34 35 36 37 38 39 40 41 42 ;
  INPUT ---        29 30 31 32 33 34 35 36 37 38 39 40 41 42 ;
  INPUT ---        30 31 32 33 34 35 36 37 38 39 40 41 42 ;
  INPUT ---        31 32 33 34 35 36 37 38 39 40 41 42 ;
  INPUT ---        32 33 34 35 36 37 38 39 40 41 42 ;
  INPUT ---        33 34 35 36 37 38 39 40 41 42 ;
  INPUT ---        34 35 36 37 38 39 40 41 42 ;
  INPUT ---        35 36 37 38 39 40 41 42 ;
  INPUT ---        36 37 38 39 40 41 42 ;
  INPUT ---        37 38 39 40 41 42 ;
  INPUT ---        38 39 40 41 42 ;
  INPUT ---        39 40 41 42 ;
  INPUT ---        40 41 42 ;
  INPUT ---        41 42 ;
  INPUT ---        42 ;

  INPUT ---    design matrix constraints=42 covariates=42;

  Program  MARK  - Survival Rate Estimation with Capture-Recapture Data
   gfortran(Win64) Vers. 8.2 Mar 2017   11-Apr-2017 09:07:54    Page  010
 - - - - - - - - - - - - - - - - - - - - - - - - - - - - - - - - - - - - - -
 
  INPUT ---        1 0 0 0 0 0 0 0 0 0 0 0 0 0 0 0 0 0 0 0 0 0 0 0 0 0 0 0 0 
  INPUT ---       0 0 0 0 0 0 0 0 0 0 0 0 0;
  INPUT ---        0 1 0 0 0 0 0 0 0 0 0 0 0 0 0 0 0 0 0 0 0 0 0 0 0 0 0 0 0 
  INPUT ---       0 0 0 0 0 0 0 0 0 0 0 0 0;
  INPUT ---        0 1 1 0 0 0 0 0 0 0 0 0 0 0 0 0 0 0 0 0 0 0 0 0 0 0 0 0 0 
  INPUT ---       0 0 0 0 0 0 0 0 0 0 0 0 0;
  INPUT ---        0 1 0 1 0 0 0 0 0 0 0 0 0 0 0 0 0 0 0 0 0 0 0 0 0 0 0 0 0 
  INPUT ---       0 0 0 0 0 0 0 0 0 0 0 0 0;
  INPUT ---        0 1 0 0 1 0 0 0 0 0 0 0 0 0 0 0 0 0 0 0 0 0 0 0 0 0 0 0 0 
  INPUT ---       0 0 0 0 0 0 0 0 0 0 0 0 0;
  INPUT ---        0 1 0 0 0 1 0 0 0 0 0 0 0 0 0 0 0 0 0 0 0 0 0 0 0 0 0 0 0 
  INPUT ---       0 0 0 0 0 0 0 0 0 0 0 0 0;
  INPUT ---        0 1 0 0 0 0 1 0 0 0 0 0 0 0 0 0 0 0 0 0 0 0 0 0 0 0 0 0 0 
  INPUT ---       0 0 0 0 0 0 0 0 0 0 0 0 0;
  INPUT ---        0 1 0 0 0 0 0 1 0 0 0 0 0 0 0 0 0 0 0 0 0 0 0 0 0 0 0 0 0 
  INPUT ---       0 0 0 0 0 0 0 0 0 0 0 0 0;
  INPUT ---        0 1 0 0 0 0 0 0 1 0 0 0 0 0 0 0 0 0 0 0 0 0 0 0 0 0 0 0 0 
  INPUT ---       0 0 0 0 0 0 0 0 0 0 0 0 0;
  INPUT ---        0 1 0 0 0 0 0 0 0 1 0 0 0 0 0 0 0 0 0 0 0 0 0 0 0 0 0 0 0 
  INPUT ---       0 0 0 0 0 0 0 0 0 0 0 0 0;
  INPUT ---        0 1 0 0 0 0 0 0 0 0 1 0 0 0 0 0 0 0 0 0 0 0 0 0 0 0 0 0 0 
  INPUT ---       0 0 0 0 0 0 0 0 0 0 0 0 0;
  INPUT ---        0 1 0 0 0 0 0 0 0 0 0 1 0 0 0 0 0 0 0 0 0 0 0 0 0 0 0 0 0 
  INPUT ---       0 0 0 0 0 0 0 0 0 0 0 0 0;
  INPUT ---        0 1 0 0 0 0 0 0 0 0 0 0 1 0 0 0 0 0 0 0 0 0 0 0 0 0 0 0 0 
  INPUT ---       0 0 0 0 0 0 0 0 0 0 0 0 0;
  INPUT ---        0 1 0 0 0 0 0 0 0 0 0 0 0 1 0 0 0 0 0 0 0 0 0 0 0 0 0 0 0 
  INPUT ---       0 0 0 0 0 0 0 0 0 0 0 0 0;
  INPUT ---        0 1 0 0 0 0 0 0 0 0 0 0 0 0 1 0 0 0 0 0 0 0 0 0 0 0 0 0 0 
  INPUT ---       0 0 0 0 0 0 0 0 0 0 0 0 0;
  INPUT ---        0 1 0 0 0 0 0 0 0 0 0 0 0 0 0 1 0 0 0 0 0 0 0 0 0 0 0 0 0 
  INPUT ---       0 0 0 0 0 0 0 0 0 0 0 0 0;
  INPUT ---        0 1 0 0 0 0 0 0 0 0 0 0 0 0 0 0 1 0 0 0 0 0 0 0 0 0 0 0 0 
  INPUT ---       0 0 0 0 0 0 0 0 0 0 0 0 0;
  INPUT ---        0 1 0 0 0 0 0 0 0 0 0 0 0 0 0 0 0 1 0 0 0 0 0 0 0 0 0 0 0 
  INPUT ---       0 0 0 0 0 0 0 0 0 0 0 0 0;
  INPUT ---        0 1 0 0 0 0 0 0 0 0 0 0 0 0 0 0 0 0 1 0 0 0 0 0 0 0 0 0 0 
  INPUT ---       0 0 0 0 0 0 0 0 0 0 0 0 0;
  INPUT ---        0 1 0 0 0 0 0 0 0 0 0 0 0 0 0 0 0 0 0 1 0 0 0 0 0 0 0 0 0 
  INPUT ---       0 0 0 0 0 0 0 0 0 0 0 0 0;
  INPUT ---        0 1 0 0 0 0 0 0 0 0 0 0 0 0 0 0 0 0 0 0 1 0 0 0 0 0 0 0 0 
  INPUT ---       0 0 0 0 0 0 0 0 0 0 0 0 0;
  INPUT ---        0 1 0 0 0 0 0 0 0 0 0 0 0 0 0 0 0 0 0 0 0 1 0 0 0 0 0 0 0 
  INPUT ---       0 0 0 0 0 0 0 0 0 0 0 0 0;
  INPUT ---        0 1 0 0 0 0 0 0 0 0 0 0 0 0 0 0 0 0 0 0 0 0 1 0 0 0 0 0 0 
  INPUT ---       0 0 0 0 0 0 0 0 0 0 0 0 0;

  Program  MARK  - Survival Rate Estimation with Capture-Recapture Data
   gfortran(Win64) Vers. 8.2 Mar 2017   11-Apr-2017 09:07:54    Page  011
 - - - - - - - - - - - - - - - - - - - - - - - - - - - - - - - - - - - - - -
 
  INPUT ---        0 1 0 0 0 0 0 0 0 0 0 0 0 0 0 0 0 0 0 0 0 0 0 1 0 0 0 0 0 
  INPUT ---       0 0 0 0 0 0 0 0 0 0 0 0 0;
  INPUT ---        0 1 0 0 0 0 0 0 0 0 0 0 0 0 0 0 0 0 0 0 0 0 0 0 1 0 0 0 0 
  INPUT ---       0 0 0 0 0 0 0 0 0 0 0 0 0;
  INPUT ---        0 1 0 0 0 0 0 0 0 0 0 0 0 0 0 0 0 0 0 0 0 0 0 0 0 1 0 0 0 
  INPUT ---       0 0 0 0 0 0 0 0 0 0 0 0 0;
  INPUT ---        0 1 0 0 0 0 0 0 0 0 0 0 0 0 0 0 0 0 0 0 0 0 0 0 0 0 1 0 0 
  INPUT ---       0 0 0 0 0 0 0 0 0 0 0 0 0;
  INPUT ---        0 1 0 0 0 0 0 0 0 0 0 0 0 0 0 0 0 0 0 0 0 0 0 0 0 0 0 1 0 
  INPUT ---       0 0 0 0 0 0 0 0 0 0 0 0 0;
  INPUT ---        0 1 0 0 0 0 0 0 0 0 0 0 0 0 0 0 0 0 0 0 0 0 0 0 0 0 0 0 1 
  INPUT ---       0 0 0 0 0 0 0 0 0 0 0 0 0;
  INPUT ---        0 1 0 0 0 0 0 0 0 0 0 0 0 0 0 0 0 0 0 0 0 0 0 0 0 0 0 0 0 
  INPUT ---       1 0 0 0 0 0 0 0 0 0 0 0 0;
  INPUT ---        0 1 0 0 0 0 0 0 0 0 0 0 0 0 0 0 0 0 0 0 0 0 0 0 0 0 0 0 0 
  INPUT ---       0 1 0 0 0 0 0 0 0 0 0 0 0;
  INPUT ---        0 1 0 0 0 0 0 0 0 0 0 0 0 0 0 0 0 0 0 0 0 0 0 0 0 0 0 0 0 
  INPUT ---       0 0 1 0 0 0 0 0 0 0 0 0 0;
  INPUT ---        0 1 0 0 0 0 0 0 0 0 0 0 0 0 0 0 0 0 0 0 0 0 0 0 0 0 0 0 0 
  INPUT ---       0 0 0 1 0 0 0 0 0 0 0 0 0;
  INPUT ---        0 1 0 0 0 0 0 0 0 0 0 0 0 0 0 0 0 0 0 0 0 0 0 0 0 0 0 0 0 
  INPUT ---       0 0 0 0 1 0 0 0 0 0 0 0 0;
  INPUT ---        0 1 0 0 0 0 0 0 0 0 0 0 0 0 0 0 0 0 0 0 0 0 0 0 0 0 0 0 0 
  INPUT ---       0 0 0 0 0 1 0 0 0 0 0 0 0;
  INPUT ---        0 1 0 0 0 0 0 0 0 0 0 0 0 0 0 0 0 0 0 0 0 0 0 0 0 0 0 0 0 
  INPUT ---       0 0 0 0 0 0 1 0 0 0 0 0 0;
  INPUT ---        0 1 0 0 0 0 0 0 0 0 0 0 0 0 0 0 0 0 0 0 0 0 0 0 0 0 0 0 0 
  INPUT ---       0 0 0 0 0 0 0 1 0 0 0 0 0;
  INPUT ---        0 1 0 0 0 0 0 0 0 0 0 0 0 0 0 0 0 0 0 0 0 0 0 0 0 0 0 0 0 
  INPUT ---       0 0 0 0 0 0 0 0 1 0 0 0 0;
  INPUT ---        0 1 0 0 0 0 0 0 0 0 0 0 0 0 0 0 0 0 0 0 0 0 0 0 0 0 0 0 0 
  INPUT ---       0 0 0 0 0 0 0 0 0 1 0 0 0;
  INPUT ---        0 1 0 0 0 0 0 0 0 0 0 0 0 0 0 0 0 0 0 0 0 0 0 0 0 0 0 0 0 
  INPUT ---       0 0 0 0 0 0 0 0 0 0 1 0 0;
  INPUT ---        0 1 0 0 0 0 0 0 0 0 0 0 0 0 0 0 0 0 0 0 0 0 0 0 0 0 0 0 0 
  INPUT ---       0 0 0 0 0 0 0 0 0 0 0 1 0;
  INPUT ---        0 1 0 0 0 0 0 0 0 0 0 0 0 0 0 0 0 0 0 0 0 0 0 0 0 0 0 0 0 
  INPUT ---       0 0 0 0 0 0 0 0 0 0 0 0 1;
  INPUT ---       blabel(1)=Phi:(Intercept);
  INPUT ---       blabel(2)=p:(Intercept);
  INPUT ---       blabel(3)=p:time1977;
  INPUT ---       blabel(4)=p:time1978;
  INPUT ---       blabel(5)=p:time1979;
  INPUT ---       blabel(6)=p:time1980;
  INPUT ---       blabel(7)=p:time1981;
  INPUT ---       blabel(8)=p:time1982;

  Program  MARK  - Survival Rate Estimation with Capture-Recapture Data
   gfortran(Win64) Vers. 8.2 Mar 2017   11-Apr-2017 09:07:54    Page  012
 - - - - - - - - - - - - - - - - - - - - - - - - - - - - - - - - - - - - - -
 
  INPUT ---       blabel(9)=p:time1983;
  INPUT ---       blabel(10)=p:time1984;
  INPUT ---       blabel(11)=p:time1985;
  INPUT ---       blabel(12)=p:time1986;
  INPUT ---       blabel(13)=p:time1987;
  INPUT ---       blabel(14)=p:time1988;
  INPUT ---       blabel(15)=p:time1989;
  INPUT ---       blabel(16)=p:time1990;
  INPUT ---       blabel(17)=p:time1991;
  INPUT ---       blabel(18)=p:time1992;
  INPUT ---       blabel(19)=p:time1993;
  INPUT ---       blabel(20)=p:time1994;
  INPUT ---       blabel(21)=p:time1995;
  INPUT ---       blabel(22)=p:time1996;
  INPUT ---       blabel(23)=p:time1997;
  INPUT ---       blabel(24)=p:time1998;
  INPUT ---       blabel(25)=p:time1999;
  INPUT ---       blabel(26)=p:time2000;
  INPUT ---       blabel(27)=p:time2001;
  INPUT ---       blabel(28)=p:time2002;
  INPUT ---       blabel(29)=p:time2003;
  INPUT ---       blabel(30)=p:time2004;
  INPUT ---       blabel(31)=p:time2005;
  INPUT ---       blabel(32)=p:time2006;
  INPUT ---       blabel(33)=p:time2007;
  INPUT ---       blabel(34)=p:time2008;
  INPUT ---       blabel(35)=p:time2009;
  INPUT ---       blabel(36)=p:time2010;
  INPUT ---       blabel(37)=p:time2011;
  INPUT ---       blabel(38)=p:time2012;
  INPUT ---       blabel(39)=p:time2013;
  INPUT ---       blabel(40)=p:time2014;
  INPUT ---       blabel(41)=p:time2015;
  INPUT ---       blabel(42)=p:time2016;
  INPUT ---       rlabel(1)=Phi gHYF c1975 a0 t1975;
  INPUT ---       rlabel(2)=p gHYF c1975 a1 t1976;
  INPUT ---       rlabel(3)=p gHYF c1975 a2 t1977;
  INPUT ---       rlabel(4)=p gHYF c1975 a3 t1978;
  INPUT ---       rlabel(5)=p gHYF c1975 a4 t1979;
  INPUT ---       rlabel(6)=p gHYF c1975 a5 t1980;
  INPUT ---       rlabel(7)=p gHYF c1975 a6 t1981;
  INPUT ---       rlabel(8)=p gHYF c1975 a7 t1982;
  INPUT ---       rlabel(9)=p gHYF c1975 a8 t1983;
  INPUT ---       rlabel(10)=p gHYF c1975 a9 t1984;
  INPUT ---       rlabel(11)=p gHYF c1975 a10 t1985;
  INPUT ---       rlabel(12)=p gHYF c1975 a11 t1986;

  Program  MARK  - Survival Rate Estimation with Capture-Recapture Data
   gfortran(Win64) Vers. 8.2 Mar 2017   11-Apr-2017 09:07:54    Page  013
 - - - - - - - - - - - - - - - - - - - - - - - - - - - - - - - - - - - - - -
 
  INPUT ---       rlabel(13)=p gHYF c1975 a12 t1987;
  INPUT ---       rlabel(14)=p gHYF c1975 a13 t1988;
  INPUT ---       rlabel(15)=p gHYF c1975 a14 t1989;
  INPUT ---       rlabel(16)=p gHYF c1975 a15 t1990;
  INPUT ---       rlabel(17)=p gHYF c1975 a16 t1991;
  INPUT ---       rlabel(18)=p gHYF c1975 a17 t1992;
  INPUT ---       rlabel(19)=p gHYF c1975 a18 t1993;
  INPUT ---       rlabel(20)=p gHYF c1975 a19 t1994;
  INPUT ---       rlabel(21)=p gHYF c1975 a20 t1995;
  INPUT ---       rlabel(22)=p gHYF c1975 a21 t1996;
  INPUT ---       rlabel(23)=p gHYF c1975 a22 t1997;
  INPUT ---       rlabel(24)=p gHYF c1975 a23 t1998;
  INPUT ---       rlabel(25)=p gHYF c1975 a24 t1999;
  INPUT ---       rlabel(26)=p gHYF c1975 a25 t2000;
  INPUT ---       rlabel(27)=p gHYF c1975 a26 t2001;
  INPUT ---       rlabel(28)=p gHYF c1975 a27 t2002;
  INPUT ---       rlabel(29)=p gHYF c1975 a28 t2003;
  INPUT ---       rlabel(30)=p gHYF c1975 a29 t2004;
  INPUT ---       rlabel(31)=p gHYF c1975 a30 t2005;
  INPUT ---       rlabel(32)=p gHYF c1975 a31 t2006;
  INPUT ---       rlabel(33)=p gHYF c1975 a32 t2007;
  INPUT ---       rlabel(34)=p gHYF c1975 a33 t2008;
  INPUT ---       rlabel(35)=p gHYF c1975 a34 t2009;
  INPUT ---       rlabel(36)=p gHYF c1975 a35 t2010;
  INPUT ---       rlabel(37)=p gHYF c1975 a36 t2011;
  INPUT ---       rlabel(38)=p gHYF c1975 a37 t2012;
  INPUT ---       rlabel(39)=p gHYF c1975 a38 t2013;
  INPUT ---       rlabel(40)=p gHYF c1975 a39 t2014;
  INPUT ---       rlabel(41)=p gHYF c1975 a40 t2015;
  INPUT ---       rlabel(42)=p gHYF c1975 a41 t2016;

 Link Function Used is LOGIT        

 Variance Estimation Procedure Used is 2ndPart 
 -2logL(saturated) = 767.53420     
 Effective Sample Size = 14603

 Number of function evaluations was 73 for 42 parameters.
 Time for numerical optimization was 1.48 seconds.

  Program  MARK  - Survival Rate Estimation with Capture-Recapture Data
   gfortran(Win64) Vers. 8.2 Mar 2017   11-Apr-2017 09:07:55    Page  014
 - - - - - - - - - - - - - - - - - - - - - - - - - - - - - - - - - - - - - -
 
 -2logL { Phi(~1)p(~time) } = 4450.7561     
 Penalty { Phi(~1)p(~time) } = -0.0000000    
 Gradient { Phi(~1)p(~time) }:
 -0.4050699E-02-0.6686549E-03 0.2362542E-02 0.3477756E-02-0.4034099E-02
  0.2792660E-02-0.1224124E-02-0.7966808E-03 0.1548499E-02 0.4714111E-04
 -0.8561226E-03 0.3608541E-02-0.8333929E-03 0.7825266E-04-0.3251340E-04
  0.2198373E-02 0.7899969E-03-0.5359661E-04 0.1157035E-02-0.1149363E-02
 -0.3119588E-03 0.5994976E-03 0.8451741E-03-0.5784843E-02 0.1772036E-02
 -0.1041474E-02 0.9780209E-03-0.1512071E-02 0.1688013E-02 0.3318998E-03
  0.5039267E-02-0.4200464E-03-0.3066330E-02-0.4392607E-02-0.1291791E-02
 -0.1906744E-02-0.1923222E-02  0.000000     0.9020295E-05-0.9916108E-03
  0.2484082E-02-0.9284620E-03
 S Vector { Phi(~1)p(~time) }:
   825.1746      73.29060      26.86839      18.46393      17.72782    
   15.54244      15.31784      14.62917      14.46685      14.41377    
   13.90001      13.50110      13.05936      13.02784      12.41211    
   12.12161      11.74264      11.34895      11.24364      10.36684    
   10.06470      9.802734      9.604120      8.837183      7.924815    
   7.337461      6.609768      4.963781      4.038405      3.770802    
   3.730289      3.055971      2.890991      2.857052      2.041332    
   1.938603      1.876161      1.043567     0.9811763     0.9756486    
  0.3126780E-05 0.1655277E-06
 Time to compute number of parameters was 1.12 seconds.
   Threshold =  0.8600000E-06     Condition index =  0.2005972E-09     New Threshold =  0.1072742E-05
 New Guessimate of Estimated Parameters { Phi(~1)p(~time) } = 40          
 Conditioned S Vector { Phi(~1)p(~time) }:
   1.000000     0.8881829E-01 0.3256086E-01 0.2237578E-01 0.2148372E-01
  0.1883533E-01 0.1856314E-01 0.1772858E-01 0.1753186E-01 0.1746754E-01
  0.1684493E-01 0.1636151E-01 0.1582618E-01 0.1578798E-01 0.1504180E-01
  0.1468975E-01 0.1423050E-01 0.1375339E-01 0.1362577E-01 0.1256321E-01
  0.1219706E-01 0.1187959E-01 0.1163890E-01 0.1070947E-01 0.9603804E-02
  0.8892011E-02 0.8010145E-02 0.6015432E-02 0.4894001E-02 0.4569702E-02
  0.4520606E-02 0.3703423E-02 0.3503490E-02 0.3462360E-02 0.2473819E-02
  0.2349325E-02 0.2273653E-02 0.1264662E-02 0.1189053E-02 0.1182354E-02
  0.3789234E-08 0.2005972E-09
 Number of Estimated Parameters { Phi(~1)p(~time) } = 40          
 DEVIANCE { Phi(~1)p(~time) } = 3683.2219                     
 DEVIANCE Degrees of Freedom { Phi(~1)p(~time) } = 87            
 c-hat { Phi(~1)p(~time) } = 42.335883                     
 AIC { Phi(~1)p(~time) } = 4530.7561                  
 AICc { Phi(~1)p(~time) } = 4530.9813                    
 BIC { Phi(~1)p(~time) } = 4834.3153                    
 Pearson Chisquare { Phi(~1)p(~time) } = 0.3109403E+009             


                     LOGIT Link Function Parameters of { Phi(~1)p(~time) }
                                                              95% Confidence Interval
 Parameter                    Beta         Standard Error      Lower           Upper
 -------------------------  --------------  --------------  --------------  --------------
    1:Phi:(Intercept)       -0.4369857      0.0790572       -0.5919377      -0.2820336    
    2:p:(Intercept)         -13.625705      0.0000000       -13.625705      -13.625705    
    3:p:time1977            9.2768418       0.0000000       9.2768418       9.2768418     
    4:p:time1978            10.458595       0.0000000       10.458595       10.458595     
    5:p:time1979            10.097265       0.0000000       10.097265       10.097265     
    6:p:time1980            9.6681858       0.0000000       9.6681858       9.6681858     
    7:p:time1981            9.0763749       0.0000000       9.0763749       9.0763749     

  Program  MARK  - Survival Rate Estimation with Capture-Recapture Data
   gfortran(Win64) Vers. 8.2 Mar 2017   11-Apr-2017 09:07:55    Page  015
 - - - - - - - - - - - - - - - - - - - - - - - - - - - - - - - - - - - - - -
 
    8:p:time1982            10.188926       0.0000000       10.188926       10.188926     
    9:p:time1983            10.796944       0.0000000       10.796944       10.796944     
   10:p:time1984            10.919589       0.0000000       10.919589       10.919589     
   11:p:time1985            10.923276       0.0000000       10.923276       10.923276     
   12:p:time1986            10.937672       0.0000000       10.937672       10.937672     
   13:p:time1987            10.802564       0.0000000       10.802564       10.802564     
   14:p:time1988            9.8041276       0.0000000       9.8041276       9.8041276     
   15:p:time1989            10.532940       0.0000000       10.532940       10.532940     
   16:p:time1990            10.348589       0.0000000       10.348589       10.348589     
   17:p:time1991            10.741280       0.0000000       10.741280       10.741280     
   18:p:time1992            9.5253476       0.0000000       9.5253476       9.5253476     
   19:p:time1993            10.112779       0.0000000       10.112779       10.112779     
   20:p:time1994            10.184586       0.0000000       10.184586       10.184586     
   21:p:time1995            10.713945       0.0000000       10.713945       10.713945     
   22:p:time1996            10.570279       0.0000000       10.570279       10.570279     
   23:p:time1997            10.642857       0.0000000       10.642857       10.642857     
   24:p:time1998            10.490541       0.0000000       10.490541       10.490541     
   25:p:time1999            11.148503       0.0000000       11.148503       11.148503     
   26:p:time2000            10.608998       0.0000000       10.608998       10.608998     
   27:p:time2001            10.688982       0.0000000       10.688982       10.688982     
   28:p:time2002            10.711886       0.0000000       10.711886       10.711886     
   29:p:time2003            10.820162       0.0000000       10.820162       10.820162     
   30:p:time2004            10.578876       0.0000000       10.578876       10.578876     
   31:p:time2005            10.497802       0.0000000       10.497802       10.497802     
   32:p:time2006            11.035959       0.0000000       11.035959       11.035959     
   33:p:time2007            10.792645       0.0000000       10.792645       10.792645     
   34:p:time2008            9.7163899       0.0000000       9.7163899       9.7163899     
   35:p:time2009            10.397297       0.0000000       10.397297       10.397297     
   36:p:time2010            9.9803256       0.0000000       9.9803256       9.9803256     
   37:p:time2011            9.6053530       0.0000000       9.6053530       9.6053530     
   38:p:time2012            -7.3502253      2456.9273       -4822.9278      4808.2274     
   39:p:time2013            9.4265195       0.0000000       9.4265195       9.4265195     
   40:p:time2014            10.441546       0.0000000       10.441546       10.441546     
   41:p:time2015            12.048548       0.0000000       12.048548       12.048548     
   42:p:time2016            11.196547       0.0000000       11.196547       11.196547     


                     Real Function Parameters of { Phi(~1)p(~time) }
                                                               95% Confidence Interval
  Parameter                  Estimate       Standard Error      Lower           Upper
 --------------------------  --------------  --------------  --------------  --------------
     1:Phi gHYF c1975 a0 t1  0.3924595       0.0188500       0.3561904       0.4299553                           
     2:p gHYF c1975 a1 t197  0.1209013E-005  0.0000000       0.1209013E-005  0.1209013E-005                      
     3:p gHYF c1975 a2 t197  0.0127567       0.0127327       0.0017781       0.0857027                           
     4:p gHYF c1975 a3 t197  0.0404224       0.0202378       0.0149241       0.1048482                           
     5:p gHYF c1975 a4 t197  0.0285138       0.0165210       0.0090365       0.0863153                           

  Program  MARK  - Survival Rate Estimation with Capture-Recapture Data
   gfortran(Win64) Vers. 8.2 Mar 2017   11-Apr-2017 09:07:55    Page  016
 - - - - - - - - - - - - - - - - - - - - - - - - - - - - - - - - - - - - - -
 
     6:p gHYF c1975 a5 t198  0.0187521       0.0132835       0.0046212       0.0729270                           
     7:p gHYF c1975 a6 t198  0.0104636       0.0104841       0.0014512       0.0714425                           
     8:p gHYF c1975 a7 t198  0.0311656       0.0156476       0.0115152       0.0815815                           
     9:p gHYF c1975 a8 t198  0.0557896       0.0170245       0.0304069       0.1001719                           
    10:p gHYF c1975 a9 t198  0.0626134       0.0160249       0.0376424       0.1023871                           
    11:p gHYF c1975 a10 t19  0.0628302       0.0162296       0.0375917       0.1031965                           
    12:p gHYF c1975 a11 t19  0.0636832       0.0164973       0.0380409       0.1047285                           
    13:p gHYF c1975 a12 t19  0.0560864       0.0160645       0.0317410       0.0972295                           
    14:p gHYF c1975 a13 t19  0.0214242       0.0096912       0.0087701       0.0513897                           
    15:p gHYF c1975 a14 t19  0.0434067       0.0128335       0.0241612       0.0767760                           
    16:p gHYF c1975 a15 t19  0.0363646       0.0107486       0.0202665       0.0644094                           
    17:p gHYF c1975 a16 t19  0.0529289       0.0123322       0.0333551       0.0830028                           
    18:p gHYF c1975 a17 t19  0.0162968       0.0058533       0.0080341       0.0327765                           
    19:p gHYF c1975 a18 t19  0.0289467       0.0079958       0.0167830       0.0494825                           
    20:p gHYF c1975 a19 t19  0.0310348       0.0089206       0.0175923       0.0541824                           
    21:p gHYF c1975 a20 t19  0.0515753       0.0150846       0.0288551       0.0905176                           
    22:p gHYF c1975 a21 t19  0.0449838       0.0120214       0.0264966       0.0753713                           
    23:p gHYF c1975 a22 t19  0.0482068       0.0121491       0.0292603       0.0784302                           
    24:p gHYF c1975 a23 t19  0.0416798       0.0096786       0.0263368       0.0653613                           
    25:p gHYF c1975 a24 t19  0.0774719       0.0148097       0.0529831       0.1119416                           
    26:p gHYF c1975 a25 t20  0.0466768       0.0130677       0.0267972       0.0800905                           
    27:p gHYF c1975 a26 t20  0.0503678       0.0140071       0.0290092       0.0860582                           
    28:p gHYF c1975 a27 t20  0.0514746       0.0133548       0.0307710       0.0848882                           
    29:p gHYF c1975 a28 t20  0.0570253       0.0144307       0.0345052       0.0928304                           
    30:p gHYF c1975 a29 t20  0.0453546       0.0141311       0.0244465       0.0826299                           
    31:p gHYF c1975 a30 t20  0.0419708       0.0162654       0.0194406       0.0882615                           
    32:p gHYF c1975 a31 t20  0.0698013       0.0216761       0.0375403       0.1261524                           
    33:p gHYF c1975 a32 t20  0.0555636       0.0200540       0.0270648       0.1106579                           
    34:p gHYF c1975 a33 t20  0.0196600       0.0114318       0.0062316       0.0602696                           
    35:p gHYF c1975 a34 t20  0.0381106       0.0192903       0.0139284       0.1000189                           
    36:p gHYF c1975 a35 t20  0.0254470       0.0147784       0.0080550       0.0774586                           
    37:p gHYF c1975 a36 t20  0.0176302       0.0125190       0.0043332       0.0689071                           
    38:p gHYF c1975 a37 t20  0.7767283E-009  0.1915830E-005  -.3754250E-005  0.3755803E-005                      
    39:p gHYF c1975 a38 t20  0.0147859       0.0148254       0.0020377       0.0993511                           
    40:p gHYF c1975 a39 t20  0.0397662       0.0282708       0.0096102       0.1501988                           
    41:p gHYF c1975 a40 t20  0.1711985       0.0497625       0.0941014       0.2911594                           
    42:p gHYF c1975 a41 t20  0.0809761       0.0246177       0.0440440       0.1442052                           

 Attempted ordering of parameters by estimatibility:
   1  2 25 24 17 23 29 28 11 10 12 22 19 26 27 20 13 21 16 15 30  9 32 42 41
  18 33 31 14  8 35  4 34 36  5 37  6 40  7  3 39 38
 Beta number 38 is a singular value.

     CPU Time in seconds for last procedure was 2.66

  Program  MARK  - Survival Rate Estimation with Capture-Recapture Data
   gfortran(Win64) Vers. 8.2 Mar 2017   11-Apr-2017 09:07:55    Page  017
 - - - - - - - - - - - - - - - - - - - - - - - - - - - - - - - - - - - - - -
 


  INPUT --- proc stop;

     CPU Time in minutes for this job was 0.05

     Time Start = 09:07:54.273   Time End = 09:07:55.824

     Wall Clock Time in minutes for this job was 0.03


          E X E C U T I O N   S U C C E S S F U L 
